[2026-02-14T18:04:37.123+0000] {local_task_job_runner.py:123} INFO - ::group::Pre task execution logs
[2026-02-14T18:04:37.136+0000] {taskinstance.py:2614} INFO - Dependencies all met for dep_context=non-requeueable deps ti=<TaskInstance: load_postgres.load_csv_to_postgres scheduled__2026-02-08T10:00:00+00:00 [queued]>
[2026-02-14T18:04:37.141+0000] {taskinstance.py:2614} INFO - Dependencies all met for dep_context=requeueable deps ti=<TaskInstance: load_postgres.load_csv_to_postgres scheduled__2026-02-08T10:00:00+00:00 [queued]>
[2026-02-14T18:04:37.141+0000] {taskinstance.py:2867} INFO - Starting attempt 1 of 4
[2026-02-14T18:04:37.148+0000] {taskinstance.py:2890} INFO - Executing <Task(PythonOperator): load_csv_to_postgres> on 2026-02-08 10:00:00+00:00
[2026-02-14T18:04:37.153+0000] {standard_task_runner.py:72} INFO - Started process 1027 to run task
[2026-02-14T18:04:37.154+0000] {standard_task_runner.py:104} INFO - Running: ['***', 'tasks', 'run', 'load_postgres', 'load_csv_to_postgres', 'scheduled__2026-02-08T10:00:00+00:00', '--job-id', '240', '--raw', '--subdir', 'DAGS_FOLDER/load_postrges.py', '--cfg-path', '/tmp/tmpjgud8kcz']
[2026-02-14T18:04:37.156+0000] {standard_task_runner.py:105} INFO - Job 240: Subtask load_csv_to_postgres
[2026-02-14T18:04:37.165+0000] {warnings.py:109} WARNING - /home/***/.local/lib/python3.9/site-packages/***/settings.py:209: DeprecationWarning: The sql_alchemy_conn option in [core] has been moved to the sql_alchemy_conn option in [database] - the old setting has been used, but please update your config.
  SQL_ALCHEMY_CONN = conf.get("database", "SQL_ALCHEMY_CONN")

[2026-02-14T18:04:37.187+0000] {task_command.py:467} INFO - Running <TaskInstance: load_postgres.load_csv_to_postgres scheduled__2026-02-08T10:00:00+00:00 [running]> on host 9052c134cdec
[2026-02-14T18:04:37.187+0000] {warnings.py:109} WARNING - /home/***/.local/lib/python3.9/site-packages/***/settings.py:470: DeprecationWarning: The sql_alchemy_conn option in [core] has been moved to the sql_alchemy_conn option in [database] - the old setting has been used, but please update your config.
  if conf.get("database", "sql_alchemy_conn") == "none://":

[2026-02-14T18:04:37.231+0000] {taskinstance.py:3134} INFO - Exporting env vars: AIRFLOW_CTX_DAG_OWNER='a.sorokin' AIRFLOW_CTX_DAG_ID='load_postgres' AIRFLOW_CTX_TASK_ID='load_csv_to_postgres' AIRFLOW_CTX_EXECUTION_DATE='2026-02-08T10:00:00+00:00' AIRFLOW_CTX_TRY_NUMBER='1' AIRFLOW_CTX_DAG_RUN_ID='scheduled__2026-02-08T10:00:00+00:00'
[2026-02-14T18:04:37.231+0000] {taskinstance.py:732} INFO - ::endgroup::
[2026-02-14T18:04:37.318+0000] {taskinstance.py:3313} ERROR - Task failed with exception
Traceback (most recent call last):
  File "/home/airflow/.local/lib/python3.9/site-packages/airflow/models/taskinstance.py", line 768, in _execute_task
    result = _execute_callable(context=context, **execute_callable_kwargs)
  File "/home/airflow/.local/lib/python3.9/site-packages/airflow/models/taskinstance.py", line 734, in _execute_callable
    return ExecutionCallableRunner(
  File "/home/airflow/.local/lib/python3.9/site-packages/airflow/utils/operator_helpers.py", line 252, in run
    return self.func(*args, **kwargs)
  File "/home/airflow/.local/lib/python3.9/site-packages/airflow/models/baseoperator.py", line 424, in wrapper
    return func(self, *args, **kwargs)
  File "/home/airflow/.local/lib/python3.9/site-packages/airflow/operators/python.py", line 238, in execute
    return_value = self.execute_callable()
  File "/home/airflow/.local/lib/python3.9/site-packages/airflow/operators/python.py", line 256, in execute_callable
    return runner.run(*self.op_args, **self.op_kwargs)
  File "/home/airflow/.local/lib/python3.9/site-packages/airflow/utils/operator_helpers.py", line 252, in run
    return self.func(*args, **kwargs)
  File "/opt/airflow/dags/load_postrges.py", line 57, in load_csv_to_postgres
    df.to_sql(table_name, hook.get_sqlalchemy_engine(), if_exists='append', index=False)
  File "/home/airflow/.local/lib/python3.9/site-packages/airflow/providers/common/sql/hooks/sql.py", line 253, in get_sqlalchemy_engine
    url = self.sqlalchemy_url
  File "/home/airflow/.local/lib/python3.9/site-packages/airflow/providers/postgres/hooks/postgres.py", line 112, in sqlalchemy_url
    conn = self.connection
  File "/home/airflow/.local/lib/python3.9/site-packages/airflow/providers/common/sql/hooks/sql.py", line 180, in connection
    self._connection = self.get_connection(self.get_conn_id())
  File "/home/airflow/.local/lib/python3.9/site-packages/airflow/hooks/base.py", line 83, in get_connection
    conn = Connection.get_connection_from_secrets(conn_id)
  File "/home/airflow/.local/lib/python3.9/site-packages/airflow/models/connection.py", line 537, in get_connection_from_secrets
    raise AirflowNotFoundException(f"The conn_id `{conn_id}` isn't defined")
airflow.exceptions.AirflowNotFoundException: The conn_id `postgres_default` isn't defined
[2026-02-14T18:04:37.322+0000] {taskinstance.py:1226} INFO - Marking task as UP_FOR_RETRY. dag_id=load_postgres, task_id=load_csv_to_postgres, run_id=scheduled__2026-02-08T10:00:00+00:00, execution_date=20260208T100000, start_date=20260214T180437, end_date=20260214T180437
[2026-02-14T18:04:37.340+0000] {taskinstance.py:341} INFO - ::group::Post task execution logs
[2026-02-14T18:04:37.340+0000] {standard_task_runner.py:124} ERROR - Failed to execute job 240 for task load_csv_to_postgres (The conn_id `postgres_default` isn't defined; 1027)
Traceback (most recent call last):
  File "/home/airflow/.local/lib/python3.9/site-packages/airflow/task/task_runner/standard_task_runner.py", line 117, in _start_by_fork
    ret = args.func(args, dag=self.dag)
  File "/home/airflow/.local/lib/python3.9/site-packages/airflow/cli/cli_config.py", line 49, in command
    return func(*args, **kwargs)
  File "/home/airflow/.local/lib/python3.9/site-packages/airflow/utils/cli.py", line 116, in wrapper
    return f(*args, **kwargs)
  File "/home/airflow/.local/lib/python3.9/site-packages/airflow/cli/commands/task_command.py", line 483, in task_run
    task_return_code = _run_task_by_selected_method(args, _dag, ti)
  File "/home/airflow/.local/lib/python3.9/site-packages/airflow/cli/commands/task_command.py", line 256, in _run_task_by_selected_method
    return _run_raw_task(args, ti)
  File "/home/airflow/.local/lib/python3.9/site-packages/airflow/cli/commands/task_command.py", line 341, in _run_raw_task
    return ti._run_raw_task(
  File "/home/airflow/.local/lib/python3.9/site-packages/airflow/utils/session.py", line 97, in wrapper
    return func(*args, session=session, **kwargs)
  File "/home/airflow/.local/lib/python3.9/site-packages/airflow/models/taskinstance.py", line 3006, in _run_raw_task
    return _run_raw_task(
  File "/home/airflow/.local/lib/python3.9/site-packages/airflow/models/taskinstance.py", line 274, in _run_raw_task
    TaskInstance._execute_task_with_callbacks(
  File "/home/airflow/.local/lib/python3.9/site-packages/airflow/models/taskinstance.py", line 3161, in _execute_task_with_callbacks
    result = self._execute_task(context, task_orig)
  File "/home/airflow/.local/lib/python3.9/site-packages/airflow/models/taskinstance.py", line 3185, in _execute_task
    return _execute_task(self, context, task_orig)
  File "/home/airflow/.local/lib/python3.9/site-packages/airflow/models/taskinstance.py", line 768, in _execute_task
    result = _execute_callable(context=context, **execute_callable_kwargs)
  File "/home/airflow/.local/lib/python3.9/site-packages/airflow/models/taskinstance.py", line 734, in _execute_callable
    return ExecutionCallableRunner(
  File "/home/airflow/.local/lib/python3.9/site-packages/airflow/utils/operator_helpers.py", line 252, in run
    return self.func(*args, **kwargs)
  File "/home/airflow/.local/lib/python3.9/site-packages/airflow/models/baseoperator.py", line 424, in wrapper
    return func(self, *args, **kwargs)
  File "/home/airflow/.local/lib/python3.9/site-packages/airflow/operators/python.py", line 238, in execute
    return_value = self.execute_callable()
  File "/home/airflow/.local/lib/python3.9/site-packages/airflow/operators/python.py", line 256, in execute_callable
    return runner.run(*self.op_args, **self.op_kwargs)
  File "/home/airflow/.local/lib/python3.9/site-packages/airflow/utils/operator_helpers.py", line 252, in run
    return self.func(*args, **kwargs)
  File "/opt/airflow/dags/load_postrges.py", line 57, in load_csv_to_postgres
    df.to_sql(table_name, hook.get_sqlalchemy_engine(), if_exists='append', index=False)
  File "/home/airflow/.local/lib/python3.9/site-packages/airflow/providers/common/sql/hooks/sql.py", line 253, in get_sqlalchemy_engine
    url = self.sqlalchemy_url
  File "/home/airflow/.local/lib/python3.9/site-packages/airflow/providers/postgres/hooks/postgres.py", line 112, in sqlalchemy_url
    conn = self.connection
  File "/home/airflow/.local/lib/python3.9/site-packages/airflow/providers/common/sql/hooks/sql.py", line 180, in connection
    self._connection = self.get_connection(self.get_conn_id())
  File "/home/airflow/.local/lib/python3.9/site-packages/airflow/hooks/base.py", line 83, in get_connection
    conn = Connection.get_connection_from_secrets(conn_id)
  File "/home/airflow/.local/lib/python3.9/site-packages/airflow/models/connection.py", line 537, in get_connection_from_secrets
    raise AirflowNotFoundException(f"The conn_id `{conn_id}` isn't defined")
airflow.exceptions.AirflowNotFoundException: The conn_id `postgres_default` isn't defined
[2026-02-14T18:04:37.366+0000] {local_task_job_runner.py:266} INFO - Task exited with return code 1
[2026-02-14T18:04:37.382+0000] {taskinstance.py:3901} INFO - 0 downstream tasks scheduled from follow-on schedule check
[2026-02-14T18:04:37.384+0000] {local_task_job_runner.py:245} INFO - ::endgroup::
[2026-02-14T18:18:32.597+0000] {local_task_job_runner.py:123} INFO - ::group::Pre task execution logs
[2026-02-14T18:18:32.609+0000] {taskinstance.py:2614} INFO - Dependencies all met for dep_context=non-requeueable deps ti=<TaskInstance: load_postgres.load_csv_to_postgres scheduled__2026-02-08T10:00:00+00:00 [queued]>
[2026-02-14T18:18:32.615+0000] {taskinstance.py:2614} INFO - Dependencies all met for dep_context=requeueable deps ti=<TaskInstance: load_postgres.load_csv_to_postgres scheduled__2026-02-08T10:00:00+00:00 [queued]>
[2026-02-14T18:18:32.615+0000] {taskinstance.py:2867} INFO - Starting attempt 1 of 4
[2026-02-14T18:18:32.621+0000] {taskinstance.py:2890} INFO - Executing <Task(PythonOperator): load_csv_to_postgres> on 2026-02-08 10:00:00+00:00
[2026-02-14T18:18:32.626+0000] {standard_task_runner.py:72} INFO - Started process 779 to run task
[2026-02-14T18:18:32.628+0000] {standard_task_runner.py:104} INFO - Running: ['***', 'tasks', 'run', 'load_postgres', 'load_csv_to_postgres', 'scheduled__2026-02-08T10:00:00+00:00', '--job-id', '178', '--raw', '--subdir', 'DAGS_FOLDER/load_postrges.py', '--cfg-path', '/tmp/tmpw2_3jmwb']
[2026-02-14T18:18:32.631+0000] {standard_task_runner.py:105} INFO - Job 178: Subtask load_csv_to_postgres
[2026-02-14T18:18:32.640+0000] {warnings.py:109} WARNING - /home/***/.local/lib/python3.9/site-packages/***/settings.py:209: DeprecationWarning: The sql_alchemy_conn option in [core] has been moved to the sql_alchemy_conn option in [database] - the old setting has been used, but please update your config.
  SQL_ALCHEMY_CONN = conf.get("database", "SQL_ALCHEMY_CONN")

[2026-02-14T18:18:32.662+0000] {task_command.py:467} INFO - Running <TaskInstance: load_postgres.load_csv_to_postgres scheduled__2026-02-08T10:00:00+00:00 [running]> on host bb762b62a2c2
[2026-02-14T18:18:32.662+0000] {warnings.py:109} WARNING - /home/***/.local/lib/python3.9/site-packages/***/settings.py:470: DeprecationWarning: The sql_alchemy_conn option in [core] has been moved to the sql_alchemy_conn option in [database] - the old setting has been used, but please update your config.
  if conf.get("database", "sql_alchemy_conn") == "none://":

[2026-02-14T18:18:32.709+0000] {taskinstance.py:3134} INFO - Exporting env vars: AIRFLOW_CTX_DAG_OWNER='a.sorokin' AIRFLOW_CTX_DAG_ID='load_postgres' AIRFLOW_CTX_TASK_ID='load_csv_to_postgres' AIRFLOW_CTX_EXECUTION_DATE='2026-02-08T10:00:00+00:00' AIRFLOW_CTX_TRY_NUMBER='1' AIRFLOW_CTX_DAG_RUN_ID='scheduled__2026-02-08T10:00:00+00:00'
[2026-02-14T18:18:32.710+0000] {taskinstance.py:732} INFO - ::endgroup::
[2026-02-14T18:18:32.782+0000] {base.py:84} INFO - Retrieving connection '***-db'
[2026-02-14T18:18:34.072+0000] {logging_mixin.py:190} INFO - Данные успешно загружены в таблицу raw_data
[2026-02-14T18:18:34.074+0000] {python.py:240} INFO - Done. Returned value was: None
[2026-02-14T18:18:34.081+0000] {taskinstance.py:341} INFO - ::group::Post task execution logs
[2026-02-14T18:18:34.081+0000] {taskinstance.py:353} INFO - Marking task as SUCCESS. dag_id=load_***, task_id=load_csv_to_***, run_id=scheduled__2026-02-08T10:00:00+00:00, execution_date=20260208T100000, start_date=20260214T181832, end_date=20260214T181834
[2026-02-14T18:18:34.123+0000] {local_task_job_runner.py:266} INFO - Task exited with return code 0
[2026-02-14T18:18:34.137+0000] {taskinstance.py:3901} INFO - 0 downstream tasks scheduled from follow-on schedule check
[2026-02-14T18:18:34.138+0000] {local_task_job_runner.py:245} INFO - ::endgroup::
[2026-02-16T15:48:30.584+0000] {local_task_job_runner.py:123} INFO - ::group::Pre task execution logs
[2026-02-16T15:48:30.596+0000] {taskinstance.py:2614} INFO - Dependencies all met for dep_context=non-requeueable deps ti=<TaskInstance: load_postgres.load_csv_to_postgres scheduled__2026-02-08T10:00:00+00:00 [queued]>
[2026-02-16T15:48:30.601+0000] {taskinstance.py:2614} INFO - Dependencies all met for dep_context=requeueable deps ti=<TaskInstance: load_postgres.load_csv_to_postgres scheduled__2026-02-08T10:00:00+00:00 [queued]>
[2026-02-16T15:48:30.601+0000] {taskinstance.py:2867} INFO - Starting attempt 1 of 4
[2026-02-16T15:48:30.607+0000] {taskinstance.py:2890} INFO - Executing <Task(PythonOperator): load_csv_to_postgres> on 2026-02-08 10:00:00+00:00
[2026-02-16T15:48:30.611+0000] {standard_task_runner.py:72} INFO - Started process 971 to run task
[2026-02-16T15:48:30.613+0000] {standard_task_runner.py:104} INFO - Running: ['***', 'tasks', 'run', 'load_postgres', 'load_csv_to_postgres', 'scheduled__2026-02-08T10:00:00+00:00', '--job-id', '226', '--raw', '--subdir', 'DAGS_FOLDER/load_postrges.py', '--cfg-path', '/tmp/tmp8k_jwe4c']
[2026-02-16T15:48:30.615+0000] {standard_task_runner.py:105} INFO - Job 226: Subtask load_csv_to_postgres
[2026-02-16T15:48:30.623+0000] {warnings.py:109} WARNING - /home/***/.local/lib/python3.9/site-packages/***/settings.py:209: DeprecationWarning: The sql_alchemy_conn option in [core] has been moved to the sql_alchemy_conn option in [database] - the old setting has been used, but please update your config.
  SQL_ALCHEMY_CONN = conf.get("database", "SQL_ALCHEMY_CONN")

[2026-02-16T15:48:30.647+0000] {task_command.py:467} INFO - Running <TaskInstance: load_postgres.load_csv_to_postgres scheduled__2026-02-08T10:00:00+00:00 [running]> on host 6ef9a94e694d
[2026-02-16T15:48:30.648+0000] {warnings.py:109} WARNING - /home/***/.local/lib/python3.9/site-packages/***/settings.py:470: DeprecationWarning: The sql_alchemy_conn option in [core] has been moved to the sql_alchemy_conn option in [database] - the old setting has been used, but please update your config.
  if conf.get("database", "sql_alchemy_conn") == "none://":

[2026-02-16T15:48:30.691+0000] {taskinstance.py:3134} INFO - Exporting env vars: AIRFLOW_CTX_DAG_OWNER='a.sorokin' AIRFLOW_CTX_DAG_ID='load_postgres' AIRFLOW_CTX_TASK_ID='load_csv_to_postgres' AIRFLOW_CTX_EXECUTION_DATE='2026-02-08T10:00:00+00:00' AIRFLOW_CTX_TRY_NUMBER='1' AIRFLOW_CTX_DAG_RUN_ID='scheduled__2026-02-08T10:00:00+00:00'
[2026-02-16T15:48:30.692+0000] {taskinstance.py:732} INFO - ::endgroup::
[2026-02-16T15:48:30.765+0000] {base.py:84} INFO - Retrieving connection '***-db'
[2026-02-16T15:48:31.918+0000] {logging_mixin.py:190} INFO - Данные успешно загружены в таблицу raw_data
[2026-02-16T15:48:31.920+0000] {python.py:240} INFO - Done. Returned value was: None
[2026-02-16T15:48:31.926+0000] {taskinstance.py:341} INFO - ::group::Post task execution logs
[2026-02-16T15:48:31.926+0000] {taskinstance.py:353} INFO - Marking task as SUCCESS. dag_id=load_***, task_id=load_csv_to_***, run_id=scheduled__2026-02-08T10:00:00+00:00, execution_date=20260208T100000, start_date=20260216T154830, end_date=20260216T154831
[2026-02-16T15:48:31.989+0000] {local_task_job_runner.py:266} INFO - Task exited with return code 0
[2026-02-16T15:48:32.000+0000] {taskinstance.py:3901} INFO - 0 downstream tasks scheduled from follow-on schedule check
[2026-02-16T15:48:32.002+0000] {local_task_job_runner.py:245} INFO - ::endgroup::
