[2026-02-14T16:33:04.912+0000] {local_task_job_runner.py:123} INFO - ::group::Pre task execution logs
[2026-02-14T16:33:04.929+0000] {taskinstance.py:2614} INFO - Dependencies all met for dep_context=non-requeueable deps ti=<TaskInstance: parse_iot.clean_data scheduled__2026-02-06T10:00:00+00:00 [queued]>
[2026-02-14T16:33:04.936+0000] {taskinstance.py:2614} INFO - Dependencies all met for dep_context=requeueable deps ti=<TaskInstance: parse_iot.clean_data scheduled__2026-02-06T10:00:00+00:00 [queued]>
[2026-02-14T16:33:04.936+0000] {taskinstance.py:2867} INFO - Starting attempt 1 of 4
[2026-02-14T16:33:04.942+0000] {taskinstance.py:2890} INFO - Executing <Task(PythonOperator): clean_data> on 2026-02-06 10:00:00+00:00
[2026-02-14T16:33:04.947+0000] {standard_task_runner.py:72} INFO - Started process 475 to run task
[2026-02-14T16:33:04.949+0000] {standard_task_runner.py:104} INFO - Running: ['***', 'tasks', 'run', 'parse_iot', 'clean_data', 'scheduled__2026-02-06T10:00:00+00:00', '--job-id', '102', '--raw', '--subdir', 'DAGS_FOLDER/parse_iot.py', '--cfg-path', '/tmp/tmp_vw4thxd']
[2026-02-14T16:33:04.951+0000] {standard_task_runner.py:105} INFO - Job 102: Subtask clean_data
[2026-02-14T16:33:04.959+0000] {warnings.py:109} WARNING - /home/***/.local/lib/python3.9/site-packages/***/settings.py:209: DeprecationWarning: The sql_alchemy_conn option in [core] has been moved to the sql_alchemy_conn option in [database] - the old setting has been used, but please update your config.
  SQL_ALCHEMY_CONN = conf.get("database", "SQL_ALCHEMY_CONN")

[2026-02-14T16:33:04.980+0000] {task_command.py:467} INFO - Running <TaskInstance: parse_iot.clean_data scheduled__2026-02-06T10:00:00+00:00 [running]> on host a5c4ed865bb5
[2026-02-14T16:33:04.980+0000] {warnings.py:109} WARNING - /home/***/.local/lib/python3.9/site-packages/***/settings.py:470: DeprecationWarning: The sql_alchemy_conn option in [core] has been moved to the sql_alchemy_conn option in [database] - the old setting has been used, but please update your config.
  if conf.get("database", "sql_alchemy_conn") == "none://":

[2026-02-14T16:33:05.023+0000] {taskinstance.py:3134} INFO - Exporting env vars: AIRFLOW_CTX_DAG_OWNER='a.sorokin' AIRFLOW_CTX_DAG_ID='parse_iot' AIRFLOW_CTX_TASK_ID='clean_data' AIRFLOW_CTX_EXECUTION_DATE='2026-02-06T10:00:00+00:00' AIRFLOW_CTX_TRY_NUMBER='1' AIRFLOW_CTX_DAG_RUN_ID='scheduled__2026-02-06T10:00:00+00:00'
[2026-02-14T16:33:05.024+0000] {taskinstance.py:732} INFO - ::endgroup::
[2026-02-14T16:33:13.283+0000] {python.py:240} INFO - Done. Returned value was: None
[2026-02-14T16:33:13.290+0000] {taskinstance.py:341} INFO - ::group::Post task execution logs
[2026-02-14T16:33:13.290+0000] {taskinstance.py:353} INFO - Marking task as SUCCESS. dag_id=parse_iot, task_id=clean_data, run_id=scheduled__2026-02-06T10:00:00+00:00, execution_date=20260206T100000, start_date=20260214T163304, end_date=20260214T163313
[2026-02-14T16:33:13.452+0000] {local_task_job_runner.py:266} INFO - Task exited with return code 0
[2026-02-14T16:33:13.473+0000] {taskinstance.py:3901} INFO - 0 downstream tasks scheduled from follow-on schedule check
[2026-02-14T16:33:13.474+0000] {local_task_job_runner.py:245} INFO - ::endgroup::
[2026-02-14T17:50:30.542+0000] {local_task_job_runner.py:123} INFO - ::group::Pre task execution logs
[2026-02-14T17:50:30.558+0000] {taskinstance.py:2614} INFO - Dependencies all met for dep_context=non-requeueable deps ti=<TaskInstance: parse_iot.clean_data scheduled__2026-02-06T10:00:00+00:00 [queued]>
[2026-02-14T17:50:30.565+0000] {taskinstance.py:2614} INFO - Dependencies all met for dep_context=requeueable deps ti=<TaskInstance: parse_iot.clean_data scheduled__2026-02-06T10:00:00+00:00 [queued]>
[2026-02-14T17:50:30.565+0000] {taskinstance.py:2867} INFO - Starting attempt 1 of 4
[2026-02-14T17:50:30.571+0000] {taskinstance.py:2890} INFO - Executing <Task(PythonOperator): clean_data> on 2026-02-06 10:00:00+00:00
[2026-02-14T17:50:30.576+0000] {standard_task_runner.py:72} INFO - Started process 517 to run task
[2026-02-14T17:50:30.578+0000] {standard_task_runner.py:104} INFO - Running: ['***', 'tasks', 'run', 'parse_iot', 'clean_data', 'scheduled__2026-02-06T10:00:00+00:00', '--job-id', '112', '--raw', '--subdir', 'DAGS_FOLDER/parse_iot.py', '--cfg-path', '/tmp/tmphjjmhn88']
[2026-02-14T17:50:30.579+0000] {standard_task_runner.py:105} INFO - Job 112: Subtask clean_data
[2026-02-14T17:50:30.588+0000] {warnings.py:109} WARNING - /home/***/.local/lib/python3.9/site-packages/***/settings.py:209: DeprecationWarning: The sql_alchemy_conn option in [core] has been moved to the sql_alchemy_conn option in [database] - the old setting has been used, but please update your config.
  SQL_ALCHEMY_CONN = conf.get("database", "SQL_ALCHEMY_CONN")

[2026-02-14T17:50:30.610+0000] {task_command.py:467} INFO - Running <TaskInstance: parse_iot.clean_data scheduled__2026-02-06T10:00:00+00:00 [running]> on host 9052c134cdec
[2026-02-14T17:50:30.610+0000] {warnings.py:109} WARNING - /home/***/.local/lib/python3.9/site-packages/***/settings.py:470: DeprecationWarning: The sql_alchemy_conn option in [core] has been moved to the sql_alchemy_conn option in [database] - the old setting has been used, but please update your config.
  if conf.get("database", "sql_alchemy_conn") == "none://":

[2026-02-14T17:50:30.659+0000] {taskinstance.py:3134} INFO - Exporting env vars: AIRFLOW_CTX_DAG_OWNER='a.sorokin' AIRFLOW_CTX_DAG_ID='parse_iot' AIRFLOW_CTX_TASK_ID='clean_data' AIRFLOW_CTX_EXECUTION_DATE='2026-02-06T10:00:00+00:00' AIRFLOW_CTX_TRY_NUMBER='1' AIRFLOW_CTX_DAG_RUN_ID='scheduled__2026-02-06T10:00:00+00:00'
[2026-02-14T17:50:30.660+0000] {taskinstance.py:732} INFO - ::endgroup::
[2026-02-14T17:50:39.605+0000] {python.py:240} INFO - Done. Returned value was: None
[2026-02-14T17:50:39.613+0000] {taskinstance.py:341} INFO - ::group::Post task execution logs
[2026-02-14T17:50:39.613+0000] {taskinstance.py:353} INFO - Marking task as SUCCESS. dag_id=parse_iot, task_id=clean_data, run_id=scheduled__2026-02-06T10:00:00+00:00, execution_date=20260206T100000, start_date=20260214T175030, end_date=20260214T175039
[2026-02-14T17:50:39.843+0000] {local_task_job_runner.py:266} INFO - Task exited with return code 0
[2026-02-14T17:50:39.849+0000] {local_task_job_runner.py:245} INFO - ::endgroup::
[2026-02-14T18:15:19.447+0000] {local_task_job_runner.py:123} INFO - ::group::Pre task execution logs
[2026-02-14T18:15:19.465+0000] {taskinstance.py:2614} INFO - Dependencies all met for dep_context=non-requeueable deps ti=<TaskInstance: parse_iot.clean_data scheduled__2026-02-06T10:00:00+00:00 [queued]>
[2026-02-14T18:15:19.471+0000] {taskinstance.py:2614} INFO - Dependencies all met for dep_context=requeueable deps ti=<TaskInstance: parse_iot.clean_data scheduled__2026-02-06T10:00:00+00:00 [queued]>
[2026-02-14T18:15:19.471+0000] {taskinstance.py:2867} INFO - Starting attempt 1 of 4
[2026-02-14T18:15:19.478+0000] {taskinstance.py:2890} INFO - Executing <Task(PythonOperator): clean_data> on 2026-02-06 10:00:00+00:00
[2026-02-14T18:15:19.483+0000] {standard_task_runner.py:72} INFO - Started process 395 to run task
[2026-02-14T18:15:19.485+0000] {standard_task_runner.py:104} INFO - Running: ['***', 'tasks', 'run', 'parse_iot', 'clean_data', 'scheduled__2026-02-06T10:00:00+00:00', '--job-id', '82', '--raw', '--subdir', 'DAGS_FOLDER/parse_iot.py', '--cfg-path', '/tmp/tmp8_qgg7k5']
[2026-02-14T18:15:19.486+0000] {standard_task_runner.py:105} INFO - Job 82: Subtask clean_data
[2026-02-14T18:15:19.495+0000] {warnings.py:109} WARNING - /home/***/.local/lib/python3.9/site-packages/***/settings.py:209: DeprecationWarning: The sql_alchemy_conn option in [core] has been moved to the sql_alchemy_conn option in [database] - the old setting has been used, but please update your config.
  SQL_ALCHEMY_CONN = conf.get("database", "SQL_ALCHEMY_CONN")

[2026-02-14T18:15:19.517+0000] {task_command.py:467} INFO - Running <TaskInstance: parse_iot.clean_data scheduled__2026-02-06T10:00:00+00:00 [running]> on host bb762b62a2c2
[2026-02-14T18:15:19.517+0000] {warnings.py:109} WARNING - /home/***/.local/lib/python3.9/site-packages/***/settings.py:470: DeprecationWarning: The sql_alchemy_conn option in [core] has been moved to the sql_alchemy_conn option in [database] - the old setting has been used, but please update your config.
  if conf.get("database", "sql_alchemy_conn") == "none://":

[2026-02-14T18:15:19.565+0000] {taskinstance.py:3134} INFO - Exporting env vars: AIRFLOW_CTX_DAG_OWNER='a.sorokin' AIRFLOW_CTX_DAG_ID='parse_iot' AIRFLOW_CTX_TASK_ID='clean_data' AIRFLOW_CTX_EXECUTION_DATE='2026-02-06T10:00:00+00:00' AIRFLOW_CTX_TRY_NUMBER='1' AIRFLOW_CTX_DAG_RUN_ID='scheduled__2026-02-06T10:00:00+00:00'
[2026-02-14T18:15:19.565+0000] {taskinstance.py:732} INFO - ::endgroup::
[2026-02-14T18:15:28.079+0000] {python.py:240} INFO - Done. Returned value was: None
[2026-02-14T18:15:28.087+0000] {taskinstance.py:341} INFO - ::group::Post task execution logs
[2026-02-14T18:15:28.087+0000] {taskinstance.py:353} INFO - Marking task as SUCCESS. dag_id=parse_iot, task_id=clean_data, run_id=scheduled__2026-02-06T10:00:00+00:00, execution_date=20260206T100000, start_date=20260214T181519, end_date=20260214T181528
[2026-02-14T18:15:28.147+0000] {local_task_job_runner.py:266} INFO - Task exited with return code 0
[2026-02-14T18:15:28.167+0000] {taskinstance.py:3901} INFO - 0 downstream tasks scheduled from follow-on schedule check
[2026-02-14T18:15:28.168+0000] {local_task_job_runner.py:245} INFO - ::endgroup::
[2026-02-16T14:47:28.448+0000] {local_task_job_runner.py:123} INFO - ::group::Pre task execution logs
[2026-02-16T14:47:28.464+0000] {taskinstance.py:2614} INFO - Dependencies all met for dep_context=non-requeueable deps ti=<TaskInstance: parse_iot.clean_data scheduled__2026-02-06T10:00:00+00:00 [queued]>
[2026-02-16T14:47:28.472+0000] {taskinstance.py:2614} INFO - Dependencies all met for dep_context=requeueable deps ti=<TaskInstance: parse_iot.clean_data scheduled__2026-02-06T10:00:00+00:00 [queued]>
[2026-02-16T14:47:28.472+0000] {taskinstance.py:2867} INFO - Starting attempt 1 of 4
[2026-02-16T14:47:28.478+0000] {taskinstance.py:2890} INFO - Executing <Task(PythonOperator): clean_data> on 2026-02-06 10:00:00+00:00
[2026-02-16T14:47:28.484+0000] {standard_task_runner.py:72} INFO - Started process 526 to run task
[2026-02-16T14:47:28.486+0000] {standard_task_runner.py:104} INFO - Running: ['***', 'tasks', 'run', 'parse_iot', 'clean_data', 'scheduled__2026-02-06T10:00:00+00:00', '--job-id', '109', '--raw', '--subdir', 'DAGS_FOLDER/parse_iot.py', '--cfg-path', '/tmp/tmp307krfpa']
[2026-02-16T14:47:28.487+0000] {standard_task_runner.py:105} INFO - Job 109: Subtask clean_data
[2026-02-16T14:47:28.495+0000] {warnings.py:109} WARNING - /home/***/.local/lib/python3.9/site-packages/***/settings.py:209: DeprecationWarning: The sql_alchemy_conn option in [core] has been moved to the sql_alchemy_conn option in [database] - the old setting has been used, but please update your config.
  SQL_ALCHEMY_CONN = conf.get("database", "SQL_ALCHEMY_CONN")

[2026-02-16T14:47:28.517+0000] {task_command.py:467} INFO - Running <TaskInstance: parse_iot.clean_data scheduled__2026-02-06T10:00:00+00:00 [running]> on host cd96c4fa192f
[2026-02-16T14:47:28.517+0000] {warnings.py:109} WARNING - /home/***/.local/lib/python3.9/site-packages/***/settings.py:470: DeprecationWarning: The sql_alchemy_conn option in [core] has been moved to the sql_alchemy_conn option in [database] - the old setting has been used, but please update your config.
  if conf.get("database", "sql_alchemy_conn") == "none://":

[2026-02-16T14:47:28.560+0000] {taskinstance.py:3134} INFO - Exporting env vars: AIRFLOW_CTX_DAG_OWNER='a.sorokin' AIRFLOW_CTX_DAG_ID='parse_iot' AIRFLOW_CTX_TASK_ID='clean_data' AIRFLOW_CTX_EXECUTION_DATE='2026-02-06T10:00:00+00:00' AIRFLOW_CTX_TRY_NUMBER='1' AIRFLOW_CTX_DAG_RUN_ID='scheduled__2026-02-06T10:00:00+00:00'
[2026-02-16T14:47:28.560+0000] {taskinstance.py:732} INFO - ::endgroup::
[2026-02-16T14:47:37.506+0000] {python.py:240} INFO - Done. Returned value was: None
[2026-02-16T14:47:37.514+0000] {taskinstance.py:341} INFO - ::group::Post task execution logs
[2026-02-16T14:47:37.514+0000] {taskinstance.py:353} INFO - Marking task as SUCCESS. dag_id=parse_iot, task_id=clean_data, run_id=scheduled__2026-02-06T10:00:00+00:00, execution_date=20260206T100000, start_date=20260216T144728, end_date=20260216T144737
[2026-02-16T14:47:37.552+0000] {local_task_job_runner.py:266} INFO - Task exited with return code 0
[2026-02-16T14:47:37.575+0000] {taskinstance.py:3901} INFO - 0 downstream tasks scheduled from follow-on schedule check
[2026-02-16T14:47:37.576+0000] {local_task_job_runner.py:245} INFO - ::endgroup::
