[2026-02-14T00:09:23.296+0000] {local_task_job_runner.py:123} INFO - ::group::Pre task execution logs
[2026-02-14T00:09:23.309+0000] {taskinstance.py:2614} INFO - Dependencies all met for dep_context=non-requeueable deps ti=<TaskInstance: load_postgres.check_parse scheduled__2026-02-12T10:00:00+00:00 [queued]>
[2026-02-14T00:09:23.315+0000] {taskinstance.py:2614} INFO - Dependencies all met for dep_context=requeueable deps ti=<TaskInstance: load_postgres.check_parse scheduled__2026-02-12T10:00:00+00:00 [queued]>
[2026-02-14T00:09:23.315+0000] {taskinstance.py:2867} INFO - Starting attempt 1 of 4
[2026-02-14T00:09:23.321+0000] {taskinstance.py:2890} INFO - Executing <Task(ExternalTaskSensor): check_parse> on 2026-02-12 10:00:00+00:00
[2026-02-14T00:09:23.326+0000] {standard_task_runner.py:72} INFO - Started process 127 to run task
[2026-02-14T00:09:23.328+0000] {standard_task_runner.py:104} INFO - Running: ['***', 'tasks', 'run', 'load_postgres', 'check_parse', 'scheduled__2026-02-12T10:00:00+00:00', '--job-id', '15', '--raw', '--subdir', 'DAGS_FOLDER/load_postrges.py', '--cfg-path', '/tmp/tmph835sm53']
[2026-02-14T00:09:23.330+0000] {standard_task_runner.py:105} INFO - Job 15: Subtask check_parse
[2026-02-14T00:09:23.338+0000] {warnings.py:109} WARNING - /home/***/.local/lib/python3.9/site-packages/***/settings.py:209: DeprecationWarning: The sql_alchemy_conn option in [core] has been moved to the sql_alchemy_conn option in [database] - the old setting has been used, but please update your config.
  SQL_ALCHEMY_CONN = conf.get("database", "SQL_ALCHEMY_CONN")

[2026-02-14T00:09:23.360+0000] {task_command.py:467} INFO - Running <TaskInstance: load_postgres.check_parse scheduled__2026-02-12T10:00:00+00:00 [running]> on host 13185f5c75e0
[2026-02-14T00:09:23.360+0000] {warnings.py:109} WARNING - /home/***/.local/lib/python3.9/site-packages/***/settings.py:470: DeprecationWarning: The sql_alchemy_conn option in [core] has been moved to the sql_alchemy_conn option in [database] - the old setting has been used, but please update your config.
  if conf.get("database", "sql_alchemy_conn") == "none://":

[2026-02-14T00:09:23.406+0000] {taskinstance.py:3134} INFO - Exporting env vars: AIRFLOW_CTX_DAG_OWNER='a.sorokin' AIRFLOW_CTX_DAG_ID='load_postgres' AIRFLOW_CTX_TASK_ID='check_parse' AIRFLOW_CTX_EXECUTION_DATE='2026-02-12T10:00:00+00:00' AIRFLOW_CTX_TRY_NUMBER='1' AIRFLOW_CTX_DAG_RUN_ID='scheduled__2026-02-12T10:00:00+00:00'
[2026-02-14T00:09:23.407+0000] {taskinstance.py:732} INFO - ::endgroup::
[2026-02-14T00:09:23.415+0000] {baseoperator.py:423} WARNING - ExternalTaskSensor.execute cannot be called outside TaskInstance!
[2026-02-14T00:09:23.422+0000] {external_task.py:274} INFO - Poking for DAG 'parse_iot' on 2026-02-12T10:00:00+00:00 ... 
[2026-02-14T00:09:23.423+0000] {warnings.py:109} WARNING - /home/***/.local/lib/python3.9/site-packages/***/utils/session.py:97: DeprecationWarning: This method is deprecated and will be removed in future.
  return func(*args, session=session, **kwargs)

[2026-02-14T00:09:23.441+0000] {taskinstance.py:310} INFO - Rescheduling task, marking task as UP_FOR_RESCHEDULE
[2026-02-14T00:09:23.441+0000] {taskinstance.py:341} INFO - ::group::Post task execution logs
[2026-02-14T00:09:23.460+0000] {local_task_job_runner.py:266} INFO - Task exited with return code 0
[2026-02-14T00:09:23.476+0000] {taskinstance.py:3901} INFO - 0 downstream tasks scheduled from follow-on schedule check
[2026-02-14T00:09:23.477+0000] {local_task_job_runner.py:245} INFO - ::endgroup::
[2026-02-14T16:30:30.577+0000] {local_task_job_runner.py:123} INFO - ::group::Pre task execution logs
[2026-02-14T16:30:30.590+0000] {taskinstance.py:2614} INFO - Dependencies all met for dep_context=non-requeueable deps ti=<TaskInstance: load_postgres.check_parse scheduled__2026-02-12T10:00:00+00:00 [queued]>
[2026-02-14T16:30:30.595+0000] {taskinstance.py:2614} INFO - Dependencies all met for dep_context=requeueable deps ti=<TaskInstance: load_postgres.check_parse scheduled__2026-02-12T10:00:00+00:00 [queued]>
[2026-02-14T16:30:30.595+0000] {taskinstance.py:2867} INFO - Starting attempt 1 of 4
[2026-02-14T16:30:30.602+0000] {taskinstance.py:2890} INFO - Executing <Task(ExternalTaskSensor): check_parse> on 2026-02-12 10:00:00+00:00
[2026-02-14T16:30:30.606+0000] {standard_task_runner.py:72} INFO - Started process 170 to run task
[2026-02-14T16:30:30.608+0000] {standard_task_runner.py:104} INFO - Running: ['***', 'tasks', 'run', 'load_postgres', 'check_parse', 'scheduled__2026-02-12T10:00:00+00:00', '--job-id', '26', '--raw', '--subdir', 'DAGS_FOLDER/load_postrges.py', '--cfg-path', '/tmp/tmp67tro_j1']
[2026-02-14T16:30:30.609+0000] {standard_task_runner.py:105} INFO - Job 26: Subtask check_parse
[2026-02-14T16:30:30.617+0000] {warnings.py:109} WARNING - /home/***/.local/lib/python3.9/site-packages/***/settings.py:209: DeprecationWarning: The sql_alchemy_conn option in [core] has been moved to the sql_alchemy_conn option in [database] - the old setting has been used, but please update your config.
  SQL_ALCHEMY_CONN = conf.get("database", "SQL_ALCHEMY_CONN")

[2026-02-14T16:30:30.639+0000] {task_command.py:467} INFO - Running <TaskInstance: load_postgres.check_parse scheduled__2026-02-12T10:00:00+00:00 [running]> on host a5c4ed865bb5
[2026-02-14T16:30:30.639+0000] {warnings.py:109} WARNING - /home/***/.local/lib/python3.9/site-packages/***/settings.py:470: DeprecationWarning: The sql_alchemy_conn option in [core] has been moved to the sql_alchemy_conn option in [database] - the old setting has been used, but please update your config.
  if conf.get("database", "sql_alchemy_conn") == "none://":

[2026-02-14T16:30:30.686+0000] {taskinstance.py:3134} INFO - Exporting env vars: AIRFLOW_CTX_DAG_OWNER='a.sorokin' AIRFLOW_CTX_DAG_ID='load_postgres' AIRFLOW_CTX_TASK_ID='check_parse' AIRFLOW_CTX_EXECUTION_DATE='2026-02-12T10:00:00+00:00' AIRFLOW_CTX_TRY_NUMBER='1' AIRFLOW_CTX_DAG_RUN_ID='scheduled__2026-02-12T10:00:00+00:00'
[2026-02-14T16:30:30.686+0000] {taskinstance.py:732} INFO - ::endgroup::
[2026-02-14T16:30:30.694+0000] {baseoperator.py:423} WARNING - ExternalTaskSensor.execute cannot be called outside TaskInstance!
[2026-02-14T16:30:30.701+0000] {external_task.py:274} INFO - Poking for DAG 'parse_iot' on 2026-02-12T10:00:00+00:00 ... 
[2026-02-14T16:30:30.701+0000] {warnings.py:109} WARNING - /home/***/.local/lib/python3.9/site-packages/***/utils/session.py:97: DeprecationWarning: This method is deprecated and will be removed in future.
  return func(*args, session=session, **kwargs)

[2026-02-14T16:30:30.720+0000] {taskinstance.py:310} INFO - Rescheduling task, marking task as UP_FOR_RESCHEDULE
[2026-02-14T16:30:30.720+0000] {taskinstance.py:341} INFO - ::group::Post task execution logs
[2026-02-14T16:30:30.740+0000] {local_task_job_runner.py:266} INFO - Task exited with return code 0
[2026-02-14T16:30:30.758+0000] {taskinstance.py:3901} INFO - 0 downstream tasks scheduled from follow-on schedule check
[2026-02-14T16:30:30.769+0000] {local_task_job_runner.py:245} INFO - ::endgroup::
[2026-02-14T16:31:31.358+0000] {local_task_job_runner.py:123} INFO - ::group::Pre task execution logs
[2026-02-14T16:31:31.374+0000] {taskinstance.py:2614} INFO - Dependencies all met for dep_context=non-requeueable deps ti=<TaskInstance: load_postgres.check_parse scheduled__2026-02-12T10:00:00+00:00 [queued]>
[2026-02-14T16:31:31.381+0000] {taskinstance.py:2614} INFO - Dependencies all met for dep_context=requeueable deps ti=<TaskInstance: load_postgres.check_parse scheduled__2026-02-12T10:00:00+00:00 [queued]>
[2026-02-14T16:31:31.382+0000] {taskinstance.py:2867} INFO - Starting attempt 1 of 4
[2026-02-14T16:31:31.389+0000] {taskinstance.py:2890} INFO - Executing <Task(ExternalTaskSensor): check_parse> on 2026-02-12 10:00:00+00:00
[2026-02-14T16:31:31.393+0000] {standard_task_runner.py:72} INFO - Started process 301 to run task
[2026-02-14T16:31:31.395+0000] {standard_task_runner.py:104} INFO - Running: ['***', 'tasks', 'run', 'load_postgres', 'check_parse', 'scheduled__2026-02-12T10:00:00+00:00', '--job-id', '58', '--raw', '--subdir', 'DAGS_FOLDER/load_postrges.py', '--cfg-path', '/tmp/tmpbn4iydv2']
[2026-02-14T16:31:31.397+0000] {standard_task_runner.py:105} INFO - Job 58: Subtask check_parse
[2026-02-14T16:31:31.405+0000] {warnings.py:109} WARNING - /home/***/.local/lib/python3.9/site-packages/***/settings.py:209: DeprecationWarning: The sql_alchemy_conn option in [core] has been moved to the sql_alchemy_conn option in [database] - the old setting has been used, but please update your config.
  SQL_ALCHEMY_CONN = conf.get("database", "SQL_ALCHEMY_CONN")

[2026-02-14T16:31:31.427+0000] {task_command.py:467} INFO - Running <TaskInstance: load_postgres.check_parse scheduled__2026-02-12T10:00:00+00:00 [running]> on host a5c4ed865bb5
[2026-02-14T16:31:31.428+0000] {warnings.py:109} WARNING - /home/***/.local/lib/python3.9/site-packages/***/settings.py:470: DeprecationWarning: The sql_alchemy_conn option in [core] has been moved to the sql_alchemy_conn option in [database] - the old setting has been used, but please update your config.
  if conf.get("database", "sql_alchemy_conn") == "none://":

[2026-02-14T16:31:31.475+0000] {taskinstance.py:3134} INFO - Exporting env vars: AIRFLOW_CTX_DAG_OWNER='a.sorokin' AIRFLOW_CTX_DAG_ID='load_postgres' AIRFLOW_CTX_TASK_ID='check_parse' AIRFLOW_CTX_EXECUTION_DATE='2026-02-12T10:00:00+00:00' AIRFLOW_CTX_TRY_NUMBER='1' AIRFLOW_CTX_DAG_RUN_ID='scheduled__2026-02-12T10:00:00+00:00'
[2026-02-14T16:31:31.476+0000] {taskinstance.py:732} INFO - ::endgroup::
[2026-02-14T16:31:31.483+0000] {baseoperator.py:423} WARNING - ExternalTaskSensor.execute cannot be called outside TaskInstance!
[2026-02-14T16:31:31.489+0000] {external_task.py:274} INFO - Poking for DAG 'parse_iot' on 2026-02-12T10:00:00+00:00 ... 
[2026-02-14T16:31:31.489+0000] {warnings.py:109} WARNING - /home/***/.local/lib/python3.9/site-packages/***/utils/session.py:97: DeprecationWarning: This method is deprecated and will be removed in future.
  return func(*args, session=session, **kwargs)

[2026-02-14T16:31:31.507+0000] {taskinstance.py:310} INFO - Rescheduling task, marking task as UP_FOR_RESCHEDULE
[2026-02-14T16:31:31.507+0000] {taskinstance.py:341} INFO - ::group::Post task execution logs
[2026-02-14T16:31:31.527+0000] {local_task_job_runner.py:266} INFO - Task exited with return code 0
[2026-02-14T16:31:31.544+0000] {taskinstance.py:3901} INFO - 0 downstream tasks scheduled from follow-on schedule check
[2026-02-14T16:31:31.545+0000] {local_task_job_runner.py:245} INFO - ::endgroup::
[2026-02-14T16:32:34.276+0000] {local_task_job_runner.py:123} INFO - ::group::Pre task execution logs
[2026-02-14T16:32:34.290+0000] {taskinstance.py:2614} INFO - Dependencies all met for dep_context=non-requeueable deps ti=<TaskInstance: load_postgres.check_parse scheduled__2026-02-12T10:00:00+00:00 [queued]>
[2026-02-14T16:32:34.296+0000] {taskinstance.py:2614} INFO - Dependencies all met for dep_context=requeueable deps ti=<TaskInstance: load_postgres.check_parse scheduled__2026-02-12T10:00:00+00:00 [queued]>
[2026-02-14T16:32:34.296+0000] {taskinstance.py:2867} INFO - Starting attempt 1 of 4
[2026-02-14T16:32:34.304+0000] {taskinstance.py:2890} INFO - Executing <Task(ExternalTaskSensor): check_parse> on 2026-02-12 10:00:00+00:00
[2026-02-14T16:32:34.308+0000] {standard_task_runner.py:72} INFO - Started process 449 to run task
[2026-02-14T16:32:34.310+0000] {standard_task_runner.py:104} INFO - Running: ['***', 'tasks', 'run', 'load_postgres', 'check_parse', 'scheduled__2026-02-12T10:00:00+00:00', '--job-id', '95', '--raw', '--subdir', 'DAGS_FOLDER/load_postrges.py', '--cfg-path', '/tmp/tmppm7brb39']
[2026-02-14T16:32:34.312+0000] {standard_task_runner.py:105} INFO - Job 95: Subtask check_parse
[2026-02-14T16:32:34.321+0000] {warnings.py:109} WARNING - /home/***/.local/lib/python3.9/site-packages/***/settings.py:209: DeprecationWarning: The sql_alchemy_conn option in [core] has been moved to the sql_alchemy_conn option in [database] - the old setting has been used, but please update your config.
  SQL_ALCHEMY_CONN = conf.get("database", "SQL_ALCHEMY_CONN")

[2026-02-14T16:32:34.343+0000] {task_command.py:467} INFO - Running <TaskInstance: load_postgres.check_parse scheduled__2026-02-12T10:00:00+00:00 [running]> on host a5c4ed865bb5
[2026-02-14T16:32:34.343+0000] {warnings.py:109} WARNING - /home/***/.local/lib/python3.9/site-packages/***/settings.py:470: DeprecationWarning: The sql_alchemy_conn option in [core] has been moved to the sql_alchemy_conn option in [database] - the old setting has been used, but please update your config.
  if conf.get("database", "sql_alchemy_conn") == "none://":

[2026-02-14T16:32:34.395+0000] {taskinstance.py:3134} INFO - Exporting env vars: AIRFLOW_CTX_DAG_OWNER='a.sorokin' AIRFLOW_CTX_DAG_ID='load_postgres' AIRFLOW_CTX_TASK_ID='check_parse' AIRFLOW_CTX_EXECUTION_DATE='2026-02-12T10:00:00+00:00' AIRFLOW_CTX_TRY_NUMBER='1' AIRFLOW_CTX_DAG_RUN_ID='scheduled__2026-02-12T10:00:00+00:00'
[2026-02-14T16:32:34.396+0000] {taskinstance.py:732} INFO - ::endgroup::
[2026-02-14T16:32:34.403+0000] {baseoperator.py:423} WARNING - ExternalTaskSensor.execute cannot be called outside TaskInstance!
[2026-02-14T16:32:34.409+0000] {external_task.py:274} INFO - Poking for DAG 'parse_iot' on 2026-02-12T10:00:00+00:00 ... 
[2026-02-14T16:32:34.409+0000] {warnings.py:109} WARNING - /home/***/.local/lib/python3.9/site-packages/***/utils/session.py:97: DeprecationWarning: This method is deprecated and will be removed in future.
  return func(*args, session=session, **kwargs)

[2026-02-14T16:32:34.428+0000] {taskinstance.py:310} INFO - Rescheduling task, marking task as UP_FOR_RESCHEDULE
[2026-02-14T16:32:34.428+0000] {taskinstance.py:341} INFO - ::group::Post task execution logs
[2026-02-14T16:32:34.442+0000] {local_task_job_runner.py:266} INFO - Task exited with return code 0
[2026-02-14T16:32:34.460+0000] {taskinstance.py:3901} INFO - 0 downstream tasks scheduled from follow-on schedule check
[2026-02-14T16:32:34.465+0000] {local_task_job_runner.py:245} INFO - ::endgroup::
[2026-02-14T16:33:36.632+0000] {local_task_job_runner.py:123} INFO - ::group::Pre task execution logs
[2026-02-14T16:33:36.646+0000] {taskinstance.py:2614} INFO - Dependencies all met for dep_context=non-requeueable deps ti=<TaskInstance: load_postgres.check_parse scheduled__2026-02-12T10:00:00+00:00 [queued]>
[2026-02-14T16:33:36.651+0000] {taskinstance.py:2614} INFO - Dependencies all met for dep_context=requeueable deps ti=<TaskInstance: load_postgres.check_parse scheduled__2026-02-12T10:00:00+00:00 [queued]>
[2026-02-14T16:33:36.652+0000] {taskinstance.py:2867} INFO - Starting attempt 1 of 4
[2026-02-14T16:33:36.659+0000] {taskinstance.py:2890} INFO - Executing <Task(ExternalTaskSensor): check_parse> on 2026-02-12 10:00:00+00:00
[2026-02-14T16:33:36.664+0000] {standard_task_runner.py:72} INFO - Started process 547 to run task
[2026-02-14T16:33:36.666+0000] {standard_task_runner.py:104} INFO - Running: ['***', 'tasks', 'run', 'load_postgres', 'check_parse', 'scheduled__2026-02-12T10:00:00+00:00', '--job-id', '120', '--raw', '--subdir', 'DAGS_FOLDER/load_postrges.py', '--cfg-path', '/tmp/tmpzdf3xyz7']
[2026-02-14T16:33:36.667+0000] {standard_task_runner.py:105} INFO - Job 120: Subtask check_parse
[2026-02-14T16:33:36.676+0000] {warnings.py:109} WARNING - /home/***/.local/lib/python3.9/site-packages/***/settings.py:209: DeprecationWarning: The sql_alchemy_conn option in [core] has been moved to the sql_alchemy_conn option in [database] - the old setting has been used, but please update your config.
  SQL_ALCHEMY_CONN = conf.get("database", "SQL_ALCHEMY_CONN")

[2026-02-14T16:33:36.700+0000] {task_command.py:467} INFO - Running <TaskInstance: load_postgres.check_parse scheduled__2026-02-12T10:00:00+00:00 [running]> on host a5c4ed865bb5
[2026-02-14T16:33:36.700+0000] {warnings.py:109} WARNING - /home/***/.local/lib/python3.9/site-packages/***/settings.py:470: DeprecationWarning: The sql_alchemy_conn option in [core] has been moved to the sql_alchemy_conn option in [database] - the old setting has been used, but please update your config.
  if conf.get("database", "sql_alchemy_conn") == "none://":

[2026-02-14T16:33:36.747+0000] {taskinstance.py:3134} INFO - Exporting env vars: AIRFLOW_CTX_DAG_OWNER='a.sorokin' AIRFLOW_CTX_DAG_ID='load_postgres' AIRFLOW_CTX_TASK_ID='check_parse' AIRFLOW_CTX_EXECUTION_DATE='2026-02-12T10:00:00+00:00' AIRFLOW_CTX_TRY_NUMBER='1' AIRFLOW_CTX_DAG_RUN_ID='scheduled__2026-02-12T10:00:00+00:00'
[2026-02-14T16:33:36.748+0000] {taskinstance.py:732} INFO - ::endgroup::
[2026-02-14T16:33:36.755+0000] {baseoperator.py:423} WARNING - ExternalTaskSensor.execute cannot be called outside TaskInstance!
[2026-02-14T16:33:36.761+0000] {external_task.py:274} INFO - Poking for DAG 'parse_iot' on 2026-02-12T10:00:00+00:00 ... 
[2026-02-14T16:33:36.762+0000] {warnings.py:109} WARNING - /home/***/.local/lib/python3.9/site-packages/***/utils/session.py:97: DeprecationWarning: This method is deprecated and will be removed in future.
  return func(*args, session=session, **kwargs)

[2026-02-14T16:33:36.779+0000] {taskinstance.py:310} INFO - Rescheduling task, marking task as UP_FOR_RESCHEDULE
[2026-02-14T16:33:36.779+0000] {taskinstance.py:341} INFO - ::group::Post task execution logs
[2026-02-14T16:33:36.798+0000] {local_task_job_runner.py:266} INFO - Task exited with return code 0
[2026-02-14T16:33:36.813+0000] {taskinstance.py:3901} INFO - 0 downstream tasks scheduled from follow-on schedule check
[2026-02-14T16:33:36.814+0000] {local_task_job_runner.py:245} INFO - ::endgroup::
[2026-02-14T16:34:38.376+0000] {local_task_job_runner.py:123} INFO - ::group::Pre task execution logs
[2026-02-14T16:34:38.390+0000] {taskinstance.py:2614} INFO - Dependencies all met for dep_context=non-requeueable deps ti=<TaskInstance: load_postgres.check_parse scheduled__2026-02-12T10:00:00+00:00 [queued]>
[2026-02-14T16:34:38.395+0000] {taskinstance.py:2614} INFO - Dependencies all met for dep_context=requeueable deps ti=<TaskInstance: load_postgres.check_parse scheduled__2026-02-12T10:00:00+00:00 [queued]>
[2026-02-14T16:34:38.395+0000] {taskinstance.py:2867} INFO - Starting attempt 1 of 4
[2026-02-14T16:34:38.403+0000] {taskinstance.py:2890} INFO - Executing <Task(ExternalTaskSensor): check_parse> on 2026-02-12 10:00:00+00:00
[2026-02-14T16:34:38.407+0000] {standard_task_runner.py:72} INFO - Started process 673 to run task
[2026-02-14T16:34:38.409+0000] {standard_task_runner.py:104} INFO - Running: ['***', 'tasks', 'run', 'load_postgres', 'check_parse', 'scheduled__2026-02-12T10:00:00+00:00', '--job-id', '151', '--raw', '--subdir', 'DAGS_FOLDER/load_postrges.py', '--cfg-path', '/tmp/tmp4xtg146m']
[2026-02-14T16:34:38.411+0000] {standard_task_runner.py:105} INFO - Job 151: Subtask check_parse
[2026-02-14T16:34:38.419+0000] {warnings.py:109} WARNING - /home/***/.local/lib/python3.9/site-packages/***/settings.py:209: DeprecationWarning: The sql_alchemy_conn option in [core] has been moved to the sql_alchemy_conn option in [database] - the old setting has been used, but please update your config.
  SQL_ALCHEMY_CONN = conf.get("database", "SQL_ALCHEMY_CONN")

[2026-02-14T16:34:38.442+0000] {task_command.py:467} INFO - Running <TaskInstance: load_postgres.check_parse scheduled__2026-02-12T10:00:00+00:00 [running]> on host a5c4ed865bb5
[2026-02-14T16:34:38.443+0000] {warnings.py:109} WARNING - /home/***/.local/lib/python3.9/site-packages/***/settings.py:470: DeprecationWarning: The sql_alchemy_conn option in [core] has been moved to the sql_alchemy_conn option in [database] - the old setting has been used, but please update your config.
  if conf.get("database", "sql_alchemy_conn") == "none://":

[2026-02-14T16:34:38.491+0000] {taskinstance.py:3134} INFO - Exporting env vars: AIRFLOW_CTX_DAG_OWNER='a.sorokin' AIRFLOW_CTX_DAG_ID='load_postgres' AIRFLOW_CTX_TASK_ID='check_parse' AIRFLOW_CTX_EXECUTION_DATE='2026-02-12T10:00:00+00:00' AIRFLOW_CTX_TRY_NUMBER='1' AIRFLOW_CTX_DAG_RUN_ID='scheduled__2026-02-12T10:00:00+00:00'
[2026-02-14T16:34:38.492+0000] {taskinstance.py:732} INFO - ::endgroup::
[2026-02-14T16:34:38.499+0000] {baseoperator.py:423} WARNING - ExternalTaskSensor.execute cannot be called outside TaskInstance!
[2026-02-14T16:34:38.506+0000] {external_task.py:274} INFO - Poking for DAG 'parse_iot' on 2026-02-12T10:00:00+00:00 ... 
[2026-02-14T16:34:38.506+0000] {warnings.py:109} WARNING - /home/***/.local/lib/python3.9/site-packages/***/utils/session.py:97: DeprecationWarning: This method is deprecated and will be removed in future.
  return func(*args, session=session, **kwargs)

[2026-02-14T16:34:38.523+0000] {taskinstance.py:310} INFO - Rescheduling task, marking task as UP_FOR_RESCHEDULE
[2026-02-14T16:34:38.523+0000] {taskinstance.py:341} INFO - ::group::Post task execution logs
[2026-02-14T16:34:38.541+0000] {local_task_job_runner.py:266} INFO - Task exited with return code 0
[2026-02-14T16:34:38.558+0000] {taskinstance.py:3901} INFO - 0 downstream tasks scheduled from follow-on schedule check
[2026-02-14T16:34:38.559+0000] {local_task_job_runner.py:245} INFO - ::endgroup::
[2026-02-14T17:47:29.977+0000] {local_task_job_runner.py:123} INFO - ::group::Pre task execution logs
[2026-02-14T17:47:29.991+0000] {taskinstance.py:2614} INFO - Dependencies all met for dep_context=non-requeueable deps ti=<TaskInstance: load_postgres.check_parse scheduled__2026-02-12T10:00:00+00:00 [queued]>
[2026-02-14T17:47:29.997+0000] {taskinstance.py:2614} INFO - Dependencies all met for dep_context=requeueable deps ti=<TaskInstance: load_postgres.check_parse scheduled__2026-02-12T10:00:00+00:00 [queued]>
[2026-02-14T17:47:29.998+0000] {taskinstance.py:2867} INFO - Starting attempt 1 of 4
[2026-02-14T17:47:30.006+0000] {taskinstance.py:2890} INFO - Executing <Task(ExternalTaskSensor): check_parse> on 2026-02-12 10:00:00+00:00
[2026-02-14T17:47:30.010+0000] {standard_task_runner.py:72} INFO - Started process 128 to run task
[2026-02-14T17:47:30.012+0000] {standard_task_runner.py:104} INFO - Running: ['***', 'tasks', 'run', 'load_postgres', 'check_parse', 'scheduled__2026-02-12T10:00:00+00:00', '--job-id', '15', '--raw', '--subdir', 'DAGS_FOLDER/load_postrges.py', '--cfg-path', '/tmp/tmp0u3rt66b']
[2026-02-14T17:47:30.014+0000] {standard_task_runner.py:105} INFO - Job 15: Subtask check_parse
[2026-02-14T17:47:30.022+0000] {warnings.py:109} WARNING - /home/***/.local/lib/python3.9/site-packages/***/settings.py:209: DeprecationWarning: The sql_alchemy_conn option in [core] has been moved to the sql_alchemy_conn option in [database] - the old setting has been used, but please update your config.
  SQL_ALCHEMY_CONN = conf.get("database", "SQL_ALCHEMY_CONN")

[2026-02-14T17:47:30.046+0000] {task_command.py:467} INFO - Running <TaskInstance: load_postgres.check_parse scheduled__2026-02-12T10:00:00+00:00 [running]> on host 9052c134cdec
[2026-02-14T17:47:30.047+0000] {warnings.py:109} WARNING - /home/***/.local/lib/python3.9/site-packages/***/settings.py:470: DeprecationWarning: The sql_alchemy_conn option in [core] has been moved to the sql_alchemy_conn option in [database] - the old setting has been used, but please update your config.
  if conf.get("database", "sql_alchemy_conn") == "none://":

[2026-02-14T17:47:30.093+0000] {taskinstance.py:3134} INFO - Exporting env vars: AIRFLOW_CTX_DAG_OWNER='a.sorokin' AIRFLOW_CTX_DAG_ID='load_postgres' AIRFLOW_CTX_TASK_ID='check_parse' AIRFLOW_CTX_EXECUTION_DATE='2026-02-12T10:00:00+00:00' AIRFLOW_CTX_TRY_NUMBER='1' AIRFLOW_CTX_DAG_RUN_ID='scheduled__2026-02-12T10:00:00+00:00'
[2026-02-14T17:47:30.094+0000] {taskinstance.py:732} INFO - ::endgroup::
[2026-02-14T17:47:30.102+0000] {baseoperator.py:423} WARNING - ExternalTaskSensor.execute cannot be called outside TaskInstance!
[2026-02-14T17:47:30.107+0000] {external_task.py:274} INFO - Poking for DAG 'parse_iot' on 2026-02-12T10:00:00+00:00 ... 
[2026-02-14T17:47:30.107+0000] {warnings.py:109} WARNING - /home/***/.local/lib/python3.9/site-packages/***/utils/session.py:97: DeprecationWarning: This method is deprecated and will be removed in future.
  return func(*args, session=session, **kwargs)

[2026-02-14T17:47:30.125+0000] {taskinstance.py:310} INFO - Rescheduling task, marking task as UP_FOR_RESCHEDULE
[2026-02-14T17:47:30.126+0000] {taskinstance.py:341} INFO - ::group::Post task execution logs
[2026-02-14T17:47:30.144+0000] {local_task_job_runner.py:266} INFO - Task exited with return code 0
[2026-02-14T17:47:30.161+0000] {taskinstance.py:3901} INFO - 0 downstream tasks scheduled from follow-on schedule check
[2026-02-14T17:47:30.162+0000] {local_task_job_runner.py:245} INFO - ::endgroup::
[2026-02-14T17:48:34.228+0000] {local_task_job_runner.py:123} INFO - ::group::Pre task execution logs
[2026-02-14T17:48:34.242+0000] {taskinstance.py:2614} INFO - Dependencies all met for dep_context=non-requeueable deps ti=<TaskInstance: load_postgres.check_parse scheduled__2026-02-12T10:00:00+00:00 [queued]>
[2026-02-14T17:48:34.247+0000] {taskinstance.py:2614} INFO - Dependencies all met for dep_context=requeueable deps ti=<TaskInstance: load_postgres.check_parse scheduled__2026-02-12T10:00:00+00:00 [queued]>
[2026-02-14T17:48:34.248+0000] {taskinstance.py:2867} INFO - Starting attempt 1 of 4
[2026-02-14T17:48:34.254+0000] {taskinstance.py:2890} INFO - Executing <Task(ExternalTaskSensor): check_parse> on 2026-02-12 10:00:00+00:00
[2026-02-14T17:48:34.259+0000] {standard_task_runner.py:72} INFO - Started process 257 to run task
[2026-02-14T17:48:34.262+0000] {standard_task_runner.py:104} INFO - Running: ['***', 'tasks', 'run', 'load_postgres', 'check_parse', 'scheduled__2026-02-12T10:00:00+00:00', '--job-id', '47', '--raw', '--subdir', 'DAGS_FOLDER/load_postrges.py', '--cfg-path', '/tmp/tmp1c7iel3f']
[2026-02-14T17:48:34.263+0000] {standard_task_runner.py:105} INFO - Job 47: Subtask check_parse
[2026-02-14T17:48:34.272+0000] {warnings.py:109} WARNING - /home/***/.local/lib/python3.9/site-packages/***/settings.py:209: DeprecationWarning: The sql_alchemy_conn option in [core] has been moved to the sql_alchemy_conn option in [database] - the old setting has been used, but please update your config.
  SQL_ALCHEMY_CONN = conf.get("database", "SQL_ALCHEMY_CONN")

[2026-02-14T17:48:34.296+0000] {task_command.py:467} INFO - Running <TaskInstance: load_postgres.check_parse scheduled__2026-02-12T10:00:00+00:00 [running]> on host 9052c134cdec
[2026-02-14T17:48:34.296+0000] {warnings.py:109} WARNING - /home/***/.local/lib/python3.9/site-packages/***/settings.py:470: DeprecationWarning: The sql_alchemy_conn option in [core] has been moved to the sql_alchemy_conn option in [database] - the old setting has been used, but please update your config.
  if conf.get("database", "sql_alchemy_conn") == "none://":

[2026-02-14T17:48:34.351+0000] {taskinstance.py:3134} INFO - Exporting env vars: AIRFLOW_CTX_DAG_OWNER='a.sorokin' AIRFLOW_CTX_DAG_ID='load_postgres' AIRFLOW_CTX_TASK_ID='check_parse' AIRFLOW_CTX_EXECUTION_DATE='2026-02-12T10:00:00+00:00' AIRFLOW_CTX_TRY_NUMBER='1' AIRFLOW_CTX_DAG_RUN_ID='scheduled__2026-02-12T10:00:00+00:00'
[2026-02-14T17:48:34.352+0000] {taskinstance.py:732} INFO - ::endgroup::
[2026-02-14T17:48:34.363+0000] {baseoperator.py:423} WARNING - ExternalTaskSensor.execute cannot be called outside TaskInstance!
[2026-02-14T17:48:34.371+0000] {external_task.py:274} INFO - Poking for DAG 'parse_iot' on 2026-02-12T10:00:00+00:00 ... 
[2026-02-14T17:48:34.371+0000] {warnings.py:109} WARNING - /home/***/.local/lib/python3.9/site-packages/***/utils/session.py:97: DeprecationWarning: This method is deprecated and will be removed in future.
  return func(*args, session=session, **kwargs)

[2026-02-14T17:48:34.390+0000] {taskinstance.py:310} INFO - Rescheduling task, marking task as UP_FOR_RESCHEDULE
[2026-02-14T17:48:34.390+0000] {taskinstance.py:341} INFO - ::group::Post task execution logs
[2026-02-14T17:48:34.433+0000] {local_task_job_runner.py:266} INFO - Task exited with return code 0
[2026-02-14T17:48:34.453+0000] {taskinstance.py:3901} INFO - 0 downstream tasks scheduled from follow-on schedule check
[2026-02-14T17:48:34.454+0000] {local_task_job_runner.py:245} INFO - ::endgroup::
[2026-02-14T17:49:37.729+0000] {local_task_job_runner.py:123} INFO - ::group::Pre task execution logs
[2026-02-14T17:49:37.742+0000] {taskinstance.py:2614} INFO - Dependencies all met for dep_context=non-requeueable deps ti=<TaskInstance: load_postgres.check_parse scheduled__2026-02-12T10:00:00+00:00 [queued]>
[2026-02-14T17:49:37.748+0000] {taskinstance.py:2614} INFO - Dependencies all met for dep_context=requeueable deps ti=<TaskInstance: load_postgres.check_parse scheduled__2026-02-12T10:00:00+00:00 [queued]>
[2026-02-14T17:49:37.748+0000] {taskinstance.py:2867} INFO - Starting attempt 1 of 4
[2026-02-14T17:49:37.755+0000] {taskinstance.py:2890} INFO - Executing <Task(ExternalTaskSensor): check_parse> on 2026-02-12 10:00:00+00:00
[2026-02-14T17:49:37.759+0000] {standard_task_runner.py:72} INFO - Started process 443 to run task
[2026-02-14T17:49:37.761+0000] {standard_task_runner.py:104} INFO - Running: ['***', 'tasks', 'run', 'load_postgres', 'check_parse', 'scheduled__2026-02-12T10:00:00+00:00', '--job-id', '94', '--raw', '--subdir', 'DAGS_FOLDER/load_postrges.py', '--cfg-path', '/tmp/tmpkge2rpgy']
[2026-02-14T17:49:37.762+0000] {standard_task_runner.py:105} INFO - Job 94: Subtask check_parse
[2026-02-14T17:49:37.770+0000] {warnings.py:109} WARNING - /home/***/.local/lib/python3.9/site-packages/***/settings.py:209: DeprecationWarning: The sql_alchemy_conn option in [core] has been moved to the sql_alchemy_conn option in [database] - the old setting has been used, but please update your config.
  SQL_ALCHEMY_CONN = conf.get("database", "SQL_ALCHEMY_CONN")

[2026-02-14T17:49:37.793+0000] {task_command.py:467} INFO - Running <TaskInstance: load_postgres.check_parse scheduled__2026-02-12T10:00:00+00:00 [running]> on host 9052c134cdec
[2026-02-14T17:49:37.794+0000] {warnings.py:109} WARNING - /home/***/.local/lib/python3.9/site-packages/***/settings.py:470: DeprecationWarning: The sql_alchemy_conn option in [core] has been moved to the sql_alchemy_conn option in [database] - the old setting has been used, but please update your config.
  if conf.get("database", "sql_alchemy_conn") == "none://":

[2026-02-14T17:49:37.836+0000] {taskinstance.py:3134} INFO - Exporting env vars: AIRFLOW_CTX_DAG_OWNER='a.sorokin' AIRFLOW_CTX_DAG_ID='load_postgres' AIRFLOW_CTX_TASK_ID='check_parse' AIRFLOW_CTX_EXECUTION_DATE='2026-02-12T10:00:00+00:00' AIRFLOW_CTX_TRY_NUMBER='1' AIRFLOW_CTX_DAG_RUN_ID='scheduled__2026-02-12T10:00:00+00:00'
[2026-02-14T17:49:37.837+0000] {taskinstance.py:732} INFO - ::endgroup::
[2026-02-14T17:49:37.844+0000] {baseoperator.py:423} WARNING - ExternalTaskSensor.execute cannot be called outside TaskInstance!
[2026-02-14T17:49:37.849+0000] {external_task.py:274} INFO - Poking for DAG 'parse_iot' on 2026-02-12T10:00:00+00:00 ... 
[2026-02-14T17:49:37.850+0000] {warnings.py:109} WARNING - /home/***/.local/lib/python3.9/site-packages/***/utils/session.py:97: DeprecationWarning: This method is deprecated and will be removed in future.
  return func(*args, session=session, **kwargs)

[2026-02-14T17:49:37.867+0000] {taskinstance.py:310} INFO - Rescheduling task, marking task as UP_FOR_RESCHEDULE
[2026-02-14T17:49:37.867+0000] {taskinstance.py:341} INFO - ::group::Post task execution logs
[2026-02-14T17:49:37.892+0000] {local_task_job_runner.py:266} INFO - Task exited with return code 0
[2026-02-14T17:49:37.909+0000] {taskinstance.py:3901} INFO - 0 downstream tasks scheduled from follow-on schedule check
[2026-02-14T17:49:37.910+0000] {local_task_job_runner.py:245} INFO - ::endgroup::
[2026-02-14T17:50:39.836+0000] {local_task_job_runner.py:123} INFO - ::group::Pre task execution logs
[2026-02-14T17:50:39.853+0000] {taskinstance.py:2614} INFO - Dependencies all met for dep_context=non-requeueable deps ti=<TaskInstance: load_postgres.check_parse scheduled__2026-02-12T10:00:00+00:00 [queued]>
[2026-02-14T17:50:39.860+0000] {taskinstance.py:2614} INFO - Dependencies all met for dep_context=requeueable deps ti=<TaskInstance: load_postgres.check_parse scheduled__2026-02-12T10:00:00+00:00 [queued]>
[2026-02-14T17:50:39.860+0000] {taskinstance.py:2867} INFO - Starting attempt 1 of 4
[2026-02-14T17:50:39.869+0000] {taskinstance.py:2890} INFO - Executing <Task(ExternalTaskSensor): check_parse> on 2026-02-12 10:00:00+00:00
[2026-02-14T17:50:39.874+0000] {standard_task_runner.py:72} INFO - Started process 544 to run task
[2026-02-14T17:50:39.876+0000] {standard_task_runner.py:104} INFO - Running: ['***', 'tasks', 'run', 'load_postgres', 'check_parse', 'scheduled__2026-02-12T10:00:00+00:00', '--job-id', '119', '--raw', '--subdir', 'DAGS_FOLDER/load_postrges.py', '--cfg-path', '/tmp/tmpj6_n144r']
[2026-02-14T17:50:39.878+0000] {standard_task_runner.py:105} INFO - Job 119: Subtask check_parse
[2026-02-14T17:50:39.887+0000] {warnings.py:109} WARNING - /home/***/.local/lib/python3.9/site-packages/***/settings.py:209: DeprecationWarning: The sql_alchemy_conn option in [core] has been moved to the sql_alchemy_conn option in [database] - the old setting has been used, but please update your config.
  SQL_ALCHEMY_CONN = conf.get("database", "SQL_ALCHEMY_CONN")

[2026-02-14T17:50:39.912+0000] {task_command.py:467} INFO - Running <TaskInstance: load_postgres.check_parse scheduled__2026-02-12T10:00:00+00:00 [running]> on host 9052c134cdec
[2026-02-14T17:50:39.913+0000] {warnings.py:109} WARNING - /home/***/.local/lib/python3.9/site-packages/***/settings.py:470: DeprecationWarning: The sql_alchemy_conn option in [core] has been moved to the sql_alchemy_conn option in [database] - the old setting has been used, but please update your config.
  if conf.get("database", "sql_alchemy_conn") == "none://":

[2026-02-14T17:50:39.962+0000] {taskinstance.py:3134} INFO - Exporting env vars: AIRFLOW_CTX_DAG_OWNER='a.sorokin' AIRFLOW_CTX_DAG_ID='load_postgres' AIRFLOW_CTX_TASK_ID='check_parse' AIRFLOW_CTX_EXECUTION_DATE='2026-02-12T10:00:00+00:00' AIRFLOW_CTX_TRY_NUMBER='1' AIRFLOW_CTX_DAG_RUN_ID='scheduled__2026-02-12T10:00:00+00:00'
[2026-02-14T17:50:39.963+0000] {taskinstance.py:732} INFO - ::endgroup::
[2026-02-14T17:50:39.971+0000] {baseoperator.py:423} WARNING - ExternalTaskSensor.execute cannot be called outside TaskInstance!
[2026-02-14T17:50:39.978+0000] {external_task.py:274} INFO - Poking for DAG 'parse_iot' on 2026-02-12T10:00:00+00:00 ... 
[2026-02-14T17:50:39.978+0000] {warnings.py:109} WARNING - /home/***/.local/lib/python3.9/site-packages/***/utils/session.py:97: DeprecationWarning: This method is deprecated and will be removed in future.
  return func(*args, session=session, **kwargs)

[2026-02-14T17:50:40.002+0000] {taskinstance.py:310} INFO - Rescheduling task, marking task as UP_FOR_RESCHEDULE
[2026-02-14T17:50:40.002+0000] {taskinstance.py:341} INFO - ::group::Post task execution logs
[2026-02-14T17:50:40.008+0000] {local_task_job_runner.py:266} INFO - Task exited with return code 0
[2026-02-14T17:50:40.028+0000] {taskinstance.py:3901} INFO - 0 downstream tasks scheduled from follow-on schedule check
[2026-02-14T17:50:40.029+0000] {local_task_job_runner.py:245} INFO - ::endgroup::
[2026-02-14T17:51:41.844+0000] {local_task_job_runner.py:123} INFO - ::group::Pre task execution logs
[2026-02-14T17:51:41.857+0000] {taskinstance.py:2614} INFO - Dependencies all met for dep_context=non-requeueable deps ti=<TaskInstance: load_postgres.check_parse scheduled__2026-02-12T10:00:00+00:00 [queued]>
[2026-02-14T17:51:41.863+0000] {taskinstance.py:2614} INFO - Dependencies all met for dep_context=requeueable deps ti=<TaskInstance: load_postgres.check_parse scheduled__2026-02-12T10:00:00+00:00 [queued]>
[2026-02-14T17:51:41.863+0000] {taskinstance.py:2867} INFO - Starting attempt 1 of 4
[2026-02-14T17:51:41.870+0000] {taskinstance.py:2890} INFO - Executing <Task(ExternalTaskSensor): check_parse> on 2026-02-12 10:00:00+00:00
[2026-02-14T17:51:41.874+0000] {standard_task_runner.py:72} INFO - Started process 639 to run task
[2026-02-14T17:51:41.876+0000] {standard_task_runner.py:104} INFO - Running: ['***', 'tasks', 'run', 'load_postgres', 'check_parse', 'scheduled__2026-02-12T10:00:00+00:00', '--job-id', '143', '--raw', '--subdir', 'DAGS_FOLDER/load_postrges.py', '--cfg-path', '/tmp/tmpuzfjbkr4']
[2026-02-14T17:51:41.878+0000] {standard_task_runner.py:105} INFO - Job 143: Subtask check_parse
[2026-02-14T17:51:41.886+0000] {warnings.py:109} WARNING - /home/***/.local/lib/python3.9/site-packages/***/settings.py:209: DeprecationWarning: The sql_alchemy_conn option in [core] has been moved to the sql_alchemy_conn option in [database] - the old setting has been used, but please update your config.
  SQL_ALCHEMY_CONN = conf.get("database", "SQL_ALCHEMY_CONN")

[2026-02-14T17:51:41.909+0000] {task_command.py:467} INFO - Running <TaskInstance: load_postgres.check_parse scheduled__2026-02-12T10:00:00+00:00 [running]> on host 9052c134cdec
[2026-02-14T17:51:41.910+0000] {warnings.py:109} WARNING - /home/***/.local/lib/python3.9/site-packages/***/settings.py:470: DeprecationWarning: The sql_alchemy_conn option in [core] has been moved to the sql_alchemy_conn option in [database] - the old setting has been used, but please update your config.
  if conf.get("database", "sql_alchemy_conn") == "none://":

[2026-02-14T17:51:41.953+0000] {taskinstance.py:3134} INFO - Exporting env vars: AIRFLOW_CTX_DAG_OWNER='a.sorokin' AIRFLOW_CTX_DAG_ID='load_postgres' AIRFLOW_CTX_TASK_ID='check_parse' AIRFLOW_CTX_EXECUTION_DATE='2026-02-12T10:00:00+00:00' AIRFLOW_CTX_TRY_NUMBER='1' AIRFLOW_CTX_DAG_RUN_ID='scheduled__2026-02-12T10:00:00+00:00'
[2026-02-14T17:51:41.954+0000] {taskinstance.py:732} INFO - ::endgroup::
[2026-02-14T17:51:41.961+0000] {baseoperator.py:423} WARNING - ExternalTaskSensor.execute cannot be called outside TaskInstance!
[2026-02-14T17:51:41.967+0000] {external_task.py:274} INFO - Poking for DAG 'parse_iot' on 2026-02-12T10:00:00+00:00 ... 
[2026-02-14T17:51:41.967+0000] {warnings.py:109} WARNING - /home/***/.local/lib/python3.9/site-packages/***/utils/session.py:97: DeprecationWarning: This method is deprecated and will be removed in future.
  return func(*args, session=session, **kwargs)

[2026-02-14T17:51:41.985+0000] {taskinstance.py:310} INFO - Rescheduling task, marking task as UP_FOR_RESCHEDULE
[2026-02-14T17:51:41.985+0000] {taskinstance.py:341} INFO - ::group::Post task execution logs
[2026-02-14T17:51:42.008+0000] {local_task_job_runner.py:266} INFO - Task exited with return code 0
[2026-02-14T17:51:42.025+0000] {taskinstance.py:3901} INFO - 0 downstream tasks scheduled from follow-on schedule check
[2026-02-14T17:51:42.026+0000] {local_task_job_runner.py:245} INFO - ::endgroup::
[2026-02-14T17:57:21.748+0000] {local_task_job_runner.py:123} INFO - ::group::Pre task execution logs
[2026-02-14T17:57:21.761+0000] {taskinstance.py:2614} INFO - Dependencies all met for dep_context=non-requeueable deps ti=<TaskInstance: load_postgres.check_parse scheduled__2026-02-12T10:00:00+00:00 [queued]>
[2026-02-14T17:57:21.767+0000] {taskinstance.py:2614} INFO - Dependencies all met for dep_context=requeueable deps ti=<TaskInstance: load_postgres.check_parse scheduled__2026-02-12T10:00:00+00:00 [queued]>
[2026-02-14T17:57:21.767+0000] {taskinstance.py:2867} INFO - Starting attempt 1 of 4
[2026-02-14T17:57:21.776+0000] {taskinstance.py:2890} INFO - Executing <Task(ExternalTaskSensor): check_parse> on 2026-02-12 10:00:00+00:00
[2026-02-14T17:57:21.781+0000] {standard_task_runner.py:72} INFO - Started process 831 to run task
[2026-02-14T17:57:21.783+0000] {standard_task_runner.py:104} INFO - Running: ['***', 'tasks', 'run', 'load_postgres', 'check_parse', 'scheduled__2026-02-12T10:00:00+00:00', '--job-id', '191', '--raw', '--subdir', 'DAGS_FOLDER/load_postrges.py', '--cfg-path', '/tmp/tmphhags7e6']
[2026-02-14T17:57:21.785+0000] {standard_task_runner.py:105} INFO - Job 191: Subtask check_parse
[2026-02-14T17:57:21.795+0000] {warnings.py:109} WARNING - /home/***/.local/lib/python3.9/site-packages/***/settings.py:209: DeprecationWarning: The sql_alchemy_conn option in [core] has been moved to the sql_alchemy_conn option in [database] - the old setting has been used, but please update your config.
  SQL_ALCHEMY_CONN = conf.get("database", "SQL_ALCHEMY_CONN")

[2026-02-14T17:57:21.821+0000] {task_command.py:467} INFO - Running <TaskInstance: load_postgres.check_parse scheduled__2026-02-12T10:00:00+00:00 [running]> on host 9052c134cdec
[2026-02-14T17:57:21.821+0000] {warnings.py:109} WARNING - /home/***/.local/lib/python3.9/site-packages/***/settings.py:470: DeprecationWarning: The sql_alchemy_conn option in [core] has been moved to the sql_alchemy_conn option in [database] - the old setting has been used, but please update your config.
  if conf.get("database", "sql_alchemy_conn") == "none://":

[2026-02-14T17:57:21.871+0000] {taskinstance.py:3134} INFO - Exporting env vars: AIRFLOW_CTX_DAG_OWNER='a.sorokin' AIRFLOW_CTX_DAG_ID='load_postgres' AIRFLOW_CTX_TASK_ID='check_parse' AIRFLOW_CTX_EXECUTION_DATE='2026-02-12T10:00:00+00:00' AIRFLOW_CTX_TRY_NUMBER='1' AIRFLOW_CTX_DAG_RUN_ID='scheduled__2026-02-12T10:00:00+00:00'
[2026-02-14T17:57:21.872+0000] {taskinstance.py:732} INFO - ::endgroup::
[2026-02-14T17:57:21.879+0000] {baseoperator.py:423} WARNING - ExternalTaskSensor.execute cannot be called outside TaskInstance!
[2026-02-14T17:57:21.885+0000] {external_task.py:274} INFO - Poking for DAG 'parse_iot' on 2026-02-12T10:00:00+00:00 ... 
[2026-02-14T17:57:21.886+0000] {warnings.py:109} WARNING - /home/***/.local/lib/python3.9/site-packages/***/utils/session.py:97: DeprecationWarning: This method is deprecated and will be removed in future.
  return func(*args, session=session, **kwargs)

[2026-02-14T17:57:21.891+0000] {base.py:339} INFO - Success criteria met. Exiting.
[2026-02-14T17:57:21.897+0000] {taskinstance.py:341} INFO - ::group::Post task execution logs
[2026-02-14T17:57:21.898+0000] {taskinstance.py:353} INFO - Marking task as SUCCESS. dag_id=load_postgres, task_id=check_parse, run_id=scheduled__2026-02-12T10:00:00+00:00, execution_date=20260212T100000, start_date=20260214T175721, end_date=20260214T175721
[2026-02-14T17:57:21.955+0000] {local_task_job_runner.py:266} INFO - Task exited with return code 0
[2026-02-14T17:57:21.974+0000] {taskinstance.py:3901} INFO - 1 downstream tasks scheduled from follow-on schedule check
[2026-02-14T17:57:21.980+0000] {local_task_job_runner.py:245} INFO - ::endgroup::
[2026-02-14T18:12:55.500+0000] {local_task_job_runner.py:123} INFO - ::group::Pre task execution logs
[2026-02-14T18:12:55.515+0000] {taskinstance.py:2614} INFO - Dependencies all met for dep_context=non-requeueable deps ti=<TaskInstance: load_postgres.check_parse scheduled__2026-02-12T10:00:00+00:00 [queued]>
[2026-02-14T18:12:55.521+0000] {taskinstance.py:2614} INFO - Dependencies all met for dep_context=requeueable deps ti=<TaskInstance: load_postgres.check_parse scheduled__2026-02-12T10:00:00+00:00 [queued]>
[2026-02-14T18:12:55.522+0000] {taskinstance.py:2867} INFO - Starting attempt 1 of 4
[2026-02-14T18:12:55.530+0000] {taskinstance.py:2890} INFO - Executing <Task(ExternalTaskSensor): check_parse> on 2026-02-12 10:00:00+00:00
[2026-02-14T18:12:55.534+0000] {standard_task_runner.py:72} INFO - Started process 196 to run task
[2026-02-14T18:12:55.537+0000] {standard_task_runner.py:104} INFO - Running: ['***', 'tasks', 'run', 'load_postgres', 'check_parse', 'scheduled__2026-02-12T10:00:00+00:00', '--job-id', '32', '--raw', '--subdir', 'DAGS_FOLDER/load_postrges.py', '--cfg-path', '/tmp/tmpgi9k6nn3']
[2026-02-14T18:12:55.539+0000] {standard_task_runner.py:105} INFO - Job 32: Subtask check_parse
[2026-02-14T18:12:55.550+0000] {warnings.py:109} WARNING - /home/***/.local/lib/python3.9/site-packages/***/settings.py:209: DeprecationWarning: The sql_alchemy_conn option in [core] has been moved to the sql_alchemy_conn option in [database] - the old setting has been used, but please update your config.
  SQL_ALCHEMY_CONN = conf.get("database", "SQL_ALCHEMY_CONN")

[2026-02-14T18:12:55.578+0000] {task_command.py:467} INFO - Running <TaskInstance: load_postgres.check_parse scheduled__2026-02-12T10:00:00+00:00 [running]> on host bb762b62a2c2
[2026-02-14T18:12:55.578+0000] {warnings.py:109} WARNING - /home/***/.local/lib/python3.9/site-packages/***/settings.py:470: DeprecationWarning: The sql_alchemy_conn option in [core] has been moved to the sql_alchemy_conn option in [database] - the old setting has been used, but please update your config.
  if conf.get("database", "sql_alchemy_conn") == "none://":

[2026-02-14T18:12:55.626+0000] {taskinstance.py:3134} INFO - Exporting env vars: AIRFLOW_CTX_DAG_OWNER='a.sorokin' AIRFLOW_CTX_DAG_ID='load_postgres' AIRFLOW_CTX_TASK_ID='check_parse' AIRFLOW_CTX_EXECUTION_DATE='2026-02-12T10:00:00+00:00' AIRFLOW_CTX_TRY_NUMBER='1' AIRFLOW_CTX_DAG_RUN_ID='scheduled__2026-02-12T10:00:00+00:00'
[2026-02-14T18:12:55.626+0000] {taskinstance.py:732} INFO - ::endgroup::
[2026-02-14T18:12:55.634+0000] {baseoperator.py:423} WARNING - ExternalTaskSensor.execute cannot be called outside TaskInstance!
[2026-02-14T18:12:55.641+0000] {external_task.py:274} INFO - Poking for DAG 'parse_iot' on 2026-02-12T10:00:00+00:00 ... 
[2026-02-14T18:12:55.642+0000] {warnings.py:109} WARNING - /home/***/.local/lib/python3.9/site-packages/***/utils/session.py:97: DeprecationWarning: This method is deprecated and will be removed in future.
  return func(*args, session=session, **kwargs)

[2026-02-14T18:12:55.669+0000] {taskinstance.py:310} INFO - Rescheduling task, marking task as UP_FOR_RESCHEDULE
[2026-02-14T18:12:55.669+0000] {taskinstance.py:341} INFO - ::group::Post task execution logs
[2026-02-14T18:12:55.709+0000] {local_task_job_runner.py:266} INFO - Task exited with return code 0
[2026-02-14T18:12:55.727+0000] {taskinstance.py:3901} INFO - 0 downstream tasks scheduled from follow-on schedule check
[2026-02-14T18:12:55.728+0000] {local_task_job_runner.py:245} INFO - ::endgroup::
[2026-02-14T18:16:03.460+0000] {local_task_job_runner.py:123} INFO - ::group::Pre task execution logs
[2026-02-14T18:16:03.474+0000] {taskinstance.py:2614} INFO - Dependencies all met for dep_context=non-requeueable deps ti=<TaskInstance: load_postgres.check_parse scheduled__2026-02-12T10:00:00+00:00 [queued]>
[2026-02-14T18:16:03.479+0000] {taskinstance.py:2614} INFO - Dependencies all met for dep_context=requeueable deps ti=<TaskInstance: load_postgres.check_parse scheduled__2026-02-12T10:00:00+00:00 [queued]>
[2026-02-14T18:16:03.479+0000] {taskinstance.py:2867} INFO - Starting attempt 1 of 4
[2026-02-14T18:16:03.486+0000] {taskinstance.py:2890} INFO - Executing <Task(ExternalTaskSensor): check_parse> on 2026-02-12 10:00:00+00:00
[2026-02-14T18:16:03.491+0000] {standard_task_runner.py:72} INFO - Started process 467 to run task
[2026-02-14T18:16:03.493+0000] {standard_task_runner.py:104} INFO - Running: ['***', 'tasks', 'run', 'load_postgres', 'check_parse', 'scheduled__2026-02-12T10:00:00+00:00', '--job-id', '100', '--raw', '--subdir', 'DAGS_FOLDER/load_postrges.py', '--cfg-path', '/tmp/tmpai_ijt_u']
[2026-02-14T18:16:03.494+0000] {standard_task_runner.py:105} INFO - Job 100: Subtask check_parse
[2026-02-14T18:16:03.503+0000] {warnings.py:109} WARNING - /home/***/.local/lib/python3.9/site-packages/***/settings.py:209: DeprecationWarning: The sql_alchemy_conn option in [core] has been moved to the sql_alchemy_conn option in [database] - the old setting has been used, but please update your config.
  SQL_ALCHEMY_CONN = conf.get("database", "SQL_ALCHEMY_CONN")

[2026-02-14T18:16:03.527+0000] {task_command.py:467} INFO - Running <TaskInstance: load_postgres.check_parse scheduled__2026-02-12T10:00:00+00:00 [running]> on host bb762b62a2c2
[2026-02-14T18:16:03.527+0000] {warnings.py:109} WARNING - /home/***/.local/lib/python3.9/site-packages/***/settings.py:470: DeprecationWarning: The sql_alchemy_conn option in [core] has been moved to the sql_alchemy_conn option in [database] - the old setting has been used, but please update your config.
  if conf.get("database", "sql_alchemy_conn") == "none://":

[2026-02-14T18:16:03.570+0000] {taskinstance.py:3134} INFO - Exporting env vars: AIRFLOW_CTX_DAG_OWNER='a.sorokin' AIRFLOW_CTX_DAG_ID='load_postgres' AIRFLOW_CTX_TASK_ID='check_parse' AIRFLOW_CTX_EXECUTION_DATE='2026-02-12T10:00:00+00:00' AIRFLOW_CTX_TRY_NUMBER='1' AIRFLOW_CTX_DAG_RUN_ID='scheduled__2026-02-12T10:00:00+00:00'
[2026-02-14T18:16:03.571+0000] {taskinstance.py:732} INFO - ::endgroup::
[2026-02-14T18:16:03.578+0000] {baseoperator.py:423} WARNING - ExternalTaskSensor.execute cannot be called outside TaskInstance!
[2026-02-14T18:16:03.584+0000] {external_task.py:274} INFO - Poking for DAG 'parse_iot' on 2026-02-12T10:00:00+00:00 ... 
[2026-02-14T18:16:03.584+0000] {warnings.py:109} WARNING - /home/***/.local/lib/python3.9/site-packages/***/utils/session.py:97: DeprecationWarning: This method is deprecated and will be removed in future.
  return func(*args, session=session, **kwargs)

[2026-02-14T18:16:03.602+0000] {taskinstance.py:310} INFO - Rescheduling task, marking task as UP_FOR_RESCHEDULE
[2026-02-14T18:16:03.602+0000] {taskinstance.py:341} INFO - ::group::Post task execution logs
[2026-02-14T18:16:03.625+0000] {local_task_job_runner.py:266} INFO - Task exited with return code 0
[2026-02-14T18:16:03.642+0000] {taskinstance.py:3901} INFO - 0 downstream tasks scheduled from follow-on schedule check
[2026-02-14T18:16:03.643+0000] {local_task_job_runner.py:245} INFO - ::endgroup::
[2026-02-14T18:17:06.068+0000] {local_task_job_runner.py:123} INFO - ::group::Pre task execution logs
[2026-02-14T18:17:06.082+0000] {taskinstance.py:2614} INFO - Dependencies all met for dep_context=non-requeueable deps ti=<TaskInstance: load_postgres.check_parse scheduled__2026-02-12T10:00:00+00:00 [queued]>
[2026-02-14T18:17:06.088+0000] {taskinstance.py:2614} INFO - Dependencies all met for dep_context=requeueable deps ti=<TaskInstance: load_postgres.check_parse scheduled__2026-02-12T10:00:00+00:00 [queued]>
[2026-02-14T18:17:06.088+0000] {taskinstance.py:2867} INFO - Starting attempt 1 of 4
[2026-02-14T18:17:06.096+0000] {taskinstance.py:2890} INFO - Executing <Task(ExternalTaskSensor): check_parse> on 2026-02-12 10:00:00+00:00
[2026-02-14T18:17:06.101+0000] {standard_task_runner.py:72} INFO - Started process 613 to run task
[2026-02-14T18:17:06.103+0000] {standard_task_runner.py:104} INFO - Running: ['***', 'tasks', 'run', 'load_postgres', 'check_parse', 'scheduled__2026-02-12T10:00:00+00:00', '--job-id', '136', '--raw', '--subdir', 'DAGS_FOLDER/load_postrges.py', '--cfg-path', '/tmp/tmpjukv8kyw']
[2026-02-14T18:17:06.106+0000] {standard_task_runner.py:105} INFO - Job 136: Subtask check_parse
[2026-02-14T18:17:06.115+0000] {warnings.py:109} WARNING - /home/***/.local/lib/python3.9/site-packages/***/settings.py:209: DeprecationWarning: The sql_alchemy_conn option in [core] has been moved to the sql_alchemy_conn option in [database] - the old setting has been used, but please update your config.
  SQL_ALCHEMY_CONN = conf.get("database", "SQL_ALCHEMY_CONN")

[2026-02-14T18:17:06.137+0000] {task_command.py:467} INFO - Running <TaskInstance: load_postgres.check_parse scheduled__2026-02-12T10:00:00+00:00 [running]> on host bb762b62a2c2
[2026-02-14T18:17:06.138+0000] {warnings.py:109} WARNING - /home/***/.local/lib/python3.9/site-packages/***/settings.py:470: DeprecationWarning: The sql_alchemy_conn option in [core] has been moved to the sql_alchemy_conn option in [database] - the old setting has been used, but please update your config.
  if conf.get("database", "sql_alchemy_conn") == "none://":

[2026-02-14T18:17:06.186+0000] {taskinstance.py:3134} INFO - Exporting env vars: AIRFLOW_CTX_DAG_OWNER='a.sorokin' AIRFLOW_CTX_DAG_ID='load_postgres' AIRFLOW_CTX_TASK_ID='check_parse' AIRFLOW_CTX_EXECUTION_DATE='2026-02-12T10:00:00+00:00' AIRFLOW_CTX_TRY_NUMBER='1' AIRFLOW_CTX_DAG_RUN_ID='scheduled__2026-02-12T10:00:00+00:00'
[2026-02-14T18:17:06.187+0000] {taskinstance.py:732} INFO - ::endgroup::
[2026-02-14T18:17:06.195+0000] {baseoperator.py:423} WARNING - ExternalTaskSensor.execute cannot be called outside TaskInstance!
[2026-02-14T18:17:06.200+0000] {external_task.py:274} INFO - Poking for DAG 'parse_iot' on 2026-02-12T10:00:00+00:00 ... 
[2026-02-14T18:17:06.201+0000] {warnings.py:109} WARNING - /home/***/.local/lib/python3.9/site-packages/***/utils/session.py:97: DeprecationWarning: This method is deprecated and will be removed in future.
  return func(*args, session=session, **kwargs)

[2026-02-14T18:17:06.218+0000] {taskinstance.py:310} INFO - Rescheduling task, marking task as UP_FOR_RESCHEDULE
[2026-02-14T18:17:06.219+0000] {taskinstance.py:341} INFO - ::group::Post task execution logs
[2026-02-14T18:17:06.235+0000] {local_task_job_runner.py:266} INFO - Task exited with return code 0
[2026-02-14T18:17:06.253+0000] {taskinstance.py:3901} INFO - 0 downstream tasks scheduled from follow-on schedule check
[2026-02-14T18:17:06.254+0000] {local_task_job_runner.py:245} INFO - ::endgroup::
[2026-02-14T18:18:07.185+0000] {local_task_job_runner.py:123} INFO - ::group::Pre task execution logs
[2026-02-14T18:18:07.203+0000] {taskinstance.py:2614} INFO - Dependencies all met for dep_context=non-requeueable deps ti=<TaskInstance: load_postgres.check_parse scheduled__2026-02-12T10:00:00+00:00 [queued]>
[2026-02-14T18:18:07.212+0000] {taskinstance.py:2614} INFO - Dependencies all met for dep_context=requeueable deps ti=<TaskInstance: load_postgres.check_parse scheduled__2026-02-12T10:00:00+00:00 [queued]>
[2026-02-14T18:18:07.212+0000] {taskinstance.py:2867} INFO - Starting attempt 1 of 4
[2026-02-14T18:18:07.224+0000] {taskinstance.py:2890} INFO - Executing <Task(ExternalTaskSensor): check_parse> on 2026-02-12 10:00:00+00:00
[2026-02-14T18:18:07.233+0000] {standard_task_runner.py:72} INFO - Started process 715 to run task
[2026-02-14T18:18:07.235+0000] {standard_task_runner.py:104} INFO - Running: ['***', 'tasks', 'run', 'load_postgres', 'check_parse', 'scheduled__2026-02-12T10:00:00+00:00', '--job-id', '162', '--raw', '--subdir', 'DAGS_FOLDER/load_postrges.py', '--cfg-path', '/tmp/tmpwlu0o420']
[2026-02-14T18:18:07.239+0000] {standard_task_runner.py:105} INFO - Job 162: Subtask check_parse
[2026-02-14T18:18:07.251+0000] {warnings.py:109} WARNING - /home/***/.local/lib/python3.9/site-packages/***/settings.py:209: DeprecationWarning: The sql_alchemy_conn option in [core] has been moved to the sql_alchemy_conn option in [database] - the old setting has been used, but please update your config.
  SQL_ALCHEMY_CONN = conf.get("database", "SQL_ALCHEMY_CONN")

[2026-02-14T18:18:07.281+0000] {task_command.py:467} INFO - Running <TaskInstance: load_postgres.check_parse scheduled__2026-02-12T10:00:00+00:00 [running]> on host bb762b62a2c2
[2026-02-14T18:18:07.281+0000] {warnings.py:109} WARNING - /home/***/.local/lib/python3.9/site-packages/***/settings.py:470: DeprecationWarning: The sql_alchemy_conn option in [core] has been moved to the sql_alchemy_conn option in [database] - the old setting has been used, but please update your config.
  if conf.get("database", "sql_alchemy_conn") == "none://":

[2026-02-14T18:18:07.346+0000] {taskinstance.py:3134} INFO - Exporting env vars: AIRFLOW_CTX_DAG_OWNER='a.sorokin' AIRFLOW_CTX_DAG_ID='load_postgres' AIRFLOW_CTX_TASK_ID='check_parse' AIRFLOW_CTX_EXECUTION_DATE='2026-02-12T10:00:00+00:00' AIRFLOW_CTX_TRY_NUMBER='1' AIRFLOW_CTX_DAG_RUN_ID='scheduled__2026-02-12T10:00:00+00:00'
[2026-02-14T18:18:07.347+0000] {taskinstance.py:732} INFO - ::endgroup::
[2026-02-14T18:18:07.356+0000] {baseoperator.py:423} WARNING - ExternalTaskSensor.execute cannot be called outside TaskInstance!
[2026-02-14T18:18:07.363+0000] {external_task.py:274} INFO - Poking for DAG 'parse_iot' on 2026-02-12T10:00:00+00:00 ... 
[2026-02-14T18:18:07.364+0000] {warnings.py:109} WARNING - /home/***/.local/lib/python3.9/site-packages/***/utils/session.py:97: DeprecationWarning: This method is deprecated and will be removed in future.
  return func(*args, session=session, **kwargs)

[2026-02-14T18:18:07.374+0000] {base.py:339} INFO - Success criteria met. Exiting.
[2026-02-14T18:18:07.383+0000] {taskinstance.py:341} INFO - ::group::Post task execution logs
[2026-02-14T18:18:07.383+0000] {taskinstance.py:353} INFO - Marking task as SUCCESS. dag_id=load_postgres, task_id=check_parse, run_id=scheduled__2026-02-12T10:00:00+00:00, execution_date=20260212T100000, start_date=20260214T181807, end_date=20260214T181807
[2026-02-14T18:18:07.448+0000] {local_task_job_runner.py:266} INFO - Task exited with return code 0
[2026-02-14T18:18:07.466+0000] {taskinstance.py:3901} INFO - 1 downstream tasks scheduled from follow-on schedule check
[2026-02-14T18:18:07.467+0000] {local_task_job_runner.py:245} INFO - ::endgroup::
[2026-02-16T14:44:48.881+0000] {local_task_job_runner.py:123} INFO - ::group::Pre task execution logs
[2026-02-16T14:44:48.894+0000] {taskinstance.py:2614} INFO - Dependencies all met for dep_context=non-requeueable deps ti=<TaskInstance: load_postgres.check_parse scheduled__2026-02-12T10:00:00+00:00 [queued]>
[2026-02-16T14:44:48.898+0000] {taskinstance.py:2614} INFO - Dependencies all met for dep_context=requeueable deps ti=<TaskInstance: load_postgres.check_parse scheduled__2026-02-12T10:00:00+00:00 [queued]>
[2026-02-16T14:44:48.898+0000] {taskinstance.py:2867} INFO - Starting attempt 1 of 4
[2026-02-16T14:44:48.905+0000] {taskinstance.py:2890} INFO - Executing <Task(ExternalTaskSensor): check_parse> on 2026-02-12 10:00:00+00:00
[2026-02-16T14:44:48.909+0000] {standard_task_runner.py:72} INFO - Started process 193 to run task
[2026-02-16T14:44:48.911+0000] {standard_task_runner.py:104} INFO - Running: ['***', 'tasks', 'run', 'load_postgres', 'check_parse', 'scheduled__2026-02-12T10:00:00+00:00', '--job-id', '26', '--raw', '--subdir', 'DAGS_FOLDER/load_postrges.py', '--cfg-path', '/tmp/tmp5p076fhn']
[2026-02-16T14:44:48.913+0000] {standard_task_runner.py:105} INFO - Job 26: Subtask check_parse
[2026-02-16T14:44:48.923+0000] {warnings.py:109} WARNING - /home/***/.local/lib/python3.9/site-packages/***/settings.py:209: DeprecationWarning: The sql_alchemy_conn option in [core] has been moved to the sql_alchemy_conn option in [database] - the old setting has been used, but please update your config.
  SQL_ALCHEMY_CONN = conf.get("database", "SQL_ALCHEMY_CONN")

[2026-02-16T14:44:48.945+0000] {task_command.py:467} INFO - Running <TaskInstance: load_postgres.check_parse scheduled__2026-02-12T10:00:00+00:00 [running]> on host cd96c4fa192f
[2026-02-16T14:44:48.946+0000] {warnings.py:109} WARNING - /home/***/.local/lib/python3.9/site-packages/***/settings.py:470: DeprecationWarning: The sql_alchemy_conn option in [core] has been moved to the sql_alchemy_conn option in [database] - the old setting has been used, but please update your config.
  if conf.get("database", "sql_alchemy_conn") == "none://":

[2026-02-16T14:44:48.999+0000] {taskinstance.py:3134} INFO - Exporting env vars: AIRFLOW_CTX_DAG_OWNER='a.sorokin' AIRFLOW_CTX_DAG_ID='load_postgres' AIRFLOW_CTX_TASK_ID='check_parse' AIRFLOW_CTX_EXECUTION_DATE='2026-02-12T10:00:00+00:00' AIRFLOW_CTX_TRY_NUMBER='1' AIRFLOW_CTX_DAG_RUN_ID='scheduled__2026-02-12T10:00:00+00:00'
[2026-02-16T14:44:49.000+0000] {taskinstance.py:732} INFO - ::endgroup::
[2026-02-16T14:44:49.007+0000] {baseoperator.py:423} WARNING - ExternalTaskSensor.execute cannot be called outside TaskInstance!
[2026-02-16T14:44:49.012+0000] {external_task.py:274} INFO - Poking for DAG 'parse_iot' on 2026-02-12T10:00:00+00:00 ... 
[2026-02-16T14:44:49.013+0000] {warnings.py:109} WARNING - /home/***/.local/lib/python3.9/site-packages/***/utils/session.py:97: DeprecationWarning: This method is deprecated and will be removed in future.
  return func(*args, session=session, **kwargs)

[2026-02-16T14:44:49.029+0000] {taskinstance.py:310} INFO - Rescheduling task, marking task as UP_FOR_RESCHEDULE
[2026-02-16T14:44:49.029+0000] {taskinstance.py:341} INFO - ::group::Post task execution logs
[2026-02-16T14:44:49.043+0000] {local_task_job_runner.py:266} INFO - Task exited with return code 0
[2026-02-16T14:44:49.059+0000] {taskinstance.py:3901} INFO - 0 downstream tasks scheduled from follow-on schedule check
[2026-02-16T14:44:49.060+0000] {local_task_job_runner.py:245} INFO - ::endgroup::
[2026-02-16T14:45:51.241+0000] {local_task_job_runner.py:123} INFO - ::group::Pre task execution logs
[2026-02-16T14:45:51.255+0000] {taskinstance.py:2614} INFO - Dependencies all met for dep_context=non-requeueable deps ti=<TaskInstance: load_postgres.check_parse scheduled__2026-02-12T10:00:00+00:00 [queued]>
[2026-02-16T14:45:51.261+0000] {taskinstance.py:2614} INFO - Dependencies all met for dep_context=requeueable deps ti=<TaskInstance: load_postgres.check_parse scheduled__2026-02-12T10:00:00+00:00 [queued]>
[2026-02-16T14:45:51.261+0000] {taskinstance.py:2867} INFO - Starting attempt 1 of 4
[2026-02-16T14:45:51.269+0000] {taskinstance.py:2890} INFO - Executing <Task(ExternalTaskSensor): check_parse> on 2026-02-12 10:00:00+00:00
[2026-02-16T14:45:51.273+0000] {standard_task_runner.py:72} INFO - Started process 344 to run task
[2026-02-16T14:45:51.276+0000] {standard_task_runner.py:104} INFO - Running: ['***', 'tasks', 'run', 'load_postgres', 'check_parse', 'scheduled__2026-02-12T10:00:00+00:00', '--job-id', '63', '--raw', '--subdir', 'DAGS_FOLDER/load_postrges.py', '--cfg-path', '/tmp/tmpkem613_o']
[2026-02-16T14:45:51.278+0000] {standard_task_runner.py:105} INFO - Job 63: Subtask check_parse
[2026-02-16T14:45:51.287+0000] {warnings.py:109} WARNING - /home/***/.local/lib/python3.9/site-packages/***/settings.py:209: DeprecationWarning: The sql_alchemy_conn option in [core] has been moved to the sql_alchemy_conn option in [database] - the old setting has been used, but please update your config.
  SQL_ALCHEMY_CONN = conf.get("database", "SQL_ALCHEMY_CONN")

[2026-02-16T14:45:51.316+0000] {task_command.py:467} INFO - Running <TaskInstance: load_postgres.check_parse scheduled__2026-02-12T10:00:00+00:00 [running]> on host cd96c4fa192f
[2026-02-16T14:45:51.317+0000] {warnings.py:109} WARNING - /home/***/.local/lib/python3.9/site-packages/***/settings.py:470: DeprecationWarning: The sql_alchemy_conn option in [core] has been moved to the sql_alchemy_conn option in [database] - the old setting has been used, but please update your config.
  if conf.get("database", "sql_alchemy_conn") == "none://":

[2026-02-16T14:45:51.363+0000] {taskinstance.py:3134} INFO - Exporting env vars: AIRFLOW_CTX_DAG_OWNER='a.sorokin' AIRFLOW_CTX_DAG_ID='load_postgres' AIRFLOW_CTX_TASK_ID='check_parse' AIRFLOW_CTX_EXECUTION_DATE='2026-02-12T10:00:00+00:00' AIRFLOW_CTX_TRY_NUMBER='1' AIRFLOW_CTX_DAG_RUN_ID='scheduled__2026-02-12T10:00:00+00:00'
[2026-02-16T14:45:51.363+0000] {taskinstance.py:732} INFO - ::endgroup::
[2026-02-16T14:45:51.371+0000] {baseoperator.py:423} WARNING - ExternalTaskSensor.execute cannot be called outside TaskInstance!
[2026-02-16T14:45:51.377+0000] {external_task.py:274} INFO - Poking for DAG 'parse_iot' on 2026-02-12T10:00:00+00:00 ... 
[2026-02-16T14:45:51.377+0000] {warnings.py:109} WARNING - /home/***/.local/lib/python3.9/site-packages/***/utils/session.py:97: DeprecationWarning: This method is deprecated and will be removed in future.
  return func(*args, session=session, **kwargs)

[2026-02-16T14:45:51.395+0000] {taskinstance.py:310} INFO - Rescheduling task, marking task as UP_FOR_RESCHEDULE
[2026-02-16T14:45:51.395+0000] {taskinstance.py:341} INFO - ::group::Post task execution logs
[2026-02-16T14:45:51.408+0000] {local_task_job_runner.py:266} INFO - Task exited with return code 0
[2026-02-16T14:45:51.425+0000] {taskinstance.py:3901} INFO - 0 downstream tasks scheduled from follow-on schedule check
[2026-02-16T14:45:51.426+0000] {local_task_job_runner.py:245} INFO - ::endgroup::
[2026-02-16T14:46:53.456+0000] {local_task_job_runner.py:123} INFO - ::group::Pre task execution logs
[2026-02-16T14:46:53.469+0000] {taskinstance.py:2614} INFO - Dependencies all met for dep_context=non-requeueable deps ti=<TaskInstance: load_postgres.check_parse scheduled__2026-02-12T10:00:00+00:00 [queued]>
[2026-02-16T14:46:53.473+0000] {taskinstance.py:2614} INFO - Dependencies all met for dep_context=requeueable deps ti=<TaskInstance: load_postgres.check_parse scheduled__2026-02-12T10:00:00+00:00 [queued]>
[2026-02-16T14:46:53.474+0000] {taskinstance.py:2867} INFO - Starting attempt 1 of 4
[2026-02-16T14:46:53.480+0000] {taskinstance.py:2890} INFO - Executing <Task(ExternalTaskSensor): check_parse> on 2026-02-12 10:00:00+00:00
[2026-02-16T14:46:53.485+0000] {standard_task_runner.py:72} INFO - Started process 498 to run task
[2026-02-16T14:46:53.487+0000] {standard_task_runner.py:104} INFO - Running: ['***', 'tasks', 'run', 'load_postgres', 'check_parse', 'scheduled__2026-02-12T10:00:00+00:00', '--job-id', '102', '--raw', '--subdir', 'DAGS_FOLDER/load_postrges.py', '--cfg-path', '/tmp/tmpi6e_9d26']
[2026-02-16T14:46:53.488+0000] {standard_task_runner.py:105} INFO - Job 102: Subtask check_parse
[2026-02-16T14:46:53.496+0000] {warnings.py:109} WARNING - /home/***/.local/lib/python3.9/site-packages/***/settings.py:209: DeprecationWarning: The sql_alchemy_conn option in [core] has been moved to the sql_alchemy_conn option in [database] - the old setting has been used, but please update your config.
  SQL_ALCHEMY_CONN = conf.get("database", "SQL_ALCHEMY_CONN")

[2026-02-16T14:46:53.519+0000] {task_command.py:467} INFO - Running <TaskInstance: load_postgres.check_parse scheduled__2026-02-12T10:00:00+00:00 [running]> on host cd96c4fa192f
[2026-02-16T14:46:53.519+0000] {warnings.py:109} WARNING - /home/***/.local/lib/python3.9/site-packages/***/settings.py:470: DeprecationWarning: The sql_alchemy_conn option in [core] has been moved to the sql_alchemy_conn option in [database] - the old setting has been used, but please update your config.
  if conf.get("database", "sql_alchemy_conn") == "none://":

[2026-02-16T14:46:53.560+0000] {taskinstance.py:3134} INFO - Exporting env vars: AIRFLOW_CTX_DAG_OWNER='a.sorokin' AIRFLOW_CTX_DAG_ID='load_postgres' AIRFLOW_CTX_TASK_ID='check_parse' AIRFLOW_CTX_EXECUTION_DATE='2026-02-12T10:00:00+00:00' AIRFLOW_CTX_TRY_NUMBER='1' AIRFLOW_CTX_DAG_RUN_ID='scheduled__2026-02-12T10:00:00+00:00'
[2026-02-16T14:46:53.561+0000] {taskinstance.py:732} INFO - ::endgroup::
[2026-02-16T14:46:53.568+0000] {baseoperator.py:423} WARNING - ExternalTaskSensor.execute cannot be called outside TaskInstance!
[2026-02-16T14:46:53.573+0000] {external_task.py:274} INFO - Poking for DAG 'parse_iot' on 2026-02-12T10:00:00+00:00 ... 
[2026-02-16T14:46:53.573+0000] {warnings.py:109} WARNING - /home/***/.local/lib/python3.9/site-packages/***/utils/session.py:97: DeprecationWarning: This method is deprecated and will be removed in future.
  return func(*args, session=session, **kwargs)

[2026-02-16T14:46:53.590+0000] {taskinstance.py:310} INFO - Rescheduling task, marking task as UP_FOR_RESCHEDULE
[2026-02-16T14:46:53.591+0000] {taskinstance.py:341} INFO - ::group::Post task execution logs
[2026-02-16T14:46:53.618+0000] {local_task_job_runner.py:266} INFO - Task exited with return code 0
[2026-02-16T14:46:53.635+0000] {taskinstance.py:3901} INFO - 0 downstream tasks scheduled from follow-on schedule check
[2026-02-16T14:46:53.636+0000] {local_task_job_runner.py:245} INFO - ::endgroup::
[2026-02-16T14:47:54.686+0000] {local_task_job_runner.py:123} INFO - ::group::Pre task execution logs
[2026-02-16T14:47:54.699+0000] {taskinstance.py:2614} INFO - Dependencies all met for dep_context=non-requeueable deps ti=<TaskInstance: load_postgres.check_parse scheduled__2026-02-12T10:00:00+00:00 [queued]>
[2026-02-16T14:47:54.705+0000] {taskinstance.py:2614} INFO - Dependencies all met for dep_context=requeueable deps ti=<TaskInstance: load_postgres.check_parse scheduled__2026-02-12T10:00:00+00:00 [queued]>
[2026-02-16T14:47:54.705+0000] {taskinstance.py:2867} INFO - Starting attempt 1 of 4
[2026-02-16T14:47:54.711+0000] {taskinstance.py:2890} INFO - Executing <Task(ExternalTaskSensor): check_parse> on 2026-02-12 10:00:00+00:00
[2026-02-16T14:47:54.716+0000] {standard_task_runner.py:72} INFO - Started process 590 to run task
[2026-02-16T14:47:54.718+0000] {standard_task_runner.py:104} INFO - Running: ['***', 'tasks', 'run', 'load_postgres', 'check_parse', 'scheduled__2026-02-12T10:00:00+00:00', '--job-id', '125', '--raw', '--subdir', 'DAGS_FOLDER/load_postrges.py', '--cfg-path', '/tmp/tmpqffbis30']
[2026-02-16T14:47:54.719+0000] {standard_task_runner.py:105} INFO - Job 125: Subtask check_parse
[2026-02-16T14:47:54.727+0000] {warnings.py:109} WARNING - /home/***/.local/lib/python3.9/site-packages/***/settings.py:209: DeprecationWarning: The sql_alchemy_conn option in [core] has been moved to the sql_alchemy_conn option in [database] - the old setting has been used, but please update your config.
  SQL_ALCHEMY_CONN = conf.get("database", "SQL_ALCHEMY_CONN")

[2026-02-16T14:47:54.751+0000] {task_command.py:467} INFO - Running <TaskInstance: load_postgres.check_parse scheduled__2026-02-12T10:00:00+00:00 [running]> on host cd96c4fa192f
[2026-02-16T14:47:54.751+0000] {warnings.py:109} WARNING - /home/***/.local/lib/python3.9/site-packages/***/settings.py:470: DeprecationWarning: The sql_alchemy_conn option in [core] has been moved to the sql_alchemy_conn option in [database] - the old setting has been used, but please update your config.
  if conf.get("database", "sql_alchemy_conn") == "none://":

[2026-02-16T14:47:54.794+0000] {taskinstance.py:3134} INFO - Exporting env vars: AIRFLOW_CTX_DAG_OWNER='a.sorokin' AIRFLOW_CTX_DAG_ID='load_postgres' AIRFLOW_CTX_TASK_ID='check_parse' AIRFLOW_CTX_EXECUTION_DATE='2026-02-12T10:00:00+00:00' AIRFLOW_CTX_TRY_NUMBER='1' AIRFLOW_CTX_DAG_RUN_ID='scheduled__2026-02-12T10:00:00+00:00'
[2026-02-16T14:47:54.795+0000] {taskinstance.py:732} INFO - ::endgroup::
[2026-02-16T14:47:54.803+0000] {baseoperator.py:423} WARNING - ExternalTaskSensor.execute cannot be called outside TaskInstance!
[2026-02-16T14:47:54.810+0000] {external_task.py:274} INFO - Poking for DAG 'parse_iot' on 2026-02-12T10:00:00+00:00 ... 
[2026-02-16T14:47:54.810+0000] {warnings.py:109} WARNING - /home/***/.local/lib/python3.9/site-packages/***/utils/session.py:97: DeprecationWarning: This method is deprecated and will be removed in future.
  return func(*args, session=session, **kwargs)

[2026-02-16T14:47:54.831+0000] {taskinstance.py:310} INFO - Rescheduling task, marking task as UP_FOR_RESCHEDULE
[2026-02-16T14:47:54.831+0000] {taskinstance.py:341} INFO - ::group::Post task execution logs
[2026-02-16T14:47:54.850+0000] {local_task_job_runner.py:266} INFO - Task exited with return code 0
[2026-02-16T14:47:54.867+0000] {taskinstance.py:3901} INFO - 0 downstream tasks scheduled from follow-on schedule check
[2026-02-16T14:47:54.868+0000] {local_task_job_runner.py:245} INFO - ::endgroup::
[2026-02-16T14:48:56.049+0000] {local_task_job_runner.py:123} INFO - ::group::Pre task execution logs
[2026-02-16T14:48:56.067+0000] {taskinstance.py:2614} INFO - Dependencies all met for dep_context=non-requeueable deps ti=<TaskInstance: load_postgres.check_parse scheduled__2026-02-12T10:00:00+00:00 [queued]>
[2026-02-16T14:48:56.074+0000] {taskinstance.py:2614} INFO - Dependencies all met for dep_context=requeueable deps ti=<TaskInstance: load_postgres.check_parse scheduled__2026-02-12T10:00:00+00:00 [queued]>
[2026-02-16T14:48:56.075+0000] {taskinstance.py:2867} INFO - Starting attempt 1 of 4
[2026-02-16T14:48:56.086+0000] {taskinstance.py:2890} INFO - Executing <Task(ExternalTaskSensor): check_parse> on 2026-02-12 10:00:00+00:00
[2026-02-16T14:48:56.093+0000] {standard_task_runner.py:72} INFO - Started process 688 to run task
[2026-02-16T14:48:56.095+0000] {standard_task_runner.py:104} INFO - Running: ['***', 'tasks', 'run', 'load_postgres', 'check_parse', 'scheduled__2026-02-12T10:00:00+00:00', '--job-id', '149', '--raw', '--subdir', 'DAGS_FOLDER/load_postrges.py', '--cfg-path', '/tmp/tmplkdr9rw1']
[2026-02-16T14:48:56.097+0000] {standard_task_runner.py:105} INFO - Job 149: Subtask check_parse
[2026-02-16T14:48:56.108+0000] {warnings.py:109} WARNING - /home/***/.local/lib/python3.9/site-packages/***/settings.py:209: DeprecationWarning: The sql_alchemy_conn option in [core] has been moved to the sql_alchemy_conn option in [database] - the old setting has been used, but please update your config.
  SQL_ALCHEMY_CONN = conf.get("database", "SQL_ALCHEMY_CONN")

[2026-02-16T14:48:56.134+0000] {task_command.py:467} INFO - Running <TaskInstance: load_postgres.check_parse scheduled__2026-02-12T10:00:00+00:00 [running]> on host cd96c4fa192f
[2026-02-16T14:48:56.135+0000] {warnings.py:109} WARNING - /home/***/.local/lib/python3.9/site-packages/***/settings.py:470: DeprecationWarning: The sql_alchemy_conn option in [core] has been moved to the sql_alchemy_conn option in [database] - the old setting has been used, but please update your config.
  if conf.get("database", "sql_alchemy_conn") == "none://":

[2026-02-16T14:48:56.188+0000] {taskinstance.py:3134} INFO - Exporting env vars: AIRFLOW_CTX_DAG_OWNER='a.sorokin' AIRFLOW_CTX_DAG_ID='load_postgres' AIRFLOW_CTX_TASK_ID='check_parse' AIRFLOW_CTX_EXECUTION_DATE='2026-02-12T10:00:00+00:00' AIRFLOW_CTX_TRY_NUMBER='1' AIRFLOW_CTX_DAG_RUN_ID='scheduled__2026-02-12T10:00:00+00:00'
[2026-02-16T14:48:56.189+0000] {taskinstance.py:732} INFO - ::endgroup::
[2026-02-16T14:48:56.199+0000] {baseoperator.py:423} WARNING - ExternalTaskSensor.execute cannot be called outside TaskInstance!
[2026-02-16T14:48:56.206+0000] {external_task.py:274} INFO - Poking for DAG 'parse_iot' on 2026-02-12T10:00:00+00:00 ... 
[2026-02-16T14:48:56.207+0000] {warnings.py:109} WARNING - /home/***/.local/lib/python3.9/site-packages/***/utils/session.py:97: DeprecationWarning: This method is deprecated and will be removed in future.
  return func(*args, session=session, **kwargs)

[2026-02-16T14:48:56.225+0000] {taskinstance.py:310} INFO - Rescheduling task, marking task as UP_FOR_RESCHEDULE
[2026-02-16T14:48:56.226+0000] {taskinstance.py:341} INFO - ::group::Post task execution logs
[2026-02-16T14:48:56.268+0000] {local_task_job_runner.py:266} INFO - Task exited with return code 0
[2026-02-16T14:48:56.289+0000] {taskinstance.py:3901} INFO - 0 downstream tasks scheduled from follow-on schedule check
[2026-02-16T14:48:56.290+0000] {local_task_job_runner.py:245} INFO - ::endgroup::
