[2026-02-14T16:34:42.263+0000] {local_task_job_runner.py:123} INFO - ::group::Pre task execution logs
[2026-02-14T16:34:42.279+0000] {taskinstance.py:2614} INFO - Dependencies all met for dep_context=non-requeueable deps ti=<TaskInstance: parse_iot.sort_in_out scheduled__2026-02-12T10:00:00+00:00 [queued]>
[2026-02-14T16:34:42.285+0000] {taskinstance.py:2614} INFO - Dependencies all met for dep_context=requeueable deps ti=<TaskInstance: parse_iot.sort_in_out scheduled__2026-02-12T10:00:00+00:00 [queued]>
[2026-02-14T16:34:42.285+0000] {taskinstance.py:2867} INFO - Starting attempt 1 of 4
[2026-02-14T16:34:42.292+0000] {taskinstance.py:2890} INFO - Executing <Task(PythonOperator): sort_in_out> on 2026-02-12 10:00:00+00:00
[2026-02-14T16:34:42.296+0000] {standard_task_runner.py:72} INFO - Started process 691 to run task
[2026-02-14T16:34:42.298+0000] {standard_task_runner.py:104} INFO - Running: ['***', 'tasks', 'run', 'parse_iot', 'sort_in_out', 'scheduled__2026-02-12T10:00:00+00:00', '--job-id', '156', '--raw', '--subdir', 'DAGS_FOLDER/parse_iot.py', '--cfg-path', '/tmp/tmp5oz792g2']
[2026-02-14T16:34:42.300+0000] {standard_task_runner.py:105} INFO - Job 156: Subtask sort_in_out
[2026-02-14T16:34:42.307+0000] {warnings.py:109} WARNING - /home/***/.local/lib/python3.9/site-packages/***/settings.py:209: DeprecationWarning: The sql_alchemy_conn option in [core] has been moved to the sql_alchemy_conn option in [database] - the old setting has been used, but please update your config.
  SQL_ALCHEMY_CONN = conf.get("database", "SQL_ALCHEMY_CONN")

[2026-02-14T16:34:42.327+0000] {task_command.py:467} INFO - Running <TaskInstance: parse_iot.sort_in_out scheduled__2026-02-12T10:00:00+00:00 [running]> on host a5c4ed865bb5
[2026-02-14T16:34:42.328+0000] {warnings.py:109} WARNING - /home/***/.local/lib/python3.9/site-packages/***/settings.py:470: DeprecationWarning: The sql_alchemy_conn option in [core] has been moved to the sql_alchemy_conn option in [database] - the old setting has been used, but please update your config.
  if conf.get("database", "sql_alchemy_conn") == "none://":

[2026-02-14T16:34:42.373+0000] {taskinstance.py:3134} INFO - Exporting env vars: AIRFLOW_CTX_DAG_OWNER='a.sorokin' AIRFLOW_CTX_DAG_ID='parse_iot' AIRFLOW_CTX_TASK_ID='sort_in_out' AIRFLOW_CTX_EXECUTION_DATE='2026-02-12T10:00:00+00:00' AIRFLOW_CTX_TRY_NUMBER='1' AIRFLOW_CTX_DAG_RUN_ID='scheduled__2026-02-12T10:00:00+00:00'
[2026-02-14T16:34:42.374+0000] {taskinstance.py:732} INFO - ::endgroup::
[2026-02-14T16:34:42.381+0000] {parse_iot.py:102} INFO - text
[2026-02-14T16:34:42.381+0000] {python.py:240} INFO - Done. Returned value was: None
[2026-02-14T16:34:42.387+0000] {taskinstance.py:341} INFO - ::group::Post task execution logs
[2026-02-14T16:34:42.387+0000] {taskinstance.py:353} INFO - Marking task as SUCCESS. dag_id=parse_iot, task_id=sort_in_out, run_id=scheduled__2026-02-12T10:00:00+00:00, execution_date=20260212T100000, start_date=20260214T163442, end_date=20260214T163442
[2026-02-14T16:34:42.430+0000] {local_task_job_runner.py:266} INFO - Task exited with return code 0
[2026-02-14T16:34:42.447+0000] {taskinstance.py:3901} INFO - 0 downstream tasks scheduled from follow-on schedule check
[2026-02-14T16:34:42.448+0000] {local_task_job_runner.py:245} INFO - ::endgroup::
[2026-02-14T17:52:09.227+0000] {local_task_job_runner.py:123} INFO - ::group::Pre task execution logs
[2026-02-14T17:52:09.243+0000] {taskinstance.py:2614} INFO - Dependencies all met for dep_context=non-requeueable deps ti=<TaskInstance: parse_iot.sort_in_out scheduled__2026-02-12T10:00:00+00:00 [queued]>
[2026-02-14T17:52:09.251+0000] {taskinstance.py:2614} INFO - Dependencies all met for dep_context=requeueable deps ti=<TaskInstance: parse_iot.sort_in_out scheduled__2026-02-12T10:00:00+00:00 [queued]>
[2026-02-14T17:52:09.252+0000] {taskinstance.py:2867} INFO - Starting attempt 1 of 4
[2026-02-14T17:52:09.258+0000] {taskinstance.py:2890} INFO - Executing <Task(PythonOperator): sort_in_out> on 2026-02-12 10:00:00+00:00
[2026-02-14T17:52:09.263+0000] {standard_task_runner.py:72} INFO - Started process 687 to run task
[2026-02-14T17:52:09.265+0000] {standard_task_runner.py:104} INFO - Running: ['***', 'tasks', 'run', 'parse_iot', 'sort_in_out', 'scheduled__2026-02-12T10:00:00+00:00', '--job-id', '155', '--raw', '--subdir', 'DAGS_FOLDER/parse_iot.py', '--cfg-path', '/tmp/tmpautjioh_']
[2026-02-14T17:52:09.267+0000] {standard_task_runner.py:105} INFO - Job 155: Subtask sort_in_out
[2026-02-14T17:52:09.275+0000] {warnings.py:109} WARNING - /home/***/.local/lib/python3.9/site-packages/***/settings.py:209: DeprecationWarning: The sql_alchemy_conn option in [core] has been moved to the sql_alchemy_conn option in [database] - the old setting has been used, but please update your config.
  SQL_ALCHEMY_CONN = conf.get("database", "SQL_ALCHEMY_CONN")

[2026-02-14T17:52:09.296+0000] {task_command.py:467} INFO - Running <TaskInstance: parse_iot.sort_in_out scheduled__2026-02-12T10:00:00+00:00 [running]> on host 9052c134cdec
[2026-02-14T17:52:09.297+0000] {warnings.py:109} WARNING - /home/***/.local/lib/python3.9/site-packages/***/settings.py:470: DeprecationWarning: The sql_alchemy_conn option in [core] has been moved to the sql_alchemy_conn option in [database] - the old setting has been used, but please update your config.
  if conf.get("database", "sql_alchemy_conn") == "none://":

[2026-02-14T17:52:09.346+0000] {taskinstance.py:3134} INFO - Exporting env vars: AIRFLOW_CTX_DAG_OWNER='a.sorokin' AIRFLOW_CTX_DAG_ID='parse_iot' AIRFLOW_CTX_TASK_ID='sort_in_out' AIRFLOW_CTX_EXECUTION_DATE='2026-02-12T10:00:00+00:00' AIRFLOW_CTX_TRY_NUMBER='1' AIRFLOW_CTX_DAG_RUN_ID='scheduled__2026-02-12T10:00:00+00:00'
[2026-02-14T17:52:09.347+0000] {taskinstance.py:732} INFO - ::endgroup::
[2026-02-14T17:52:09.354+0000] {parse_iot.py:102} INFO - text
[2026-02-14T17:52:09.355+0000] {python.py:240} INFO - Done. Returned value was: None
[2026-02-14T17:52:09.361+0000] {taskinstance.py:341} INFO - ::group::Post task execution logs
[2026-02-14T17:52:09.361+0000] {taskinstance.py:353} INFO - Marking task as SUCCESS. dag_id=parse_iot, task_id=sort_in_out, run_id=scheduled__2026-02-12T10:00:00+00:00, execution_date=20260212T100000, start_date=20260214T175209, end_date=20260214T175209
[2026-02-14T17:52:09.397+0000] {local_task_job_runner.py:266} INFO - Task exited with return code 0
[2026-02-14T17:52:09.414+0000] {taskinstance.py:3901} INFO - 0 downstream tasks scheduled from follow-on schedule check
[2026-02-14T17:52:09.415+0000] {local_task_job_runner.py:245} INFO - ::endgroup::
[2026-02-14T18:16:57.552+0000] {local_task_job_runner.py:123} INFO - ::group::Pre task execution logs
[2026-02-14T18:16:57.570+0000] {taskinstance.py:2614} INFO - Dependencies all met for dep_context=non-requeueable deps ti=<TaskInstance: parse_iot.sort_in_out scheduled__2026-02-12T10:00:00+00:00 [queued]>
[2026-02-14T18:16:57.578+0000] {taskinstance.py:2614} INFO - Dependencies all met for dep_context=requeueable deps ti=<TaskInstance: parse_iot.sort_in_out scheduled__2026-02-12T10:00:00+00:00 [queued]>
[2026-02-14T18:16:57.578+0000] {taskinstance.py:2867} INFO - Starting attempt 1 of 4
[2026-02-14T18:16:57.585+0000] {taskinstance.py:2890} INFO - Executing <Task(PythonOperator): sort_in_out> on 2026-02-12 10:00:00+00:00
[2026-02-14T18:16:57.590+0000] {standard_task_runner.py:72} INFO - Started process 567 to run task
[2026-02-14T18:16:57.592+0000] {standard_task_runner.py:104} INFO - Running: ['***', 'tasks', 'run', 'parse_iot', 'sort_in_out', 'scheduled__2026-02-12T10:00:00+00:00', '--job-id', '125', '--raw', '--subdir', 'DAGS_FOLDER/parse_iot.py', '--cfg-path', '/tmp/tmpg4c6y9ej']
[2026-02-14T18:16:57.594+0000] {standard_task_runner.py:105} INFO - Job 125: Subtask sort_in_out
[2026-02-14T18:16:57.603+0000] {warnings.py:109} WARNING - /home/***/.local/lib/python3.9/site-packages/***/settings.py:209: DeprecationWarning: The sql_alchemy_conn option in [core] has been moved to the sql_alchemy_conn option in [database] - the old setting has been used, but please update your config.
  SQL_ALCHEMY_CONN = conf.get("database", "SQL_ALCHEMY_CONN")

[2026-02-14T18:16:57.626+0000] {task_command.py:467} INFO - Running <TaskInstance: parse_iot.sort_in_out scheduled__2026-02-12T10:00:00+00:00 [running]> on host bb762b62a2c2
[2026-02-14T18:16:57.627+0000] {warnings.py:109} WARNING - /home/***/.local/lib/python3.9/site-packages/***/settings.py:470: DeprecationWarning: The sql_alchemy_conn option in [core] has been moved to the sql_alchemy_conn option in [database] - the old setting has been used, but please update your config.
  if conf.get("database", "sql_alchemy_conn") == "none://":

[2026-02-14T18:16:57.697+0000] {taskinstance.py:3134} INFO - Exporting env vars: AIRFLOW_CTX_DAG_OWNER='a.sorokin' AIRFLOW_CTX_DAG_ID='parse_iot' AIRFLOW_CTX_TASK_ID='sort_in_out' AIRFLOW_CTX_EXECUTION_DATE='2026-02-12T10:00:00+00:00' AIRFLOW_CTX_TRY_NUMBER='1' AIRFLOW_CTX_DAG_RUN_ID='scheduled__2026-02-12T10:00:00+00:00'
[2026-02-14T18:16:57.698+0000] {taskinstance.py:732} INFO - ::endgroup::
[2026-02-14T18:16:57.706+0000] {parse_iot.py:102} INFO - text
[2026-02-14T18:16:57.706+0000] {python.py:240} INFO - Done. Returned value was: None
[2026-02-14T18:16:57.714+0000] {taskinstance.py:341} INFO - ::group::Post task execution logs
[2026-02-14T18:16:57.714+0000] {taskinstance.py:353} INFO - Marking task as SUCCESS. dag_id=parse_iot, task_id=sort_in_out, run_id=scheduled__2026-02-12T10:00:00+00:00, execution_date=20260212T100000, start_date=20260214T181657, end_date=20260214T181657
[2026-02-14T18:16:57.764+0000] {local_task_job_runner.py:266} INFO - Task exited with return code 0
[2026-02-14T18:16:57.783+0000] {taskinstance.py:3901} INFO - 0 downstream tasks scheduled from follow-on schedule check
[2026-02-14T18:16:57.784+0000] {local_task_job_runner.py:245} INFO - ::endgroup::
[2026-02-16T14:49:22.770+0000] {local_task_job_runner.py:123} INFO - ::group::Pre task execution logs
[2026-02-16T14:49:22.786+0000] {taskinstance.py:2614} INFO - Dependencies all met for dep_context=non-requeueable deps ti=<TaskInstance: parse_iot.sort_in_out scheduled__2026-02-12T10:00:00+00:00 [queued]>
[2026-02-16T14:49:22.793+0000] {taskinstance.py:2614} INFO - Dependencies all met for dep_context=requeueable deps ti=<TaskInstance: parse_iot.sort_in_out scheduled__2026-02-12T10:00:00+00:00 [queued]>
[2026-02-16T14:49:22.793+0000] {taskinstance.py:2867} INFO - Starting attempt 1 of 4
[2026-02-16T14:49:22.800+0000] {taskinstance.py:2890} INFO - Executing <Task(PythonOperator): sort_in_out> on 2026-02-12 10:00:00+00:00
[2026-02-16T14:49:22.804+0000] {standard_task_runner.py:72} INFO - Started process 750 to run task
[2026-02-16T14:49:22.806+0000] {standard_task_runner.py:104} INFO - Running: ['***', 'tasks', 'run', 'parse_iot', 'sort_in_out', 'scheduled__2026-02-12T10:00:00+00:00', '--job-id', '165', '--raw', '--subdir', 'DAGS_FOLDER/parse_iot.py', '--cfg-path', '/tmp/tmp5rx6dq5k']
[2026-02-16T14:49:22.808+0000] {standard_task_runner.py:105} INFO - Job 165: Subtask sort_in_out
[2026-02-16T14:49:22.816+0000] {warnings.py:109} WARNING - /home/***/.local/lib/python3.9/site-packages/***/settings.py:209: DeprecationWarning: The sql_alchemy_conn option in [core] has been moved to the sql_alchemy_conn option in [database] - the old setting has been used, but please update your config.
  SQL_ALCHEMY_CONN = conf.get("database", "SQL_ALCHEMY_CONN")

[2026-02-16T14:49:22.836+0000] {task_command.py:467} INFO - Running <TaskInstance: parse_iot.sort_in_out scheduled__2026-02-12T10:00:00+00:00 [running]> on host cd96c4fa192f
[2026-02-16T14:49:22.837+0000] {warnings.py:109} WARNING - /home/***/.local/lib/python3.9/site-packages/***/settings.py:470: DeprecationWarning: The sql_alchemy_conn option in [core] has been moved to the sql_alchemy_conn option in [database] - the old setting has been used, but please update your config.
  if conf.get("database", "sql_alchemy_conn") == "none://":

[2026-02-16T14:49:22.884+0000] {taskinstance.py:3134} INFO - Exporting env vars: AIRFLOW_CTX_DAG_OWNER='a.sorokin' AIRFLOW_CTX_DAG_ID='parse_iot' AIRFLOW_CTX_TASK_ID='sort_in_out' AIRFLOW_CTX_EXECUTION_DATE='2026-02-12T10:00:00+00:00' AIRFLOW_CTX_TRY_NUMBER='1' AIRFLOW_CTX_DAG_RUN_ID='scheduled__2026-02-12T10:00:00+00:00'
[2026-02-16T14:49:22.885+0000] {taskinstance.py:732} INFO - ::endgroup::
[2026-02-16T14:49:22.892+0000] {parse_iot.py:102} INFO - text
[2026-02-16T14:49:22.892+0000] {python.py:240} INFO - Done. Returned value was: None
[2026-02-16T14:49:22.898+0000] {taskinstance.py:341} INFO - ::group::Post task execution logs
[2026-02-16T14:49:22.898+0000] {taskinstance.py:353} INFO - Marking task as SUCCESS. dag_id=parse_iot, task_id=sort_in_out, run_id=scheduled__2026-02-12T10:00:00+00:00, execution_date=20260212T100000, start_date=20260216T144922, end_date=20260216T144922
[2026-02-16T14:49:22.938+0000] {local_task_job_runner.py:266} INFO - Task exited with return code 0
[2026-02-16T14:49:22.956+0000] {taskinstance.py:3901} INFO - 0 downstream tasks scheduled from follow-on schedule check
[2026-02-16T14:49:22.957+0000] {local_task_job_runner.py:245} INFO - ::endgroup::
[2026-02-16T15:19:34.143+0000] {local_task_job_runner.py:123} INFO - ::group::Pre task execution logs
[2026-02-16T15:19:34.162+0000] {taskinstance.py:2614} INFO - Dependencies all met for dep_context=non-requeueable deps ti=<TaskInstance: parse_iot.sort_in_out scheduled__2026-02-12T10:00:00+00:00 [queued]>
[2026-02-16T15:19:34.171+0000] {taskinstance.py:2614} INFO - Dependencies all met for dep_context=requeueable deps ti=<TaskInstance: parse_iot.sort_in_out scheduled__2026-02-12T10:00:00+00:00 [queued]>
[2026-02-16T15:19:34.172+0000] {taskinstance.py:2867} INFO - Starting attempt 1 of 4
[2026-02-16T15:19:34.180+0000] {taskinstance.py:2890} INFO - Executing <Task(PythonOperator): sort_in_out> on 2026-02-12 10:00:00+00:00
[2026-02-16T15:19:34.185+0000] {standard_task_runner.py:72} INFO - Started process 743 to run task
[2026-02-16T15:19:34.188+0000] {standard_task_runner.py:104} INFO - Running: ['***', 'tasks', 'run', 'parse_iot', 'sort_in_out', 'scheduled__2026-02-12T10:00:00+00:00', '--job-id', '169', '--raw', '--subdir', 'DAGS_FOLDER/parse_iot.py', '--cfg-path', '/tmp/tmpvbaf_907']
[2026-02-16T15:19:34.189+0000] {standard_task_runner.py:105} INFO - Job 169: Subtask sort_in_out
[2026-02-16T15:19:34.199+0000] {warnings.py:109} WARNING - /home/***/.local/lib/python3.9/site-packages/***/settings.py:209: DeprecationWarning: The sql_alchemy_conn option in [core] has been moved to the sql_alchemy_conn option in [database] - the old setting has been used, but please update your config.
  SQL_ALCHEMY_CONN = conf.get("database", "SQL_ALCHEMY_CONN")

[2026-02-16T15:19:34.222+0000] {task_command.py:467} INFO - Running <TaskInstance: parse_iot.sort_in_out scheduled__2026-02-12T10:00:00+00:00 [running]> on host fbd3e38838e9
[2026-02-16T15:19:34.222+0000] {warnings.py:109} WARNING - /home/***/.local/lib/python3.9/site-packages/***/settings.py:470: DeprecationWarning: The sql_alchemy_conn option in [core] has been moved to the sql_alchemy_conn option in [database] - the old setting has been used, but please update your config.
  if conf.get("database", "sql_alchemy_conn") == "none://":

[2026-02-16T15:19:34.270+0000] {taskinstance.py:3134} INFO - Exporting env vars: AIRFLOW_CTX_DAG_OWNER='a.sorokin' AIRFLOW_CTX_DAG_ID='parse_iot' AIRFLOW_CTX_TASK_ID='sort_in_out' AIRFLOW_CTX_EXECUTION_DATE='2026-02-12T10:00:00+00:00' AIRFLOW_CTX_TRY_NUMBER='1' AIRFLOW_CTX_DAG_RUN_ID='scheduled__2026-02-12T10:00:00+00:00'
[2026-02-16T15:19:34.271+0000] {taskinstance.py:732} INFO - ::endgroup::
[2026-02-16T15:19:34.278+0000] {parse_iot.py:102} INFO - text
[2026-02-16T15:19:34.278+0000] {python.py:240} INFO - Done. Returned value was: None
[2026-02-16T15:19:34.285+0000] {taskinstance.py:341} INFO - ::group::Post task execution logs
[2026-02-16T15:19:34.285+0000] {taskinstance.py:353} INFO - Marking task as SUCCESS. dag_id=parse_iot, task_id=sort_in_out, run_id=scheduled__2026-02-12T10:00:00+00:00, execution_date=20260212T100000, start_date=20260216T151934, end_date=20260216T151934
[2026-02-16T15:19:34.319+0000] {local_task_job_runner.py:266} INFO - Task exited with return code 0
[2026-02-16T15:19:34.337+0000] {taskinstance.py:3901} INFO - 0 downstream tasks scheduled from follow-on schedule check
[2026-02-16T15:19:34.338+0000] {local_task_job_runner.py:245} INFO - ::endgroup::
[2026-02-16T15:47:21.532+0000] {local_task_job_runner.py:123} INFO - ::group::Pre task execution logs
[2026-02-16T15:47:21.547+0000] {taskinstance.py:2614} INFO - Dependencies all met for dep_context=non-requeueable deps ti=<TaskInstance: parse_iot.sort_in_out scheduled__2026-02-12T10:00:00+00:00 [queued]>
[2026-02-16T15:47:21.554+0000] {taskinstance.py:2614} INFO - Dependencies all met for dep_context=requeueable deps ti=<TaskInstance: parse_iot.sort_in_out scheduled__2026-02-12T10:00:00+00:00 [queued]>
[2026-02-16T15:47:21.554+0000] {taskinstance.py:2867} INFO - Starting attempt 1 of 4
[2026-02-16T15:47:21.561+0000] {taskinstance.py:2890} INFO - Executing <Task(PythonOperator): sort_in_out> on 2026-02-12 10:00:00+00:00
[2026-02-16T15:47:21.566+0000] {standard_task_runner.py:72} INFO - Started process 735 to run task
[2026-02-16T15:47:21.568+0000] {standard_task_runner.py:104} INFO - Running: ['***', 'tasks', 'run', 'parse_iot', 'sort_in_out', 'scheduled__2026-02-12T10:00:00+00:00', '--job-id', '167', '--raw', '--subdir', 'DAGS_FOLDER/parse_iot.py', '--cfg-path', '/tmp/tmp72vi36ez']
[2026-02-16T15:47:21.570+0000] {standard_task_runner.py:105} INFO - Job 167: Subtask sort_in_out
[2026-02-16T15:47:21.578+0000] {warnings.py:109} WARNING - /home/***/.local/lib/python3.9/site-packages/***/settings.py:209: DeprecationWarning: The sql_alchemy_conn option in [core] has been moved to the sql_alchemy_conn option in [database] - the old setting has been used, but please update your config.
  SQL_ALCHEMY_CONN = conf.get("database", "SQL_ALCHEMY_CONN")

[2026-02-16T15:47:21.599+0000] {task_command.py:467} INFO - Running <TaskInstance: parse_iot.sort_in_out scheduled__2026-02-12T10:00:00+00:00 [running]> on host 6ef9a94e694d
[2026-02-16T15:47:21.599+0000] {warnings.py:109} WARNING - /home/***/.local/lib/python3.9/site-packages/***/settings.py:470: DeprecationWarning: The sql_alchemy_conn option in [core] has been moved to the sql_alchemy_conn option in [database] - the old setting has been used, but please update your config.
  if conf.get("database", "sql_alchemy_conn") == "none://":

[2026-02-16T15:47:21.649+0000] {taskinstance.py:3134} INFO - Exporting env vars: AIRFLOW_CTX_DAG_OWNER='a.sorokin' AIRFLOW_CTX_DAG_ID='parse_iot' AIRFLOW_CTX_TASK_ID='sort_in_out' AIRFLOW_CTX_EXECUTION_DATE='2026-02-12T10:00:00+00:00' AIRFLOW_CTX_TRY_NUMBER='1' AIRFLOW_CTX_DAG_RUN_ID='scheduled__2026-02-12T10:00:00+00:00'
[2026-02-16T15:47:21.649+0000] {taskinstance.py:732} INFO - ::endgroup::
[2026-02-16T15:47:21.656+0000] {parse_iot.py:102} INFO - text
[2026-02-16T15:47:21.656+0000] {python.py:240} INFO - Done. Returned value was: None
[2026-02-16T15:47:21.663+0000] {taskinstance.py:341} INFO - ::group::Post task execution logs
[2026-02-16T15:47:21.663+0000] {taskinstance.py:353} INFO - Marking task as SUCCESS. dag_id=parse_iot, task_id=sort_in_out, run_id=scheduled__2026-02-12T10:00:00+00:00, execution_date=20260212T100000, start_date=20260216T154721, end_date=20260216T154721
[2026-02-16T15:47:21.700+0000] {local_task_job_runner.py:266} INFO - Task exited with return code 0
[2026-02-16T15:47:21.718+0000] {taskinstance.py:3901} INFO - 0 downstream tasks scheduled from follow-on schedule check
[2026-02-16T15:47:21.720+0000] {local_task_job_runner.py:245} INFO - ::endgroup::
