[2026-02-14T16:34:34.372+0000] {local_task_job_runner.py:123} INFO - ::group::Pre task execution logs
[2026-02-14T16:34:34.390+0000] {taskinstance.py:2614} INFO - Dependencies all met for dep_context=non-requeueable deps ti=<TaskInstance: parse_iot.sort_in_out scheduled__2026-02-07T10:00:00+00:00 [queued]>
[2026-02-14T16:34:34.398+0000] {taskinstance.py:2614} INFO - Dependencies all met for dep_context=requeueable deps ti=<TaskInstance: parse_iot.sort_in_out scheduled__2026-02-07T10:00:00+00:00 [queued]>
[2026-02-14T16:34:34.398+0000] {taskinstance.py:2867} INFO - Starting attempt 1 of 4
[2026-02-14T16:34:34.406+0000] {taskinstance.py:2890} INFO - Executing <Task(PythonOperator): sort_in_out> on 2026-02-07 10:00:00+00:00
[2026-02-14T16:34:34.410+0000] {standard_task_runner.py:72} INFO - Started process 653 to run task
[2026-02-14T16:34:34.412+0000] {standard_task_runner.py:104} INFO - Running: ['***', 'tasks', 'run', 'parse_iot', 'sort_in_out', 'scheduled__2026-02-07T10:00:00+00:00', '--job-id', '146', '--raw', '--subdir', 'DAGS_FOLDER/parse_iot.py', '--cfg-path', '/tmp/tmpf88ynn9p']
[2026-02-14T16:34:34.414+0000] {standard_task_runner.py:105} INFO - Job 146: Subtask sort_in_out
[2026-02-14T16:34:34.423+0000] {warnings.py:109} WARNING - /home/***/.local/lib/python3.9/site-packages/***/settings.py:209: DeprecationWarning: The sql_alchemy_conn option in [core] has been moved to the sql_alchemy_conn option in [database] - the old setting has been used, but please update your config.
  SQL_ALCHEMY_CONN = conf.get("database", "SQL_ALCHEMY_CONN")

[2026-02-14T16:34:34.447+0000] {task_command.py:467} INFO - Running <TaskInstance: parse_iot.sort_in_out scheduled__2026-02-07T10:00:00+00:00 [running]> on host a5c4ed865bb5
[2026-02-14T16:34:34.448+0000] {warnings.py:109} WARNING - /home/***/.local/lib/python3.9/site-packages/***/settings.py:470: DeprecationWarning: The sql_alchemy_conn option in [core] has been moved to the sql_alchemy_conn option in [database] - the old setting has been used, but please update your config.
  if conf.get("database", "sql_alchemy_conn") == "none://":

[2026-02-14T16:34:34.506+0000] {taskinstance.py:3134} INFO - Exporting env vars: AIRFLOW_CTX_DAG_OWNER='a.sorokin' AIRFLOW_CTX_DAG_ID='parse_iot' AIRFLOW_CTX_TASK_ID='sort_in_out' AIRFLOW_CTX_EXECUTION_DATE='2026-02-07T10:00:00+00:00' AIRFLOW_CTX_TRY_NUMBER='1' AIRFLOW_CTX_DAG_RUN_ID='scheduled__2026-02-07T10:00:00+00:00'
[2026-02-14T16:34:34.507+0000] {taskinstance.py:732} INFO - ::endgroup::
[2026-02-14T16:34:34.514+0000] {parse_iot.py:102} INFO - text
[2026-02-14T16:34:34.515+0000] {python.py:240} INFO - Done. Returned value was: None
[2026-02-14T16:34:34.521+0000] {taskinstance.py:341} INFO - ::group::Post task execution logs
[2026-02-14T16:34:34.521+0000] {taskinstance.py:353} INFO - Marking task as SUCCESS. dag_id=parse_iot, task_id=sort_in_out, run_id=scheduled__2026-02-07T10:00:00+00:00, execution_date=20260207T100000, start_date=20260214T163434, end_date=20260214T163434
[2026-02-14T16:34:34.544+0000] {local_task_job_runner.py:266} INFO - Task exited with return code 0
[2026-02-14T16:34:34.564+0000] {taskinstance.py:3901} INFO - 0 downstream tasks scheduled from follow-on schedule check
[2026-02-14T16:34:34.565+0000] {local_task_job_runner.py:245} INFO - ::endgroup::
[2026-02-14T17:52:01.151+0000] {local_task_job_runner.py:123} INFO - ::group::Pre task execution logs
[2026-02-14T17:52:01.169+0000] {taskinstance.py:2614} INFO - Dependencies all met for dep_context=non-requeueable deps ti=<TaskInstance: parse_iot.sort_in_out scheduled__2026-02-07T10:00:00+00:00 [queued]>
[2026-02-14T17:52:01.176+0000] {taskinstance.py:2614} INFO - Dependencies all met for dep_context=requeueable deps ti=<TaskInstance: parse_iot.sort_in_out scheduled__2026-02-07T10:00:00+00:00 [queued]>
[2026-02-14T17:52:01.176+0000] {taskinstance.py:2867} INFO - Starting attempt 1 of 4
[2026-02-14T17:52:01.183+0000] {taskinstance.py:2890} INFO - Executing <Task(PythonOperator): sort_in_out> on 2026-02-07 10:00:00+00:00
[2026-02-14T17:52:01.188+0000] {standard_task_runner.py:72} INFO - Started process 663 to run task
[2026-02-14T17:52:01.190+0000] {standard_task_runner.py:104} INFO - Running: ['***', 'tasks', 'run', 'parse_iot', 'sort_in_out', 'scheduled__2026-02-07T10:00:00+00:00', '--job-id', '149', '--raw', '--subdir', 'DAGS_FOLDER/parse_iot.py', '--cfg-path', '/tmp/tmp4m8sow75']
[2026-02-14T17:52:01.191+0000] {standard_task_runner.py:105} INFO - Job 149: Subtask sort_in_out
[2026-02-14T17:52:01.200+0000] {warnings.py:109} WARNING - /home/***/.local/lib/python3.9/site-packages/***/settings.py:209: DeprecationWarning: The sql_alchemy_conn option in [core] has been moved to the sql_alchemy_conn option in [database] - the old setting has been used, but please update your config.
  SQL_ALCHEMY_CONN = conf.get("database", "SQL_ALCHEMY_CONN")

[2026-02-14T17:52:01.221+0000] {task_command.py:467} INFO - Running <TaskInstance: parse_iot.sort_in_out scheduled__2026-02-07T10:00:00+00:00 [running]> on host 9052c134cdec
[2026-02-14T17:52:01.221+0000] {warnings.py:109} WARNING - /home/***/.local/lib/python3.9/site-packages/***/settings.py:470: DeprecationWarning: The sql_alchemy_conn option in [core] has been moved to the sql_alchemy_conn option in [database] - the old setting has been used, but please update your config.
  if conf.get("database", "sql_alchemy_conn") == "none://":

[2026-02-14T17:52:01.267+0000] {taskinstance.py:3134} INFO - Exporting env vars: AIRFLOW_CTX_DAG_OWNER='a.sorokin' AIRFLOW_CTX_DAG_ID='parse_iot' AIRFLOW_CTX_TASK_ID='sort_in_out' AIRFLOW_CTX_EXECUTION_DATE='2026-02-07T10:00:00+00:00' AIRFLOW_CTX_TRY_NUMBER='1' AIRFLOW_CTX_DAG_RUN_ID='scheduled__2026-02-07T10:00:00+00:00'
[2026-02-14T17:52:01.267+0000] {taskinstance.py:732} INFO - ::endgroup::
[2026-02-14T17:52:01.274+0000] {parse_iot.py:102} INFO - text
[2026-02-14T17:52:01.274+0000] {python.py:240} INFO - Done. Returned value was: None
[2026-02-14T17:52:01.281+0000] {taskinstance.py:341} INFO - ::group::Post task execution logs
[2026-02-14T17:52:01.281+0000] {taskinstance.py:353} INFO - Marking task as SUCCESS. dag_id=parse_iot, task_id=sort_in_out, run_id=scheduled__2026-02-07T10:00:00+00:00, execution_date=20260207T100000, start_date=20260214T175201, end_date=20260214T175201
[2026-02-14T17:52:01.321+0000] {local_task_job_runner.py:266} INFO - Task exited with return code 0
[2026-02-14T17:52:01.339+0000] {taskinstance.py:3901} INFO - 0 downstream tasks scheduled from follow-on schedule check
[2026-02-14T17:52:01.340+0000] {local_task_job_runner.py:245} INFO - ::endgroup::
[2026-02-14T18:16:49.523+0000] {local_task_job_runner.py:123} INFO - ::group::Pre task execution logs
[2026-02-14T18:16:49.545+0000] {taskinstance.py:2614} INFO - Dependencies all met for dep_context=non-requeueable deps ti=<TaskInstance: parse_iot.sort_in_out scheduled__2026-02-07T10:00:00+00:00 [queued]>
[2026-02-14T18:16:49.555+0000] {taskinstance.py:2614} INFO - Dependencies all met for dep_context=requeueable deps ti=<TaskInstance: parse_iot.sort_in_out scheduled__2026-02-07T10:00:00+00:00 [queued]>
[2026-02-14T18:16:49.555+0000] {taskinstance.py:2867} INFO - Starting attempt 1 of 4
[2026-02-14T18:16:49.564+0000] {taskinstance.py:2890} INFO - Executing <Task(PythonOperator): sort_in_out> on 2026-02-07 10:00:00+00:00
[2026-02-14T18:16:49.570+0000] {standard_task_runner.py:72} INFO - Started process 519 to run task
[2026-02-14T18:16:49.572+0000] {standard_task_runner.py:104} INFO - Running: ['***', 'tasks', 'run', 'parse_iot', 'sort_in_out', 'scheduled__2026-02-07T10:00:00+00:00', '--job-id', '113', '--raw', '--subdir', 'DAGS_FOLDER/parse_iot.py', '--cfg-path', '/tmp/tmpqekoe4tn']
[2026-02-14T18:16:49.574+0000] {standard_task_runner.py:105} INFO - Job 113: Subtask sort_in_out
[2026-02-14T18:16:49.582+0000] {warnings.py:109} WARNING - /home/***/.local/lib/python3.9/site-packages/***/settings.py:209: DeprecationWarning: The sql_alchemy_conn option in [core] has been moved to the sql_alchemy_conn option in [database] - the old setting has been used, but please update your config.
  SQL_ALCHEMY_CONN = conf.get("database", "SQL_ALCHEMY_CONN")

[2026-02-14T18:16:49.606+0000] {task_command.py:467} INFO - Running <TaskInstance: parse_iot.sort_in_out scheduled__2026-02-07T10:00:00+00:00 [running]> on host bb762b62a2c2
[2026-02-14T18:16:49.607+0000] {warnings.py:109} WARNING - /home/***/.local/lib/python3.9/site-packages/***/settings.py:470: DeprecationWarning: The sql_alchemy_conn option in [core] has been moved to the sql_alchemy_conn option in [database] - the old setting has been used, but please update your config.
  if conf.get("database", "sql_alchemy_conn") == "none://":

[2026-02-14T18:16:49.662+0000] {taskinstance.py:3134} INFO - Exporting env vars: AIRFLOW_CTX_DAG_OWNER='a.sorokin' AIRFLOW_CTX_DAG_ID='parse_iot' AIRFLOW_CTX_TASK_ID='sort_in_out' AIRFLOW_CTX_EXECUTION_DATE='2026-02-07T10:00:00+00:00' AIRFLOW_CTX_TRY_NUMBER='1' AIRFLOW_CTX_DAG_RUN_ID='scheduled__2026-02-07T10:00:00+00:00'
[2026-02-14T18:16:49.663+0000] {taskinstance.py:732} INFO - ::endgroup::
[2026-02-14T18:16:49.670+0000] {parse_iot.py:102} INFO - text
[2026-02-14T18:16:49.670+0000] {python.py:240} INFO - Done. Returned value was: None
[2026-02-14T18:16:49.677+0000] {taskinstance.py:341} INFO - ::group::Post task execution logs
[2026-02-14T18:16:49.677+0000] {taskinstance.py:353} INFO - Marking task as SUCCESS. dag_id=parse_iot, task_id=sort_in_out, run_id=scheduled__2026-02-07T10:00:00+00:00, execution_date=20260207T100000, start_date=20260214T181649, end_date=20260214T181649
[2026-02-14T18:16:49.704+0000] {local_task_job_runner.py:266} INFO - Task exited with return code 0
[2026-02-14T18:16:49.722+0000] {taskinstance.py:3901} INFO - 0 downstream tasks scheduled from follow-on schedule check
[2026-02-14T18:16:49.723+0000] {local_task_job_runner.py:245} INFO - ::endgroup::
[2026-02-16T14:49:12.539+0000] {local_task_job_runner.py:123} INFO - ::group::Pre task execution logs
[2026-02-16T14:49:12.554+0000] {taskinstance.py:2614} INFO - Dependencies all met for dep_context=non-requeueable deps ti=<TaskInstance: parse_iot.sort_in_out scheduled__2026-02-07T10:00:00+00:00 [queued]>
[2026-02-16T14:49:12.560+0000] {taskinstance.py:2614} INFO - Dependencies all met for dep_context=requeueable deps ti=<TaskInstance: parse_iot.sort_in_out scheduled__2026-02-07T10:00:00+00:00 [queued]>
[2026-02-16T14:49:12.560+0000] {taskinstance.py:2867} INFO - Starting attempt 1 of 4
[2026-02-16T14:49:12.566+0000] {taskinstance.py:2890} INFO - Executing <Task(PythonOperator): sort_in_out> on 2026-02-07 10:00:00+00:00
[2026-02-16T14:49:12.571+0000] {standard_task_runner.py:72} INFO - Started process 718 to run task
[2026-02-16T14:49:12.573+0000] {standard_task_runner.py:104} INFO - Running: ['***', 'tasks', 'run', 'parse_iot', 'sort_in_out', 'scheduled__2026-02-07T10:00:00+00:00', '--job-id', '157', '--raw', '--subdir', 'DAGS_FOLDER/parse_iot.py', '--cfg-path', '/tmp/tmpq2rxbk2v']
[2026-02-16T14:49:12.574+0000] {standard_task_runner.py:105} INFO - Job 157: Subtask sort_in_out
[2026-02-16T14:49:12.583+0000] {warnings.py:109} WARNING - /home/***/.local/lib/python3.9/site-packages/***/settings.py:209: DeprecationWarning: The sql_alchemy_conn option in [core] has been moved to the sql_alchemy_conn option in [database] - the old setting has been used, but please update your config.
  SQL_ALCHEMY_CONN = conf.get("database", "SQL_ALCHEMY_CONN")

[2026-02-16T14:49:12.603+0000] {task_command.py:467} INFO - Running <TaskInstance: parse_iot.sort_in_out scheduled__2026-02-07T10:00:00+00:00 [running]> on host cd96c4fa192f
[2026-02-16T14:49:12.604+0000] {warnings.py:109} WARNING - /home/***/.local/lib/python3.9/site-packages/***/settings.py:470: DeprecationWarning: The sql_alchemy_conn option in [core] has been moved to the sql_alchemy_conn option in [database] - the old setting has been used, but please update your config.
  if conf.get("database", "sql_alchemy_conn") == "none://":

[2026-02-16T14:49:12.650+0000] {taskinstance.py:3134} INFO - Exporting env vars: AIRFLOW_CTX_DAG_OWNER='a.sorokin' AIRFLOW_CTX_DAG_ID='parse_iot' AIRFLOW_CTX_TASK_ID='sort_in_out' AIRFLOW_CTX_EXECUTION_DATE='2026-02-07T10:00:00+00:00' AIRFLOW_CTX_TRY_NUMBER='1' AIRFLOW_CTX_DAG_RUN_ID='scheduled__2026-02-07T10:00:00+00:00'
[2026-02-16T14:49:12.651+0000] {taskinstance.py:732} INFO - ::endgroup::
[2026-02-16T14:49:12.658+0000] {parse_iot.py:102} INFO - text
[2026-02-16T14:49:12.658+0000] {python.py:240} INFO - Done. Returned value was: None
[2026-02-16T14:49:12.665+0000] {taskinstance.py:341} INFO - ::group::Post task execution logs
[2026-02-16T14:49:12.665+0000] {taskinstance.py:353} INFO - Marking task as SUCCESS. dag_id=parse_iot, task_id=sort_in_out, run_id=scheduled__2026-02-07T10:00:00+00:00, execution_date=20260207T100000, start_date=20260216T144912, end_date=20260216T144912
[2026-02-16T14:49:12.705+0000] {local_task_job_runner.py:266} INFO - Task exited with return code 0
[2026-02-16T14:49:12.722+0000] {taskinstance.py:3901} INFO - 0 downstream tasks scheduled from follow-on schedule check
[2026-02-16T14:49:12.723+0000] {local_task_job_runner.py:245} INFO - ::endgroup::
