[2026-02-14T16:31:56.802+0000] {local_task_job_runner.py:123} INFO - ::group::Pre task execution logs
[2026-02-14T16:31:56.818+0000] {taskinstance.py:2614} INFO - Dependencies all met for dep_context=non-requeueable deps ti=<TaskInstance: parse_iot.clean_data scheduled__2026-01-31T10:00:00+00:00 [queued]>
[2026-02-14T16:31:56.825+0000] {taskinstance.py:2614} INFO - Dependencies all met for dep_context=requeueable deps ti=<TaskInstance: parse_iot.clean_data scheduled__2026-01-31T10:00:00+00:00 [queued]>
[2026-02-14T16:31:56.825+0000] {taskinstance.py:2867} INFO - Starting attempt 1 of 4
[2026-02-14T16:31:56.831+0000] {taskinstance.py:2890} INFO - Executing <Task(PythonOperator): clean_data> on 2026-01-31 10:00:00+00:00
[2026-02-14T16:31:56.836+0000] {standard_task_runner.py:72} INFO - Started process 359 to run task
[2026-02-14T16:31:56.838+0000] {standard_task_runner.py:104} INFO - Running: ['***', 'tasks', 'run', 'parse_iot', 'clean_data', 'scheduled__2026-01-31T10:00:00+00:00', '--job-id', '73', '--raw', '--subdir', 'DAGS_FOLDER/parse_iot.py', '--cfg-path', '/tmp/tmp5ldiv9pq']
[2026-02-14T16:31:56.839+0000] {standard_task_runner.py:105} INFO - Job 73: Subtask clean_data
[2026-02-14T16:31:56.847+0000] {warnings.py:109} WARNING - /home/***/.local/lib/python3.9/site-packages/***/settings.py:209: DeprecationWarning: The sql_alchemy_conn option in [core] has been moved to the sql_alchemy_conn option in [database] - the old setting has been used, but please update your config.
  SQL_ALCHEMY_CONN = conf.get("database", "SQL_ALCHEMY_CONN")

[2026-02-14T16:31:56.867+0000] {task_command.py:467} INFO - Running <TaskInstance: parse_iot.clean_data scheduled__2026-01-31T10:00:00+00:00 [running]> on host a5c4ed865bb5
[2026-02-14T16:31:56.868+0000] {warnings.py:109} WARNING - /home/***/.local/lib/python3.9/site-packages/***/settings.py:470: DeprecationWarning: The sql_alchemy_conn option in [core] has been moved to the sql_alchemy_conn option in [database] - the old setting has been used, but please update your config.
  if conf.get("database", "sql_alchemy_conn") == "none://":

[2026-02-14T16:31:56.915+0000] {taskinstance.py:3134} INFO - Exporting env vars: AIRFLOW_CTX_DAG_OWNER='a.sorokin' AIRFLOW_CTX_DAG_ID='parse_iot' AIRFLOW_CTX_TASK_ID='clean_data' AIRFLOW_CTX_EXECUTION_DATE='2026-01-31T10:00:00+00:00' AIRFLOW_CTX_TRY_NUMBER='1' AIRFLOW_CTX_DAG_RUN_ID='scheduled__2026-01-31T10:00:00+00:00'
[2026-02-14T16:31:56.915+0000] {taskinstance.py:732} INFO - ::endgroup::
[2026-02-14T16:32:05.513+0000] {python.py:240} INFO - Done. Returned value was: None
[2026-02-14T16:32:05.519+0000] {taskinstance.py:341} INFO - ::group::Post task execution logs
[2026-02-14T16:32:05.520+0000] {taskinstance.py:353} INFO - Marking task as SUCCESS. dag_id=parse_iot, task_id=clean_data, run_id=scheduled__2026-01-31T10:00:00+00:00, execution_date=20260131T100000, start_date=20260214T163156, end_date=20260214T163205
[2026-02-14T16:32:05.574+0000] {local_task_job_runner.py:266} INFO - Task exited with return code 0
[2026-02-14T16:32:05.592+0000] {taskinstance.py:3901} INFO - 0 downstream tasks scheduled from follow-on schedule check
[2026-02-14T16:32:05.593+0000] {local_task_job_runner.py:245} INFO - ::endgroup::
[2026-02-14T17:49:21.976+0000] {local_task_job_runner.py:123} INFO - ::group::Pre task execution logs
[2026-02-14T17:49:21.994+0000] {taskinstance.py:2614} INFO - Dependencies all met for dep_context=non-requeueable deps ti=<TaskInstance: parse_iot.clean_data scheduled__2026-01-31T10:00:00+00:00 [queued]>
[2026-02-14T17:49:22.001+0000] {taskinstance.py:2614} INFO - Dependencies all met for dep_context=requeueable deps ti=<TaskInstance: parse_iot.clean_data scheduled__2026-01-31T10:00:00+00:00 [queued]>
[2026-02-14T17:49:22.002+0000] {taskinstance.py:2867} INFO - Starting attempt 1 of 4
[2026-02-14T17:49:22.010+0000] {taskinstance.py:2890} INFO - Executing <Task(PythonOperator): clean_data> on 2026-01-31 10:00:00+00:00
[2026-02-14T17:49:22.016+0000] {standard_task_runner.py:72} INFO - Started process 391 to run task
[2026-02-14T17:49:22.018+0000] {standard_task_runner.py:104} INFO - Running: ['***', 'tasks', 'run', 'parse_iot', 'clean_data', 'scheduled__2026-01-31T10:00:00+00:00', '--job-id', '81', '--raw', '--subdir', 'DAGS_FOLDER/parse_iot.py', '--cfg-path', '/tmp/tmplnskdlqk']
[2026-02-14T17:49:22.019+0000] {standard_task_runner.py:105} INFO - Job 81: Subtask clean_data
[2026-02-14T17:49:22.028+0000] {warnings.py:109} WARNING - /home/***/.local/lib/python3.9/site-packages/***/settings.py:209: DeprecationWarning: The sql_alchemy_conn option in [core] has been moved to the sql_alchemy_conn option in [database] - the old setting has been used, but please update your config.
  SQL_ALCHEMY_CONN = conf.get("database", "SQL_ALCHEMY_CONN")

[2026-02-14T17:49:22.049+0000] {task_command.py:467} INFO - Running <TaskInstance: parse_iot.clean_data scheduled__2026-01-31T10:00:00+00:00 [running]> on host 9052c134cdec
[2026-02-14T17:49:22.050+0000] {warnings.py:109} WARNING - /home/***/.local/lib/python3.9/site-packages/***/settings.py:470: DeprecationWarning: The sql_alchemy_conn option in [core] has been moved to the sql_alchemy_conn option in [database] - the old setting has been used, but please update your config.
  if conf.get("database", "sql_alchemy_conn") == "none://":

[2026-02-14T17:49:22.094+0000] {taskinstance.py:3134} INFO - Exporting env vars: AIRFLOW_CTX_DAG_OWNER='a.sorokin' AIRFLOW_CTX_DAG_ID='parse_iot' AIRFLOW_CTX_TASK_ID='clean_data' AIRFLOW_CTX_EXECUTION_DATE='2026-01-31T10:00:00+00:00' AIRFLOW_CTX_TRY_NUMBER='1' AIRFLOW_CTX_DAG_RUN_ID='scheduled__2026-01-31T10:00:00+00:00'
[2026-02-14T17:49:22.094+0000] {taskinstance.py:732} INFO - ::endgroup::
[2026-02-14T17:49:31.126+0000] {python.py:240} INFO - Done. Returned value was: None
[2026-02-14T17:49:31.135+0000] {taskinstance.py:341} INFO - ::group::Post task execution logs
[2026-02-14T17:49:31.135+0000] {taskinstance.py:353} INFO - Marking task as SUCCESS. dag_id=parse_iot, task_id=clean_data, run_id=scheduled__2026-01-31T10:00:00+00:00, execution_date=20260131T100000, start_date=20260214T174921, end_date=20260214T174931
[2026-02-14T17:49:31.202+0000] {local_task_job_runner.py:266} INFO - Task exited with return code 0
[2026-02-14T17:49:31.232+0000] {taskinstance.py:3901} INFO - 0 downstream tasks scheduled from follow-on schedule check
[2026-02-14T17:49:31.238+0000] {local_task_job_runner.py:245} INFO - ::endgroup::
[2026-02-14T18:13:44.732+0000] {local_task_job_runner.py:123} INFO - ::group::Pre task execution logs
[2026-02-14T18:13:44.750+0000] {taskinstance.py:2614} INFO - Dependencies all met for dep_context=non-requeueable deps ti=<TaskInstance: parse_iot.clean_data scheduled__2026-01-31T10:00:00+00:00 [queued]>
[2026-02-14T18:13:44.757+0000] {taskinstance.py:2614} INFO - Dependencies all met for dep_context=requeueable deps ti=<TaskInstance: parse_iot.clean_data scheduled__2026-01-31T10:00:00+00:00 [queued]>
[2026-02-14T18:13:44.757+0000] {taskinstance.py:2867} INFO - Starting attempt 1 of 4
[2026-02-14T18:13:44.764+0000] {taskinstance.py:2890} INFO - Executing <Task(PythonOperator): clean_data> on 2026-01-31 10:00:00+00:00
[2026-02-14T18:13:44.769+0000] {standard_task_runner.py:72} INFO - Started process 267 to run task
[2026-02-14T18:13:44.771+0000] {standard_task_runner.py:104} INFO - Running: ['***', 'tasks', 'run', 'parse_iot', 'clean_data', 'scheduled__2026-01-31T10:00:00+00:00', '--job-id', '50', '--raw', '--subdir', 'DAGS_FOLDER/parse_iot.py', '--cfg-path', '/tmp/tmp2ah2q1vu']
[2026-02-14T18:13:44.772+0000] {standard_task_runner.py:105} INFO - Job 50: Subtask clean_data
[2026-02-14T18:13:44.781+0000] {warnings.py:109} WARNING - /home/***/.local/lib/python3.9/site-packages/***/settings.py:209: DeprecationWarning: The sql_alchemy_conn option in [core] has been moved to the sql_alchemy_conn option in [database] - the old setting has been used, but please update your config.
  SQL_ALCHEMY_CONN = conf.get("database", "SQL_ALCHEMY_CONN")

[2026-02-14T18:13:44.803+0000] {task_command.py:467} INFO - Running <TaskInstance: parse_iot.clean_data scheduled__2026-01-31T10:00:00+00:00 [running]> on host bb762b62a2c2
[2026-02-14T18:13:44.803+0000] {warnings.py:109} WARNING - /home/***/.local/lib/python3.9/site-packages/***/settings.py:470: DeprecationWarning: The sql_alchemy_conn option in [core] has been moved to the sql_alchemy_conn option in [database] - the old setting has been used, but please update your config.
  if conf.get("database", "sql_alchemy_conn") == "none://":

[2026-02-14T18:13:44.853+0000] {taskinstance.py:3134} INFO - Exporting env vars: AIRFLOW_CTX_DAG_OWNER='a.sorokin' AIRFLOW_CTX_DAG_ID='parse_iot' AIRFLOW_CTX_TASK_ID='clean_data' AIRFLOW_CTX_EXECUTION_DATE='2026-01-31T10:00:00+00:00' AIRFLOW_CTX_TRY_NUMBER='1' AIRFLOW_CTX_DAG_RUN_ID='scheduled__2026-01-31T10:00:00+00:00'
[2026-02-14T18:13:44.853+0000] {taskinstance.py:732} INFO - ::endgroup::
[2026-02-14T18:13:53.530+0000] {python.py:240} INFO - Done. Returned value was: None
[2026-02-14T18:13:53.537+0000] {taskinstance.py:341} INFO - ::group::Post task execution logs
[2026-02-14T18:13:53.537+0000] {taskinstance.py:353} INFO - Marking task as SUCCESS. dag_id=parse_iot, task_id=clean_data, run_id=scheduled__2026-01-31T10:00:00+00:00, execution_date=20260131T100000, start_date=20260214T181344, end_date=20260214T181353
[2026-02-14T18:13:53.592+0000] {local_task_job_runner.py:266} INFO - Task exited with return code 0
[2026-02-14T18:13:53.612+0000] {taskinstance.py:3901} INFO - 2 downstream tasks scheduled from follow-on schedule check
[2026-02-14T18:13:53.618+0000] {local_task_job_runner.py:245} INFO - ::endgroup::
[2026-02-16T14:46:26.201+0000] {local_task_job_runner.py:123} INFO - ::group::Pre task execution logs
[2026-02-16T14:46:26.217+0000] {taskinstance.py:2614} INFO - Dependencies all met for dep_context=non-requeueable deps ti=<TaskInstance: parse_iot.clean_data scheduled__2026-01-31T10:00:00+00:00 [queued]>
[2026-02-16T14:46:26.224+0000] {taskinstance.py:2614} INFO - Dependencies all met for dep_context=requeueable deps ti=<TaskInstance: parse_iot.clean_data scheduled__2026-01-31T10:00:00+00:00 [queued]>
[2026-02-16T14:46:26.224+0000] {taskinstance.py:2867} INFO - Starting attempt 1 of 4
[2026-02-16T14:46:26.230+0000] {taskinstance.py:2890} INFO - Executing <Task(PythonOperator): clean_data> on 2026-01-31 10:00:00+00:00
[2026-02-16T14:46:26.235+0000] {standard_task_runner.py:72} INFO - Started process 430 to run task
[2026-02-16T14:46:26.237+0000] {standard_task_runner.py:104} INFO - Running: ['***', 'tasks', 'run', 'parse_iot', 'clean_data', 'scheduled__2026-01-31T10:00:00+00:00', '--job-id', '85', '--raw', '--subdir', 'DAGS_FOLDER/parse_iot.py', '--cfg-path', '/tmp/tmp8xum9x0c']
[2026-02-16T14:46:26.239+0000] {standard_task_runner.py:105} INFO - Job 85: Subtask clean_data
[2026-02-16T14:46:26.247+0000] {warnings.py:109} WARNING - /home/***/.local/lib/python3.9/site-packages/***/settings.py:209: DeprecationWarning: The sql_alchemy_conn option in [core] has been moved to the sql_alchemy_conn option in [database] - the old setting has been used, but please update your config.
  SQL_ALCHEMY_CONN = conf.get("database", "SQL_ALCHEMY_CONN")

[2026-02-16T14:46:26.268+0000] {task_command.py:467} INFO - Running <TaskInstance: parse_iot.clean_data scheduled__2026-01-31T10:00:00+00:00 [running]> on host cd96c4fa192f
[2026-02-16T14:46:26.268+0000] {warnings.py:109} WARNING - /home/***/.local/lib/python3.9/site-packages/***/settings.py:470: DeprecationWarning: The sql_alchemy_conn option in [core] has been moved to the sql_alchemy_conn option in [database] - the old setting has been used, but please update your config.
  if conf.get("database", "sql_alchemy_conn") == "none://":

[2026-02-16T14:46:26.312+0000] {taskinstance.py:3134} INFO - Exporting env vars: AIRFLOW_CTX_DAG_OWNER='a.sorokin' AIRFLOW_CTX_DAG_ID='parse_iot' AIRFLOW_CTX_TASK_ID='clean_data' AIRFLOW_CTX_EXECUTION_DATE='2026-01-31T10:00:00+00:00' AIRFLOW_CTX_TRY_NUMBER='1' AIRFLOW_CTX_DAG_RUN_ID='scheduled__2026-01-31T10:00:00+00:00'
[2026-02-16T14:46:26.312+0000] {taskinstance.py:732} INFO - ::endgroup::
[2026-02-16T14:46:34.764+0000] {python.py:240} INFO - Done. Returned value was: None
[2026-02-16T14:46:34.771+0000] {taskinstance.py:341} INFO - ::group::Post task execution logs
[2026-02-16T14:46:34.771+0000] {taskinstance.py:353} INFO - Marking task as SUCCESS. dag_id=parse_iot, task_id=clean_data, run_id=scheduled__2026-01-31T10:00:00+00:00, execution_date=20260131T100000, start_date=20260216T144626, end_date=20260216T144634
[2026-02-16T14:46:34.816+0000] {local_task_job_runner.py:266} INFO - Task exited with return code 0
[2026-02-16T14:46:34.844+0000] {taskinstance.py:3901} INFO - 0 downstream tasks scheduled from follow-on schedule check
[2026-02-16T14:46:34.845+0000] {local_task_job_runner.py:245} INFO - ::endgroup::
[2026-02-16T15:16:11.587+0000] {local_task_job_runner.py:123} INFO - ::group::Pre task execution logs
[2026-02-16T15:16:11.604+0000] {taskinstance.py:2614} INFO - Dependencies all met for dep_context=non-requeueable deps ti=<TaskInstance: parse_iot.clean_data scheduled__2026-01-31T10:00:00+00:00 [queued]>
[2026-02-16T15:16:11.610+0000] {taskinstance.py:2614} INFO - Dependencies all met for dep_context=requeueable deps ti=<TaskInstance: parse_iot.clean_data scheduled__2026-01-31T10:00:00+00:00 [queued]>
[2026-02-16T15:16:11.611+0000] {taskinstance.py:2867} INFO - Starting attempt 1 of 4
[2026-02-16T15:16:11.617+0000] {taskinstance.py:2890} INFO - Executing <Task(PythonOperator): clean_data> on 2026-01-31 10:00:00+00:00
[2026-02-16T15:16:11.622+0000] {standard_task_runner.py:72} INFO - Started process 379 to run task
[2026-02-16T15:16:11.624+0000] {standard_task_runner.py:104} INFO - Running: ['***', 'tasks', 'run', 'parse_iot', 'clean_data', 'scheduled__2026-01-31T10:00:00+00:00', '--job-id', '78', '--raw', '--subdir', 'DAGS_FOLDER/parse_iot.py', '--cfg-path', '/tmp/tmpogmpmoq0']
[2026-02-16T15:16:11.626+0000] {standard_task_runner.py:105} INFO - Job 78: Subtask clean_data
[2026-02-16T15:16:11.635+0000] {warnings.py:109} WARNING - /home/***/.local/lib/python3.9/site-packages/***/settings.py:209: DeprecationWarning: The sql_alchemy_conn option in [core] has been moved to the sql_alchemy_conn option in [database] - the old setting has been used, but please update your config.
  SQL_ALCHEMY_CONN = conf.get("database", "SQL_ALCHEMY_CONN")

[2026-02-16T15:16:11.657+0000] {task_command.py:467} INFO - Running <TaskInstance: parse_iot.clean_data scheduled__2026-01-31T10:00:00+00:00 [running]> on host fbd3e38838e9
[2026-02-16T15:16:11.657+0000] {warnings.py:109} WARNING - /home/***/.local/lib/python3.9/site-packages/***/settings.py:470: DeprecationWarning: The sql_alchemy_conn option in [core] has been moved to the sql_alchemy_conn option in [database] - the old setting has been used, but please update your config.
  if conf.get("database", "sql_alchemy_conn") == "none://":

[2026-02-16T15:16:11.702+0000] {taskinstance.py:3134} INFO - Exporting env vars: AIRFLOW_CTX_DAG_OWNER='a.sorokin' AIRFLOW_CTX_DAG_ID='parse_iot' AIRFLOW_CTX_TASK_ID='clean_data' AIRFLOW_CTX_EXECUTION_DATE='2026-01-31T10:00:00+00:00' AIRFLOW_CTX_TRY_NUMBER='1' AIRFLOW_CTX_DAG_RUN_ID='scheduled__2026-01-31T10:00:00+00:00'
[2026-02-16T15:16:11.702+0000] {taskinstance.py:732} INFO - ::endgroup::
[2026-02-16T15:16:20.885+0000] {python.py:240} INFO - Done. Returned value was: None
[2026-02-16T15:16:20.891+0000] {taskinstance.py:341} INFO - ::group::Post task execution logs
[2026-02-16T15:16:20.892+0000] {taskinstance.py:353} INFO - Marking task as SUCCESS. dag_id=parse_iot, task_id=clean_data, run_id=scheduled__2026-01-31T10:00:00+00:00, execution_date=20260131T100000, start_date=20260216T151611, end_date=20260216T151620
[2026-02-16T15:16:20.926+0000] {local_task_job_runner.py:266} INFO - Task exited with return code 0
[2026-02-16T15:16:20.946+0000] {taskinstance.py:3901} INFO - 0 downstream tasks scheduled from follow-on schedule check
[2026-02-16T15:16:20.947+0000] {local_task_job_runner.py:245} INFO - ::endgroup::
[2026-02-16T15:44:16.293+0000] {local_task_job_runner.py:123} INFO - ::group::Pre task execution logs
[2026-02-16T15:44:16.311+0000] {taskinstance.py:2614} INFO - Dependencies all met for dep_context=non-requeueable deps ti=<TaskInstance: parse_iot.clean_data scheduled__2026-01-31T10:00:00+00:00 [queued]>
[2026-02-16T15:44:16.318+0000] {taskinstance.py:2614} INFO - Dependencies all met for dep_context=requeueable deps ti=<TaskInstance: parse_iot.clean_data scheduled__2026-01-31T10:00:00+00:00 [queued]>
[2026-02-16T15:44:16.319+0000] {taskinstance.py:2867} INFO - Starting attempt 1 of 4
[2026-02-16T15:44:16.326+0000] {taskinstance.py:2890} INFO - Executing <Task(PythonOperator): clean_data> on 2026-01-31 10:00:00+00:00
[2026-02-16T15:44:16.330+0000] {standard_task_runner.py:72} INFO - Started process 407 to run task
[2026-02-16T15:44:16.332+0000] {standard_task_runner.py:104} INFO - Running: ['***', 'tasks', 'run', 'parse_iot', 'clean_data', 'scheduled__2026-01-31T10:00:00+00:00', '--job-id', '85', '--raw', '--subdir', 'DAGS_FOLDER/parse_iot.py', '--cfg-path', '/tmp/tmposrhs8wa']
[2026-02-16T15:44:16.334+0000] {standard_task_runner.py:105} INFO - Job 85: Subtask clean_data
[2026-02-16T15:44:16.343+0000] {warnings.py:109} WARNING - /home/***/.local/lib/python3.9/site-packages/***/settings.py:209: DeprecationWarning: The sql_alchemy_conn option in [core] has been moved to the sql_alchemy_conn option in [database] - the old setting has been used, but please update your config.
  SQL_ALCHEMY_CONN = conf.get("database", "SQL_ALCHEMY_CONN")

[2026-02-16T15:44:16.364+0000] {task_command.py:467} INFO - Running <TaskInstance: parse_iot.clean_data scheduled__2026-01-31T10:00:00+00:00 [running]> on host 6ef9a94e694d
[2026-02-16T15:44:16.364+0000] {warnings.py:109} WARNING - /home/***/.local/lib/python3.9/site-packages/***/settings.py:470: DeprecationWarning: The sql_alchemy_conn option in [core] has been moved to the sql_alchemy_conn option in [database] - the old setting has been used, but please update your config.
  if conf.get("database", "sql_alchemy_conn") == "none://":

[2026-02-16T15:44:16.409+0000] {taskinstance.py:3134} INFO - Exporting env vars: AIRFLOW_CTX_DAG_OWNER='a.sorokin' AIRFLOW_CTX_DAG_ID='parse_iot' AIRFLOW_CTX_TASK_ID='clean_data' AIRFLOW_CTX_EXECUTION_DATE='2026-01-31T10:00:00+00:00' AIRFLOW_CTX_TRY_NUMBER='1' AIRFLOW_CTX_DAG_RUN_ID='scheduled__2026-01-31T10:00:00+00:00'
[2026-02-16T15:44:16.410+0000] {taskinstance.py:732} INFO - ::endgroup::
[2026-02-16T15:44:25.185+0000] {python.py:240} INFO - Done. Returned value was: None
[2026-02-16T15:44:25.193+0000] {taskinstance.py:341} INFO - ::group::Post task execution logs
[2026-02-16T15:44:25.193+0000] {taskinstance.py:353} INFO - Marking task as SUCCESS. dag_id=parse_iot, task_id=clean_data, run_id=scheduled__2026-01-31T10:00:00+00:00, execution_date=20260131T100000, start_date=20260216T154416, end_date=20260216T154425
[2026-02-16T15:44:25.235+0000] {local_task_job_runner.py:266} INFO - Task exited with return code 0
[2026-02-16T15:44:25.258+0000] {taskinstance.py:3901} INFO - 0 downstream tasks scheduled from follow-on schedule check
[2026-02-16T15:44:25.259+0000] {local_task_job_runner.py:245} INFO - ::endgroup::
