[2026-02-14T16:33:24.940+0000] {local_task_job_runner.py:123} INFO - ::group::Pre task execution logs
[2026-02-14T16:33:24.961+0000] {taskinstance.py:2614} INFO - Dependencies all met for dep_context=non-requeueable deps ti=<TaskInstance: parse_iot.clean_data scheduled__2026-02-08T10:00:00+00:00 [queued]>
[2026-02-14T16:33:24.970+0000] {taskinstance.py:2614} INFO - Dependencies all met for dep_context=requeueable deps ti=<TaskInstance: parse_iot.clean_data scheduled__2026-02-08T10:00:00+00:00 [queued]>
[2026-02-14T16:33:24.970+0000] {taskinstance.py:2867} INFO - Starting attempt 1 of 4
[2026-02-14T16:33:24.978+0000] {taskinstance.py:2890} INFO - Executing <Task(PythonOperator): clean_data> on 2026-02-08 10:00:00+00:00
[2026-02-14T16:33:24.983+0000] {standard_task_runner.py:72} INFO - Started process 515 to run task
[2026-02-14T16:33:24.985+0000] {standard_task_runner.py:104} INFO - Running: ['***', 'tasks', 'run', 'parse_iot', 'clean_data', 'scheduled__2026-02-08T10:00:00+00:00', '--job-id', '112', '--raw', '--subdir', 'DAGS_FOLDER/parse_iot.py', '--cfg-path', '/tmp/tmpv5m1tj3f']
[2026-02-14T16:33:24.987+0000] {standard_task_runner.py:105} INFO - Job 112: Subtask clean_data
[2026-02-14T16:33:24.995+0000] {warnings.py:109} WARNING - /home/***/.local/lib/python3.9/site-packages/***/settings.py:209: DeprecationWarning: The sql_alchemy_conn option in [core] has been moved to the sql_alchemy_conn option in [database] - the old setting has been used, but please update your config.
  SQL_ALCHEMY_CONN = conf.get("database", "SQL_ALCHEMY_CONN")

[2026-02-14T16:33:25.017+0000] {task_command.py:467} INFO - Running <TaskInstance: parse_iot.clean_data scheduled__2026-02-08T10:00:00+00:00 [running]> on host a5c4ed865bb5
[2026-02-14T16:33:25.017+0000] {warnings.py:109} WARNING - /home/***/.local/lib/python3.9/site-packages/***/settings.py:470: DeprecationWarning: The sql_alchemy_conn option in [core] has been moved to the sql_alchemy_conn option in [database] - the old setting has been used, but please update your config.
  if conf.get("database", "sql_alchemy_conn") == "none://":

[2026-02-14T16:33:25.060+0000] {taskinstance.py:3134} INFO - Exporting env vars: AIRFLOW_CTX_DAG_OWNER='a.sorokin' AIRFLOW_CTX_DAG_ID='parse_iot' AIRFLOW_CTX_TASK_ID='clean_data' AIRFLOW_CTX_EXECUTION_DATE='2026-02-08T10:00:00+00:00' AIRFLOW_CTX_TRY_NUMBER='1' AIRFLOW_CTX_DAG_RUN_ID='scheduled__2026-02-08T10:00:00+00:00'
[2026-02-14T16:33:25.060+0000] {taskinstance.py:732} INFO - ::endgroup::
[2026-02-14T16:33:33.639+0000] {python.py:240} INFO - Done. Returned value was: None
[2026-02-14T16:33:33.646+0000] {taskinstance.py:341} INFO - ::group::Post task execution logs
[2026-02-14T16:33:33.646+0000] {taskinstance.py:353} INFO - Marking task as SUCCESS. dag_id=parse_iot, task_id=clean_data, run_id=scheduled__2026-02-08T10:00:00+00:00, execution_date=20260208T100000, start_date=20260214T163324, end_date=20260214T163333
[2026-02-14T16:33:33.688+0000] {local_task_job_runner.py:266} INFO - Task exited with return code 0
[2026-02-14T16:33:33.708+0000] {taskinstance.py:3901} INFO - 0 downstream tasks scheduled from follow-on schedule check
[2026-02-14T16:33:33.709+0000] {local_task_job_runner.py:245} INFO - ::endgroup::
[2026-02-14T17:50:52.321+0000] {local_task_job_runner.py:123} INFO - ::group::Pre task execution logs
[2026-02-14T17:50:52.338+0000] {taskinstance.py:2614} INFO - Dependencies all met for dep_context=non-requeueable deps ti=<TaskInstance: parse_iot.clean_data scheduled__2026-02-08T10:00:00+00:00 [queued]>
[2026-02-14T17:50:52.344+0000] {taskinstance.py:2614} INFO - Dependencies all met for dep_context=requeueable deps ti=<TaskInstance: parse_iot.clean_data scheduled__2026-02-08T10:00:00+00:00 [queued]>
[2026-02-14T17:50:52.345+0000] {taskinstance.py:2867} INFO - Starting attempt 1 of 4
[2026-02-14T17:50:52.351+0000] {taskinstance.py:2890} INFO - Executing <Task(PythonOperator): clean_data> on 2026-02-08 10:00:00+00:00
[2026-02-14T17:50:52.355+0000] {standard_task_runner.py:72} INFO - Started process 559 to run task
[2026-02-14T17:50:52.357+0000] {standard_task_runner.py:104} INFO - Running: ['***', 'tasks', 'run', 'parse_iot', 'clean_data', 'scheduled__2026-02-08T10:00:00+00:00', '--job-id', '123', '--raw', '--subdir', 'DAGS_FOLDER/parse_iot.py', '--cfg-path', '/tmp/tmpwtxxsoq6']
[2026-02-14T17:50:52.359+0000] {standard_task_runner.py:105} INFO - Job 123: Subtask clean_data
[2026-02-14T17:50:52.367+0000] {warnings.py:109} WARNING - /home/***/.local/lib/python3.9/site-packages/***/settings.py:209: DeprecationWarning: The sql_alchemy_conn option in [core] has been moved to the sql_alchemy_conn option in [database] - the old setting has been used, but please update your config.
  SQL_ALCHEMY_CONN = conf.get("database", "SQL_ALCHEMY_CONN")

[2026-02-14T17:50:52.388+0000] {task_command.py:467} INFO - Running <TaskInstance: parse_iot.clean_data scheduled__2026-02-08T10:00:00+00:00 [running]> on host 9052c134cdec
[2026-02-14T17:50:52.389+0000] {warnings.py:109} WARNING - /home/***/.local/lib/python3.9/site-packages/***/settings.py:470: DeprecationWarning: The sql_alchemy_conn option in [core] has been moved to the sql_alchemy_conn option in [database] - the old setting has been used, but please update your config.
  if conf.get("database", "sql_alchemy_conn") == "none://":

[2026-02-14T17:50:52.432+0000] {taskinstance.py:3134} INFO - Exporting env vars: AIRFLOW_CTX_DAG_OWNER='a.sorokin' AIRFLOW_CTX_DAG_ID='parse_iot' AIRFLOW_CTX_TASK_ID='clean_data' AIRFLOW_CTX_EXECUTION_DATE='2026-02-08T10:00:00+00:00' AIRFLOW_CTX_TRY_NUMBER='1' AIRFLOW_CTX_DAG_RUN_ID='scheduled__2026-02-08T10:00:00+00:00'
[2026-02-14T17:50:52.433+0000] {taskinstance.py:732} INFO - ::endgroup::
[2026-02-14T17:51:01.039+0000] {python.py:240} INFO - Done. Returned value was: None
[2026-02-14T17:51:01.045+0000] {taskinstance.py:341} INFO - ::group::Post task execution logs
[2026-02-14T17:51:01.046+0000] {taskinstance.py:353} INFO - Marking task as SUCCESS. dag_id=parse_iot, task_id=clean_data, run_id=scheduled__2026-02-08T10:00:00+00:00, execution_date=20260208T100000, start_date=20260214T175052, end_date=20260214T175101
[2026-02-14T17:51:01.099+0000] {local_task_job_runner.py:266} INFO - Task exited with return code 0
[2026-02-14T17:51:01.117+0000] {taskinstance.py:3901} INFO - 0 downstream tasks scheduled from follow-on schedule check
[2026-02-14T17:51:01.118+0000] {local_task_job_runner.py:245} INFO - ::endgroup::
[2026-02-14T18:15:40.200+0000] {local_task_job_runner.py:123} INFO - ::group::Pre task execution logs
[2026-02-14T18:15:40.215+0000] {taskinstance.py:2614} INFO - Dependencies all met for dep_context=non-requeueable deps ti=<TaskInstance: parse_iot.clean_data scheduled__2026-02-08T10:00:00+00:00 [queued]>
[2026-02-14T18:15:40.222+0000] {taskinstance.py:2614} INFO - Dependencies all met for dep_context=requeueable deps ti=<TaskInstance: parse_iot.clean_data scheduled__2026-02-08T10:00:00+00:00 [queued]>
[2026-02-14T18:15:40.222+0000] {taskinstance.py:2867} INFO - Starting attempt 1 of 4
[2026-02-14T18:15:40.229+0000] {taskinstance.py:2890} INFO - Executing <Task(PythonOperator): clean_data> on 2026-02-08 10:00:00+00:00
[2026-02-14T18:15:40.233+0000] {standard_task_runner.py:72} INFO - Started process 407 to run task
[2026-02-14T18:15:40.235+0000] {standard_task_runner.py:104} INFO - Running: ['***', 'tasks', 'run', 'parse_iot', 'clean_data', 'scheduled__2026-02-08T10:00:00+00:00', '--job-id', '85', '--raw', '--subdir', 'DAGS_FOLDER/parse_iot.py', '--cfg-path', '/tmp/tmp68yjvden']
[2026-02-14T18:15:40.237+0000] {standard_task_runner.py:105} INFO - Job 85: Subtask clean_data
[2026-02-14T18:15:40.245+0000] {warnings.py:109} WARNING - /home/***/.local/lib/python3.9/site-packages/***/settings.py:209: DeprecationWarning: The sql_alchemy_conn option in [core] has been moved to the sql_alchemy_conn option in [database] - the old setting has been used, but please update your config.
  SQL_ALCHEMY_CONN = conf.get("database", "SQL_ALCHEMY_CONN")

[2026-02-14T18:15:40.265+0000] {task_command.py:467} INFO - Running <TaskInstance: parse_iot.clean_data scheduled__2026-02-08T10:00:00+00:00 [running]> on host bb762b62a2c2
[2026-02-14T18:15:40.265+0000] {warnings.py:109} WARNING - /home/***/.local/lib/python3.9/site-packages/***/settings.py:470: DeprecationWarning: The sql_alchemy_conn option in [core] has been moved to the sql_alchemy_conn option in [database] - the old setting has been used, but please update your config.
  if conf.get("database", "sql_alchemy_conn") == "none://":

[2026-02-14T18:15:40.338+0000] {taskinstance.py:3134} INFO - Exporting env vars: AIRFLOW_CTX_DAG_OWNER='a.sorokin' AIRFLOW_CTX_DAG_ID='parse_iot' AIRFLOW_CTX_TASK_ID='clean_data' AIRFLOW_CTX_EXECUTION_DATE='2026-02-08T10:00:00+00:00' AIRFLOW_CTX_TRY_NUMBER='1' AIRFLOW_CTX_DAG_RUN_ID='scheduled__2026-02-08T10:00:00+00:00'
[2026-02-14T18:15:40.338+0000] {taskinstance.py:732} INFO - ::endgroup::
[2026-02-14T18:15:49.070+0000] {python.py:240} INFO - Done. Returned value was: None
[2026-02-14T18:15:49.076+0000] {taskinstance.py:341} INFO - ::group::Post task execution logs
[2026-02-14T18:15:49.077+0000] {taskinstance.py:353} INFO - Marking task as SUCCESS. dag_id=parse_iot, task_id=clean_data, run_id=scheduled__2026-02-08T10:00:00+00:00, execution_date=20260208T100000, start_date=20260214T181540, end_date=20260214T181549
[2026-02-14T18:15:49.136+0000] {local_task_job_runner.py:266} INFO - Task exited with return code 0
[2026-02-14T18:15:49.156+0000] {taskinstance.py:3901} INFO - 0 downstream tasks scheduled from follow-on schedule check
[2026-02-14T18:15:49.157+0000] {local_task_job_runner.py:245} INFO - ::endgroup::
