[2026-02-14T18:17:12.483+0000] {local_task_job_runner.py:123} INFO - ::group::Pre task execution logs
[2026-02-14T18:17:12.499+0000] {taskinstance.py:2614} INFO - Dependencies all met for dep_context=non-requeueable deps ti=<TaskInstance: load_postgres.load_csv_to_postgres scheduled__2026-01-31T10:00:00+00:00 [queued]>
[2026-02-14T18:17:12.505+0000] {taskinstance.py:2614} INFO - Dependencies all met for dep_context=requeueable deps ti=<TaskInstance: load_postgres.load_csv_to_postgres scheduled__2026-01-31T10:00:00+00:00 [queued]>
[2026-02-14T18:17:12.505+0000] {taskinstance.py:2867} INFO - Starting attempt 1 of 4
[2026-02-14T18:17:12.512+0000] {taskinstance.py:2890} INFO - Executing <Task(PythonOperator): load_csv_to_postgres> on 2026-01-31 10:00:00+00:00
[2026-02-14T18:17:12.517+0000] {standard_task_runner.py:72} INFO - Started process 653 to run task
[2026-02-14T18:17:12.519+0000] {standard_task_runner.py:104} INFO - Running: ['***', 'tasks', 'run', 'load_postgres', 'load_csv_to_postgres', 'scheduled__2026-01-31T10:00:00+00:00', '--job-id', '146', '--raw', '--subdir', 'DAGS_FOLDER/load_postrges.py', '--cfg-path', '/tmp/tmpmno2wnbz']
[2026-02-14T18:17:12.523+0000] {standard_task_runner.py:105} INFO - Job 146: Subtask load_csv_to_postgres
[2026-02-14T18:17:12.531+0000] {warnings.py:109} WARNING - /home/***/.local/lib/python3.9/site-packages/***/settings.py:209: DeprecationWarning: The sql_alchemy_conn option in [core] has been moved to the sql_alchemy_conn option in [database] - the old setting has been used, but please update your config.
  SQL_ALCHEMY_CONN = conf.get("database", "SQL_ALCHEMY_CONN")

[2026-02-14T18:17:12.554+0000] {task_command.py:467} INFO - Running <TaskInstance: load_postgres.load_csv_to_postgres scheduled__2026-01-31T10:00:00+00:00 [running]> on host bb762b62a2c2
[2026-02-14T18:17:12.554+0000] {warnings.py:109} WARNING - /home/***/.local/lib/python3.9/site-packages/***/settings.py:470: DeprecationWarning: The sql_alchemy_conn option in [core] has been moved to the sql_alchemy_conn option in [database] - the old setting has been used, but please update your config.
  if conf.get("database", "sql_alchemy_conn") == "none://":

[2026-02-14T18:17:12.605+0000] {taskinstance.py:3134} INFO - Exporting env vars: AIRFLOW_CTX_DAG_OWNER='a.sorokin' AIRFLOW_CTX_DAG_ID='load_postgres' AIRFLOW_CTX_TASK_ID='load_csv_to_postgres' AIRFLOW_CTX_EXECUTION_DATE='2026-01-31T10:00:00+00:00' AIRFLOW_CTX_TRY_NUMBER='1' AIRFLOW_CTX_DAG_RUN_ID='scheduled__2026-01-31T10:00:00+00:00'
[2026-02-14T18:17:12.605+0000] {taskinstance.py:732} INFO - ::endgroup::
[2026-02-14T18:17:12.680+0000] {base.py:84} INFO - Retrieving connection '***-db'
[2026-02-14T18:17:13.956+0000] {logging_mixin.py:190} INFO - Данные успешно загружены в таблицу raw_data
[2026-02-14T18:17:13.959+0000] {python.py:240} INFO - Done. Returned value was: None
[2026-02-14T18:17:13.967+0000] {taskinstance.py:341} INFO - ::group::Post task execution logs
[2026-02-14T18:17:13.968+0000] {taskinstance.py:353} INFO - Marking task as SUCCESS. dag_id=load_***, task_id=load_csv_to_***, run_id=scheduled__2026-01-31T10:00:00+00:00, execution_date=20260131T100000, start_date=20260214T181712, end_date=20260214T181713
[2026-02-14T18:17:14.014+0000] {local_task_job_runner.py:266} INFO - Task exited with return code 0
[2026-02-14T18:17:14.028+0000] {taskinstance.py:3901} INFO - 0 downstream tasks scheduled from follow-on schedule check
[2026-02-14T18:17:14.029+0000] {local_task_job_runner.py:245} INFO - ::endgroup::
[2026-02-16T15:48:12.714+0000] {local_task_job_runner.py:123} INFO - ::group::Pre task execution logs
[2026-02-16T15:48:12.726+0000] {taskinstance.py:2614} INFO - Dependencies all met for dep_context=non-requeueable deps ti=<TaskInstance: load_postgres.load_csv_to_postgres scheduled__2026-01-31T10:00:00+00:00 [queued]>
[2026-02-16T15:48:12.731+0000] {taskinstance.py:2614} INFO - Dependencies all met for dep_context=requeueable deps ti=<TaskInstance: load_postgres.load_csv_to_postgres scheduled__2026-01-31T10:00:00+00:00 [queued]>
[2026-02-16T15:48:12.731+0000] {taskinstance.py:2867} INFO - Starting attempt 1 of 4
[2026-02-16T15:48:12.738+0000] {taskinstance.py:2890} INFO - Executing <Task(PythonOperator): load_csv_to_postgres> on 2026-01-31 10:00:00+00:00
[2026-02-16T15:48:12.743+0000] {standard_task_runner.py:72} INFO - Started process 939 to run task
[2026-02-16T15:48:12.746+0000] {standard_task_runner.py:104} INFO - Running: ['***', 'tasks', 'run', 'load_postgres', 'load_csv_to_postgres', 'scheduled__2026-01-31T10:00:00+00:00', '--job-id', '218', '--raw', '--subdir', 'DAGS_FOLDER/load_postrges.py', '--cfg-path', '/tmp/tmpzqel8zy3']
[2026-02-16T15:48:12.748+0000] {standard_task_runner.py:105} INFO - Job 218: Subtask load_csv_to_postgres
[2026-02-16T15:48:12.758+0000] {warnings.py:109} WARNING - /home/***/.local/lib/python3.9/site-packages/***/settings.py:209: DeprecationWarning: The sql_alchemy_conn option in [core] has been moved to the sql_alchemy_conn option in [database] - the old setting has been used, but please update your config.
  SQL_ALCHEMY_CONN = conf.get("database", "SQL_ALCHEMY_CONN")

[2026-02-16T15:48:12.781+0000] {task_command.py:467} INFO - Running <TaskInstance: load_postgres.load_csv_to_postgres scheduled__2026-01-31T10:00:00+00:00 [running]> on host 6ef9a94e694d
[2026-02-16T15:48:12.781+0000] {warnings.py:109} WARNING - /home/***/.local/lib/python3.9/site-packages/***/settings.py:470: DeprecationWarning: The sql_alchemy_conn option in [core] has been moved to the sql_alchemy_conn option in [database] - the old setting has been used, but please update your config.
  if conf.get("database", "sql_alchemy_conn") == "none://":

[2026-02-16T15:48:12.825+0000] {taskinstance.py:3134} INFO - Exporting env vars: AIRFLOW_CTX_DAG_OWNER='a.sorokin' AIRFLOW_CTX_DAG_ID='load_postgres' AIRFLOW_CTX_TASK_ID='load_csv_to_postgres' AIRFLOW_CTX_EXECUTION_DATE='2026-01-31T10:00:00+00:00' AIRFLOW_CTX_TRY_NUMBER='1' AIRFLOW_CTX_DAG_RUN_ID='scheduled__2026-01-31T10:00:00+00:00'
[2026-02-16T15:48:12.825+0000] {taskinstance.py:732} INFO - ::endgroup::
[2026-02-16T15:48:12.891+0000] {base.py:84} INFO - Retrieving connection '***-db'
[2026-02-16T15:48:13.987+0000] {logging_mixin.py:190} INFO - Данные успешно загружены в таблицу raw_data
[2026-02-16T15:48:13.988+0000] {python.py:240} INFO - Done. Returned value was: None
[2026-02-16T15:48:13.995+0000] {taskinstance.py:341} INFO - ::group::Post task execution logs
[2026-02-16T15:48:13.995+0000] {taskinstance.py:353} INFO - Marking task as SUCCESS. dag_id=load_***, task_id=load_csv_to_***, run_id=scheduled__2026-01-31T10:00:00+00:00, execution_date=20260131T100000, start_date=20260216T154812, end_date=20260216T154813
[2026-02-16T15:48:14.040+0000] {local_task_job_runner.py:266} INFO - Task exited with return code 0
[2026-02-16T15:48:14.053+0000] {taskinstance.py:3901} INFO - 0 downstream tasks scheduled from follow-on schedule check
[2026-02-16T15:48:14.054+0000] {local_task_job_runner.py:245} INFO - ::endgroup::
