[2026-02-02T14:31:57.436+0000] {local_task_job_runner.py:123} INFO - ::group::Pre task execution logs
[2026-02-02T14:31:57.452+0000] {taskinstance.py:2614} INFO - Dependencies all met for dep_context=non-requeueable deps ti=<TaskInstance: download_iot.download_data scheduled__2026-01-31T10:00:00+00:00 [queued]>
[2026-02-02T14:31:57.458+0000] {taskinstance.py:2614} INFO - Dependencies all met for dep_context=requeueable deps ti=<TaskInstance: download_iot.download_data scheduled__2026-01-31T10:00:00+00:00 [queued]>
[2026-02-02T14:31:57.458+0000] {taskinstance.py:2867} INFO - Starting attempt 1 of 4
[2026-02-02T14:31:57.466+0000] {taskinstance.py:2890} INFO - Executing <Task(PythonOperator): download_data> on 2026-01-31 10:00:00+00:00
[2026-02-02T14:31:57.469+0000] {standard_task_runner.py:72} INFO - Started process 84 to run task
[2026-02-02T14:31:57.471+0000] {standard_task_runner.py:104} INFO - Running: ['***', 'tasks', 'run', 'download_iot', 'download_data', 'scheduled__2026-01-31T10:00:00+00:00', '--job-id', '29', '--raw', '--subdir', 'DAGS_FOLDER/download_iot.py', '--cfg-path', '/tmp/tmplr_aq8c5']
[2026-02-02T14:31:57.473+0000] {standard_task_runner.py:105} INFO - Job 29: Subtask download_data
[2026-02-02T14:31:57.481+0000] {warnings.py:109} WARNING - /home/***/.local/lib/python3.9/site-packages/***/settings.py:209: DeprecationWarning: The sql_alchemy_conn option in [core] has been moved to the sql_alchemy_conn option in [database] - the old setting has been used, but please update your config.
  SQL_ALCHEMY_CONN = conf.get("database", "SQL_ALCHEMY_CONN")

[2026-02-02T14:31:57.502+0000] {task_command.py:467} INFO - Running <TaskInstance: download_iot.download_data scheduled__2026-01-31T10:00:00+00:00 [running]> on host 62d0328142ca
[2026-02-02T14:31:57.503+0000] {warnings.py:109} WARNING - /home/***/.local/lib/python3.9/site-packages/***/settings.py:470: DeprecationWarning: The sql_alchemy_conn option in [core] has been moved to the sql_alchemy_conn option in [database] - the old setting has been used, but please update your config.
  if conf.get("database", "sql_alchemy_conn") == "none://":

[2026-02-02T14:31:57.552+0000] {taskinstance.py:3134} INFO - Exporting env vars: AIRFLOW_CTX_DAG_OWNER='a.sorokin' AIRFLOW_CTX_DAG_ID='download_iot' AIRFLOW_CTX_TASK_ID='download_data' AIRFLOW_CTX_EXECUTION_DATE='2026-01-31T10:00:00+00:00' AIRFLOW_CTX_TRY_NUMBER='1' AIRFLOW_CTX_DAG_RUN_ID='scheduled__2026-01-31T10:00:00+00:00'
[2026-02-02T14:31:57.553+0000] {taskinstance.py:732} INFO - ::endgroup::
[2026-02-02T14:31:57.561+0000] {logging_mixin.py:190} INFO - Dataset URL: https://www.kaggle.com/datasets/atulanandjha/temperature-readings-iot-devices
[2026-02-02T14:31:58.932+0000] {download_iot.py:67} INFO - Данные успешно загружены с Kaggle!
[2026-02-02T14:31:58.933+0000] {python.py:240} INFO - Done. Returned value was: None
[2026-02-02T14:31:58.939+0000] {taskinstance.py:341} INFO - ::group::Post task execution logs
[2026-02-02T14:31:58.939+0000] {taskinstance.py:353} INFO - Marking task as SUCCESS. dag_id=download_iot, task_id=download_data, run_id=scheduled__2026-01-31T10:00:00+00:00, execution_date=20260131T100000, start_date=20260202T143157, end_date=20260202T143158
[2026-02-02T14:31:58.966+0000] {local_task_job_runner.py:266} INFO - Task exited with return code 0
[2026-02-02T14:31:58.979+0000] {taskinstance.py:3901} INFO - 0 downstream tasks scheduled from follow-on schedule check
[2026-02-02T14:31:58.980+0000] {local_task_job_runner.py:245} INFO - ::endgroup::
[2026-02-13T23:58:01.850+0000] {local_task_job_runner.py:123} INFO - ::group::Pre task execution logs
[2026-02-13T23:58:01.863+0000] {taskinstance.py:2614} INFO - Dependencies all met for dep_context=non-requeueable deps ti=<TaskInstance: download_iot.download_data scheduled__2026-01-31T10:00:00+00:00 [queued]>
[2026-02-13T23:58:01.869+0000] {taskinstance.py:2614} INFO - Dependencies all met for dep_context=requeueable deps ti=<TaskInstance: download_iot.download_data scheduled__2026-01-31T10:00:00+00:00 [queued]>
[2026-02-13T23:58:01.869+0000] {taskinstance.py:2867} INFO - Starting attempt 1 of 4
[2026-02-13T23:58:01.876+0000] {taskinstance.py:2890} INFO - Executing <Task(PythonOperator): download_data> on 2026-01-31 10:00:00+00:00
[2026-02-13T23:58:01.880+0000] {standard_task_runner.py:72} INFO - Started process 78 to run task
[2026-02-13T23:58:01.882+0000] {standard_task_runner.py:104} INFO - Running: ['***', 'tasks', 'run', 'download_iot', 'download_data', 'scheduled__2026-01-31T10:00:00+00:00', '--job-id', '3', '--raw', '--subdir', 'DAGS_FOLDER/download_iot.py', '--cfg-path', '/tmp/tmp79bkke_8']
[2026-02-13T23:58:01.883+0000] {standard_task_runner.py:105} INFO - Job 3: Subtask download_data
[2026-02-13T23:58:01.891+0000] {warnings.py:109} WARNING - /home/***/.local/lib/python3.9/site-packages/***/settings.py:209: DeprecationWarning: The sql_alchemy_conn option in [core] has been moved to the sql_alchemy_conn option in [database] - the old setting has been used, but please update your config.
  SQL_ALCHEMY_CONN = conf.get("database", "SQL_ALCHEMY_CONN")

[2026-02-13T23:58:01.912+0000] {task_command.py:467} INFO - Running <TaskInstance: download_iot.download_data scheduled__2026-01-31T10:00:00+00:00 [running]> on host 2ca27e65cbff
[2026-02-13T23:58:01.912+0000] {warnings.py:109} WARNING - /home/***/.local/lib/python3.9/site-packages/***/settings.py:470: DeprecationWarning: The sql_alchemy_conn option in [core] has been moved to the sql_alchemy_conn option in [database] - the old setting has been used, but please update your config.
  if conf.get("database", "sql_alchemy_conn") == "none://":

[2026-02-13T23:58:01.960+0000] {taskinstance.py:3134} INFO - Exporting env vars: AIRFLOW_CTX_DAG_OWNER='a.sorokin' AIRFLOW_CTX_DAG_ID='download_iot' AIRFLOW_CTX_TASK_ID='download_data' AIRFLOW_CTX_EXECUTION_DATE='2026-01-31T10:00:00+00:00' AIRFLOW_CTX_TRY_NUMBER='1' AIRFLOW_CTX_DAG_RUN_ID='scheduled__2026-01-31T10:00:00+00:00'
[2026-02-13T23:58:01.960+0000] {taskinstance.py:732} INFO - ::endgroup::
[2026-02-13T23:58:01.970+0000] {logging_mixin.py:190} INFO - Dataset URL: https://www.kaggle.com/datasets/atulanandjha/temperature-readings-iot-devices
[2026-02-13T23:58:03.196+0000] {download_iot.py:66} INFO - Данные успешно загружены с Kaggle!
[2026-02-13T23:58:03.196+0000] {python.py:240} INFO - Done. Returned value was: None
[2026-02-13T23:58:03.204+0000] {taskinstance.py:341} INFO - ::group::Post task execution logs
[2026-02-13T23:58:03.204+0000] {taskinstance.py:353} INFO - Marking task as SUCCESS. dag_id=download_iot, task_id=download_data, run_id=scheduled__2026-01-31T10:00:00+00:00, execution_date=20260131T100000, start_date=20260213T235801, end_date=20260213T235803
[2026-02-13T23:58:03.257+0000] {local_task_job_runner.py:266} INFO - Task exited with return code 0
[2026-02-13T23:58:03.271+0000] {taskinstance.py:3901} INFO - 0 downstream tasks scheduled from follow-on schedule check
[2026-02-13T23:58:03.272+0000] {local_task_job_runner.py:245} INFO - ::endgroup::
[2026-02-14T00:25:37.740+0000] {local_task_job_runner.py:123} INFO - ::group::Pre task execution logs
[2026-02-14T00:25:37.754+0000] {taskinstance.py:2614} INFO - Dependencies all met for dep_context=non-requeueable deps ti=<TaskInstance: download_iot.download_data scheduled__2026-01-31T10:00:00+00:00 [queued]>
[2026-02-14T00:25:37.759+0000] {taskinstance.py:2614} INFO - Dependencies all met for dep_context=requeueable deps ti=<TaskInstance: download_iot.download_data scheduled__2026-01-31T10:00:00+00:00 [queued]>
[2026-02-14T00:25:37.759+0000] {taskinstance.py:2867} INFO - Starting attempt 1 of 4
[2026-02-14T00:25:37.766+0000] {taskinstance.py:2890} INFO - Executing <Task(PythonOperator): download_data> on 2026-01-31 10:00:00+00:00
[2026-02-14T00:25:37.771+0000] {standard_task_runner.py:72} INFO - Started process 79 to run task
[2026-02-14T00:25:37.773+0000] {standard_task_runner.py:104} INFO - Running: ['***', 'tasks', 'run', 'download_iot', 'download_data', 'scheduled__2026-01-31T10:00:00+00:00', '--job-id', '3', '--raw', '--subdir', 'DAGS_FOLDER/download_iot.py', '--cfg-path', '/tmp/tmpmfzb0cod']
[2026-02-14T00:25:37.774+0000] {standard_task_runner.py:105} INFO - Job 3: Subtask download_data
[2026-02-14T00:25:37.783+0000] {warnings.py:109} WARNING - /home/***/.local/lib/python3.9/site-packages/***/settings.py:209: DeprecationWarning: The sql_alchemy_conn option in [core] has been moved to the sql_alchemy_conn option in [database] - the old setting has been used, but please update your config.
  SQL_ALCHEMY_CONN = conf.get("database", "SQL_ALCHEMY_CONN")

[2026-02-14T00:25:37.804+0000] {task_command.py:467} INFO - Running <TaskInstance: download_iot.download_data scheduled__2026-01-31T10:00:00+00:00 [running]> on host b58edd37553d
[2026-02-14T00:25:37.805+0000] {warnings.py:109} WARNING - /home/***/.local/lib/python3.9/site-packages/***/settings.py:470: DeprecationWarning: The sql_alchemy_conn option in [core] has been moved to the sql_alchemy_conn option in [database] - the old setting has been used, but please update your config.
  if conf.get("database", "sql_alchemy_conn") == "none://":

[2026-02-14T00:25:37.856+0000] {taskinstance.py:3134} INFO - Exporting env vars: AIRFLOW_CTX_DAG_OWNER='a.sorokin' AIRFLOW_CTX_DAG_ID='download_iot' AIRFLOW_CTX_TASK_ID='download_data' AIRFLOW_CTX_EXECUTION_DATE='2026-01-31T10:00:00+00:00' AIRFLOW_CTX_TRY_NUMBER='1' AIRFLOW_CTX_DAG_RUN_ID='scheduled__2026-01-31T10:00:00+00:00'
[2026-02-14T00:25:37.856+0000] {taskinstance.py:732} INFO - ::endgroup::
[2026-02-14T00:25:37.865+0000] {logging_mixin.py:190} INFO - Dataset URL: https://www.kaggle.com/datasets/atulanandjha/temperature-readings-iot-devices
[2026-02-14T00:25:39.290+0000] {download_iot.py:66} INFO - Данные успешно загружены с Kaggle!
[2026-02-14T00:25:39.291+0000] {python.py:240} INFO - Done. Returned value was: None
[2026-02-14T00:25:39.297+0000] {taskinstance.py:341} INFO - ::group::Post task execution logs
[2026-02-14T00:25:39.298+0000] {taskinstance.py:353} INFO - Marking task as SUCCESS. dag_id=download_iot, task_id=download_data, run_id=scheduled__2026-01-31T10:00:00+00:00, execution_date=20260131T100000, start_date=20260214T002537, end_date=20260214T002539
[2026-02-14T00:25:39.347+0000] {local_task_job_runner.py:266} INFO - Task exited with return code 0
[2026-02-14T00:25:39.359+0000] {taskinstance.py:3901} INFO - 0 downstream tasks scheduled from follow-on schedule check
[2026-02-14T00:25:39.360+0000] {local_task_job_runner.py:245} INFO - ::endgroup::
[2026-02-14T16:30:14.493+0000] {local_task_job_runner.py:123} INFO - ::group::Pre task execution logs
[2026-02-14T16:30:14.507+0000] {taskinstance.py:2614} INFO - Dependencies all met for dep_context=non-requeueable deps ti=<TaskInstance: download_iot.download_data scheduled__2026-01-31T10:00:00+00:00 [queued]>
[2026-02-14T16:30:14.513+0000] {taskinstance.py:2614} INFO - Dependencies all met for dep_context=requeueable deps ti=<TaskInstance: download_iot.download_data scheduled__2026-01-31T10:00:00+00:00 [queued]>
[2026-02-14T16:30:14.513+0000] {taskinstance.py:2867} INFO - Starting attempt 1 of 4
[2026-02-14T16:30:14.521+0000] {taskinstance.py:2890} INFO - Executing <Task(PythonOperator): download_data> on 2026-01-31 10:00:00+00:00
[2026-02-14T16:30:14.525+0000] {standard_task_runner.py:72} INFO - Started process 92 to run task
[2026-02-14T16:30:14.527+0000] {standard_task_runner.py:104} INFO - Running: ['***', 'tasks', 'run', 'download_iot', 'download_data', 'scheduled__2026-01-31T10:00:00+00:00', '--job-id', '6', '--raw', '--subdir', 'DAGS_FOLDER/download_iot.py', '--cfg-path', '/tmp/tmpkc4gfp0j']
[2026-02-14T16:30:14.528+0000] {standard_task_runner.py:105} INFO - Job 6: Subtask download_data
[2026-02-14T16:30:14.537+0000] {warnings.py:109} WARNING - /home/***/.local/lib/python3.9/site-packages/***/settings.py:209: DeprecationWarning: The sql_alchemy_conn option in [core] has been moved to the sql_alchemy_conn option in [database] - the old setting has been used, but please update your config.
  SQL_ALCHEMY_CONN = conf.get("database", "SQL_ALCHEMY_CONN")

[2026-02-14T16:30:14.559+0000] {task_command.py:467} INFO - Running <TaskInstance: download_iot.download_data scheduled__2026-01-31T10:00:00+00:00 [running]> on host a5c4ed865bb5
[2026-02-14T16:30:14.559+0000] {warnings.py:109} WARNING - /home/***/.local/lib/python3.9/site-packages/***/settings.py:470: DeprecationWarning: The sql_alchemy_conn option in [core] has been moved to the sql_alchemy_conn option in [database] - the old setting has been used, but please update your config.
  if conf.get("database", "sql_alchemy_conn") == "none://":

[2026-02-14T16:30:14.618+0000] {taskinstance.py:3134} INFO - Exporting env vars: AIRFLOW_CTX_DAG_OWNER='a.sorokin' AIRFLOW_CTX_DAG_ID='download_iot' AIRFLOW_CTX_TASK_ID='download_data' AIRFLOW_CTX_EXECUTION_DATE='2026-01-31T10:00:00+00:00' AIRFLOW_CTX_TRY_NUMBER='1' AIRFLOW_CTX_DAG_RUN_ID='scheduled__2026-01-31T10:00:00+00:00'
[2026-02-14T16:30:14.619+0000] {taskinstance.py:732} INFO - ::endgroup::
[2026-02-14T16:30:14.631+0000] {logging_mixin.py:190} INFO - Dataset URL: https://www.kaggle.com/datasets/atulanandjha/temperature-readings-iot-devices
[2026-02-14T16:30:15.795+0000] {download_iot.py:66} INFO - Данные успешно загружены с Kaggle!
[2026-02-14T16:30:15.796+0000] {python.py:240} INFO - Done. Returned value was: None
[2026-02-14T16:30:15.805+0000] {taskinstance.py:341} INFO - ::group::Post task execution logs
[2026-02-14T16:30:15.805+0000] {taskinstance.py:353} INFO - Marking task as SUCCESS. dag_id=download_iot, task_id=download_data, run_id=scheduled__2026-01-31T10:00:00+00:00, execution_date=20260131T100000, start_date=20260214T163014, end_date=20260214T163015
[2026-02-14T16:30:15.901+0000] {local_task_job_runner.py:266} INFO - Task exited with return code 0
[2026-02-14T16:30:15.920+0000] {taskinstance.py:3901} INFO - 0 downstream tasks scheduled from follow-on schedule check
[2026-02-14T16:30:15.922+0000] {local_task_job_runner.py:245} INFO - ::endgroup::
[2026-02-14T17:47:32.476+0000] {local_task_job_runner.py:123} INFO - ::group::Pre task execution logs
[2026-02-14T17:47:32.489+0000] {taskinstance.py:2614} INFO - Dependencies all met for dep_context=non-requeueable deps ti=<TaskInstance: download_iot.download_data scheduled__2026-01-31T10:00:00+00:00 [queued]>
[2026-02-14T17:47:32.494+0000] {taskinstance.py:2614} INFO - Dependencies all met for dep_context=requeueable deps ti=<TaskInstance: download_iot.download_data scheduled__2026-01-31T10:00:00+00:00 [queued]>
[2026-02-14T17:47:32.494+0000] {taskinstance.py:2867} INFO - Starting attempt 1 of 4
[2026-02-14T17:47:32.502+0000] {taskinstance.py:2890} INFO - Executing <Task(PythonOperator): download_data> on 2026-01-31 10:00:00+00:00
[2026-02-14T17:47:32.506+0000] {standard_task_runner.py:72} INFO - Started process 142 to run task
[2026-02-14T17:47:32.507+0000] {standard_task_runner.py:104} INFO - Running: ['***', 'tasks', 'run', 'download_iot', 'download_data', 'scheduled__2026-01-31T10:00:00+00:00', '--job-id', '19', '--raw', '--subdir', 'DAGS_FOLDER/download_iot.py', '--cfg-path', '/tmp/tmpz0znlc59']
[2026-02-14T17:47:32.509+0000] {standard_task_runner.py:105} INFO - Job 19: Subtask download_data
[2026-02-14T17:47:32.517+0000] {warnings.py:109} WARNING - /home/***/.local/lib/python3.9/site-packages/***/settings.py:209: DeprecationWarning: The sql_alchemy_conn option in [core] has been moved to the sql_alchemy_conn option in [database] - the old setting has been used, but please update your config.
  SQL_ALCHEMY_CONN = conf.get("database", "SQL_ALCHEMY_CONN")

[2026-02-14T17:47:32.538+0000] {task_command.py:467} INFO - Running <TaskInstance: download_iot.download_data scheduled__2026-01-31T10:00:00+00:00 [running]> on host 9052c134cdec
[2026-02-14T17:47:32.538+0000] {warnings.py:109} WARNING - /home/***/.local/lib/python3.9/site-packages/***/settings.py:470: DeprecationWarning: The sql_alchemy_conn option in [core] has been moved to the sql_alchemy_conn option in [database] - the old setting has been used, but please update your config.
  if conf.get("database", "sql_alchemy_conn") == "none://":

[2026-02-14T17:47:32.585+0000] {taskinstance.py:3134} INFO - Exporting env vars: AIRFLOW_CTX_DAG_OWNER='a.sorokin' AIRFLOW_CTX_DAG_ID='download_iot' AIRFLOW_CTX_TASK_ID='download_data' AIRFLOW_CTX_EXECUTION_DATE='2026-01-31T10:00:00+00:00' AIRFLOW_CTX_TRY_NUMBER='1' AIRFLOW_CTX_DAG_RUN_ID='scheduled__2026-01-31T10:00:00+00:00'
[2026-02-14T17:47:32.585+0000] {taskinstance.py:732} INFO - ::endgroup::
[2026-02-14T17:47:32.595+0000] {logging_mixin.py:190} INFO - Dataset URL: https://www.kaggle.com/datasets/atulanandjha/temperature-readings-iot-devices
[2026-02-14T17:47:33.716+0000] {download_iot.py:66} INFO - Данные успешно загружены с Kaggle!
[2026-02-14T17:47:33.717+0000] {python.py:240} INFO - Done. Returned value was: None
[2026-02-14T17:47:33.723+0000] {taskinstance.py:341} INFO - ::group::Post task execution logs
[2026-02-14T17:47:33.723+0000] {taskinstance.py:353} INFO - Marking task as SUCCESS. dag_id=download_iot, task_id=download_data, run_id=scheduled__2026-01-31T10:00:00+00:00, execution_date=20260131T100000, start_date=20260214T174732, end_date=20260214T174733
[2026-02-14T17:47:33.762+0000] {local_task_job_runner.py:266} INFO - Task exited with return code 0
[2026-02-14T17:47:33.774+0000] {taskinstance.py:3901} INFO - 0 downstream tasks scheduled from follow-on schedule check
[2026-02-14T17:47:33.775+0000] {local_task_job_runner.py:245} INFO - ::endgroup::
[2026-02-14T18:12:35.153+0000] {local_task_job_runner.py:123} INFO - ::group::Pre task execution logs
[2026-02-14T18:12:35.169+0000] {taskinstance.py:2614} INFO - Dependencies all met for dep_context=non-requeueable deps ti=<TaskInstance: download_iot.download_data scheduled__2026-01-31T10:00:00+00:00 [queued]>
[2026-02-14T18:12:35.177+0000] {taskinstance.py:2614} INFO - Dependencies all met for dep_context=requeueable deps ti=<TaskInstance: download_iot.download_data scheduled__2026-01-31T10:00:00+00:00 [queued]>
[2026-02-14T18:12:35.177+0000] {taskinstance.py:2867} INFO - Starting attempt 1 of 4
[2026-02-14T18:12:35.186+0000] {taskinstance.py:2890} INFO - Executing <Task(PythonOperator): download_data> on 2026-01-31 10:00:00+00:00
[2026-02-14T18:12:35.191+0000] {standard_task_runner.py:72} INFO - Started process 86 to run task
[2026-02-14T18:12:35.193+0000] {standard_task_runner.py:104} INFO - Running: ['***', 'tasks', 'run', 'download_iot', 'download_data', 'scheduled__2026-01-31T10:00:00+00:00', '--job-id', '4', '--raw', '--subdir', 'DAGS_FOLDER/download_iot.py', '--cfg-path', '/tmp/tmp9kt5q7o9']
[2026-02-14T18:12:35.195+0000] {standard_task_runner.py:105} INFO - Job 4: Subtask download_data
[2026-02-14T18:12:35.204+0000] {warnings.py:109} WARNING - /home/***/.local/lib/python3.9/site-packages/***/settings.py:209: DeprecationWarning: The sql_alchemy_conn option in [core] has been moved to the sql_alchemy_conn option in [database] - the old setting has been used, but please update your config.
  SQL_ALCHEMY_CONN = conf.get("database", "SQL_ALCHEMY_CONN")

[2026-02-14T18:12:35.230+0000] {task_command.py:467} INFO - Running <TaskInstance: download_iot.download_data scheduled__2026-01-31T10:00:00+00:00 [running]> on host bb762b62a2c2
[2026-02-14T18:12:35.231+0000] {warnings.py:109} WARNING - /home/***/.local/lib/python3.9/site-packages/***/settings.py:470: DeprecationWarning: The sql_alchemy_conn option in [core] has been moved to the sql_alchemy_conn option in [database] - the old setting has been used, but please update your config.
  if conf.get("database", "sql_alchemy_conn") == "none://":

[2026-02-14T18:12:35.284+0000] {taskinstance.py:3134} INFO - Exporting env vars: AIRFLOW_CTX_DAG_OWNER='a.sorokin' AIRFLOW_CTX_DAG_ID='download_iot' AIRFLOW_CTX_TASK_ID='download_data' AIRFLOW_CTX_EXECUTION_DATE='2026-01-31T10:00:00+00:00' AIRFLOW_CTX_TRY_NUMBER='1' AIRFLOW_CTX_DAG_RUN_ID='scheduled__2026-01-31T10:00:00+00:00'
[2026-02-14T18:12:35.284+0000] {taskinstance.py:732} INFO - ::endgroup::
[2026-02-14T18:12:35.294+0000] {logging_mixin.py:190} INFO - Dataset URL: https://www.kaggle.com/datasets/atulanandjha/temperature-readings-iot-devices
[2026-02-14T18:12:36.740+0000] {download_iot.py:66} INFO - Данные успешно загружены с Kaggle!
[2026-02-14T18:12:36.741+0000] {python.py:240} INFO - Done. Returned value was: None
[2026-02-14T18:12:36.749+0000] {taskinstance.py:341} INFO - ::group::Post task execution logs
[2026-02-14T18:12:36.749+0000] {taskinstance.py:353} INFO - Marking task as SUCCESS. dag_id=download_iot, task_id=download_data, run_id=scheduled__2026-01-31T10:00:00+00:00, execution_date=20260131T100000, start_date=20260214T181235, end_date=20260214T181236
[2026-02-14T18:12:36.808+0000] {local_task_job_runner.py:266} INFO - Task exited with return code 0
[2026-02-14T18:12:36.828+0000] {taskinstance.py:3901} INFO - 0 downstream tasks scheduled from follow-on schedule check
[2026-02-14T18:12:36.829+0000] {local_task_job_runner.py:245} INFO - ::endgroup::
