[2026-02-02T16:00:40.507+0000] {local_task_job_runner.py:123} INFO - ::group::Pre task execution logs
[2026-02-02T16:00:40.525+0000] {taskinstance.py:2614} INFO - Dependencies all met for dep_context=non-requeueable deps ti=<TaskInstance: download_iot.download_data scheduled__2026-01-31T10:00:00+00:00 [queued]>
[2026-02-02T16:00:40.532+0000] {taskinstance.py:2614} INFO - Dependencies all met for dep_context=requeueable deps ti=<TaskInstance: download_iot.download_data scheduled__2026-01-31T10:00:00+00:00 [queued]>
[2026-02-02T16:00:40.533+0000] {taskinstance.py:2867} INFO - Starting attempt 4 of 7
[2026-02-02T16:00:40.539+0000] {taskinstance.py:2890} INFO - Executing <Task(PythonOperator): download_data> on 2026-01-31 10:00:00+00:00
[2026-02-02T16:00:40.543+0000] {standard_task_runner.py:72} INFO - Started process 277 to run task
[2026-02-02T16:00:40.545+0000] {standard_task_runner.py:104} INFO - Running: ['***', 'tasks', 'run', 'download_iot', 'download_data', 'scheduled__2026-01-31T10:00:00+00:00', '--job-id', '88', '--raw', '--subdir', 'DAGS_FOLDER/download_iot.py', '--cfg-path', '/tmp/tmpcn577zmj']
[2026-02-02T16:00:40.547+0000] {standard_task_runner.py:105} INFO - Job 88: Subtask download_data
[2026-02-02T16:00:40.555+0000] {warnings.py:109} WARNING - /home/***/.local/lib/python3.9/site-packages/***/settings.py:209: DeprecationWarning: The sql_alchemy_conn option in [core] has been moved to the sql_alchemy_conn option in [database] - the old setting has been used, but please update your config.
  SQL_ALCHEMY_CONN = conf.get("database", "SQL_ALCHEMY_CONN")

[2026-02-02T16:00:40.577+0000] {task_command.py:467} INFO - Running <TaskInstance: download_iot.download_data scheduled__2026-01-31T10:00:00+00:00 [running]> on host 62d0328142ca
[2026-02-02T16:00:40.577+0000] {warnings.py:109} WARNING - /home/***/.local/lib/python3.9/site-packages/***/settings.py:470: DeprecationWarning: The sql_alchemy_conn option in [core] has been moved to the sql_alchemy_conn option in [database] - the old setting has been used, but please update your config.
  if conf.get("database", "sql_alchemy_conn") == "none://":

[2026-02-02T16:00:40.627+0000] {taskinstance.py:3134} INFO - Exporting env vars: AIRFLOW_CTX_DAG_OWNER='a.sorokin' AIRFLOW_CTX_DAG_ID='download_iot' AIRFLOW_CTX_TASK_ID='download_data' AIRFLOW_CTX_EXECUTION_DATE='2026-01-31T10:00:00+00:00' AIRFLOW_CTX_TRY_NUMBER='4' AIRFLOW_CTX_DAG_RUN_ID='scheduled__2026-01-31T10:00:00+00:00'
[2026-02-02T16:00:40.628+0000] {taskinstance.py:732} INFO - ::endgroup::
[2026-02-02T16:00:40.637+0000] {logging_mixin.py:190} INFO - Dataset URL: https://www.kaggle.com/datasets/atulanandjha/temperature-readings-iot-devices
[2026-02-02T16:00:41.984+0000] {download_iot.py:67} INFO - Данные успешно загружены с Kaggle!
[2026-02-02T16:00:41.985+0000] {python.py:240} INFO - Done. Returned value was: None
[2026-02-02T16:00:41.991+0000] {taskinstance.py:341} INFO - ::group::Post task execution logs
[2026-02-02T16:00:41.992+0000] {taskinstance.py:353} INFO - Marking task as SUCCESS. dag_id=download_iot, task_id=download_data, run_id=scheduled__2026-01-31T10:00:00+00:00, execution_date=20260131T100000, start_date=20260202T160040, end_date=20260202T160041
[2026-02-02T16:00:42.040+0000] {local_task_job_runner.py:266} INFO - Task exited with return code 0
[2026-02-02T16:00:42.054+0000] {taskinstance.py:3901} INFO - 0 downstream tasks scheduled from follow-on schedule check
[2026-02-02T16:00:42.055+0000] {local_task_job_runner.py:245} INFO - ::endgroup::
