[2026-02-14T00:09:24.933+0000] {local_task_job_runner.py:123} INFO - ::group::Pre task execution logs
[2026-02-14T00:09:24.948+0000] {taskinstance.py:2614} INFO - Dependencies all met for dep_context=non-requeueable deps ti=<TaskInstance: load_postgres.check_parse manual__2026-02-14T00:09:03.260210+00:00 [queued]>
[2026-02-14T00:09:24.955+0000] {taskinstance.py:2614} INFO - Dependencies all met for dep_context=requeueable deps ti=<TaskInstance: load_postgres.check_parse manual__2026-02-14T00:09:03.260210+00:00 [queued]>
[2026-02-14T00:09:24.955+0000] {taskinstance.py:2867} INFO - Starting attempt 1 of 4
[2026-02-14T00:09:24.964+0000] {taskinstance.py:2890} INFO - Executing <Task(ExternalTaskSensor): check_parse> on 2026-02-14 00:09:03.260210+00:00
[2026-02-14T00:09:24.969+0000] {standard_task_runner.py:72} INFO - Started process 131 to run task
[2026-02-14T00:09:24.971+0000] {standard_task_runner.py:104} INFO - Running: ['***', 'tasks', 'run', 'load_postgres', 'check_parse', 'manual__2026-02-14T00:09:03.260210+00:00', '--job-id', '16', '--raw', '--subdir', 'DAGS_FOLDER/load_postrges.py', '--cfg-path', '/tmp/tmph1lpg_yv']
[2026-02-14T00:09:24.973+0000] {standard_task_runner.py:105} INFO - Job 16: Subtask check_parse
[2026-02-14T00:09:24.982+0000] {warnings.py:109} WARNING - /home/***/.local/lib/python3.9/site-packages/***/settings.py:209: DeprecationWarning: The sql_alchemy_conn option in [core] has been moved to the sql_alchemy_conn option in [database] - the old setting has been used, but please update your config.
  SQL_ALCHEMY_CONN = conf.get("database", "SQL_ALCHEMY_CONN")

[2026-02-14T00:09:25.004+0000] {task_command.py:467} INFO - Running <TaskInstance: load_postgres.check_parse manual__2026-02-14T00:09:03.260210+00:00 [running]> on host 13185f5c75e0
[2026-02-14T00:09:25.055+0000] {taskinstance.py:3134} INFO - Exporting env vars: AIRFLOW_CTX_DAG_OWNER='a.sorokin' AIRFLOW_CTX_DAG_ID='load_postgres' AIRFLOW_CTX_TASK_ID='check_parse' AIRFLOW_CTX_EXECUTION_DATE='2026-02-14T00:09:03.260210+00:00' AIRFLOW_CTX_TRY_NUMBER='1' AIRFLOW_CTX_DAG_RUN_ID='manual__2026-02-14T00:09:03.260210+00:00'
[2026-02-14T00:09:25.056+0000] {taskinstance.py:732} INFO - ::endgroup::
[2026-02-14T00:09:25.064+0000] {baseoperator.py:423} WARNING - ExternalTaskSensor.execute cannot be called outside TaskInstance!
[2026-02-14T00:09:25.072+0000] {external_task.py:274} INFO - Poking for DAG 'parse_iot' on 2026-02-14T00:09:03.260210+00:00 ... 
[2026-02-14T00:09:25.073+0000] {warnings.py:109} WARNING - /home/***/.local/lib/python3.9/site-packages/***/utils/session.py:97: DeprecationWarning: This method is deprecated and will be removed in future.
  return func(*args, session=session, **kwargs)

[2026-02-14T00:09:25.098+0000] {taskinstance.py:310} INFO - Rescheduling task, marking task as UP_FOR_RESCHEDULE
[2026-02-14T00:09:25.098+0000] {taskinstance.py:341} INFO - ::group::Post task execution logs
[2026-02-14T00:09:25.143+0000] {local_task_job_runner.py:266} INFO - Task exited with return code 0
[2026-02-14T00:09:25.162+0000] {taskinstance.py:3901} INFO - 0 downstream tasks scheduled from follow-on schedule check
[2026-02-14T00:09:25.168+0000] {local_task_job_runner.py:245} INFO - ::endgroup::
