[2026-02-14T16:34:03.047+0000] {local_task_job_runner.py:123} INFO - ::group::Pre task execution logs
[2026-02-14T16:34:03.063+0000] {taskinstance.py:2614} INFO - Dependencies all met for dep_context=non-requeueable deps ti=<TaskInstance: parse_iot.clean_data scheduled__2026-02-12T10:00:00+00:00 [queued]>
[2026-02-14T16:34:03.069+0000] {taskinstance.py:2614} INFO - Dependencies all met for dep_context=requeueable deps ti=<TaskInstance: parse_iot.clean_data scheduled__2026-02-12T10:00:00+00:00 [queued]>
[2026-02-14T16:34:03.070+0000] {taskinstance.py:2867} INFO - Starting attempt 1 of 4
[2026-02-14T16:34:03.076+0000] {taskinstance.py:2890} INFO - Executing <Task(PythonOperator): clean_data> on 2026-02-12 10:00:00+00:00
[2026-02-14T16:34:03.080+0000] {standard_task_runner.py:72} INFO - Started process 563 to run task
[2026-02-14T16:34:03.082+0000] {standard_task_runner.py:104} INFO - Running: ['***', 'tasks', 'run', 'parse_iot', 'clean_data', 'scheduled__2026-02-12T10:00:00+00:00', '--job-id', '124', '--raw', '--subdir', 'DAGS_FOLDER/parse_iot.py', '--cfg-path', '/tmp/tmpun99nwxl']
[2026-02-14T16:34:03.084+0000] {standard_task_runner.py:105} INFO - Job 124: Subtask clean_data
[2026-02-14T16:34:03.092+0000] {warnings.py:109} WARNING - /home/***/.local/lib/python3.9/site-packages/***/settings.py:209: DeprecationWarning: The sql_alchemy_conn option in [core] has been moved to the sql_alchemy_conn option in [database] - the old setting has been used, but please update your config.
  SQL_ALCHEMY_CONN = conf.get("database", "SQL_ALCHEMY_CONN")

[2026-02-14T16:34:03.113+0000] {task_command.py:467} INFO - Running <TaskInstance: parse_iot.clean_data scheduled__2026-02-12T10:00:00+00:00 [running]> on host a5c4ed865bb5
[2026-02-14T16:34:03.113+0000] {warnings.py:109} WARNING - /home/***/.local/lib/python3.9/site-packages/***/settings.py:470: DeprecationWarning: The sql_alchemy_conn option in [core] has been moved to the sql_alchemy_conn option in [database] - the old setting has been used, but please update your config.
  if conf.get("database", "sql_alchemy_conn") == "none://":

[2026-02-14T16:34:03.156+0000] {taskinstance.py:3134} INFO - Exporting env vars: AIRFLOW_CTX_DAG_OWNER='a.sorokin' AIRFLOW_CTX_DAG_ID='parse_iot' AIRFLOW_CTX_TASK_ID='clean_data' AIRFLOW_CTX_EXECUTION_DATE='2026-02-12T10:00:00+00:00' AIRFLOW_CTX_TRY_NUMBER='1' AIRFLOW_CTX_DAG_RUN_ID='scheduled__2026-02-12T10:00:00+00:00'
[2026-02-14T16:34:03.156+0000] {taskinstance.py:732} INFO - ::endgroup::
[2026-02-14T16:34:11.644+0000] {python.py:240} INFO - Done. Returned value was: None
[2026-02-14T16:34:11.650+0000] {taskinstance.py:341} INFO - ::group::Post task execution logs
[2026-02-14T16:34:11.650+0000] {taskinstance.py:353} INFO - Marking task as SUCCESS. dag_id=parse_iot, task_id=clean_data, run_id=scheduled__2026-02-12T10:00:00+00:00, execution_date=20260212T100000, start_date=20260214T163403, end_date=20260214T163411
[2026-02-14T16:34:11.703+0000] {local_task_job_runner.py:266} INFO - Task exited with return code 0
[2026-02-14T16:34:11.722+0000] {taskinstance.py:3901} INFO - 0 downstream tasks scheduled from follow-on schedule check
[2026-02-14T16:34:11.723+0000] {local_task_job_runner.py:245} INFO - ::endgroup::
