[2026-02-02T15:55:22.680+0000] {local_task_job_runner.py:123} INFO - ::group::Pre task execution logs
[2026-02-02T15:55:22.700+0000] {taskinstance.py:2614} INFO - Dependencies all met for dep_context=non-requeueable deps ti=<TaskInstance: parse_iot.check_download_data manual__2026-02-02T14:37:26.092251+00:00 [queued]>
[2026-02-02T15:55:22.708+0000] {taskinstance.py:2614} INFO - Dependencies all met for dep_context=requeueable deps ti=<TaskInstance: parse_iot.check_download_data manual__2026-02-02T14:37:26.092251+00:00 [queued]>
[2026-02-02T15:55:22.708+0000] {taskinstance.py:2867} INFO - Starting attempt 1 of 4
[2026-02-02T15:55:22.716+0000] {taskinstance.py:2890} INFO - Executing <Task(ExternalTaskSensor): check_download_data> on 2026-02-02 14:37:26.092251+00:00
[2026-02-02T15:55:22.720+0000] {standard_task_runner.py:72} INFO - Started process 236 to run task
[2026-02-02T15:55:22.722+0000] {standard_task_runner.py:104} INFO - Running: ['***', 'tasks', 'run', 'parse_iot', 'check_download_data', 'manual__2026-02-02T14:37:26.092251+00:00', '--job-id', '75', '--raw', '--subdir', 'DAGS_FOLDER/parse_iot.py', '--cfg-path', '/tmp/tmpt8fdth9s']
[2026-02-02T15:55:22.724+0000] {standard_task_runner.py:105} INFO - Job 75: Subtask check_download_data
[2026-02-02T15:55:22.734+0000] {warnings.py:109} WARNING - /home/***/.local/lib/python3.9/site-packages/***/settings.py:209: DeprecationWarning: The sql_alchemy_conn option in [core] has been moved to the sql_alchemy_conn option in [database] - the old setting has been used, but please update your config.
  SQL_ALCHEMY_CONN = conf.get("database", "SQL_ALCHEMY_CONN")

[2026-02-02T15:55:22.757+0000] {task_command.py:467} INFO - Running <TaskInstance: parse_iot.check_download_data manual__2026-02-02T14:37:26.092251+00:00 [running]> on host 62d0328142ca
[2026-02-02T15:55:22.808+0000] {taskinstance.py:3134} INFO - Exporting env vars: AIRFLOW_CTX_DAG_OWNER='a.sorokin' AIRFLOW_CTX_DAG_ID='parse_iot' AIRFLOW_CTX_TASK_ID='check_download_data' AIRFLOW_CTX_EXECUTION_DATE='2026-02-02T14:37:26.092251+00:00' AIRFLOW_CTX_TRY_NUMBER='1' AIRFLOW_CTX_DAG_RUN_ID='manual__2026-02-02T14:37:26.092251+00:00'
[2026-02-02T15:55:22.809+0000] {taskinstance.py:732} INFO - ::endgroup::
[2026-02-02T15:55:22.816+0000] {baseoperator.py:423} WARNING - ExternalTaskSensor.execute cannot be called outside TaskInstance!
[2026-02-02T15:55:22.822+0000] {external_task.py:274} INFO - Poking for DAG 'download_iot' on 2026-02-02T14:37:26.092251+00:00 ... 
[2026-02-02T15:55:22.823+0000] {warnings.py:109} WARNING - /home/***/.local/lib/python3.9/site-packages/***/utils/session.py:97: DeprecationWarning: This method is deprecated and will be removed in future.
  return func(*args, session=session, **kwargs)

[2026-02-02T15:55:22.840+0000] {taskinstance.py:310} INFO - Rescheduling task, marking task as UP_FOR_RESCHEDULE
[2026-02-02T15:55:22.840+0000] {taskinstance.py:341} INFO - ::group::Post task execution logs
[2026-02-02T15:55:22.854+0000] {local_task_job_runner.py:266} INFO - Task exited with return code 0
[2026-02-02T15:55:22.876+0000] {taskinstance.py:3901} INFO - 0 downstream tasks scheduled from follow-on schedule check
[2026-02-02T15:55:22.877+0000] {local_task_job_runner.py:245} INFO - ::endgroup::
[2026-02-02T15:56:23.324+0000] {local_task_job_runner.py:123} INFO - ::group::Pre task execution logs
[2026-02-02T15:56:23.346+0000] {taskinstance.py:2614} INFO - Dependencies all met for dep_context=non-requeueable deps ti=<TaskInstance: parse_iot.check_download_data manual__2026-02-02T14:37:26.092251+00:00 [queued]>
[2026-02-02T15:56:23.352+0000] {taskinstance.py:2614} INFO - Dependencies all met for dep_context=requeueable deps ti=<TaskInstance: parse_iot.check_download_data manual__2026-02-02T14:37:26.092251+00:00 [queued]>
[2026-02-02T15:56:23.352+0000] {taskinstance.py:2867} INFO - Starting attempt 1 of 4
[2026-02-02T15:56:23.359+0000] {taskinstance.py:2890} INFO - Executing <Task(ExternalTaskSensor): check_download_data> on 2026-02-02 14:37:26.092251+00:00
[2026-02-02T15:56:23.363+0000] {standard_task_runner.py:72} INFO - Started process 245 to run task
[2026-02-02T15:56:23.365+0000] {standard_task_runner.py:104} INFO - Running: ['***', 'tasks', 'run', 'parse_iot', 'check_download_data', 'manual__2026-02-02T14:37:26.092251+00:00', '--job-id', '78', '--raw', '--subdir', 'DAGS_FOLDER/parse_iot.py', '--cfg-path', '/tmp/tmprquul3ou']
[2026-02-02T15:56:23.366+0000] {standard_task_runner.py:105} INFO - Job 78: Subtask check_download_data
[2026-02-02T15:56:23.375+0000] {warnings.py:109} WARNING - /home/***/.local/lib/python3.9/site-packages/***/settings.py:209: DeprecationWarning: The sql_alchemy_conn option in [core] has been moved to the sql_alchemy_conn option in [database] - the old setting has been used, but please update your config.
  SQL_ALCHEMY_CONN = conf.get("database", "SQL_ALCHEMY_CONN")

[2026-02-02T15:56:23.395+0000] {task_command.py:467} INFO - Running <TaskInstance: parse_iot.check_download_data manual__2026-02-02T14:37:26.092251+00:00 [running]> on host 62d0328142ca
[2026-02-02T15:56:23.442+0000] {taskinstance.py:3134} INFO - Exporting env vars: AIRFLOW_CTX_DAG_OWNER='a.sorokin' AIRFLOW_CTX_DAG_ID='parse_iot' AIRFLOW_CTX_TASK_ID='check_download_data' AIRFLOW_CTX_EXECUTION_DATE='2026-02-02T14:37:26.092251+00:00' AIRFLOW_CTX_TRY_NUMBER='1' AIRFLOW_CTX_DAG_RUN_ID='manual__2026-02-02T14:37:26.092251+00:00'
[2026-02-02T15:56:23.443+0000] {taskinstance.py:732} INFO - ::endgroup::
[2026-02-02T15:56:23.451+0000] {baseoperator.py:423} WARNING - ExternalTaskSensor.execute cannot be called outside TaskInstance!
[2026-02-02T15:56:23.457+0000] {external_task.py:274} INFO - Poking for DAG 'download_iot' on 2026-02-02T14:37:26.092251+00:00 ... 
[2026-02-02T15:56:23.457+0000] {warnings.py:109} WARNING - /home/***/.local/lib/python3.9/site-packages/***/utils/session.py:97: DeprecationWarning: This method is deprecated and will be removed in future.
  return func(*args, session=session, **kwargs)

[2026-02-02T15:56:23.475+0000] {taskinstance.py:310} INFO - Rescheduling task, marking task as UP_FOR_RESCHEDULE
[2026-02-02T15:56:23.476+0000] {taskinstance.py:341} INFO - ::group::Post task execution logs
[2026-02-02T15:56:23.497+0000] {local_task_job_runner.py:266} INFO - Task exited with return code 0
[2026-02-02T15:56:23.519+0000] {taskinstance.py:3901} INFO - 0 downstream tasks scheduled from follow-on schedule check
[2026-02-02T15:56:23.520+0000] {local_task_job_runner.py:245} INFO - ::endgroup::
[2026-02-02T15:57:23.997+0000] {local_task_job_runner.py:123} INFO - ::group::Pre task execution logs
[2026-02-02T15:57:24.014+0000] {taskinstance.py:2614} INFO - Dependencies all met for dep_context=non-requeueable deps ti=<TaskInstance: parse_iot.check_download_data manual__2026-02-02T14:37:26.092251+00:00 [queued]>
[2026-02-02T15:57:24.020+0000] {taskinstance.py:2614} INFO - Dependencies all met for dep_context=requeueable deps ti=<TaskInstance: parse_iot.check_download_data manual__2026-02-02T14:37:26.092251+00:00 [queued]>
[2026-02-02T15:57:24.020+0000] {taskinstance.py:2867} INFO - Starting attempt 1 of 4
[2026-02-02T15:57:24.027+0000] {taskinstance.py:2890} INFO - Executing <Task(ExternalTaskSensor): check_download_data> on 2026-02-02 14:37:26.092251+00:00
[2026-02-02T15:57:24.031+0000] {standard_task_runner.py:72} INFO - Started process 254 to run task
[2026-02-02T15:57:24.032+0000] {standard_task_runner.py:104} INFO - Running: ['***', 'tasks', 'run', 'parse_iot', 'check_download_data', 'manual__2026-02-02T14:37:26.092251+00:00', '--job-id', '81', '--raw', '--subdir', 'DAGS_FOLDER/parse_iot.py', '--cfg-path', '/tmp/tmp7ijfys71']
[2026-02-02T15:57:24.034+0000] {standard_task_runner.py:105} INFO - Job 81: Subtask check_download_data
[2026-02-02T15:57:24.042+0000] {warnings.py:109} WARNING - /home/***/.local/lib/python3.9/site-packages/***/settings.py:209: DeprecationWarning: The sql_alchemy_conn option in [core] has been moved to the sql_alchemy_conn option in [database] - the old setting has been used, but please update your config.
  SQL_ALCHEMY_CONN = conf.get("database", "SQL_ALCHEMY_CONN")

[2026-02-02T15:57:24.062+0000] {task_command.py:467} INFO - Running <TaskInstance: parse_iot.check_download_data manual__2026-02-02T14:37:26.092251+00:00 [running]> on host 62d0328142ca
[2026-02-02T15:57:24.107+0000] {taskinstance.py:3134} INFO - Exporting env vars: AIRFLOW_CTX_DAG_OWNER='a.sorokin' AIRFLOW_CTX_DAG_ID='parse_iot' AIRFLOW_CTX_TASK_ID='check_download_data' AIRFLOW_CTX_EXECUTION_DATE='2026-02-02T14:37:26.092251+00:00' AIRFLOW_CTX_TRY_NUMBER='1' AIRFLOW_CTX_DAG_RUN_ID='manual__2026-02-02T14:37:26.092251+00:00'
[2026-02-02T15:57:24.107+0000] {taskinstance.py:732} INFO - ::endgroup::
[2026-02-02T15:57:24.114+0000] {baseoperator.py:423} WARNING - ExternalTaskSensor.execute cannot be called outside TaskInstance!
[2026-02-02T15:57:24.120+0000] {external_task.py:274} INFO - Poking for DAG 'download_iot' on 2026-02-02T14:37:26.092251+00:00 ... 
[2026-02-02T15:57:24.121+0000] {warnings.py:109} WARNING - /home/***/.local/lib/python3.9/site-packages/***/utils/session.py:97: DeprecationWarning: This method is deprecated and will be removed in future.
  return func(*args, session=session, **kwargs)

[2026-02-02T15:57:24.137+0000] {taskinstance.py:310} INFO - Rescheduling task, marking task as UP_FOR_RESCHEDULE
[2026-02-02T15:57:24.137+0000] {taskinstance.py:341} INFO - ::group::Post task execution logs
[2026-02-02T15:57:24.164+0000] {local_task_job_runner.py:266} INFO - Task exited with return code 0
[2026-02-02T15:57:24.185+0000] {taskinstance.py:3901} INFO - 0 downstream tasks scheduled from follow-on schedule check
[2026-02-02T15:57:24.186+0000] {local_task_job_runner.py:245} INFO - ::endgroup::
[2026-02-02T15:58:24.597+0000] {local_task_job_runner.py:123} INFO - ::group::Pre task execution logs
[2026-02-02T15:58:24.614+0000] {taskinstance.py:2614} INFO - Dependencies all met for dep_context=non-requeueable deps ti=<TaskInstance: parse_iot.check_download_data manual__2026-02-02T14:37:26.092251+00:00 [queued]>
[2026-02-02T15:58:24.619+0000] {taskinstance.py:2614} INFO - Dependencies all met for dep_context=requeueable deps ti=<TaskInstance: parse_iot.check_download_data manual__2026-02-02T14:37:26.092251+00:00 [queued]>
[2026-02-02T15:58:24.620+0000] {taskinstance.py:2867} INFO - Starting attempt 1 of 4
[2026-02-02T15:58:24.627+0000] {taskinstance.py:2890} INFO - Executing <Task(ExternalTaskSensor): check_download_data> on 2026-02-02 14:37:26.092251+00:00
[2026-02-02T15:58:24.631+0000] {standard_task_runner.py:72} INFO - Started process 260 to run task
[2026-02-02T15:58:24.633+0000] {standard_task_runner.py:104} INFO - Running: ['***', 'tasks', 'run', 'parse_iot', 'check_download_data', 'manual__2026-02-02T14:37:26.092251+00:00', '--job-id', '83', '--raw', '--subdir', 'DAGS_FOLDER/parse_iot.py', '--cfg-path', '/tmp/tmpr6jplfuk']
[2026-02-02T15:58:24.634+0000] {standard_task_runner.py:105} INFO - Job 83: Subtask check_download_data
[2026-02-02T15:58:24.643+0000] {warnings.py:109} WARNING - /home/***/.local/lib/python3.9/site-packages/***/settings.py:209: DeprecationWarning: The sql_alchemy_conn option in [core] has been moved to the sql_alchemy_conn option in [database] - the old setting has been used, but please update your config.
  SQL_ALCHEMY_CONN = conf.get("database", "SQL_ALCHEMY_CONN")

[2026-02-02T15:58:24.663+0000] {task_command.py:467} INFO - Running <TaskInstance: parse_iot.check_download_data manual__2026-02-02T14:37:26.092251+00:00 [running]> on host 62d0328142ca
[2026-02-02T15:58:24.709+0000] {taskinstance.py:3134} INFO - Exporting env vars: AIRFLOW_CTX_DAG_OWNER='a.sorokin' AIRFLOW_CTX_DAG_ID='parse_iot' AIRFLOW_CTX_TASK_ID='check_download_data' AIRFLOW_CTX_EXECUTION_DATE='2026-02-02T14:37:26.092251+00:00' AIRFLOW_CTX_TRY_NUMBER='1' AIRFLOW_CTX_DAG_RUN_ID='manual__2026-02-02T14:37:26.092251+00:00'
[2026-02-02T15:58:24.710+0000] {taskinstance.py:732} INFO - ::endgroup::
[2026-02-02T15:58:24.716+0000] {baseoperator.py:423} WARNING - ExternalTaskSensor.execute cannot be called outside TaskInstance!
[2026-02-02T15:58:24.722+0000] {external_task.py:274} INFO - Poking for DAG 'download_iot' on 2026-02-02T14:37:26.092251+00:00 ... 
[2026-02-02T15:58:24.723+0000] {warnings.py:109} WARNING - /home/***/.local/lib/python3.9/site-packages/***/utils/session.py:97: DeprecationWarning: This method is deprecated and will be removed in future.
  return func(*args, session=session, **kwargs)

[2026-02-02T15:58:24.738+0000] {taskinstance.py:310} INFO - Rescheduling task, marking task as UP_FOR_RESCHEDULE
[2026-02-02T15:58:24.739+0000] {taskinstance.py:341} INFO - ::group::Post task execution logs
[2026-02-02T15:58:24.764+0000] {local_task_job_runner.py:266} INFO - Task exited with return code 0
[2026-02-02T15:58:24.784+0000] {taskinstance.py:3901} INFO - 0 downstream tasks scheduled from follow-on schedule check
[2026-02-02T15:58:24.785+0000] {local_task_job_runner.py:245} INFO - ::endgroup::
