[2026-02-14T16:32:43.994+0000] {local_task_job_runner.py:123} INFO - ::group::Pre task execution logs
[2026-02-14T16:32:44.011+0000] {taskinstance.py:2614} INFO - Dependencies all met for dep_context=non-requeueable deps ti=<TaskInstance: parse_iot.clean_data scheduled__2026-02-04T10:00:00+00:00 [queued]>
[2026-02-14T16:32:44.017+0000] {taskinstance.py:2614} INFO - Dependencies all met for dep_context=requeueable deps ti=<TaskInstance: parse_iot.clean_data scheduled__2026-02-04T10:00:00+00:00 [queued]>
[2026-02-14T16:32:44.018+0000] {taskinstance.py:2867} INFO - Starting attempt 1 of 4
[2026-02-14T16:32:44.024+0000] {taskinstance.py:2890} INFO - Executing <Task(PythonOperator): clean_data> on 2026-02-04 10:00:00+00:00
[2026-02-14T16:32:44.029+0000] {standard_task_runner.py:72} INFO - Started process 459 to run task
[2026-02-14T16:32:44.030+0000] {standard_task_runner.py:104} INFO - Running: ['***', 'tasks', 'run', 'parse_iot', 'clean_data', 'scheduled__2026-02-04T10:00:00+00:00', '--job-id', '98', '--raw', '--subdir', 'DAGS_FOLDER/parse_iot.py', '--cfg-path', '/tmp/tmpfndnytyn']
[2026-02-14T16:32:44.032+0000] {standard_task_runner.py:105} INFO - Job 98: Subtask clean_data
[2026-02-14T16:32:44.040+0000] {warnings.py:109} WARNING - /home/***/.local/lib/python3.9/site-packages/***/settings.py:209: DeprecationWarning: The sql_alchemy_conn option in [core] has been moved to the sql_alchemy_conn option in [database] - the old setting has been used, but please update your config.
  SQL_ALCHEMY_CONN = conf.get("database", "SQL_ALCHEMY_CONN")

[2026-02-14T16:32:44.061+0000] {task_command.py:467} INFO - Running <TaskInstance: parse_iot.clean_data scheduled__2026-02-04T10:00:00+00:00 [running]> on host a5c4ed865bb5
[2026-02-14T16:32:44.062+0000] {warnings.py:109} WARNING - /home/***/.local/lib/python3.9/site-packages/***/settings.py:470: DeprecationWarning: The sql_alchemy_conn option in [core] has been moved to the sql_alchemy_conn option in [database] - the old setting has been used, but please update your config.
  if conf.get("database", "sql_alchemy_conn") == "none://":

[2026-02-14T16:32:44.104+0000] {taskinstance.py:3134} INFO - Exporting env vars: AIRFLOW_CTX_DAG_OWNER='a.sorokin' AIRFLOW_CTX_DAG_ID='parse_iot' AIRFLOW_CTX_TASK_ID='clean_data' AIRFLOW_CTX_EXECUTION_DATE='2026-02-04T10:00:00+00:00' AIRFLOW_CTX_TRY_NUMBER='1' AIRFLOW_CTX_DAG_RUN_ID='scheduled__2026-02-04T10:00:00+00:00'
[2026-02-14T16:32:44.104+0000] {taskinstance.py:732} INFO - ::endgroup::
[2026-02-14T16:32:52.513+0000] {python.py:240} INFO - Done. Returned value was: None
[2026-02-14T16:32:52.519+0000] {taskinstance.py:341} INFO - ::group::Post task execution logs
[2026-02-14T16:32:52.520+0000] {taskinstance.py:353} INFO - Marking task as SUCCESS. dag_id=parse_iot, task_id=clean_data, run_id=scheduled__2026-02-04T10:00:00+00:00, execution_date=20260204T100000, start_date=20260214T163244, end_date=20260214T163252
[2026-02-14T16:32:52.572+0000] {local_task_job_runner.py:266} INFO - Task exited with return code 0
[2026-02-14T16:32:52.578+0000] {local_task_job_runner.py:245} INFO - ::endgroup::
[2026-02-14T17:50:08.509+0000] {local_task_job_runner.py:123} INFO - ::group::Pre task execution logs
[2026-02-14T17:50:08.527+0000] {taskinstance.py:2614} INFO - Dependencies all met for dep_context=non-requeueable deps ti=<TaskInstance: parse_iot.clean_data scheduled__2026-02-04T10:00:00+00:00 [queued]>
[2026-02-14T17:50:08.533+0000] {taskinstance.py:2614} INFO - Dependencies all met for dep_context=requeueable deps ti=<TaskInstance: parse_iot.clean_data scheduled__2026-02-04T10:00:00+00:00 [queued]>
[2026-02-14T17:50:08.533+0000] {taskinstance.py:2867} INFO - Starting attempt 1 of 4
[2026-02-14T17:50:08.540+0000] {taskinstance.py:2890} INFO - Executing <Task(PythonOperator): clean_data> on 2026-02-04 10:00:00+00:00
[2026-02-14T17:50:08.545+0000] {standard_task_runner.py:72} INFO - Started process 471 to run task
[2026-02-14T17:50:08.547+0000] {standard_task_runner.py:104} INFO - Running: ['***', 'tasks', 'run', 'parse_iot', 'clean_data', 'scheduled__2026-02-04T10:00:00+00:00', '--job-id', '101', '--raw', '--subdir', 'DAGS_FOLDER/parse_iot.py', '--cfg-path', '/tmp/tmp8tjfr32z']
[2026-02-14T17:50:08.548+0000] {standard_task_runner.py:105} INFO - Job 101: Subtask clean_data
[2026-02-14T17:50:08.557+0000] {warnings.py:109} WARNING - /home/***/.local/lib/python3.9/site-packages/***/settings.py:209: DeprecationWarning: The sql_alchemy_conn option in [core] has been moved to the sql_alchemy_conn option in [database] - the old setting has been used, but please update your config.
  SQL_ALCHEMY_CONN = conf.get("database", "SQL_ALCHEMY_CONN")

[2026-02-14T17:50:08.579+0000] {task_command.py:467} INFO - Running <TaskInstance: parse_iot.clean_data scheduled__2026-02-04T10:00:00+00:00 [running]> on host 9052c134cdec
[2026-02-14T17:50:08.580+0000] {warnings.py:109} WARNING - /home/***/.local/lib/python3.9/site-packages/***/settings.py:470: DeprecationWarning: The sql_alchemy_conn option in [core] has been moved to the sql_alchemy_conn option in [database] - the old setting has been used, but please update your config.
  if conf.get("database", "sql_alchemy_conn") == "none://":

[2026-02-14T17:50:08.626+0000] {taskinstance.py:3134} INFO - Exporting env vars: AIRFLOW_CTX_DAG_OWNER='a.sorokin' AIRFLOW_CTX_DAG_ID='parse_iot' AIRFLOW_CTX_TASK_ID='clean_data' AIRFLOW_CTX_EXECUTION_DATE='2026-02-04T10:00:00+00:00' AIRFLOW_CTX_TRY_NUMBER='1' AIRFLOW_CTX_DAG_RUN_ID='scheduled__2026-02-04T10:00:00+00:00'
[2026-02-14T17:50:08.627+0000] {taskinstance.py:732} INFO - ::endgroup::
[2026-02-14T17:50:16.952+0000] {python.py:240} INFO - Done. Returned value was: None
[2026-02-14T17:50:16.959+0000] {taskinstance.py:341} INFO - ::group::Post task execution logs
[2026-02-14T17:50:16.959+0000] {taskinstance.py:353} INFO - Marking task as SUCCESS. dag_id=parse_iot, task_id=clean_data, run_id=scheduled__2026-02-04T10:00:00+00:00, execution_date=20260204T100000, start_date=20260214T175008, end_date=20260214T175016
[2026-02-14T17:50:17.009+0000] {local_task_job_runner.py:266} INFO - Task exited with return code 0
[2026-02-14T17:50:17.037+0000] {taskinstance.py:3901} INFO - 0 downstream tasks scheduled from follow-on schedule check
[2026-02-14T17:50:17.038+0000] {local_task_job_runner.py:245} INFO - ::endgroup::
[2026-02-14T18:14:58.368+0000] {local_task_job_runner.py:123} INFO - ::group::Pre task execution logs
[2026-02-14T18:14:58.383+0000] {taskinstance.py:2614} INFO - Dependencies all met for dep_context=non-requeueable deps ti=<TaskInstance: parse_iot.clean_data scheduled__2026-02-04T10:00:00+00:00 [queued]>
[2026-02-14T18:14:58.389+0000] {taskinstance.py:2614} INFO - Dependencies all met for dep_context=requeueable deps ti=<TaskInstance: parse_iot.clean_data scheduled__2026-02-04T10:00:00+00:00 [queued]>
[2026-02-14T18:14:58.389+0000] {taskinstance.py:2867} INFO - Starting attempt 1 of 4
[2026-02-14T18:14:58.395+0000] {taskinstance.py:2890} INFO - Executing <Task(PythonOperator): clean_data> on 2026-02-04 10:00:00+00:00
[2026-02-14T18:14:58.399+0000] {standard_task_runner.py:72} INFO - Started process 383 to run task
[2026-02-14T18:14:58.401+0000] {standard_task_runner.py:104} INFO - Running: ['***', 'tasks', 'run', 'parse_iot', 'clean_data', 'scheduled__2026-02-04T10:00:00+00:00', '--job-id', '79', '--raw', '--subdir', 'DAGS_FOLDER/parse_iot.py', '--cfg-path', '/tmp/tmpir26l74a']
[2026-02-14T18:14:58.403+0000] {standard_task_runner.py:105} INFO - Job 79: Subtask clean_data
[2026-02-14T18:14:58.411+0000] {warnings.py:109} WARNING - /home/***/.local/lib/python3.9/site-packages/***/settings.py:209: DeprecationWarning: The sql_alchemy_conn option in [core] has been moved to the sql_alchemy_conn option in [database] - the old setting has been used, but please update your config.
  SQL_ALCHEMY_CONN = conf.get("database", "SQL_ALCHEMY_CONN")

[2026-02-14T18:14:58.431+0000] {task_command.py:467} INFO - Running <TaskInstance: parse_iot.clean_data scheduled__2026-02-04T10:00:00+00:00 [running]> on host bb762b62a2c2
[2026-02-14T18:14:58.431+0000] {warnings.py:109} WARNING - /home/***/.local/lib/python3.9/site-packages/***/settings.py:470: DeprecationWarning: The sql_alchemy_conn option in [core] has been moved to the sql_alchemy_conn option in [database] - the old setting has been used, but please update your config.
  if conf.get("database", "sql_alchemy_conn") == "none://":

[2026-02-14T18:14:58.478+0000] {taskinstance.py:3134} INFO - Exporting env vars: AIRFLOW_CTX_DAG_OWNER='a.sorokin' AIRFLOW_CTX_DAG_ID='parse_iot' AIRFLOW_CTX_TASK_ID='clean_data' AIRFLOW_CTX_EXECUTION_DATE='2026-02-04T10:00:00+00:00' AIRFLOW_CTX_TRY_NUMBER='1' AIRFLOW_CTX_DAG_RUN_ID='scheduled__2026-02-04T10:00:00+00:00'
[2026-02-14T18:14:58.479+0000] {taskinstance.py:732} INFO - ::endgroup::
[2026-02-14T18:15:06.879+0000] {python.py:240} INFO - Done. Returned value was: None
[2026-02-14T18:15:06.886+0000] {taskinstance.py:341} INFO - ::group::Post task execution logs
[2026-02-14T18:15:06.886+0000] {taskinstance.py:353} INFO - Marking task as SUCCESS. dag_id=parse_iot, task_id=clean_data, run_id=scheduled__2026-02-04T10:00:00+00:00, execution_date=20260204T100000, start_date=20260214T181458, end_date=20260214T181506
[2026-02-14T18:15:07.065+0000] {local_task_job_runner.py:266} INFO - Task exited with return code 0
[2026-02-14T18:15:07.086+0000] {taskinstance.py:3901} INFO - 0 downstream tasks scheduled from follow-on schedule check
[2026-02-14T18:15:07.087+0000] {local_task_job_runner.py:245} INFO - ::endgroup::
