[2026-02-13T23:58:24.847+0000] {local_task_job_runner.py:123} INFO - ::group::Pre task execution logs
[2026-02-13T23:58:24.860+0000] {taskinstance.py:2614} INFO - Dependencies all met for dep_context=non-requeueable deps ti=<TaskInstance: download_iot.download_data scheduled__2026-02-11T10:00:00+00:00 [queued]>
[2026-02-13T23:58:24.866+0000] {taskinstance.py:2614} INFO - Dependencies all met for dep_context=requeueable deps ti=<TaskInstance: download_iot.download_data scheduled__2026-02-11T10:00:00+00:00 [queued]>
[2026-02-13T23:58:24.867+0000] {taskinstance.py:2867} INFO - Starting attempt 1 of 4
[2026-02-13T23:58:24.874+0000] {taskinstance.py:2890} INFO - Executing <Task(PythonOperator): download_data> on 2026-02-11 10:00:00+00:00
[2026-02-13T23:58:24.877+0000] {standard_task_runner.py:72} INFO - Started process 122 to run task
[2026-02-13T23:58:24.879+0000] {standard_task_runner.py:104} INFO - Running: ['***', 'tasks', 'run', 'download_iot', 'download_data', 'scheduled__2026-02-11T10:00:00+00:00', '--job-id', '14', '--raw', '--subdir', 'DAGS_FOLDER/download_iot.py', '--cfg-path', '/tmp/tmphxu2ke18']
[2026-02-13T23:58:24.881+0000] {standard_task_runner.py:105} INFO - Job 14: Subtask download_data
[2026-02-13T23:58:24.890+0000] {warnings.py:109} WARNING - /home/***/.local/lib/python3.9/site-packages/***/settings.py:209: DeprecationWarning: The sql_alchemy_conn option in [core] has been moved to the sql_alchemy_conn option in [database] - the old setting has been used, but please update your config.
  SQL_ALCHEMY_CONN = conf.get("database", "SQL_ALCHEMY_CONN")

[2026-02-13T23:58:24.910+0000] {task_command.py:467} INFO - Running <TaskInstance: download_iot.download_data scheduled__2026-02-11T10:00:00+00:00 [running]> on host 2ca27e65cbff
[2026-02-13T23:58:24.910+0000] {warnings.py:109} WARNING - /home/***/.local/lib/python3.9/site-packages/***/settings.py:470: DeprecationWarning: The sql_alchemy_conn option in [core] has been moved to the sql_alchemy_conn option in [database] - the old setting has been used, but please update your config.
  if conf.get("database", "sql_alchemy_conn") == "none://":

[2026-02-13T23:58:24.959+0000] {taskinstance.py:3134} INFO - Exporting env vars: AIRFLOW_CTX_DAG_OWNER='a.sorokin' AIRFLOW_CTX_DAG_ID='download_iot' AIRFLOW_CTX_TASK_ID='download_data' AIRFLOW_CTX_EXECUTION_DATE='2026-02-11T10:00:00+00:00' AIRFLOW_CTX_TRY_NUMBER='1' AIRFLOW_CTX_DAG_RUN_ID='scheduled__2026-02-11T10:00:00+00:00'
[2026-02-13T23:58:24.959+0000] {taskinstance.py:732} INFO - ::endgroup::
[2026-02-13T23:58:24.969+0000] {logging_mixin.py:190} INFO - Dataset URL: https://www.kaggle.com/datasets/atulanandjha/temperature-readings-iot-devices
[2026-02-13T23:58:26.152+0000] {download_iot.py:66} INFO - Данные успешно загружены с Kaggle!
[2026-02-13T23:58:26.153+0000] {python.py:240} INFO - Done. Returned value was: None
[2026-02-13T23:58:26.160+0000] {taskinstance.py:341} INFO - ::group::Post task execution logs
[2026-02-13T23:58:26.160+0000] {taskinstance.py:353} INFO - Marking task as SUCCESS. dag_id=download_iot, task_id=download_data, run_id=scheduled__2026-02-11T10:00:00+00:00, execution_date=20260211T100000, start_date=20260213T235824, end_date=20260213T235826
[2026-02-13T23:58:26.254+0000] {local_task_job_runner.py:266} INFO - Task exited with return code 0
[2026-02-13T23:58:26.269+0000] {taskinstance.py:3901} INFO - 0 downstream tasks scheduled from follow-on schedule check
[2026-02-13T23:58:26.271+0000] {local_task_job_runner.py:245} INFO - ::endgroup::
[2026-02-14T00:26:00.852+0000] {local_task_job_runner.py:123} INFO - ::group::Pre task execution logs
[2026-02-14T00:26:00.865+0000] {taskinstance.py:2614} INFO - Dependencies all met for dep_context=non-requeueable deps ti=<TaskInstance: download_iot.download_data scheduled__2026-02-11T10:00:00+00:00 [queued]>
[2026-02-14T00:26:00.870+0000] {taskinstance.py:2614} INFO - Dependencies all met for dep_context=requeueable deps ti=<TaskInstance: download_iot.download_data scheduled__2026-02-11T10:00:00+00:00 [queued]>
[2026-02-14T00:26:00.871+0000] {taskinstance.py:2867} INFO - Starting attempt 1 of 4
[2026-02-14T00:26:00.877+0000] {taskinstance.py:2890} INFO - Executing <Task(PythonOperator): download_data> on 2026-02-11 10:00:00+00:00
[2026-02-14T00:26:00.881+0000] {standard_task_runner.py:72} INFO - Started process 123 to run task
[2026-02-14T00:26:00.883+0000] {standard_task_runner.py:104} INFO - Running: ['***', 'tasks', 'run', 'download_iot', 'download_data', 'scheduled__2026-02-11T10:00:00+00:00', '--job-id', '14', '--raw', '--subdir', 'DAGS_FOLDER/download_iot.py', '--cfg-path', '/tmp/tmpd_di7zy0']
[2026-02-14T00:26:00.885+0000] {standard_task_runner.py:105} INFO - Job 14: Subtask download_data
[2026-02-14T00:26:00.893+0000] {warnings.py:109} WARNING - /home/***/.local/lib/python3.9/site-packages/***/settings.py:209: DeprecationWarning: The sql_alchemy_conn option in [core] has been moved to the sql_alchemy_conn option in [database] - the old setting has been used, but please update your config.
  SQL_ALCHEMY_CONN = conf.get("database", "SQL_ALCHEMY_CONN")

[2026-02-14T00:26:00.914+0000] {task_command.py:467} INFO - Running <TaskInstance: download_iot.download_data scheduled__2026-02-11T10:00:00+00:00 [running]> on host b58edd37553d
[2026-02-14T00:26:00.914+0000] {warnings.py:109} WARNING - /home/***/.local/lib/python3.9/site-packages/***/settings.py:470: DeprecationWarning: The sql_alchemy_conn option in [core] has been moved to the sql_alchemy_conn option in [database] - the old setting has been used, but please update your config.
  if conf.get("database", "sql_alchemy_conn") == "none://":

[2026-02-14T00:26:00.962+0000] {taskinstance.py:3134} INFO - Exporting env vars: AIRFLOW_CTX_DAG_OWNER='a.sorokin' AIRFLOW_CTX_DAG_ID='download_iot' AIRFLOW_CTX_TASK_ID='download_data' AIRFLOW_CTX_EXECUTION_DATE='2026-02-11T10:00:00+00:00' AIRFLOW_CTX_TRY_NUMBER='1' AIRFLOW_CTX_DAG_RUN_ID='scheduled__2026-02-11T10:00:00+00:00'
[2026-02-14T00:26:00.963+0000] {taskinstance.py:732} INFO - ::endgroup::
[2026-02-14T00:26:00.972+0000] {logging_mixin.py:190} INFO - Dataset URL: https://www.kaggle.com/datasets/atulanandjha/temperature-readings-iot-devices
[2026-02-14T00:26:02.166+0000] {download_iot.py:66} INFO - Данные успешно загружены с Kaggle!
[2026-02-14T00:26:02.168+0000] {python.py:240} INFO - Done. Returned value was: None
[2026-02-14T00:26:02.175+0000] {taskinstance.py:341} INFO - ::group::Post task execution logs
[2026-02-14T00:26:02.176+0000] {taskinstance.py:353} INFO - Marking task as SUCCESS. dag_id=download_iot, task_id=download_data, run_id=scheduled__2026-02-11T10:00:00+00:00, execution_date=20260211T100000, start_date=20260214T002600, end_date=20260214T002602
[2026-02-14T00:26:02.218+0000] {local_task_job_runner.py:266} INFO - Task exited with return code 0
[2026-02-14T00:26:02.237+0000] {taskinstance.py:3901} INFO - 0 downstream tasks scheduled from follow-on schedule check
[2026-02-14T00:26:02.238+0000] {local_task_job_runner.py:245} INFO - ::endgroup::
[2026-02-14T16:30:37.097+0000] {local_task_job_runner.py:123} INFO - ::group::Pre task execution logs
[2026-02-14T16:30:37.110+0000] {taskinstance.py:2614} INFO - Dependencies all met for dep_context=non-requeueable deps ti=<TaskInstance: download_iot.download_data scheduled__2026-02-11T10:00:00+00:00 [queued]>
[2026-02-14T16:30:37.117+0000] {taskinstance.py:2614} INFO - Dependencies all met for dep_context=requeueable deps ti=<TaskInstance: download_iot.download_data scheduled__2026-02-11T10:00:00+00:00 [queued]>
[2026-02-14T16:30:37.117+0000] {taskinstance.py:2867} INFO - Starting attempt 1 of 4
[2026-02-14T16:30:37.124+0000] {taskinstance.py:2890} INFO - Executing <Task(PythonOperator): download_data> on 2026-02-11 10:00:00+00:00
[2026-02-14T16:30:37.127+0000] {standard_task_runner.py:72} INFO - Started process 186 to run task
[2026-02-14T16:30:37.129+0000] {standard_task_runner.py:104} INFO - Running: ['***', 'tasks', 'run', 'download_iot', 'download_data', 'scheduled__2026-02-11T10:00:00+00:00', '--job-id', '30', '--raw', '--subdir', 'DAGS_FOLDER/download_iot.py', '--cfg-path', '/tmp/tmpzpcjdd4x']
[2026-02-14T16:30:37.131+0000] {standard_task_runner.py:105} INFO - Job 30: Subtask download_data
[2026-02-14T16:30:37.139+0000] {warnings.py:109} WARNING - /home/***/.local/lib/python3.9/site-packages/***/settings.py:209: DeprecationWarning: The sql_alchemy_conn option in [core] has been moved to the sql_alchemy_conn option in [database] - the old setting has been used, but please update your config.
  SQL_ALCHEMY_CONN = conf.get("database", "SQL_ALCHEMY_CONN")

[2026-02-14T16:30:37.160+0000] {task_command.py:467} INFO - Running <TaskInstance: download_iot.download_data scheduled__2026-02-11T10:00:00+00:00 [running]> on host a5c4ed865bb5
[2026-02-14T16:30:37.160+0000] {warnings.py:109} WARNING - /home/***/.local/lib/python3.9/site-packages/***/settings.py:470: DeprecationWarning: The sql_alchemy_conn option in [core] has been moved to the sql_alchemy_conn option in [database] - the old setting has been used, but please update your config.
  if conf.get("database", "sql_alchemy_conn") == "none://":

[2026-02-14T16:30:37.206+0000] {taskinstance.py:3134} INFO - Exporting env vars: AIRFLOW_CTX_DAG_OWNER='a.sorokin' AIRFLOW_CTX_DAG_ID='download_iot' AIRFLOW_CTX_TASK_ID='download_data' AIRFLOW_CTX_EXECUTION_DATE='2026-02-11T10:00:00+00:00' AIRFLOW_CTX_TRY_NUMBER='1' AIRFLOW_CTX_DAG_RUN_ID='scheduled__2026-02-11T10:00:00+00:00'
[2026-02-14T16:30:37.206+0000] {taskinstance.py:732} INFO - ::endgroup::
[2026-02-14T16:30:37.214+0000] {logging_mixin.py:190} INFO - Dataset URL: https://www.kaggle.com/datasets/atulanandjha/temperature-readings-iot-devices
[2026-02-14T16:30:38.074+0000] {download_iot.py:66} INFO - Данные успешно загружены с Kaggle!
[2026-02-14T16:30:38.075+0000] {python.py:240} INFO - Done. Returned value was: None
[2026-02-14T16:30:38.081+0000] {taskinstance.py:341} INFO - ::group::Post task execution logs
[2026-02-14T16:30:38.082+0000] {taskinstance.py:353} INFO - Marking task as SUCCESS. dag_id=download_iot, task_id=download_data, run_id=scheduled__2026-02-11T10:00:00+00:00, execution_date=20260211T100000, start_date=20260214T163037, end_date=20260214T163038
[2026-02-14T16:30:38.144+0000] {local_task_job_runner.py:266} INFO - Task exited with return code 0
[2026-02-14T16:30:38.151+0000] {local_task_job_runner.py:245} INFO - ::endgroup::
[2026-02-14T17:47:58.280+0000] {local_task_job_runner.py:123} INFO - ::group::Pre task execution logs
[2026-02-14T17:47:58.293+0000] {taskinstance.py:2614} INFO - Dependencies all met for dep_context=non-requeueable deps ti=<TaskInstance: download_iot.download_data scheduled__2026-02-11T10:00:00+00:00 [queued]>
[2026-02-14T17:47:58.299+0000] {taskinstance.py:2614} INFO - Dependencies all met for dep_context=requeueable deps ti=<TaskInstance: download_iot.download_data scheduled__2026-02-11T10:00:00+00:00 [queued]>
[2026-02-14T17:47:58.299+0000] {taskinstance.py:2867} INFO - Starting attempt 1 of 4
[2026-02-14T17:47:58.307+0000] {taskinstance.py:2890} INFO - Executing <Task(PythonOperator): download_data> on 2026-02-11 10:00:00+00:00
[2026-02-14T17:47:58.311+0000] {standard_task_runner.py:72} INFO - Started process 186 to run task
[2026-02-14T17:47:58.313+0000] {standard_task_runner.py:104} INFO - Running: ['***', 'tasks', 'run', 'download_iot', 'download_data', 'scheduled__2026-02-11T10:00:00+00:00', '--job-id', '30', '--raw', '--subdir', 'DAGS_FOLDER/download_iot.py', '--cfg-path', '/tmp/tmpj4i_uzjy']
[2026-02-14T17:47:58.315+0000] {standard_task_runner.py:105} INFO - Job 30: Subtask download_data
[2026-02-14T17:47:58.324+0000] {warnings.py:109} WARNING - /home/***/.local/lib/python3.9/site-packages/***/settings.py:209: DeprecationWarning: The sql_alchemy_conn option in [core] has been moved to the sql_alchemy_conn option in [database] - the old setting has been used, but please update your config.
  SQL_ALCHEMY_CONN = conf.get("database", "SQL_ALCHEMY_CONN")

[2026-02-14T17:47:58.346+0000] {task_command.py:467} INFO - Running <TaskInstance: download_iot.download_data scheduled__2026-02-11T10:00:00+00:00 [running]> on host 9052c134cdec
[2026-02-14T17:47:58.347+0000] {warnings.py:109} WARNING - /home/***/.local/lib/python3.9/site-packages/***/settings.py:470: DeprecationWarning: The sql_alchemy_conn option in [core] has been moved to the sql_alchemy_conn option in [database] - the old setting has been used, but please update your config.
  if conf.get("database", "sql_alchemy_conn") == "none://":

[2026-02-14T17:47:58.395+0000] {taskinstance.py:3134} INFO - Exporting env vars: AIRFLOW_CTX_DAG_OWNER='a.sorokin' AIRFLOW_CTX_DAG_ID='download_iot' AIRFLOW_CTX_TASK_ID='download_data' AIRFLOW_CTX_EXECUTION_DATE='2026-02-11T10:00:00+00:00' AIRFLOW_CTX_TRY_NUMBER='1' AIRFLOW_CTX_DAG_RUN_ID='scheduled__2026-02-11T10:00:00+00:00'
[2026-02-14T17:47:58.395+0000] {taskinstance.py:732} INFO - ::endgroup::
[2026-02-14T17:47:58.403+0000] {logging_mixin.py:190} INFO - Dataset URL: https://www.kaggle.com/datasets/atulanandjha/temperature-readings-iot-devices
[2026-02-14T17:47:59.584+0000] {download_iot.py:66} INFO - Данные успешно загружены с Kaggle!
[2026-02-14T17:47:59.584+0000] {python.py:240} INFO - Done. Returned value was: None
[2026-02-14T17:47:59.591+0000] {taskinstance.py:341} INFO - ::group::Post task execution logs
[2026-02-14T17:47:59.591+0000] {taskinstance.py:353} INFO - Marking task as SUCCESS. dag_id=download_iot, task_id=download_data, run_id=scheduled__2026-02-11T10:00:00+00:00, execution_date=20260211T100000, start_date=20260214T174758, end_date=20260214T174759
[2026-02-14T17:47:59.648+0000] {local_task_job_runner.py:266} INFO - Task exited with return code 0
[2026-02-14T17:47:59.659+0000] {taskinstance.py:3901} INFO - 0 downstream tasks scheduled from follow-on schedule check
[2026-02-14T17:47:59.660+0000] {local_task_job_runner.py:245} INFO - ::endgroup::
[2026-02-14T18:12:57.183+0000] {local_task_job_runner.py:123} INFO - ::group::Pre task execution logs
[2026-02-14T18:12:57.196+0000] {taskinstance.py:2614} INFO - Dependencies all met for dep_context=non-requeueable deps ti=<TaskInstance: download_iot.download_data scheduled__2026-02-11T10:00:00+00:00 [queued]>
[2026-02-14T18:12:57.201+0000] {taskinstance.py:2614} INFO - Dependencies all met for dep_context=requeueable deps ti=<TaskInstance: download_iot.download_data scheduled__2026-02-11T10:00:00+00:00 [queued]>
[2026-02-14T18:12:57.201+0000] {taskinstance.py:2867} INFO - Starting attempt 1 of 4
[2026-02-14T18:12:57.209+0000] {taskinstance.py:2890} INFO - Executing <Task(PythonOperator): download_data> on 2026-02-11 10:00:00+00:00
[2026-02-14T18:12:57.213+0000] {standard_task_runner.py:72} INFO - Started process 206 to run task
[2026-02-14T18:12:57.214+0000] {standard_task_runner.py:104} INFO - Running: ['***', 'tasks', 'run', 'download_iot', 'download_data', 'scheduled__2026-02-11T10:00:00+00:00', '--job-id', '35', '--raw', '--subdir', 'DAGS_FOLDER/download_iot.py', '--cfg-path', '/tmp/tmpt2c8zzdf']
[2026-02-14T18:12:57.216+0000] {standard_task_runner.py:105} INFO - Job 35: Subtask download_data
[2026-02-14T18:12:57.224+0000] {warnings.py:109} WARNING - /home/***/.local/lib/python3.9/site-packages/***/settings.py:209: DeprecationWarning: The sql_alchemy_conn option in [core] has been moved to the sql_alchemy_conn option in [database] - the old setting has been used, but please update your config.
  SQL_ALCHEMY_CONN = conf.get("database", "SQL_ALCHEMY_CONN")

[2026-02-14T18:12:57.245+0000] {task_command.py:467} INFO - Running <TaskInstance: download_iot.download_data scheduled__2026-02-11T10:00:00+00:00 [running]> on host bb762b62a2c2
[2026-02-14T18:12:57.245+0000] {warnings.py:109} WARNING - /home/***/.local/lib/python3.9/site-packages/***/settings.py:470: DeprecationWarning: The sql_alchemy_conn option in [core] has been moved to the sql_alchemy_conn option in [database] - the old setting has been used, but please update your config.
  if conf.get("database", "sql_alchemy_conn") == "none://":

[2026-02-14T18:12:57.292+0000] {taskinstance.py:3134} INFO - Exporting env vars: AIRFLOW_CTX_DAG_OWNER='a.sorokin' AIRFLOW_CTX_DAG_ID='download_iot' AIRFLOW_CTX_TASK_ID='download_data' AIRFLOW_CTX_EXECUTION_DATE='2026-02-11T10:00:00+00:00' AIRFLOW_CTX_TRY_NUMBER='1' AIRFLOW_CTX_DAG_RUN_ID='scheduled__2026-02-11T10:00:00+00:00'
[2026-02-14T18:12:57.292+0000] {taskinstance.py:732} INFO - ::endgroup::
[2026-02-14T18:12:57.300+0000] {logging_mixin.py:190} INFO - Dataset URL: https://www.kaggle.com/datasets/atulanandjha/temperature-readings-iot-devices
[2026-02-14T18:12:58.480+0000] {download_iot.py:66} INFO - Данные успешно загружены с Kaggle!
[2026-02-14T18:12:58.480+0000] {python.py:240} INFO - Done. Returned value was: None
[2026-02-14T18:12:58.486+0000] {taskinstance.py:341} INFO - ::group::Post task execution logs
[2026-02-14T18:12:58.486+0000] {taskinstance.py:353} INFO - Marking task as SUCCESS. dag_id=download_iot, task_id=download_data, run_id=scheduled__2026-02-11T10:00:00+00:00, execution_date=20260211T100000, start_date=20260214T181257, end_date=20260214T181258
[2026-02-14T18:12:58.549+0000] {local_task_job_runner.py:266} INFO - Task exited with return code 0
[2026-02-14T18:12:58.562+0000] {taskinstance.py:3901} INFO - 0 downstream tasks scheduled from follow-on schedule check
[2026-02-14T18:12:58.563+0000] {local_task_job_runner.py:245} INFO - ::endgroup::
[2026-02-16T14:44:53.936+0000] {local_task_job_runner.py:123} INFO - ::group::Pre task execution logs
[2026-02-16T14:44:53.949+0000] {taskinstance.py:2614} INFO - Dependencies all met for dep_context=non-requeueable deps ti=<TaskInstance: download_iot.download_data scheduled__2026-02-11T10:00:00+00:00 [queued]>
[2026-02-16T14:44:53.954+0000] {taskinstance.py:2614} INFO - Dependencies all met for dep_context=requeueable deps ti=<TaskInstance: download_iot.download_data scheduled__2026-02-11T10:00:00+00:00 [queued]>
[2026-02-16T14:44:53.954+0000] {taskinstance.py:2867} INFO - Starting attempt 1 of 4
[2026-02-16T14:44:53.961+0000] {taskinstance.py:2890} INFO - Executing <Task(PythonOperator): download_data> on 2026-02-11 10:00:00+00:00
[2026-02-16T14:44:53.965+0000] {standard_task_runner.py:72} INFO - Started process 213 to run task
[2026-02-16T14:44:53.967+0000] {standard_task_runner.py:104} INFO - Running: ['***', 'tasks', 'run', 'download_iot', 'download_data', 'scheduled__2026-02-11T10:00:00+00:00', '--job-id', '31', '--raw', '--subdir', 'DAGS_FOLDER/download_iot.py', '--cfg-path', '/tmp/tmpupvavl2b']
[2026-02-16T14:44:53.968+0000] {standard_task_runner.py:105} INFO - Job 31: Subtask download_data
[2026-02-16T14:44:53.976+0000] {warnings.py:109} WARNING - /home/***/.local/lib/python3.9/site-packages/***/settings.py:209: DeprecationWarning: The sql_alchemy_conn option in [core] has been moved to the sql_alchemy_conn option in [database] - the old setting has been used, but please update your config.
  SQL_ALCHEMY_CONN = conf.get("database", "SQL_ALCHEMY_CONN")

[2026-02-16T14:44:53.997+0000] {task_command.py:467} INFO - Running <TaskInstance: download_iot.download_data scheduled__2026-02-11T10:00:00+00:00 [running]> on host cd96c4fa192f
[2026-02-16T14:44:53.997+0000] {warnings.py:109} WARNING - /home/***/.local/lib/python3.9/site-packages/***/settings.py:470: DeprecationWarning: The sql_alchemy_conn option in [core] has been moved to the sql_alchemy_conn option in [database] - the old setting has been used, but please update your config.
  if conf.get("database", "sql_alchemy_conn") == "none://":

[2026-02-16T14:44:54.045+0000] {taskinstance.py:3134} INFO - Exporting env vars: AIRFLOW_CTX_DAG_OWNER='a.sorokin' AIRFLOW_CTX_DAG_ID='download_iot' AIRFLOW_CTX_TASK_ID='download_data' AIRFLOW_CTX_EXECUTION_DATE='2026-02-11T10:00:00+00:00' AIRFLOW_CTX_TRY_NUMBER='1' AIRFLOW_CTX_DAG_RUN_ID='scheduled__2026-02-11T10:00:00+00:00'
[2026-02-16T14:44:54.045+0000] {taskinstance.py:732} INFO - ::endgroup::
[2026-02-16T14:44:54.053+0000] {logging_mixin.py:190} INFO - Dataset URL: https://www.kaggle.com/datasets/atulanandjha/temperature-readings-iot-devices
[2026-02-16T14:44:55.262+0000] {download_iot.py:66} INFO - Данные успешно загружены с Kaggle!
[2026-02-16T14:44:55.263+0000] {python.py:240} INFO - Done. Returned value was: None
[2026-02-16T14:44:55.269+0000] {taskinstance.py:341} INFO - ::group::Post task execution logs
[2026-02-16T14:44:55.269+0000] {taskinstance.py:353} INFO - Marking task as SUCCESS. dag_id=download_iot, task_id=download_data, run_id=scheduled__2026-02-11T10:00:00+00:00, execution_date=20260211T100000, start_date=20260216T144453, end_date=20260216T144455
[2026-02-16T14:44:55.342+0000] {local_task_job_runner.py:266} INFO - Task exited with return code 0
[2026-02-16T14:44:55.354+0000] {taskinstance.py:3901} INFO - 0 downstream tasks scheduled from follow-on schedule check
[2026-02-16T14:44:55.355+0000] {local_task_job_runner.py:245} INFO - ::endgroup::
[2026-02-16T15:14:42.501+0000] {local_task_job_runner.py:123} INFO - ::group::Pre task execution logs
[2026-02-16T15:14:42.520+0000] {taskinstance.py:2614} INFO - Dependencies all met for dep_context=non-requeueable deps ti=<TaskInstance: download_iot.download_data scheduled__2026-02-11T10:00:00+00:00 [queued]>
[2026-02-16T15:14:42.526+0000] {taskinstance.py:2614} INFO - Dependencies all met for dep_context=requeueable deps ti=<TaskInstance: download_iot.download_data scheduled__2026-02-11T10:00:00+00:00 [queued]>
[2026-02-16T15:14:42.526+0000] {taskinstance.py:2867} INFO - Starting attempt 1 of 4
[2026-02-16T15:14:42.536+0000] {taskinstance.py:2890} INFO - Executing <Task(PythonOperator): download_data> on 2026-02-11 10:00:00+00:00
[2026-02-16T15:14:42.540+0000] {standard_task_runner.py:72} INFO - Started process 180 to run task
[2026-02-16T15:14:42.542+0000] {standard_task_runner.py:104} INFO - Running: ['***', 'tasks', 'run', 'download_iot', 'download_data', 'scheduled__2026-02-11T10:00:00+00:00', '--job-id', '28', '--raw', '--subdir', 'DAGS_FOLDER/download_iot.py', '--cfg-path', '/tmp/tmptvei0l_j']
[2026-02-16T15:14:42.543+0000] {standard_task_runner.py:105} INFO - Job 28: Subtask download_data
[2026-02-16T15:14:42.556+0000] {warnings.py:109} WARNING - /home/***/.local/lib/python3.9/site-packages/***/settings.py:209: DeprecationWarning: The sql_alchemy_conn option in [core] has been moved to the sql_alchemy_conn option in [database] - the old setting has been used, but please update your config.
  SQL_ALCHEMY_CONN = conf.get("database", "SQL_ALCHEMY_CONN")

[2026-02-16T15:14:42.578+0000] {task_command.py:467} INFO - Running <TaskInstance: download_iot.download_data scheduled__2026-02-11T10:00:00+00:00 [running]> on host fbd3e38838e9
[2026-02-16T15:14:42.579+0000] {warnings.py:109} WARNING - /home/***/.local/lib/python3.9/site-packages/***/settings.py:470: DeprecationWarning: The sql_alchemy_conn option in [core] has been moved to the sql_alchemy_conn option in [database] - the old setting has been used, but please update your config.
  if conf.get("database", "sql_alchemy_conn") == "none://":

[2026-02-16T15:14:42.635+0000] {taskinstance.py:3134} INFO - Exporting env vars: AIRFLOW_CTX_DAG_OWNER='a.sorokin' AIRFLOW_CTX_DAG_ID='download_iot' AIRFLOW_CTX_TASK_ID='download_data' AIRFLOW_CTX_EXECUTION_DATE='2026-02-11T10:00:00+00:00' AIRFLOW_CTX_TRY_NUMBER='1' AIRFLOW_CTX_DAG_RUN_ID='scheduled__2026-02-11T10:00:00+00:00'
[2026-02-16T15:14:42.636+0000] {taskinstance.py:732} INFO - ::endgroup::
[2026-02-16T15:14:42.645+0000] {logging_mixin.py:190} INFO - Dataset URL: https://www.kaggle.com/datasets/atulanandjha/temperature-readings-iot-devices
[2026-02-16T15:14:43.848+0000] {download_iot.py:66} INFO - Данные успешно загружены с Kaggle!
[2026-02-16T15:14:43.849+0000] {python.py:240} INFO - Done. Returned value was: None
[2026-02-16T15:14:43.857+0000] {taskinstance.py:341} INFO - ::group::Post task execution logs
[2026-02-16T15:14:43.857+0000] {taskinstance.py:353} INFO - Marking task as SUCCESS. dag_id=download_iot, task_id=download_data, run_id=scheduled__2026-02-11T10:00:00+00:00, execution_date=20260211T100000, start_date=20260216T151442, end_date=20260216T151443
[2026-02-16T15:14:44.157+0000] {local_task_job_runner.py:266} INFO - Task exited with return code 0
[2026-02-16T15:14:44.174+0000] {taskinstance.py:3901} INFO - 0 downstream tasks scheduled from follow-on schedule check
[2026-02-16T15:14:44.175+0000] {local_task_job_runner.py:245} INFO - ::endgroup::
[2026-02-16T15:42:42.317+0000] {local_task_job_runner.py:123} INFO - ::group::Pre task execution logs
[2026-02-16T15:42:42.331+0000] {taskinstance.py:2614} INFO - Dependencies all met for dep_context=non-requeueable deps ti=<TaskInstance: download_iot.download_data scheduled__2026-02-11T10:00:00+00:00 [queued]>
[2026-02-16T15:42:42.336+0000] {taskinstance.py:2614} INFO - Dependencies all met for dep_context=requeueable deps ti=<TaskInstance: download_iot.download_data scheduled__2026-02-11T10:00:00+00:00 [queued]>
[2026-02-16T15:42:42.336+0000] {taskinstance.py:2867} INFO - Starting attempt 1 of 4
[2026-02-16T15:42:42.344+0000] {taskinstance.py:2890} INFO - Executing <Task(PythonOperator): download_data> on 2026-02-11 10:00:00+00:00
[2026-02-16T15:42:42.348+0000] {standard_task_runner.py:72} INFO - Started process 178 to run task
[2026-02-16T15:42:42.350+0000] {standard_task_runner.py:104} INFO - Running: ['***', 'tasks', 'run', 'download_iot', 'download_data', 'scheduled__2026-02-11T10:00:00+00:00', '--job-id', '28', '--raw', '--subdir', 'DAGS_FOLDER/download_iot.py', '--cfg-path', '/tmp/tmp92mz2qh3']
[2026-02-16T15:42:42.351+0000] {standard_task_runner.py:105} INFO - Job 28: Subtask download_data
[2026-02-16T15:42:42.360+0000] {warnings.py:109} WARNING - /home/***/.local/lib/python3.9/site-packages/***/settings.py:209: DeprecationWarning: The sql_alchemy_conn option in [core] has been moved to the sql_alchemy_conn option in [database] - the old setting has been used, but please update your config.
  SQL_ALCHEMY_CONN = conf.get("database", "SQL_ALCHEMY_CONN")

[2026-02-16T15:42:42.380+0000] {task_command.py:467} INFO - Running <TaskInstance: download_iot.download_data scheduled__2026-02-11T10:00:00+00:00 [running]> on host 6ef9a94e694d
[2026-02-16T15:42:42.381+0000] {warnings.py:109} WARNING - /home/***/.local/lib/python3.9/site-packages/***/settings.py:470: DeprecationWarning: The sql_alchemy_conn option in [core] has been moved to the sql_alchemy_conn option in [database] - the old setting has been used, but please update your config.
  if conf.get("database", "sql_alchemy_conn") == "none://":

[2026-02-16T15:42:42.429+0000] {taskinstance.py:3134} INFO - Exporting env vars: AIRFLOW_CTX_DAG_OWNER='a.sorokin' AIRFLOW_CTX_DAG_ID='download_iot' AIRFLOW_CTX_TASK_ID='download_data' AIRFLOW_CTX_EXECUTION_DATE='2026-02-11T10:00:00+00:00' AIRFLOW_CTX_TRY_NUMBER='1' AIRFLOW_CTX_DAG_RUN_ID='scheduled__2026-02-11T10:00:00+00:00'
[2026-02-16T15:42:42.429+0000] {taskinstance.py:732} INFO - ::endgroup::
[2026-02-16T15:42:42.438+0000] {logging_mixin.py:190} INFO - Dataset URL: https://www.kaggle.com/datasets/atulanandjha/temperature-readings-iot-devices
[2026-02-16T15:42:43.314+0000] {download_iot.py:66} INFO - Данные успешно загружены с Kaggle!
[2026-02-16T15:42:43.315+0000] {python.py:240} INFO - Done. Returned value was: None
[2026-02-16T15:42:43.321+0000] {taskinstance.py:341} INFO - ::group::Post task execution logs
[2026-02-16T15:42:43.322+0000] {taskinstance.py:353} INFO - Marking task as SUCCESS. dag_id=download_iot, task_id=download_data, run_id=scheduled__2026-02-11T10:00:00+00:00, execution_date=20260211T100000, start_date=20260216T154242, end_date=20260216T154243
[2026-02-16T15:42:43.364+0000] {local_task_job_runner.py:266} INFO - Task exited with return code 0
[2026-02-16T15:42:43.372+0000] {local_task_job_runner.py:245} INFO - ::endgroup::
