[2026-02-14T16:32:54.464+0000] {local_task_job_runner.py:123} INFO - ::group::Pre task execution logs
[2026-02-14T16:32:54.488+0000] {taskinstance.py:2614} INFO - Dependencies all met for dep_context=non-requeueable deps ti=<TaskInstance: parse_iot.clean_data scheduled__2026-02-05T10:00:00+00:00 [queued]>
[2026-02-14T16:32:54.495+0000] {taskinstance.py:2614} INFO - Dependencies all met for dep_context=requeueable deps ti=<TaskInstance: parse_iot.clean_data scheduled__2026-02-05T10:00:00+00:00 [queued]>
[2026-02-14T16:32:54.495+0000] {taskinstance.py:2867} INFO - Starting attempt 1 of 4
[2026-02-14T16:32:54.501+0000] {taskinstance.py:2890} INFO - Executing <Task(PythonOperator): clean_data> on 2026-02-05 10:00:00+00:00
[2026-02-14T16:32:54.506+0000] {standard_task_runner.py:72} INFO - Started process 467 to run task
[2026-02-14T16:32:54.508+0000] {standard_task_runner.py:104} INFO - Running: ['***', 'tasks', 'run', 'parse_iot', 'clean_data', 'scheduled__2026-02-05T10:00:00+00:00', '--job-id', '100', '--raw', '--subdir', 'DAGS_FOLDER/parse_iot.py', '--cfg-path', '/tmp/tmpgggb7xk5']
[2026-02-14T16:32:54.509+0000] {standard_task_runner.py:105} INFO - Job 100: Subtask clean_data
[2026-02-14T16:32:54.517+0000] {warnings.py:109} WARNING - /home/***/.local/lib/python3.9/site-packages/***/settings.py:209: DeprecationWarning: The sql_alchemy_conn option in [core] has been moved to the sql_alchemy_conn option in [database] - the old setting has been used, but please update your config.
  SQL_ALCHEMY_CONN = conf.get("database", "SQL_ALCHEMY_CONN")

[2026-02-14T16:32:54.537+0000] {task_command.py:467} INFO - Running <TaskInstance: parse_iot.clean_data scheduled__2026-02-05T10:00:00+00:00 [running]> on host a5c4ed865bb5
[2026-02-14T16:32:54.537+0000] {warnings.py:109} WARNING - /home/***/.local/lib/python3.9/site-packages/***/settings.py:470: DeprecationWarning: The sql_alchemy_conn option in [core] has been moved to the sql_alchemy_conn option in [database] - the old setting has been used, but please update your config.
  if conf.get("database", "sql_alchemy_conn") == "none://":

[2026-02-14T16:32:54.580+0000] {taskinstance.py:3134} INFO - Exporting env vars: AIRFLOW_CTX_DAG_OWNER='a.sorokin' AIRFLOW_CTX_DAG_ID='parse_iot' AIRFLOW_CTX_TASK_ID='clean_data' AIRFLOW_CTX_EXECUTION_DATE='2026-02-05T10:00:00+00:00' AIRFLOW_CTX_TRY_NUMBER='1' AIRFLOW_CTX_DAG_RUN_ID='scheduled__2026-02-05T10:00:00+00:00'
[2026-02-14T16:32:54.580+0000] {taskinstance.py:732} INFO - ::endgroup::
[2026-02-14T16:33:02.855+0000] {python.py:240} INFO - Done. Returned value was: None
[2026-02-14T16:33:02.862+0000] {taskinstance.py:341} INFO - ::group::Post task execution logs
[2026-02-14T16:33:02.863+0000] {taskinstance.py:353} INFO - Marking task as SUCCESS. dag_id=parse_iot, task_id=clean_data, run_id=scheduled__2026-02-05T10:00:00+00:00, execution_date=20260205T100000, start_date=20260214T163254, end_date=20260214T163302
[2026-02-14T16:33:02.972+0000] {local_task_job_runner.py:266} INFO - Task exited with return code 0
[2026-02-14T16:33:02.995+0000] {taskinstance.py:3901} INFO - 0 downstream tasks scheduled from follow-on schedule check
[2026-02-14T16:33:02.997+0000] {local_task_job_runner.py:245} INFO - ::endgroup::
[2026-02-14T17:50:19.016+0000] {local_task_job_runner.py:123} INFO - ::group::Pre task execution logs
[2026-02-14T17:50:19.032+0000] {taskinstance.py:2614} INFO - Dependencies all met for dep_context=non-requeueable deps ti=<TaskInstance: parse_iot.clean_data scheduled__2026-02-05T10:00:00+00:00 [queued]>
[2026-02-14T17:50:19.039+0000] {taskinstance.py:2614} INFO - Dependencies all met for dep_context=requeueable deps ti=<TaskInstance: parse_iot.clean_data scheduled__2026-02-05T10:00:00+00:00 [queued]>
[2026-02-14T17:50:19.039+0000] {taskinstance.py:2867} INFO - Starting attempt 1 of 4
[2026-02-14T17:50:19.046+0000] {taskinstance.py:2890} INFO - Executing <Task(PythonOperator): clean_data> on 2026-02-05 10:00:00+00:00
[2026-02-14T17:50:19.051+0000] {standard_task_runner.py:72} INFO - Started process 479 to run task
[2026-02-14T17:50:19.053+0000] {standard_task_runner.py:104} INFO - Running: ['***', 'tasks', 'run', 'parse_iot', 'clean_data', 'scheduled__2026-02-05T10:00:00+00:00', '--job-id', '103', '--raw', '--subdir', 'DAGS_FOLDER/parse_iot.py', '--cfg-path', '/tmp/tmp9o6x3bpx']
[2026-02-14T17:50:19.054+0000] {standard_task_runner.py:105} INFO - Job 103: Subtask clean_data
[2026-02-14T17:50:19.063+0000] {warnings.py:109} WARNING - /home/***/.local/lib/python3.9/site-packages/***/settings.py:209: DeprecationWarning: The sql_alchemy_conn option in [core] has been moved to the sql_alchemy_conn option in [database] - the old setting has been used, but please update your config.
  SQL_ALCHEMY_CONN = conf.get("database", "SQL_ALCHEMY_CONN")

[2026-02-14T17:50:19.084+0000] {task_command.py:467} INFO - Running <TaskInstance: parse_iot.clean_data scheduled__2026-02-05T10:00:00+00:00 [running]> on host 9052c134cdec
[2026-02-14T17:50:19.085+0000] {warnings.py:109} WARNING - /home/***/.local/lib/python3.9/site-packages/***/settings.py:470: DeprecationWarning: The sql_alchemy_conn option in [core] has been moved to the sql_alchemy_conn option in [database] - the old setting has been used, but please update your config.
  if conf.get("database", "sql_alchemy_conn") == "none://":

[2026-02-14T17:50:19.131+0000] {taskinstance.py:3134} INFO - Exporting env vars: AIRFLOW_CTX_DAG_OWNER='a.sorokin' AIRFLOW_CTX_DAG_ID='parse_iot' AIRFLOW_CTX_TASK_ID='clean_data' AIRFLOW_CTX_EXECUTION_DATE='2026-02-05T10:00:00+00:00' AIRFLOW_CTX_TRY_NUMBER='1' AIRFLOW_CTX_DAG_RUN_ID='scheduled__2026-02-05T10:00:00+00:00'
[2026-02-14T17:50:19.131+0000] {taskinstance.py:732} INFO - ::endgroup::
[2026-02-14T17:50:28.123+0000] {python.py:240} INFO - Done. Returned value was: None
[2026-02-14T17:50:28.132+0000] {taskinstance.py:341} INFO - ::group::Post task execution logs
[2026-02-14T17:50:28.132+0000] {taskinstance.py:353} INFO - Marking task as SUCCESS. dag_id=parse_iot, task_id=clean_data, run_id=scheduled__2026-02-05T10:00:00+00:00, execution_date=20260205T100000, start_date=20260214T175019, end_date=20260214T175028
[2026-02-14T17:50:28.201+0000] {local_task_job_runner.py:266} INFO - Task exited with return code 0
[2026-02-14T17:50:28.223+0000] {taskinstance.py:3901} INFO - 0 downstream tasks scheduled from follow-on schedule check
[2026-02-14T17:50:28.224+0000] {local_task_job_runner.py:245} INFO - ::endgroup::
[2026-02-14T18:15:09.002+0000] {local_task_job_runner.py:123} INFO - ::group::Pre task execution logs
[2026-02-14T18:15:09.022+0000] {taskinstance.py:2614} INFO - Dependencies all met for dep_context=non-requeueable deps ti=<TaskInstance: parse_iot.clean_data scheduled__2026-02-05T10:00:00+00:00 [queued]>
[2026-02-14T18:15:09.031+0000] {taskinstance.py:2614} INFO - Dependencies all met for dep_context=requeueable deps ti=<TaskInstance: parse_iot.clean_data scheduled__2026-02-05T10:00:00+00:00 [queued]>
[2026-02-14T18:15:09.031+0000] {taskinstance.py:2867} INFO - Starting attempt 1 of 4
[2026-02-14T18:15:09.040+0000] {taskinstance.py:2890} INFO - Executing <Task(PythonOperator): clean_data> on 2026-02-05 10:00:00+00:00
[2026-02-14T18:15:09.047+0000] {standard_task_runner.py:72} INFO - Started process 391 to run task
[2026-02-14T18:15:09.049+0000] {standard_task_runner.py:104} INFO - Running: ['***', 'tasks', 'run', 'parse_iot', 'clean_data', 'scheduled__2026-02-05T10:00:00+00:00', '--job-id', '81', '--raw', '--subdir', 'DAGS_FOLDER/parse_iot.py', '--cfg-path', '/tmp/tmp4u9o1u25']
[2026-02-14T18:15:09.050+0000] {standard_task_runner.py:105} INFO - Job 81: Subtask clean_data
[2026-02-14T18:15:09.059+0000] {warnings.py:109} WARNING - /home/***/.local/lib/python3.9/site-packages/***/settings.py:209: DeprecationWarning: The sql_alchemy_conn option in [core] has been moved to the sql_alchemy_conn option in [database] - the old setting has been used, but please update your config.
  SQL_ALCHEMY_CONN = conf.get("database", "SQL_ALCHEMY_CONN")

[2026-02-14T18:15:09.081+0000] {task_command.py:467} INFO - Running <TaskInstance: parse_iot.clean_data scheduled__2026-02-05T10:00:00+00:00 [running]> on host bb762b62a2c2
[2026-02-14T18:15:09.082+0000] {warnings.py:109} WARNING - /home/***/.local/lib/python3.9/site-packages/***/settings.py:470: DeprecationWarning: The sql_alchemy_conn option in [core] has been moved to the sql_alchemy_conn option in [database] - the old setting has been used, but please update your config.
  if conf.get("database", "sql_alchemy_conn") == "none://":

[2026-02-14T18:15:09.132+0000] {taskinstance.py:3134} INFO - Exporting env vars: AIRFLOW_CTX_DAG_OWNER='a.sorokin' AIRFLOW_CTX_DAG_ID='parse_iot' AIRFLOW_CTX_TASK_ID='clean_data' AIRFLOW_CTX_EXECUTION_DATE='2026-02-05T10:00:00+00:00' AIRFLOW_CTX_TRY_NUMBER='1' AIRFLOW_CTX_DAG_RUN_ID='scheduled__2026-02-05T10:00:00+00:00'
[2026-02-14T18:15:09.132+0000] {taskinstance.py:732} INFO - ::endgroup::
[2026-02-14T18:15:17.683+0000] {python.py:240} INFO - Done. Returned value was: None
[2026-02-14T18:15:17.689+0000] {taskinstance.py:341} INFO - ::group::Post task execution logs
[2026-02-14T18:15:17.689+0000] {taskinstance.py:353} INFO - Marking task as SUCCESS. dag_id=parse_iot, task_id=clean_data, run_id=scheduled__2026-02-05T10:00:00+00:00, execution_date=20260205T100000, start_date=20260214T181509, end_date=20260214T181517
[2026-02-14T18:15:17.753+0000] {local_task_job_runner.py:266} INFO - Task exited with return code 0
[2026-02-14T18:15:17.770+0000] {taskinstance.py:3901} INFO - 0 downstream tasks scheduled from follow-on schedule check
[2026-02-14T18:15:17.771+0000] {local_task_job_runner.py:245} INFO - ::endgroup::
[2026-02-16T14:47:17.851+0000] {local_task_job_runner.py:123} INFO - ::group::Pre task execution logs
[2026-02-16T14:47:17.868+0000] {taskinstance.py:2614} INFO - Dependencies all met for dep_context=non-requeueable deps ti=<TaskInstance: parse_iot.clean_data scheduled__2026-02-05T10:00:00+00:00 [queued]>
[2026-02-16T14:47:17.874+0000] {taskinstance.py:2614} INFO - Dependencies all met for dep_context=requeueable deps ti=<TaskInstance: parse_iot.clean_data scheduled__2026-02-05T10:00:00+00:00 [queued]>
[2026-02-16T14:47:17.875+0000] {taskinstance.py:2867} INFO - Starting attempt 1 of 4
[2026-02-16T14:47:17.881+0000] {taskinstance.py:2890} INFO - Executing <Task(PythonOperator): clean_data> on 2026-02-05 10:00:00+00:00
[2026-02-16T14:47:17.886+0000] {standard_task_runner.py:72} INFO - Started process 522 to run task
[2026-02-16T14:47:17.888+0000] {standard_task_runner.py:104} INFO - Running: ['***', 'tasks', 'run', 'parse_iot', 'clean_data', 'scheduled__2026-02-05T10:00:00+00:00', '--job-id', '108', '--raw', '--subdir', 'DAGS_FOLDER/parse_iot.py', '--cfg-path', '/tmp/tmpiqr1evb5']
[2026-02-16T14:47:17.890+0000] {standard_task_runner.py:105} INFO - Job 108: Subtask clean_data
[2026-02-16T14:47:17.899+0000] {warnings.py:109} WARNING - /home/***/.local/lib/python3.9/site-packages/***/settings.py:209: DeprecationWarning: The sql_alchemy_conn option in [core] has been moved to the sql_alchemy_conn option in [database] - the old setting has been used, but please update your config.
  SQL_ALCHEMY_CONN = conf.get("database", "SQL_ALCHEMY_CONN")

[2026-02-16T14:47:17.922+0000] {task_command.py:467} INFO - Running <TaskInstance: parse_iot.clean_data scheduled__2026-02-05T10:00:00+00:00 [running]> on host cd96c4fa192f
[2026-02-16T14:47:17.922+0000] {warnings.py:109} WARNING - /home/***/.local/lib/python3.9/site-packages/***/settings.py:470: DeprecationWarning: The sql_alchemy_conn option in [core] has been moved to the sql_alchemy_conn option in [database] - the old setting has been used, but please update your config.
  if conf.get("database", "sql_alchemy_conn") == "none://":

[2026-02-16T14:47:17.968+0000] {taskinstance.py:3134} INFO - Exporting env vars: AIRFLOW_CTX_DAG_OWNER='a.sorokin' AIRFLOW_CTX_DAG_ID='parse_iot' AIRFLOW_CTX_TASK_ID='clean_data' AIRFLOW_CTX_EXECUTION_DATE='2026-02-05T10:00:00+00:00' AIRFLOW_CTX_TRY_NUMBER='1' AIRFLOW_CTX_DAG_RUN_ID='scheduled__2026-02-05T10:00:00+00:00'
[2026-02-16T14:47:17.968+0000] {taskinstance.py:732} INFO - ::endgroup::
[2026-02-16T14:47:26.777+0000] {python.py:240} INFO - Done. Returned value was: None
[2026-02-16T14:47:26.784+0000] {taskinstance.py:341} INFO - ::group::Post task execution logs
[2026-02-16T14:47:26.784+0000] {taskinstance.py:353} INFO - Marking task as SUCCESS. dag_id=parse_iot, task_id=clean_data, run_id=scheduled__2026-02-05T10:00:00+00:00, execution_date=20260205T100000, start_date=20260216T144717, end_date=20260216T144726
[2026-02-16T14:47:26.831+0000] {local_task_job_runner.py:266} INFO - Task exited with return code 0
[2026-02-16T14:47:26.849+0000] {taskinstance.py:3901} INFO - 0 downstream tasks scheduled from follow-on schedule check
[2026-02-16T14:47:26.850+0000] {local_task_job_runner.py:245} INFO - ::endgroup::
[2026-02-16T15:17:13.988+0000] {local_task_job_runner.py:123} INFO - ::group::Pre task execution logs
[2026-02-16T15:17:14.005+0000] {taskinstance.py:2614} INFO - Dependencies all met for dep_context=non-requeueable deps ti=<TaskInstance: parse_iot.clean_data scheduled__2026-02-05T10:00:00+00:00 [queued]>
[2026-02-16T15:17:14.012+0000] {taskinstance.py:2614} INFO - Dependencies all met for dep_context=requeueable deps ti=<TaskInstance: parse_iot.clean_data scheduled__2026-02-05T10:00:00+00:00 [queued]>
[2026-02-16T15:17:14.012+0000] {taskinstance.py:2867} INFO - Starting attempt 1 of 4
[2026-02-16T15:17:14.019+0000] {taskinstance.py:2890} INFO - Executing <Task(PythonOperator): clean_data> on 2026-02-05 10:00:00+00:00
[2026-02-16T15:17:14.024+0000] {standard_task_runner.py:72} INFO - Started process 491 to run task
[2026-02-16T15:17:14.026+0000] {standard_task_runner.py:104} INFO - Running: ['***', 'tasks', 'run', 'parse_iot', 'clean_data', 'scheduled__2026-02-05T10:00:00+00:00', '--job-id', '106', '--raw', '--subdir', 'DAGS_FOLDER/parse_iot.py', '--cfg-path', '/tmp/tmp6h0bdw31']
[2026-02-16T15:17:14.027+0000] {standard_task_runner.py:105} INFO - Job 106: Subtask clean_data
[2026-02-16T15:17:14.036+0000] {warnings.py:109} WARNING - /home/***/.local/lib/python3.9/site-packages/***/settings.py:209: DeprecationWarning: The sql_alchemy_conn option in [core] has been moved to the sql_alchemy_conn option in [database] - the old setting has been used, but please update your config.
  SQL_ALCHEMY_CONN = conf.get("database", "SQL_ALCHEMY_CONN")

[2026-02-16T15:17:14.057+0000] {task_command.py:467} INFO - Running <TaskInstance: parse_iot.clean_data scheduled__2026-02-05T10:00:00+00:00 [running]> on host fbd3e38838e9
[2026-02-16T15:17:14.058+0000] {warnings.py:109} WARNING - /home/***/.local/lib/python3.9/site-packages/***/settings.py:470: DeprecationWarning: The sql_alchemy_conn option in [core] has been moved to the sql_alchemy_conn option in [database] - the old setting has been used, but please update your config.
  if conf.get("database", "sql_alchemy_conn") == "none://":

[2026-02-16T15:17:14.103+0000] {taskinstance.py:3134} INFO - Exporting env vars: AIRFLOW_CTX_DAG_OWNER='a.sorokin' AIRFLOW_CTX_DAG_ID='parse_iot' AIRFLOW_CTX_TASK_ID='clean_data' AIRFLOW_CTX_EXECUTION_DATE='2026-02-05T10:00:00+00:00' AIRFLOW_CTX_TRY_NUMBER='1' AIRFLOW_CTX_DAG_RUN_ID='scheduled__2026-02-05T10:00:00+00:00'
[2026-02-16T15:17:14.104+0000] {taskinstance.py:732} INFO - ::endgroup::
[2026-02-16T15:17:23.289+0000] {python.py:240} INFO - Done. Returned value was: None
[2026-02-16T15:17:23.295+0000] {taskinstance.py:341} INFO - ::group::Post task execution logs
[2026-02-16T15:17:23.296+0000] {taskinstance.py:353} INFO - Marking task as SUCCESS. dag_id=parse_iot, task_id=clean_data, run_id=scheduled__2026-02-05T10:00:00+00:00, execution_date=20260205T100000, start_date=20260216T151714, end_date=20260216T151723
[2026-02-16T15:17:23.335+0000] {local_task_job_runner.py:266} INFO - Task exited with return code 0
[2026-02-16T15:17:23.355+0000] {taskinstance.py:3901} INFO - 0 downstream tasks scheduled from follow-on schedule check
[2026-02-16T15:17:23.355+0000] {local_task_job_runner.py:245} INFO - ::endgroup::
[2026-02-16T15:45:09.132+0000] {local_task_job_runner.py:123} INFO - ::group::Pre task execution logs
[2026-02-16T15:45:09.148+0000] {taskinstance.py:2614} INFO - Dependencies all met for dep_context=non-requeueable deps ti=<TaskInstance: parse_iot.clean_data scheduled__2026-02-05T10:00:00+00:00 [queued]>
[2026-02-16T15:45:09.155+0000] {taskinstance.py:2614} INFO - Dependencies all met for dep_context=requeueable deps ti=<TaskInstance: parse_iot.clean_data scheduled__2026-02-05T10:00:00+00:00 [queued]>
[2026-02-16T15:45:09.155+0000] {taskinstance.py:2867} INFO - Starting attempt 1 of 4
[2026-02-16T15:45:09.162+0000] {taskinstance.py:2890} INFO - Executing <Task(PythonOperator): clean_data> on 2026-02-05 10:00:00+00:00
[2026-02-16T15:45:09.167+0000] {standard_task_runner.py:72} INFO - Started process 495 to run task
[2026-02-16T15:45:09.169+0000] {standard_task_runner.py:104} INFO - Running: ['***', 'tasks', 'run', 'parse_iot', 'clean_data', 'scheduled__2026-02-05T10:00:00+00:00', '--job-id', '107', '--raw', '--subdir', 'DAGS_FOLDER/parse_iot.py', '--cfg-path', '/tmp/tmpjnjuxjmt']
[2026-02-16T15:45:09.170+0000] {standard_task_runner.py:105} INFO - Job 107: Subtask clean_data
[2026-02-16T15:45:09.179+0000] {warnings.py:109} WARNING - /home/***/.local/lib/python3.9/site-packages/***/settings.py:209: DeprecationWarning: The sql_alchemy_conn option in [core] has been moved to the sql_alchemy_conn option in [database] - the old setting has been used, but please update your config.
  SQL_ALCHEMY_CONN = conf.get("database", "SQL_ALCHEMY_CONN")

[2026-02-16T15:45:09.200+0000] {task_command.py:467} INFO - Running <TaskInstance: parse_iot.clean_data scheduled__2026-02-05T10:00:00+00:00 [running]> on host 6ef9a94e694d
[2026-02-16T15:45:09.200+0000] {warnings.py:109} WARNING - /home/***/.local/lib/python3.9/site-packages/***/settings.py:470: DeprecationWarning: The sql_alchemy_conn option in [core] has been moved to the sql_alchemy_conn option in [database] - the old setting has been used, but please update your config.
  if conf.get("database", "sql_alchemy_conn") == "none://":

[2026-02-16T15:45:09.244+0000] {taskinstance.py:3134} INFO - Exporting env vars: AIRFLOW_CTX_DAG_OWNER='a.sorokin' AIRFLOW_CTX_DAG_ID='parse_iot' AIRFLOW_CTX_TASK_ID='clean_data' AIRFLOW_CTX_EXECUTION_DATE='2026-02-05T10:00:00+00:00' AIRFLOW_CTX_TRY_NUMBER='1' AIRFLOW_CTX_DAG_RUN_ID='scheduled__2026-02-05T10:00:00+00:00'
[2026-02-16T15:45:09.245+0000] {taskinstance.py:732} INFO - ::endgroup::
[2026-02-16T15:45:18.094+0000] {python.py:240} INFO - Done. Returned value was: None
[2026-02-16T15:45:18.101+0000] {taskinstance.py:341} INFO - ::group::Post task execution logs
[2026-02-16T15:45:18.101+0000] {taskinstance.py:353} INFO - Marking task as SUCCESS. dag_id=parse_iot, task_id=clean_data, run_id=scheduled__2026-02-05T10:00:00+00:00, execution_date=20260205T100000, start_date=20260216T154509, end_date=20260216T154518
[2026-02-16T15:45:18.151+0000] {local_task_job_runner.py:266} INFO - Task exited with return code 0
[2026-02-16T15:45:18.170+0000] {taskinstance.py:3901} INFO - 0 downstream tasks scheduled from follow-on schedule check
[2026-02-16T15:45:18.171+0000] {local_task_job_runner.py:245} INFO - ::endgroup::
