[2026-02-16T14:49:37.992+0000] {local_task_job_runner.py:123} INFO - ::group::Pre task execution logs
[2026-02-16T14:49:38.010+0000] {taskinstance.py:2614} INFO - Dependencies all met for dep_context=non-requeueable deps ti=<TaskInstance: parse_iot.check_download_complete scheduled__2026-02-15T10:00:00+00:00 [queued]>
[2026-02-16T14:49:38.018+0000] {taskinstance.py:2614} INFO - Dependencies all met for dep_context=requeueable deps ti=<TaskInstance: parse_iot.check_download_complete scheduled__2026-02-15T10:00:00+00:00 [queued]>
[2026-02-16T14:49:38.018+0000] {taskinstance.py:2867} INFO - Starting attempt 1 of 4
[2026-02-16T14:49:38.025+0000] {taskinstance.py:2890} INFO - Executing <Task(ExternalTaskSensor): check_download_complete> on 2026-02-15 10:00:00+00:00
[2026-02-16T14:49:38.031+0000] {standard_task_runner.py:72} INFO - Started process 794 to run task
[2026-02-16T14:49:38.033+0000] {standard_task_runner.py:104} INFO - Running: ['***', 'tasks', 'run', 'parse_iot', 'check_download_complete', 'scheduled__2026-02-15T10:00:00+00:00', '--job-id', '176', '--raw', '--subdir', 'DAGS_FOLDER/parse_iot.py', '--cfg-path', '/tmp/tmpq505r3g2']
[2026-02-16T14:49:38.034+0000] {standard_task_runner.py:105} INFO - Job 176: Subtask check_download_complete
[2026-02-16T14:49:38.043+0000] {warnings.py:109} WARNING - /home/***/.local/lib/python3.9/site-packages/***/settings.py:209: DeprecationWarning: The sql_alchemy_conn option in [core] has been moved to the sql_alchemy_conn option in [database] - the old setting has been used, but please update your config.
  SQL_ALCHEMY_CONN = conf.get("database", "SQL_ALCHEMY_CONN")

[2026-02-16T14:49:38.066+0000] {task_command.py:467} INFO - Running <TaskInstance: parse_iot.check_download_complete scheduled__2026-02-15T10:00:00+00:00 [running]> on host cd96c4fa192f
[2026-02-16T14:49:38.067+0000] {warnings.py:109} WARNING - /home/***/.local/lib/python3.9/site-packages/***/settings.py:470: DeprecationWarning: The sql_alchemy_conn option in [core] has been moved to the sql_alchemy_conn option in [database] - the old setting has been used, but please update your config.
  if conf.get("database", "sql_alchemy_conn") == "none://":

[2026-02-16T14:49:38.124+0000] {taskinstance.py:3134} INFO - Exporting env vars: AIRFLOW_CTX_DAG_OWNER='a.sorokin' AIRFLOW_CTX_DAG_ID='parse_iot' AIRFLOW_CTX_TASK_ID='check_download_complete' AIRFLOW_CTX_EXECUTION_DATE='2026-02-15T10:00:00+00:00' AIRFLOW_CTX_TRY_NUMBER='1' AIRFLOW_CTX_DAG_RUN_ID='scheduled__2026-02-15T10:00:00+00:00'
[2026-02-16T14:49:38.125+0000] {taskinstance.py:732} INFO - ::endgroup::
[2026-02-16T14:49:38.132+0000] {baseoperator.py:423} WARNING - ExternalTaskSensor.execute cannot be called outside TaskInstance!
[2026-02-16T14:49:38.138+0000] {external_task.py:274} INFO - Poking for DAG 'download_iot' on 2026-02-15T10:00:00+00:00 ... 
[2026-02-16T14:49:38.139+0000] {warnings.py:109} WARNING - /home/***/.local/lib/python3.9/site-packages/***/utils/session.py:97: DeprecationWarning: This method is deprecated and will be removed in future.
  return func(*args, session=session, **kwargs)

[2026-02-16T14:49:38.144+0000] {base.py:339} INFO - Success criteria met. Exiting.
[2026-02-16T14:49:38.151+0000] {taskinstance.py:341} INFO - ::group::Post task execution logs
[2026-02-16T14:49:38.151+0000] {taskinstance.py:353} INFO - Marking task as SUCCESS. dag_id=parse_iot, task_id=check_download_complete, run_id=scheduled__2026-02-15T10:00:00+00:00, execution_date=20260215T100000, start_date=20260216T144938, end_date=20260216T144938
[2026-02-16T14:49:38.205+0000] {local_task_job_runner.py:266} INFO - Task exited with return code 0
[2026-02-16T14:49:38.229+0000] {taskinstance.py:3901} INFO - 1 downstream tasks scheduled from follow-on schedule check
[2026-02-16T14:49:38.230+0000] {local_task_job_runner.py:245} INFO - ::endgroup::
[2026-02-16T15:19:15.157+0000] {local_task_job_runner.py:123} INFO - ::group::Pre task execution logs
[2026-02-16T15:19:15.174+0000] {taskinstance.py:2614} INFO - Dependencies all met for dep_context=non-requeueable deps ti=<TaskInstance: parse_iot.check_download_complete scheduled__2026-02-15T10:00:00+00:00 [queued]>
[2026-02-16T15:19:15.181+0000] {taskinstance.py:2614} INFO - Dependencies all met for dep_context=requeueable deps ti=<TaskInstance: parse_iot.check_download_complete scheduled__2026-02-15T10:00:00+00:00 [queued]>
[2026-02-16T15:19:15.181+0000] {taskinstance.py:2867} INFO - Starting attempt 1 of 4
[2026-02-16T15:19:15.188+0000] {taskinstance.py:2890} INFO - Executing <Task(ExternalTaskSensor): check_download_complete> on 2026-02-15 10:00:00+00:00
[2026-02-16T15:19:15.193+0000] {standard_task_runner.py:72} INFO - Started process 707 to run task
[2026-02-16T15:19:15.195+0000] {standard_task_runner.py:104} INFO - Running: ['***', 'tasks', 'run', 'parse_iot', 'check_download_complete', 'scheduled__2026-02-15T10:00:00+00:00', '--job-id', '160', '--raw', '--subdir', 'DAGS_FOLDER/parse_iot.py', '--cfg-path', '/tmp/tmpuu5_f6ho']
[2026-02-16T15:19:15.197+0000] {standard_task_runner.py:105} INFO - Job 160: Subtask check_download_complete
[2026-02-16T15:19:15.205+0000] {warnings.py:109} WARNING - /home/***/.local/lib/python3.9/site-packages/***/settings.py:209: DeprecationWarning: The sql_alchemy_conn option in [core] has been moved to the sql_alchemy_conn option in [database] - the old setting has been used, but please update your config.
  SQL_ALCHEMY_CONN = conf.get("database", "SQL_ALCHEMY_CONN")

[2026-02-16T15:19:15.228+0000] {task_command.py:467} INFO - Running <TaskInstance: parse_iot.check_download_complete scheduled__2026-02-15T10:00:00+00:00 [running]> on host fbd3e38838e9
[2026-02-16T15:19:15.228+0000] {warnings.py:109} WARNING - /home/***/.local/lib/python3.9/site-packages/***/settings.py:470: DeprecationWarning: The sql_alchemy_conn option in [core] has been moved to the sql_alchemy_conn option in [database] - the old setting has been used, but please update your config.
  if conf.get("database", "sql_alchemy_conn") == "none://":

[2026-02-16T15:19:15.281+0000] {taskinstance.py:3134} INFO - Exporting env vars: AIRFLOW_CTX_DAG_OWNER='a.sorokin' AIRFLOW_CTX_DAG_ID='parse_iot' AIRFLOW_CTX_TASK_ID='check_download_complete' AIRFLOW_CTX_EXECUTION_DATE='2026-02-15T10:00:00+00:00' AIRFLOW_CTX_TRY_NUMBER='1' AIRFLOW_CTX_DAG_RUN_ID='scheduled__2026-02-15T10:00:00+00:00'
[2026-02-16T15:19:15.282+0000] {taskinstance.py:732} INFO - ::endgroup::
[2026-02-16T15:19:15.290+0000] {baseoperator.py:423} WARNING - ExternalTaskSensor.execute cannot be called outside TaskInstance!
[2026-02-16T15:19:15.296+0000] {external_task.py:274} INFO - Poking for DAG 'download_iot' on 2026-02-15T10:00:00+00:00 ... 
[2026-02-16T15:19:15.296+0000] {warnings.py:109} WARNING - /home/***/.local/lib/python3.9/site-packages/***/utils/session.py:97: DeprecationWarning: This method is deprecated and will be removed in future.
  return func(*args, session=session, **kwargs)

[2026-02-16T15:19:15.301+0000] {base.py:339} INFO - Success criteria met. Exiting.
[2026-02-16T15:19:15.307+0000] {taskinstance.py:341} INFO - ::group::Post task execution logs
[2026-02-16T15:19:15.307+0000] {taskinstance.py:353} INFO - Marking task as SUCCESS. dag_id=parse_iot, task_id=check_download_complete, run_id=scheduled__2026-02-15T10:00:00+00:00, execution_date=20260215T100000, start_date=20260216T151915, end_date=20260216T151915
[2026-02-16T15:19:15.367+0000] {local_task_job_runner.py:266} INFO - Task exited with return code 0
[2026-02-16T15:19:15.390+0000] {taskinstance.py:3901} INFO - 1 downstream tasks scheduled from follow-on schedule check
[2026-02-16T15:19:15.396+0000] {local_task_job_runner.py:245} INFO - ::endgroup::
[2026-02-16T15:47:08.752+0000] {local_task_job_runner.py:123} INFO - ::group::Pre task execution logs
[2026-02-16T15:47:08.767+0000] {taskinstance.py:2614} INFO - Dependencies all met for dep_context=non-requeueable deps ti=<TaskInstance: parse_iot.check_download_complete scheduled__2026-02-15T10:00:00+00:00 [queued]>
[2026-02-16T15:47:08.773+0000] {taskinstance.py:2614} INFO - Dependencies all met for dep_context=requeueable deps ti=<TaskInstance: parse_iot.check_download_complete scheduled__2026-02-15T10:00:00+00:00 [queued]>
[2026-02-16T15:47:08.774+0000] {taskinstance.py:2867} INFO - Starting attempt 1 of 4
[2026-02-16T15:47:08.780+0000] {taskinstance.py:2890} INFO - Executing <Task(ExternalTaskSensor): check_download_complete> on 2026-02-15 10:00:00+00:00
[2026-02-16T15:47:08.785+0000] {standard_task_runner.py:72} INFO - Started process 719 to run task
[2026-02-16T15:47:08.787+0000] {standard_task_runner.py:104} INFO - Running: ['***', 'tasks', 'run', 'parse_iot', 'check_download_complete', 'scheduled__2026-02-15T10:00:00+00:00', '--job-id', '163', '--raw', '--subdir', 'DAGS_FOLDER/parse_iot.py', '--cfg-path', '/tmp/tmpag1h0d59']
[2026-02-16T15:47:08.788+0000] {standard_task_runner.py:105} INFO - Job 163: Subtask check_download_complete
[2026-02-16T15:47:08.796+0000] {warnings.py:109} WARNING - /home/***/.local/lib/python3.9/site-packages/***/settings.py:209: DeprecationWarning: The sql_alchemy_conn option in [core] has been moved to the sql_alchemy_conn option in [database] - the old setting has been used, but please update your config.
  SQL_ALCHEMY_CONN = conf.get("database", "SQL_ALCHEMY_CONN")

[2026-02-16T15:47:08.815+0000] {task_command.py:467} INFO - Running <TaskInstance: parse_iot.check_download_complete scheduled__2026-02-15T10:00:00+00:00 [running]> on host 6ef9a94e694d
[2026-02-16T15:47:08.816+0000] {warnings.py:109} WARNING - /home/***/.local/lib/python3.9/site-packages/***/settings.py:470: DeprecationWarning: The sql_alchemy_conn option in [core] has been moved to the sql_alchemy_conn option in [database] - the old setting has been used, but please update your config.
  if conf.get("database", "sql_alchemy_conn") == "none://":

[2026-02-16T15:47:08.861+0000] {taskinstance.py:3134} INFO - Exporting env vars: AIRFLOW_CTX_DAG_OWNER='a.sorokin' AIRFLOW_CTX_DAG_ID='parse_iot' AIRFLOW_CTX_TASK_ID='check_download_complete' AIRFLOW_CTX_EXECUTION_DATE='2026-02-15T10:00:00+00:00' AIRFLOW_CTX_TRY_NUMBER='1' AIRFLOW_CTX_DAG_RUN_ID='scheduled__2026-02-15T10:00:00+00:00'
[2026-02-16T15:47:08.862+0000] {taskinstance.py:732} INFO - ::endgroup::
[2026-02-16T15:47:08.868+0000] {baseoperator.py:423} WARNING - ExternalTaskSensor.execute cannot be called outside TaskInstance!
[2026-02-16T15:47:08.874+0000] {external_task.py:274} INFO - Poking for DAG 'download_iot' on 2026-02-15T10:00:00+00:00 ... 
[2026-02-16T15:47:08.874+0000] {warnings.py:109} WARNING - /home/***/.local/lib/python3.9/site-packages/***/utils/session.py:97: DeprecationWarning: This method is deprecated and will be removed in future.
  return func(*args, session=session, **kwargs)

[2026-02-16T15:47:08.879+0000] {base.py:339} INFO - Success criteria met. Exiting.
[2026-02-16T15:47:08.885+0000] {taskinstance.py:341} INFO - ::group::Post task execution logs
[2026-02-16T15:47:08.885+0000] {taskinstance.py:353} INFO - Marking task as SUCCESS. dag_id=parse_iot, task_id=check_download_complete, run_id=scheduled__2026-02-15T10:00:00+00:00, execution_date=20260215T100000, start_date=20260216T154708, end_date=20260216T154708
[2026-02-16T15:47:08.918+0000] {local_task_job_runner.py:266} INFO - Task exited with return code 0
[2026-02-16T15:47:08.941+0000] {taskinstance.py:3901} INFO - 1 downstream tasks scheduled from follow-on schedule check
[2026-02-16T15:47:08.942+0000] {local_task_job_runner.py:245} INFO - ::endgroup::
