[2026-02-14T00:30:54.649+0000] {local_task_job_runner.py:123} INFO - ::group::Pre task execution logs
[2026-02-14T00:30:54.660+0000] {taskinstance.py:2614} INFO - Dependencies all met for dep_context=non-requeueable deps ti=<TaskInstance: simple_postgres_etl.create_table manual__2026-02-14T00:30:53.854585+00:00 [queued]>
[2026-02-14T00:30:54.664+0000] {taskinstance.py:2614} INFO - Dependencies all met for dep_context=requeueable deps ti=<TaskInstance: simple_postgres_etl.create_table manual__2026-02-14T00:30:53.854585+00:00 [queued]>
[2026-02-14T00:30:54.664+0000] {taskinstance.py:2867} INFO - Starting attempt 1 of 1
[2026-02-14T00:30:54.671+0000] {taskinstance.py:2890} INFO - Executing <Task(SQLExecuteQueryOperator): create_table> on 2026-02-14 00:30:53.854585+00:00
[2026-02-14T00:30:54.675+0000] {standard_task_runner.py:72} INFO - Started process 135 to run task
[2026-02-14T00:30:54.677+0000] {standard_task_runner.py:104} INFO - Running: ['***', 'tasks', 'run', 'simple_postgres_etl', 'create_table', 'manual__2026-02-14T00:30:53.854585+00:00', '--job-id', '17', '--raw', '--subdir', 'DAGS_FOLDER/123.py', '--cfg-path', '/tmp/tmpafmykkw2']
[2026-02-14T00:30:54.678+0000] {standard_task_runner.py:105} INFO - Job 17: Subtask create_table
[2026-02-14T00:30:54.686+0000] {warnings.py:109} WARNING - /home/***/.local/lib/python3.9/site-packages/***/settings.py:209: DeprecationWarning: The sql_alchemy_conn option in [core] has been moved to the sql_alchemy_conn option in [database] - the old setting has been used, but please update your config.
  SQL_ALCHEMY_CONN = conf.get("database", "SQL_ALCHEMY_CONN")

[2026-02-14T00:30:54.707+0000] {task_command.py:467} INFO - Running <TaskInstance: simple_postgres_etl.create_table manual__2026-02-14T00:30:53.854585+00:00 [running]> on host b58edd37553d
[2026-02-14T00:30:54.753+0000] {taskinstance.py:3134} INFO - Exporting env vars: AIRFLOW_CTX_DAG_OWNER='***' AIRFLOW_CTX_DAG_ID='simple_postgres_etl' AIRFLOW_CTX_TASK_ID='create_table' AIRFLOW_CTX_EXECUTION_DATE='2026-02-14T00:30:53.854585+00:00' AIRFLOW_CTX_TRY_NUMBER='1' AIRFLOW_CTX_DAG_RUN_ID='manual__2026-02-14T00:30:53.854585+00:00'
[2026-02-14T00:30:54.754+0000] {taskinstance.py:732} INFO - ::endgroup::
[2026-02-14T00:30:54.761+0000] {sql.py:295} INFO - Executing: 
CREATE TABLE IF NOT EXISTS users (
    id SERIAL PRIMARY KEY,
    name VARCHAR(50),
    signup_date DATE
);
[2026-02-14T00:30:54.770+0000] {base.py:84} INFO - Retrieving connection 'postrges-db'
[2026-02-14T00:30:54.780+0000] {base.py:84} INFO - Retrieving connection 'postrges-db'
[2026-02-14T00:30:54.784+0000] {sql.py:511} INFO - Running statement: 
CREATE TABLE IF NOT EXISTS users (
    id SERIAL PRIMARY KEY,
    name VARCHAR(50),
    signup_date DATE
);, parameters: None
[2026-02-14T00:30:54.789+0000] {warnings.py:109} WARNING - /home/***/.local/lib/python3.9/site-packages/***/providers/common/sql/hooks/sql.py:470: DeprecationWarning: Import of fetch_all_handler from the '***.providers.common.sql.hooks' module is deprecated and will
be removed in the future. Please import it from '***.providers.common.sql.hooks.handlers'.
  result = self._make_common_data_structure(handler(cur))

[2026-02-14T00:30:54.790+0000] {warnings.py:109} WARNING - /home/***/.local/lib/python3.9/site-packages/***/providers/common/sql/hooks/sql.py:471: DeprecationWarning: Import of return_single_query_results from the '***.providers.common.sql.hooks' module is deprecated and will
be removed in the future. Please import it from '***.providers.common.sql.hooks.handlers'.
  if return_single_query_results(sql, return_last, split_statements):

[2026-02-14T00:30:54.791+0000] {warnings.py:109} WARNING - /home/***/.local/lib/python3.9/site-packages/***/providers/common/sql/hooks/sql.py:486: DeprecationWarning: Import of return_single_query_results from the '***.providers.common.sql.hooks' module is deprecated and will
be removed in the future. Please import it from '***.providers.common.sql.hooks.handlers'.
  if return_single_query_results(sql, return_last, split_statements):

[2026-02-14T00:30:54.792+0000] {warnings.py:109} WARNING - /home/***/.local/lib/python3.9/site-packages/***/providers/common/sql/operators/sql.py:311: DeprecationWarning: Import of return_single_query_results from the '***.providers.common.sql.hooks' module is deprecated and will
be removed in the future. Please import it from '***.providers.common.sql.hooks.handlers'.
  if return_single_query_results(self.sql, self.return_last, self.split_statements):

[2026-02-14T00:30:54.798+0000] {taskinstance.py:341} INFO - ::group::Post task execution logs
[2026-02-14T00:30:54.798+0000] {taskinstance.py:353} INFO - Marking task as SUCCESS. dag_id=simple_***_etl, task_id=create_table, run_id=manual__2026-02-14T00:30:53.854585+00:00, execution_date=20260214T003053, start_date=20260214T003054, end_date=20260214T003054
[2026-02-14T00:30:54.849+0000] {local_task_job_runner.py:266} INFO - Task exited with return code 0
[2026-02-14T00:30:54.867+0000] {taskinstance.py:3901} INFO - 1 downstream tasks scheduled from follow-on schedule check
[2026-02-14T00:30:54.868+0000] {local_task_job_runner.py:245} INFO - ::endgroup::
