[2026-02-14T16:34:37.386+0000] {local_task_job_runner.py:123} INFO - ::group::Pre task execution logs
[2026-02-14T16:34:37.404+0000] {taskinstance.py:2614} INFO - Dependencies all met for dep_context=non-requeueable deps ti=<TaskInstance: parse_iot.sort_in_out scheduled__2026-02-09T10:00:00+00:00 [queued]>
[2026-02-14T16:34:37.412+0000] {taskinstance.py:2614} INFO - Dependencies all met for dep_context=requeueable deps ti=<TaskInstance: parse_iot.sort_in_out scheduled__2026-02-09T10:00:00+00:00 [queued]>
[2026-02-14T16:34:37.412+0000] {taskinstance.py:2867} INFO - Starting attempt 1 of 4
[2026-02-14T16:34:37.419+0000] {taskinstance.py:2890} INFO - Executing <Task(PythonOperator): sort_in_out> on 2026-02-09 10:00:00+00:00
[2026-02-14T16:34:37.424+0000] {standard_task_runner.py:72} INFO - Started process 667 to run task
[2026-02-14T16:34:37.426+0000] {standard_task_runner.py:104} INFO - Running: ['***', 'tasks', 'run', 'parse_iot', 'sort_in_out', 'scheduled__2026-02-09T10:00:00+00:00', '--job-id', '150', '--raw', '--subdir', 'DAGS_FOLDER/parse_iot.py', '--cfg-path', '/tmp/tmpjbet4ef2']
[2026-02-14T16:34:37.427+0000] {standard_task_runner.py:105} INFO - Job 150: Subtask sort_in_out
[2026-02-14T16:34:37.435+0000] {warnings.py:109} WARNING - /home/***/.local/lib/python3.9/site-packages/***/settings.py:209: DeprecationWarning: The sql_alchemy_conn option in [core] has been moved to the sql_alchemy_conn option in [database] - the old setting has been used, but please update your config.
  SQL_ALCHEMY_CONN = conf.get("database", "SQL_ALCHEMY_CONN")

[2026-02-14T16:34:37.458+0000] {task_command.py:467} INFO - Running <TaskInstance: parse_iot.sort_in_out scheduled__2026-02-09T10:00:00+00:00 [running]> on host a5c4ed865bb5
[2026-02-14T16:34:37.459+0000] {warnings.py:109} WARNING - /home/***/.local/lib/python3.9/site-packages/***/settings.py:470: DeprecationWarning: The sql_alchemy_conn option in [core] has been moved to the sql_alchemy_conn option in [database] - the old setting has been used, but please update your config.
  if conf.get("database", "sql_alchemy_conn") == "none://":

[2026-02-14T16:34:37.508+0000] {taskinstance.py:3134} INFO - Exporting env vars: AIRFLOW_CTX_DAG_OWNER='a.sorokin' AIRFLOW_CTX_DAG_ID='parse_iot' AIRFLOW_CTX_TASK_ID='sort_in_out' AIRFLOW_CTX_EXECUTION_DATE='2026-02-09T10:00:00+00:00' AIRFLOW_CTX_TRY_NUMBER='1' AIRFLOW_CTX_DAG_RUN_ID='scheduled__2026-02-09T10:00:00+00:00'
[2026-02-14T16:34:37.508+0000] {taskinstance.py:732} INFO - ::endgroup::
[2026-02-14T16:34:37.516+0000] {parse_iot.py:102} INFO - text
[2026-02-14T16:34:37.516+0000] {python.py:240} INFO - Done. Returned value was: None
[2026-02-14T16:34:37.522+0000] {taskinstance.py:341} INFO - ::group::Post task execution logs
[2026-02-14T16:34:37.523+0000] {taskinstance.py:353} INFO - Marking task as SUCCESS. dag_id=parse_iot, task_id=sort_in_out, run_id=scheduled__2026-02-09T10:00:00+00:00, execution_date=20260209T100000, start_date=20260214T163437, end_date=20260214T163437
[2026-02-14T16:34:37.557+0000] {local_task_job_runner.py:266} INFO - Task exited with return code 0
[2026-02-14T16:34:37.574+0000] {taskinstance.py:3901} INFO - 0 downstream tasks scheduled from follow-on schedule check
[2026-02-14T16:34:37.575+0000] {local_task_job_runner.py:245} INFO - ::endgroup::
[2026-02-14T17:52:04.023+0000] {local_task_job_runner.py:123} INFO - ::group::Pre task execution logs
[2026-02-14T17:52:04.041+0000] {taskinstance.py:2614} INFO - Dependencies all met for dep_context=non-requeueable deps ti=<TaskInstance: parse_iot.sort_in_out scheduled__2026-02-09T10:00:00+00:00 [queued]>
[2026-02-14T17:52:04.047+0000] {taskinstance.py:2614} INFO - Dependencies all met for dep_context=requeueable deps ti=<TaskInstance: parse_iot.sort_in_out scheduled__2026-02-09T10:00:00+00:00 [queued]>
[2026-02-14T17:52:04.048+0000] {taskinstance.py:2867} INFO - Starting attempt 1 of 4
[2026-02-14T17:52:04.054+0000] {taskinstance.py:2890} INFO - Executing <Task(PythonOperator): sort_in_out> on 2026-02-09 10:00:00+00:00
[2026-02-14T17:52:04.059+0000] {standard_task_runner.py:72} INFO - Started process 671 to run task
[2026-02-14T17:52:04.061+0000] {standard_task_runner.py:104} INFO - Running: ['***', 'tasks', 'run', 'parse_iot', 'sort_in_out', 'scheduled__2026-02-09T10:00:00+00:00', '--job-id', '151', '--raw', '--subdir', 'DAGS_FOLDER/parse_iot.py', '--cfg-path', '/tmp/tmp8e35xk8_']
[2026-02-14T17:52:04.062+0000] {standard_task_runner.py:105} INFO - Job 151: Subtask sort_in_out
[2026-02-14T17:52:04.071+0000] {warnings.py:109} WARNING - /home/***/.local/lib/python3.9/site-packages/***/settings.py:209: DeprecationWarning: The sql_alchemy_conn option in [core] has been moved to the sql_alchemy_conn option in [database] - the old setting has been used, but please update your config.
  SQL_ALCHEMY_CONN = conf.get("database", "SQL_ALCHEMY_CONN")

[2026-02-14T17:52:04.092+0000] {task_command.py:467} INFO - Running <TaskInstance: parse_iot.sort_in_out scheduled__2026-02-09T10:00:00+00:00 [running]> on host 9052c134cdec
[2026-02-14T17:52:04.093+0000] {warnings.py:109} WARNING - /home/***/.local/lib/python3.9/site-packages/***/settings.py:470: DeprecationWarning: The sql_alchemy_conn option in [core] has been moved to the sql_alchemy_conn option in [database] - the old setting has been used, but please update your config.
  if conf.get("database", "sql_alchemy_conn") == "none://":

[2026-02-14T17:52:04.139+0000] {taskinstance.py:3134} INFO - Exporting env vars: AIRFLOW_CTX_DAG_OWNER='a.sorokin' AIRFLOW_CTX_DAG_ID='parse_iot' AIRFLOW_CTX_TASK_ID='sort_in_out' AIRFLOW_CTX_EXECUTION_DATE='2026-02-09T10:00:00+00:00' AIRFLOW_CTX_TRY_NUMBER='1' AIRFLOW_CTX_DAG_RUN_ID='scheduled__2026-02-09T10:00:00+00:00'
[2026-02-14T17:52:04.139+0000] {taskinstance.py:732} INFO - ::endgroup::
[2026-02-14T17:52:04.147+0000] {parse_iot.py:102} INFO - text
[2026-02-14T17:52:04.147+0000] {python.py:240} INFO - Done. Returned value was: None
[2026-02-14T17:52:04.154+0000] {taskinstance.py:341} INFO - ::group::Post task execution logs
[2026-02-14T17:52:04.154+0000] {taskinstance.py:353} INFO - Marking task as SUCCESS. dag_id=parse_iot, task_id=sort_in_out, run_id=scheduled__2026-02-09T10:00:00+00:00, execution_date=20260209T100000, start_date=20260214T175204, end_date=20260214T175204
[2026-02-14T17:52:04.192+0000] {local_task_job_runner.py:266} INFO - Task exited with return code 0
[2026-02-14T17:52:04.210+0000] {taskinstance.py:3901} INFO - 0 downstream tasks scheduled from follow-on schedule check
[2026-02-14T17:52:04.211+0000] {local_task_job_runner.py:245} INFO - ::endgroup::
[2026-02-14T18:16:53.349+0000] {local_task_job_runner.py:123} INFO - ::group::Pre task execution logs
[2026-02-14T18:16:53.366+0000] {taskinstance.py:2614} INFO - Dependencies all met for dep_context=non-requeueable deps ti=<TaskInstance: parse_iot.sort_in_out scheduled__2026-02-09T10:00:00+00:00 [queued]>
[2026-02-14T18:16:53.373+0000] {taskinstance.py:2614} INFO - Dependencies all met for dep_context=requeueable deps ti=<TaskInstance: parse_iot.sort_in_out scheduled__2026-02-09T10:00:00+00:00 [queued]>
[2026-02-14T18:16:53.374+0000] {taskinstance.py:2867} INFO - Starting attempt 1 of 4
[2026-02-14T18:16:53.381+0000] {taskinstance.py:2890} INFO - Executing <Task(PythonOperator): sort_in_out> on 2026-02-09 10:00:00+00:00
[2026-02-14T18:16:53.385+0000] {standard_task_runner.py:72} INFO - Started process 543 to run task
[2026-02-14T18:16:53.387+0000] {standard_task_runner.py:104} INFO - Running: ['***', 'tasks', 'run', 'parse_iot', 'sort_in_out', 'scheduled__2026-02-09T10:00:00+00:00', '--job-id', '119', '--raw', '--subdir', 'DAGS_FOLDER/parse_iot.py', '--cfg-path', '/tmp/tmpk1qdcmrs']
[2026-02-14T18:16:53.389+0000] {standard_task_runner.py:105} INFO - Job 119: Subtask sort_in_out
[2026-02-14T18:16:53.397+0000] {warnings.py:109} WARNING - /home/***/.local/lib/python3.9/site-packages/***/settings.py:209: DeprecationWarning: The sql_alchemy_conn option in [core] has been moved to the sql_alchemy_conn option in [database] - the old setting has been used, but please update your config.
  SQL_ALCHEMY_CONN = conf.get("database", "SQL_ALCHEMY_CONN")

[2026-02-14T18:16:53.419+0000] {task_command.py:467} INFO - Running <TaskInstance: parse_iot.sort_in_out scheduled__2026-02-09T10:00:00+00:00 [running]> on host bb762b62a2c2
[2026-02-14T18:16:53.419+0000] {warnings.py:109} WARNING - /home/***/.local/lib/python3.9/site-packages/***/settings.py:470: DeprecationWarning: The sql_alchemy_conn option in [core] has been moved to the sql_alchemy_conn option in [database] - the old setting has been used, but please update your config.
  if conf.get("database", "sql_alchemy_conn") == "none://":

[2026-02-14T18:16:53.470+0000] {taskinstance.py:3134} INFO - Exporting env vars: AIRFLOW_CTX_DAG_OWNER='a.sorokin' AIRFLOW_CTX_DAG_ID='parse_iot' AIRFLOW_CTX_TASK_ID='sort_in_out' AIRFLOW_CTX_EXECUTION_DATE='2026-02-09T10:00:00+00:00' AIRFLOW_CTX_TRY_NUMBER='1' AIRFLOW_CTX_DAG_RUN_ID='scheduled__2026-02-09T10:00:00+00:00'
[2026-02-14T18:16:53.471+0000] {taskinstance.py:732} INFO - ::endgroup::
[2026-02-14T18:16:53.478+0000] {parse_iot.py:102} INFO - text
[2026-02-14T18:16:53.478+0000] {python.py:240} INFO - Done. Returned value was: None
[2026-02-14T18:16:53.485+0000] {taskinstance.py:341} INFO - ::group::Post task execution logs
[2026-02-14T18:16:53.485+0000] {taskinstance.py:353} INFO - Marking task as SUCCESS. dag_id=parse_iot, task_id=sort_in_out, run_id=scheduled__2026-02-09T10:00:00+00:00, execution_date=20260209T100000, start_date=20260214T181653, end_date=20260214T181653
[2026-02-14T18:16:53.519+0000] {local_task_job_runner.py:266} INFO - Task exited with return code 0
[2026-02-14T18:16:53.536+0000] {taskinstance.py:3901} INFO - 0 downstream tasks scheduled from follow-on schedule check
[2026-02-14T18:16:53.537+0000] {local_task_job_runner.py:245} INFO - ::endgroup::
[2026-02-16T14:49:16.336+0000] {local_task_job_runner.py:123} INFO - ::group::Pre task execution logs
[2026-02-16T14:49:16.351+0000] {taskinstance.py:2614} INFO - Dependencies all met for dep_context=non-requeueable deps ti=<TaskInstance: parse_iot.sort_in_out scheduled__2026-02-09T10:00:00+00:00 [queued]>
[2026-02-16T14:49:16.358+0000] {taskinstance.py:2614} INFO - Dependencies all met for dep_context=requeueable deps ti=<TaskInstance: parse_iot.sort_in_out scheduled__2026-02-09T10:00:00+00:00 [queued]>
[2026-02-16T14:49:16.358+0000] {taskinstance.py:2867} INFO - Starting attempt 1 of 4
[2026-02-16T14:49:16.364+0000] {taskinstance.py:2890} INFO - Executing <Task(PythonOperator): sort_in_out> on 2026-02-09 10:00:00+00:00
[2026-02-16T14:49:16.369+0000] {standard_task_runner.py:72} INFO - Started process 730 to run task
[2026-02-16T14:49:16.371+0000] {standard_task_runner.py:104} INFO - Running: ['***', 'tasks', 'run', 'parse_iot', 'sort_in_out', 'scheduled__2026-02-09T10:00:00+00:00', '--job-id', '160', '--raw', '--subdir', 'DAGS_FOLDER/parse_iot.py', '--cfg-path', '/tmp/tmpl59u02hu']
[2026-02-16T14:49:16.372+0000] {standard_task_runner.py:105} INFO - Job 160: Subtask sort_in_out
[2026-02-16T14:49:16.380+0000] {warnings.py:109} WARNING - /home/***/.local/lib/python3.9/site-packages/***/settings.py:209: DeprecationWarning: The sql_alchemy_conn option in [core] has been moved to the sql_alchemy_conn option in [database] - the old setting has been used, but please update your config.
  SQL_ALCHEMY_CONN = conf.get("database", "SQL_ALCHEMY_CONN")

[2026-02-16T14:49:16.400+0000] {task_command.py:467} INFO - Running <TaskInstance: parse_iot.sort_in_out scheduled__2026-02-09T10:00:00+00:00 [running]> on host cd96c4fa192f
[2026-02-16T14:49:16.401+0000] {warnings.py:109} WARNING - /home/***/.local/lib/python3.9/site-packages/***/settings.py:470: DeprecationWarning: The sql_alchemy_conn option in [core] has been moved to the sql_alchemy_conn option in [database] - the old setting has been used, but please update your config.
  if conf.get("database", "sql_alchemy_conn") == "none://":

[2026-02-16T14:49:16.447+0000] {taskinstance.py:3134} INFO - Exporting env vars: AIRFLOW_CTX_DAG_OWNER='a.sorokin' AIRFLOW_CTX_DAG_ID='parse_iot' AIRFLOW_CTX_TASK_ID='sort_in_out' AIRFLOW_CTX_EXECUTION_DATE='2026-02-09T10:00:00+00:00' AIRFLOW_CTX_TRY_NUMBER='1' AIRFLOW_CTX_DAG_RUN_ID='scheduled__2026-02-09T10:00:00+00:00'
[2026-02-16T14:49:16.448+0000] {taskinstance.py:732} INFO - ::endgroup::
[2026-02-16T14:49:16.455+0000] {parse_iot.py:102} INFO - text
[2026-02-16T14:49:16.455+0000] {python.py:240} INFO - Done. Returned value was: None
[2026-02-16T14:49:16.461+0000] {taskinstance.py:341} INFO - ::group::Post task execution logs
[2026-02-16T14:49:16.461+0000] {taskinstance.py:353} INFO - Marking task as SUCCESS. dag_id=parse_iot, task_id=sort_in_out, run_id=scheduled__2026-02-09T10:00:00+00:00, execution_date=20260209T100000, start_date=20260216T144916, end_date=20260216T144916
[2026-02-16T14:49:16.503+0000] {local_task_job_runner.py:266} INFO - Task exited with return code 0
[2026-02-16T14:49:16.519+0000] {taskinstance.py:3901} INFO - 0 downstream tasks scheduled from follow-on schedule check
[2026-02-16T14:49:16.520+0000] {local_task_job_runner.py:245} INFO - ::endgroup::
[2026-02-16T15:19:27.851+0000] {local_task_job_runner.py:123} INFO - ::group::Pre task execution logs
[2026-02-16T15:19:27.869+0000] {taskinstance.py:2614} INFO - Dependencies all met for dep_context=non-requeueable deps ti=<TaskInstance: parse_iot.sort_in_out scheduled__2026-02-09T10:00:00+00:00 [queued]>
[2026-02-16T15:19:27.876+0000] {taskinstance.py:2614} INFO - Dependencies all met for dep_context=requeueable deps ti=<TaskInstance: parse_iot.sort_in_out scheduled__2026-02-09T10:00:00+00:00 [queued]>
[2026-02-16T15:19:27.876+0000] {taskinstance.py:2867} INFO - Starting attempt 1 of 4
[2026-02-16T15:19:27.884+0000] {taskinstance.py:2890} INFO - Executing <Task(PythonOperator): sort_in_out> on 2026-02-09 10:00:00+00:00
[2026-02-16T15:19:27.888+0000] {standard_task_runner.py:72} INFO - Started process 719 to run task
[2026-02-16T15:19:27.890+0000] {standard_task_runner.py:104} INFO - Running: ['***', 'tasks', 'run', 'parse_iot', 'sort_in_out', 'scheduled__2026-02-09T10:00:00+00:00', '--job-id', '163', '--raw', '--subdir', 'DAGS_FOLDER/parse_iot.py', '--cfg-path', '/tmp/tmpj6dlbr1o']
[2026-02-16T15:19:27.892+0000] {standard_task_runner.py:105} INFO - Job 163: Subtask sort_in_out
[2026-02-16T15:19:27.900+0000] {warnings.py:109} WARNING - /home/***/.local/lib/python3.9/site-packages/***/settings.py:209: DeprecationWarning: The sql_alchemy_conn option in [core] has been moved to the sql_alchemy_conn option in [database] - the old setting has been used, but please update your config.
  SQL_ALCHEMY_CONN = conf.get("database", "SQL_ALCHEMY_CONN")

[2026-02-16T15:19:27.922+0000] {task_command.py:467} INFO - Running <TaskInstance: parse_iot.sort_in_out scheduled__2026-02-09T10:00:00+00:00 [running]> on host fbd3e38838e9
[2026-02-16T15:19:27.922+0000] {warnings.py:109} WARNING - /home/***/.local/lib/python3.9/site-packages/***/settings.py:470: DeprecationWarning: The sql_alchemy_conn option in [core] has been moved to the sql_alchemy_conn option in [database] - the old setting has been used, but please update your config.
  if conf.get("database", "sql_alchemy_conn") == "none://":

[2026-02-16T15:19:27.972+0000] {taskinstance.py:3134} INFO - Exporting env vars: AIRFLOW_CTX_DAG_OWNER='a.sorokin' AIRFLOW_CTX_DAG_ID='parse_iot' AIRFLOW_CTX_TASK_ID='sort_in_out' AIRFLOW_CTX_EXECUTION_DATE='2026-02-09T10:00:00+00:00' AIRFLOW_CTX_TRY_NUMBER='1' AIRFLOW_CTX_DAG_RUN_ID='scheduled__2026-02-09T10:00:00+00:00'
[2026-02-16T15:19:27.973+0000] {taskinstance.py:732} INFO - ::endgroup::
[2026-02-16T15:19:27.981+0000] {parse_iot.py:102} INFO - text
[2026-02-16T15:19:27.981+0000] {python.py:240} INFO - Done. Returned value was: None
[2026-02-16T15:19:27.987+0000] {taskinstance.py:341} INFO - ::group::Post task execution logs
[2026-02-16T15:19:27.988+0000] {taskinstance.py:353} INFO - Marking task as SUCCESS. dag_id=parse_iot, task_id=sort_in_out, run_id=scheduled__2026-02-09T10:00:00+00:00, execution_date=20260209T100000, start_date=20260216T151927, end_date=20260216T151927
[2026-02-16T15:19:28.022+0000] {local_task_job_runner.py:266} INFO - Task exited with return code 0
[2026-02-16T15:19:28.042+0000] {taskinstance.py:3901} INFO - 0 downstream tasks scheduled from follow-on schedule check
[2026-02-16T15:19:28.043+0000] {local_task_job_runner.py:245} INFO - ::endgroup::
[2026-02-16T15:47:05.207+0000] {local_task_job_runner.py:123} INFO - ::group::Pre task execution logs
[2026-02-16T15:47:05.222+0000] {taskinstance.py:2614} INFO - Dependencies all met for dep_context=non-requeueable deps ti=<TaskInstance: parse_iot.sort_in_out scheduled__2026-02-09T10:00:00+00:00 [queued]>
[2026-02-16T15:47:05.228+0000] {taskinstance.py:2614} INFO - Dependencies all met for dep_context=requeueable deps ti=<TaskInstance: parse_iot.sort_in_out scheduled__2026-02-09T10:00:00+00:00 [queued]>
[2026-02-16T15:47:05.228+0000] {taskinstance.py:2867} INFO - Starting attempt 1 of 4
[2026-02-16T15:47:05.234+0000] {taskinstance.py:2890} INFO - Executing <Task(PythonOperator): sort_in_out> on 2026-02-09 10:00:00+00:00
[2026-02-16T15:47:05.239+0000] {standard_task_runner.py:72} INFO - Started process 707 to run task
[2026-02-16T15:47:05.241+0000] {standard_task_runner.py:104} INFO - Running: ['***', 'tasks', 'run', 'parse_iot', 'sort_in_out', 'scheduled__2026-02-09T10:00:00+00:00', '--job-id', '160', '--raw', '--subdir', 'DAGS_FOLDER/parse_iot.py', '--cfg-path', '/tmp/tmp7f37mjwb']
[2026-02-16T15:47:05.243+0000] {standard_task_runner.py:105} INFO - Job 160: Subtask sort_in_out
[2026-02-16T15:47:05.252+0000] {warnings.py:109} WARNING - /home/***/.local/lib/python3.9/site-packages/***/settings.py:209: DeprecationWarning: The sql_alchemy_conn option in [core] has been moved to the sql_alchemy_conn option in [database] - the old setting has been used, but please update your config.
  SQL_ALCHEMY_CONN = conf.get("database", "SQL_ALCHEMY_CONN")

[2026-02-16T15:47:05.274+0000] {task_command.py:467} INFO - Running <TaskInstance: parse_iot.sort_in_out scheduled__2026-02-09T10:00:00+00:00 [running]> on host 6ef9a94e694d
[2026-02-16T15:47:05.275+0000] {warnings.py:109} WARNING - /home/***/.local/lib/python3.9/site-packages/***/settings.py:470: DeprecationWarning: The sql_alchemy_conn option in [core] has been moved to the sql_alchemy_conn option in [database] - the old setting has been used, but please update your config.
  if conf.get("database", "sql_alchemy_conn") == "none://":

[2026-02-16T15:47:05.327+0000] {taskinstance.py:3134} INFO - Exporting env vars: AIRFLOW_CTX_DAG_OWNER='a.sorokin' AIRFLOW_CTX_DAG_ID='parse_iot' AIRFLOW_CTX_TASK_ID='sort_in_out' AIRFLOW_CTX_EXECUTION_DATE='2026-02-09T10:00:00+00:00' AIRFLOW_CTX_TRY_NUMBER='1' AIRFLOW_CTX_DAG_RUN_ID='scheduled__2026-02-09T10:00:00+00:00'
[2026-02-16T15:47:05.327+0000] {taskinstance.py:732} INFO - ::endgroup::
[2026-02-16T15:47:05.335+0000] {parse_iot.py:102} INFO - text
[2026-02-16T15:47:05.335+0000] {python.py:240} INFO - Done. Returned value was: None
[2026-02-16T15:47:05.342+0000] {taskinstance.py:341} INFO - ::group::Post task execution logs
[2026-02-16T15:47:05.343+0000] {taskinstance.py:353} INFO - Marking task as SUCCESS. dag_id=parse_iot, task_id=sort_in_out, run_id=scheduled__2026-02-09T10:00:00+00:00, execution_date=20260209T100000, start_date=20260216T154705, end_date=20260216T154705
[2026-02-16T15:47:05.373+0000] {local_task_job_runner.py:266} INFO - Task exited with return code 0
[2026-02-16T15:47:05.381+0000] {local_task_job_runner.py:245} INFO - ::endgroup::
