[2026-02-16T15:05:52.936+0000] {local_task_job_runner.py:123} INFO - ::group::Pre task execution logs
[2026-02-16T15:05:52.950+0000] {taskinstance.py:2614} INFO - Dependencies all met for dep_context=non-requeueable deps ti=<TaskInstance: load_postgres.check_parse scheduled__2026-01-31T10:00:00+00:00 [queued]>
[2026-02-16T15:05:52.955+0000] {taskinstance.py:2614} INFO - Dependencies all met for dep_context=requeueable deps ti=<TaskInstance: load_postgres.check_parse scheduled__2026-01-31T10:00:00+00:00 [queued]>
[2026-02-16T15:05:52.955+0000] {taskinstance.py:2867} INFO - Starting attempt 4 of 7
[2026-02-16T15:05:52.962+0000] {taskinstance.py:2890} INFO - Executing <Task(ExternalTaskSensor): check_parse> on 2026-01-31 10:00:00+00:00
[2026-02-16T15:05:52.967+0000] {standard_task_runner.py:72} INFO - Started process 946 to run task
[2026-02-16T15:05:52.969+0000] {standard_task_runner.py:104} INFO - Running: ['***', 'tasks', 'run', 'load_postgres', 'check_parse', 'scheduled__2026-01-31T10:00:00+00:00', '--job-id', '214', '--raw', '--subdir', 'DAGS_FOLDER/load_postrges.py', '--cfg-path', '/tmp/tmp1a0p94hm']
[2026-02-16T15:05:52.970+0000] {standard_task_runner.py:105} INFO - Job 214: Subtask check_parse
[2026-02-16T15:05:52.978+0000] {warnings.py:109} WARNING - /home/***/.local/lib/python3.9/site-packages/***/settings.py:209: DeprecationWarning: The sql_alchemy_conn option in [core] has been moved to the sql_alchemy_conn option in [database] - the old setting has been used, but please update your config.
  SQL_ALCHEMY_CONN = conf.get("database", "SQL_ALCHEMY_CONN")

[2026-02-16T15:05:53.001+0000] {task_command.py:467} INFO - Running <TaskInstance: load_postgres.check_parse scheduled__2026-01-31T10:00:00+00:00 [running]> on host cd96c4fa192f
[2026-02-16T15:05:53.001+0000] {warnings.py:109} WARNING - /home/***/.local/lib/python3.9/site-packages/***/settings.py:470: DeprecationWarning: The sql_alchemy_conn option in [core] has been moved to the sql_alchemy_conn option in [database] - the old setting has been used, but please update your config.
  if conf.get("database", "sql_alchemy_conn") == "none://":

[2026-02-16T15:05:53.044+0000] {taskinstance.py:3134} INFO - Exporting env vars: AIRFLOW_CTX_DAG_OWNER='a.sorokin' AIRFLOW_CTX_DAG_ID='load_postgres' AIRFLOW_CTX_TASK_ID='check_parse' AIRFLOW_CTX_EXECUTION_DATE='2026-01-31T10:00:00+00:00' AIRFLOW_CTX_TRY_NUMBER='4' AIRFLOW_CTX_DAG_RUN_ID='scheduled__2026-01-31T10:00:00+00:00'
[2026-02-16T15:05:53.044+0000] {taskinstance.py:732} INFO - ::endgroup::
[2026-02-16T15:05:53.051+0000] {baseoperator.py:423} WARNING - ExternalTaskSensor.execute cannot be called outside TaskInstance!
[2026-02-16T15:05:53.057+0000] {external_task.py:274} INFO - Poking for DAG 'parse_iot' on 2026-01-31T10:00:00+00:00 ... 
[2026-02-16T15:05:53.057+0000] {warnings.py:109} WARNING - /home/***/.local/lib/python3.9/site-packages/***/utils/session.py:97: DeprecationWarning: This method is deprecated and will be removed in future.
  return func(*args, session=session, **kwargs)

[2026-02-16T15:05:53.063+0000] {base.py:339} INFO - Success criteria met. Exiting.
[2026-02-16T15:05:53.069+0000] {taskinstance.py:341} INFO - ::group::Post task execution logs
[2026-02-16T15:05:53.069+0000] {taskinstance.py:353} INFO - Marking task as SUCCESS. dag_id=load_postgres, task_id=check_parse, run_id=scheduled__2026-01-31T10:00:00+00:00, execution_date=20260131T100000, start_date=20260216T150552, end_date=20260216T150553
[2026-02-16T15:05:53.100+0000] {local_task_job_runner.py:266} INFO - Task exited with return code 0
[2026-02-16T15:05:53.114+0000] {taskinstance.py:3901} INFO - 0 downstream tasks scheduled from follow-on schedule check
[2026-02-16T15:05:53.115+0000] {local_task_job_runner.py:245} INFO - ::endgroup::
