[2026-02-14T00:09:08.036+0000] {local_task_job_runner.py:123} INFO - ::group::Pre task execution logs
[2026-02-14T00:09:08.061+0000] {taskinstance.py:2614} INFO - Dependencies all met for dep_context=non-requeueable deps ti=<TaskInstance: load_postgres.check_parse scheduled__2026-01-31T10:00:00+00:00 [queued]>
[2026-02-14T00:09:08.066+0000] {taskinstance.py:2614} INFO - Dependencies all met for dep_context=requeueable deps ti=<TaskInstance: load_postgres.check_parse scheduled__2026-01-31T10:00:00+00:00 [queued]>
[2026-02-14T00:09:08.066+0000] {taskinstance.py:2867} INFO - Starting attempt 1 of 4
[2026-02-14T00:09:08.075+0000] {taskinstance.py:2890} INFO - Executing <Task(ExternalTaskSensor): check_parse> on 2026-01-31 10:00:00+00:00
[2026-02-14T00:09:08.079+0000] {standard_task_runner.py:72} INFO - Started process 79 to run task
[2026-02-14T00:09:08.081+0000] {standard_task_runner.py:104} INFO - Running: ['***', 'tasks', 'run', 'load_postgres', 'check_parse', 'scheduled__2026-01-31T10:00:00+00:00', '--job-id', '3', '--raw', '--subdir', 'DAGS_FOLDER/load_postrges.py', '--cfg-path', '/tmp/tmp2t1xyd4t']
[2026-02-14T00:09:08.083+0000] {standard_task_runner.py:105} INFO - Job 3: Subtask check_parse
[2026-02-14T00:09:08.091+0000] {warnings.py:109} WARNING - /home/***/.local/lib/python3.9/site-packages/***/settings.py:209: DeprecationWarning: The sql_alchemy_conn option in [core] has been moved to the sql_alchemy_conn option in [database] - the old setting has been used, but please update your config.
  SQL_ALCHEMY_CONN = conf.get("database", "SQL_ALCHEMY_CONN")

[2026-02-14T00:09:08.113+0000] {task_command.py:467} INFO - Running <TaskInstance: load_postgres.check_parse scheduled__2026-01-31T10:00:00+00:00 [running]> on host 13185f5c75e0
[2026-02-14T00:09:08.113+0000] {warnings.py:109} WARNING - /home/***/.local/lib/python3.9/site-packages/***/settings.py:470: DeprecationWarning: The sql_alchemy_conn option in [core] has been moved to the sql_alchemy_conn option in [database] - the old setting has been used, but please update your config.
  if conf.get("database", "sql_alchemy_conn") == "none://":

[2026-02-14T00:09:08.160+0000] {taskinstance.py:3134} INFO - Exporting env vars: AIRFLOW_CTX_DAG_OWNER='a.sorokin' AIRFLOW_CTX_DAG_ID='load_postgres' AIRFLOW_CTX_TASK_ID='check_parse' AIRFLOW_CTX_EXECUTION_DATE='2026-01-31T10:00:00+00:00' AIRFLOW_CTX_TRY_NUMBER='1' AIRFLOW_CTX_DAG_RUN_ID='scheduled__2026-01-31T10:00:00+00:00'
[2026-02-14T00:09:08.161+0000] {taskinstance.py:732} INFO - ::endgroup::
[2026-02-14T00:09:08.167+0000] {baseoperator.py:423} WARNING - ExternalTaskSensor.execute cannot be called outside TaskInstance!
[2026-02-14T00:09:08.174+0000] {external_task.py:274} INFO - Poking for DAG 'parse_iot' on 2026-01-31T10:00:00+00:00 ... 
[2026-02-14T00:09:08.174+0000] {warnings.py:109} WARNING - /home/***/.local/lib/python3.9/site-packages/***/utils/session.py:97: DeprecationWarning: This method is deprecated and will be removed in future.
  return func(*args, session=session, **kwargs)

[2026-02-14T00:09:08.190+0000] {taskinstance.py:310} INFO - Rescheduling task, marking task as UP_FOR_RESCHEDULE
[2026-02-14T00:09:08.190+0000] {taskinstance.py:341} INFO - ::group::Post task execution logs
[2026-02-14T00:09:08.213+0000] {local_task_job_runner.py:266} INFO - Task exited with return code 0
[2026-02-14T00:09:08.230+0000] {taskinstance.py:3901} INFO - 0 downstream tasks scheduled from follow-on schedule check
[2026-02-14T00:09:08.230+0000] {local_task_job_runner.py:245} INFO - ::endgroup::
[2026-02-14T16:30:13.323+0000] {local_task_job_runner.py:123} INFO - ::group::Pre task execution logs
[2026-02-14T16:30:13.337+0000] {taskinstance.py:2614} INFO - Dependencies all met for dep_context=non-requeueable deps ti=<TaskInstance: load_postgres.check_parse scheduled__2026-01-31T10:00:00+00:00 [queued]>
[2026-02-14T16:30:13.342+0000] {taskinstance.py:2614} INFO - Dependencies all met for dep_context=requeueable deps ti=<TaskInstance: load_postgres.check_parse scheduled__2026-01-31T10:00:00+00:00 [queued]>
[2026-02-14T16:30:13.342+0000] {taskinstance.py:2867} INFO - Starting attempt 1 of 4
[2026-02-14T16:30:13.350+0000] {taskinstance.py:2890} INFO - Executing <Task(ExternalTaskSensor): check_parse> on 2026-01-31 10:00:00+00:00
[2026-02-14T16:30:13.355+0000] {standard_task_runner.py:72} INFO - Started process 85 to run task
[2026-02-14T16:30:13.356+0000] {standard_task_runner.py:104} INFO - Running: ['***', 'tasks', 'run', 'load_postgres', 'check_parse', 'scheduled__2026-01-31T10:00:00+00:00', '--job-id', '4', '--raw', '--subdir', 'DAGS_FOLDER/load_postrges.py', '--cfg-path', '/tmp/tmpv6kzwjh7']
[2026-02-14T16:30:13.358+0000] {standard_task_runner.py:105} INFO - Job 4: Subtask check_parse
[2026-02-14T16:30:13.367+0000] {warnings.py:109} WARNING - /home/***/.local/lib/python3.9/site-packages/***/settings.py:209: DeprecationWarning: The sql_alchemy_conn option in [core] has been moved to the sql_alchemy_conn option in [database] - the old setting has been used, but please update your config.
  SQL_ALCHEMY_CONN = conf.get("database", "SQL_ALCHEMY_CONN")

[2026-02-14T16:30:13.390+0000] {task_command.py:467} INFO - Running <TaskInstance: load_postgres.check_parse scheduled__2026-01-31T10:00:00+00:00 [running]> on host a5c4ed865bb5
[2026-02-14T16:30:13.391+0000] {warnings.py:109} WARNING - /home/***/.local/lib/python3.9/site-packages/***/settings.py:470: DeprecationWarning: The sql_alchemy_conn option in [core] has been moved to the sql_alchemy_conn option in [database] - the old setting has been used, but please update your config.
  if conf.get("database", "sql_alchemy_conn") == "none://":

[2026-02-14T16:30:13.438+0000] {taskinstance.py:3134} INFO - Exporting env vars: AIRFLOW_CTX_DAG_OWNER='a.sorokin' AIRFLOW_CTX_DAG_ID='load_postgres' AIRFLOW_CTX_TASK_ID='check_parse' AIRFLOW_CTX_EXECUTION_DATE='2026-01-31T10:00:00+00:00' AIRFLOW_CTX_TRY_NUMBER='1' AIRFLOW_CTX_DAG_RUN_ID='scheduled__2026-01-31T10:00:00+00:00'
[2026-02-14T16:30:13.438+0000] {taskinstance.py:732} INFO - ::endgroup::
[2026-02-14T16:30:13.446+0000] {baseoperator.py:423} WARNING - ExternalTaskSensor.execute cannot be called outside TaskInstance!
[2026-02-14T16:30:13.452+0000] {external_task.py:274} INFO - Poking for DAG 'parse_iot' on 2026-01-31T10:00:00+00:00 ... 
[2026-02-14T16:30:13.452+0000] {warnings.py:109} WARNING - /home/***/.local/lib/python3.9/site-packages/***/utils/session.py:97: DeprecationWarning: This method is deprecated and will be removed in future.
  return func(*args, session=session, **kwargs)

[2026-02-14T16:30:13.471+0000] {taskinstance.py:310} INFO - Rescheduling task, marking task as UP_FOR_RESCHEDULE
[2026-02-14T16:30:13.471+0000] {taskinstance.py:341} INFO - ::group::Post task execution logs
[2026-02-14T16:30:13.488+0000] {local_task_job_runner.py:266} INFO - Task exited with return code 0
[2026-02-14T16:30:13.506+0000] {taskinstance.py:3901} INFO - 0 downstream tasks scheduled from follow-on schedule check
[2026-02-14T16:30:13.507+0000] {local_task_job_runner.py:245} INFO - ::endgroup::
[2026-02-14T16:31:14.309+0000] {local_task_job_runner.py:123} INFO - ::group::Pre task execution logs
[2026-02-14T16:31:14.323+0000] {taskinstance.py:2614} INFO - Dependencies all met for dep_context=non-requeueable deps ti=<TaskInstance: load_postgres.check_parse scheduled__2026-01-31T10:00:00+00:00 [queued]>
[2026-02-14T16:31:14.329+0000] {taskinstance.py:2614} INFO - Dependencies all met for dep_context=requeueable deps ti=<TaskInstance: load_postgres.check_parse scheduled__2026-01-31T10:00:00+00:00 [queued]>
[2026-02-14T16:31:14.329+0000] {taskinstance.py:2867} INFO - Starting attempt 1 of 4
[2026-02-14T16:31:14.337+0000] {taskinstance.py:2890} INFO - Executing <Task(ExternalTaskSensor): check_parse> on 2026-01-31 10:00:00+00:00
[2026-02-14T16:31:14.341+0000] {standard_task_runner.py:72} INFO - Started process 205 to run task
[2026-02-14T16:31:14.343+0000] {standard_task_runner.py:104} INFO - Running: ['***', 'tasks', 'run', 'load_postgres', 'check_parse', 'scheduled__2026-01-31T10:00:00+00:00', '--job-id', '34', '--raw', '--subdir', 'DAGS_FOLDER/load_postrges.py', '--cfg-path', '/tmp/tmpxv39zwbu']
[2026-02-14T16:31:14.345+0000] {standard_task_runner.py:105} INFO - Job 34: Subtask check_parse
[2026-02-14T16:31:14.354+0000] {warnings.py:109} WARNING - /home/***/.local/lib/python3.9/site-packages/***/settings.py:209: DeprecationWarning: The sql_alchemy_conn option in [core] has been moved to the sql_alchemy_conn option in [database] - the old setting has been used, but please update your config.
  SQL_ALCHEMY_CONN = conf.get("database", "SQL_ALCHEMY_CONN")

[2026-02-14T16:31:14.376+0000] {task_command.py:467} INFO - Running <TaskInstance: load_postgres.check_parse scheduled__2026-01-31T10:00:00+00:00 [running]> on host a5c4ed865bb5
[2026-02-14T16:31:14.376+0000] {warnings.py:109} WARNING - /home/***/.local/lib/python3.9/site-packages/***/settings.py:470: DeprecationWarning: The sql_alchemy_conn option in [core] has been moved to the sql_alchemy_conn option in [database] - the old setting has been used, but please update your config.
  if conf.get("database", "sql_alchemy_conn") == "none://":

[2026-02-14T16:31:14.423+0000] {taskinstance.py:3134} INFO - Exporting env vars: AIRFLOW_CTX_DAG_OWNER='a.sorokin' AIRFLOW_CTX_DAG_ID='load_postgres' AIRFLOW_CTX_TASK_ID='check_parse' AIRFLOW_CTX_EXECUTION_DATE='2026-01-31T10:00:00+00:00' AIRFLOW_CTX_TRY_NUMBER='1' AIRFLOW_CTX_DAG_RUN_ID='scheduled__2026-01-31T10:00:00+00:00'
[2026-02-14T16:31:14.423+0000] {taskinstance.py:732} INFO - ::endgroup::
[2026-02-14T16:31:14.431+0000] {baseoperator.py:423} WARNING - ExternalTaskSensor.execute cannot be called outside TaskInstance!
[2026-02-14T16:31:14.437+0000] {external_task.py:274} INFO - Poking for DAG 'parse_iot' on 2026-01-31T10:00:00+00:00 ... 
[2026-02-14T16:31:14.437+0000] {warnings.py:109} WARNING - /home/***/.local/lib/python3.9/site-packages/***/utils/session.py:97: DeprecationWarning: This method is deprecated and will be removed in future.
  return func(*args, session=session, **kwargs)

[2026-02-14T16:31:14.456+0000] {taskinstance.py:310} INFO - Rescheduling task, marking task as UP_FOR_RESCHEDULE
[2026-02-14T16:31:14.456+0000] {taskinstance.py:341} INFO - ::group::Post task execution logs
[2026-02-14T16:31:14.475+0000] {local_task_job_runner.py:266} INFO - Task exited with return code 0
[2026-02-14T16:31:14.493+0000] {taskinstance.py:3901} INFO - 0 downstream tasks scheduled from follow-on schedule check
[2026-02-14T16:31:14.494+0000] {local_task_job_runner.py:245} INFO - ::endgroup::
[2026-02-14T16:32:15.792+0000] {local_task_job_runner.py:123} INFO - ::group::Pre task execution logs
[2026-02-14T16:32:15.804+0000] {taskinstance.py:2614} INFO - Dependencies all met for dep_context=non-requeueable deps ti=<TaskInstance: load_postgres.check_parse scheduled__2026-01-31T10:00:00+00:00 [queued]>
[2026-02-14T16:32:15.809+0000] {taskinstance.py:2614} INFO - Dependencies all met for dep_context=requeueable deps ti=<TaskInstance: load_postgres.check_parse scheduled__2026-01-31T10:00:00+00:00 [queued]>
[2026-02-14T16:32:15.809+0000] {taskinstance.py:2867} INFO - Starting attempt 1 of 4
[2026-02-14T16:32:15.815+0000] {taskinstance.py:2890} INFO - Executing <Task(ExternalTaskSensor): check_parse> on 2026-01-31 10:00:00+00:00
[2026-02-14T16:32:15.819+0000] {standard_task_runner.py:72} INFO - Started process 379 to run task
[2026-02-14T16:32:15.821+0000] {standard_task_runner.py:104} INFO - Running: ['***', 'tasks', 'run', 'load_postgres', 'check_parse', 'scheduled__2026-01-31T10:00:00+00:00', '--job-id', '78', '--raw', '--subdir', 'DAGS_FOLDER/load_postrges.py', '--cfg-path', '/tmp/tmpwa5walx4']
[2026-02-14T16:32:15.822+0000] {standard_task_runner.py:105} INFO - Job 78: Subtask check_parse
[2026-02-14T16:32:15.830+0000] {warnings.py:109} WARNING - /home/***/.local/lib/python3.9/site-packages/***/settings.py:209: DeprecationWarning: The sql_alchemy_conn option in [core] has been moved to the sql_alchemy_conn option in [database] - the old setting has been used, but please update your config.
  SQL_ALCHEMY_CONN = conf.get("database", "SQL_ALCHEMY_CONN")

[2026-02-14T16:32:15.851+0000] {task_command.py:467} INFO - Running <TaskInstance: load_postgres.check_parse scheduled__2026-01-31T10:00:00+00:00 [running]> on host a5c4ed865bb5
[2026-02-14T16:32:15.851+0000] {warnings.py:109} WARNING - /home/***/.local/lib/python3.9/site-packages/***/settings.py:470: DeprecationWarning: The sql_alchemy_conn option in [core] has been moved to the sql_alchemy_conn option in [database] - the old setting has been used, but please update your config.
  if conf.get("database", "sql_alchemy_conn") == "none://":

[2026-02-14T16:32:15.894+0000] {taskinstance.py:3134} INFO - Exporting env vars: AIRFLOW_CTX_DAG_OWNER='a.sorokin' AIRFLOW_CTX_DAG_ID='load_postgres' AIRFLOW_CTX_TASK_ID='check_parse' AIRFLOW_CTX_EXECUTION_DATE='2026-01-31T10:00:00+00:00' AIRFLOW_CTX_TRY_NUMBER='1' AIRFLOW_CTX_DAG_RUN_ID='scheduled__2026-01-31T10:00:00+00:00'
[2026-02-14T16:32:15.895+0000] {taskinstance.py:732} INFO - ::endgroup::
[2026-02-14T16:32:15.902+0000] {baseoperator.py:423} WARNING - ExternalTaskSensor.execute cannot be called outside TaskInstance!
[2026-02-14T16:32:15.907+0000] {external_task.py:274} INFO - Poking for DAG 'parse_iot' on 2026-01-31T10:00:00+00:00 ... 
[2026-02-14T16:32:15.907+0000] {warnings.py:109} WARNING - /home/***/.local/lib/python3.9/site-packages/***/utils/session.py:97: DeprecationWarning: This method is deprecated and will be removed in future.
  return func(*args, session=session, **kwargs)

[2026-02-14T16:32:15.929+0000] {taskinstance.py:310} INFO - Rescheduling task, marking task as UP_FOR_RESCHEDULE
[2026-02-14T16:32:15.929+0000] {taskinstance.py:341} INFO - ::group::Post task execution logs
[2026-02-14T16:32:15.953+0000] {local_task_job_runner.py:266} INFO - Task exited with return code 0
[2026-02-14T16:32:15.968+0000] {taskinstance.py:3901} INFO - 0 downstream tasks scheduled from follow-on schedule check
[2026-02-14T16:32:15.969+0000] {local_task_job_runner.py:245} INFO - ::endgroup::
[2026-02-14T16:33:18.049+0000] {local_task_job_runner.py:123} INFO - ::group::Pre task execution logs
[2026-02-14T16:33:18.063+0000] {taskinstance.py:2614} INFO - Dependencies all met for dep_context=non-requeueable deps ti=<TaskInstance: load_postgres.check_parse scheduled__2026-01-31T10:00:00+00:00 [queued]>
[2026-02-14T16:33:18.068+0000] {taskinstance.py:2614} INFO - Dependencies all met for dep_context=requeueable deps ti=<TaskInstance: load_postgres.check_parse scheduled__2026-01-31T10:00:00+00:00 [queued]>
[2026-02-14T16:33:18.068+0000] {taskinstance.py:2867} INFO - Starting attempt 1 of 4
[2026-02-14T16:33:18.075+0000] {taskinstance.py:2890} INFO - Executing <Task(ExternalTaskSensor): check_parse> on 2026-01-31 10:00:00+00:00
[2026-02-14T16:33:18.079+0000] {standard_task_runner.py:72} INFO - Started process 491 to run task
[2026-02-14T16:33:18.081+0000] {standard_task_runner.py:104} INFO - Running: ['***', 'tasks', 'run', 'load_postgres', 'check_parse', 'scheduled__2026-01-31T10:00:00+00:00', '--job-id', '106', '--raw', '--subdir', 'DAGS_FOLDER/load_postrges.py', '--cfg-path', '/tmp/tmp5p4el531']
[2026-02-14T16:33:18.082+0000] {standard_task_runner.py:105} INFO - Job 106: Subtask check_parse
[2026-02-14T16:33:18.091+0000] {warnings.py:109} WARNING - /home/***/.local/lib/python3.9/site-packages/***/settings.py:209: DeprecationWarning: The sql_alchemy_conn option in [core] has been moved to the sql_alchemy_conn option in [database] - the old setting has been used, but please update your config.
  SQL_ALCHEMY_CONN = conf.get("database", "SQL_ALCHEMY_CONN")

[2026-02-14T16:33:18.112+0000] {task_command.py:467} INFO - Running <TaskInstance: load_postgres.check_parse scheduled__2026-01-31T10:00:00+00:00 [running]> on host a5c4ed865bb5
[2026-02-14T16:33:18.113+0000] {warnings.py:109} WARNING - /home/***/.local/lib/python3.9/site-packages/***/settings.py:470: DeprecationWarning: The sql_alchemy_conn option in [core] has been moved to the sql_alchemy_conn option in [database] - the old setting has been used, but please update your config.
  if conf.get("database", "sql_alchemy_conn") == "none://":

[2026-02-14T16:33:18.158+0000] {taskinstance.py:3134} INFO - Exporting env vars: AIRFLOW_CTX_DAG_OWNER='a.sorokin' AIRFLOW_CTX_DAG_ID='load_postgres' AIRFLOW_CTX_TASK_ID='check_parse' AIRFLOW_CTX_EXECUTION_DATE='2026-01-31T10:00:00+00:00' AIRFLOW_CTX_TRY_NUMBER='1' AIRFLOW_CTX_DAG_RUN_ID='scheduled__2026-01-31T10:00:00+00:00'
[2026-02-14T16:33:18.159+0000] {taskinstance.py:732} INFO - ::endgroup::
[2026-02-14T16:33:18.166+0000] {baseoperator.py:423} WARNING - ExternalTaskSensor.execute cannot be called outside TaskInstance!
[2026-02-14T16:33:18.172+0000] {external_task.py:274} INFO - Poking for DAG 'parse_iot' on 2026-01-31T10:00:00+00:00 ... 
[2026-02-14T16:33:18.172+0000] {warnings.py:109} WARNING - /home/***/.local/lib/python3.9/site-packages/***/utils/session.py:97: DeprecationWarning: This method is deprecated and will be removed in future.
  return func(*args, session=session, **kwargs)

[2026-02-14T16:33:18.188+0000] {taskinstance.py:310} INFO - Rescheduling task, marking task as UP_FOR_RESCHEDULE
[2026-02-14T16:33:18.188+0000] {taskinstance.py:341} INFO - ::group::Post task execution logs
[2026-02-14T16:33:18.213+0000] {local_task_job_runner.py:266} INFO - Task exited with return code 0
[2026-02-14T16:33:18.228+0000] {taskinstance.py:3901} INFO - 0 downstream tasks scheduled from follow-on schedule check
[2026-02-14T16:33:18.229+0000] {local_task_job_runner.py:245} INFO - ::endgroup::
[2026-02-14T16:34:19.827+0000] {local_task_job_runner.py:123} INFO - ::group::Pre task execution logs
[2026-02-14T16:34:19.839+0000] {taskinstance.py:2614} INFO - Dependencies all met for dep_context=non-requeueable deps ti=<TaskInstance: load_postgres.check_parse scheduled__2026-01-31T10:00:00+00:00 [queued]>
[2026-02-14T16:34:19.844+0000] {taskinstance.py:2614} INFO - Dependencies all met for dep_context=requeueable deps ti=<TaskInstance: load_postgres.check_parse scheduled__2026-01-31T10:00:00+00:00 [queued]>
[2026-02-14T16:34:19.844+0000] {taskinstance.py:2867} INFO - Starting attempt 1 of 4
[2026-02-14T16:34:19.850+0000] {taskinstance.py:2890} INFO - Executing <Task(ExternalTaskSensor): check_parse> on 2026-01-31 10:00:00+00:00
[2026-02-14T16:34:19.854+0000] {standard_task_runner.py:72} INFO - Started process 575 to run task
[2026-02-14T16:34:19.856+0000] {standard_task_runner.py:104} INFO - Running: ['***', 'tasks', 'run', 'load_postgres', 'check_parse', 'scheduled__2026-01-31T10:00:00+00:00', '--job-id', '127', '--raw', '--subdir', 'DAGS_FOLDER/load_postrges.py', '--cfg-path', '/tmp/tmp1v_h884d']
[2026-02-14T16:34:19.857+0000] {standard_task_runner.py:105} INFO - Job 127: Subtask check_parse
[2026-02-14T16:34:19.865+0000] {warnings.py:109} WARNING - /home/***/.local/lib/python3.9/site-packages/***/settings.py:209: DeprecationWarning: The sql_alchemy_conn option in [core] has been moved to the sql_alchemy_conn option in [database] - the old setting has been used, but please update your config.
  SQL_ALCHEMY_CONN = conf.get("database", "SQL_ALCHEMY_CONN")

[2026-02-14T16:34:19.886+0000] {task_command.py:467} INFO - Running <TaskInstance: load_postgres.check_parse scheduled__2026-01-31T10:00:00+00:00 [running]> on host a5c4ed865bb5
[2026-02-14T16:34:19.887+0000] {warnings.py:109} WARNING - /home/***/.local/lib/python3.9/site-packages/***/settings.py:470: DeprecationWarning: The sql_alchemy_conn option in [core] has been moved to the sql_alchemy_conn option in [database] - the old setting has been used, but please update your config.
  if conf.get("database", "sql_alchemy_conn") == "none://":

[2026-02-14T16:34:19.931+0000] {taskinstance.py:3134} INFO - Exporting env vars: AIRFLOW_CTX_DAG_OWNER='a.sorokin' AIRFLOW_CTX_DAG_ID='load_postgres' AIRFLOW_CTX_TASK_ID='check_parse' AIRFLOW_CTX_EXECUTION_DATE='2026-01-31T10:00:00+00:00' AIRFLOW_CTX_TRY_NUMBER='1' AIRFLOW_CTX_DAG_RUN_ID='scheduled__2026-01-31T10:00:00+00:00'
[2026-02-14T16:34:19.932+0000] {taskinstance.py:732} INFO - ::endgroup::
[2026-02-14T16:34:19.939+0000] {baseoperator.py:423} WARNING - ExternalTaskSensor.execute cannot be called outside TaskInstance!
[2026-02-14T16:34:19.944+0000] {external_task.py:274} INFO - Poking for DAG 'parse_iot' on 2026-01-31T10:00:00+00:00 ... 
[2026-02-14T16:34:19.945+0000] {warnings.py:109} WARNING - /home/***/.local/lib/python3.9/site-packages/***/utils/session.py:97: DeprecationWarning: This method is deprecated and will be removed in future.
  return func(*args, session=session, **kwargs)

[2026-02-14T16:34:19.961+0000] {taskinstance.py:310} INFO - Rescheduling task, marking task as UP_FOR_RESCHEDULE
[2026-02-14T16:34:19.961+0000] {taskinstance.py:341} INFO - ::group::Post task execution logs
[2026-02-14T16:34:19.987+0000] {local_task_job_runner.py:266} INFO - Task exited with return code 0
[2026-02-14T16:34:20.003+0000] {taskinstance.py:3901} INFO - 0 downstream tasks scheduled from follow-on schedule check
[2026-02-14T16:34:20.004+0000] {local_task_job_runner.py:245} INFO - ::endgroup::
[2026-02-14T17:47:14.641+0000] {local_task_job_runner.py:123} INFO - ::group::Pre task execution logs
[2026-02-14T17:47:14.654+0000] {taskinstance.py:2614} INFO - Dependencies all met for dep_context=non-requeueable deps ti=<TaskInstance: load_postgres.check_parse scheduled__2026-01-31T10:00:00+00:00 [queued]>
[2026-02-14T17:47:14.660+0000] {taskinstance.py:2614} INFO - Dependencies all met for dep_context=requeueable deps ti=<TaskInstance: load_postgres.check_parse scheduled__2026-01-31T10:00:00+00:00 [queued]>
[2026-02-14T17:47:14.660+0000] {taskinstance.py:2867} INFO - Starting attempt 1 of 4
[2026-02-14T17:47:14.667+0000] {taskinstance.py:2890} INFO - Executing <Task(ExternalTaskSensor): check_parse> on 2026-01-31 10:00:00+00:00
[2026-02-14T17:47:14.671+0000] {standard_task_runner.py:72} INFO - Started process 79 to run task
[2026-02-14T17:47:14.673+0000] {standard_task_runner.py:104} INFO - Running: ['***', 'tasks', 'run', 'load_postgres', 'check_parse', 'scheduled__2026-01-31T10:00:00+00:00', '--job-id', '3', '--raw', '--subdir', 'DAGS_FOLDER/load_postrges.py', '--cfg-path', '/tmp/tmpy9_thq1m']
[2026-02-14T17:47:14.674+0000] {standard_task_runner.py:105} INFO - Job 3: Subtask check_parse
[2026-02-14T17:47:14.683+0000] {warnings.py:109} WARNING - /home/***/.local/lib/python3.9/site-packages/***/settings.py:209: DeprecationWarning: The sql_alchemy_conn option in [core] has been moved to the sql_alchemy_conn option in [database] - the old setting has been used, but please update your config.
  SQL_ALCHEMY_CONN = conf.get("database", "SQL_ALCHEMY_CONN")

[2026-02-14T17:47:14.705+0000] {task_command.py:467} INFO - Running <TaskInstance: load_postgres.check_parse scheduled__2026-01-31T10:00:00+00:00 [running]> on host 9052c134cdec
[2026-02-14T17:47:14.706+0000] {warnings.py:109} WARNING - /home/***/.local/lib/python3.9/site-packages/***/settings.py:470: DeprecationWarning: The sql_alchemy_conn option in [core] has been moved to the sql_alchemy_conn option in [database] - the old setting has been used, but please update your config.
  if conf.get("database", "sql_alchemy_conn") == "none://":

[2026-02-14T17:47:14.750+0000] {taskinstance.py:3134} INFO - Exporting env vars: AIRFLOW_CTX_DAG_OWNER='a.sorokin' AIRFLOW_CTX_DAG_ID='load_postgres' AIRFLOW_CTX_TASK_ID='check_parse' AIRFLOW_CTX_EXECUTION_DATE='2026-01-31T10:00:00+00:00' AIRFLOW_CTX_TRY_NUMBER='1' AIRFLOW_CTX_DAG_RUN_ID='scheduled__2026-01-31T10:00:00+00:00'
[2026-02-14T17:47:14.750+0000] {taskinstance.py:732} INFO - ::endgroup::
[2026-02-14T17:47:14.757+0000] {baseoperator.py:423} WARNING - ExternalTaskSensor.execute cannot be called outside TaskInstance!
[2026-02-14T17:47:14.763+0000] {external_task.py:274} INFO - Poking for DAG 'parse_iot' on 2026-01-31T10:00:00+00:00 ... 
[2026-02-14T17:47:14.764+0000] {warnings.py:109} WARNING - /home/***/.local/lib/python3.9/site-packages/***/utils/session.py:97: DeprecationWarning: This method is deprecated and will be removed in future.
  return func(*args, session=session, **kwargs)

[2026-02-14T17:47:14.781+0000] {taskinstance.py:310} INFO - Rescheduling task, marking task as UP_FOR_RESCHEDULE
[2026-02-14T17:47:14.781+0000] {taskinstance.py:341} INFO - ::group::Post task execution logs
[2026-02-14T17:47:14.805+0000] {local_task_job_runner.py:266} INFO - Task exited with return code 0
[2026-02-14T17:47:14.822+0000] {taskinstance.py:3901} INFO - 0 downstream tasks scheduled from follow-on schedule check
[2026-02-14T17:47:14.823+0000] {local_task_job_runner.py:245} INFO - ::endgroup::
[2026-02-14T17:48:17.700+0000] {local_task_job_runner.py:123} INFO - ::group::Pre task execution logs
[2026-02-14T17:48:17.713+0000] {taskinstance.py:2614} INFO - Dependencies all met for dep_context=non-requeueable deps ti=<TaskInstance: load_postgres.check_parse scheduled__2026-01-31T10:00:00+00:00 [queued]>
[2026-02-14T17:48:17.719+0000] {taskinstance.py:2614} INFO - Dependencies all met for dep_context=requeueable deps ti=<TaskInstance: load_postgres.check_parse scheduled__2026-01-31T10:00:00+00:00 [queued]>
[2026-02-14T17:48:17.719+0000] {taskinstance.py:2867} INFO - Starting attempt 1 of 4
[2026-02-14T17:48:17.725+0000] {taskinstance.py:2890} INFO - Executing <Task(ExternalTaskSensor): check_parse> on 2026-01-31 10:00:00+00:00
[2026-02-14T17:48:17.730+0000] {standard_task_runner.py:72} INFO - Started process 203 to run task
[2026-02-14T17:48:17.732+0000] {standard_task_runner.py:104} INFO - Running: ['***', 'tasks', 'run', 'load_postgres', 'check_parse', 'scheduled__2026-01-31T10:00:00+00:00', '--job-id', '34', '--raw', '--subdir', 'DAGS_FOLDER/load_postrges.py', '--cfg-path', '/tmp/tmps57wr1e2']
[2026-02-14T17:48:17.733+0000] {standard_task_runner.py:105} INFO - Job 34: Subtask check_parse
[2026-02-14T17:48:17.742+0000] {warnings.py:109} WARNING - /home/***/.local/lib/python3.9/site-packages/***/settings.py:209: DeprecationWarning: The sql_alchemy_conn option in [core] has been moved to the sql_alchemy_conn option in [database] - the old setting has been used, but please update your config.
  SQL_ALCHEMY_CONN = conf.get("database", "SQL_ALCHEMY_CONN")

[2026-02-14T17:48:17.764+0000] {task_command.py:467} INFO - Running <TaskInstance: load_postgres.check_parse scheduled__2026-01-31T10:00:00+00:00 [running]> on host 9052c134cdec
[2026-02-14T17:48:17.764+0000] {warnings.py:109} WARNING - /home/***/.local/lib/python3.9/site-packages/***/settings.py:470: DeprecationWarning: The sql_alchemy_conn option in [core] has been moved to the sql_alchemy_conn option in [database] - the old setting has been used, but please update your config.
  if conf.get("database", "sql_alchemy_conn") == "none://":

[2026-02-14T17:48:17.806+0000] {taskinstance.py:3134} INFO - Exporting env vars: AIRFLOW_CTX_DAG_OWNER='a.sorokin' AIRFLOW_CTX_DAG_ID='load_postgres' AIRFLOW_CTX_TASK_ID='check_parse' AIRFLOW_CTX_EXECUTION_DATE='2026-01-31T10:00:00+00:00' AIRFLOW_CTX_TRY_NUMBER='1' AIRFLOW_CTX_DAG_RUN_ID='scheduled__2026-01-31T10:00:00+00:00'
[2026-02-14T17:48:17.806+0000] {taskinstance.py:732} INFO - ::endgroup::
[2026-02-14T17:48:17.814+0000] {baseoperator.py:423} WARNING - ExternalTaskSensor.execute cannot be called outside TaskInstance!
[2026-02-14T17:48:17.819+0000] {external_task.py:274} INFO - Poking for DAG 'parse_iot' on 2026-01-31T10:00:00+00:00 ... 
[2026-02-14T17:48:17.820+0000] {warnings.py:109} WARNING - /home/***/.local/lib/python3.9/site-packages/***/utils/session.py:97: DeprecationWarning: This method is deprecated and will be removed in future.
  return func(*args, session=session, **kwargs)

[2026-02-14T17:48:17.837+0000] {taskinstance.py:310} INFO - Rescheduling task, marking task as UP_FOR_RESCHEDULE
[2026-02-14T17:48:17.837+0000] {taskinstance.py:341} INFO - ::group::Post task execution logs
[2026-02-14T17:48:17.863+0000] {local_task_job_runner.py:266} INFO - Task exited with return code 0
[2026-02-14T17:48:17.882+0000] {taskinstance.py:3901} INFO - 0 downstream tasks scheduled from follow-on schedule check
[2026-02-14T17:48:17.883+0000] {local_task_job_runner.py:245} INFO - ::endgroup::
[2026-02-14T17:49:20.477+0000] {local_task_job_runner.py:123} INFO - ::group::Pre task execution logs
[2026-02-14T17:49:20.491+0000] {taskinstance.py:2614} INFO - Dependencies all met for dep_context=non-requeueable deps ti=<TaskInstance: load_postgres.check_parse scheduled__2026-01-31T10:00:00+00:00 [queued]>
[2026-02-14T17:49:20.497+0000] {taskinstance.py:2614} INFO - Dependencies all met for dep_context=requeueable deps ti=<TaskInstance: load_postgres.check_parse scheduled__2026-01-31T10:00:00+00:00 [queued]>
[2026-02-14T17:49:20.497+0000] {taskinstance.py:2867} INFO - Starting attempt 1 of 4
[2026-02-14T17:49:20.504+0000] {taskinstance.py:2890} INFO - Executing <Task(ExternalTaskSensor): check_parse> on 2026-01-31 10:00:00+00:00
[2026-02-14T17:49:20.509+0000] {standard_task_runner.py:72} INFO - Started process 381 to run task
[2026-02-14T17:49:20.511+0000] {standard_task_runner.py:104} INFO - Running: ['***', 'tasks', 'run', 'load_postgres', 'check_parse', 'scheduled__2026-01-31T10:00:00+00:00', '--job-id', '78', '--raw', '--subdir', 'DAGS_FOLDER/load_postrges.py', '--cfg-path', '/tmp/tmpsudii_kz']
[2026-02-14T17:49:20.513+0000] {standard_task_runner.py:105} INFO - Job 78: Subtask check_parse
[2026-02-14T17:49:20.520+0000] {warnings.py:109} WARNING - /home/***/.local/lib/python3.9/site-packages/***/settings.py:209: DeprecationWarning: The sql_alchemy_conn option in [core] has been moved to the sql_alchemy_conn option in [database] - the old setting has been used, but please update your config.
  SQL_ALCHEMY_CONN = conf.get("database", "SQL_ALCHEMY_CONN")

[2026-02-14T17:49:20.544+0000] {task_command.py:467} INFO - Running <TaskInstance: load_postgres.check_parse scheduled__2026-01-31T10:00:00+00:00 [running]> on host 9052c134cdec
[2026-02-14T17:49:20.545+0000] {warnings.py:109} WARNING - /home/***/.local/lib/python3.9/site-packages/***/settings.py:470: DeprecationWarning: The sql_alchemy_conn option in [core] has been moved to the sql_alchemy_conn option in [database] - the old setting has been used, but please update your config.
  if conf.get("database", "sql_alchemy_conn") == "none://":

[2026-02-14T17:49:20.600+0000] {taskinstance.py:3134} INFO - Exporting env vars: AIRFLOW_CTX_DAG_OWNER='a.sorokin' AIRFLOW_CTX_DAG_ID='load_postgres' AIRFLOW_CTX_TASK_ID='check_parse' AIRFLOW_CTX_EXECUTION_DATE='2026-01-31T10:00:00+00:00' AIRFLOW_CTX_TRY_NUMBER='1' AIRFLOW_CTX_DAG_RUN_ID='scheduled__2026-01-31T10:00:00+00:00'
[2026-02-14T17:49:20.601+0000] {taskinstance.py:732} INFO - ::endgroup::
[2026-02-14T17:49:20.608+0000] {baseoperator.py:423} WARNING - ExternalTaskSensor.execute cannot be called outside TaskInstance!
[2026-02-14T17:49:20.615+0000] {external_task.py:274} INFO - Poking for DAG 'parse_iot' on 2026-01-31T10:00:00+00:00 ... 
[2026-02-14T17:49:20.616+0000] {warnings.py:109} WARNING - /home/***/.local/lib/python3.9/site-packages/***/utils/session.py:97: DeprecationWarning: This method is deprecated and will be removed in future.
  return func(*args, session=session, **kwargs)

[2026-02-14T17:49:20.635+0000] {taskinstance.py:310} INFO - Rescheduling task, marking task as UP_FOR_RESCHEDULE
[2026-02-14T17:49:20.635+0000] {taskinstance.py:341} INFO - ::group::Post task execution logs
[2026-02-14T17:49:20.643+0000] {local_task_job_runner.py:266} INFO - Task exited with return code 0
[2026-02-14T17:49:20.660+0000] {taskinstance.py:3901} INFO - 0 downstream tasks scheduled from follow-on schedule check
[2026-02-14T17:49:20.661+0000] {local_task_job_runner.py:245} INFO - ::endgroup::
[2026-02-14T17:50:22.740+0000] {local_task_job_runner.py:123} INFO - ::group::Pre task execution logs
[2026-02-14T17:50:22.754+0000] {taskinstance.py:2614} INFO - Dependencies all met for dep_context=non-requeueable deps ti=<TaskInstance: load_postgres.check_parse scheduled__2026-01-31T10:00:00+00:00 [queued]>
[2026-02-14T17:50:22.761+0000] {taskinstance.py:2614} INFO - Dependencies all met for dep_context=requeueable deps ti=<TaskInstance: load_postgres.check_parse scheduled__2026-01-31T10:00:00+00:00 [queued]>
[2026-02-14T17:50:22.761+0000] {taskinstance.py:2867} INFO - Starting attempt 1 of 4
[2026-02-14T17:50:22.768+0000] {taskinstance.py:2890} INFO - Executing <Task(ExternalTaskSensor): check_parse> on 2026-01-31 10:00:00+00:00
[2026-02-14T17:50:22.772+0000] {standard_task_runner.py:72} INFO - Started process 487 to run task
[2026-02-14T17:50:22.774+0000] {standard_task_runner.py:104} INFO - Running: ['***', 'tasks', 'run', 'load_postgres', 'check_parse', 'scheduled__2026-01-31T10:00:00+00:00', '--job-id', '105', '--raw', '--subdir', 'DAGS_FOLDER/load_postrges.py', '--cfg-path', '/tmp/tmp7iccmvdl']
[2026-02-14T17:50:22.776+0000] {standard_task_runner.py:105} INFO - Job 105: Subtask check_parse
[2026-02-14T17:50:22.784+0000] {warnings.py:109} WARNING - /home/***/.local/lib/python3.9/site-packages/***/settings.py:209: DeprecationWarning: The sql_alchemy_conn option in [core] has been moved to the sql_alchemy_conn option in [database] - the old setting has been used, but please update your config.
  SQL_ALCHEMY_CONN = conf.get("database", "SQL_ALCHEMY_CONN")

[2026-02-14T17:50:22.807+0000] {task_command.py:467} INFO - Running <TaskInstance: load_postgres.check_parse scheduled__2026-01-31T10:00:00+00:00 [running]> on host 9052c134cdec
[2026-02-14T17:50:22.808+0000] {warnings.py:109} WARNING - /home/***/.local/lib/python3.9/site-packages/***/settings.py:470: DeprecationWarning: The sql_alchemy_conn option in [core] has been moved to the sql_alchemy_conn option in [database] - the old setting has been used, but please update your config.
  if conf.get("database", "sql_alchemy_conn") == "none://":

[2026-02-14T17:50:22.851+0000] {taskinstance.py:3134} INFO - Exporting env vars: AIRFLOW_CTX_DAG_OWNER='a.sorokin' AIRFLOW_CTX_DAG_ID='load_postgres' AIRFLOW_CTX_TASK_ID='check_parse' AIRFLOW_CTX_EXECUTION_DATE='2026-01-31T10:00:00+00:00' AIRFLOW_CTX_TRY_NUMBER='1' AIRFLOW_CTX_DAG_RUN_ID='scheduled__2026-01-31T10:00:00+00:00'
[2026-02-14T17:50:22.851+0000] {taskinstance.py:732} INFO - ::endgroup::
[2026-02-14T17:50:22.859+0000] {baseoperator.py:423} WARNING - ExternalTaskSensor.execute cannot be called outside TaskInstance!
[2026-02-14T17:50:22.865+0000] {external_task.py:274} INFO - Poking for DAG 'parse_iot' on 2026-01-31T10:00:00+00:00 ... 
[2026-02-14T17:50:22.865+0000] {warnings.py:109} WARNING - /home/***/.local/lib/python3.9/site-packages/***/utils/session.py:97: DeprecationWarning: This method is deprecated and will be removed in future.
  return func(*args, session=session, **kwargs)

[2026-02-14T17:50:22.882+0000] {taskinstance.py:310} INFO - Rescheduling task, marking task as UP_FOR_RESCHEDULE
[2026-02-14T17:50:22.883+0000] {taskinstance.py:341} INFO - ::group::Post task execution logs
[2026-02-14T17:50:22.906+0000] {local_task_job_runner.py:266} INFO - Task exited with return code 0
[2026-02-14T17:50:22.923+0000] {taskinstance.py:3901} INFO - 0 downstream tasks scheduled from follow-on schedule check
[2026-02-14T17:50:22.924+0000] {local_task_job_runner.py:245} INFO - ::endgroup::
[2026-02-14T17:51:24.720+0000] {local_task_job_runner.py:123} INFO - ::group::Pre task execution logs
[2026-02-14T17:51:24.734+0000] {taskinstance.py:2614} INFO - Dependencies all met for dep_context=non-requeueable deps ti=<TaskInstance: load_postgres.check_parse scheduled__2026-01-31T10:00:00+00:00 [queued]>
[2026-02-14T17:51:24.741+0000] {taskinstance.py:2614} INFO - Dependencies all met for dep_context=requeueable deps ti=<TaskInstance: load_postgres.check_parse scheduled__2026-01-31T10:00:00+00:00 [queued]>
[2026-02-14T17:51:24.741+0000] {taskinstance.py:2867} INFO - Starting attempt 1 of 4
[2026-02-14T17:51:24.749+0000] {taskinstance.py:2890} INFO - Executing <Task(ExternalTaskSensor): check_parse> on 2026-01-31 10:00:00+00:00
[2026-02-14T17:51:24.753+0000] {standard_task_runner.py:72} INFO - Started process 581 to run task
[2026-02-14T17:51:24.755+0000] {standard_task_runner.py:104} INFO - Running: ['***', 'tasks', 'run', 'load_postgres', 'check_parse', 'scheduled__2026-01-31T10:00:00+00:00', '--job-id', '128', '--raw', '--subdir', 'DAGS_FOLDER/load_postrges.py', '--cfg-path', '/tmp/tmpn05swj_s']
[2026-02-14T17:51:24.757+0000] {standard_task_runner.py:105} INFO - Job 128: Subtask check_parse
[2026-02-14T17:51:24.766+0000] {warnings.py:109} WARNING - /home/***/.local/lib/python3.9/site-packages/***/settings.py:209: DeprecationWarning: The sql_alchemy_conn option in [core] has been moved to the sql_alchemy_conn option in [database] - the old setting has been used, but please update your config.
  SQL_ALCHEMY_CONN = conf.get("database", "SQL_ALCHEMY_CONN")

[2026-02-14T17:51:24.790+0000] {task_command.py:467} INFO - Running <TaskInstance: load_postgres.check_parse scheduled__2026-01-31T10:00:00+00:00 [running]> on host 9052c134cdec
[2026-02-14T17:51:24.790+0000] {warnings.py:109} WARNING - /home/***/.local/lib/python3.9/site-packages/***/settings.py:470: DeprecationWarning: The sql_alchemy_conn option in [core] has been moved to the sql_alchemy_conn option in [database] - the old setting has been used, but please update your config.
  if conf.get("database", "sql_alchemy_conn") == "none://":

[2026-02-14T17:51:24.837+0000] {taskinstance.py:3134} INFO - Exporting env vars: AIRFLOW_CTX_DAG_OWNER='a.sorokin' AIRFLOW_CTX_DAG_ID='load_postgres' AIRFLOW_CTX_TASK_ID='check_parse' AIRFLOW_CTX_EXECUTION_DATE='2026-01-31T10:00:00+00:00' AIRFLOW_CTX_TRY_NUMBER='1' AIRFLOW_CTX_DAG_RUN_ID='scheduled__2026-01-31T10:00:00+00:00'
[2026-02-14T17:51:24.838+0000] {taskinstance.py:732} INFO - ::endgroup::
[2026-02-14T17:51:24.845+0000] {baseoperator.py:423} WARNING - ExternalTaskSensor.execute cannot be called outside TaskInstance!
[2026-02-14T17:51:24.852+0000] {external_task.py:274} INFO - Poking for DAG 'parse_iot' on 2026-01-31T10:00:00+00:00 ... 
[2026-02-14T17:51:24.852+0000] {warnings.py:109} WARNING - /home/***/.local/lib/python3.9/site-packages/***/utils/session.py:97: DeprecationWarning: This method is deprecated and will be removed in future.
  return func(*args, session=session, **kwargs)

[2026-02-14T17:51:24.872+0000] {taskinstance.py:310} INFO - Rescheduling task, marking task as UP_FOR_RESCHEDULE
[2026-02-14T17:51:24.872+0000] {taskinstance.py:341} INFO - ::group::Post task execution logs
[2026-02-14T17:51:24.887+0000] {local_task_job_runner.py:266} INFO - Task exited with return code 0
[2026-02-14T17:51:24.907+0000] {taskinstance.py:3901} INFO - 0 downstream tasks scheduled from follow-on schedule check
[2026-02-14T17:51:24.908+0000] {local_task_job_runner.py:245} INFO - ::endgroup::
[2026-02-14T17:52:26.264+0000] {local_task_job_runner.py:123} INFO - ::group::Pre task execution logs
[2026-02-14T17:52:26.278+0000] {taskinstance.py:2614} INFO - Dependencies all met for dep_context=non-requeueable deps ti=<TaskInstance: load_postgres.check_parse scheduled__2026-01-31T10:00:00+00:00 [queued]>
[2026-02-14T17:52:26.284+0000] {taskinstance.py:2614} INFO - Dependencies all met for dep_context=requeueable deps ti=<TaskInstance: load_postgres.check_parse scheduled__2026-01-31T10:00:00+00:00 [queued]>
[2026-02-14T17:52:26.284+0000] {taskinstance.py:2867} INFO - Starting attempt 1 of 4
[2026-02-14T17:52:26.291+0000] {taskinstance.py:2890} INFO - Executing <Task(ExternalTaskSensor): check_parse> on 2026-01-31 10:00:00+00:00
[2026-02-14T17:52:26.296+0000] {standard_task_runner.py:72} INFO - Started process 737 to run task
[2026-02-14T17:52:26.298+0000] {standard_task_runner.py:104} INFO - Running: ['***', 'tasks', 'run', 'load_postgres', 'check_parse', 'scheduled__2026-01-31T10:00:00+00:00', '--job-id', '167', '--raw', '--subdir', 'DAGS_FOLDER/load_postrges.py', '--cfg-path', '/tmp/tmpjdqzfvbn']
[2026-02-14T17:52:26.299+0000] {standard_task_runner.py:105} INFO - Job 167: Subtask check_parse
[2026-02-14T17:52:26.308+0000] {warnings.py:109} WARNING - /home/***/.local/lib/python3.9/site-packages/***/settings.py:209: DeprecationWarning: The sql_alchemy_conn option in [core] has been moved to the sql_alchemy_conn option in [database] - the old setting has been used, but please update your config.
  SQL_ALCHEMY_CONN = conf.get("database", "SQL_ALCHEMY_CONN")

[2026-02-14T17:52:26.333+0000] {task_command.py:467} INFO - Running <TaskInstance: load_postgres.check_parse scheduled__2026-01-31T10:00:00+00:00 [running]> on host 9052c134cdec
[2026-02-14T17:52:26.333+0000] {warnings.py:109} WARNING - /home/***/.local/lib/python3.9/site-packages/***/settings.py:470: DeprecationWarning: The sql_alchemy_conn option in [core] has been moved to the sql_alchemy_conn option in [database] - the old setting has been used, but please update your config.
  if conf.get("database", "sql_alchemy_conn") == "none://":

[2026-02-14T17:52:26.381+0000] {taskinstance.py:3134} INFO - Exporting env vars: AIRFLOW_CTX_DAG_OWNER='a.sorokin' AIRFLOW_CTX_DAG_ID='load_postgres' AIRFLOW_CTX_TASK_ID='check_parse' AIRFLOW_CTX_EXECUTION_DATE='2026-01-31T10:00:00+00:00' AIRFLOW_CTX_TRY_NUMBER='1' AIRFLOW_CTX_DAG_RUN_ID='scheduled__2026-01-31T10:00:00+00:00'
[2026-02-14T17:52:26.382+0000] {taskinstance.py:732} INFO - ::endgroup::
[2026-02-14T17:52:26.389+0000] {baseoperator.py:423} WARNING - ExternalTaskSensor.execute cannot be called outside TaskInstance!
[2026-02-14T17:52:26.395+0000] {external_task.py:274} INFO - Poking for DAG 'parse_iot' on 2026-01-31T10:00:00+00:00 ... 
[2026-02-14T17:52:26.395+0000] {warnings.py:109} WARNING - /home/***/.local/lib/python3.9/site-packages/***/utils/session.py:97: DeprecationWarning: This method is deprecated and will be removed in future.
  return func(*args, session=session, **kwargs)

[2026-02-14T17:52:26.401+0000] {base.py:339} INFO - Success criteria met. Exiting.
[2026-02-14T17:52:26.408+0000] {taskinstance.py:341} INFO - ::group::Post task execution logs
[2026-02-14T17:52:26.408+0000] {taskinstance.py:353} INFO - Marking task as SUCCESS. dag_id=load_postgres, task_id=check_parse, run_id=scheduled__2026-01-31T10:00:00+00:00, execution_date=20260131T100000, start_date=20260214T175226, end_date=20260214T175226
[2026-02-14T17:52:26.470+0000] {local_task_job_runner.py:266} INFO - Task exited with return code 0
[2026-02-14T17:52:26.477+0000] {local_task_job_runner.py:245} INFO - ::endgroup::
[2026-02-14T18:12:35.311+0000] {local_task_job_runner.py:123} INFO - ::group::Pre task execution logs
[2026-02-14T18:12:35.325+0000] {taskinstance.py:2614} INFO - Dependencies all met for dep_context=non-requeueable deps ti=<TaskInstance: load_postgres.check_parse scheduled__2026-01-31T10:00:00+00:00 [queued]>
[2026-02-14T18:12:35.331+0000] {taskinstance.py:2614} INFO - Dependencies all met for dep_context=requeueable deps ti=<TaskInstance: load_postgres.check_parse scheduled__2026-01-31T10:00:00+00:00 [queued]>
[2026-02-14T18:12:35.331+0000] {taskinstance.py:2867} INFO - Starting attempt 1 of 4
[2026-02-14T18:12:35.339+0000] {taskinstance.py:2890} INFO - Executing <Task(ExternalTaskSensor): check_parse> on 2026-01-31 10:00:00+00:00
[2026-02-14T18:12:35.343+0000] {standard_task_runner.py:72} INFO - Started process 88 to run task
[2026-02-14T18:12:35.345+0000] {standard_task_runner.py:104} INFO - Running: ['***', 'tasks', 'run', 'load_postgres', 'check_parse', 'scheduled__2026-01-31T10:00:00+00:00', '--job-id', '5', '--raw', '--subdir', 'DAGS_FOLDER/load_postrges.py', '--cfg-path', '/tmp/tmp44z37h26']
[2026-02-14T18:12:35.346+0000] {standard_task_runner.py:105} INFO - Job 5: Subtask check_parse
[2026-02-14T18:12:35.355+0000] {warnings.py:109} WARNING - /home/***/.local/lib/python3.9/site-packages/***/settings.py:209: DeprecationWarning: The sql_alchemy_conn option in [core] has been moved to the sql_alchemy_conn option in [database] - the old setting has been used, but please update your config.
  SQL_ALCHEMY_CONN = conf.get("database", "SQL_ALCHEMY_CONN")

[2026-02-14T18:12:35.379+0000] {task_command.py:467} INFO - Running <TaskInstance: load_postgres.check_parse scheduled__2026-01-31T10:00:00+00:00 [running]> on host bb762b62a2c2
[2026-02-14T18:12:35.380+0000] {warnings.py:109} WARNING - /home/***/.local/lib/python3.9/site-packages/***/settings.py:470: DeprecationWarning: The sql_alchemy_conn option in [core] has been moved to the sql_alchemy_conn option in [database] - the old setting has been used, but please update your config.
  if conf.get("database", "sql_alchemy_conn") == "none://":

[2026-02-14T18:12:35.428+0000] {taskinstance.py:3134} INFO - Exporting env vars: AIRFLOW_CTX_DAG_OWNER='a.sorokin' AIRFLOW_CTX_DAG_ID='load_postgres' AIRFLOW_CTX_TASK_ID='check_parse' AIRFLOW_CTX_EXECUTION_DATE='2026-01-31T10:00:00+00:00' AIRFLOW_CTX_TRY_NUMBER='1' AIRFLOW_CTX_DAG_RUN_ID='scheduled__2026-01-31T10:00:00+00:00'
[2026-02-14T18:12:35.429+0000] {taskinstance.py:732} INFO - ::endgroup::
[2026-02-14T18:12:35.436+0000] {baseoperator.py:423} WARNING - ExternalTaskSensor.execute cannot be called outside TaskInstance!
[2026-02-14T18:12:35.442+0000] {external_task.py:274} INFO - Poking for DAG 'parse_iot' on 2026-01-31T10:00:00+00:00 ... 
[2026-02-14T18:12:35.443+0000] {warnings.py:109} WARNING - /home/***/.local/lib/python3.9/site-packages/***/utils/session.py:97: DeprecationWarning: This method is deprecated and will be removed in future.
  return func(*args, session=session, **kwargs)

[2026-02-14T18:12:35.462+0000] {taskinstance.py:310} INFO - Rescheduling task, marking task as UP_FOR_RESCHEDULE
[2026-02-14T18:12:35.463+0000] {taskinstance.py:341} INFO - ::group::Post task execution logs
[2026-02-14T18:12:35.477+0000] {local_task_job_runner.py:266} INFO - Task exited with return code 0
[2026-02-14T18:12:35.496+0000] {taskinstance.py:3901} INFO - 0 downstream tasks scheduled from follow-on schedule check
[2026-02-14T18:12:35.497+0000] {local_task_job_runner.py:245} INFO - ::endgroup::
[2026-02-14T18:13:37.868+0000] {local_task_job_runner.py:123} INFO - ::group::Pre task execution logs
[2026-02-14T18:13:37.882+0000] {taskinstance.py:2614} INFO - Dependencies all met for dep_context=non-requeueable deps ti=<TaskInstance: load_postgres.check_parse scheduled__2026-01-31T10:00:00+00:00 [queued]>
[2026-02-14T18:13:37.888+0000] {taskinstance.py:2614} INFO - Dependencies all met for dep_context=requeueable deps ti=<TaskInstance: load_postgres.check_parse scheduled__2026-01-31T10:00:00+00:00 [queued]>
[2026-02-14T18:13:37.889+0000] {taskinstance.py:2867} INFO - Starting attempt 1 of 4
[2026-02-14T18:13:37.896+0000] {taskinstance.py:2890} INFO - Executing <Task(ExternalTaskSensor): check_parse> on 2026-01-31 10:00:00+00:00
[2026-02-14T18:13:37.901+0000] {standard_task_runner.py:72} INFO - Started process 225 to run task
[2026-02-14T18:13:37.903+0000] {standard_task_runner.py:104} INFO - Running: ['***', 'tasks', 'run', 'load_postgres', 'check_parse', 'scheduled__2026-01-31T10:00:00+00:00', '--job-id', '39', '--raw', '--subdir', 'DAGS_FOLDER/load_postrges.py', '--cfg-path', '/tmp/tmpru9_ssbk']
[2026-02-14T18:13:37.904+0000] {standard_task_runner.py:105} INFO - Job 39: Subtask check_parse
[2026-02-14T18:13:37.913+0000] {warnings.py:109} WARNING - /home/***/.local/lib/python3.9/site-packages/***/settings.py:209: DeprecationWarning: The sql_alchemy_conn option in [core] has been moved to the sql_alchemy_conn option in [database] - the old setting has been used, but please update your config.
  SQL_ALCHEMY_CONN = conf.get("database", "SQL_ALCHEMY_CONN")

[2026-02-14T18:13:37.938+0000] {task_command.py:467} INFO - Running <TaskInstance: load_postgres.check_parse scheduled__2026-01-31T10:00:00+00:00 [running]> on host bb762b62a2c2
[2026-02-14T18:13:37.938+0000] {warnings.py:109} WARNING - /home/***/.local/lib/python3.9/site-packages/***/settings.py:470: DeprecationWarning: The sql_alchemy_conn option in [core] has been moved to the sql_alchemy_conn option in [database] - the old setting has been used, but please update your config.
  if conf.get("database", "sql_alchemy_conn") == "none://":

[2026-02-14T18:13:37.983+0000] {taskinstance.py:3134} INFO - Exporting env vars: AIRFLOW_CTX_DAG_OWNER='a.sorokin' AIRFLOW_CTX_DAG_ID='load_postgres' AIRFLOW_CTX_TASK_ID='check_parse' AIRFLOW_CTX_EXECUTION_DATE='2026-01-31T10:00:00+00:00' AIRFLOW_CTX_TRY_NUMBER='1' AIRFLOW_CTX_DAG_RUN_ID='scheduled__2026-01-31T10:00:00+00:00'
[2026-02-14T18:13:37.984+0000] {taskinstance.py:732} INFO - ::endgroup::
[2026-02-14T18:13:37.991+0000] {baseoperator.py:423} WARNING - ExternalTaskSensor.execute cannot be called outside TaskInstance!
[2026-02-14T18:13:37.997+0000] {external_task.py:274} INFO - Poking for DAG 'parse_iot' on 2026-01-31T10:00:00+00:00 ... 
[2026-02-14T18:13:37.997+0000] {warnings.py:109} WARNING - /home/***/.local/lib/python3.9/site-packages/***/utils/session.py:97: DeprecationWarning: This method is deprecated and will be removed in future.
  return func(*args, session=session, **kwargs)

[2026-02-14T18:13:38.015+0000] {taskinstance.py:310} INFO - Rescheduling task, marking task as UP_FOR_RESCHEDULE
[2026-02-14T18:13:38.016+0000] {taskinstance.py:341} INFO - ::group::Post task execution logs
[2026-02-14T18:13:38.035+0000] {local_task_job_runner.py:266} INFO - Task exited with return code 0
[2026-02-14T18:13:38.054+0000] {taskinstance.py:3901} INFO - 0 downstream tasks scheduled from follow-on schedule check
[2026-02-14T18:13:38.055+0000] {local_task_job_runner.py:245} INFO - ::endgroup::
[2026-02-14T18:15:47.757+0000] {local_task_job_runner.py:123} INFO - ::group::Pre task execution logs
[2026-02-14T18:15:47.776+0000] {taskinstance.py:2614} INFO - Dependencies all met for dep_context=non-requeueable deps ti=<TaskInstance: load_postgres.check_parse scheduled__2026-01-31T10:00:00+00:00 [queued]>
[2026-02-14T18:15:47.785+0000] {taskinstance.py:2614} INFO - Dependencies all met for dep_context=requeueable deps ti=<TaskInstance: load_postgres.check_parse scheduled__2026-01-31T10:00:00+00:00 [queued]>
[2026-02-14T18:15:47.785+0000] {taskinstance.py:2867} INFO - Starting attempt 1 of 4
[2026-02-14T18:15:47.793+0000] {taskinstance.py:2890} INFO - Executing <Task(ExternalTaskSensor): check_parse> on 2026-01-31 10:00:00+00:00
[2026-02-14T18:15:47.799+0000] {standard_task_runner.py:72} INFO - Started process 411 to run task
[2026-02-14T18:15:47.801+0000] {standard_task_runner.py:104} INFO - Running: ['***', 'tasks', 'run', 'load_postgres', 'check_parse', 'scheduled__2026-01-31T10:00:00+00:00', '--job-id', '86', '--raw', '--subdir', 'DAGS_FOLDER/load_postrges.py', '--cfg-path', '/tmp/tmp1v2co1hu']
[2026-02-14T18:15:47.803+0000] {standard_task_runner.py:105} INFO - Job 86: Subtask check_parse
[2026-02-14T18:15:47.812+0000] {warnings.py:109} WARNING - /home/***/.local/lib/python3.9/site-packages/***/settings.py:209: DeprecationWarning: The sql_alchemy_conn option in [core] has been moved to the sql_alchemy_conn option in [database] - the old setting has been used, but please update your config.
  SQL_ALCHEMY_CONN = conf.get("database", "SQL_ALCHEMY_CONN")

[2026-02-14T18:15:47.839+0000] {task_command.py:467} INFO - Running <TaskInstance: load_postgres.check_parse scheduled__2026-01-31T10:00:00+00:00 [running]> on host bb762b62a2c2
[2026-02-14T18:15:47.839+0000] {warnings.py:109} WARNING - /home/***/.local/lib/python3.9/site-packages/***/settings.py:470: DeprecationWarning: The sql_alchemy_conn option in [core] has been moved to the sql_alchemy_conn option in [database] - the old setting has been used, but please update your config.
  if conf.get("database", "sql_alchemy_conn") == "none://":

[2026-02-14T18:15:47.891+0000] {taskinstance.py:3134} INFO - Exporting env vars: AIRFLOW_CTX_DAG_OWNER='a.sorokin' AIRFLOW_CTX_DAG_ID='load_postgres' AIRFLOW_CTX_TASK_ID='check_parse' AIRFLOW_CTX_EXECUTION_DATE='2026-01-31T10:00:00+00:00' AIRFLOW_CTX_TRY_NUMBER='1' AIRFLOW_CTX_DAG_RUN_ID='scheduled__2026-01-31T10:00:00+00:00'
[2026-02-14T18:15:47.892+0000] {taskinstance.py:732} INFO - ::endgroup::
[2026-02-14T18:15:47.899+0000] {baseoperator.py:423} WARNING - ExternalTaskSensor.execute cannot be called outside TaskInstance!
[2026-02-14T18:15:47.905+0000] {external_task.py:274} INFO - Poking for DAG 'parse_iot' on 2026-01-31T10:00:00+00:00 ... 
[2026-02-14T18:15:47.905+0000] {warnings.py:109} WARNING - /home/***/.local/lib/python3.9/site-packages/***/utils/session.py:97: DeprecationWarning: This method is deprecated and will be removed in future.
  return func(*args, session=session, **kwargs)

[2026-02-14T18:15:47.928+0000] {taskinstance.py:310} INFO - Rescheduling task, marking task as UP_FOR_RESCHEDULE
[2026-02-14T18:15:47.928+0000] {taskinstance.py:341} INFO - ::group::Post task execution logs
[2026-02-14T18:15:47.973+0000] {local_task_job_runner.py:266} INFO - Task exited with return code 0
[2026-02-14T18:15:47.990+0000] {taskinstance.py:3901} INFO - 0 downstream tasks scheduled from follow-on schedule check
[2026-02-14T18:15:47.996+0000] {local_task_job_runner.py:245} INFO - ::endgroup::
[2026-02-14T18:16:49.453+0000] {local_task_job_runner.py:123} INFO - ::group::Pre task execution logs
[2026-02-14T18:16:49.467+0000] {taskinstance.py:2614} INFO - Dependencies all met for dep_context=non-requeueable deps ti=<TaskInstance: load_postgres.check_parse scheduled__2026-01-31T10:00:00+00:00 [queued]>
[2026-02-14T18:16:49.473+0000] {taskinstance.py:2614} INFO - Dependencies all met for dep_context=requeueable deps ti=<TaskInstance: load_postgres.check_parse scheduled__2026-01-31T10:00:00+00:00 [queued]>
[2026-02-14T18:16:49.473+0000] {taskinstance.py:2867} INFO - Starting attempt 1 of 4
[2026-02-14T18:16:49.480+0000] {taskinstance.py:2890} INFO - Executing <Task(ExternalTaskSensor): check_parse> on 2026-01-31 10:00:00+00:00
[2026-02-14T18:16:49.485+0000] {standard_task_runner.py:72} INFO - Started process 517 to run task
[2026-02-14T18:16:49.487+0000] {standard_task_runner.py:104} INFO - Running: ['***', 'tasks', 'run', 'load_postgres', 'check_parse', 'scheduled__2026-01-31T10:00:00+00:00', '--job-id', '112', '--raw', '--subdir', 'DAGS_FOLDER/load_postrges.py', '--cfg-path', '/tmp/tmp0jpj3xwo']
[2026-02-14T18:16:49.491+0000] {standard_task_runner.py:105} INFO - Job 112: Subtask check_parse
[2026-02-14T18:16:49.500+0000] {warnings.py:109} WARNING - /home/***/.local/lib/python3.9/site-packages/***/settings.py:209: DeprecationWarning: The sql_alchemy_conn option in [core] has been moved to the sql_alchemy_conn option in [database] - the old setting has been used, but please update your config.
  SQL_ALCHEMY_CONN = conf.get("database", "SQL_ALCHEMY_CONN")

[2026-02-14T18:16:49.526+0000] {task_command.py:467} INFO - Running <TaskInstance: load_postgres.check_parse scheduled__2026-01-31T10:00:00+00:00 [running]> on host bb762b62a2c2
[2026-02-14T18:16:49.527+0000] {warnings.py:109} WARNING - /home/***/.local/lib/python3.9/site-packages/***/settings.py:470: DeprecationWarning: The sql_alchemy_conn option in [core] has been moved to the sql_alchemy_conn option in [database] - the old setting has been used, but please update your config.
  if conf.get("database", "sql_alchemy_conn") == "none://":

[2026-02-14T18:16:49.587+0000] {taskinstance.py:3134} INFO - Exporting env vars: AIRFLOW_CTX_DAG_OWNER='a.sorokin' AIRFLOW_CTX_DAG_ID='load_postgres' AIRFLOW_CTX_TASK_ID='check_parse' AIRFLOW_CTX_EXECUTION_DATE='2026-01-31T10:00:00+00:00' AIRFLOW_CTX_TRY_NUMBER='1' AIRFLOW_CTX_DAG_RUN_ID='scheduled__2026-01-31T10:00:00+00:00'
[2026-02-14T18:16:49.588+0000] {taskinstance.py:732} INFO - ::endgroup::
[2026-02-14T18:16:49.596+0000] {baseoperator.py:423} WARNING - ExternalTaskSensor.execute cannot be called outside TaskInstance!
[2026-02-14T18:16:49.603+0000] {external_task.py:274} INFO - Poking for DAG 'parse_iot' on 2026-01-31T10:00:00+00:00 ... 
[2026-02-14T18:16:49.604+0000] {warnings.py:109} WARNING - /home/***/.local/lib/python3.9/site-packages/***/utils/session.py:97: DeprecationWarning: This method is deprecated and will be removed in future.
  return func(*args, session=session, **kwargs)

[2026-02-14T18:16:49.610+0000] {base.py:339} INFO - Success criteria met. Exiting.
[2026-02-14T18:16:49.617+0000] {taskinstance.py:341} INFO - ::group::Post task execution logs
[2026-02-14T18:16:49.618+0000] {taskinstance.py:353} INFO - Marking task as SUCCESS. dag_id=load_postgres, task_id=check_parse, run_id=scheduled__2026-01-31T10:00:00+00:00, execution_date=20260131T100000, start_date=20260214T181649, end_date=20260214T181649
[2026-02-14T18:16:49.659+0000] {local_task_job_runner.py:266} INFO - Task exited with return code 0
[2026-02-14T18:16:49.678+0000] {taskinstance.py:3901} INFO - 1 downstream tasks scheduled from follow-on schedule check
[2026-02-14T18:16:49.679+0000] {local_task_job_runner.py:245} INFO - ::endgroup::
