[2026-02-02T17:07:51.021+0000] {processor.py:186} INFO - Started process (PID=826) to work on /opt/airflow/dags/load_postgresql.py
[2026-02-02T17:07:51.021+0000] {processor.py:914} INFO - Processing file /opt/airflow/dags/load_postgresql.py for tasks to queue
[2026-02-02T17:07:51.022+0000] {logging_mixin.py:190} INFO - [2026-02-02T17:07:51.022+0000] {dagbag.py:588} INFO - Filling up the DagBag from /opt/airflow/dags/load_postgresql.py
[2026-02-02T17:07:51.168+0000] {logging_mixin.py:190} INFO - Warning: Your Kaggle API key is readable by other users on this system! To fix this, you can run 'chmod 600 /home/airflow/.config/kaggle/kaggle.json'
[2026-02-02T17:07:51.310+0000] {processor.py:925} INFO - DAG(s) 'parse_iot' retrieved from /opt/airflow/dags/load_postgresql.py
[2026-02-02T17:07:51.369+0000] {logging_mixin.py:190} INFO - [2026-02-02T17:07:51.369+0000] {dag.py:3239} INFO - Sync 1 DAGs
[2026-02-02T17:07:51.380+0000] {logging_mixin.py:190} INFO - [2026-02-02T17:07:51.380+0000] {dag.py:4180} INFO - Setting next_dagrun for parse_iot to 2026-02-02 10:00:00+00:00, run_after=2026-02-03 10:00:00+00:00
[2026-02-02T17:07:51.396+0000] {processor.py:208} INFO - Processing /opt/airflow/dags/load_postgresql.py took 0.378 seconds
[2026-02-02T17:08:21.578+0000] {processor.py:186} INFO - Started process (PID=831) to work on /opt/airflow/dags/load_postgresql.py
[2026-02-02T17:08:21.579+0000] {processor.py:914} INFO - Processing file /opt/airflow/dags/load_postgresql.py for tasks to queue
[2026-02-02T17:08:21.579+0000] {logging_mixin.py:190} INFO - [2026-02-02T17:08:21.579+0000] {dagbag.py:588} INFO - Filling up the DagBag from /opt/airflow/dags/load_postgresql.py
[2026-02-02T17:08:21.726+0000] {logging_mixin.py:190} INFO - Warning: Your Kaggle API key is readable by other users on this system! To fix this, you can run 'chmod 600 /home/airflow/.config/kaggle/kaggle.json'
[2026-02-02T17:08:21.868+0000] {processor.py:925} INFO - DAG(s) 'parse_iot' retrieved from /opt/airflow/dags/load_postgresql.py
[2026-02-02T17:08:21.881+0000] {logging_mixin.py:190} INFO - [2026-02-02T17:08:21.880+0000] {dag.py:3239} INFO - Sync 1 DAGs
[2026-02-02T17:08:21.893+0000] {logging_mixin.py:190} INFO - [2026-02-02T17:08:21.892+0000] {dag.py:4180} INFO - Setting next_dagrun for parse_iot to 2026-02-02 10:00:00+00:00, run_after=2026-02-03 10:00:00+00:00
[2026-02-02T17:08:21.907+0000] {processor.py:208} INFO - Processing /opt/airflow/dags/load_postgresql.py took 0.332 seconds
[2026-02-02T17:08:52.241+0000] {processor.py:186} INFO - Started process (PID=836) to work on /opt/airflow/dags/load_postgresql.py
[2026-02-02T17:08:52.242+0000] {processor.py:914} INFO - Processing file /opt/airflow/dags/load_postgresql.py for tasks to queue
[2026-02-02T17:08:52.242+0000] {logging_mixin.py:190} INFO - [2026-02-02T17:08:52.242+0000] {dagbag.py:588} INFO - Filling up the DagBag from /opt/airflow/dags/load_postgresql.py
[2026-02-02T17:08:52.389+0000] {logging_mixin.py:190} INFO - Warning: Your Kaggle API key is readable by other users on this system! To fix this, you can run 'chmod 600 /home/airflow/.config/kaggle/kaggle.json'
[2026-02-02T17:08:52.535+0000] {processor.py:925} INFO - DAG(s) 'parse_iot' retrieved from /opt/airflow/dags/load_postgresql.py
[2026-02-02T17:08:52.542+0000] {logging_mixin.py:190} INFO - [2026-02-02T17:08:52.542+0000] {dag.py:3239} INFO - Sync 1 DAGs
[2026-02-02T17:08:52.555+0000] {logging_mixin.py:190} INFO - [2026-02-02T17:08:52.555+0000] {dag.py:4180} INFO - Setting next_dagrun for parse_iot to 2026-02-02 10:00:00+00:00, run_after=2026-02-03 10:00:00+00:00
[2026-02-02T17:08:52.568+0000] {processor.py:208} INFO - Processing /opt/airflow/dags/load_postgresql.py took 0.331 seconds
[2026-02-02T17:08:53.656+0000] {processor.py:186} INFO - Started process (PID=839) to work on /opt/airflow/dags/load_postgresql.py
[2026-02-02T17:08:53.656+0000] {processor.py:914} INFO - Processing file /opt/airflow/dags/load_postgresql.py for tasks to queue
[2026-02-02T17:08:53.657+0000] {logging_mixin.py:190} INFO - [2026-02-02T17:08:53.657+0000] {dagbag.py:588} INFO - Filling up the DagBag from /opt/airflow/dags/load_postgresql.py
[2026-02-02T17:08:53.902+0000] {processor.py:925} INFO - DAG(s) 'parse_iot' retrieved from /opt/airflow/dags/load_postgresql.py
[2026-02-02T17:08:53.909+0000] {logging_mixin.py:190} INFO - [2026-02-02T17:08:53.909+0000] {dag.py:3239} INFO - Sync 1 DAGs
[2026-02-02T17:08:53.921+0000] {logging_mixin.py:190} INFO - [2026-02-02T17:08:53.921+0000] {dag.py:4180} INFO - Setting next_dagrun for parse_iot to 2026-02-02 10:00:00+00:00, run_after=2026-02-03 10:00:00+00:00
[2026-02-02T17:08:53.936+0000] {processor.py:208} INFO - Processing /opt/airflow/dags/load_postgresql.py took 0.285 seconds
[2026-02-02T17:09:24.087+0000] {processor.py:186} INFO - Started process (PID=843) to work on /opt/airflow/dags/load_postgresql.py
[2026-02-02T17:09:24.087+0000] {processor.py:914} INFO - Processing file /opt/airflow/dags/load_postgresql.py for tasks to queue
[2026-02-02T17:09:24.088+0000] {logging_mixin.py:190} INFO - [2026-02-02T17:09:24.088+0000] {dagbag.py:588} INFO - Filling up the DagBag from /opt/airflow/dags/load_postgresql.py
[2026-02-02T17:09:24.338+0000] {processor.py:925} INFO - DAG(s) 'load_postrgesql' retrieved from /opt/airflow/dags/load_postgresql.py
[2026-02-02T17:09:24.394+0000] {logging_mixin.py:190} INFO - [2026-02-02T17:09:24.394+0000] {override.py:1912} INFO - Created Permission View: can read on DAG:load_postrgesql
[2026-02-02T17:09:24.399+0000] {logging_mixin.py:190} INFO - [2026-02-02T17:09:24.398+0000] {override.py:1912} INFO - Created Permission View: can edit on DAG:load_postrgesql
[2026-02-02T17:09:24.401+0000] {logging_mixin.py:190} INFO - [2026-02-02T17:09:24.401+0000] {override.py:1912} INFO - Created Permission View: can delete on DAG:load_postrgesql
[2026-02-02T17:09:24.405+0000] {logging_mixin.py:190} INFO - [2026-02-02T17:09:24.405+0000] {override.py:1912} INFO - Created Permission View: can create on DAG Run:load_postrgesql
[2026-02-02T17:09:24.408+0000] {logging_mixin.py:190} INFO - [2026-02-02T17:09:24.407+0000] {override.py:1912} INFO - Created Permission View: can read on DAG Run:load_postrgesql
[2026-02-02T17:09:24.410+0000] {logging_mixin.py:190} INFO - [2026-02-02T17:09:24.410+0000] {override.py:1912} INFO - Created Permission View: menu access on DAG Run:load_postrgesql
[2026-02-02T17:09:24.413+0000] {logging_mixin.py:190} INFO - [2026-02-02T17:09:24.413+0000] {override.py:1912} INFO - Created Permission View: can delete on DAG Run:load_postrgesql
[2026-02-02T17:09:24.413+0000] {logging_mixin.py:190} INFO - [2026-02-02T17:09:24.413+0000] {dag.py:3239} INFO - Sync 1 DAGs
[2026-02-02T17:09:24.420+0000] {logging_mixin.py:190} INFO - [2026-02-02T17:09:24.419+0000] {dag.py:3262} INFO - Creating ORM DAG for load_postrgesql
[2026-02-02T17:09:24.426+0000] {logging_mixin.py:190} INFO - [2026-02-02T17:09:24.425+0000] {dag.py:4180} INFO - Setting next_dagrun for load_postrgesql to 2026-01-30 10:00:00+00:00, run_after=2026-01-31 10:00:00+00:00
[2026-02-02T17:09:24.435+0000] {processor.py:208} INFO - Processing /opt/airflow/dags/load_postgresql.py took 0.352 seconds
[2026-02-02T17:09:35.493+0000] {processor.py:186} INFO - Started process (PID=848) to work on /opt/airflow/dags/load_postgresql.py
[2026-02-02T17:09:35.498+0000] {processor.py:914} INFO - Processing file /opt/airflow/dags/load_postgresql.py for tasks to queue
[2026-02-02T17:09:35.499+0000] {logging_mixin.py:190} INFO - [2026-02-02T17:09:35.499+0000] {dagbag.py:588} INFO - Filling up the DagBag from /opt/airflow/dags/load_postgresql.py
[2026-02-02T17:09:35.733+0000] {processor.py:925} INFO - DAG(s) 'load_postrgesql' retrieved from /opt/airflow/dags/load_postgresql.py
[2026-02-02T17:09:35.740+0000] {logging_mixin.py:190} INFO - [2026-02-02T17:09:35.740+0000] {dag.py:3239} INFO - Sync 1 DAGs
[2026-02-02T17:09:35.753+0000] {logging_mixin.py:190} INFO - [2026-02-02T17:09:35.753+0000] {dag.py:4180} INFO - Setting next_dagrun for load_postrgesql to 2026-01-30 10:00:00+00:00, run_after=2026-01-31 10:00:00+00:00
[2026-02-02T17:09:35.770+0000] {processor.py:208} INFO - Processing /opt/airflow/dags/load_postgresql.py took 0.280 seconds
[2026-02-02T17:10:06.057+0000] {processor.py:186} INFO - Started process (PID=853) to work on /opt/airflow/dags/load_postgresql.py
[2026-02-02T17:10:06.063+0000] {processor.py:914} INFO - Processing file /opt/airflow/dags/load_postgresql.py for tasks to queue
[2026-02-02T17:10:06.063+0000] {logging_mixin.py:190} INFO - [2026-02-02T17:10:06.063+0000] {dagbag.py:588} INFO - Filling up the DagBag from /opt/airflow/dags/load_postgresql.py
[2026-02-02T17:10:06.234+0000] {processor.py:925} INFO - DAG(s) 'load_postrgesql' retrieved from /opt/airflow/dags/load_postgresql.py
[2026-02-02T17:10:06.246+0000] {logging_mixin.py:190} INFO - [2026-02-02T17:10:06.246+0000] {dag.py:3239} INFO - Sync 1 DAGs
[2026-02-02T17:10:06.259+0000] {logging_mixin.py:190} INFO - [2026-02-02T17:10:06.258+0000] {dag.py:4180} INFO - Setting next_dagrun for load_postrgesql to 2026-01-30 10:00:00+00:00, run_after=2026-01-31 10:00:00+00:00
[2026-02-02T17:10:06.273+0000] {processor.py:208} INFO - Processing /opt/airflow/dags/load_postgresql.py took 0.219 seconds
[2026-02-02T17:10:36.479+0000] {processor.py:186} INFO - Started process (PID=858) to work on /opt/airflow/dags/load_postgresql.py
[2026-02-02T17:10:36.479+0000] {processor.py:914} INFO - Processing file /opt/airflow/dags/load_postgresql.py for tasks to queue
[2026-02-02T17:10:36.480+0000] {logging_mixin.py:190} INFO - [2026-02-02T17:10:36.480+0000] {dagbag.py:588} INFO - Filling up the DagBag from /opt/airflow/dags/load_postgresql.py
[2026-02-02T17:10:36.651+0000] {processor.py:925} INFO - DAG(s) 'load_postrgesql' retrieved from /opt/airflow/dags/load_postgresql.py
[2026-02-02T17:10:36.663+0000] {logging_mixin.py:190} INFO - [2026-02-02T17:10:36.663+0000] {dag.py:3239} INFO - Sync 1 DAGs
[2026-02-02T17:10:36.675+0000] {logging_mixin.py:190} INFO - [2026-02-02T17:10:36.675+0000] {dag.py:4180} INFO - Setting next_dagrun for load_postrgesql to 2026-01-30 10:00:00+00:00, run_after=2026-01-31 10:00:00+00:00
[2026-02-02T17:10:36.689+0000] {processor.py:208} INFO - Processing /opt/airflow/dags/load_postgresql.py took 0.214 seconds
[2026-02-02T17:11:06.950+0000] {processor.py:186} INFO - Started process (PID=863) to work on /opt/airflow/dags/load_postgresql.py
[2026-02-02T17:11:06.951+0000] {processor.py:914} INFO - Processing file /opt/airflow/dags/load_postgresql.py for tasks to queue
[2026-02-02T17:11:06.952+0000] {logging_mixin.py:190} INFO - [2026-02-02T17:11:06.951+0000] {dagbag.py:588} INFO - Filling up the DagBag from /opt/airflow/dags/load_postgresql.py
[2026-02-02T17:11:07.151+0000] {processor.py:925} INFO - DAG(s) 'load_postrgesql' retrieved from /opt/airflow/dags/load_postgresql.py
[2026-02-02T17:11:07.166+0000] {logging_mixin.py:190} INFO - [2026-02-02T17:11:07.166+0000] {dag.py:3239} INFO - Sync 1 DAGs
[2026-02-02T17:11:07.184+0000] {logging_mixin.py:190} INFO - [2026-02-02T17:11:07.183+0000] {dag.py:4180} INFO - Setting next_dagrun for load_postrgesql to 2026-01-30 10:00:00+00:00, run_after=2026-01-31 10:00:00+00:00
[2026-02-02T17:11:07.197+0000] {processor.py:208} INFO - Processing /opt/airflow/dags/load_postgresql.py took 0.251 seconds
[2026-02-02T17:11:37.321+0000] {processor.py:186} INFO - Started process (PID=868) to work on /opt/airflow/dags/load_postgresql.py
[2026-02-02T17:11:37.326+0000] {processor.py:914} INFO - Processing file /opt/airflow/dags/load_postgresql.py for tasks to queue
[2026-02-02T17:11:37.327+0000] {logging_mixin.py:190} INFO - [2026-02-02T17:11:37.327+0000] {dagbag.py:588} INFO - Filling up the DagBag from /opt/airflow/dags/load_postgresql.py
[2026-02-02T17:11:37.491+0000] {processor.py:925} INFO - DAG(s) 'load_postrgesql' retrieved from /opt/airflow/dags/load_postgresql.py
[2026-02-02T17:11:37.503+0000] {logging_mixin.py:190} INFO - [2026-02-02T17:11:37.502+0000] {dag.py:3239} INFO - Sync 1 DAGs
[2026-02-02T17:11:37.515+0000] {logging_mixin.py:190} INFO - [2026-02-02T17:11:37.515+0000] {dag.py:4180} INFO - Setting next_dagrun for load_postrgesql to 2026-01-30 10:00:00+00:00, run_after=2026-01-31 10:00:00+00:00
[2026-02-02T17:11:37.528+0000] {processor.py:208} INFO - Processing /opt/airflow/dags/load_postgresql.py took 0.211 seconds
[2026-02-02T17:12:07.565+0000] {processor.py:186} INFO - Started process (PID=873) to work on /opt/airflow/dags/load_postgresql.py
[2026-02-02T17:12:07.566+0000] {processor.py:914} INFO - Processing file /opt/airflow/dags/load_postgresql.py for tasks to queue
[2026-02-02T17:12:07.566+0000] {logging_mixin.py:190} INFO - [2026-02-02T17:12:07.566+0000] {dagbag.py:588} INFO - Filling up the DagBag from /opt/airflow/dags/load_postgresql.py
[2026-02-02T17:12:07.732+0000] {processor.py:925} INFO - DAG(s) 'load_postrgesql' retrieved from /opt/airflow/dags/load_postgresql.py
[2026-02-02T17:12:07.744+0000] {logging_mixin.py:190} INFO - [2026-02-02T17:12:07.744+0000] {dag.py:3239} INFO - Sync 1 DAGs
[2026-02-02T17:12:07.756+0000] {logging_mixin.py:190} INFO - [2026-02-02T17:12:07.756+0000] {dag.py:4180} INFO - Setting next_dagrun for load_postrgesql to 2026-01-30 10:00:00+00:00, run_after=2026-01-31 10:00:00+00:00
[2026-02-02T17:12:07.765+0000] {processor.py:208} INFO - Processing /opt/airflow/dags/load_postgresql.py took 0.203 seconds
[2026-02-02T17:12:37.990+0000] {processor.py:186} INFO - Started process (PID=878) to work on /opt/airflow/dags/load_postgresql.py
[2026-02-02T17:12:37.991+0000] {processor.py:914} INFO - Processing file /opt/airflow/dags/load_postgresql.py for tasks to queue
[2026-02-02T17:12:37.991+0000] {logging_mixin.py:190} INFO - [2026-02-02T17:12:37.991+0000] {dagbag.py:588} INFO - Filling up the DagBag from /opt/airflow/dags/load_postgresql.py
[2026-02-02T17:12:38.167+0000] {processor.py:925} INFO - DAG(s) 'load_postrgesql' retrieved from /opt/airflow/dags/load_postgresql.py
[2026-02-02T17:12:38.179+0000] {logging_mixin.py:190} INFO - [2026-02-02T17:12:38.178+0000] {dag.py:3239} INFO - Sync 1 DAGs
[2026-02-02T17:12:38.192+0000] {logging_mixin.py:190} INFO - [2026-02-02T17:12:38.192+0000] {dag.py:4180} INFO - Setting next_dagrun for load_postrgesql to 2026-01-30 10:00:00+00:00, run_after=2026-01-31 10:00:00+00:00
[2026-02-02T17:12:38.206+0000] {processor.py:208} INFO - Processing /opt/airflow/dags/load_postgresql.py took 0.220 seconds
[2026-02-02T17:13:08.390+0000] {processor.py:186} INFO - Started process (PID=883) to work on /opt/airflow/dags/load_postgresql.py
[2026-02-02T17:13:08.391+0000] {processor.py:914} INFO - Processing file /opt/airflow/dags/load_postgresql.py for tasks to queue
[2026-02-02T17:13:08.391+0000] {logging_mixin.py:190} INFO - [2026-02-02T17:13:08.391+0000] {dagbag.py:588} INFO - Filling up the DagBag from /opt/airflow/dags/load_postgresql.py
[2026-02-02T17:13:08.564+0000] {processor.py:925} INFO - DAG(s) 'load_postrgesql' retrieved from /opt/airflow/dags/load_postgresql.py
[2026-02-02T17:13:08.576+0000] {logging_mixin.py:190} INFO - [2026-02-02T17:13:08.576+0000] {dag.py:3239} INFO - Sync 1 DAGs
[2026-02-02T17:13:08.589+0000] {logging_mixin.py:190} INFO - [2026-02-02T17:13:08.589+0000] {dag.py:4180} INFO - Setting next_dagrun for load_postrgesql to 2026-01-30 10:00:00+00:00, run_after=2026-01-31 10:00:00+00:00
[2026-02-02T17:13:08.603+0000] {processor.py:208} INFO - Processing /opt/airflow/dags/load_postgresql.py took 0.217 seconds
[2026-02-02T17:13:38.852+0000] {processor.py:186} INFO - Started process (PID=888) to work on /opt/airflow/dags/load_postgresql.py
[2026-02-02T17:13:38.857+0000] {processor.py:914} INFO - Processing file /opt/airflow/dags/load_postgresql.py for tasks to queue
[2026-02-02T17:13:38.858+0000] {logging_mixin.py:190} INFO - [2026-02-02T17:13:38.858+0000] {dagbag.py:588} INFO - Filling up the DagBag from /opt/airflow/dags/load_postgresql.py
[2026-02-02T17:13:39.018+0000] {processor.py:925} INFO - DAG(s) 'load_postrgesql' retrieved from /opt/airflow/dags/load_postgresql.py
[2026-02-02T17:13:39.029+0000] {logging_mixin.py:190} INFO - [2026-02-02T17:13:39.029+0000] {dag.py:3239} INFO - Sync 1 DAGs
[2026-02-02T17:13:39.042+0000] {logging_mixin.py:190} INFO - [2026-02-02T17:13:39.042+0000] {dag.py:4180} INFO - Setting next_dagrun for load_postrgesql to 2026-01-30 10:00:00+00:00, run_after=2026-01-31 10:00:00+00:00
[2026-02-02T17:13:39.056+0000] {processor.py:208} INFO - Processing /opt/airflow/dags/load_postgresql.py took 0.208 seconds
[2026-02-02T17:14:09.258+0000] {processor.py:186} INFO - Started process (PID=893) to work on /opt/airflow/dags/load_postgresql.py
[2026-02-02T17:14:09.259+0000] {processor.py:914} INFO - Processing file /opt/airflow/dags/load_postgresql.py for tasks to queue
[2026-02-02T17:14:09.259+0000] {logging_mixin.py:190} INFO - [2026-02-02T17:14:09.259+0000] {dagbag.py:588} INFO - Filling up the DagBag from /opt/airflow/dags/load_postgresql.py
[2026-02-02T17:14:09.442+0000] {processor.py:925} INFO - DAG(s) 'load_postrgesql' retrieved from /opt/airflow/dags/load_postgresql.py
[2026-02-02T17:14:09.455+0000] {logging_mixin.py:190} INFO - [2026-02-02T17:14:09.454+0000] {dag.py:3239} INFO - Sync 1 DAGs
[2026-02-02T17:14:09.468+0000] {logging_mixin.py:190} INFO - [2026-02-02T17:14:09.467+0000] {dag.py:4180} INFO - Setting next_dagrun for load_postrgesql to 2026-01-30 10:00:00+00:00, run_after=2026-01-31 10:00:00+00:00
[2026-02-02T17:14:09.482+0000] {processor.py:208} INFO - Processing /opt/airflow/dags/load_postgresql.py took 0.229 seconds
[2026-02-02T17:14:39.696+0000] {processor.py:186} INFO - Started process (PID=898) to work on /opt/airflow/dags/load_postgresql.py
[2026-02-02T17:14:39.701+0000] {processor.py:914} INFO - Processing file /opt/airflow/dags/load_postgresql.py for tasks to queue
[2026-02-02T17:14:39.702+0000] {logging_mixin.py:190} INFO - [2026-02-02T17:14:39.701+0000] {dagbag.py:588} INFO - Filling up the DagBag from /opt/airflow/dags/load_postgresql.py
[2026-02-02T17:14:39.881+0000] {processor.py:925} INFO - DAG(s) 'load_postrgesql' retrieved from /opt/airflow/dags/load_postgresql.py
[2026-02-02T17:14:39.893+0000] {logging_mixin.py:190} INFO - [2026-02-02T17:14:39.893+0000] {dag.py:3239} INFO - Sync 1 DAGs
[2026-02-02T17:14:39.907+0000] {logging_mixin.py:190} INFO - [2026-02-02T17:14:39.906+0000] {dag.py:4180} INFO - Setting next_dagrun for load_postrgesql to 2026-01-30 10:00:00+00:00, run_after=2026-01-31 10:00:00+00:00
[2026-02-02T17:14:39.922+0000] {processor.py:208} INFO - Processing /opt/airflow/dags/load_postgresql.py took 0.230 seconds
[2026-02-02T17:15:10.136+0000] {processor.py:186} INFO - Started process (PID=903) to work on /opt/airflow/dags/load_postgresql.py
[2026-02-02T17:15:10.136+0000] {processor.py:914} INFO - Processing file /opt/airflow/dags/load_postgresql.py for tasks to queue
[2026-02-02T17:15:10.137+0000] {logging_mixin.py:190} INFO - [2026-02-02T17:15:10.137+0000] {dagbag.py:588} INFO - Filling up the DagBag from /opt/airflow/dags/load_postgresql.py
[2026-02-02T17:15:10.315+0000] {processor.py:925} INFO - DAG(s) 'load_postrgesql' retrieved from /opt/airflow/dags/load_postgresql.py
[2026-02-02T17:15:10.328+0000] {logging_mixin.py:190} INFO - [2026-02-02T17:15:10.328+0000] {dag.py:3239} INFO - Sync 1 DAGs
[2026-02-02T17:15:10.342+0000] {logging_mixin.py:190} INFO - [2026-02-02T17:15:10.342+0000] {dag.py:4180} INFO - Setting next_dagrun for load_postrgesql to 2026-01-30 10:00:00+00:00, run_after=2026-01-31 10:00:00+00:00
[2026-02-02T17:15:10.356+0000] {processor.py:208} INFO - Processing /opt/airflow/dags/load_postgresql.py took 0.225 seconds
[2026-02-02T17:15:40.587+0000] {processor.py:186} INFO - Started process (PID=908) to work on /opt/airflow/dags/load_postgresql.py
[2026-02-02T17:15:40.593+0000] {processor.py:914} INFO - Processing file /opt/airflow/dags/load_postgresql.py for tasks to queue
[2026-02-02T17:15:40.593+0000] {logging_mixin.py:190} INFO - [2026-02-02T17:15:40.593+0000] {dagbag.py:588} INFO - Filling up the DagBag from /opt/airflow/dags/load_postgresql.py
[2026-02-02T17:15:40.781+0000] {processor.py:925} INFO - DAG(s) 'load_postrgesql' retrieved from /opt/airflow/dags/load_postgresql.py
[2026-02-02T17:15:40.793+0000] {logging_mixin.py:190} INFO - [2026-02-02T17:15:40.793+0000] {dag.py:3239} INFO - Sync 1 DAGs
[2026-02-02T17:15:40.806+0000] {logging_mixin.py:190} INFO - [2026-02-02T17:15:40.806+0000] {dag.py:4180} INFO - Setting next_dagrun for load_postrgesql to 2026-01-30 10:00:00+00:00, run_after=2026-01-31 10:00:00+00:00
[2026-02-02T17:15:40.821+0000] {processor.py:208} INFO - Processing /opt/airflow/dags/load_postgresql.py took 0.238 seconds
[2026-02-02T17:16:11.008+0000] {processor.py:186} INFO - Started process (PID=913) to work on /opt/airflow/dags/load_postgresql.py
[2026-02-02T17:16:11.009+0000] {processor.py:914} INFO - Processing file /opt/airflow/dags/load_postgresql.py for tasks to queue
[2026-02-02T17:16:11.009+0000] {logging_mixin.py:190} INFO - [2026-02-02T17:16:11.009+0000] {dagbag.py:588} INFO - Filling up the DagBag from /opt/airflow/dags/load_postgresql.py
[2026-02-02T17:16:11.188+0000] {processor.py:925} INFO - DAG(s) 'load_postrgesql' retrieved from /opt/airflow/dags/load_postgresql.py
[2026-02-02T17:16:11.200+0000] {logging_mixin.py:190} INFO - [2026-02-02T17:16:11.200+0000] {dag.py:3239} INFO - Sync 1 DAGs
[2026-02-02T17:16:11.213+0000] {logging_mixin.py:190} INFO - [2026-02-02T17:16:11.213+0000] {dag.py:4180} INFO - Setting next_dagrun for load_postrgesql to 2026-01-30 10:00:00+00:00, run_after=2026-01-31 10:00:00+00:00
[2026-02-02T17:16:11.228+0000] {processor.py:208} INFO - Processing /opt/airflow/dags/load_postgresql.py took 0.224 seconds
[2026-02-02T17:16:41.470+0000] {processor.py:186} INFO - Started process (PID=918) to work on /opt/airflow/dags/load_postgresql.py
[2026-02-02T17:16:41.475+0000] {processor.py:914} INFO - Processing file /opt/airflow/dags/load_postgresql.py for tasks to queue
[2026-02-02T17:16:41.476+0000] {logging_mixin.py:190} INFO - [2026-02-02T17:16:41.476+0000] {dagbag.py:588} INFO - Filling up the DagBag from /opt/airflow/dags/load_postgresql.py
[2026-02-02T17:16:41.655+0000] {processor.py:925} INFO - DAG(s) 'load_postrgesql' retrieved from /opt/airflow/dags/load_postgresql.py
[2026-02-02T17:16:41.667+0000] {logging_mixin.py:190} INFO - [2026-02-02T17:16:41.667+0000] {dag.py:3239} INFO - Sync 1 DAGs
[2026-02-02T17:16:41.680+0000] {logging_mixin.py:190} INFO - [2026-02-02T17:16:41.680+0000] {dag.py:4180} INFO - Setting next_dagrun for load_postrgesql to 2026-01-30 10:00:00+00:00, run_after=2026-01-31 10:00:00+00:00
[2026-02-02T17:16:41.696+0000] {processor.py:208} INFO - Processing /opt/airflow/dags/load_postgresql.py took 0.230 seconds
[2026-02-02T17:17:11.893+0000] {processor.py:186} INFO - Started process (PID=923) to work on /opt/airflow/dags/load_postgresql.py
[2026-02-02T17:17:11.894+0000] {processor.py:914} INFO - Processing file /opt/airflow/dags/load_postgresql.py for tasks to queue
[2026-02-02T17:17:11.894+0000] {logging_mixin.py:190} INFO - [2026-02-02T17:17:11.894+0000] {dagbag.py:588} INFO - Filling up the DagBag from /opt/airflow/dags/load_postgresql.py
[2026-02-02T17:17:12.064+0000] {processor.py:925} INFO - DAG(s) 'load_postrgesql' retrieved from /opt/airflow/dags/load_postgresql.py
[2026-02-02T17:17:12.076+0000] {logging_mixin.py:190} INFO - [2026-02-02T17:17:12.076+0000] {dag.py:3239} INFO - Sync 1 DAGs
[2026-02-02T17:17:12.090+0000] {logging_mixin.py:190} INFO - [2026-02-02T17:17:12.090+0000] {dag.py:4180} INFO - Setting next_dagrun for load_postrgesql to 2026-01-30 10:00:00+00:00, run_after=2026-01-31 10:00:00+00:00
[2026-02-02T17:17:12.104+0000] {processor.py:208} INFO - Processing /opt/airflow/dags/load_postgresql.py took 0.215 seconds
[2026-02-02T17:17:42.348+0000] {processor.py:186} INFO - Started process (PID=928) to work on /opt/airflow/dags/load_postgresql.py
[2026-02-02T17:17:42.349+0000] {processor.py:914} INFO - Processing file /opt/airflow/dags/load_postgresql.py for tasks to queue
[2026-02-02T17:17:42.349+0000] {logging_mixin.py:190} INFO - [2026-02-02T17:17:42.349+0000] {dagbag.py:588} INFO - Filling up the DagBag from /opt/airflow/dags/load_postgresql.py
[2026-02-02T17:17:42.533+0000] {processor.py:925} INFO - DAG(s) 'load_postrgesql' retrieved from /opt/airflow/dags/load_postgresql.py
[2026-02-02T17:17:42.546+0000] {logging_mixin.py:190} INFO - [2026-02-02T17:17:42.546+0000] {dag.py:3239} INFO - Sync 1 DAGs
[2026-02-02T17:17:42.559+0000] {logging_mixin.py:190} INFO - [2026-02-02T17:17:42.559+0000] {dag.py:4180} INFO - Setting next_dagrun for load_postrgesql to 2026-01-30 10:00:00+00:00, run_after=2026-01-31 10:00:00+00:00
[2026-02-02T17:17:42.575+0000] {processor.py:208} INFO - Processing /opt/airflow/dags/load_postgresql.py took 0.231 seconds
[2026-02-02T17:18:12.748+0000] {processor.py:186} INFO - Started process (PID=933) to work on /opt/airflow/dags/load_postgresql.py
[2026-02-02T17:18:12.748+0000] {processor.py:914} INFO - Processing file /opt/airflow/dags/load_postgresql.py for tasks to queue
[2026-02-02T17:18:12.749+0000] {logging_mixin.py:190} INFO - [2026-02-02T17:18:12.749+0000] {dagbag.py:588} INFO - Filling up the DagBag from /opt/airflow/dags/load_postgresql.py
[2026-02-02T17:18:12.927+0000] {processor.py:925} INFO - DAG(s) 'load_postrgesql' retrieved from /opt/airflow/dags/load_postgresql.py
[2026-02-02T17:18:12.940+0000] {logging_mixin.py:190} INFO - [2026-02-02T17:18:12.939+0000] {dag.py:3239} INFO - Sync 1 DAGs
[2026-02-02T17:18:12.952+0000] {logging_mixin.py:190} INFO - [2026-02-02T17:18:12.952+0000] {dag.py:4180} INFO - Setting next_dagrun for load_postrgesql to 2026-01-30 10:00:00+00:00, run_after=2026-01-31 10:00:00+00:00
[2026-02-02T17:18:12.967+0000] {processor.py:208} INFO - Processing /opt/airflow/dags/load_postgresql.py took 0.223 seconds
[2026-02-02T17:18:43.209+0000] {processor.py:186} INFO - Started process (PID=938) to work on /opt/airflow/dags/load_postgresql.py
[2026-02-02T17:18:43.215+0000] {processor.py:914} INFO - Processing file /opt/airflow/dags/load_postgresql.py for tasks to queue
[2026-02-02T17:18:43.216+0000] {logging_mixin.py:190} INFO - [2026-02-02T17:18:43.215+0000] {dagbag.py:588} INFO - Filling up the DagBag from /opt/airflow/dags/load_postgresql.py
[2026-02-02T17:18:43.387+0000] {processor.py:925} INFO - DAG(s) 'load_postrgesql' retrieved from /opt/airflow/dags/load_postgresql.py
[2026-02-02T17:18:43.399+0000] {logging_mixin.py:190} INFO - [2026-02-02T17:18:43.399+0000] {dag.py:3239} INFO - Sync 1 DAGs
[2026-02-02T17:18:43.411+0000] {logging_mixin.py:190} INFO - [2026-02-02T17:18:43.411+0000] {dag.py:4180} INFO - Setting next_dagrun for load_postrgesql to 2026-01-30 10:00:00+00:00, run_after=2026-01-31 10:00:00+00:00
[2026-02-02T17:18:43.425+0000] {processor.py:208} INFO - Processing /opt/airflow/dags/load_postgresql.py took 0.220 seconds
[2026-02-02T17:19:13.621+0000] {processor.py:186} INFO - Started process (PID=943) to work on /opt/airflow/dags/load_postgresql.py
[2026-02-02T17:19:13.621+0000] {processor.py:914} INFO - Processing file /opt/airflow/dags/load_postgresql.py for tasks to queue
[2026-02-02T17:19:13.622+0000] {logging_mixin.py:190} INFO - [2026-02-02T17:19:13.622+0000] {dagbag.py:588} INFO - Filling up the DagBag from /opt/airflow/dags/load_postgresql.py
[2026-02-02T17:19:13.791+0000] {processor.py:925} INFO - DAG(s) 'load_postrgesql' retrieved from /opt/airflow/dags/load_postgresql.py
[2026-02-02T17:19:13.803+0000] {logging_mixin.py:190} INFO - [2026-02-02T17:19:13.802+0000] {dag.py:3239} INFO - Sync 1 DAGs
[2026-02-02T17:19:13.815+0000] {logging_mixin.py:190} INFO - [2026-02-02T17:19:13.815+0000] {dag.py:4180} INFO - Setting next_dagrun for load_postrgesql to 2026-01-30 10:00:00+00:00, run_after=2026-01-31 10:00:00+00:00
[2026-02-02T17:19:13.829+0000] {processor.py:208} INFO - Processing /opt/airflow/dags/load_postgresql.py took 0.213 seconds
[2026-02-02T17:19:44.062+0000] {processor.py:186} INFO - Started process (PID=948) to work on /opt/airflow/dags/load_postgresql.py
[2026-02-02T17:19:44.067+0000] {processor.py:914} INFO - Processing file /opt/airflow/dags/load_postgresql.py for tasks to queue
[2026-02-02T17:19:44.068+0000] {logging_mixin.py:190} INFO - [2026-02-02T17:19:44.068+0000] {dagbag.py:588} INFO - Filling up the DagBag from /opt/airflow/dags/load_postgresql.py
[2026-02-02T17:19:44.250+0000] {processor.py:925} INFO - DAG(s) 'load_postrgesql' retrieved from /opt/airflow/dags/load_postgresql.py
[2026-02-02T17:19:44.263+0000] {logging_mixin.py:190} INFO - [2026-02-02T17:19:44.262+0000] {dag.py:3239} INFO - Sync 1 DAGs
[2026-02-02T17:19:44.276+0000] {logging_mixin.py:190} INFO - [2026-02-02T17:19:44.276+0000] {dag.py:4180} INFO - Setting next_dagrun for load_postrgesql to 2026-01-30 10:00:00+00:00, run_after=2026-01-31 10:00:00+00:00
[2026-02-02T17:19:44.290+0000] {processor.py:208} INFO - Processing /opt/airflow/dags/load_postgresql.py took 0.233 seconds
[2026-02-02T17:20:14.464+0000] {processor.py:186} INFO - Started process (PID=953) to work on /opt/airflow/dags/load_postgresql.py
[2026-02-02T17:20:14.464+0000] {processor.py:914} INFO - Processing file /opt/airflow/dags/load_postgresql.py for tasks to queue
[2026-02-02T17:20:14.465+0000] {logging_mixin.py:190} INFO - [2026-02-02T17:20:14.465+0000] {dagbag.py:588} INFO - Filling up the DagBag from /opt/airflow/dags/load_postgresql.py
[2026-02-02T17:20:14.636+0000] {processor.py:925} INFO - DAG(s) 'load_postrgesql' retrieved from /opt/airflow/dags/load_postgresql.py
[2026-02-02T17:20:14.649+0000] {logging_mixin.py:190} INFO - [2026-02-02T17:20:14.649+0000] {dag.py:3239} INFO - Sync 1 DAGs
[2026-02-02T17:20:14.661+0000] {logging_mixin.py:190} INFO - [2026-02-02T17:20:14.661+0000] {dag.py:4180} INFO - Setting next_dagrun for load_postrgesql to 2026-01-30 10:00:00+00:00, run_after=2026-01-31 10:00:00+00:00
[2026-02-02T17:20:14.671+0000] {processor.py:208} INFO - Processing /opt/airflow/dags/load_postgresql.py took 0.212 seconds
[2026-02-02T17:20:44.933+0000] {processor.py:186} INFO - Started process (PID=958) to work on /opt/airflow/dags/load_postgresql.py
[2026-02-02T17:20:44.933+0000] {processor.py:914} INFO - Processing file /opt/airflow/dags/load_postgresql.py for tasks to queue
[2026-02-02T17:20:44.934+0000] {logging_mixin.py:190} INFO - [2026-02-02T17:20:44.934+0000] {dagbag.py:588} INFO - Filling up the DagBag from /opt/airflow/dags/load_postgresql.py
[2026-02-02T17:20:45.117+0000] {processor.py:925} INFO - DAG(s) 'load_postrgesql' retrieved from /opt/airflow/dags/load_postgresql.py
[2026-02-02T17:20:45.129+0000] {logging_mixin.py:190} INFO - [2026-02-02T17:20:45.129+0000] {dag.py:3239} INFO - Sync 1 DAGs
[2026-02-02T17:20:45.142+0000] {logging_mixin.py:190} INFO - [2026-02-02T17:20:45.142+0000] {dag.py:4180} INFO - Setting next_dagrun for load_postrgesql to 2026-01-30 10:00:00+00:00, run_after=2026-01-31 10:00:00+00:00
[2026-02-02T17:20:45.158+0000] {processor.py:208} INFO - Processing /opt/airflow/dags/load_postgresql.py took 0.229 seconds
[2026-02-02T17:21:15.347+0000] {processor.py:186} INFO - Started process (PID=963) to work on /opt/airflow/dags/load_postgresql.py
[2026-02-02T17:21:15.353+0000] {processor.py:914} INFO - Processing file /opt/airflow/dags/load_postgresql.py for tasks to queue
[2026-02-02T17:21:15.353+0000] {logging_mixin.py:190} INFO - [2026-02-02T17:21:15.353+0000] {dagbag.py:588} INFO - Filling up the DagBag from /opt/airflow/dags/load_postgresql.py
[2026-02-02T17:21:15.536+0000] {processor.py:925} INFO - DAG(s) 'load_postrgesql' retrieved from /opt/airflow/dags/load_postgresql.py
[2026-02-02T17:21:15.547+0000] {logging_mixin.py:190} INFO - [2026-02-02T17:21:15.547+0000] {dag.py:3239} INFO - Sync 1 DAGs
[2026-02-02T17:21:15.560+0000] {logging_mixin.py:190} INFO - [2026-02-02T17:21:15.560+0000] {dag.py:4180} INFO - Setting next_dagrun for load_postrgesql to 2026-01-30 10:00:00+00:00, run_after=2026-01-31 10:00:00+00:00
[2026-02-02T17:21:15.573+0000] {processor.py:208} INFO - Processing /opt/airflow/dags/load_postgresql.py took 0.230 seconds
[2026-02-02T17:21:45.797+0000] {processor.py:186} INFO - Started process (PID=968) to work on /opt/airflow/dags/load_postgresql.py
[2026-02-02T17:21:45.797+0000] {processor.py:914} INFO - Processing file /opt/airflow/dags/load_postgresql.py for tasks to queue
[2026-02-02T17:21:45.798+0000] {logging_mixin.py:190} INFO - [2026-02-02T17:21:45.798+0000] {dagbag.py:588} INFO - Filling up the DagBag from /opt/airflow/dags/load_postgresql.py
[2026-02-02T17:21:45.978+0000] {processor.py:925} INFO - DAG(s) 'load_postrgesql' retrieved from /opt/airflow/dags/load_postgresql.py
[2026-02-02T17:21:45.990+0000] {logging_mixin.py:190} INFO - [2026-02-02T17:21:45.990+0000] {dag.py:3239} INFO - Sync 1 DAGs
[2026-02-02T17:21:46.003+0000] {logging_mixin.py:190} INFO - [2026-02-02T17:21:46.003+0000] {dag.py:4180} INFO - Setting next_dagrun for load_postrgesql to 2026-01-30 10:00:00+00:00, run_after=2026-01-31 10:00:00+00:00
[2026-02-02T17:21:46.017+0000] {processor.py:208} INFO - Processing /opt/airflow/dags/load_postgresql.py took 0.225 seconds
[2026-02-02T17:22:16.206+0000] {processor.py:186} INFO - Started process (PID=973) to work on /opt/airflow/dags/load_postgresql.py
[2026-02-02T17:22:16.211+0000] {processor.py:914} INFO - Processing file /opt/airflow/dags/load_postgresql.py for tasks to queue
[2026-02-02T17:22:16.212+0000] {logging_mixin.py:190} INFO - [2026-02-02T17:22:16.212+0000] {dagbag.py:588} INFO - Filling up the DagBag from /opt/airflow/dags/load_postgresql.py
[2026-02-02T17:22:16.391+0000] {processor.py:925} INFO - DAG(s) 'load_postrgesql' retrieved from /opt/airflow/dags/load_postgresql.py
[2026-02-02T17:22:16.403+0000] {logging_mixin.py:190} INFO - [2026-02-02T17:22:16.403+0000] {dag.py:3239} INFO - Sync 1 DAGs
[2026-02-02T17:22:16.417+0000] {logging_mixin.py:190} INFO - [2026-02-02T17:22:16.417+0000] {dag.py:4180} INFO - Setting next_dagrun for load_postrgesql to 2026-01-30 10:00:00+00:00, run_after=2026-01-31 10:00:00+00:00
[2026-02-02T17:22:16.433+0000] {processor.py:208} INFO - Processing /opt/airflow/dags/load_postgresql.py took 0.232 seconds
[2026-02-02T17:22:46.661+0000] {processor.py:186} INFO - Started process (PID=978) to work on /opt/airflow/dags/load_postgresql.py
[2026-02-02T17:22:46.661+0000] {processor.py:914} INFO - Processing file /opt/airflow/dags/load_postgresql.py for tasks to queue
[2026-02-02T17:22:46.662+0000] {logging_mixin.py:190} INFO - [2026-02-02T17:22:46.661+0000] {dagbag.py:588} INFO - Filling up the DagBag from /opt/airflow/dags/load_postgresql.py
[2026-02-02T17:22:46.821+0000] {processor.py:925} INFO - DAG(s) 'load_postrgesql' retrieved from /opt/airflow/dags/load_postgresql.py
[2026-02-02T17:22:46.832+0000] {logging_mixin.py:190} INFO - [2026-02-02T17:22:46.832+0000] {dag.py:3239} INFO - Sync 1 DAGs
[2026-02-02T17:22:46.844+0000] {logging_mixin.py:190} INFO - [2026-02-02T17:22:46.844+0000] {dag.py:4180} INFO - Setting next_dagrun for load_postrgesql to 2026-01-30 10:00:00+00:00, run_after=2026-01-31 10:00:00+00:00
[2026-02-02T17:22:46.859+0000] {processor.py:208} INFO - Processing /opt/airflow/dags/load_postgresql.py took 0.202 seconds
[2026-02-02T17:35:09.811+0000] {processor.py:186} INFO - Started process (PID=54) to work on /opt/airflow/dags/load_postgresql.py
[2026-02-02T17:35:09.812+0000] {processor.py:914} INFO - Processing file /opt/airflow/dags/load_postgresql.py for tasks to queue
[2026-02-02T17:35:09.813+0000] {logging_mixin.py:190} INFO - [2026-02-02T17:35:09.813+0000] {dagbag.py:588} INFO - Filling up the DagBag from /opt/airflow/dags/load_postgresql.py
[2026-02-02T17:35:10.728+0000] {processor.py:925} INFO - DAG(s) 'load_postrgesql' retrieved from /opt/airflow/dags/load_postgresql.py
[2026-02-02T17:35:10.743+0000] {logging_mixin.py:190} INFO - [2026-02-02T17:35:10.742+0000] {dag.py:3239} INFO - Sync 1 DAGs
[2026-02-02T17:35:10.760+0000] {logging_mixin.py:190} INFO - [2026-02-02T17:35:10.760+0000] {dag.py:4180} INFO - Setting next_dagrun for load_postrgesql to 2026-01-30 10:00:00+00:00, run_after=2026-01-31 10:00:00+00:00
[2026-02-02T17:35:10.771+0000] {processor.py:208} INFO - Processing /opt/airflow/dags/load_postgresql.py took 0.965 seconds
[2026-02-02T17:35:40.942+0000] {processor.py:186} INFO - Started process (PID=59) to work on /opt/airflow/dags/load_postgresql.py
[2026-02-02T17:35:40.947+0000] {processor.py:914} INFO - Processing file /opt/airflow/dags/load_postgresql.py for tasks to queue
[2026-02-02T17:35:40.949+0000] {logging_mixin.py:190} INFO - [2026-02-02T17:35:40.948+0000] {dagbag.py:588} INFO - Filling up the DagBag from /opt/airflow/dags/load_postgresql.py
[2026-02-02T17:35:41.259+0000] {processor.py:925} INFO - DAG(s) 'load_postrgesql' retrieved from /opt/airflow/dags/load_postgresql.py
[2026-02-02T17:35:41.270+0000] {logging_mixin.py:190} INFO - [2026-02-02T17:35:41.270+0000] {dag.py:3239} INFO - Sync 1 DAGs
[2026-02-02T17:35:41.283+0000] {logging_mixin.py:190} INFO - [2026-02-02T17:35:41.283+0000] {dag.py:4180} INFO - Setting next_dagrun for load_postrgesql to 2026-01-30 10:00:00+00:00, run_after=2026-01-31 10:00:00+00:00
[2026-02-02T17:35:41.291+0000] {processor.py:208} INFO - Processing /opt/airflow/dags/load_postgresql.py took 0.353 seconds
[2026-02-02T17:36:11.454+0000] {processor.py:186} INFO - Started process (PID=64) to work on /opt/airflow/dags/load_postgresql.py
[2026-02-02T17:36:11.460+0000] {processor.py:914} INFO - Processing file /opt/airflow/dags/load_postgresql.py for tasks to queue
[2026-02-02T17:36:11.461+0000] {logging_mixin.py:190} INFO - [2026-02-02T17:36:11.461+0000] {dagbag.py:588} INFO - Filling up the DagBag from /opt/airflow/dags/load_postgresql.py
[2026-02-02T17:36:11.739+0000] {processor.py:925} INFO - DAG(s) 'load_postrgesql' retrieved from /opt/airflow/dags/load_postgresql.py
[2026-02-02T17:36:11.750+0000] {logging_mixin.py:190} INFO - [2026-02-02T17:36:11.750+0000] {dag.py:3239} INFO - Sync 1 DAGs
[2026-02-02T17:36:11.762+0000] {logging_mixin.py:190} INFO - [2026-02-02T17:36:11.762+0000] {dag.py:4180} INFO - Setting next_dagrun for load_postrgesql to 2026-01-30 10:00:00+00:00, run_after=2026-01-31 10:00:00+00:00
[2026-02-02T17:36:11.776+0000] {processor.py:208} INFO - Processing /opt/airflow/dags/load_postgresql.py took 0.326 seconds
[2026-02-02T17:36:42.002+0000] {processor.py:186} INFO - Started process (PID=69) to work on /opt/airflow/dags/load_postgresql.py
[2026-02-02T17:36:42.007+0000] {processor.py:914} INFO - Processing file /opt/airflow/dags/load_postgresql.py for tasks to queue
[2026-02-02T17:36:42.008+0000] {logging_mixin.py:190} INFO - [2026-02-02T17:36:42.008+0000] {dagbag.py:588} INFO - Filling up the DagBag from /opt/airflow/dags/load_postgresql.py
[2026-02-02T17:36:42.260+0000] {processor.py:925} INFO - DAG(s) 'load_postrgesql' retrieved from /opt/airflow/dags/load_postgresql.py
[2026-02-02T17:36:42.275+0000] {logging_mixin.py:190} INFO - [2026-02-02T17:36:42.274+0000] {dag.py:3239} INFO - Sync 1 DAGs
[2026-02-02T17:36:42.287+0000] {logging_mixin.py:190} INFO - [2026-02-02T17:36:42.287+0000] {dag.py:4180} INFO - Setting next_dagrun for load_postrgesql to 2026-01-30 10:00:00+00:00, run_after=2026-01-31 10:00:00+00:00
[2026-02-02T17:36:42.302+0000] {processor.py:208} INFO - Processing /opt/airflow/dags/load_postgresql.py took 0.303 seconds
[2026-02-02T17:37:12.498+0000] {processor.py:186} INFO - Started process (PID=74) to work on /opt/airflow/dags/load_postgresql.py
[2026-02-02T17:37:12.498+0000] {processor.py:914} INFO - Processing file /opt/airflow/dags/load_postgresql.py for tasks to queue
[2026-02-02T17:37:12.500+0000] {logging_mixin.py:190} INFO - [2026-02-02T17:37:12.499+0000] {dagbag.py:588} INFO - Filling up the DagBag from /opt/airflow/dags/load_postgresql.py
[2026-02-02T17:37:12.776+0000] {processor.py:925} INFO - DAG(s) 'load_postrgesql' retrieved from /opt/airflow/dags/load_postgresql.py
[2026-02-02T17:37:12.788+0000] {logging_mixin.py:190} INFO - [2026-02-02T17:37:12.788+0000] {dag.py:3239} INFO - Sync 1 DAGs
[2026-02-02T17:37:12.803+0000] {logging_mixin.py:190} INFO - [2026-02-02T17:37:12.803+0000] {dag.py:4180} INFO - Setting next_dagrun for load_postrgesql to 2026-01-30 10:00:00+00:00, run_after=2026-01-31 10:00:00+00:00
[2026-02-02T17:37:12.818+0000] {processor.py:208} INFO - Processing /opt/airflow/dags/load_postgresql.py took 0.324 seconds
[2026-02-02T17:37:43.013+0000] {processor.py:186} INFO - Started process (PID=79) to work on /opt/airflow/dags/load_postgresql.py
[2026-02-02T17:37:43.014+0000] {processor.py:914} INFO - Processing file /opt/airflow/dags/load_postgresql.py for tasks to queue
[2026-02-02T17:37:43.016+0000] {logging_mixin.py:190} INFO - [2026-02-02T17:37:43.016+0000] {dagbag.py:588} INFO - Filling up the DagBag from /opt/airflow/dags/load_postgresql.py
[2026-02-02T17:37:43.300+0000] {processor.py:925} INFO - DAG(s) 'load_postrgesql' retrieved from /opt/airflow/dags/load_postgresql.py
[2026-02-02T17:37:43.311+0000] {logging_mixin.py:190} INFO - [2026-02-02T17:37:43.311+0000] {dag.py:3239} INFO - Sync 1 DAGs
[2026-02-02T17:37:43.325+0000] {logging_mixin.py:190} INFO - [2026-02-02T17:37:43.325+0000] {dag.py:4180} INFO - Setting next_dagrun for load_postrgesql to 2026-01-30 10:00:00+00:00, run_after=2026-01-31 10:00:00+00:00
[2026-02-02T17:37:43.340+0000] {processor.py:208} INFO - Processing /opt/airflow/dags/load_postgresql.py took 0.332 seconds
[2026-02-02T17:38:13.539+0000] {processor.py:186} INFO - Started process (PID=84) to work on /opt/airflow/dags/load_postgresql.py
[2026-02-02T17:38:13.539+0000] {processor.py:914} INFO - Processing file /opt/airflow/dags/load_postgresql.py for tasks to queue
[2026-02-02T17:38:13.540+0000] {logging_mixin.py:190} INFO - [2026-02-02T17:38:13.540+0000] {dagbag.py:588} INFO - Filling up the DagBag from /opt/airflow/dags/load_postgresql.py
[2026-02-02T17:38:13.817+0000] {processor.py:925} INFO - DAG(s) 'load_postrgesql' retrieved from /opt/airflow/dags/load_postgresql.py
[2026-02-02T17:38:13.827+0000] {logging_mixin.py:190} INFO - [2026-02-02T17:38:13.827+0000] {dag.py:3239} INFO - Sync 1 DAGs
[2026-02-02T17:38:13.840+0000] {logging_mixin.py:190} INFO - [2026-02-02T17:38:13.840+0000] {dag.py:4180} INFO - Setting next_dagrun for load_postrgesql to 2026-01-30 10:00:00+00:00, run_after=2026-01-31 10:00:00+00:00
[2026-02-02T17:38:13.849+0000] {processor.py:208} INFO - Processing /opt/airflow/dags/load_postgresql.py took 0.314 seconds
[2026-02-02T17:38:44.040+0000] {processor.py:186} INFO - Started process (PID=89) to work on /opt/airflow/dags/load_postgresql.py
[2026-02-02T17:38:44.041+0000] {processor.py:914} INFO - Processing file /opt/airflow/dags/load_postgresql.py for tasks to queue
[2026-02-02T17:38:44.042+0000] {logging_mixin.py:190} INFO - [2026-02-02T17:38:44.042+0000] {dagbag.py:588} INFO - Filling up the DagBag from /opt/airflow/dags/load_postgresql.py
[2026-02-02T17:38:44.317+0000] {processor.py:925} INFO - DAG(s) 'load_postrgesql' retrieved from /opt/airflow/dags/load_postgresql.py
[2026-02-02T17:38:44.328+0000] {logging_mixin.py:190} INFO - [2026-02-02T17:38:44.327+0000] {dag.py:3239} INFO - Sync 1 DAGs
[2026-02-02T17:38:44.340+0000] {logging_mixin.py:190} INFO - [2026-02-02T17:38:44.339+0000] {dag.py:4180} INFO - Setting next_dagrun for load_postrgesql to 2026-01-30 10:00:00+00:00, run_after=2026-01-31 10:00:00+00:00
[2026-02-02T17:38:44.354+0000] {processor.py:208} INFO - Processing /opt/airflow/dags/load_postgresql.py took 0.318 seconds
[2026-02-02T17:39:14.554+0000] {processor.py:186} INFO - Started process (PID=94) to work on /opt/airflow/dags/load_postgresql.py
[2026-02-02T17:39:14.560+0000] {processor.py:914} INFO - Processing file /opt/airflow/dags/load_postgresql.py for tasks to queue
[2026-02-02T17:39:14.561+0000] {logging_mixin.py:190} INFO - [2026-02-02T17:39:14.561+0000] {dagbag.py:588} INFO - Filling up the DagBag from /opt/airflow/dags/load_postgresql.py
[2026-02-02T17:39:14.811+0000] {processor.py:925} INFO - DAG(s) 'load_postrgesql' retrieved from /opt/airflow/dags/load_postgresql.py
[2026-02-02T17:39:14.822+0000] {logging_mixin.py:190} INFO - [2026-02-02T17:39:14.822+0000] {dag.py:3239} INFO - Sync 1 DAGs
[2026-02-02T17:39:14.835+0000] {logging_mixin.py:190} INFO - [2026-02-02T17:39:14.834+0000] {dag.py:4180} INFO - Setting next_dagrun for load_postrgesql to 2026-01-30 10:00:00+00:00, run_after=2026-01-31 10:00:00+00:00
[2026-02-02T17:39:14.848+0000] {processor.py:208} INFO - Processing /opt/airflow/dags/load_postgresql.py took 0.298 seconds
[2026-02-02T17:39:45.041+0000] {processor.py:186} INFO - Started process (PID=99) to work on /opt/airflow/dags/load_postgresql.py
[2026-02-02T17:39:45.041+0000] {processor.py:914} INFO - Processing file /opt/airflow/dags/load_postgresql.py for tasks to queue
[2026-02-02T17:39:45.042+0000] {logging_mixin.py:190} INFO - [2026-02-02T17:39:45.042+0000] {dagbag.py:588} INFO - Filling up the DagBag from /opt/airflow/dags/load_postgresql.py
[2026-02-02T17:39:45.297+0000] {processor.py:925} INFO - DAG(s) 'load_postrgesql' retrieved from /opt/airflow/dags/load_postgresql.py
[2026-02-02T17:39:45.308+0000] {logging_mixin.py:190} INFO - [2026-02-02T17:39:45.308+0000] {dag.py:3239} INFO - Sync 1 DAGs
[2026-02-02T17:39:45.319+0000] {logging_mixin.py:190} INFO - [2026-02-02T17:39:45.319+0000] {dag.py:4180} INFO - Setting next_dagrun for load_postrgesql to 2026-01-30 10:00:00+00:00, run_after=2026-01-31 10:00:00+00:00
[2026-02-02T17:39:45.334+0000] {processor.py:208} INFO - Processing /opt/airflow/dags/load_postgresql.py took 0.297 seconds
[2026-02-02T17:40:15.531+0000] {processor.py:186} INFO - Started process (PID=104) to work on /opt/airflow/dags/load_postgresql.py
[2026-02-02T17:40:15.537+0000] {processor.py:914} INFO - Processing file /opt/airflow/dags/load_postgresql.py for tasks to queue
[2026-02-02T17:40:15.538+0000] {logging_mixin.py:190} INFO - [2026-02-02T17:40:15.538+0000] {dagbag.py:588} INFO - Filling up the DagBag from /opt/airflow/dags/load_postgresql.py
[2026-02-02T17:40:15.791+0000] {processor.py:925} INFO - DAG(s) 'load_postrgesql' retrieved from /opt/airflow/dags/load_postgresql.py
[2026-02-02T17:40:15.802+0000] {logging_mixin.py:190} INFO - [2026-02-02T17:40:15.802+0000] {dag.py:3239} INFO - Sync 1 DAGs
[2026-02-02T17:40:15.814+0000] {logging_mixin.py:190} INFO - [2026-02-02T17:40:15.814+0000] {dag.py:4180} INFO - Setting next_dagrun for load_postrgesql to 2026-01-30 10:00:00+00:00, run_after=2026-01-31 10:00:00+00:00
[2026-02-02T17:40:15.824+0000] {processor.py:208} INFO - Processing /opt/airflow/dags/load_postgresql.py took 0.296 seconds
[2026-02-02T17:40:46.024+0000] {processor.py:186} INFO - Started process (PID=109) to work on /opt/airflow/dags/load_postgresql.py
[2026-02-02T17:40:46.025+0000] {processor.py:914} INFO - Processing file /opt/airflow/dags/load_postgresql.py for tasks to queue
[2026-02-02T17:40:46.026+0000] {logging_mixin.py:190} INFO - [2026-02-02T17:40:46.026+0000] {dagbag.py:588} INFO - Filling up the DagBag from /opt/airflow/dags/load_postgresql.py
[2026-02-02T17:40:46.279+0000] {processor.py:925} INFO - DAG(s) 'load_postrgesql' retrieved from /opt/airflow/dags/load_postgresql.py
[2026-02-02T17:40:46.290+0000] {logging_mixin.py:190} INFO - [2026-02-02T17:40:46.289+0000] {dag.py:3239} INFO - Sync 1 DAGs
[2026-02-02T17:40:46.302+0000] {logging_mixin.py:190} INFO - [2026-02-02T17:40:46.302+0000] {dag.py:4180} INFO - Setting next_dagrun for load_postrgesql to 2026-01-30 10:00:00+00:00, run_after=2026-01-31 10:00:00+00:00
[2026-02-02T17:40:46.316+0000] {processor.py:208} INFO - Processing /opt/airflow/dags/load_postgresql.py took 0.295 seconds
[2026-02-02T17:41:16.518+0000] {processor.py:186} INFO - Started process (PID=114) to work on /opt/airflow/dags/load_postgresql.py
[2026-02-02T17:41:16.523+0000] {processor.py:914} INFO - Processing file /opt/airflow/dags/load_postgresql.py for tasks to queue
[2026-02-02T17:41:16.524+0000] {logging_mixin.py:190} INFO - [2026-02-02T17:41:16.524+0000] {dagbag.py:588} INFO - Filling up the DagBag from /opt/airflow/dags/load_postgresql.py
[2026-02-02T17:41:16.778+0000] {processor.py:925} INFO - DAG(s) 'load_postrgesql' retrieved from /opt/airflow/dags/load_postgresql.py
[2026-02-02T17:41:16.789+0000] {logging_mixin.py:190} INFO - [2026-02-02T17:41:16.789+0000] {dag.py:3239} INFO - Sync 1 DAGs
[2026-02-02T17:41:16.801+0000] {logging_mixin.py:190} INFO - [2026-02-02T17:41:16.800+0000] {dag.py:4180} INFO - Setting next_dagrun for load_postrgesql to 2026-01-30 10:00:00+00:00, run_after=2026-01-31 10:00:00+00:00
[2026-02-02T17:41:16.815+0000] {processor.py:208} INFO - Processing /opt/airflow/dags/load_postgresql.py took 0.300 seconds
[2026-02-02T17:41:47.008+0000] {processor.py:186} INFO - Started process (PID=119) to work on /opt/airflow/dags/load_postgresql.py
[2026-02-02T17:41:47.008+0000] {processor.py:914} INFO - Processing file /opt/airflow/dags/load_postgresql.py for tasks to queue
[2026-02-02T17:41:47.009+0000] {logging_mixin.py:190} INFO - [2026-02-02T17:41:47.009+0000] {dagbag.py:588} INFO - Filling up the DagBag from /opt/airflow/dags/load_postgresql.py
[2026-02-02T17:41:47.260+0000] {processor.py:925} INFO - DAG(s) 'load_postrgesql' retrieved from /opt/airflow/dags/load_postgresql.py
[2026-02-02T17:41:47.271+0000] {logging_mixin.py:190} INFO - [2026-02-02T17:41:47.271+0000] {dag.py:3239} INFO - Sync 1 DAGs
[2026-02-02T17:41:47.284+0000] {logging_mixin.py:190} INFO - [2026-02-02T17:41:47.284+0000] {dag.py:4180} INFO - Setting next_dagrun for load_postrgesql to 2026-01-30 10:00:00+00:00, run_after=2026-01-31 10:00:00+00:00
[2026-02-02T17:41:47.294+0000] {processor.py:208} INFO - Processing /opt/airflow/dags/load_postgresql.py took 0.290 seconds
[2026-02-02T17:42:17.505+0000] {processor.py:186} INFO - Started process (PID=124) to work on /opt/airflow/dags/load_postgresql.py
[2026-02-02T17:42:17.510+0000] {processor.py:914} INFO - Processing file /opt/airflow/dags/load_postgresql.py for tasks to queue
[2026-02-02T17:42:17.511+0000] {logging_mixin.py:190} INFO - [2026-02-02T17:42:17.511+0000] {dagbag.py:588} INFO - Filling up the DagBag from /opt/airflow/dags/load_postgresql.py
[2026-02-02T17:42:17.793+0000] {processor.py:925} INFO - DAG(s) 'load_postrgesql' retrieved from /opt/airflow/dags/load_postgresql.py
[2026-02-02T17:42:17.805+0000] {logging_mixin.py:190} INFO - [2026-02-02T17:42:17.805+0000] {dag.py:3239} INFO - Sync 1 DAGs
[2026-02-02T17:42:17.819+0000] {logging_mixin.py:190} INFO - [2026-02-02T17:42:17.819+0000] {dag.py:4180} INFO - Setting next_dagrun for load_postrgesql to 2026-01-30 10:00:00+00:00, run_after=2026-01-31 10:00:00+00:00
[2026-02-02T17:42:17.835+0000] {processor.py:208} INFO - Processing /opt/airflow/dags/load_postgresql.py took 0.334 seconds
[2026-02-02T17:42:48.034+0000] {processor.py:186} INFO - Started process (PID=129) to work on /opt/airflow/dags/load_postgresql.py
[2026-02-02T17:42:48.035+0000] {processor.py:914} INFO - Processing file /opt/airflow/dags/load_postgresql.py for tasks to queue
[2026-02-02T17:42:48.036+0000] {logging_mixin.py:190} INFO - [2026-02-02T17:42:48.036+0000] {dagbag.py:588} INFO - Filling up the DagBag from /opt/airflow/dags/load_postgresql.py
[2026-02-02T17:42:48.286+0000] {processor.py:925} INFO - DAG(s) 'load_postrgesql' retrieved from /opt/airflow/dags/load_postgresql.py
[2026-02-02T17:42:48.296+0000] {logging_mixin.py:190} INFO - [2026-02-02T17:42:48.296+0000] {dag.py:3239} INFO - Sync 1 DAGs
[2026-02-02T17:42:48.308+0000] {logging_mixin.py:190} INFO - [2026-02-02T17:42:48.308+0000] {dag.py:4180} INFO - Setting next_dagrun for load_postrgesql to 2026-01-30 10:00:00+00:00, run_after=2026-01-31 10:00:00+00:00
[2026-02-02T17:42:48.323+0000] {processor.py:208} INFO - Processing /opt/airflow/dags/load_postgresql.py took 0.292 seconds
