[2026-02-02T16:56:21.284+0000] {local_task_job_runner.py:123} INFO - ::group::Pre task execution logs
[2026-02-02T16:56:21.299+0000] {taskinstance.py:2614} INFO - Dependencies all met for dep_context=non-requeueable deps ti=<TaskInstance: parse_iot.sort_in_out scheduled__2026-02-01T10:00:00+00:00 [queued]>
[2026-02-02T16:56:21.305+0000] {taskinstance.py:2614} INFO - Dependencies all met for dep_context=requeueable deps ti=<TaskInstance: parse_iot.sort_in_out scheduled__2026-02-01T10:00:00+00:00 [queued]>
[2026-02-02T16:56:21.306+0000] {taskinstance.py:2867} INFO - Starting attempt 4 of 7
[2026-02-02T16:56:21.312+0000] {taskinstance.py:2890} INFO - Executing <Task(PythonOperator): sort_in_out> on 2026-02-01 10:00:00+00:00
[2026-02-02T16:56:21.317+0000] {standard_task_runner.py:72} INFO - Started process 900 to run task
[2026-02-02T16:56:21.319+0000] {standard_task_runner.py:104} INFO - Running: ['***', 'tasks', 'run', 'parse_iot', 'sort_in_out', 'scheduled__2026-02-01T10:00:00+00:00', '--job-id', '250', '--raw', '--subdir', 'DAGS_FOLDER/parse_iot.py', '--cfg-path', '/tmp/tmpl4v5o1id']
[2026-02-02T16:56:21.320+0000] {standard_task_runner.py:105} INFO - Job 250: Subtask sort_in_out
[2026-02-02T16:56:21.328+0000] {warnings.py:109} WARNING - /home/***/.local/lib/python3.9/site-packages/***/settings.py:209: DeprecationWarning: The sql_alchemy_conn option in [core] has been moved to the sql_alchemy_conn option in [database] - the old setting has been used, but please update your config.
  SQL_ALCHEMY_CONN = conf.get("database", "SQL_ALCHEMY_CONN")

[2026-02-02T16:56:21.348+0000] {task_command.py:467} INFO - Running <TaskInstance: parse_iot.sort_in_out scheduled__2026-02-01T10:00:00+00:00 [running]> on host 62d0328142ca
[2026-02-02T16:56:21.349+0000] {warnings.py:109} WARNING - /home/***/.local/lib/python3.9/site-packages/***/settings.py:470: DeprecationWarning: The sql_alchemy_conn option in [core] has been moved to the sql_alchemy_conn option in [database] - the old setting has been used, but please update your config.
  if conf.get("database", "sql_alchemy_conn") == "none://":

[2026-02-02T16:56:21.395+0000] {taskinstance.py:3134} INFO - Exporting env vars: AIRFLOW_CTX_DAG_OWNER='a.sorokin' AIRFLOW_CTX_DAG_ID='parse_iot' AIRFLOW_CTX_TASK_ID='sort_in_out' AIRFLOW_CTX_EXECUTION_DATE='2026-02-01T10:00:00+00:00' AIRFLOW_CTX_TRY_NUMBER='4' AIRFLOW_CTX_DAG_RUN_ID='scheduled__2026-02-01T10:00:00+00:00'
[2026-02-02T16:56:21.395+0000] {taskinstance.py:732} INFO - ::endgroup::
[2026-02-02T16:56:21.402+0000] {parse_iot.py:102} INFO - text
[2026-02-02T16:56:21.402+0000] {python.py:240} INFO - Done. Returned value was: None
[2026-02-02T16:56:21.408+0000] {taskinstance.py:341} INFO - ::group::Post task execution logs
[2026-02-02T16:56:21.409+0000] {taskinstance.py:353} INFO - Marking task as SUCCESS. dag_id=parse_iot, task_id=sort_in_out, run_id=scheduled__2026-02-01T10:00:00+00:00, execution_date=20260201T100000, start_date=20260202T165621, end_date=20260202T165621
[2026-02-02T16:56:21.451+0000] {local_task_job_runner.py:266} INFO - Task exited with return code 0
[2026-02-02T16:56:21.465+0000] {taskinstance.py:3901} INFO - 0 downstream tasks scheduled from follow-on schedule check
[2026-02-02T16:56:21.466+0000] {local_task_job_runner.py:245} INFO - ::endgroup::
