[2026-02-02T16:39:08.118+0000] {local_task_job_runner.py:123} INFO - ::group::Pre task execution logs
[2026-02-02T16:39:08.133+0000] {taskinstance.py:2614} INFO - Dependencies all met for dep_context=non-requeueable deps ti=<TaskInstance: parse_iot.sort_in_out scheduled__2026-02-01T10:00:00+00:00 [queued]>
[2026-02-02T16:39:08.139+0000] {taskinstance.py:2614} INFO - Dependencies all met for dep_context=requeueable deps ti=<TaskInstance: parse_iot.sort_in_out scheduled__2026-02-01T10:00:00+00:00 [queued]>
[2026-02-02T16:39:08.140+0000] {taskinstance.py:2867} INFO - Starting attempt 1 of 4
[2026-02-02T16:39:08.146+0000] {taskinstance.py:2890} INFO - Executing <Task(PythonOperator): sort_in_out> on 2026-02-01 10:00:00+00:00
[2026-02-02T16:39:08.151+0000] {standard_task_runner.py:72} INFO - Started process 708 to run task
[2026-02-02T16:39:08.153+0000] {standard_task_runner.py:104} INFO - Running: ['***', 'tasks', 'run', 'parse_iot', 'sort_in_out', 'scheduled__2026-02-01T10:00:00+00:00', '--job-id', '204', '--raw', '--subdir', 'DAGS_FOLDER/parse_iot.py', '--cfg-path', '/tmp/tmp2hdryn64']
[2026-02-02T16:39:08.154+0000] {standard_task_runner.py:105} INFO - Job 204: Subtask sort_in_out
[2026-02-02T16:39:08.163+0000] {warnings.py:109} WARNING - /home/***/.local/lib/python3.9/site-packages/***/settings.py:209: DeprecationWarning: The sql_alchemy_conn option in [core] has been moved to the sql_alchemy_conn option in [database] - the old setting has been used, but please update your config.
  SQL_ALCHEMY_CONN = conf.get("database", "SQL_ALCHEMY_CONN")

[2026-02-02T16:39:08.183+0000] {task_command.py:467} INFO - Running <TaskInstance: parse_iot.sort_in_out scheduled__2026-02-01T10:00:00+00:00 [running]> on host 62d0328142ca
[2026-02-02T16:39:08.183+0000] {warnings.py:109} WARNING - /home/***/.local/lib/python3.9/site-packages/***/settings.py:470: DeprecationWarning: The sql_alchemy_conn option in [core] has been moved to the sql_alchemy_conn option in [database] - the old setting has been used, but please update your config.
  if conf.get("database", "sql_alchemy_conn") == "none://":

[2026-02-02T16:39:08.230+0000] {taskinstance.py:3134} INFO - Exporting env vars: AIRFLOW_CTX_DAG_OWNER='a.sorokin' AIRFLOW_CTX_DAG_ID='parse_iot' AIRFLOW_CTX_TASK_ID='sort_in_out' AIRFLOW_CTX_EXECUTION_DATE='2026-02-01T10:00:00+00:00' AIRFLOW_CTX_TRY_NUMBER='1' AIRFLOW_CTX_DAG_RUN_ID='scheduled__2026-02-01T10:00:00+00:00'
[2026-02-02T16:39:08.231+0000] {taskinstance.py:732} INFO - ::endgroup::
[2026-02-02T16:39:08.238+0000] {parse_iot.py:97} INFO - text
[2026-02-02T16:39:08.238+0000] {python.py:240} INFO - Done. Returned value was: None
[2026-02-02T16:39:08.245+0000] {taskinstance.py:341} INFO - ::group::Post task execution logs
[2026-02-02T16:39:08.245+0000] {taskinstance.py:353} INFO - Marking task as SUCCESS. dag_id=parse_iot, task_id=sort_in_out, run_id=scheduled__2026-02-01T10:00:00+00:00, execution_date=20260201T100000, start_date=20260202T163908, end_date=20260202T163908
[2026-02-02T16:39:08.284+0000] {local_task_job_runner.py:266} INFO - Task exited with return code 0
[2026-02-02T16:39:08.299+0000] {taskinstance.py:3901} INFO - 0 downstream tasks scheduled from follow-on schedule check
[2026-02-02T16:39:08.300+0000] {local_task_job_runner.py:245} INFO - ::endgroup::
[2026-02-14T16:33:13.933+0000] {local_task_job_runner.py:123} INFO - ::group::Pre task execution logs
[2026-02-14T16:33:13.952+0000] {taskinstance.py:2614} INFO - Dependencies all met for dep_context=non-requeueable deps ti=<TaskInstance: parse_iot.sort_in_out scheduled__2026-02-01T10:00:00+00:00 [queued]>
[2026-02-14T16:33:13.958+0000] {taskinstance.py:2614} INFO - Dependencies all met for dep_context=requeueable deps ti=<TaskInstance: parse_iot.sort_in_out scheduled__2026-02-01T10:00:00+00:00 [queued]>
[2026-02-14T16:33:13.958+0000] {taskinstance.py:2867} INFO - Starting attempt 1 of 4
[2026-02-14T16:33:13.965+0000] {taskinstance.py:2890} INFO - Executing <Task(PythonOperator): sort_in_out> on 2026-02-01 10:00:00+00:00
[2026-02-14T16:33:13.969+0000] {standard_task_runner.py:72} INFO - Started process 479 to run task
[2026-02-14T16:33:13.971+0000] {standard_task_runner.py:104} INFO - Running: ['***', 'tasks', 'run', 'parse_iot', 'sort_in_out', 'scheduled__2026-02-01T10:00:00+00:00', '--job-id', '103', '--raw', '--subdir', 'DAGS_FOLDER/parse_iot.py', '--cfg-path', '/tmp/tmpmh1wxcz2']
[2026-02-14T16:33:13.973+0000] {standard_task_runner.py:105} INFO - Job 103: Subtask sort_in_out
[2026-02-14T16:33:13.981+0000] {warnings.py:109} WARNING - /home/***/.local/lib/python3.9/site-packages/***/settings.py:209: DeprecationWarning: The sql_alchemy_conn option in [core] has been moved to the sql_alchemy_conn option in [database] - the old setting has been used, but please update your config.
  SQL_ALCHEMY_CONN = conf.get("database", "SQL_ALCHEMY_CONN")

[2026-02-14T16:33:14.001+0000] {task_command.py:467} INFO - Running <TaskInstance: parse_iot.sort_in_out scheduled__2026-02-01T10:00:00+00:00 [running]> on host a5c4ed865bb5
[2026-02-14T16:33:14.002+0000] {warnings.py:109} WARNING - /home/***/.local/lib/python3.9/site-packages/***/settings.py:470: DeprecationWarning: The sql_alchemy_conn option in [core] has been moved to the sql_alchemy_conn option in [database] - the old setting has been used, but please update your config.
  if conf.get("database", "sql_alchemy_conn") == "none://":

[2026-02-14T16:33:14.043+0000] {taskinstance.py:3134} INFO - Exporting env vars: AIRFLOW_CTX_DAG_OWNER='a.sorokin' AIRFLOW_CTX_DAG_ID='parse_iot' AIRFLOW_CTX_TASK_ID='sort_in_out' AIRFLOW_CTX_EXECUTION_DATE='2026-02-01T10:00:00+00:00' AIRFLOW_CTX_TRY_NUMBER='1' AIRFLOW_CTX_DAG_RUN_ID='scheduled__2026-02-01T10:00:00+00:00'
[2026-02-14T16:33:14.043+0000] {taskinstance.py:732} INFO - ::endgroup::
[2026-02-14T16:33:14.050+0000] {parse_iot.py:102} INFO - text
[2026-02-14T16:33:14.050+0000] {python.py:240} INFO - Done. Returned value was: None
[2026-02-14T16:33:14.056+0000] {taskinstance.py:341} INFO - ::group::Post task execution logs
[2026-02-14T16:33:14.056+0000] {taskinstance.py:353} INFO - Marking task as SUCCESS. dag_id=parse_iot, task_id=sort_in_out, run_id=scheduled__2026-02-01T10:00:00+00:00, execution_date=20260201T100000, start_date=20260214T163313, end_date=20260214T163314
[2026-02-14T16:33:14.103+0000] {local_task_job_runner.py:266} INFO - Task exited with return code 0
[2026-02-14T16:33:14.120+0000] {taskinstance.py:3901} INFO - 0 downstream tasks scheduled from follow-on schedule check
[2026-02-14T16:33:14.121+0000] {local_task_job_runner.py:245} INFO - ::endgroup::
[2026-02-14T17:50:28.769+0000] {local_task_job_runner.py:123} INFO - ::group::Pre task execution logs
[2026-02-14T17:50:28.787+0000] {taskinstance.py:2614} INFO - Dependencies all met for dep_context=non-requeueable deps ti=<TaskInstance: parse_iot.sort_in_out scheduled__2026-02-01T10:00:00+00:00 [queued]>
[2026-02-14T17:50:28.795+0000] {taskinstance.py:2614} INFO - Dependencies all met for dep_context=requeueable deps ti=<TaskInstance: parse_iot.sort_in_out scheduled__2026-02-01T10:00:00+00:00 [queued]>
[2026-02-14T17:50:28.795+0000] {taskinstance.py:2867} INFO - Starting attempt 1 of 4
[2026-02-14T17:50:28.802+0000] {taskinstance.py:2890} INFO - Executing <Task(PythonOperator): sort_in_out> on 2026-02-01 10:00:00+00:00
[2026-02-14T17:50:28.807+0000] {standard_task_runner.py:72} INFO - Started process 509 to run task
[2026-02-14T17:50:28.810+0000] {standard_task_runner.py:104} INFO - Running: ['***', 'tasks', 'run', 'parse_iot', 'sort_in_out', 'scheduled__2026-02-01T10:00:00+00:00', '--job-id', '110', '--raw', '--subdir', 'DAGS_FOLDER/parse_iot.py', '--cfg-path', '/tmp/tmpl11ost0i']
[2026-02-14T17:50:28.811+0000] {standard_task_runner.py:105} INFO - Job 110: Subtask sort_in_out
[2026-02-14T17:50:28.820+0000] {warnings.py:109} WARNING - /home/***/.local/lib/python3.9/site-packages/***/settings.py:209: DeprecationWarning: The sql_alchemy_conn option in [core] has been moved to the sql_alchemy_conn option in [database] - the old setting has been used, but please update your config.
  SQL_ALCHEMY_CONN = conf.get("database", "SQL_ALCHEMY_CONN")

[2026-02-14T17:50:28.844+0000] {task_command.py:467} INFO - Running <TaskInstance: parse_iot.sort_in_out scheduled__2026-02-01T10:00:00+00:00 [running]> on host 9052c134cdec
[2026-02-14T17:50:28.844+0000] {warnings.py:109} WARNING - /home/***/.local/lib/python3.9/site-packages/***/settings.py:470: DeprecationWarning: The sql_alchemy_conn option in [core] has been moved to the sql_alchemy_conn option in [database] - the old setting has been used, but please update your config.
  if conf.get("database", "sql_alchemy_conn") == "none://":

[2026-02-14T17:50:28.891+0000] {taskinstance.py:3134} INFO - Exporting env vars: AIRFLOW_CTX_DAG_OWNER='a.sorokin' AIRFLOW_CTX_DAG_ID='parse_iot' AIRFLOW_CTX_TASK_ID='sort_in_out' AIRFLOW_CTX_EXECUTION_DATE='2026-02-01T10:00:00+00:00' AIRFLOW_CTX_TRY_NUMBER='1' AIRFLOW_CTX_DAG_RUN_ID='scheduled__2026-02-01T10:00:00+00:00'
[2026-02-14T17:50:28.892+0000] {taskinstance.py:732} INFO - ::endgroup::
[2026-02-14T17:50:28.900+0000] {parse_iot.py:102} INFO - text
[2026-02-14T17:50:28.900+0000] {python.py:240} INFO - Done. Returned value was: None
[2026-02-14T17:50:28.906+0000] {taskinstance.py:341} INFO - ::group::Post task execution logs
[2026-02-14T17:50:28.907+0000] {taskinstance.py:353} INFO - Marking task as SUCCESS. dag_id=parse_iot, task_id=sort_in_out, run_id=scheduled__2026-02-01T10:00:00+00:00, execution_date=20260201T100000, start_date=20260214T175028, end_date=20260214T175028
[2026-02-14T17:50:28.941+0000] {local_task_job_runner.py:266} INFO - Task exited with return code 0
[2026-02-14T17:50:28.964+0000] {taskinstance.py:3901} INFO - 0 downstream tasks scheduled from follow-on schedule check
[2026-02-14T17:50:28.965+0000] {local_task_job_runner.py:245} INFO - ::endgroup::
[2026-02-14T18:15:07.580+0000] {local_task_job_runner.py:123} INFO - ::group::Pre task execution logs
[2026-02-14T18:15:07.595+0000] {taskinstance.py:2614} INFO - Dependencies all met for dep_context=non-requeueable deps ti=<TaskInstance: parse_iot.sort_in_out scheduled__2026-02-01T10:00:00+00:00 [queued]>
[2026-02-14T18:15:07.601+0000] {taskinstance.py:2614} INFO - Dependencies all met for dep_context=requeueable deps ti=<TaskInstance: parse_iot.sort_in_out scheduled__2026-02-01T10:00:00+00:00 [queued]>
[2026-02-14T18:15:07.602+0000] {taskinstance.py:2867} INFO - Starting attempt 1 of 4
[2026-02-14T18:15:07.609+0000] {taskinstance.py:2890} INFO - Executing <Task(PythonOperator): sort_in_out> on 2026-02-01 10:00:00+00:00
[2026-02-14T18:15:07.614+0000] {standard_task_runner.py:72} INFO - Started process 387 to run task
[2026-02-14T18:15:07.616+0000] {standard_task_runner.py:104} INFO - Running: ['***', 'tasks', 'run', 'parse_iot', 'sort_in_out', 'scheduled__2026-02-01T10:00:00+00:00', '--job-id', '80', '--raw', '--subdir', 'DAGS_FOLDER/parse_iot.py', '--cfg-path', '/tmp/tmp05xyoogu']
[2026-02-14T18:15:07.617+0000] {standard_task_runner.py:105} INFO - Job 80: Subtask sort_in_out
[2026-02-14T18:15:07.626+0000] {warnings.py:109} WARNING - /home/***/.local/lib/python3.9/site-packages/***/settings.py:209: DeprecationWarning: The sql_alchemy_conn option in [core] has been moved to the sql_alchemy_conn option in [database] - the old setting has been used, but please update your config.
  SQL_ALCHEMY_CONN = conf.get("database", "SQL_ALCHEMY_CONN")

[2026-02-14T18:15:07.647+0000] {task_command.py:467} INFO - Running <TaskInstance: parse_iot.sort_in_out scheduled__2026-02-01T10:00:00+00:00 [running]> on host bb762b62a2c2
[2026-02-14T18:15:07.648+0000] {warnings.py:109} WARNING - /home/***/.local/lib/python3.9/site-packages/***/settings.py:470: DeprecationWarning: The sql_alchemy_conn option in [core] has been moved to the sql_alchemy_conn option in [database] - the old setting has been used, but please update your config.
  if conf.get("database", "sql_alchemy_conn") == "none://":

[2026-02-14T18:15:07.695+0000] {taskinstance.py:3134} INFO - Exporting env vars: AIRFLOW_CTX_DAG_OWNER='a.sorokin' AIRFLOW_CTX_DAG_ID='parse_iot' AIRFLOW_CTX_TASK_ID='sort_in_out' AIRFLOW_CTX_EXECUTION_DATE='2026-02-01T10:00:00+00:00' AIRFLOW_CTX_TRY_NUMBER='1' AIRFLOW_CTX_DAG_RUN_ID='scheduled__2026-02-01T10:00:00+00:00'
[2026-02-14T18:15:07.696+0000] {taskinstance.py:732} INFO - ::endgroup::
[2026-02-14T18:15:07.703+0000] {parse_iot.py:102} INFO - text
[2026-02-14T18:15:07.703+0000] {python.py:240} INFO - Done. Returned value was: None
[2026-02-14T18:15:07.710+0000] {taskinstance.py:341} INFO - ::group::Post task execution logs
[2026-02-14T18:15:07.710+0000] {taskinstance.py:353} INFO - Marking task as SUCCESS. dag_id=parse_iot, task_id=sort_in_out, run_id=scheduled__2026-02-01T10:00:00+00:00, execution_date=20260201T100000, start_date=20260214T181507, end_date=20260214T181507
[2026-02-14T18:15:07.748+0000] {local_task_job_runner.py:266} INFO - Task exited with return code 0
[2026-02-14T18:15:07.765+0000] {taskinstance.py:3901} INFO - 0 downstream tasks scheduled from follow-on schedule check
[2026-02-14T18:15:07.766+0000] {local_task_job_runner.py:245} INFO - ::endgroup::
