[2026-02-14T16:34:33.491+0000] {local_task_job_runner.py:123} INFO - ::group::Pre task execution logs
[2026-02-14T16:34:33.511+0000] {taskinstance.py:2614} INFO - Dependencies all met for dep_context=non-requeueable deps ti=<TaskInstance: parse_iot.sort_in_out scheduled__2026-02-06T10:00:00+00:00 [queued]>
[2026-02-14T16:34:33.518+0000] {taskinstance.py:2614} INFO - Dependencies all met for dep_context=requeueable deps ti=<TaskInstance: parse_iot.sort_in_out scheduled__2026-02-06T10:00:00+00:00 [queued]>
[2026-02-14T16:34:33.518+0000] {taskinstance.py:2867} INFO - Starting attempt 1 of 4
[2026-02-14T16:34:33.526+0000] {taskinstance.py:2890} INFO - Executing <Task(PythonOperator): sort_in_out> on 2026-02-06 10:00:00+00:00
[2026-02-14T16:34:33.530+0000] {standard_task_runner.py:72} INFO - Started process 647 to run task
[2026-02-14T16:34:33.532+0000] {standard_task_runner.py:104} INFO - Running: ['***', 'tasks', 'run', 'parse_iot', 'sort_in_out', 'scheduled__2026-02-06T10:00:00+00:00', '--job-id', '145', '--raw', '--subdir', 'DAGS_FOLDER/parse_iot.py', '--cfg-path', '/tmp/tmpbhcn9ewz']
[2026-02-14T16:34:33.534+0000] {standard_task_runner.py:105} INFO - Job 145: Subtask sort_in_out
[2026-02-14T16:34:33.543+0000] {warnings.py:109} WARNING - /home/***/.local/lib/python3.9/site-packages/***/settings.py:209: DeprecationWarning: The sql_alchemy_conn option in [core] has been moved to the sql_alchemy_conn option in [database] - the old setting has been used, but please update your config.
  SQL_ALCHEMY_CONN = conf.get("database", "SQL_ALCHEMY_CONN")

[2026-02-14T16:34:33.564+0000] {task_command.py:467} INFO - Running <TaskInstance: parse_iot.sort_in_out scheduled__2026-02-06T10:00:00+00:00 [running]> on host a5c4ed865bb5
[2026-02-14T16:34:33.565+0000] {warnings.py:109} WARNING - /home/***/.local/lib/python3.9/site-packages/***/settings.py:470: DeprecationWarning: The sql_alchemy_conn option in [core] has been moved to the sql_alchemy_conn option in [database] - the old setting has been used, but please update your config.
  if conf.get("database", "sql_alchemy_conn") == "none://":

[2026-02-14T16:34:33.616+0000] {taskinstance.py:3134} INFO - Exporting env vars: AIRFLOW_CTX_DAG_OWNER='a.sorokin' AIRFLOW_CTX_DAG_ID='parse_iot' AIRFLOW_CTX_TASK_ID='sort_in_out' AIRFLOW_CTX_EXECUTION_DATE='2026-02-06T10:00:00+00:00' AIRFLOW_CTX_TRY_NUMBER='1' AIRFLOW_CTX_DAG_RUN_ID='scheduled__2026-02-06T10:00:00+00:00'
[2026-02-14T16:34:33.616+0000] {taskinstance.py:732} INFO - ::endgroup::
[2026-02-14T16:34:33.624+0000] {parse_iot.py:102} INFO - text
[2026-02-14T16:34:33.624+0000] {python.py:240} INFO - Done. Returned value was: None
[2026-02-14T16:34:33.631+0000] {taskinstance.py:341} INFO - ::group::Post task execution logs
[2026-02-14T16:34:33.631+0000] {taskinstance.py:353} INFO - Marking task as SUCCESS. dag_id=parse_iot, task_id=sort_in_out, run_id=scheduled__2026-02-06T10:00:00+00:00, execution_date=20260206T100000, start_date=20260214T163433, end_date=20260214T163433
[2026-02-14T16:34:33.664+0000] {local_task_job_runner.py:266} INFO - Task exited with return code 0
[2026-02-14T16:34:33.671+0000] {local_task_job_runner.py:245} INFO - ::endgroup::
[2026-02-14T17:51:59.771+0000] {local_task_job_runner.py:123} INFO - ::group::Pre task execution logs
[2026-02-14T17:51:59.789+0000] {taskinstance.py:2614} INFO - Dependencies all met for dep_context=non-requeueable deps ti=<TaskInstance: parse_iot.sort_in_out scheduled__2026-02-06T10:00:00+00:00 [queued]>
[2026-02-14T17:51:59.795+0000] {taskinstance.py:2614} INFO - Dependencies all met for dep_context=requeueable deps ti=<TaskInstance: parse_iot.sort_in_out scheduled__2026-02-06T10:00:00+00:00 [queued]>
[2026-02-14T17:51:59.795+0000] {taskinstance.py:2867} INFO - Starting attempt 1 of 4
[2026-02-14T17:51:59.803+0000] {taskinstance.py:2890} INFO - Executing <Task(PythonOperator): sort_in_out> on 2026-02-06 10:00:00+00:00
[2026-02-14T17:51:59.807+0000] {standard_task_runner.py:72} INFO - Started process 659 to run task
[2026-02-14T17:51:59.809+0000] {standard_task_runner.py:104} INFO - Running: ['***', 'tasks', 'run', 'parse_iot', 'sort_in_out', 'scheduled__2026-02-06T10:00:00+00:00', '--job-id', '148', '--raw', '--subdir', 'DAGS_FOLDER/parse_iot.py', '--cfg-path', '/tmp/tmpdp25vmuk']
[2026-02-14T17:51:59.811+0000] {standard_task_runner.py:105} INFO - Job 148: Subtask sort_in_out
[2026-02-14T17:51:59.819+0000] {warnings.py:109} WARNING - /home/***/.local/lib/python3.9/site-packages/***/settings.py:209: DeprecationWarning: The sql_alchemy_conn option in [core] has been moved to the sql_alchemy_conn option in [database] - the old setting has been used, but please update your config.
  SQL_ALCHEMY_CONN = conf.get("database", "SQL_ALCHEMY_CONN")

[2026-02-14T17:51:59.841+0000] {task_command.py:467} INFO - Running <TaskInstance: parse_iot.sort_in_out scheduled__2026-02-06T10:00:00+00:00 [running]> on host 9052c134cdec
[2026-02-14T17:51:59.842+0000] {warnings.py:109} WARNING - /home/***/.local/lib/python3.9/site-packages/***/settings.py:470: DeprecationWarning: The sql_alchemy_conn option in [core] has been moved to the sql_alchemy_conn option in [database] - the old setting has been used, but please update your config.
  if conf.get("database", "sql_alchemy_conn") == "none://":

[2026-02-14T17:51:59.887+0000] {taskinstance.py:3134} INFO - Exporting env vars: AIRFLOW_CTX_DAG_OWNER='a.sorokin' AIRFLOW_CTX_DAG_ID='parse_iot' AIRFLOW_CTX_TASK_ID='sort_in_out' AIRFLOW_CTX_EXECUTION_DATE='2026-02-06T10:00:00+00:00' AIRFLOW_CTX_TRY_NUMBER='1' AIRFLOW_CTX_DAG_RUN_ID='scheduled__2026-02-06T10:00:00+00:00'
[2026-02-14T17:51:59.888+0000] {taskinstance.py:732} INFO - ::endgroup::
[2026-02-14T17:51:59.895+0000] {parse_iot.py:102} INFO - text
[2026-02-14T17:51:59.895+0000] {python.py:240} INFO - Done. Returned value was: None
[2026-02-14T17:51:59.902+0000] {taskinstance.py:341} INFO - ::group::Post task execution logs
[2026-02-14T17:51:59.902+0000] {taskinstance.py:353} INFO - Marking task as SUCCESS. dag_id=parse_iot, task_id=sort_in_out, run_id=scheduled__2026-02-06T10:00:00+00:00, execution_date=20260206T100000, start_date=20260214T175159, end_date=20260214T175159
[2026-02-14T17:51:59.941+0000] {local_task_job_runner.py:266} INFO - Task exited with return code 0
[2026-02-14T17:51:59.958+0000] {taskinstance.py:3901} INFO - 0 downstream tasks scheduled from follow-on schedule check
[2026-02-14T17:51:59.959+0000] {local_task_job_runner.py:245} INFO - ::endgroup::
[2026-02-14T18:16:48.052+0000] {local_task_job_runner.py:123} INFO - ::group::Pre task execution logs
[2026-02-14T18:16:48.068+0000] {taskinstance.py:2614} INFO - Dependencies all met for dep_context=non-requeueable deps ti=<TaskInstance: parse_iot.sort_in_out scheduled__2026-02-06T10:00:00+00:00 [queued]>
[2026-02-14T18:16:48.075+0000] {taskinstance.py:2614} INFO - Dependencies all met for dep_context=requeueable deps ti=<TaskInstance: parse_iot.sort_in_out scheduled__2026-02-06T10:00:00+00:00 [queued]>
[2026-02-14T18:16:48.076+0000] {taskinstance.py:2867} INFO - Starting attempt 1 of 4
[2026-02-14T18:16:48.082+0000] {taskinstance.py:2890} INFO - Executing <Task(PythonOperator): sort_in_out> on 2026-02-06 10:00:00+00:00
[2026-02-14T18:16:48.087+0000] {standard_task_runner.py:72} INFO - Started process 511 to run task
[2026-02-14T18:16:48.089+0000] {standard_task_runner.py:104} INFO - Running: ['***', 'tasks', 'run', 'parse_iot', 'sort_in_out', 'scheduled__2026-02-06T10:00:00+00:00', '--job-id', '111', '--raw', '--subdir', 'DAGS_FOLDER/parse_iot.py', '--cfg-path', '/tmp/tmpanng7ybh']
[2026-02-14T18:16:48.091+0000] {standard_task_runner.py:105} INFO - Job 111: Subtask sort_in_out
[2026-02-14T18:16:48.099+0000] {warnings.py:109} WARNING - /home/***/.local/lib/python3.9/site-packages/***/settings.py:209: DeprecationWarning: The sql_alchemy_conn option in [core] has been moved to the sql_alchemy_conn option in [database] - the old setting has been used, but please update your config.
  SQL_ALCHEMY_CONN = conf.get("database", "SQL_ALCHEMY_CONN")

[2026-02-14T18:16:48.119+0000] {task_command.py:467} INFO - Running <TaskInstance: parse_iot.sort_in_out scheduled__2026-02-06T10:00:00+00:00 [running]> on host bb762b62a2c2
[2026-02-14T18:16:48.120+0000] {warnings.py:109} WARNING - /home/***/.local/lib/python3.9/site-packages/***/settings.py:470: DeprecationWarning: The sql_alchemy_conn option in [core] has been moved to the sql_alchemy_conn option in [database] - the old setting has been used, but please update your config.
  if conf.get("database", "sql_alchemy_conn") == "none://":

[2026-02-14T18:16:48.167+0000] {taskinstance.py:3134} INFO - Exporting env vars: AIRFLOW_CTX_DAG_OWNER='a.sorokin' AIRFLOW_CTX_DAG_ID='parse_iot' AIRFLOW_CTX_TASK_ID='sort_in_out' AIRFLOW_CTX_EXECUTION_DATE='2026-02-06T10:00:00+00:00' AIRFLOW_CTX_TRY_NUMBER='1' AIRFLOW_CTX_DAG_RUN_ID='scheduled__2026-02-06T10:00:00+00:00'
[2026-02-14T18:16:48.168+0000] {taskinstance.py:732} INFO - ::endgroup::
[2026-02-14T18:16:48.175+0000] {parse_iot.py:102} INFO - text
[2026-02-14T18:16:48.175+0000] {python.py:240} INFO - Done. Returned value was: None
[2026-02-14T18:16:48.181+0000] {taskinstance.py:341} INFO - ::group::Post task execution logs
[2026-02-14T18:16:48.182+0000] {taskinstance.py:353} INFO - Marking task as SUCCESS. dag_id=parse_iot, task_id=sort_in_out, run_id=scheduled__2026-02-06T10:00:00+00:00, execution_date=20260206T100000, start_date=20260214T181648, end_date=20260214T181648
[2026-02-14T18:16:48.221+0000] {local_task_job_runner.py:266} INFO - Task exited with return code 0
[2026-02-14T18:16:48.238+0000] {taskinstance.py:3901} INFO - 0 downstream tasks scheduled from follow-on schedule check
[2026-02-14T18:16:48.239+0000] {local_task_job_runner.py:245} INFO - ::endgroup::
