[2026-02-02T15:55:23.802+0000] {local_task_job_runner.py:123} INFO - ::group::Pre task execution logs
[2026-02-02T15:55:23.818+0000] {taskinstance.py:2614} INFO - Dependencies all met for dep_context=non-requeueable deps ti=<TaskInstance: parse_iot.parse_data scheduled__2026-02-01T10:00:00+00:00 [queued]>
[2026-02-02T15:55:23.825+0000] {taskinstance.py:2614} INFO - Dependencies all met for dep_context=requeueable deps ti=<TaskInstance: parse_iot.parse_data scheduled__2026-02-01T10:00:00+00:00 [queued]>
[2026-02-02T15:55:23.826+0000] {taskinstance.py:2867} INFO - Starting attempt 4 of 7
[2026-02-02T15:55:23.832+0000] {taskinstance.py:2890} INFO - Executing <Task(PythonSensor): parse_data> on 2026-02-01 10:00:00+00:00
[2026-02-02T15:55:23.836+0000] {standard_task_runner.py:72} INFO - Started process 239 to run task
[2026-02-02T15:55:23.838+0000] {standard_task_runner.py:104} INFO - Running: ['***', 'tasks', 'run', 'parse_iot', 'parse_data', 'scheduled__2026-02-01T10:00:00+00:00', '--job-id', '76', '--raw', '--subdir', 'DAGS_FOLDER/parse_iot.py', '--cfg-path', '/tmp/tmpj5n32toi']
[2026-02-02T15:55:23.839+0000] {standard_task_runner.py:105} INFO - Job 76: Subtask parse_data
[2026-02-02T15:55:23.847+0000] {warnings.py:109} WARNING - /home/***/.local/lib/python3.9/site-packages/***/settings.py:209: DeprecationWarning: The sql_alchemy_conn option in [core] has been moved to the sql_alchemy_conn option in [database] - the old setting has been used, but please update your config.
  SQL_ALCHEMY_CONN = conf.get("database", "SQL_ALCHEMY_CONN")

[2026-02-02T15:55:23.868+0000] {task_command.py:467} INFO - Running <TaskInstance: parse_iot.parse_data scheduled__2026-02-01T10:00:00+00:00 [running]> on host 62d0328142ca
[2026-02-02T15:55:23.868+0000] {warnings.py:109} WARNING - /home/***/.local/lib/python3.9/site-packages/***/settings.py:470: DeprecationWarning: The sql_alchemy_conn option in [core] has been moved to the sql_alchemy_conn option in [database] - the old setting has been used, but please update your config.
  if conf.get("database", "sql_alchemy_conn") == "none://":

[2026-02-02T15:55:23.915+0000] {taskinstance.py:3134} INFO - Exporting env vars: AIRFLOW_CTX_DAG_OWNER='a.sorokin' AIRFLOW_CTX_DAG_ID='parse_iot' AIRFLOW_CTX_TASK_ID='parse_data' AIRFLOW_CTX_EXECUTION_DATE='2026-02-01T10:00:00+00:00' AIRFLOW_CTX_TRY_NUMBER='4' AIRFLOW_CTX_DAG_RUN_ID='scheduled__2026-02-01T10:00:00+00:00'
[2026-02-02T15:55:23.915+0000] {taskinstance.py:732} INFO - ::endgroup::
[2026-02-02T15:55:23.923+0000] {python.py:75} INFO - Poking callable: <function parse_data at 0x7fb35e5ddaf0>
[2026-02-02T15:55:23.923+0000] {logging_mixin.py:190} INFO - {'conf': <Proxy at 0x7fb35e136c40 with factory functools.partial(<function lazy_mapping_from_context.<locals>._deprecated_proxy_factory at 0x7fb35e1ccc10>, 'conf', <***.configuration.AirflowConfigParser object at 0x7fb3692c67c0>)>, 'dag': <DAG: parse_iot>, 'dag_run': <DagRun parse_iot @ 2026-02-01 10:00:00+00:00: scheduled__2026-02-01T10:00:00+00:00, state:running, queued_at: 2026-02-02 15:55:21.391845+00:00. externally triggered: False>, 'data_interval_end': DateTime(2026, 2, 2, 10, 0, 0, tzinfo=Timezone('UTC')), 'data_interval_start': DateTime(2026, 2, 1, 10, 0, 0, tzinfo=Timezone('UTC')), 'outlet_events': <***.utils.context.OutletEventAccessors object at 0x7fb35e1bc8b0>, 'ds': '2026-02-01', 'ds_nodash': '20260201', 'execution_date': <Proxy at 0x7fb35e13fbc0 with factory functools.partial(<function lazy_mapping_from_context.<locals>._deprecated_proxy_factory at 0x7fb35e1ccc10>, 'execution_date', DateTime(2026, 2, 1, 10, 0, 0, tzinfo=Timezone('UTC')))>, 'expanded_ti_count': None, 'inlets': [], 'inlet_events': InletEventsAccessors(_inlets=[], _datasets={}, _dataset_aliases={}, _session=<sqlalchemy.orm.session.Session object at 0x7fb35e222a90>), 'logical_date': DateTime(2026, 2, 1, 10, 0, 0, tzinfo=Timezone('UTC')), 'macros': <module '***.macros' from '/home/***/.local/lib/python3.9/site-packages/***/macros/__init__.py'>, 'map_index_template': None, 'next_ds': <Proxy at 0x7fb35e17d5c0 with factory functools.partial(<function lazy_mapping_from_context.<locals>._deprecated_proxy_factory at 0x7fb35e1ccc10>, 'next_ds', '2026-02-02')>, 'next_ds_nodash': <Proxy at 0x7fb35e17d700 with factory functools.partial(<function lazy_mapping_from_context.<locals>._deprecated_proxy_factory at 0x7fb35e1ccc10>, 'next_ds_nodash', '20260202')>, 'next_execution_date': <Proxy at 0x7fb35e104240 with factory functools.partial(<function lazy_mapping_from_context.<locals>._deprecated_proxy_factory at 0x7fb35e1ccc10>, 'next_execution_date', DateTime(2026, 2, 2, 10, 0, 0, tzinfo=Timezone('UTC')))>, 'outlets': [], 'params': {}, 'prev_data_interval_start_success': DateTime(2026, 1, 31, 10, 0, 0, tzinfo=Timezone('UTC')), 'prev_data_interval_end_success': DateTime(2026, 2, 1, 10, 0, 0, tzinfo=Timezone('UTC')), 'prev_ds': <Proxy at 0x7fb35e104280 with factory functools.partial(<function lazy_mapping_from_context.<locals>._deprecated_proxy_factory at 0x7fb35e1ccc10>, 'prev_ds', '2026-01-31')>, 'prev_ds_nodash': <Proxy at 0x7fb35e104340 with factory functools.partial(<function lazy_mapping_from_context.<locals>._deprecated_proxy_factory at 0x7fb35e1ccc10>, 'prev_ds_nodash', '20260131')>, 'prev_execution_date': <Proxy at 0x7fb35e104400 with factory functools.partial(<function lazy_mapping_from_context.<locals>._deprecated_proxy_factory at 0x7fb35e1ccc10>, 'prev_execution_date', DateTime(2026, 1, 31, 10, 0, 0, tzinfo=Timezone('UTC')))>, 'prev_execution_date_success': <Proxy at 0x7fb35e1044c0 with factory functools.partial(<function lazy_mapping_from_context.<locals>._deprecated_proxy_factory at 0x7fb35e1ccc10>, 'prev_execution_date_success', DateTime(2026, 1, 31, 10, 0, 0, tzinfo=Timezone('UTC')))>, 'prev_start_date_success': DateTime(2026, 2, 2, 14, 42, 11, 123138, tzinfo=Timezone('UTC')), 'prev_end_date_success': DateTime(2026, 2, 2, 14, 43, 15, 547549, tzinfo=Timezone('UTC')), 'run_id': 'scheduled__2026-02-01T10:00:00+00:00', 'task': <Task(PythonSensor): parse_data>, 'task_instance': <TaskInstance: parse_iot.parse_data scheduled__2026-02-01T10:00:00+00:00 [running]>, 'task_instance_key_str': 'parse_iot__parse_data__20260201', 'test_mode': False, 'ti': <TaskInstance: parse_iot.parse_data scheduled__2026-02-01T10:00:00+00:00 [running]>, 'tomorrow_ds': <Proxy at 0x7fb35e104580 with factory functools.partial(<function lazy_mapping_from_context.<locals>._deprecated_proxy_factory at 0x7fb35e1ccc10>, 'tomorrow_ds', '2026-02-02')>, 'tomorrow_ds_nodash': <Proxy at 0x7fb35e104640 with factory functools.partial(<function lazy_mapping_from_context.<locals>._deprecated_proxy_factory at 0x7fb35e1ccc10>, 'tomorrow_ds_nodash', '20260202')>, 'triggering_dataset_events': <Proxy at 0x7fb35e1cec80 with factory <function _get_template_context.<locals>.get_triggering_events at 0x7fb35e1cc940>>, 'ts': '2026-02-01T10:00:00+00:00', 'ts_nodash': '20260201T100000', 'ts_nodash_with_tz': '20260201T100000+0000', 'var': {'json': None, 'value': None}, 'conn': None, 'yesterday_ds': <Proxy at 0x7fb35e104700 with factory functools.partial(<function lazy_mapping_from_context.<locals>._deprecated_proxy_factory at 0x7fb35e1ccc10>, 'yesterday_ds', '2026-01-31')>, 'yesterday_ds_nodash': <Proxy at 0x7fb35e1047c0 with factory functools.partial(<function lazy_mapping_from_context.<locals>._deprecated_proxy_factory at 0x7fb35e1ccc10>, 'yesterday_ds_nodash', '20260131')>, 'output_path': 'data/ottput.txt', 'templates_dict': None}
[2026-02-02T15:55:23.924+0000] {parse_iot.py:60} WARNING - Файл не найден
[2026-02-02T15:56:23.982+0000] {python.py:75} INFO - Poking callable: <function parse_data at 0x7fb35e5ddaf0>
[2026-02-02T15:56:23.982+0000] {logging_mixin.py:190} INFO - {'conf': <Proxy at 0x7fb35e136c40 with factory functools.partial(<function lazy_mapping_from_context.<locals>._deprecated_proxy_factory at 0x7fb35e1ccc10>, 'conf', <***.configuration.AirflowConfigParser object at 0x7fb3692c67c0>)>, 'dag': <DAG: parse_iot>, 'dag_run': <DagRun parse_iot @ 2026-02-01 10:00:00+00:00: scheduled__2026-02-01T10:00:00+00:00, state:running, queued_at: 2026-02-02 15:55:21.391845+00:00. externally triggered: False>, 'data_interval_end': DateTime(2026, 2, 2, 10, 0, 0, tzinfo=Timezone('UTC')), 'data_interval_start': DateTime(2026, 2, 1, 10, 0, 0, tzinfo=Timezone('UTC')), 'outlet_events': <***.utils.context.OutletEventAccessors object at 0x7fb35e1bc8b0>, 'ds': '2026-02-01', 'ds_nodash': '20260201', 'execution_date': <Proxy at 0x7fb35e13fbc0 with factory functools.partial(<function lazy_mapping_from_context.<locals>._deprecated_proxy_factory at 0x7fb35e1ccc10>, 'execution_date', DateTime(2026, 2, 1, 10, 0, 0, tzinfo=Timezone('UTC')))>, 'expanded_ti_count': None, 'inlets': [], 'inlet_events': InletEventsAccessors(_inlets=[], _datasets={}, _dataset_aliases={}, _session=<sqlalchemy.orm.session.Session object at 0x7fb35e222a90>), 'logical_date': DateTime(2026, 2, 1, 10, 0, 0, tzinfo=Timezone('UTC')), 'macros': <module '***.macros' from '/home/***/.local/lib/python3.9/site-packages/***/macros/__init__.py'>, 'map_index_template': None, 'next_ds': <Proxy at 0x7fb35e17d5c0 with factory functools.partial(<function lazy_mapping_from_context.<locals>._deprecated_proxy_factory at 0x7fb35e1ccc10>, 'next_ds', '2026-02-02')>, 'next_ds_nodash': <Proxy at 0x7fb35e17d700 with factory functools.partial(<function lazy_mapping_from_context.<locals>._deprecated_proxy_factory at 0x7fb35e1ccc10>, 'next_ds_nodash', '20260202')>, 'next_execution_date': <Proxy at 0x7fb35e104240 with factory functools.partial(<function lazy_mapping_from_context.<locals>._deprecated_proxy_factory at 0x7fb35e1ccc10>, 'next_execution_date', DateTime(2026, 2, 2, 10, 0, 0, tzinfo=Timezone('UTC')))>, 'outlets': [], 'params': {}, 'prev_data_interval_start_success': DateTime(2026, 1, 31, 10, 0, 0, tzinfo=Timezone('UTC')), 'prev_data_interval_end_success': DateTime(2026, 2, 1, 10, 0, 0, tzinfo=Timezone('UTC')), 'prev_ds': <Proxy at 0x7fb35e104280 with factory functools.partial(<function lazy_mapping_from_context.<locals>._deprecated_proxy_factory at 0x7fb35e1ccc10>, 'prev_ds', '2026-01-31')>, 'prev_ds_nodash': <Proxy at 0x7fb35e104340 with factory functools.partial(<function lazy_mapping_from_context.<locals>._deprecated_proxy_factory at 0x7fb35e1ccc10>, 'prev_ds_nodash', '20260131')>, 'prev_execution_date': <Proxy at 0x7fb35e104400 with factory functools.partial(<function lazy_mapping_from_context.<locals>._deprecated_proxy_factory at 0x7fb35e1ccc10>, 'prev_execution_date', DateTime(2026, 1, 31, 10, 0, 0, tzinfo=Timezone('UTC')))>, 'prev_execution_date_success': <Proxy at 0x7fb35e1044c0 with factory functools.partial(<function lazy_mapping_from_context.<locals>._deprecated_proxy_factory at 0x7fb35e1ccc10>, 'prev_execution_date_success', DateTime(2026, 1, 31, 10, 0, 0, tzinfo=Timezone('UTC')))>, 'prev_start_date_success': DateTime(2026, 2, 2, 14, 42, 11, 123138, tzinfo=Timezone('UTC')), 'prev_end_date_success': DateTime(2026, 2, 2, 14, 43, 15, 547549, tzinfo=Timezone('UTC')), 'run_id': 'scheduled__2026-02-01T10:00:00+00:00', 'task': <Task(PythonSensor): parse_data>, 'task_instance': <TaskInstance: parse_iot.parse_data scheduled__2026-02-01T10:00:00+00:00 [running]>, 'task_instance_key_str': 'parse_iot__parse_data__20260201', 'test_mode': False, 'ti': <TaskInstance: parse_iot.parse_data scheduled__2026-02-01T10:00:00+00:00 [running]>, 'tomorrow_ds': <Proxy at 0x7fb35e104580 with factory functools.partial(<function lazy_mapping_from_context.<locals>._deprecated_proxy_factory at 0x7fb35e1ccc10>, 'tomorrow_ds', '2026-02-02')>, 'tomorrow_ds_nodash': <Proxy at 0x7fb35e104640 with factory functools.partial(<function lazy_mapping_from_context.<locals>._deprecated_proxy_factory at 0x7fb35e1ccc10>, 'tomorrow_ds_nodash', '20260202')>, 'triggering_dataset_events': <Proxy at 0x7fb35e1cec80 with factory <function _get_template_context.<locals>.get_triggering_events at 0x7fb35e1cc940>>, 'ts': '2026-02-01T10:00:00+00:00', 'ts_nodash': '20260201T100000', 'ts_nodash_with_tz': '20260201T100000+0000', 'var': {'json': None, 'value': None}, 'conn': None, 'yesterday_ds': <Proxy at 0x7fb35e104700 with factory functools.partial(<function lazy_mapping_from_context.<locals>._deprecated_proxy_factory at 0x7fb35e1ccc10>, 'yesterday_ds', '2026-01-31')>, 'yesterday_ds_nodash': <Proxy at 0x7fb35e1047c0 with factory functools.partial(<function lazy_mapping_from_context.<locals>._deprecated_proxy_factory at 0x7fb35e1ccc10>, 'yesterday_ds_nodash', '20260131')>, 'output_path': 'data/ottput.txt', 'templates_dict': None}
[2026-02-02T15:56:23.983+0000] {parse_iot.py:60} WARNING - Файл не найден
[2026-02-02T15:56:29.358+0000] {local_task_job_runner.py:346} WARNING - State of this instance has been externally set to restarting. Terminating instance.
[2026-02-02T15:56:29.359+0000] {local_task_job_runner.py:245} INFO - ::endgroup::
[2026-02-02T15:56:29.360+0000] {process_utils.py:132} INFO - Sending 15 to group 239. PIDs of all processes in the group: [239]
[2026-02-02T15:56:29.360+0000] {process_utils.py:87} INFO - Sending the signal 15 to group 239
[2026-02-02T15:56:29.360+0000] {taskinstance.py:3094} ERROR - Received SIGTERM. Terminating subprocesses.
[2026-02-02T15:56:29.383+0000] {taskinstance.py:3095} ERROR - Stacktrace: 
  File "/home/***/.local/bin/***", line 8, in <module>
    sys.exit(main())
  File "/home/***/.local/lib/python3.9/site-packages/***/__main__.py", line 62, in main
    args.func(args)
  File "/home/***/.local/lib/python3.9/site-packages/***/cli/cli_config.py", line 49, in command
    return func(*args, **kwargs)
  File "/home/***/.local/lib/python3.9/site-packages/***/utils/cli.py", line 116, in wrapper
    return f(*args, **kwargs)
  File "/home/***/.local/lib/python3.9/site-packages/***/providers/celery/cli/celery_command.py", line 64, in wrapper
    providers_configuration_loaded(func)(*args, **kwargs)
  File "/home/***/.local/lib/python3.9/site-packages/***/utils/providers_configuration_loader.py", line 55, in wrapped_function
    return func(*args, **kwargs)
  File "/home/***/.local/lib/python3.9/site-packages/***/providers/celery/cli/celery_command.py", line 237, in worker
    _run_command_with_daemon_option(
  File "/home/***/.local/lib/python3.9/site-packages/***/providers/celery/cli/celery_command.py", line 50, in _run_command_with_daemon_option
    run_command_with_daemon_option(*args, **kwargs)
  File "/home/***/.local/lib/python3.9/site-packages/***/cli/commands/daemon_utils.py", line 86, in run_command_with_daemon_option
    callback()
  File "/home/***/.local/lib/python3.9/site-packages/***/providers/celery/cli/celery_command.py", line 230, in run_celery_worker
    celery_app.worker_main(options)
  File "/home/***/.local/lib/python3.9/site-packages/celery/app/base.py", line 391, in worker_main
    self.start(argv=argv)
  File "/home/***/.local/lib/python3.9/site-packages/celery/app/base.py", line 371, in start
    celery.main(args=argv, standalone_mode=False)
  File "/home/***/.local/lib/python3.9/site-packages/click/core.py", line 1082, in main
    rv = self.invoke(ctx)
  File "/home/***/.local/lib/python3.9/site-packages/click/core.py", line 1697, in invoke
    return _process_result(sub_ctx.command.invoke(sub_ctx))
  File "/home/***/.local/lib/python3.9/site-packages/click/core.py", line 1443, in invoke
    return ctx.invoke(self.callback, **ctx.params)
  File "/home/***/.local/lib/python3.9/site-packages/click/core.py", line 788, in invoke
    return __callback(*args, **kwargs)
  File "/home/***/.local/lib/python3.9/site-packages/click/decorators.py", line 33, in new_func
    return f(get_current_context(), *args, **kwargs)
  File "/home/***/.local/lib/python3.9/site-packages/celery/bin/base.py", line 135, in caller
    return f(ctx, *args, **kwargs)
  File "/home/***/.local/lib/python3.9/site-packages/celery/bin/worker.py", line 356, in worker
    worker.start()
  File "/home/***/.local/lib/python3.9/site-packages/celery/worker/worker.py", line 202, in start
    self.blueprint.start(self)
  File "/home/***/.local/lib/python3.9/site-packages/celery/bootsteps.py", line 116, in start
    step.start(parent)
  File "/home/***/.local/lib/python3.9/site-packages/celery/bootsteps.py", line 365, in start
    return self.obj.start()
  File "/home/***/.local/lib/python3.9/site-packages/celery/concurrency/base.py", line 130, in start
    self.on_start()
  File "/home/***/.local/lib/python3.9/site-packages/celery/concurrency/prefork.py", line 109, in on_start
    P = self._pool = Pool(processes=self.limit,
  File "/home/***/.local/lib/python3.9/site-packages/celery/concurrency/asynpool.py", line 464, in __init__
    super().__init__(processes, *args, **kwargs)
  File "/home/***/.local/lib/python3.9/site-packages/billiard/pool.py", line 1046, in __init__
    self._create_worker_process(i)
  File "/home/***/.local/lib/python3.9/site-packages/celery/concurrency/asynpool.py", line 482, in _create_worker_process
    return super()._create_worker_process(i)
  File "/home/***/.local/lib/python3.9/site-packages/billiard/pool.py", line 1158, in _create_worker_process
    w.start()
  File "/home/***/.local/lib/python3.9/site-packages/billiard/process.py", line 120, in start
    self._popen = self._Popen(self)
  File "/home/***/.local/lib/python3.9/site-packages/billiard/context.py", line 331, in _Popen
    return Popen(process_obj)
  File "/home/***/.local/lib/python3.9/site-packages/billiard/popen_fork.py", line 22, in __init__
    self._launch(process_obj)
  File "/home/***/.local/lib/python3.9/site-packages/billiard/popen_fork.py", line 77, in _launch
    code = process_obj._bootstrap()
  File "/home/***/.local/lib/python3.9/site-packages/billiard/process.py", line 323, in _bootstrap
    self.run()
  File "/home/***/.local/lib/python3.9/site-packages/billiard/process.py", line 110, in run
    self._target(*self._args, **self._kwargs)
  File "/home/***/.local/lib/python3.9/site-packages/billiard/pool.py", line 292, in __call__
    sys.exit(self.workloop(pid=pid))
  File "/home/***/.local/lib/python3.9/site-packages/billiard/pool.py", line 362, in workloop
    result = (True, prepare_result(fun(*args, **kwargs)))
  File "/home/***/.local/lib/python3.9/site-packages/celery/app/trace.py", line 651, in fast_trace_task
    R, I, T, Rstr = tasks[task].__trace__(
  File "/home/***/.local/lib/python3.9/site-packages/celery/app/trace.py", line 453, in trace_task
    R = retval = fun(*args, **kwargs)
  File "/home/***/.local/lib/python3.9/site-packages/celery/app/trace.py", line 736, in __protected_call__
    return self.run(*args, **kwargs)
  File "/home/***/.local/lib/python3.9/site-packages/***/providers/celery/executors/celery_executor_utils.py", line 139, in execute_command
    _execute_in_fork(command_to_exec, celery_task_id)
  File "/home/***/.local/lib/python3.9/site-packages/***/providers/celery/executors/celery_executor_utils.py", line 171, in _execute_in_fork
    args.func(args)
  File "/home/***/.local/lib/python3.9/site-packages/***/cli/cli_config.py", line 49, in command
    return func(*args, **kwargs)
  File "/home/***/.local/lib/python3.9/site-packages/***/utils/cli.py", line 116, in wrapper
    return f(*args, **kwargs)
  File "/home/***/.local/lib/python3.9/site-packages/***/cli/commands/task_command.py", line 483, in task_run
    task_return_code = _run_task_by_selected_method(args, _dag, ti)
  File "/home/***/.local/lib/python3.9/site-packages/***/cli/commands/task_command.py", line 254, in _run_task_by_selected_method
    return _run_task_by_local_task_job(args, ti)
  File "/home/***/.local/lib/python3.9/site-packages/***/cli/commands/task_command.py", line 322, in _run_task_by_local_task_job
    ret = run_job(job=job_runner.job, execute_callable=job_runner._execute)
  File "/home/***/.local/lib/python3.9/site-packages/***/utils/session.py", line 97, in wrapper
    return func(*args, session=session, **kwargs)
  File "/home/***/.local/lib/python3.9/site-packages/***/jobs/job.py", line 421, in run_job
    return execute_job(job, execute_callable=execute_callable)
  File "/home/***/.local/lib/python3.9/site-packages/***/jobs/job.py", line 450, in execute_job
    ret = execute_callable()
  File "/home/***/.local/lib/python3.9/site-packages/***/jobs/local_task_job_runner.py", line 171, in _execute
    self.task_runner.start()
  File "/home/***/.local/lib/python3.9/site-packages/***/task/task_runner/standard_task_runner.py", line 55, in start
    self.process = self._start_by_fork()
  File "/home/***/.local/lib/python3.9/site-packages/***/task/task_runner/standard_task_runner.py", line 117, in _start_by_fork
    ret = args.func(args, dag=self.dag)
  File "/home/***/.local/lib/python3.9/site-packages/***/cli/cli_config.py", line 49, in command
    return func(*args, **kwargs)
  File "/home/***/.local/lib/python3.9/site-packages/***/utils/cli.py", line 116, in wrapper
    return f(*args, **kwargs)
  File "/home/***/.local/lib/python3.9/site-packages/***/cli/commands/task_command.py", line 483, in task_run
    task_return_code = _run_task_by_selected_method(args, _dag, ti)
  File "/home/***/.local/lib/python3.9/site-packages/***/cli/commands/task_command.py", line 256, in _run_task_by_selected_method
    return _run_raw_task(args, ti)
  File "/home/***/.local/lib/python3.9/site-packages/***/cli/commands/task_command.py", line 341, in _run_raw_task
    return ti._run_raw_task(
  File "/home/***/.local/lib/python3.9/site-packages/***/utils/session.py", line 97, in wrapper
    return func(*args, session=session, **kwargs)
  File "/home/***/.local/lib/python3.9/site-packages/***/models/taskinstance.py", line 3006, in _run_raw_task
    return _run_raw_task(
  File "/home/***/.local/lib/python3.9/site-packages/***/models/taskinstance.py", line 274, in _run_raw_task
    TaskInstance._execute_task_with_callbacks(
  File "/home/***/.local/lib/python3.9/site-packages/***/models/taskinstance.py", line 3161, in _execute_task_with_callbacks
    result = self._execute_task(context, task_orig)
  File "/home/***/.local/lib/python3.9/site-packages/***/models/taskinstance.py", line 3185, in _execute_task
    return _execute_task(self, context, task_orig)
  File "/home/***/.local/lib/python3.9/site-packages/***/models/taskinstance.py", line 768, in _execute_task
    result = _execute_callable(context=context, **execute_callable_kwargs)
  File "/home/***/.local/lib/python3.9/site-packages/***/models/taskinstance.py", line 734, in _execute_callable
    return ExecutionCallableRunner(
  File "/home/***/.local/lib/python3.9/site-packages/***/utils/operator_helpers.py", line 252, in run
    return self.func(*args, **kwargs)
  File "/home/***/.local/lib/python3.9/site-packages/***/models/baseoperator.py", line 424, in wrapper
    return func(self, *args, **kwargs)
  File "/home/***/.local/lib/python3.9/site-packages/***/sensors/base.py", line 337, in execute
    time.sleep(self._get_next_poke_interval(started_at, run_duration, poke_count))
  File "/home/***/.local/lib/python3.9/site-packages/***/models/taskinstance.py", line 3095, in signal_handler
    self.log.error("Stacktrace: \n%s", "".join(traceback.format_stack()))

[2026-02-02T15:56:29.391+0000] {taskinstance.py:3313} ERROR - Task failed with exception
Traceback (most recent call last):
  File "/home/airflow/.local/lib/python3.9/site-packages/airflow/models/taskinstance.py", line 768, in _execute_task
    result = _execute_callable(context=context, **execute_callable_kwargs)
  File "/home/airflow/.local/lib/python3.9/site-packages/airflow/models/taskinstance.py", line 734, in _execute_callable
    return ExecutionCallableRunner(
  File "/home/airflow/.local/lib/python3.9/site-packages/airflow/utils/operator_helpers.py", line 252, in run
    return self.func(*args, **kwargs)
  File "/home/airflow/.local/lib/python3.9/site-packages/airflow/models/baseoperator.py", line 424, in wrapper
    return func(self, *args, **kwargs)
  File "/home/airflow/.local/lib/python3.9/site-packages/airflow/sensors/base.py", line 337, in execute
    time.sleep(self._get_next_poke_interval(started_at, run_duration, poke_count))
  File "/home/airflow/.local/lib/python3.9/site-packages/airflow/models/taskinstance.py", line 3097, in signal_handler
    raise AirflowTaskTerminated("Task received SIGTERM signal")
airflow.exceptions.AirflowTaskTerminated: Task received SIGTERM signal
[2026-02-02T15:56:29.392+0000] {taskinstance.py:1226} INFO - Marking task as UP_FOR_RETRY. dag_id=parse_iot, task_id=parse_data, run_id=scheduled__2026-02-01T10:00:00+00:00, execution_date=20260201T100000, start_date=20260202T155523, end_date=20260202T155629
[2026-02-02T15:56:29.410+0000] {taskinstance.py:341} INFO - ::group::Post task execution logs
[2026-02-02T15:56:29.452+0000] {process_utils.py:80} INFO - Process psutil.Process(pid=239, status='terminated', exitcode=2, started='15:55:23') (239) terminated with exit code 2
