[2026-02-14T16:31:32.425+0000] {local_task_job_runner.py:123} INFO - ::group::Pre task execution logs
[2026-02-14T16:31:32.441+0000] {taskinstance.py:2614} INFO - Dependencies all met for dep_context=non-requeueable deps ti=<TaskInstance: parse_iot.check_download_complete scheduled__2026-02-08T10:00:00+00:00 [queued]>
[2026-02-14T16:31:32.448+0000] {taskinstance.py:2614} INFO - Dependencies all met for dep_context=requeueable deps ti=<TaskInstance: parse_iot.check_download_complete scheduled__2026-02-08T10:00:00+00:00 [queued]>
[2026-02-14T16:31:32.448+0000] {taskinstance.py:2867} INFO - Starting attempt 1 of 4
[2026-02-14T16:31:32.454+0000] {taskinstance.py:2890} INFO - Executing <Task(ExternalTaskSensor): check_download_complete> on 2026-02-08 10:00:00+00:00
[2026-02-14T16:31:32.459+0000] {standard_task_runner.py:72} INFO - Started process 307 to run task
[2026-02-14T16:31:32.461+0000] {standard_task_runner.py:104} INFO - Running: ['***', 'tasks', 'run', 'parse_iot', 'check_download_complete', 'scheduled__2026-02-08T10:00:00+00:00', '--job-id', '60', '--raw', '--subdir', 'DAGS_FOLDER/parse_iot.py', '--cfg-path', '/tmp/tmpz_1aq5ik']
[2026-02-14T16:31:32.463+0000] {standard_task_runner.py:105} INFO - Job 60: Subtask check_download_complete
[2026-02-14T16:31:32.471+0000] {warnings.py:109} WARNING - /home/***/.local/lib/python3.9/site-packages/***/settings.py:209: DeprecationWarning: The sql_alchemy_conn option in [core] has been moved to the sql_alchemy_conn option in [database] - the old setting has been used, but please update your config.
  SQL_ALCHEMY_CONN = conf.get("database", "SQL_ALCHEMY_CONN")

[2026-02-14T16:31:32.491+0000] {task_command.py:467} INFO - Running <TaskInstance: parse_iot.check_download_complete scheduled__2026-02-08T10:00:00+00:00 [running]> on host a5c4ed865bb5
[2026-02-14T16:31:32.492+0000] {warnings.py:109} WARNING - /home/***/.local/lib/python3.9/site-packages/***/settings.py:470: DeprecationWarning: The sql_alchemy_conn option in [core] has been moved to the sql_alchemy_conn option in [database] - the old setting has been used, but please update your config.
  if conf.get("database", "sql_alchemy_conn") == "none://":

[2026-02-14T16:31:32.534+0000] {taskinstance.py:3134} INFO - Exporting env vars: AIRFLOW_CTX_DAG_OWNER='a.sorokin' AIRFLOW_CTX_DAG_ID='parse_iot' AIRFLOW_CTX_TASK_ID='check_download_complete' AIRFLOW_CTX_EXECUTION_DATE='2026-02-08T10:00:00+00:00' AIRFLOW_CTX_TRY_NUMBER='1' AIRFLOW_CTX_DAG_RUN_ID='scheduled__2026-02-08T10:00:00+00:00'
[2026-02-14T16:31:32.535+0000] {taskinstance.py:732} INFO - ::endgroup::
[2026-02-14T16:31:32.541+0000] {baseoperator.py:423} WARNING - ExternalTaskSensor.execute cannot be called outside TaskInstance!
[2026-02-14T16:31:32.547+0000] {external_task.py:274} INFO - Poking for DAG 'download_iot' on 2026-02-08T10:00:00+00:00 ... 
[2026-02-14T16:31:32.547+0000] {warnings.py:109} WARNING - /home/***/.local/lib/python3.9/site-packages/***/utils/session.py:97: DeprecationWarning: This method is deprecated and will be removed in future.
  return func(*args, session=session, **kwargs)

[2026-02-14T16:31:32.552+0000] {base.py:339} INFO - Success criteria met. Exiting.
[2026-02-14T16:31:32.558+0000] {taskinstance.py:341} INFO - ::group::Post task execution logs
[2026-02-14T16:31:32.558+0000] {taskinstance.py:353} INFO - Marking task as SUCCESS. dag_id=parse_iot, task_id=check_download_complete, run_id=scheduled__2026-02-08T10:00:00+00:00, execution_date=20260208T100000, start_date=20260214T163132, end_date=20260214T163132
[2026-02-14T16:31:32.593+0000] {local_task_job_runner.py:266} INFO - Task exited with return code 0
[2026-02-14T16:31:32.614+0000] {taskinstance.py:3901} INFO - 0 downstream tasks scheduled from follow-on schedule check
[2026-02-14T16:31:32.615+0000] {local_task_job_runner.py:245} INFO - ::endgroup::
[2026-02-14T17:48:50.574+0000] {local_task_job_runner.py:123} INFO - ::group::Pre task execution logs
[2026-02-14T17:48:50.590+0000] {taskinstance.py:2614} INFO - Dependencies all met for dep_context=non-requeueable deps ti=<TaskInstance: parse_iot.check_download_complete scheduled__2026-02-08T10:00:00+00:00 [queued]>
[2026-02-14T17:48:50.596+0000] {taskinstance.py:2614} INFO - Dependencies all met for dep_context=requeueable deps ti=<TaskInstance: parse_iot.check_download_complete scheduled__2026-02-08T10:00:00+00:00 [queued]>
[2026-02-14T17:48:50.597+0000] {taskinstance.py:2867} INFO - Starting attempt 1 of 4
[2026-02-14T17:48:50.603+0000] {taskinstance.py:2890} INFO - Executing <Task(ExternalTaskSensor): check_download_complete> on 2026-02-08 10:00:00+00:00
[2026-02-14T17:48:50.608+0000] {standard_task_runner.py:72} INFO - Started process 311 to run task
[2026-02-14T17:48:50.609+0000] {standard_task_runner.py:104} INFO - Running: ['***', 'tasks', 'run', 'parse_iot', 'check_download_complete', 'scheduled__2026-02-08T10:00:00+00:00', '--job-id', '61', '--raw', '--subdir', 'DAGS_FOLDER/parse_iot.py', '--cfg-path', '/tmp/tmpnuwruutg']
[2026-02-14T17:48:50.611+0000] {standard_task_runner.py:105} INFO - Job 61: Subtask check_download_complete
[2026-02-14T17:48:50.619+0000] {warnings.py:109} WARNING - /home/***/.local/lib/python3.9/site-packages/***/settings.py:209: DeprecationWarning: The sql_alchemy_conn option in [core] has been moved to the sql_alchemy_conn option in [database] - the old setting has been used, but please update your config.
  SQL_ALCHEMY_CONN = conf.get("database", "SQL_ALCHEMY_CONN")

[2026-02-14T17:48:50.641+0000] {task_command.py:467} INFO - Running <TaskInstance: parse_iot.check_download_complete scheduled__2026-02-08T10:00:00+00:00 [running]> on host 9052c134cdec
[2026-02-14T17:48:50.641+0000] {warnings.py:109} WARNING - /home/***/.local/lib/python3.9/site-packages/***/settings.py:470: DeprecationWarning: The sql_alchemy_conn option in [core] has been moved to the sql_alchemy_conn option in [database] - the old setting has been used, but please update your config.
  if conf.get("database", "sql_alchemy_conn") == "none://":

[2026-02-14T17:48:50.685+0000] {taskinstance.py:3134} INFO - Exporting env vars: AIRFLOW_CTX_DAG_OWNER='a.sorokin' AIRFLOW_CTX_DAG_ID='parse_iot' AIRFLOW_CTX_TASK_ID='check_download_complete' AIRFLOW_CTX_EXECUTION_DATE='2026-02-08T10:00:00+00:00' AIRFLOW_CTX_TRY_NUMBER='1' AIRFLOW_CTX_DAG_RUN_ID='scheduled__2026-02-08T10:00:00+00:00'
[2026-02-14T17:48:50.686+0000] {taskinstance.py:732} INFO - ::endgroup::
[2026-02-14T17:48:50.693+0000] {baseoperator.py:423} WARNING - ExternalTaskSensor.execute cannot be called outside TaskInstance!
[2026-02-14T17:48:50.698+0000] {external_task.py:274} INFO - Poking for DAG 'download_iot' on 2026-02-08T10:00:00+00:00 ... 
[2026-02-14T17:48:50.699+0000] {warnings.py:109} WARNING - /home/***/.local/lib/python3.9/site-packages/***/utils/session.py:97: DeprecationWarning: This method is deprecated and will be removed in future.
  return func(*args, session=session, **kwargs)

[2026-02-14T17:48:50.704+0000] {base.py:339} INFO - Success criteria met. Exiting.
[2026-02-14T17:48:50.710+0000] {taskinstance.py:341} INFO - ::group::Post task execution logs
[2026-02-14T17:48:50.710+0000] {taskinstance.py:353} INFO - Marking task as SUCCESS. dag_id=parse_iot, task_id=check_download_complete, run_id=scheduled__2026-02-08T10:00:00+00:00, execution_date=20260208T100000, start_date=20260214T174850, end_date=20260214T174850
[2026-02-14T17:48:50.741+0000] {local_task_job_runner.py:266} INFO - Task exited with return code 0
[2026-02-14T17:48:50.762+0000] {taskinstance.py:3901} INFO - 0 downstream tasks scheduled from follow-on schedule check
[2026-02-14T17:48:50.763+0000] {local_task_job_runner.py:245} INFO - ::endgroup::
[2026-02-14T18:14:05.597+0000] {local_task_job_runner.py:123} INFO - ::group::Pre task execution logs
[2026-02-14T18:14:05.613+0000] {taskinstance.py:2614} INFO - Dependencies all met for dep_context=non-requeueable deps ti=<TaskInstance: parse_iot.check_download_complete scheduled__2026-02-08T10:00:00+00:00 [queued]>
[2026-02-14T18:14:05.619+0000] {taskinstance.py:2614} INFO - Dependencies all met for dep_context=requeueable deps ti=<TaskInstance: parse_iot.check_download_complete scheduled__2026-02-08T10:00:00+00:00 [queued]>
[2026-02-14T18:14:05.619+0000] {taskinstance.py:2867} INFO - Starting attempt 1 of 4
[2026-02-14T18:14:05.626+0000] {taskinstance.py:2890} INFO - Executing <Task(ExternalTaskSensor): check_download_complete> on 2026-02-08 10:00:00+00:00
[2026-02-14T18:14:05.630+0000] {standard_task_runner.py:72} INFO - Started process 307 to run task
[2026-02-14T18:14:05.632+0000] {standard_task_runner.py:104} INFO - Running: ['***', 'tasks', 'run', 'parse_iot', 'check_download_complete', 'scheduled__2026-02-08T10:00:00+00:00', '--job-id', '60', '--raw', '--subdir', 'DAGS_FOLDER/parse_iot.py', '--cfg-path', '/tmp/tmpagzcdu73']
[2026-02-14T18:14:05.633+0000] {standard_task_runner.py:105} INFO - Job 60: Subtask check_download_complete
[2026-02-14T18:14:05.641+0000] {warnings.py:109} WARNING - /home/***/.local/lib/python3.9/site-packages/***/settings.py:209: DeprecationWarning: The sql_alchemy_conn option in [core] has been moved to the sql_alchemy_conn option in [database] - the old setting has been used, but please update your config.
  SQL_ALCHEMY_CONN = conf.get("database", "SQL_ALCHEMY_CONN")

[2026-02-14T18:14:05.662+0000] {task_command.py:467} INFO - Running <TaskInstance: parse_iot.check_download_complete scheduled__2026-02-08T10:00:00+00:00 [running]> on host bb762b62a2c2
[2026-02-14T18:14:05.663+0000] {warnings.py:109} WARNING - /home/***/.local/lib/python3.9/site-packages/***/settings.py:470: DeprecationWarning: The sql_alchemy_conn option in [core] has been moved to the sql_alchemy_conn option in [database] - the old setting has been used, but please update your config.
  if conf.get("database", "sql_alchemy_conn") == "none://":

[2026-02-14T18:14:05.711+0000] {taskinstance.py:3134} INFO - Exporting env vars: AIRFLOW_CTX_DAG_OWNER='a.sorokin' AIRFLOW_CTX_DAG_ID='parse_iot' AIRFLOW_CTX_TASK_ID='check_download_complete' AIRFLOW_CTX_EXECUTION_DATE='2026-02-08T10:00:00+00:00' AIRFLOW_CTX_TRY_NUMBER='1' AIRFLOW_CTX_DAG_RUN_ID='scheduled__2026-02-08T10:00:00+00:00'
[2026-02-14T18:14:05.711+0000] {taskinstance.py:732} INFO - ::endgroup::
[2026-02-14T18:14:05.718+0000] {baseoperator.py:423} WARNING - ExternalTaskSensor.execute cannot be called outside TaskInstance!
[2026-02-14T18:14:05.724+0000] {external_task.py:274} INFO - Poking for DAG 'download_iot' on 2026-02-08T10:00:00+00:00 ... 
[2026-02-14T18:14:05.724+0000] {warnings.py:109} WARNING - /home/***/.local/lib/python3.9/site-packages/***/utils/session.py:97: DeprecationWarning: This method is deprecated and will be removed in future.
  return func(*args, session=session, **kwargs)

[2026-02-14T18:14:05.730+0000] {base.py:339} INFO - Success criteria met. Exiting.
[2026-02-14T18:14:05.736+0000] {taskinstance.py:341} INFO - ::group::Post task execution logs
[2026-02-14T18:14:05.736+0000] {taskinstance.py:353} INFO - Marking task as SUCCESS. dag_id=parse_iot, task_id=check_download_complete, run_id=scheduled__2026-02-08T10:00:00+00:00, execution_date=20260208T100000, start_date=20260214T181405, end_date=20260214T181405
[2026-02-14T18:14:05.764+0000] {local_task_job_runner.py:266} INFO - Task exited with return code 0
[2026-02-14T18:14:05.785+0000] {taskinstance.py:3901} INFO - 0 downstream tasks scheduled from follow-on schedule check
[2026-02-14T18:14:05.786+0000] {local_task_job_runner.py:245} INFO - ::endgroup::
[2026-02-16T14:45:51.275+0000] {local_task_job_runner.py:123} INFO - ::group::Pre task execution logs
[2026-02-16T14:45:51.296+0000] {taskinstance.py:2614} INFO - Dependencies all met for dep_context=non-requeueable deps ti=<TaskInstance: parse_iot.check_download_complete scheduled__2026-02-08T10:00:00+00:00 [queued]>
[2026-02-16T14:45:51.305+0000] {taskinstance.py:2614} INFO - Dependencies all met for dep_context=requeueable deps ti=<TaskInstance: parse_iot.check_download_complete scheduled__2026-02-08T10:00:00+00:00 [queued]>
[2026-02-16T14:45:51.306+0000] {taskinstance.py:2867} INFO - Starting attempt 1 of 4
[2026-02-16T14:45:51.315+0000] {taskinstance.py:2890} INFO - Executing <Task(ExternalTaskSensor): check_download_complete> on 2026-02-08 10:00:00+00:00
[2026-02-16T14:45:51.322+0000] {standard_task_runner.py:72} INFO - Started process 346 to run task
[2026-02-16T14:45:51.324+0000] {standard_task_runner.py:104} INFO - Running: ['***', 'tasks', 'run', 'parse_iot', 'check_download_complete', 'scheduled__2026-02-08T10:00:00+00:00', '--job-id', '64', '--raw', '--subdir', 'DAGS_FOLDER/parse_iot.py', '--cfg-path', '/tmp/tmpf1olw4gx']
[2026-02-16T14:45:51.326+0000] {standard_task_runner.py:105} INFO - Job 64: Subtask check_download_complete
[2026-02-16T14:45:51.334+0000] {warnings.py:109} WARNING - /home/***/.local/lib/python3.9/site-packages/***/settings.py:209: DeprecationWarning: The sql_alchemy_conn option in [core] has been moved to the sql_alchemy_conn option in [database] - the old setting has been used, but please update your config.
  SQL_ALCHEMY_CONN = conf.get("database", "SQL_ALCHEMY_CONN")

[2026-02-16T14:45:51.356+0000] {task_command.py:467} INFO - Running <TaskInstance: parse_iot.check_download_complete scheduled__2026-02-08T10:00:00+00:00 [running]> on host cd96c4fa192f
[2026-02-16T14:45:51.356+0000] {warnings.py:109} WARNING - /home/***/.local/lib/python3.9/site-packages/***/settings.py:470: DeprecationWarning: The sql_alchemy_conn option in [core] has been moved to the sql_alchemy_conn option in [database] - the old setting has been used, but please update your config.
  if conf.get("database", "sql_alchemy_conn") == "none://":

[2026-02-16T14:45:51.404+0000] {taskinstance.py:3134} INFO - Exporting env vars: AIRFLOW_CTX_DAG_OWNER='a.sorokin' AIRFLOW_CTX_DAG_ID='parse_iot' AIRFLOW_CTX_TASK_ID='check_download_complete' AIRFLOW_CTX_EXECUTION_DATE='2026-02-08T10:00:00+00:00' AIRFLOW_CTX_TRY_NUMBER='1' AIRFLOW_CTX_DAG_RUN_ID='scheduled__2026-02-08T10:00:00+00:00'
[2026-02-16T14:45:51.404+0000] {taskinstance.py:732} INFO - ::endgroup::
[2026-02-16T14:45:51.411+0000] {baseoperator.py:423} WARNING - ExternalTaskSensor.execute cannot be called outside TaskInstance!
[2026-02-16T14:45:51.417+0000] {external_task.py:274} INFO - Poking for DAG 'download_iot' on 2026-02-08T10:00:00+00:00 ... 
[2026-02-16T14:45:51.418+0000] {warnings.py:109} WARNING - /home/***/.local/lib/python3.9/site-packages/***/utils/session.py:97: DeprecationWarning: This method is deprecated and will be removed in future.
  return func(*args, session=session, **kwargs)

[2026-02-16T14:45:51.423+0000] {base.py:339} INFO - Success criteria met. Exiting.
[2026-02-16T14:45:51.429+0000] {taskinstance.py:341} INFO - ::group::Post task execution logs
[2026-02-16T14:45:51.429+0000] {taskinstance.py:353} INFO - Marking task as SUCCESS. dag_id=parse_iot, task_id=check_download_complete, run_id=scheduled__2026-02-08T10:00:00+00:00, execution_date=20260208T100000, start_date=20260216T144551, end_date=20260216T144551
[2026-02-16T14:45:51.456+0000] {local_task_job_runner.py:266} INFO - Task exited with return code 0
[2026-02-16T14:45:51.477+0000] {taskinstance.py:3901} INFO - 0 downstream tasks scheduled from follow-on schedule check
[2026-02-16T14:45:51.478+0000] {local_task_job_runner.py:245} INFO - ::endgroup::
[2026-02-16T15:15:41.829+0000] {local_task_job_runner.py:123} INFO - ::group::Pre task execution logs
[2026-02-16T15:15:41.849+0000] {taskinstance.py:2614} INFO - Dependencies all met for dep_context=non-requeueable deps ti=<TaskInstance: parse_iot.check_download_complete scheduled__2026-02-08T10:00:00+00:00 [queued]>
[2026-02-16T15:15:41.857+0000] {taskinstance.py:2614} INFO - Dependencies all met for dep_context=requeueable deps ti=<TaskInstance: parse_iot.check_download_complete scheduled__2026-02-08T10:00:00+00:00 [queued]>
[2026-02-16T15:15:41.857+0000] {taskinstance.py:2867} INFO - Starting attempt 1 of 4
[2026-02-16T15:15:41.866+0000] {taskinstance.py:2890} INFO - Executing <Task(ExternalTaskSensor): check_download_complete> on 2026-02-08 10:00:00+00:00
[2026-02-16T15:15:41.873+0000] {standard_task_runner.py:72} INFO - Started process 309 to run task
[2026-02-16T15:15:41.875+0000] {standard_task_runner.py:104} INFO - Running: ['***', 'tasks', 'run', 'parse_iot', 'check_download_complete', 'scheduled__2026-02-08T10:00:00+00:00', '--job-id', '60', '--raw', '--subdir', 'DAGS_FOLDER/parse_iot.py', '--cfg-path', '/tmp/tmp_tfcbprj']
[2026-02-16T15:15:41.876+0000] {standard_task_runner.py:105} INFO - Job 60: Subtask check_download_complete
[2026-02-16T15:15:41.886+0000] {warnings.py:109} WARNING - /home/***/.local/lib/python3.9/site-packages/***/settings.py:209: DeprecationWarning: The sql_alchemy_conn option in [core] has been moved to the sql_alchemy_conn option in [database] - the old setting has been used, but please update your config.
  SQL_ALCHEMY_CONN = conf.get("database", "SQL_ALCHEMY_CONN")

[2026-02-16T15:15:41.911+0000] {task_command.py:467} INFO - Running <TaskInstance: parse_iot.check_download_complete scheduled__2026-02-08T10:00:00+00:00 [running]> on host fbd3e38838e9
[2026-02-16T15:15:41.911+0000] {warnings.py:109} WARNING - /home/***/.local/lib/python3.9/site-packages/***/settings.py:470: DeprecationWarning: The sql_alchemy_conn option in [core] has been moved to the sql_alchemy_conn option in [database] - the old setting has been used, but please update your config.
  if conf.get("database", "sql_alchemy_conn") == "none://":

[2026-02-16T15:15:41.973+0000] {taskinstance.py:3134} INFO - Exporting env vars: AIRFLOW_CTX_DAG_OWNER='a.sorokin' AIRFLOW_CTX_DAG_ID='parse_iot' AIRFLOW_CTX_TASK_ID='check_download_complete' AIRFLOW_CTX_EXECUTION_DATE='2026-02-08T10:00:00+00:00' AIRFLOW_CTX_TRY_NUMBER='1' AIRFLOW_CTX_DAG_RUN_ID='scheduled__2026-02-08T10:00:00+00:00'
[2026-02-16T15:15:41.974+0000] {taskinstance.py:732} INFO - ::endgroup::
[2026-02-16T15:15:41.984+0000] {baseoperator.py:423} WARNING - ExternalTaskSensor.execute cannot be called outside TaskInstance!
[2026-02-16T15:15:41.991+0000] {external_task.py:274} INFO - Poking for DAG 'download_iot' on 2026-02-08T10:00:00+00:00 ... 
[2026-02-16T15:15:41.991+0000] {warnings.py:109} WARNING - /home/***/.local/lib/python3.9/site-packages/***/utils/session.py:97: DeprecationWarning: This method is deprecated and will be removed in future.
  return func(*args, session=session, **kwargs)

[2026-02-16T15:15:41.998+0000] {base.py:339} INFO - Success criteria met. Exiting.
[2026-02-16T15:15:42.005+0000] {taskinstance.py:341} INFO - ::group::Post task execution logs
[2026-02-16T15:15:42.006+0000] {taskinstance.py:353} INFO - Marking task as SUCCESS. dag_id=parse_iot, task_id=check_download_complete, run_id=scheduled__2026-02-08T10:00:00+00:00, execution_date=20260208T100000, start_date=20260216T151541, end_date=20260216T151542
[2026-02-16T15:15:42.047+0000] {local_task_job_runner.py:266} INFO - Task exited with return code 0
[2026-02-16T15:15:42.079+0000] {taskinstance.py:3901} INFO - 0 downstream tasks scheduled from follow-on schedule check
[2026-02-16T15:15:42.080+0000] {local_task_job_runner.py:245} INFO - ::endgroup::
[2026-02-16T15:43:42.041+0000] {local_task_job_runner.py:123} INFO - ::group::Pre task execution logs
[2026-02-16T15:43:42.059+0000] {taskinstance.py:2614} INFO - Dependencies all met for dep_context=non-requeueable deps ti=<TaskInstance: parse_iot.check_download_complete scheduled__2026-02-08T10:00:00+00:00 [queued]>
[2026-02-16T15:43:42.066+0000] {taskinstance.py:2614} INFO - Dependencies all met for dep_context=requeueable deps ti=<TaskInstance: parse_iot.check_download_complete scheduled__2026-02-08T10:00:00+00:00 [queued]>
[2026-02-16T15:43:42.066+0000] {taskinstance.py:2867} INFO - Starting attempt 1 of 4
[2026-02-16T15:43:42.073+0000] {taskinstance.py:2890} INFO - Executing <Task(ExternalTaskSensor): check_download_complete> on 2026-02-08 10:00:00+00:00
[2026-02-16T15:43:42.078+0000] {standard_task_runner.py:72} INFO - Started process 315 to run task
[2026-02-16T15:43:42.080+0000] {standard_task_runner.py:104} INFO - Running: ['***', 'tasks', 'run', 'parse_iot', 'check_download_complete', 'scheduled__2026-02-08T10:00:00+00:00', '--job-id', '62', '--raw', '--subdir', 'DAGS_FOLDER/parse_iot.py', '--cfg-path', '/tmp/tmptvdqipn0']
[2026-02-16T15:43:42.081+0000] {standard_task_runner.py:105} INFO - Job 62: Subtask check_download_complete
[2026-02-16T15:43:42.090+0000] {warnings.py:109} WARNING - /home/***/.local/lib/python3.9/site-packages/***/settings.py:209: DeprecationWarning: The sql_alchemy_conn option in [core] has been moved to the sql_alchemy_conn option in [database] - the old setting has been used, but please update your config.
  SQL_ALCHEMY_CONN = conf.get("database", "SQL_ALCHEMY_CONN")

[2026-02-16T15:43:42.112+0000] {task_command.py:467} INFO - Running <TaskInstance: parse_iot.check_download_complete scheduled__2026-02-08T10:00:00+00:00 [running]> on host 6ef9a94e694d
[2026-02-16T15:43:42.112+0000] {warnings.py:109} WARNING - /home/***/.local/lib/python3.9/site-packages/***/settings.py:470: DeprecationWarning: The sql_alchemy_conn option in [core] has been moved to the sql_alchemy_conn option in [database] - the old setting has been used, but please update your config.
  if conf.get("database", "sql_alchemy_conn") == "none://":

[2026-02-16T15:43:42.159+0000] {taskinstance.py:3134} INFO - Exporting env vars: AIRFLOW_CTX_DAG_OWNER='a.sorokin' AIRFLOW_CTX_DAG_ID='parse_iot' AIRFLOW_CTX_TASK_ID='check_download_complete' AIRFLOW_CTX_EXECUTION_DATE='2026-02-08T10:00:00+00:00' AIRFLOW_CTX_TRY_NUMBER='1' AIRFLOW_CTX_DAG_RUN_ID='scheduled__2026-02-08T10:00:00+00:00'
[2026-02-16T15:43:42.159+0000] {taskinstance.py:732} INFO - ::endgroup::
[2026-02-16T15:43:42.166+0000] {baseoperator.py:423} WARNING - ExternalTaskSensor.execute cannot be called outside TaskInstance!
[2026-02-16T15:43:42.172+0000] {external_task.py:274} INFO - Poking for DAG 'download_iot' on 2026-02-08T10:00:00+00:00 ... 
[2026-02-16T15:43:42.172+0000] {warnings.py:109} WARNING - /home/***/.local/lib/python3.9/site-packages/***/utils/session.py:97: DeprecationWarning: This method is deprecated and will be removed in future.
  return func(*args, session=session, **kwargs)

[2026-02-16T15:43:42.178+0000] {base.py:339} INFO - Success criteria met. Exiting.
[2026-02-16T15:43:42.184+0000] {taskinstance.py:341} INFO - ::group::Post task execution logs
[2026-02-16T15:43:42.184+0000] {taskinstance.py:353} INFO - Marking task as SUCCESS. dag_id=parse_iot, task_id=check_download_complete, run_id=scheduled__2026-02-08T10:00:00+00:00, execution_date=20260208T100000, start_date=20260216T154342, end_date=20260216T154342
[2026-02-16T15:43:42.212+0000] {local_task_job_runner.py:266} INFO - Task exited with return code 0
[2026-02-16T15:43:42.233+0000] {taskinstance.py:3901} INFO - 0 downstream tasks scheduled from follow-on schedule check
[2026-02-16T15:43:42.234+0000] {local_task_job_runner.py:245} INFO - ::endgroup::
