[2026-02-14T16:34:22.666+0000] {local_task_job_runner.py:123} INFO - ::group::Pre task execution logs
[2026-02-14T16:34:22.685+0000] {taskinstance.py:2614} INFO - Dependencies all met for dep_context=non-requeueable deps ti=<TaskInstance: parse_iot.sort_in_out scheduled__2026-02-02T10:00:00+00:00 [queued]>
[2026-02-14T16:34:22.692+0000] {taskinstance.py:2614} INFO - Dependencies all met for dep_context=requeueable deps ti=<TaskInstance: parse_iot.sort_in_out scheduled__2026-02-02T10:00:00+00:00 [queued]>
[2026-02-14T16:34:22.693+0000] {taskinstance.py:2867} INFO - Starting attempt 1 of 4
[2026-02-14T16:34:22.700+0000] {taskinstance.py:2890} INFO - Executing <Task(PythonOperator): sort_in_out> on 2026-02-02 10:00:00+00:00
[2026-02-14T16:34:22.705+0000] {standard_task_runner.py:72} INFO - Started process 587 to run task
[2026-02-14T16:34:22.707+0000] {standard_task_runner.py:104} INFO - Running: ['***', 'tasks', 'run', 'parse_iot', 'sort_in_out', 'scheduled__2026-02-02T10:00:00+00:00', '--job-id', '130', '--raw', '--subdir', 'DAGS_FOLDER/parse_iot.py', '--cfg-path', '/tmp/tmp6wk0futp']
[2026-02-14T16:34:22.709+0000] {standard_task_runner.py:105} INFO - Job 130: Subtask sort_in_out
[2026-02-14T16:34:22.718+0000] {warnings.py:109} WARNING - /home/***/.local/lib/python3.9/site-packages/***/settings.py:209: DeprecationWarning: The sql_alchemy_conn option in [core] has been moved to the sql_alchemy_conn option in [database] - the old setting has been used, but please update your config.
  SQL_ALCHEMY_CONN = conf.get("database", "SQL_ALCHEMY_CONN")

[2026-02-14T16:34:22.741+0000] {task_command.py:467} INFO - Running <TaskInstance: parse_iot.sort_in_out scheduled__2026-02-02T10:00:00+00:00 [running]> on host a5c4ed865bb5
[2026-02-14T16:34:22.742+0000] {warnings.py:109} WARNING - /home/***/.local/lib/python3.9/site-packages/***/settings.py:470: DeprecationWarning: The sql_alchemy_conn option in [core] has been moved to the sql_alchemy_conn option in [database] - the old setting has been used, but please update your config.
  if conf.get("database", "sql_alchemy_conn") == "none://":

[2026-02-14T16:34:22.787+0000] {taskinstance.py:3134} INFO - Exporting env vars: AIRFLOW_CTX_DAG_OWNER='a.sorokin' AIRFLOW_CTX_DAG_ID='parse_iot' AIRFLOW_CTX_TASK_ID='sort_in_out' AIRFLOW_CTX_EXECUTION_DATE='2026-02-02T10:00:00+00:00' AIRFLOW_CTX_TRY_NUMBER='1' AIRFLOW_CTX_DAG_RUN_ID='scheduled__2026-02-02T10:00:00+00:00'
[2026-02-14T16:34:22.787+0000] {taskinstance.py:732} INFO - ::endgroup::
[2026-02-14T16:34:22.794+0000] {parse_iot.py:102} INFO - text
[2026-02-14T16:34:22.795+0000] {python.py:240} INFO - Done. Returned value was: None
[2026-02-14T16:34:22.801+0000] {taskinstance.py:341} INFO - ::group::Post task execution logs
[2026-02-14T16:34:22.801+0000] {taskinstance.py:353} INFO - Marking task as SUCCESS. dag_id=parse_iot, task_id=sort_in_out, run_id=scheduled__2026-02-02T10:00:00+00:00, execution_date=20260202T100000, start_date=20260214T163422, end_date=20260214T163422
[2026-02-14T16:34:22.839+0000] {local_task_job_runner.py:266} INFO - Task exited with return code 0
[2026-02-14T16:34:22.857+0000] {taskinstance.py:3901} INFO - 0 downstream tasks scheduled from follow-on schedule check
[2026-02-14T16:34:22.858+0000] {local_task_job_runner.py:245} INFO - ::endgroup::
[2026-02-14T17:50:40.368+0000] {local_task_job_runner.py:123} INFO - ::group::Pre task execution logs
[2026-02-14T17:50:40.384+0000] {taskinstance.py:2614} INFO - Dependencies all met for dep_context=non-requeueable deps ti=<TaskInstance: parse_iot.sort_in_out scheduled__2026-02-02T10:00:00+00:00 [queued]>
[2026-02-14T17:50:40.391+0000] {taskinstance.py:2614} INFO - Dependencies all met for dep_context=requeueable deps ti=<TaskInstance: parse_iot.sort_in_out scheduled__2026-02-02T10:00:00+00:00 [queued]>
[2026-02-14T17:50:40.391+0000] {taskinstance.py:2867} INFO - Starting attempt 1 of 4
[2026-02-14T17:50:40.398+0000] {taskinstance.py:2890} INFO - Executing <Task(PythonOperator): sort_in_out> on 2026-02-02 10:00:00+00:00
[2026-02-14T17:50:40.403+0000] {standard_task_runner.py:72} INFO - Started process 549 to run task
[2026-02-14T17:50:40.405+0000] {standard_task_runner.py:104} INFO - Running: ['***', 'tasks', 'run', 'parse_iot', 'sort_in_out', 'scheduled__2026-02-02T10:00:00+00:00', '--job-id', '120', '--raw', '--subdir', 'DAGS_FOLDER/parse_iot.py', '--cfg-path', '/tmp/tmpq_uiitz5']
[2026-02-14T17:50:40.407+0000] {standard_task_runner.py:105} INFO - Job 120: Subtask sort_in_out
[2026-02-14T17:50:40.415+0000] {warnings.py:109} WARNING - /home/***/.local/lib/python3.9/site-packages/***/settings.py:209: DeprecationWarning: The sql_alchemy_conn option in [core] has been moved to the sql_alchemy_conn option in [database] - the old setting has been used, but please update your config.
  SQL_ALCHEMY_CONN = conf.get("database", "SQL_ALCHEMY_CONN")

[2026-02-14T17:50:40.439+0000] {task_command.py:467} INFO - Running <TaskInstance: parse_iot.sort_in_out scheduled__2026-02-02T10:00:00+00:00 [running]> on host 9052c134cdec
[2026-02-14T17:50:40.439+0000] {warnings.py:109} WARNING - /home/***/.local/lib/python3.9/site-packages/***/settings.py:470: DeprecationWarning: The sql_alchemy_conn option in [core] has been moved to the sql_alchemy_conn option in [database] - the old setting has been used, but please update your config.
  if conf.get("database", "sql_alchemy_conn") == "none://":

[2026-02-14T17:50:40.489+0000] {taskinstance.py:3134} INFO - Exporting env vars: AIRFLOW_CTX_DAG_OWNER='a.sorokin' AIRFLOW_CTX_DAG_ID='parse_iot' AIRFLOW_CTX_TASK_ID='sort_in_out' AIRFLOW_CTX_EXECUTION_DATE='2026-02-02T10:00:00+00:00' AIRFLOW_CTX_TRY_NUMBER='1' AIRFLOW_CTX_DAG_RUN_ID='scheduled__2026-02-02T10:00:00+00:00'
[2026-02-14T17:50:40.490+0000] {taskinstance.py:732} INFO - ::endgroup::
[2026-02-14T17:50:40.497+0000] {parse_iot.py:102} INFO - text
[2026-02-14T17:50:40.497+0000] {python.py:240} INFO - Done. Returned value was: None
[2026-02-14T17:50:40.505+0000] {taskinstance.py:341} INFO - ::group::Post task execution logs
[2026-02-14T17:50:40.505+0000] {taskinstance.py:353} INFO - Marking task as SUCCESS. dag_id=parse_iot, task_id=sort_in_out, run_id=scheduled__2026-02-02T10:00:00+00:00, execution_date=20260202T100000, start_date=20260214T175040, end_date=20260214T175040
[2026-02-14T17:50:40.537+0000] {local_task_job_runner.py:266} INFO - Task exited with return code 0
[2026-02-14T17:50:40.557+0000] {taskinstance.py:3901} INFO - 0 downstream tasks scheduled from follow-on schedule check
[2026-02-14T17:50:40.558+0000] {local_task_job_runner.py:245} INFO - ::endgroup::
[2026-02-14T18:15:39.017+0000] {local_task_job_runner.py:123} INFO - ::group::Pre task execution logs
[2026-02-14T18:15:39.032+0000] {taskinstance.py:2614} INFO - Dependencies all met for dep_context=non-requeueable deps ti=<TaskInstance: parse_iot.sort_in_out scheduled__2026-02-02T10:00:00+00:00 [queued]>
[2026-02-14T18:15:39.038+0000] {taskinstance.py:2614} INFO - Dependencies all met for dep_context=requeueable deps ti=<TaskInstance: parse_iot.sort_in_out scheduled__2026-02-02T10:00:00+00:00 [queued]>
[2026-02-14T18:15:39.038+0000] {taskinstance.py:2867} INFO - Starting attempt 1 of 4
[2026-02-14T18:15:39.045+0000] {taskinstance.py:2890} INFO - Executing <Task(PythonOperator): sort_in_out> on 2026-02-02 10:00:00+00:00
[2026-02-14T18:15:39.050+0000] {standard_task_runner.py:72} INFO - Started process 403 to run task
[2026-02-14T18:15:39.052+0000] {standard_task_runner.py:104} INFO - Running: ['***', 'tasks', 'run', 'parse_iot', 'sort_in_out', 'scheduled__2026-02-02T10:00:00+00:00', '--job-id', '84', '--raw', '--subdir', 'DAGS_FOLDER/parse_iot.py', '--cfg-path', '/tmp/tmpv9uizl9m']
[2026-02-14T18:15:39.053+0000] {standard_task_runner.py:105} INFO - Job 84: Subtask sort_in_out
[2026-02-14T18:15:39.061+0000] {warnings.py:109} WARNING - /home/***/.local/lib/python3.9/site-packages/***/settings.py:209: DeprecationWarning: The sql_alchemy_conn option in [core] has been moved to the sql_alchemy_conn option in [database] - the old setting has been used, but please update your config.
  SQL_ALCHEMY_CONN = conf.get("database", "SQL_ALCHEMY_CONN")

[2026-02-14T18:15:39.082+0000] {task_command.py:467} INFO - Running <TaskInstance: parse_iot.sort_in_out scheduled__2026-02-02T10:00:00+00:00 [running]> on host bb762b62a2c2
[2026-02-14T18:15:39.082+0000] {warnings.py:109} WARNING - /home/***/.local/lib/python3.9/site-packages/***/settings.py:470: DeprecationWarning: The sql_alchemy_conn option in [core] has been moved to the sql_alchemy_conn option in [database] - the old setting has been used, but please update your config.
  if conf.get("database", "sql_alchemy_conn") == "none://":

[2026-02-14T18:15:39.127+0000] {taskinstance.py:3134} INFO - Exporting env vars: AIRFLOW_CTX_DAG_OWNER='a.sorokin' AIRFLOW_CTX_DAG_ID='parse_iot' AIRFLOW_CTX_TASK_ID='sort_in_out' AIRFLOW_CTX_EXECUTION_DATE='2026-02-02T10:00:00+00:00' AIRFLOW_CTX_TRY_NUMBER='1' AIRFLOW_CTX_DAG_RUN_ID='scheduled__2026-02-02T10:00:00+00:00'
[2026-02-14T18:15:39.128+0000] {taskinstance.py:732} INFO - ::endgroup::
[2026-02-14T18:15:39.135+0000] {parse_iot.py:102} INFO - text
[2026-02-14T18:15:39.135+0000] {python.py:240} INFO - Done. Returned value was: None
[2026-02-14T18:15:39.141+0000] {taskinstance.py:341} INFO - ::group::Post task execution logs
[2026-02-14T18:15:39.141+0000] {taskinstance.py:353} INFO - Marking task as SUCCESS. dag_id=parse_iot, task_id=sort_in_out, run_id=scheduled__2026-02-02T10:00:00+00:00, execution_date=20260202T100000, start_date=20260214T181539, end_date=20260214T181539
[2026-02-14T18:15:39.183+0000] {local_task_job_runner.py:266} INFO - Task exited with return code 0
[2026-02-14T18:15:39.202+0000] {taskinstance.py:3901} INFO - 0 downstream tasks scheduled from follow-on schedule check
[2026-02-14T18:15:39.203+0000] {local_task_job_runner.py:245} INFO - ::endgroup::
[2026-02-16T14:48:32.125+0000] {local_task_job_runner.py:123} INFO - ::group::Pre task execution logs
[2026-02-16T14:48:32.142+0000] {taskinstance.py:2614} INFO - Dependencies all met for dep_context=non-requeueable deps ti=<TaskInstance: parse_iot.sort_in_out scheduled__2026-02-02T10:00:00+00:00 [queued]>
[2026-02-16T14:48:32.149+0000] {taskinstance.py:2614} INFO - Dependencies all met for dep_context=requeueable deps ti=<TaskInstance: parse_iot.sort_in_out scheduled__2026-02-02T10:00:00+00:00 [queued]>
[2026-02-16T14:48:32.149+0000] {taskinstance.py:2867} INFO - Starting attempt 1 of 4
[2026-02-16T14:48:32.157+0000] {taskinstance.py:2890} INFO - Executing <Task(PythonOperator): sort_in_out> on 2026-02-02 10:00:00+00:00
[2026-02-16T14:48:32.161+0000] {standard_task_runner.py:72} INFO - Started process 618 to run task
[2026-02-16T14:48:32.163+0000] {standard_task_runner.py:104} INFO - Running: ['***', 'tasks', 'run', 'parse_iot', 'sort_in_out', 'scheduled__2026-02-02T10:00:00+00:00', '--job-id', '132', '--raw', '--subdir', 'DAGS_FOLDER/parse_iot.py', '--cfg-path', '/tmp/tmppafafjs4']
[2026-02-16T14:48:32.165+0000] {standard_task_runner.py:105} INFO - Job 132: Subtask sort_in_out
[2026-02-16T14:48:32.174+0000] {warnings.py:109} WARNING - /home/***/.local/lib/python3.9/site-packages/***/settings.py:209: DeprecationWarning: The sql_alchemy_conn option in [core] has been moved to the sql_alchemy_conn option in [database] - the old setting has been used, but please update your config.
  SQL_ALCHEMY_CONN = conf.get("database", "SQL_ALCHEMY_CONN")

[2026-02-16T14:48:32.197+0000] {task_command.py:467} INFO - Running <TaskInstance: parse_iot.sort_in_out scheduled__2026-02-02T10:00:00+00:00 [running]> on host cd96c4fa192f
[2026-02-16T14:48:32.197+0000] {warnings.py:109} WARNING - /home/***/.local/lib/python3.9/site-packages/***/settings.py:470: DeprecationWarning: The sql_alchemy_conn option in [core] has been moved to the sql_alchemy_conn option in [database] - the old setting has been used, but please update your config.
  if conf.get("database", "sql_alchemy_conn") == "none://":

[2026-02-16T14:48:32.245+0000] {taskinstance.py:3134} INFO - Exporting env vars: AIRFLOW_CTX_DAG_OWNER='a.sorokin' AIRFLOW_CTX_DAG_ID='parse_iot' AIRFLOW_CTX_TASK_ID='sort_in_out' AIRFLOW_CTX_EXECUTION_DATE='2026-02-02T10:00:00+00:00' AIRFLOW_CTX_TRY_NUMBER='1' AIRFLOW_CTX_DAG_RUN_ID='scheduled__2026-02-02T10:00:00+00:00'
[2026-02-16T14:48:32.245+0000] {taskinstance.py:732} INFO - ::endgroup::
[2026-02-16T14:48:32.253+0000] {parse_iot.py:102} INFO - text
[2026-02-16T14:48:32.253+0000] {python.py:240} INFO - Done. Returned value was: None
[2026-02-16T14:48:32.260+0000] {taskinstance.py:341} INFO - ::group::Post task execution logs
[2026-02-16T14:48:32.260+0000] {taskinstance.py:353} INFO - Marking task as SUCCESS. dag_id=parse_iot, task_id=sort_in_out, run_id=scheduled__2026-02-02T10:00:00+00:00, execution_date=20260202T100000, start_date=20260216T144832, end_date=20260216T144832
[2026-02-16T14:48:32.295+0000] {local_task_job_runner.py:266} INFO - Task exited with return code 0
[2026-02-16T14:48:32.302+0000] {local_task_job_runner.py:245} INFO - ::endgroup::
[2026-02-16T15:18:52.926+0000] {local_task_job_runner.py:123} INFO - ::group::Pre task execution logs
[2026-02-16T15:18:52.944+0000] {taskinstance.py:2614} INFO - Dependencies all met for dep_context=non-requeueable deps ti=<TaskInstance: parse_iot.sort_in_out scheduled__2026-02-02T10:00:00+00:00 [queued]>
[2026-02-16T15:18:52.951+0000] {taskinstance.py:2614} INFO - Dependencies all met for dep_context=requeueable deps ti=<TaskInstance: parse_iot.sort_in_out scheduled__2026-02-02T10:00:00+00:00 [queued]>
[2026-02-16T15:18:52.951+0000] {taskinstance.py:2867} INFO - Starting attempt 1 of 4
[2026-02-16T15:18:52.958+0000] {taskinstance.py:2890} INFO - Executing <Task(PythonOperator): sort_in_out> on 2026-02-02 10:00:00+00:00
[2026-02-16T15:18:52.963+0000] {standard_task_runner.py:72} INFO - Started process 663 to run task
[2026-02-16T15:18:52.965+0000] {standard_task_runner.py:104} INFO - Running: ['***', 'tasks', 'run', 'parse_iot', 'sort_in_out', 'scheduled__2026-02-02T10:00:00+00:00', '--job-id', '149', '--raw', '--subdir', 'DAGS_FOLDER/parse_iot.py', '--cfg-path', '/tmp/tmpz6u1g2xa']
[2026-02-16T15:18:52.967+0000] {standard_task_runner.py:105} INFO - Job 149: Subtask sort_in_out
[2026-02-16T15:18:52.975+0000] {warnings.py:109} WARNING - /home/***/.local/lib/python3.9/site-packages/***/settings.py:209: DeprecationWarning: The sql_alchemy_conn option in [core] has been moved to the sql_alchemy_conn option in [database] - the old setting has been used, but please update your config.
  SQL_ALCHEMY_CONN = conf.get("database", "SQL_ALCHEMY_CONN")

[2026-02-16T15:18:52.997+0000] {task_command.py:467} INFO - Running <TaskInstance: parse_iot.sort_in_out scheduled__2026-02-02T10:00:00+00:00 [running]> on host fbd3e38838e9
[2026-02-16T15:18:52.998+0000] {warnings.py:109} WARNING - /home/***/.local/lib/python3.9/site-packages/***/settings.py:470: DeprecationWarning: The sql_alchemy_conn option in [core] has been moved to the sql_alchemy_conn option in [database] - the old setting has been used, but please update your config.
  if conf.get("database", "sql_alchemy_conn") == "none://":

[2026-02-16T15:18:53.043+0000] {taskinstance.py:3134} INFO - Exporting env vars: AIRFLOW_CTX_DAG_OWNER='a.sorokin' AIRFLOW_CTX_DAG_ID='parse_iot' AIRFLOW_CTX_TASK_ID='sort_in_out' AIRFLOW_CTX_EXECUTION_DATE='2026-02-02T10:00:00+00:00' AIRFLOW_CTX_TRY_NUMBER='1' AIRFLOW_CTX_DAG_RUN_ID='scheduled__2026-02-02T10:00:00+00:00'
[2026-02-16T15:18:53.044+0000] {taskinstance.py:732} INFO - ::endgroup::
[2026-02-16T15:18:53.051+0000] {parse_iot.py:102} INFO - text
[2026-02-16T15:18:53.051+0000] {python.py:240} INFO - Done. Returned value was: None
[2026-02-16T15:18:53.058+0000] {taskinstance.py:341} INFO - ::group::Post task execution logs
[2026-02-16T15:18:53.058+0000] {taskinstance.py:353} INFO - Marking task as SUCCESS. dag_id=parse_iot, task_id=sort_in_out, run_id=scheduled__2026-02-02T10:00:00+00:00, execution_date=20260202T100000, start_date=20260216T151852, end_date=20260216T151853
[2026-02-16T15:18:53.097+0000] {local_task_job_runner.py:266} INFO - Task exited with return code 0
[2026-02-16T15:18:53.116+0000] {taskinstance.py:3901} INFO - 0 downstream tasks scheduled from follow-on schedule check
[2026-02-16T15:18:53.117+0000] {local_task_job_runner.py:245} INFO - ::endgroup::
[2026-02-16T15:46:03.111+0000] {local_task_job_runner.py:123} INFO - ::group::Pre task execution logs
[2026-02-16T15:46:03.128+0000] {taskinstance.py:2614} INFO - Dependencies all met for dep_context=non-requeueable deps ti=<TaskInstance: parse_iot.sort_in_out scheduled__2026-02-02T10:00:00+00:00 [queued]>
[2026-02-16T15:46:03.134+0000] {taskinstance.py:2614} INFO - Dependencies all met for dep_context=requeueable deps ti=<TaskInstance: parse_iot.sort_in_out scheduled__2026-02-02T10:00:00+00:00 [queued]>
[2026-02-16T15:46:03.135+0000] {taskinstance.py:2867} INFO - Starting attempt 1 of 4
[2026-02-16T15:46:03.142+0000] {taskinstance.py:2890} INFO - Executing <Task(PythonOperator): sort_in_out> on 2026-02-02 10:00:00+00:00
[2026-02-16T15:46:03.147+0000] {standard_task_runner.py:72} INFO - Started process 587 to run task
[2026-02-16T15:46:03.148+0000] {standard_task_runner.py:104} INFO - Running: ['***', 'tasks', 'run', 'parse_iot', 'sort_in_out', 'scheduled__2026-02-02T10:00:00+00:00', '--job-id', '130', '--raw', '--subdir', 'DAGS_FOLDER/parse_iot.py', '--cfg-path', '/tmp/tmp7jesasy9']
[2026-02-16T15:46:03.150+0000] {standard_task_runner.py:105} INFO - Job 130: Subtask sort_in_out
[2026-02-16T15:46:03.159+0000] {warnings.py:109} WARNING - /home/***/.local/lib/python3.9/site-packages/***/settings.py:209: DeprecationWarning: The sql_alchemy_conn option in [core] has been moved to the sql_alchemy_conn option in [database] - the old setting has been used, but please update your config.
  SQL_ALCHEMY_CONN = conf.get("database", "SQL_ALCHEMY_CONN")

[2026-02-16T15:46:03.181+0000] {task_command.py:467} INFO - Running <TaskInstance: parse_iot.sort_in_out scheduled__2026-02-02T10:00:00+00:00 [running]> on host 6ef9a94e694d
[2026-02-16T15:46:03.181+0000] {warnings.py:109} WARNING - /home/***/.local/lib/python3.9/site-packages/***/settings.py:470: DeprecationWarning: The sql_alchemy_conn option in [core] has been moved to the sql_alchemy_conn option in [database] - the old setting has been used, but please update your config.
  if conf.get("database", "sql_alchemy_conn") == "none://":

[2026-02-16T15:46:03.228+0000] {taskinstance.py:3134} INFO - Exporting env vars: AIRFLOW_CTX_DAG_OWNER='a.sorokin' AIRFLOW_CTX_DAG_ID='parse_iot' AIRFLOW_CTX_TASK_ID='sort_in_out' AIRFLOW_CTX_EXECUTION_DATE='2026-02-02T10:00:00+00:00' AIRFLOW_CTX_TRY_NUMBER='1' AIRFLOW_CTX_DAG_RUN_ID='scheduled__2026-02-02T10:00:00+00:00'
[2026-02-16T15:46:03.229+0000] {taskinstance.py:732} INFO - ::endgroup::
[2026-02-16T15:46:03.237+0000] {parse_iot.py:102} INFO - text
[2026-02-16T15:46:03.237+0000] {python.py:240} INFO - Done. Returned value was: None
[2026-02-16T15:46:03.244+0000] {taskinstance.py:341} INFO - ::group::Post task execution logs
[2026-02-16T15:46:03.244+0000] {taskinstance.py:353} INFO - Marking task as SUCCESS. dag_id=parse_iot, task_id=sort_in_out, run_id=scheduled__2026-02-02T10:00:00+00:00, execution_date=20260202T100000, start_date=20260216T154603, end_date=20260216T154603
[2026-02-16T15:46:03.281+0000] {local_task_job_runner.py:266} INFO - Task exited with return code 0
[2026-02-16T15:46:03.290+0000] {local_task_job_runner.py:245} INFO - ::endgroup::
