[2026-02-14T16:34:39.575+0000] {local_task_job_runner.py:123} INFO - ::group::Pre task execution logs
[2026-02-14T16:34:39.593+0000] {taskinstance.py:2614} INFO - Dependencies all met for dep_context=non-requeueable deps ti=<TaskInstance: parse_iot.sort_in_out scheduled__2026-02-11T10:00:00+00:00 [queued]>
[2026-02-14T16:34:39.601+0000] {taskinstance.py:2614} INFO - Dependencies all met for dep_context=requeueable deps ti=<TaskInstance: parse_iot.sort_in_out scheduled__2026-02-11T10:00:00+00:00 [queued]>
[2026-02-14T16:34:39.601+0000] {taskinstance.py:2867} INFO - Starting attempt 1 of 4
[2026-02-14T16:34:39.608+0000] {taskinstance.py:2890} INFO - Executing <Task(PythonOperator): sort_in_out> on 2026-02-11 10:00:00+00:00
[2026-02-14T16:34:39.613+0000] {standard_task_runner.py:72} INFO - Started process 683 to run task
[2026-02-14T16:34:39.615+0000] {standard_task_runner.py:104} INFO - Running: ['***', 'tasks', 'run', 'parse_iot', 'sort_in_out', 'scheduled__2026-02-11T10:00:00+00:00', '--job-id', '154', '--raw', '--subdir', 'DAGS_FOLDER/parse_iot.py', '--cfg-path', '/tmp/tmpdc3tsrh4']
[2026-02-14T16:34:39.617+0000] {standard_task_runner.py:105} INFO - Job 154: Subtask sort_in_out
[2026-02-14T16:34:39.625+0000] {warnings.py:109} WARNING - /home/***/.local/lib/python3.9/site-packages/***/settings.py:209: DeprecationWarning: The sql_alchemy_conn option in [core] has been moved to the sql_alchemy_conn option in [database] - the old setting has been used, but please update your config.
  SQL_ALCHEMY_CONN = conf.get("database", "SQL_ALCHEMY_CONN")

[2026-02-14T16:34:39.647+0000] {task_command.py:467} INFO - Running <TaskInstance: parse_iot.sort_in_out scheduled__2026-02-11T10:00:00+00:00 [running]> on host a5c4ed865bb5
[2026-02-14T16:34:39.647+0000] {warnings.py:109} WARNING - /home/***/.local/lib/python3.9/site-packages/***/settings.py:470: DeprecationWarning: The sql_alchemy_conn option in [core] has been moved to the sql_alchemy_conn option in [database] - the old setting has been used, but please update your config.
  if conf.get("database", "sql_alchemy_conn") == "none://":

[2026-02-14T16:34:39.698+0000] {taskinstance.py:3134} INFO - Exporting env vars: AIRFLOW_CTX_DAG_OWNER='a.sorokin' AIRFLOW_CTX_DAG_ID='parse_iot' AIRFLOW_CTX_TASK_ID='sort_in_out' AIRFLOW_CTX_EXECUTION_DATE='2026-02-11T10:00:00+00:00' AIRFLOW_CTX_TRY_NUMBER='1' AIRFLOW_CTX_DAG_RUN_ID='scheduled__2026-02-11T10:00:00+00:00'
[2026-02-14T16:34:39.699+0000] {taskinstance.py:732} INFO - ::endgroup::
[2026-02-14T16:34:39.706+0000] {parse_iot.py:102} INFO - text
[2026-02-14T16:34:39.706+0000] {python.py:240} INFO - Done. Returned value was: None
[2026-02-14T16:34:39.713+0000] {taskinstance.py:341} INFO - ::group::Post task execution logs
[2026-02-14T16:34:39.714+0000] {taskinstance.py:353} INFO - Marking task as SUCCESS. dag_id=parse_iot, task_id=sort_in_out, run_id=scheduled__2026-02-11T10:00:00+00:00, execution_date=20260211T100000, start_date=20260214T163439, end_date=20260214T163439
[2026-02-14T16:34:39.747+0000] {local_task_job_runner.py:266} INFO - Task exited with return code 0
[2026-02-14T16:34:39.765+0000] {taskinstance.py:3901} INFO - 0 downstream tasks scheduled from follow-on schedule check
[2026-02-14T16:34:39.766+0000] {local_task_job_runner.py:245} INFO - ::endgroup::
[2026-02-14T17:52:07.842+0000] {local_task_job_runner.py:123} INFO - ::group::Pre task execution logs
[2026-02-14T17:52:07.859+0000] {taskinstance.py:2614} INFO - Dependencies all met for dep_context=non-requeueable deps ti=<TaskInstance: parse_iot.sort_in_out scheduled__2026-02-11T10:00:00+00:00 [queued]>
[2026-02-14T17:52:07.867+0000] {taskinstance.py:2614} INFO - Dependencies all met for dep_context=requeueable deps ti=<TaskInstance: parse_iot.sort_in_out scheduled__2026-02-11T10:00:00+00:00 [queued]>
[2026-02-14T17:52:07.867+0000] {taskinstance.py:2867} INFO - Starting attempt 1 of 4
[2026-02-14T17:52:07.874+0000] {taskinstance.py:2890} INFO - Executing <Task(PythonOperator): sort_in_out> on 2026-02-11 10:00:00+00:00
[2026-02-14T17:52:07.879+0000] {standard_task_runner.py:72} INFO - Started process 683 to run task
[2026-02-14T17:52:07.881+0000] {standard_task_runner.py:104} INFO - Running: ['***', 'tasks', 'run', 'parse_iot', 'sort_in_out', 'scheduled__2026-02-11T10:00:00+00:00', '--job-id', '154', '--raw', '--subdir', 'DAGS_FOLDER/parse_iot.py', '--cfg-path', '/tmp/tmpe9e6vof4']
[2026-02-14T17:52:07.882+0000] {standard_task_runner.py:105} INFO - Job 154: Subtask sort_in_out
[2026-02-14T17:52:07.891+0000] {warnings.py:109} WARNING - /home/***/.local/lib/python3.9/site-packages/***/settings.py:209: DeprecationWarning: The sql_alchemy_conn option in [core] has been moved to the sql_alchemy_conn option in [database] - the old setting has been used, but please update your config.
  SQL_ALCHEMY_CONN = conf.get("database", "SQL_ALCHEMY_CONN")

[2026-02-14T17:52:07.912+0000] {task_command.py:467} INFO - Running <TaskInstance: parse_iot.sort_in_out scheduled__2026-02-11T10:00:00+00:00 [running]> on host 9052c134cdec
[2026-02-14T17:52:07.913+0000] {warnings.py:109} WARNING - /home/***/.local/lib/python3.9/site-packages/***/settings.py:470: DeprecationWarning: The sql_alchemy_conn option in [core] has been moved to the sql_alchemy_conn option in [database] - the old setting has been used, but please update your config.
  if conf.get("database", "sql_alchemy_conn") == "none://":

[2026-02-14T17:52:07.964+0000] {taskinstance.py:3134} INFO - Exporting env vars: AIRFLOW_CTX_DAG_OWNER='a.sorokin' AIRFLOW_CTX_DAG_ID='parse_iot' AIRFLOW_CTX_TASK_ID='sort_in_out' AIRFLOW_CTX_EXECUTION_DATE='2026-02-11T10:00:00+00:00' AIRFLOW_CTX_TRY_NUMBER='1' AIRFLOW_CTX_DAG_RUN_ID='scheduled__2026-02-11T10:00:00+00:00'
[2026-02-14T17:52:07.965+0000] {taskinstance.py:732} INFO - ::endgroup::
[2026-02-14T17:52:07.973+0000] {parse_iot.py:102} INFO - text
[2026-02-14T17:52:07.973+0000] {python.py:240} INFO - Done. Returned value was: None
[2026-02-14T17:52:07.980+0000] {taskinstance.py:341} INFO - ::group::Post task execution logs
[2026-02-14T17:52:07.980+0000] {taskinstance.py:353} INFO - Marking task as SUCCESS. dag_id=parse_iot, task_id=sort_in_out, run_id=scheduled__2026-02-11T10:00:00+00:00, execution_date=20260211T100000, start_date=20260214T175207, end_date=20260214T175207
[2026-02-14T17:52:08.013+0000] {local_task_job_runner.py:266} INFO - Task exited with return code 0
[2026-02-14T17:52:08.031+0000] {taskinstance.py:3901} INFO - 0 downstream tasks scheduled from follow-on schedule check
[2026-02-14T17:52:08.032+0000] {local_task_job_runner.py:245} INFO - ::endgroup::
[2026-02-14T18:16:56.222+0000] {local_task_job_runner.py:123} INFO - ::group::Pre task execution logs
[2026-02-14T18:16:56.243+0000] {taskinstance.py:2614} INFO - Dependencies all met for dep_context=non-requeueable deps ti=<TaskInstance: parse_iot.sort_in_out scheduled__2026-02-11T10:00:00+00:00 [queued]>
[2026-02-14T18:16:56.253+0000] {taskinstance.py:2614} INFO - Dependencies all met for dep_context=requeueable deps ti=<TaskInstance: parse_iot.sort_in_out scheduled__2026-02-11T10:00:00+00:00 [queued]>
[2026-02-14T18:16:56.253+0000] {taskinstance.py:2867} INFO - Starting attempt 1 of 4
[2026-02-14T18:16:56.262+0000] {taskinstance.py:2890} INFO - Executing <Task(PythonOperator): sort_in_out> on 2026-02-11 10:00:00+00:00
[2026-02-14T18:16:56.266+0000] {standard_task_runner.py:72} INFO - Started process 559 to run task
[2026-02-14T18:16:56.269+0000] {standard_task_runner.py:104} INFO - Running: ['***', 'tasks', 'run', 'parse_iot', 'sort_in_out', 'scheduled__2026-02-11T10:00:00+00:00', '--job-id', '123', '--raw', '--subdir', 'DAGS_FOLDER/parse_iot.py', '--cfg-path', '/tmp/tmpx83abllu']
[2026-02-14T18:16:56.271+0000] {standard_task_runner.py:105} INFO - Job 123: Subtask sort_in_out
[2026-02-14T18:16:56.280+0000] {warnings.py:109} WARNING - /home/***/.local/lib/python3.9/site-packages/***/settings.py:209: DeprecationWarning: The sql_alchemy_conn option in [core] has been moved to the sql_alchemy_conn option in [database] - the old setting has been used, but please update your config.
  SQL_ALCHEMY_CONN = conf.get("database", "SQL_ALCHEMY_CONN")

[2026-02-14T18:16:56.304+0000] {task_command.py:467} INFO - Running <TaskInstance: parse_iot.sort_in_out scheduled__2026-02-11T10:00:00+00:00 [running]> on host bb762b62a2c2
[2026-02-14T18:16:56.305+0000] {warnings.py:109} WARNING - /home/***/.local/lib/python3.9/site-packages/***/settings.py:470: DeprecationWarning: The sql_alchemy_conn option in [core] has been moved to the sql_alchemy_conn option in [database] - the old setting has been used, but please update your config.
  if conf.get("database", "sql_alchemy_conn") == "none://":

[2026-02-14T18:16:56.362+0000] {taskinstance.py:3134} INFO - Exporting env vars: AIRFLOW_CTX_DAG_OWNER='a.sorokin' AIRFLOW_CTX_DAG_ID='parse_iot' AIRFLOW_CTX_TASK_ID='sort_in_out' AIRFLOW_CTX_EXECUTION_DATE='2026-02-11T10:00:00+00:00' AIRFLOW_CTX_TRY_NUMBER='1' AIRFLOW_CTX_DAG_RUN_ID='scheduled__2026-02-11T10:00:00+00:00'
[2026-02-14T18:16:56.362+0000] {taskinstance.py:732} INFO - ::endgroup::
[2026-02-14T18:16:56.370+0000] {parse_iot.py:102} INFO - text
[2026-02-14T18:16:56.370+0000] {python.py:240} INFO - Done. Returned value was: None
[2026-02-14T18:16:56.376+0000] {taskinstance.py:341} INFO - ::group::Post task execution logs
[2026-02-14T18:16:56.377+0000] {taskinstance.py:353} INFO - Marking task as SUCCESS. dag_id=parse_iot, task_id=sort_in_out, run_id=scheduled__2026-02-11T10:00:00+00:00, execution_date=20260211T100000, start_date=20260214T181656, end_date=20260214T181656
[2026-02-14T18:16:56.400+0000] {local_task_job_runner.py:266} INFO - Task exited with return code 0
[2026-02-14T18:16:56.422+0000] {taskinstance.py:3901} INFO - 0 downstream tasks scheduled from follow-on schedule check
[2026-02-14T18:16:56.423+0000] {local_task_job_runner.py:245} INFO - ::endgroup::
[2026-02-16T14:49:20.081+0000] {local_task_job_runner.py:123} INFO - ::group::Pre task execution logs
[2026-02-16T14:49:20.096+0000] {taskinstance.py:2614} INFO - Dependencies all met for dep_context=non-requeueable deps ti=<TaskInstance: parse_iot.sort_in_out scheduled__2026-02-11T10:00:00+00:00 [queued]>
[2026-02-16T14:49:20.102+0000] {taskinstance.py:2614} INFO - Dependencies all met for dep_context=requeueable deps ti=<TaskInstance: parse_iot.sort_in_out scheduled__2026-02-11T10:00:00+00:00 [queued]>
[2026-02-16T14:49:20.103+0000] {taskinstance.py:2867} INFO - Starting attempt 1 of 4
[2026-02-16T14:49:20.109+0000] {taskinstance.py:2890} INFO - Executing <Task(PythonOperator): sort_in_out> on 2026-02-11 10:00:00+00:00
[2026-02-16T14:49:20.114+0000] {standard_task_runner.py:72} INFO - Started process 742 to run task
[2026-02-16T14:49:20.116+0000] {standard_task_runner.py:104} INFO - Running: ['***', 'tasks', 'run', 'parse_iot', 'sort_in_out', 'scheduled__2026-02-11T10:00:00+00:00', '--job-id', '163', '--raw', '--subdir', 'DAGS_FOLDER/parse_iot.py', '--cfg-path', '/tmp/tmpy1cqyv3p']
[2026-02-16T14:49:20.117+0000] {standard_task_runner.py:105} INFO - Job 163: Subtask sort_in_out
[2026-02-16T14:49:20.125+0000] {warnings.py:109} WARNING - /home/***/.local/lib/python3.9/site-packages/***/settings.py:209: DeprecationWarning: The sql_alchemy_conn option in [core] has been moved to the sql_alchemy_conn option in [database] - the old setting has been used, but please update your config.
  SQL_ALCHEMY_CONN = conf.get("database", "SQL_ALCHEMY_CONN")

[2026-02-16T14:49:20.145+0000] {task_command.py:467} INFO - Running <TaskInstance: parse_iot.sort_in_out scheduled__2026-02-11T10:00:00+00:00 [running]> on host cd96c4fa192f
[2026-02-16T14:49:20.145+0000] {warnings.py:109} WARNING - /home/***/.local/lib/python3.9/site-packages/***/settings.py:470: DeprecationWarning: The sql_alchemy_conn option in [core] has been moved to the sql_alchemy_conn option in [database] - the old setting has been used, but please update your config.
  if conf.get("database", "sql_alchemy_conn") == "none://":

[2026-02-16T14:49:20.190+0000] {taskinstance.py:3134} INFO - Exporting env vars: AIRFLOW_CTX_DAG_OWNER='a.sorokin' AIRFLOW_CTX_DAG_ID='parse_iot' AIRFLOW_CTX_TASK_ID='sort_in_out' AIRFLOW_CTX_EXECUTION_DATE='2026-02-11T10:00:00+00:00' AIRFLOW_CTX_TRY_NUMBER='1' AIRFLOW_CTX_DAG_RUN_ID='scheduled__2026-02-11T10:00:00+00:00'
[2026-02-16T14:49:20.191+0000] {taskinstance.py:732} INFO - ::endgroup::
[2026-02-16T14:49:20.197+0000] {parse_iot.py:102} INFO - text
[2026-02-16T14:49:20.198+0000] {python.py:240} INFO - Done. Returned value was: None
[2026-02-16T14:49:20.204+0000] {taskinstance.py:341} INFO - ::group::Post task execution logs
[2026-02-16T14:49:20.204+0000] {taskinstance.py:353} INFO - Marking task as SUCCESS. dag_id=parse_iot, task_id=sort_in_out, run_id=scheduled__2026-02-11T10:00:00+00:00, execution_date=20260211T100000, start_date=20260216T144920, end_date=20260216T144920
[2026-02-16T14:49:20.247+0000] {local_task_job_runner.py:266} INFO - Task exited with return code 0
[2026-02-16T14:49:20.265+0000] {taskinstance.py:3901} INFO - 0 downstream tasks scheduled from follow-on schedule check
[2026-02-16T14:49:20.266+0000] {local_task_job_runner.py:245} INFO - ::endgroup::
[2026-02-16T15:19:32.712+0000] {local_task_job_runner.py:123} INFO - ::group::Pre task execution logs
[2026-02-16T15:19:32.728+0000] {taskinstance.py:2614} INFO - Dependencies all met for dep_context=non-requeueable deps ti=<TaskInstance: parse_iot.sort_in_out scheduled__2026-02-11T10:00:00+00:00 [queued]>
[2026-02-16T15:19:32.734+0000] {taskinstance.py:2614} INFO - Dependencies all met for dep_context=requeueable deps ti=<TaskInstance: parse_iot.sort_in_out scheduled__2026-02-11T10:00:00+00:00 [queued]>
[2026-02-16T15:19:32.734+0000] {taskinstance.py:2867} INFO - Starting attempt 1 of 4
[2026-02-16T15:19:32.741+0000] {taskinstance.py:2890} INFO - Executing <Task(PythonOperator): sort_in_out> on 2026-02-11 10:00:00+00:00
[2026-02-16T15:19:32.746+0000] {standard_task_runner.py:72} INFO - Started process 739 to run task
[2026-02-16T15:19:32.747+0000] {standard_task_runner.py:104} INFO - Running: ['***', 'tasks', 'run', 'parse_iot', 'sort_in_out', 'scheduled__2026-02-11T10:00:00+00:00', '--job-id', '168', '--raw', '--subdir', 'DAGS_FOLDER/parse_iot.py', '--cfg-path', '/tmp/tmpn7ac6ywe']
[2026-02-16T15:19:32.749+0000] {standard_task_runner.py:105} INFO - Job 168: Subtask sort_in_out
[2026-02-16T15:19:32.757+0000] {warnings.py:109} WARNING - /home/***/.local/lib/python3.9/site-packages/***/settings.py:209: DeprecationWarning: The sql_alchemy_conn option in [core] has been moved to the sql_alchemy_conn option in [database] - the old setting has been used, but please update your config.
  SQL_ALCHEMY_CONN = conf.get("database", "SQL_ALCHEMY_CONN")

[2026-02-16T15:19:32.779+0000] {task_command.py:467} INFO - Running <TaskInstance: parse_iot.sort_in_out scheduled__2026-02-11T10:00:00+00:00 [running]> on host fbd3e38838e9
[2026-02-16T15:19:32.779+0000] {warnings.py:109} WARNING - /home/***/.local/lib/python3.9/site-packages/***/settings.py:470: DeprecationWarning: The sql_alchemy_conn option in [core] has been moved to the sql_alchemy_conn option in [database] - the old setting has been used, but please update your config.
  if conf.get("database", "sql_alchemy_conn") == "none://":

[2026-02-16T15:19:32.826+0000] {taskinstance.py:3134} INFO - Exporting env vars: AIRFLOW_CTX_DAG_OWNER='a.sorokin' AIRFLOW_CTX_DAG_ID='parse_iot' AIRFLOW_CTX_TASK_ID='sort_in_out' AIRFLOW_CTX_EXECUTION_DATE='2026-02-11T10:00:00+00:00' AIRFLOW_CTX_TRY_NUMBER='1' AIRFLOW_CTX_DAG_RUN_ID='scheduled__2026-02-11T10:00:00+00:00'
[2026-02-16T15:19:32.827+0000] {taskinstance.py:732} INFO - ::endgroup::
[2026-02-16T15:19:32.834+0000] {parse_iot.py:102} INFO - text
[2026-02-16T15:19:32.834+0000] {python.py:240} INFO - Done. Returned value was: None
[2026-02-16T15:19:32.840+0000] {taskinstance.py:341} INFO - ::group::Post task execution logs
[2026-02-16T15:19:32.840+0000] {taskinstance.py:353} INFO - Marking task as SUCCESS. dag_id=parse_iot, task_id=sort_in_out, run_id=scheduled__2026-02-11T10:00:00+00:00, execution_date=20260211T100000, start_date=20260216T151932, end_date=20260216T151932
[2026-02-16T15:19:32.879+0000] {local_task_job_runner.py:266} INFO - Task exited with return code 0
[2026-02-16T15:19:32.898+0000] {taskinstance.py:3901} INFO - 0 downstream tasks scheduled from follow-on schedule check
[2026-02-16T15:19:32.899+0000] {local_task_job_runner.py:245} INFO - ::endgroup::
[2026-02-16T15:47:20.320+0000] {local_task_job_runner.py:123} INFO - ::group::Pre task execution logs
[2026-02-16T15:47:20.335+0000] {taskinstance.py:2614} INFO - Dependencies all met for dep_context=non-requeueable deps ti=<TaskInstance: parse_iot.sort_in_out scheduled__2026-02-11T10:00:00+00:00 [queued]>
[2026-02-16T15:47:20.341+0000] {taskinstance.py:2614} INFO - Dependencies all met for dep_context=requeueable deps ti=<TaskInstance: parse_iot.sort_in_out scheduled__2026-02-11T10:00:00+00:00 [queued]>
[2026-02-16T15:47:20.341+0000] {taskinstance.py:2867} INFO - Starting attempt 1 of 4
[2026-02-16T15:47:20.347+0000] {taskinstance.py:2890} INFO - Executing <Task(PythonOperator): sort_in_out> on 2026-02-11 10:00:00+00:00
[2026-02-16T15:47:20.352+0000] {standard_task_runner.py:72} INFO - Started process 731 to run task
[2026-02-16T15:47:20.354+0000] {standard_task_runner.py:104} INFO - Running: ['***', 'tasks', 'run', 'parse_iot', 'sort_in_out', 'scheduled__2026-02-11T10:00:00+00:00', '--job-id', '166', '--raw', '--subdir', 'DAGS_FOLDER/parse_iot.py', '--cfg-path', '/tmp/tmpqdyrn5pn']
[2026-02-16T15:47:20.355+0000] {standard_task_runner.py:105} INFO - Job 166: Subtask sort_in_out
[2026-02-16T15:47:20.363+0000] {warnings.py:109} WARNING - /home/***/.local/lib/python3.9/site-packages/***/settings.py:209: DeprecationWarning: The sql_alchemy_conn option in [core] has been moved to the sql_alchemy_conn option in [database] - the old setting has been used, but please update your config.
  SQL_ALCHEMY_CONN = conf.get("database", "SQL_ALCHEMY_CONN")

[2026-02-16T15:47:20.383+0000] {task_command.py:467} INFO - Running <TaskInstance: parse_iot.sort_in_out scheduled__2026-02-11T10:00:00+00:00 [running]> on host 6ef9a94e694d
[2026-02-16T15:47:20.384+0000] {warnings.py:109} WARNING - /home/***/.local/lib/python3.9/site-packages/***/settings.py:470: DeprecationWarning: The sql_alchemy_conn option in [core] has been moved to the sql_alchemy_conn option in [database] - the old setting has been used, but please update your config.
  if conf.get("database", "sql_alchemy_conn") == "none://":

[2026-02-16T15:47:20.429+0000] {taskinstance.py:3134} INFO - Exporting env vars: AIRFLOW_CTX_DAG_OWNER='a.sorokin' AIRFLOW_CTX_DAG_ID='parse_iot' AIRFLOW_CTX_TASK_ID='sort_in_out' AIRFLOW_CTX_EXECUTION_DATE='2026-02-11T10:00:00+00:00' AIRFLOW_CTX_TRY_NUMBER='1' AIRFLOW_CTX_DAG_RUN_ID='scheduled__2026-02-11T10:00:00+00:00'
[2026-02-16T15:47:20.429+0000] {taskinstance.py:732} INFO - ::endgroup::
[2026-02-16T15:47:20.436+0000] {parse_iot.py:102} INFO - text
[2026-02-16T15:47:20.436+0000] {python.py:240} INFO - Done. Returned value was: None
[2026-02-16T15:47:20.442+0000] {taskinstance.py:341} INFO - ::group::Post task execution logs
[2026-02-16T15:47:20.442+0000] {taskinstance.py:353} INFO - Marking task as SUCCESS. dag_id=parse_iot, task_id=sort_in_out, run_id=scheduled__2026-02-11T10:00:00+00:00, execution_date=20260211T100000, start_date=20260216T154720, end_date=20260216T154720
[2026-02-16T15:47:20.486+0000] {local_task_job_runner.py:266} INFO - Task exited with return code 0
[2026-02-16T15:47:20.503+0000] {taskinstance.py:3901} INFO - 0 downstream tasks scheduled from follow-on schedule check
[2026-02-16T15:47:20.504+0000] {local_task_job_runner.py:245} INFO - ::endgroup::
