[2026-02-13T23:58:16.926+0000] {local_task_job_runner.py:123} INFO - ::group::Pre task execution logs
[2026-02-13T23:58:16.939+0000] {taskinstance.py:2614} INFO - Dependencies all met for dep_context=non-requeueable deps ti=<TaskInstance: download_iot.download_data scheduled__2026-02-07T10:00:00+00:00 [queued]>
[2026-02-13T23:58:16.944+0000] {taskinstance.py:2614} INFO - Dependencies all met for dep_context=requeueable deps ti=<TaskInstance: download_iot.download_data scheduled__2026-02-07T10:00:00+00:00 [queued]>
[2026-02-13T23:58:16.944+0000] {taskinstance.py:2867} INFO - Starting attempt 1 of 4
[2026-02-13T23:58:16.951+0000] {taskinstance.py:2890} INFO - Executing <Task(PythonOperator): download_data> on 2026-02-07 10:00:00+00:00
[2026-02-13T23:58:16.955+0000] {standard_task_runner.py:72} INFO - Started process 106 to run task
[2026-02-13T23:58:16.957+0000] {standard_task_runner.py:104} INFO - Running: ['***', 'tasks', 'run', 'download_iot', 'download_data', 'scheduled__2026-02-07T10:00:00+00:00', '--job-id', '10', '--raw', '--subdir', 'DAGS_FOLDER/download_iot.py', '--cfg-path', '/tmp/tmpvz8iuh6u']
[2026-02-13T23:58:16.959+0000] {standard_task_runner.py:105} INFO - Job 10: Subtask download_data
[2026-02-13T23:58:16.967+0000] {warnings.py:109} WARNING - /home/***/.local/lib/python3.9/site-packages/***/settings.py:209: DeprecationWarning: The sql_alchemy_conn option in [core] has been moved to the sql_alchemy_conn option in [database] - the old setting has been used, but please update your config.
  SQL_ALCHEMY_CONN = conf.get("database", "SQL_ALCHEMY_CONN")

[2026-02-13T23:58:16.987+0000] {task_command.py:467} INFO - Running <TaskInstance: download_iot.download_data scheduled__2026-02-07T10:00:00+00:00 [running]> on host 2ca27e65cbff
[2026-02-13T23:58:16.988+0000] {warnings.py:109} WARNING - /home/***/.local/lib/python3.9/site-packages/***/settings.py:470: DeprecationWarning: The sql_alchemy_conn option in [core] has been moved to the sql_alchemy_conn option in [database] - the old setting has been used, but please update your config.
  if conf.get("database", "sql_alchemy_conn") == "none://":

[2026-02-13T23:58:17.036+0000] {taskinstance.py:3134} INFO - Exporting env vars: AIRFLOW_CTX_DAG_OWNER='a.sorokin' AIRFLOW_CTX_DAG_ID='download_iot' AIRFLOW_CTX_TASK_ID='download_data' AIRFLOW_CTX_EXECUTION_DATE='2026-02-07T10:00:00+00:00' AIRFLOW_CTX_TRY_NUMBER='1' AIRFLOW_CTX_DAG_RUN_ID='scheduled__2026-02-07T10:00:00+00:00'
[2026-02-13T23:58:17.036+0000] {taskinstance.py:732} INFO - ::endgroup::
[2026-02-13T23:58:17.044+0000] {logging_mixin.py:190} INFO - Dataset URL: https://www.kaggle.com/datasets/atulanandjha/temperature-readings-iot-devices
[2026-02-13T23:58:18.245+0000] {download_iot.py:66} INFO - Данные успешно загружены с Kaggle!
[2026-02-13T23:58:18.246+0000] {python.py:240} INFO - Done. Returned value was: None
[2026-02-13T23:58:18.253+0000] {taskinstance.py:341} INFO - ::group::Post task execution logs
[2026-02-13T23:58:18.253+0000] {taskinstance.py:353} INFO - Marking task as SUCCESS. dag_id=download_iot, task_id=download_data, run_id=scheduled__2026-02-07T10:00:00+00:00, execution_date=20260207T100000, start_date=20260213T235816, end_date=20260213T235818
[2026-02-13T23:58:18.292+0000] {local_task_job_runner.py:266} INFO - Task exited with return code 0
[2026-02-13T23:58:18.304+0000] {taskinstance.py:3901} INFO - 0 downstream tasks scheduled from follow-on schedule check
[2026-02-13T23:58:18.305+0000] {local_task_job_runner.py:245} INFO - ::endgroup::
[2026-02-14T00:25:52.926+0000] {local_task_job_runner.py:123} INFO - ::group::Pre task execution logs
[2026-02-14T00:25:52.939+0000] {taskinstance.py:2614} INFO - Dependencies all met for dep_context=non-requeueable deps ti=<TaskInstance: download_iot.download_data scheduled__2026-02-07T10:00:00+00:00 [queued]>
[2026-02-14T00:25:52.944+0000] {taskinstance.py:2614} INFO - Dependencies all met for dep_context=requeueable deps ti=<TaskInstance: download_iot.download_data scheduled__2026-02-07T10:00:00+00:00 [queued]>
[2026-02-14T00:25:52.945+0000] {taskinstance.py:2867} INFO - Starting attempt 1 of 4
[2026-02-14T00:25:52.952+0000] {taskinstance.py:2890} INFO - Executing <Task(PythonOperator): download_data> on 2026-02-07 10:00:00+00:00
[2026-02-14T00:25:52.956+0000] {standard_task_runner.py:72} INFO - Started process 107 to run task
[2026-02-14T00:25:52.958+0000] {standard_task_runner.py:104} INFO - Running: ['***', 'tasks', 'run', 'download_iot', 'download_data', 'scheduled__2026-02-07T10:00:00+00:00', '--job-id', '10', '--raw', '--subdir', 'DAGS_FOLDER/download_iot.py', '--cfg-path', '/tmp/tmpx8e_e2l0']
[2026-02-14T00:25:52.959+0000] {standard_task_runner.py:105} INFO - Job 10: Subtask download_data
[2026-02-14T00:25:52.968+0000] {warnings.py:109} WARNING - /home/***/.local/lib/python3.9/site-packages/***/settings.py:209: DeprecationWarning: The sql_alchemy_conn option in [core] has been moved to the sql_alchemy_conn option in [database] - the old setting has been used, but please update your config.
  SQL_ALCHEMY_CONN = conf.get("database", "SQL_ALCHEMY_CONN")

[2026-02-14T00:25:52.989+0000] {task_command.py:467} INFO - Running <TaskInstance: download_iot.download_data scheduled__2026-02-07T10:00:00+00:00 [running]> on host b58edd37553d
[2026-02-14T00:25:52.990+0000] {warnings.py:109} WARNING - /home/***/.local/lib/python3.9/site-packages/***/settings.py:470: DeprecationWarning: The sql_alchemy_conn option in [core] has been moved to the sql_alchemy_conn option in [database] - the old setting has been used, but please update your config.
  if conf.get("database", "sql_alchemy_conn") == "none://":

[2026-02-14T00:25:53.039+0000] {taskinstance.py:3134} INFO - Exporting env vars: AIRFLOW_CTX_DAG_OWNER='a.sorokin' AIRFLOW_CTX_DAG_ID='download_iot' AIRFLOW_CTX_TASK_ID='download_data' AIRFLOW_CTX_EXECUTION_DATE='2026-02-07T10:00:00+00:00' AIRFLOW_CTX_TRY_NUMBER='1' AIRFLOW_CTX_DAG_RUN_ID='scheduled__2026-02-07T10:00:00+00:00'
[2026-02-14T00:25:53.040+0000] {taskinstance.py:732} INFO - ::endgroup::
[2026-02-14T00:25:53.048+0000] {logging_mixin.py:190} INFO - Dataset URL: https://www.kaggle.com/datasets/atulanandjha/temperature-readings-iot-devices
[2026-02-14T00:25:54.242+0000] {download_iot.py:66} INFO - Данные успешно загружены с Kaggle!
[2026-02-14T00:25:54.243+0000] {python.py:240} INFO - Done. Returned value was: None
[2026-02-14T00:25:54.249+0000] {taskinstance.py:341} INFO - ::group::Post task execution logs
[2026-02-14T00:25:54.249+0000] {taskinstance.py:353} INFO - Marking task as SUCCESS. dag_id=download_iot, task_id=download_data, run_id=scheduled__2026-02-07T10:00:00+00:00, execution_date=20260207T100000, start_date=20260214T002552, end_date=20260214T002554
[2026-02-14T00:25:54.293+0000] {local_task_job_runner.py:266} INFO - Task exited with return code 0
[2026-02-14T00:25:54.305+0000] {taskinstance.py:3901} INFO - 0 downstream tasks scheduled from follow-on schedule check
[2026-02-14T00:25:54.306+0000] {local_task_job_runner.py:245} INFO - ::endgroup::
[2026-02-14T16:30:28.613+0000] {local_task_job_runner.py:123} INFO - ::group::Pre task execution logs
[2026-02-14T16:30:28.628+0000] {taskinstance.py:2614} INFO - Dependencies all met for dep_context=non-requeueable deps ti=<TaskInstance: download_iot.download_data scheduled__2026-02-07T10:00:00+00:00 [queued]>
[2026-02-14T16:30:28.637+0000] {taskinstance.py:2614} INFO - Dependencies all met for dep_context=requeueable deps ti=<TaskInstance: download_iot.download_data scheduled__2026-02-07T10:00:00+00:00 [queued]>
[2026-02-14T16:30:28.637+0000] {taskinstance.py:2867} INFO - Starting attempt 1 of 4
[2026-02-14T16:30:28.648+0000] {taskinstance.py:2890} INFO - Executing <Task(PythonOperator): download_data> on 2026-02-07 10:00:00+00:00
[2026-02-14T16:30:28.655+0000] {standard_task_runner.py:72} INFO - Started process 162 to run task
[2026-02-14T16:30:28.657+0000] {standard_task_runner.py:104} INFO - Running: ['***', 'tasks', 'run', 'download_iot', 'download_data', 'scheduled__2026-02-07T10:00:00+00:00', '--job-id', '24', '--raw', '--subdir', 'DAGS_FOLDER/download_iot.py', '--cfg-path', '/tmp/tmp_tvij6_u']
[2026-02-14T16:30:28.658+0000] {standard_task_runner.py:105} INFO - Job 24: Subtask download_data
[2026-02-14T16:30:28.669+0000] {warnings.py:109} WARNING - /home/***/.local/lib/python3.9/site-packages/***/settings.py:209: DeprecationWarning: The sql_alchemy_conn option in [core] has been moved to the sql_alchemy_conn option in [database] - the old setting has been used, but please update your config.
  SQL_ALCHEMY_CONN = conf.get("database", "SQL_ALCHEMY_CONN")

[2026-02-14T16:30:28.697+0000] {task_command.py:467} INFO - Running <TaskInstance: download_iot.download_data scheduled__2026-02-07T10:00:00+00:00 [running]> on host a5c4ed865bb5
[2026-02-14T16:30:28.698+0000] {warnings.py:109} WARNING - /home/***/.local/lib/python3.9/site-packages/***/settings.py:470: DeprecationWarning: The sql_alchemy_conn option in [core] has been moved to the sql_alchemy_conn option in [database] - the old setting has been used, but please update your config.
  if conf.get("database", "sql_alchemy_conn") == "none://":

[2026-02-14T16:30:28.748+0000] {taskinstance.py:3134} INFO - Exporting env vars: AIRFLOW_CTX_DAG_OWNER='a.sorokin' AIRFLOW_CTX_DAG_ID='download_iot' AIRFLOW_CTX_TASK_ID='download_data' AIRFLOW_CTX_EXECUTION_DATE='2026-02-07T10:00:00+00:00' AIRFLOW_CTX_TRY_NUMBER='1' AIRFLOW_CTX_DAG_RUN_ID='scheduled__2026-02-07T10:00:00+00:00'
[2026-02-14T16:30:28.749+0000] {taskinstance.py:732} INFO - ::endgroup::
[2026-02-14T16:30:28.758+0000] {logging_mixin.py:190} INFO - Dataset URL: https://www.kaggle.com/datasets/atulanandjha/temperature-readings-iot-devices
[2026-02-14T16:30:29.948+0000] {download_iot.py:66} INFO - Данные успешно загружены с Kaggle!
[2026-02-14T16:30:29.949+0000] {python.py:240} INFO - Done. Returned value was: None
[2026-02-14T16:30:29.956+0000] {taskinstance.py:341} INFO - ::group::Post task execution logs
[2026-02-14T16:30:29.956+0000] {taskinstance.py:353} INFO - Marking task as SUCCESS. dag_id=download_iot, task_id=download_data, run_id=scheduled__2026-02-07T10:00:00+00:00, execution_date=20260207T100000, start_date=20260214T163028, end_date=20260214T163029
[2026-02-14T16:30:29.992+0000] {local_task_job_runner.py:266} INFO - Task exited with return code 0
[2026-02-14T16:30:30.006+0000] {taskinstance.py:3901} INFO - 0 downstream tasks scheduled from follow-on schedule check
[2026-02-14T16:30:30.007+0000] {local_task_job_runner.py:245} INFO - ::endgroup::
[2026-02-14T17:47:49.313+0000] {local_task_job_runner.py:123} INFO - ::group::Pre task execution logs
[2026-02-14T17:47:49.325+0000] {taskinstance.py:2614} INFO - Dependencies all met for dep_context=non-requeueable deps ti=<TaskInstance: download_iot.download_data scheduled__2026-02-07T10:00:00+00:00 [queued]>
[2026-02-14T17:47:49.330+0000] {taskinstance.py:2614} INFO - Dependencies all met for dep_context=requeueable deps ti=<TaskInstance: download_iot.download_data scheduled__2026-02-07T10:00:00+00:00 [queued]>
[2026-02-14T17:47:49.331+0000] {taskinstance.py:2867} INFO - Starting attempt 1 of 4
[2026-02-14T17:47:49.337+0000] {taskinstance.py:2890} INFO - Executing <Task(PythonOperator): download_data> on 2026-02-07 10:00:00+00:00
[2026-02-14T17:47:49.341+0000] {standard_task_runner.py:72} INFO - Started process 170 to run task
[2026-02-14T17:47:49.343+0000] {standard_task_runner.py:104} INFO - Running: ['***', 'tasks', 'run', 'download_iot', 'download_data', 'scheduled__2026-02-07T10:00:00+00:00', '--job-id', '26', '--raw', '--subdir', 'DAGS_FOLDER/download_iot.py', '--cfg-path', '/tmp/tmpk20m0rev']
[2026-02-14T17:47:49.344+0000] {standard_task_runner.py:105} INFO - Job 26: Subtask download_data
[2026-02-14T17:47:49.352+0000] {warnings.py:109} WARNING - /home/***/.local/lib/python3.9/site-packages/***/settings.py:209: DeprecationWarning: The sql_alchemy_conn option in [core] has been moved to the sql_alchemy_conn option in [database] - the old setting has been used, but please update your config.
  SQL_ALCHEMY_CONN = conf.get("database", "SQL_ALCHEMY_CONN")

[2026-02-14T17:47:49.372+0000] {task_command.py:467} INFO - Running <TaskInstance: download_iot.download_data scheduled__2026-02-07T10:00:00+00:00 [running]> on host 9052c134cdec
[2026-02-14T17:47:49.372+0000] {warnings.py:109} WARNING - /home/***/.local/lib/python3.9/site-packages/***/settings.py:470: DeprecationWarning: The sql_alchemy_conn option in [core] has been moved to the sql_alchemy_conn option in [database] - the old setting has been used, but please update your config.
  if conf.get("database", "sql_alchemy_conn") == "none://":

[2026-02-14T17:47:49.418+0000] {taskinstance.py:3134} INFO - Exporting env vars: AIRFLOW_CTX_DAG_OWNER='a.sorokin' AIRFLOW_CTX_DAG_ID='download_iot' AIRFLOW_CTX_TASK_ID='download_data' AIRFLOW_CTX_EXECUTION_DATE='2026-02-07T10:00:00+00:00' AIRFLOW_CTX_TRY_NUMBER='1' AIRFLOW_CTX_DAG_RUN_ID='scheduled__2026-02-07T10:00:00+00:00'
[2026-02-14T17:47:49.418+0000] {taskinstance.py:732} INFO - ::endgroup::
[2026-02-14T17:47:49.426+0000] {logging_mixin.py:190} INFO - Dataset URL: https://www.kaggle.com/datasets/atulanandjha/temperature-readings-iot-devices
[2026-02-14T17:47:50.598+0000] {download_iot.py:66} INFO - Данные успешно загружены с Kaggle!
[2026-02-14T17:47:50.598+0000] {python.py:240} INFO - Done. Returned value was: None
[2026-02-14T17:47:50.605+0000] {taskinstance.py:341} INFO - ::group::Post task execution logs
[2026-02-14T17:47:50.605+0000] {taskinstance.py:353} INFO - Marking task as SUCCESS. dag_id=download_iot, task_id=download_data, run_id=scheduled__2026-02-07T10:00:00+00:00, execution_date=20260207T100000, start_date=20260214T174749, end_date=20260214T174750
[2026-02-14T17:47:50.638+0000] {local_task_job_runner.py:266} INFO - Task exited with return code 0
[2026-02-14T17:47:50.649+0000] {taskinstance.py:3901} INFO - 0 downstream tasks scheduled from follow-on schedule check
[2026-02-14T17:47:50.650+0000] {local_task_job_runner.py:245} INFO - ::endgroup::
[2026-02-14T18:12:50.071+0000] {local_task_job_runner.py:123} INFO - ::group::Pre task execution logs
[2026-02-14T18:12:50.086+0000] {taskinstance.py:2614} INFO - Dependencies all met for dep_context=non-requeueable deps ti=<TaskInstance: download_iot.download_data scheduled__2026-02-07T10:00:00+00:00 [queued]>
[2026-02-14T18:12:50.093+0000] {taskinstance.py:2614} INFO - Dependencies all met for dep_context=requeueable deps ti=<TaskInstance: download_iot.download_data scheduled__2026-02-07T10:00:00+00:00 [queued]>
[2026-02-14T18:12:50.093+0000] {taskinstance.py:2867} INFO - Starting attempt 1 of 4
[2026-02-14T18:12:50.101+0000] {taskinstance.py:2890} INFO - Executing <Task(PythonOperator): download_data> on 2026-02-07 10:00:00+00:00
[2026-02-14T18:12:50.105+0000] {standard_task_runner.py:72} INFO - Started process 170 to run task
[2026-02-14T18:12:50.108+0000] {standard_task_runner.py:104} INFO - Running: ['***', 'tasks', 'run', 'download_iot', 'download_data', 'scheduled__2026-02-07T10:00:00+00:00', '--job-id', '26', '--raw', '--subdir', 'DAGS_FOLDER/download_iot.py', '--cfg-path', '/tmp/tmpqhl5fxdk']
[2026-02-14T18:12:50.109+0000] {standard_task_runner.py:105} INFO - Job 26: Subtask download_data
[2026-02-14T18:12:50.118+0000] {warnings.py:109} WARNING - /home/***/.local/lib/python3.9/site-packages/***/settings.py:209: DeprecationWarning: The sql_alchemy_conn option in [core] has been moved to the sql_alchemy_conn option in [database] - the old setting has been used, but please update your config.
  SQL_ALCHEMY_CONN = conf.get("database", "SQL_ALCHEMY_CONN")

[2026-02-14T18:12:50.142+0000] {task_command.py:467} INFO - Running <TaskInstance: download_iot.download_data scheduled__2026-02-07T10:00:00+00:00 [running]> on host bb762b62a2c2
[2026-02-14T18:12:50.143+0000] {warnings.py:109} WARNING - /home/***/.local/lib/python3.9/site-packages/***/settings.py:470: DeprecationWarning: The sql_alchemy_conn option in [core] has been moved to the sql_alchemy_conn option in [database] - the old setting has been used, but please update your config.
  if conf.get("database", "sql_alchemy_conn") == "none://":

[2026-02-14T18:12:50.197+0000] {taskinstance.py:3134} INFO - Exporting env vars: AIRFLOW_CTX_DAG_OWNER='a.sorokin' AIRFLOW_CTX_DAG_ID='download_iot' AIRFLOW_CTX_TASK_ID='download_data' AIRFLOW_CTX_EXECUTION_DATE='2026-02-07T10:00:00+00:00' AIRFLOW_CTX_TRY_NUMBER='1' AIRFLOW_CTX_DAG_RUN_ID='scheduled__2026-02-07T10:00:00+00:00'
[2026-02-14T18:12:50.198+0000] {taskinstance.py:732} INFO - ::endgroup::
[2026-02-14T18:12:50.210+0000] {logging_mixin.py:190} INFO - Dataset URL: https://www.kaggle.com/datasets/atulanandjha/temperature-readings-iot-devices
[2026-02-14T18:12:51.346+0000] {download_iot.py:66} INFO - Данные успешно загружены с Kaggle!
[2026-02-14T18:12:51.347+0000] {python.py:240} INFO - Done. Returned value was: None
[2026-02-14T18:12:51.354+0000] {taskinstance.py:341} INFO - ::group::Post task execution logs
[2026-02-14T18:12:51.354+0000] {taskinstance.py:353} INFO - Marking task as SUCCESS. dag_id=download_iot, task_id=download_data, run_id=scheduled__2026-02-07T10:00:00+00:00, execution_date=20260207T100000, start_date=20260214T181250, end_date=20260214T181251
[2026-02-14T18:12:51.643+0000] {local_task_job_runner.py:266} INFO - Task exited with return code 0
[2026-02-14T18:12:51.656+0000] {taskinstance.py:3901} INFO - 0 downstream tasks scheduled from follow-on schedule check
[2026-02-14T18:12:51.657+0000] {local_task_job_runner.py:245} INFO - ::endgroup::
[2026-02-16T14:44:46.252+0000] {local_task_job_runner.py:123} INFO - ::group::Pre task execution logs
[2026-02-16T14:44:46.266+0000] {taskinstance.py:2614} INFO - Dependencies all met for dep_context=non-requeueable deps ti=<TaskInstance: download_iot.download_data scheduled__2026-02-07T10:00:00+00:00 [queued]>
[2026-02-16T14:44:46.272+0000] {taskinstance.py:2614} INFO - Dependencies all met for dep_context=requeueable deps ti=<TaskInstance: download_iot.download_data scheduled__2026-02-07T10:00:00+00:00 [queued]>
[2026-02-16T14:44:46.272+0000] {taskinstance.py:2867} INFO - Starting attempt 1 of 4
[2026-02-16T14:44:46.280+0000] {taskinstance.py:2890} INFO - Executing <Task(PythonOperator): download_data> on 2026-02-07 10:00:00+00:00
[2026-02-16T14:44:46.284+0000] {standard_task_runner.py:72} INFO - Started process 179 to run task
[2026-02-16T14:44:46.286+0000] {standard_task_runner.py:104} INFO - Running: ['***', 'tasks', 'run', 'download_iot', 'download_data', 'scheduled__2026-02-07T10:00:00+00:00', '--job-id', '22', '--raw', '--subdir', 'DAGS_FOLDER/download_iot.py', '--cfg-path', '/tmp/tmp_d2a924h']
[2026-02-16T14:44:46.287+0000] {standard_task_runner.py:105} INFO - Job 22: Subtask download_data
[2026-02-16T14:44:46.296+0000] {warnings.py:109} WARNING - /home/***/.local/lib/python3.9/site-packages/***/settings.py:209: DeprecationWarning: The sql_alchemy_conn option in [core] has been moved to the sql_alchemy_conn option in [database] - the old setting has been used, but please update your config.
  SQL_ALCHEMY_CONN = conf.get("database", "SQL_ALCHEMY_CONN")

[2026-02-16T14:44:46.316+0000] {task_command.py:467} INFO - Running <TaskInstance: download_iot.download_data scheduled__2026-02-07T10:00:00+00:00 [running]> on host cd96c4fa192f
[2026-02-16T14:44:46.317+0000] {warnings.py:109} WARNING - /home/***/.local/lib/python3.9/site-packages/***/settings.py:470: DeprecationWarning: The sql_alchemy_conn option in [core] has been moved to the sql_alchemy_conn option in [database] - the old setting has been used, but please update your config.
  if conf.get("database", "sql_alchemy_conn") == "none://":

[2026-02-16T14:44:46.368+0000] {taskinstance.py:3134} INFO - Exporting env vars: AIRFLOW_CTX_DAG_OWNER='a.sorokin' AIRFLOW_CTX_DAG_ID='download_iot' AIRFLOW_CTX_TASK_ID='download_data' AIRFLOW_CTX_EXECUTION_DATE='2026-02-07T10:00:00+00:00' AIRFLOW_CTX_TRY_NUMBER='1' AIRFLOW_CTX_DAG_RUN_ID='scheduled__2026-02-07T10:00:00+00:00'
[2026-02-16T14:44:46.369+0000] {taskinstance.py:732} INFO - ::endgroup::
[2026-02-16T14:44:46.378+0000] {logging_mixin.py:190} INFO - Dataset URL: https://www.kaggle.com/datasets/atulanandjha/temperature-readings-iot-devices
[2026-02-16T14:44:47.582+0000] {download_iot.py:66} INFO - Данные успешно загружены с Kaggle!
[2026-02-16T14:44:47.582+0000] {python.py:240} INFO - Done. Returned value was: None
[2026-02-16T14:44:47.589+0000] {taskinstance.py:341} INFO - ::group::Post task execution logs
[2026-02-16T14:44:47.589+0000] {taskinstance.py:353} INFO - Marking task as SUCCESS. dag_id=download_iot, task_id=download_data, run_id=scheduled__2026-02-07T10:00:00+00:00, execution_date=20260207T100000, start_date=20260216T144446, end_date=20260216T144447
[2026-02-16T14:44:47.620+0000] {local_task_job_runner.py:266} INFO - Task exited with return code 0
[2026-02-16T14:44:47.634+0000] {taskinstance.py:3901} INFO - 0 downstream tasks scheduled from follow-on schedule check
[2026-02-16T14:44:47.635+0000] {local_task_job_runner.py:245} INFO - ::endgroup::
