[2026-02-14T00:00:14.806+0000] {processor.py:186} INFO - Started process (PID=86) to work on /opt/airflow/dags/hooook.py
[2026-02-14T00:00:14.806+0000] {processor.py:914} INFO - Processing file /opt/airflow/dags/hooook.py for tasks to queue
[2026-02-14T00:00:14.808+0000] {logging_mixin.py:190} INFO - [2026-02-14T00:00:14.808+0000] {dagbag.py:588} INFO - Filling up the DagBag from /opt/airflow/dags/hooook.py
[2026-02-14T00:00:15.047+0000] {processor.py:925} INFO - DAG(s) 'hooooook' retrieved from /opt/airflow/dags/hooook.py
[2026-02-14T00:00:15.059+0000] {logging_mixin.py:190} INFO - [2026-02-14T00:00:15.059+0000] {dag.py:3239} INFO - Sync 1 DAGs
[2026-02-14T00:00:15.070+0000] {logging_mixin.py:190} INFO - [2026-02-14T00:00:15.070+0000] {dag.py:4180} INFO - Setting next_dagrun for hooooook to None, run_after=None
[2026-02-14T00:00:15.084+0000] {processor.py:208} INFO - Processing /opt/airflow/dags/hooook.py took 0.282 seconds
[2026-02-14T00:00:45.317+0000] {processor.py:186} INFO - Started process (PID=93) to work on /opt/airflow/dags/hooook.py
[2026-02-14T00:00:45.317+0000] {processor.py:914} INFO - Processing file /opt/airflow/dags/hooook.py for tasks to queue
[2026-02-14T00:00:45.319+0000] {logging_mixin.py:190} INFO - [2026-02-14T00:00:45.318+0000] {dagbag.py:588} INFO - Filling up the DagBag from /opt/airflow/dags/hooook.py
[2026-02-14T00:00:45.558+0000] {processor.py:925} INFO - DAG(s) 'hooooook' retrieved from /opt/airflow/dags/hooook.py
[2026-02-14T00:00:45.569+0000] {logging_mixin.py:190} INFO - [2026-02-14T00:00:45.569+0000] {dag.py:3239} INFO - Sync 1 DAGs
[2026-02-14T00:00:45.581+0000] {logging_mixin.py:190} INFO - [2026-02-14T00:00:45.581+0000] {dag.py:4180} INFO - Setting next_dagrun for hooooook to None, run_after=None
[2026-02-14T00:00:45.596+0000] {processor.py:208} INFO - Processing /opt/airflow/dags/hooook.py took 0.283 seconds
[2026-02-14T00:01:15.829+0000] {processor.py:186} INFO - Started process (PID=100) to work on /opt/airflow/dags/hooook.py
[2026-02-14T00:01:15.829+0000] {processor.py:914} INFO - Processing file /opt/airflow/dags/hooook.py for tasks to queue
[2026-02-14T00:01:15.831+0000] {logging_mixin.py:190} INFO - [2026-02-14T00:01:15.831+0000] {dagbag.py:588} INFO - Filling up the DagBag from /opt/airflow/dags/hooook.py
[2026-02-14T00:01:16.071+0000] {processor.py:925} INFO - DAG(s) 'hooooook' retrieved from /opt/airflow/dags/hooook.py
[2026-02-14T00:01:16.082+0000] {logging_mixin.py:190} INFO - [2026-02-14T00:01:16.082+0000] {dag.py:3239} INFO - Sync 1 DAGs
[2026-02-14T00:01:16.094+0000] {logging_mixin.py:190} INFO - [2026-02-14T00:01:16.094+0000] {dag.py:4180} INFO - Setting next_dagrun for hooooook to None, run_after=None
[2026-02-14T00:01:16.108+0000] {processor.py:208} INFO - Processing /opt/airflow/dags/hooook.py took 0.285 seconds
[2026-02-14T00:01:46.335+0000] {processor.py:186} INFO - Started process (PID=107) to work on /opt/airflow/dags/hooook.py
[2026-02-14T00:01:46.340+0000] {processor.py:914} INFO - Processing file /opt/airflow/dags/hooook.py for tasks to queue
[2026-02-14T00:01:46.342+0000] {logging_mixin.py:190} INFO - [2026-02-14T00:01:46.341+0000] {dagbag.py:588} INFO - Filling up the DagBag from /opt/airflow/dags/hooook.py
[2026-02-14T00:01:46.580+0000] {processor.py:925} INFO - DAG(s) 'hooooook' retrieved from /opt/airflow/dags/hooook.py
[2026-02-14T00:01:46.591+0000] {logging_mixin.py:190} INFO - [2026-02-14T00:01:46.591+0000] {dag.py:3239} INFO - Sync 1 DAGs
[2026-02-14T00:01:46.603+0000] {logging_mixin.py:190} INFO - [2026-02-14T00:01:46.603+0000] {dag.py:4180} INFO - Setting next_dagrun for hooooook to None, run_after=None
[2026-02-14T00:01:46.616+0000] {processor.py:208} INFO - Processing /opt/airflow/dags/hooook.py took 0.285 seconds
[2026-02-14T00:02:16.854+0000] {processor.py:186} INFO - Started process (PID=114) to work on /opt/airflow/dags/hooook.py
[2026-02-14T00:02:16.854+0000] {processor.py:914} INFO - Processing file /opt/airflow/dags/hooook.py for tasks to queue
[2026-02-14T00:02:16.855+0000] {logging_mixin.py:190} INFO - [2026-02-14T00:02:16.855+0000] {dagbag.py:588} INFO - Filling up the DagBag from /opt/airflow/dags/hooook.py
[2026-02-14T00:02:17.100+0000] {processor.py:925} INFO - DAG(s) 'hooooook' retrieved from /opt/airflow/dags/hooook.py
[2026-02-14T00:02:17.111+0000] {logging_mixin.py:190} INFO - [2026-02-14T00:02:17.110+0000] {dag.py:3239} INFO - Sync 1 DAGs
[2026-02-14T00:02:17.122+0000] {logging_mixin.py:190} INFO - [2026-02-14T00:02:17.122+0000] {dag.py:4180} INFO - Setting next_dagrun for hooooook to None, run_after=None
[2026-02-14T00:02:17.137+0000] {processor.py:208} INFO - Processing /opt/airflow/dags/hooook.py took 0.287 seconds
[2026-02-14T00:02:47.373+0000] {processor.py:186} INFO - Started process (PID=121) to work on /opt/airflow/dags/hooook.py
[2026-02-14T00:02:47.379+0000] {processor.py:914} INFO - Processing file /opt/airflow/dags/hooook.py for tasks to queue
[2026-02-14T00:02:47.380+0000] {logging_mixin.py:190} INFO - [2026-02-14T00:02:47.380+0000] {dagbag.py:588} INFO - Filling up the DagBag from /opt/airflow/dags/hooook.py
[2026-02-14T00:02:47.617+0000] {processor.py:925} INFO - DAG(s) 'hooooook' retrieved from /opt/airflow/dags/hooook.py
[2026-02-14T00:02:47.628+0000] {logging_mixin.py:190} INFO - [2026-02-14T00:02:47.628+0000] {dag.py:3239} INFO - Sync 1 DAGs
[2026-02-14T00:02:47.640+0000] {logging_mixin.py:190} INFO - [2026-02-14T00:02:47.640+0000] {dag.py:4180} INFO - Setting next_dagrun for hooooook to None, run_after=None
[2026-02-14T00:02:47.654+0000] {processor.py:208} INFO - Processing /opt/airflow/dags/hooook.py took 0.285 seconds
[2026-02-14T00:03:17.872+0000] {processor.py:186} INFO - Started process (PID=128) to work on /opt/airflow/dags/hooook.py
[2026-02-14T00:03:17.872+0000] {processor.py:914} INFO - Processing file /opt/airflow/dags/hooook.py for tasks to queue
[2026-02-14T00:03:17.873+0000] {logging_mixin.py:190} INFO - [2026-02-14T00:03:17.873+0000] {dagbag.py:588} INFO - Filling up the DagBag from /opt/airflow/dags/hooook.py
[2026-02-14T00:03:18.118+0000] {processor.py:925} INFO - DAG(s) 'hooooook' retrieved from /opt/airflow/dags/hooook.py
[2026-02-14T00:03:18.129+0000] {logging_mixin.py:190} INFO - [2026-02-14T00:03:18.129+0000] {dag.py:3239} INFO - Sync 1 DAGs
[2026-02-14T00:03:18.140+0000] {logging_mixin.py:190} INFO - [2026-02-14T00:03:18.140+0000] {dag.py:4180} INFO - Setting next_dagrun for hooooook to None, run_after=None
[2026-02-14T00:03:18.155+0000] {processor.py:208} INFO - Processing /opt/airflow/dags/hooook.py took 0.287 seconds
[2026-02-14T00:03:48.363+0000] {processor.py:186} INFO - Started process (PID=135) to work on /opt/airflow/dags/hooook.py
[2026-02-14T00:03:48.369+0000] {processor.py:914} INFO - Processing file /opt/airflow/dags/hooook.py for tasks to queue
[2026-02-14T00:03:48.370+0000] {logging_mixin.py:190} INFO - [2026-02-14T00:03:48.370+0000] {dagbag.py:588} INFO - Filling up the DagBag from /opt/airflow/dags/hooook.py
[2026-02-14T00:03:48.614+0000] {processor.py:925} INFO - DAG(s) 'hooooook' retrieved from /opt/airflow/dags/hooook.py
[2026-02-14T00:03:48.626+0000] {logging_mixin.py:190} INFO - [2026-02-14T00:03:48.625+0000] {dag.py:3239} INFO - Sync 1 DAGs
[2026-02-14T00:03:48.638+0000] {logging_mixin.py:190} INFO - [2026-02-14T00:03:48.638+0000] {dag.py:4180} INFO - Setting next_dagrun for hooooook to None, run_after=None
[2026-02-14T00:03:48.653+0000] {processor.py:208} INFO - Processing /opt/airflow/dags/hooook.py took 0.293 seconds
[2026-02-14T00:04:18.859+0000] {processor.py:186} INFO - Started process (PID=142) to work on /opt/airflow/dags/hooook.py
[2026-02-14T00:04:18.860+0000] {processor.py:914} INFO - Processing file /opt/airflow/dags/hooook.py for tasks to queue
[2026-02-14T00:04:18.861+0000] {logging_mixin.py:190} INFO - [2026-02-14T00:04:18.861+0000] {dagbag.py:588} INFO - Filling up the DagBag from /opt/airflow/dags/hooook.py
[2026-02-14T00:04:19.098+0000] {processor.py:925} INFO - DAG(s) 'hooooook' retrieved from /opt/airflow/dags/hooook.py
[2026-02-14T00:04:19.110+0000] {logging_mixin.py:190} INFO - [2026-02-14T00:04:19.110+0000] {dag.py:3239} INFO - Sync 1 DAGs
[2026-02-14T00:04:19.121+0000] {logging_mixin.py:190} INFO - [2026-02-14T00:04:19.121+0000] {dag.py:4180} INFO - Setting next_dagrun for hooooook to None, run_after=None
[2026-02-14T00:04:19.136+0000] {processor.py:208} INFO - Processing /opt/airflow/dags/hooook.py took 0.280 seconds
[2026-02-14T00:04:49.363+0000] {processor.py:186} INFO - Started process (PID=149) to work on /opt/airflow/dags/hooook.py
[2026-02-14T00:04:49.368+0000] {processor.py:914} INFO - Processing file /opt/airflow/dags/hooook.py for tasks to queue
[2026-02-14T00:04:49.369+0000] {logging_mixin.py:190} INFO - [2026-02-14T00:04:49.369+0000] {dagbag.py:588} INFO - Filling up the DagBag from /opt/airflow/dags/hooook.py
[2026-02-14T00:04:49.624+0000] {processor.py:925} INFO - DAG(s) 'hooooook' retrieved from /opt/airflow/dags/hooook.py
[2026-02-14T00:04:49.634+0000] {logging_mixin.py:190} INFO - [2026-02-14T00:04:49.634+0000] {dag.py:3239} INFO - Sync 1 DAGs
[2026-02-14T00:04:49.646+0000] {logging_mixin.py:190} INFO - [2026-02-14T00:04:49.646+0000] {dag.py:4180} INFO - Setting next_dagrun for hooooook to None, run_after=None
[2026-02-14T00:04:49.661+0000] {processor.py:208} INFO - Processing /opt/airflow/dags/hooook.py took 0.302 seconds
[2026-02-14T00:08:22.803+0000] {processor.py:186} INFO - Started process (PID=54) to work on /opt/airflow/dags/hooook.py
[2026-02-14T00:08:22.804+0000] {processor.py:914} INFO - Processing file /opt/airflow/dags/hooook.py for tasks to queue
[2026-02-14T00:08:22.806+0000] {logging_mixin.py:190} INFO - [2026-02-14T00:08:22.805+0000] {dagbag.py:588} INFO - Filling up the DagBag from /opt/airflow/dags/hooook.py
[2026-02-14T00:08:23.899+0000] {processor.py:925} INFO - DAG(s) 'hooooook' retrieved from /opt/airflow/dags/hooook.py
[2026-02-14T00:08:23.987+0000] {logging_mixin.py:190} INFO - [2026-02-14T00:08:23.986+0000] {override.py:1912} INFO - Created Permission View: can delete on DAG:hooooook
[2026-02-14T00:08:23.998+0000] {logging_mixin.py:190} INFO - [2026-02-14T00:08:23.997+0000] {override.py:1912} INFO - Created Permission View: can read on DAG:hooooook
[2026-02-14T00:08:24.017+0000] {logging_mixin.py:190} INFO - [2026-02-14T00:08:24.016+0000] {override.py:1912} INFO - Created Permission View: can edit on DAG:hooooook
[2026-02-14T00:08:24.042+0000] {logging_mixin.py:190} INFO - [2026-02-14T00:08:24.041+0000] {override.py:1912} INFO - Created Permission View: can create on DAG Run:hooooook
[2026-02-14T00:08:24.066+0000] {logging_mixin.py:190} INFO - [2026-02-14T00:08:24.065+0000] {override.py:1912} INFO - Created Permission View: can delete on DAG Run:hooooook
[2026-02-14T00:08:24.077+0000] {logging_mixin.py:190} INFO - [2026-02-14T00:08:24.076+0000] {override.py:1912} INFO - Created Permission View: can read on DAG Run:hooooook
[2026-02-14T00:08:24.085+0000] {logging_mixin.py:190} INFO - [2026-02-14T00:08:24.084+0000] {override.py:1912} INFO - Created Permission View: menu access on DAG Run:hooooook
[2026-02-14T00:08:24.085+0000] {logging_mixin.py:190} INFO - [2026-02-14T00:08:24.085+0000] {dag.py:3239} INFO - Sync 1 DAGs
[2026-02-14T00:08:24.098+0000] {logging_mixin.py:190} INFO - [2026-02-14T00:08:24.098+0000] {dag.py:3262} INFO - Creating ORM DAG for hooooook
[2026-02-14T00:08:24.109+0000] {logging_mixin.py:190} INFO - [2026-02-14T00:08:24.108+0000] {dag.py:4180} INFO - Setting next_dagrun for hooooook to None, run_after=None
[2026-02-14T00:08:24.125+0000] {processor.py:208} INFO - Processing /opt/airflow/dags/hooook.py took 1.327 seconds
[2026-02-14T00:08:54.479+0000] {processor.py:186} INFO - Started process (PID=63) to work on /opt/airflow/dags/hooook.py
[2026-02-14T00:08:54.480+0000] {processor.py:914} INFO - Processing file /opt/airflow/dags/hooook.py for tasks to queue
[2026-02-14T00:08:54.481+0000] {logging_mixin.py:190} INFO - [2026-02-14T00:08:54.481+0000] {dagbag.py:588} INFO - Filling up the DagBag from /opt/airflow/dags/hooook.py
[2026-02-14T00:08:54.739+0000] {processor.py:925} INFO - DAG(s) 'hooooook' retrieved from /opt/airflow/dags/hooook.py
[2026-02-14T00:08:54.751+0000] {logging_mixin.py:190} INFO - [2026-02-14T00:08:54.751+0000] {dag.py:3239} INFO - Sync 1 DAGs
[2026-02-14T00:08:54.763+0000] {logging_mixin.py:190} INFO - [2026-02-14T00:08:54.763+0000] {dag.py:4180} INFO - Setting next_dagrun for hooooook to None, run_after=None
[2026-02-14T00:08:54.777+0000] {processor.py:208} INFO - Processing /opt/airflow/dags/hooook.py took 0.302 seconds
[2026-02-14T00:09:24.915+0000] {processor.py:186} INFO - Started process (PID=68) to work on /opt/airflow/dags/hooook.py
[2026-02-14T00:09:24.916+0000] {processor.py:914} INFO - Processing file /opt/airflow/dags/hooook.py for tasks to queue
[2026-02-14T00:09:24.917+0000] {logging_mixin.py:190} INFO - [2026-02-14T00:09:24.917+0000] {dagbag.py:588} INFO - Filling up the DagBag from /opt/airflow/dags/hooook.py
[2026-02-14T00:09:25.211+0000] {processor.py:925} INFO - DAG(s) 'hooooook' retrieved from /opt/airflow/dags/hooook.py
[2026-02-14T00:09:25.223+0000] {logging_mixin.py:190} INFO - [2026-02-14T00:09:25.223+0000] {dag.py:3239} INFO - Sync 1 DAGs
[2026-02-14T00:09:25.236+0000] {logging_mixin.py:190} INFO - [2026-02-14T00:09:25.236+0000] {dag.py:4180} INFO - Setting next_dagrun for hooooook to None, run_after=None
[2026-02-14T00:09:25.246+0000] {processor.py:208} INFO - Processing /opt/airflow/dags/hooook.py took 0.336 seconds
[2026-02-14T00:09:55.535+0000] {processor.py:186} INFO - Started process (PID=75) to work on /opt/airflow/dags/hooook.py
[2026-02-14T00:09:55.536+0000] {processor.py:914} INFO - Processing file /opt/airflow/dags/hooook.py for tasks to queue
[2026-02-14T00:09:55.538+0000] {logging_mixin.py:190} INFO - [2026-02-14T00:09:55.537+0000] {dagbag.py:588} INFO - Filling up the DagBag from /opt/airflow/dags/hooook.py
[2026-02-14T00:09:55.797+0000] {processor.py:925} INFO - DAG(s) 'hooooook' retrieved from /opt/airflow/dags/hooook.py
[2026-02-14T00:09:55.810+0000] {logging_mixin.py:190} INFO - [2026-02-14T00:09:55.810+0000] {dag.py:3239} INFO - Sync 1 DAGs
[2026-02-14T00:09:55.824+0000] {logging_mixin.py:190} INFO - [2026-02-14T00:09:55.824+0000] {dag.py:4180} INFO - Setting next_dagrun for hooooook to None, run_after=None
[2026-02-14T00:09:55.841+0000] {processor.py:208} INFO - Processing /opt/airflow/dags/hooook.py took 0.310 seconds
[2026-02-14T00:09:57.873+0000] {processor.py:186} INFO - Started process (PID=80) to work on /opt/airflow/dags/hooook.py
[2026-02-14T00:09:57.873+0000] {processor.py:914} INFO - Processing file /opt/airflow/dags/hooook.py for tasks to queue
[2026-02-14T00:09:57.875+0000] {logging_mixin.py:190} INFO - [2026-02-14T00:09:57.874+0000] {dagbag.py:588} INFO - Filling up the DagBag from /opt/airflow/dags/hooook.py
[2026-02-14T00:09:58.136+0000] {processor.py:925} INFO - DAG(s) 'hooooook' retrieved from /opt/airflow/dags/hooook.py
[2026-02-14T00:09:58.150+0000] {logging_mixin.py:190} INFO - [2026-02-14T00:09:58.150+0000] {dag.py:3239} INFO - Sync 1 DAGs
[2026-02-14T00:09:58.163+0000] {logging_mixin.py:190} INFO - [2026-02-14T00:09:58.163+0000] {dag.py:4180} INFO - Setting next_dagrun for hooooook to None, run_after=None
[2026-02-14T00:09:58.179+0000] {processor.py:208} INFO - Processing /opt/airflow/dags/hooook.py took 0.310 seconds
[2026-02-14T00:10:28.344+0000] {processor.py:186} INFO - Started process (PID=87) to work on /opt/airflow/dags/hooook.py
[2026-02-14T00:10:28.345+0000] {processor.py:914} INFO - Processing file /opt/airflow/dags/hooook.py for tasks to queue
[2026-02-14T00:10:28.346+0000] {logging_mixin.py:190} INFO - [2026-02-14T00:10:28.346+0000] {dagbag.py:588} INFO - Filling up the DagBag from /opt/airflow/dags/hooook.py
[2026-02-14T00:10:28.602+0000] {processor.py:925} INFO - DAG(s) 'hooooook' retrieved from /opt/airflow/dags/hooook.py
[2026-02-14T00:10:28.614+0000] {logging_mixin.py:190} INFO - [2026-02-14T00:10:28.614+0000] {dag.py:3239} INFO - Sync 1 DAGs
[2026-02-14T00:10:28.626+0000] {logging_mixin.py:190} INFO - [2026-02-14T00:10:28.626+0000] {dag.py:4180} INFO - Setting next_dagrun for hooooook to None, run_after=None
[2026-02-14T00:10:28.642+0000] {processor.py:208} INFO - Processing /opt/airflow/dags/hooook.py took 0.302 seconds
[2026-02-14T00:10:58.814+0000] {processor.py:186} INFO - Started process (PID=94) to work on /opt/airflow/dags/hooook.py
[2026-02-14T00:10:58.819+0000] {processor.py:914} INFO - Processing file /opt/airflow/dags/hooook.py for tasks to queue
[2026-02-14T00:10:58.820+0000] {logging_mixin.py:190} INFO - [2026-02-14T00:10:58.820+0000] {dagbag.py:588} INFO - Filling up the DagBag from /opt/airflow/dags/hooook.py
[2026-02-14T00:10:59.071+0000] {processor.py:925} INFO - DAG(s) 'hooooook' retrieved from /opt/airflow/dags/hooook.py
[2026-02-14T00:10:59.084+0000] {logging_mixin.py:190} INFO - [2026-02-14T00:10:59.083+0000] {dag.py:3239} INFO - Sync 1 DAGs
[2026-02-14T00:10:59.096+0000] {logging_mixin.py:190} INFO - [2026-02-14T00:10:59.096+0000] {dag.py:4180} INFO - Setting next_dagrun for hooooook to None, run_after=None
[2026-02-14T00:10:59.110+0000] {processor.py:208} INFO - Processing /opt/airflow/dags/hooook.py took 0.301 seconds
[2026-02-14T00:11:29.271+0000] {processor.py:186} INFO - Started process (PID=101) to work on /opt/airflow/dags/hooook.py
[2026-02-14T00:11:29.272+0000] {processor.py:914} INFO - Processing file /opt/airflow/dags/hooook.py for tasks to queue
[2026-02-14T00:11:29.273+0000] {logging_mixin.py:190} INFO - [2026-02-14T00:11:29.273+0000] {dagbag.py:588} INFO - Filling up the DagBag from /opt/airflow/dags/hooook.py
[2026-02-14T00:11:29.576+0000] {processor.py:925} INFO - DAG(s) 'hooooook' retrieved from /opt/airflow/dags/hooook.py
[2026-02-14T00:11:29.595+0000] {logging_mixin.py:190} INFO - [2026-02-14T00:11:29.595+0000] {dag.py:3239} INFO - Sync 1 DAGs
[2026-02-14T00:11:29.611+0000] {logging_mixin.py:190} INFO - [2026-02-14T00:11:29.611+0000] {dag.py:4180} INFO - Setting next_dagrun for hooooook to None, run_after=None
[2026-02-14T00:11:29.627+0000] {processor.py:208} INFO - Processing /opt/airflow/dags/hooook.py took 0.359 seconds
[2026-02-14T00:11:59.805+0000] {processor.py:186} INFO - Started process (PID=108) to work on /opt/airflow/dags/hooook.py
[2026-02-14T00:11:59.805+0000] {processor.py:914} INFO - Processing file /opt/airflow/dags/hooook.py for tasks to queue
[2026-02-14T00:11:59.806+0000] {logging_mixin.py:190} INFO - [2026-02-14T00:11:59.806+0000] {dagbag.py:588} INFO - Filling up the DagBag from /opt/airflow/dags/hooook.py
[2026-02-14T00:12:00.065+0000] {processor.py:925} INFO - DAG(s) 'hooooook' retrieved from /opt/airflow/dags/hooook.py
[2026-02-14T00:12:00.077+0000] {logging_mixin.py:190} INFO - [2026-02-14T00:12:00.076+0000] {dag.py:3239} INFO - Sync 1 DAGs
[2026-02-14T00:12:00.089+0000] {logging_mixin.py:190} INFO - [2026-02-14T00:12:00.089+0000] {dag.py:4180} INFO - Setting next_dagrun for hooooook to None, run_after=None
[2026-02-14T00:12:00.104+0000] {processor.py:208} INFO - Processing /opt/airflow/dags/hooook.py took 0.303 seconds
[2026-02-14T00:12:30.272+0000] {processor.py:186} INFO - Started process (PID=115) to work on /opt/airflow/dags/hooook.py
[2026-02-14T00:12:30.277+0000] {processor.py:914} INFO - Processing file /opt/airflow/dags/hooook.py for tasks to queue
[2026-02-14T00:12:30.278+0000] {logging_mixin.py:190} INFO - [2026-02-14T00:12:30.278+0000] {dagbag.py:588} INFO - Filling up the DagBag from /opt/airflow/dags/hooook.py
[2026-02-14T00:12:30.535+0000] {processor.py:925} INFO - DAG(s) 'hooooook' retrieved from /opt/airflow/dags/hooook.py
[2026-02-14T00:12:30.546+0000] {logging_mixin.py:190} INFO - [2026-02-14T00:12:30.546+0000] {dag.py:3239} INFO - Sync 1 DAGs
[2026-02-14T00:12:30.560+0000] {logging_mixin.py:190} INFO - [2026-02-14T00:12:30.560+0000] {dag.py:4180} INFO - Setting next_dagrun for hooooook to None, run_after=None
[2026-02-14T00:12:30.574+0000] {processor.py:208} INFO - Processing /opt/airflow/dags/hooook.py took 0.307 seconds
[2026-02-14T00:13:00.728+0000] {processor.py:186} INFO - Started process (PID=122) to work on /opt/airflow/dags/hooook.py
[2026-02-14T00:13:00.729+0000] {processor.py:914} INFO - Processing file /opt/airflow/dags/hooook.py for tasks to queue
[2026-02-14T00:13:00.730+0000] {logging_mixin.py:190} INFO - [2026-02-14T00:13:00.730+0000] {dagbag.py:588} INFO - Filling up the DagBag from /opt/airflow/dags/hooook.py
[2026-02-14T00:13:00.993+0000] {processor.py:925} INFO - DAG(s) 'hooooook' retrieved from /opt/airflow/dags/hooook.py
[2026-02-14T00:13:01.007+0000] {logging_mixin.py:190} INFO - [2026-02-14T00:13:01.006+0000] {dag.py:3239} INFO - Sync 1 DAGs
[2026-02-14T00:13:01.021+0000] {logging_mixin.py:190} INFO - [2026-02-14T00:13:01.020+0000] {dag.py:4180} INFO - Setting next_dagrun for hooooook to None, run_after=None
[2026-02-14T00:13:01.036+0000] {processor.py:208} INFO - Processing /opt/airflow/dags/hooook.py took 0.311 seconds
[2026-02-14T00:13:31.205+0000] {processor.py:186} INFO - Started process (PID=129) to work on /opt/airflow/dags/hooook.py
[2026-02-14T00:13:31.210+0000] {processor.py:914} INFO - Processing file /opt/airflow/dags/hooook.py for tasks to queue
[2026-02-14T00:13:31.211+0000] {logging_mixin.py:190} INFO - [2026-02-14T00:13:31.211+0000] {dagbag.py:588} INFO - Filling up the DagBag from /opt/airflow/dags/hooook.py
[2026-02-14T00:13:31.476+0000] {processor.py:925} INFO - DAG(s) 'hooooook' retrieved from /opt/airflow/dags/hooook.py
[2026-02-14T00:13:31.488+0000] {logging_mixin.py:190} INFO - [2026-02-14T00:13:31.488+0000] {dag.py:3239} INFO - Sync 1 DAGs
[2026-02-14T00:13:31.501+0000] {logging_mixin.py:190} INFO - [2026-02-14T00:13:31.501+0000] {dag.py:4180} INFO - Setting next_dagrun for hooooook to None, run_after=None
[2026-02-14T00:13:31.518+0000] {processor.py:208} INFO - Processing /opt/airflow/dags/hooook.py took 0.318 seconds
[2026-02-14T00:14:01.687+0000] {processor.py:186} INFO - Started process (PID=136) to work on /opt/airflow/dags/hooook.py
[2026-02-14T00:14:01.692+0000] {processor.py:914} INFO - Processing file /opt/airflow/dags/hooook.py for tasks to queue
[2026-02-14T00:14:01.693+0000] {logging_mixin.py:190} INFO - [2026-02-14T00:14:01.693+0000] {dagbag.py:588} INFO - Filling up the DagBag from /opt/airflow/dags/hooook.py
[2026-02-14T00:14:01.946+0000] {processor.py:925} INFO - DAG(s) 'hooooook' retrieved from /opt/airflow/dags/hooook.py
[2026-02-14T00:14:01.958+0000] {logging_mixin.py:190} INFO - [2026-02-14T00:14:01.958+0000] {dag.py:3239} INFO - Sync 1 DAGs
[2026-02-14T00:14:01.970+0000] {logging_mixin.py:190} INFO - [2026-02-14T00:14:01.970+0000] {dag.py:4180} INFO - Setting next_dagrun for hooooook to None, run_after=None
[2026-02-14T00:14:01.985+0000] {processor.py:208} INFO - Processing /opt/airflow/dags/hooook.py took 0.302 seconds
[2026-02-14T00:14:32.137+0000] {processor.py:186} INFO - Started process (PID=143) to work on /opt/airflow/dags/hooook.py
[2026-02-14T00:14:32.137+0000] {processor.py:914} INFO - Processing file /opt/airflow/dags/hooook.py for tasks to queue
[2026-02-14T00:14:32.138+0000] {logging_mixin.py:190} INFO - [2026-02-14T00:14:32.138+0000] {dagbag.py:588} INFO - Filling up the DagBag from /opt/airflow/dags/hooook.py
[2026-02-14T00:14:32.397+0000] {processor.py:925} INFO - DAG(s) 'hooooook' retrieved from /opt/airflow/dags/hooook.py
[2026-02-14T00:14:32.409+0000] {logging_mixin.py:190} INFO - [2026-02-14T00:14:32.409+0000] {dag.py:3239} INFO - Sync 1 DAGs
[2026-02-14T00:14:32.421+0000] {logging_mixin.py:190} INFO - [2026-02-14T00:14:32.421+0000] {dag.py:4180} INFO - Setting next_dagrun for hooooook to None, run_after=None
[2026-02-14T00:14:32.437+0000] {processor.py:208} INFO - Processing /opt/airflow/dags/hooook.py took 0.304 seconds
[2026-02-14T00:14:49.546+0000] {processor.py:186} INFO - Started process (PID=147) to work on /opt/airflow/dags/hooook.py
[2026-02-14T00:14:49.546+0000] {processor.py:914} INFO - Processing file /opt/airflow/dags/hooook.py for tasks to queue
[2026-02-14T00:14:49.548+0000] {logging_mixin.py:190} INFO - [2026-02-14T00:14:49.547+0000] {dagbag.py:588} INFO - Filling up the DagBag from /opt/airflow/dags/hooook.py
[2026-02-14T00:14:49.795+0000] {processor.py:925} INFO - DAG(s) 'hooooook' retrieved from /opt/airflow/dags/hooook.py
[2026-02-14T00:14:49.805+0000] {logging_mixin.py:190} INFO - [2026-02-14T00:14:49.805+0000] {dag.py:3239} INFO - Sync 1 DAGs
[2026-02-14T00:14:49.818+0000] {logging_mixin.py:190} INFO - [2026-02-14T00:14:49.818+0000] {dag.py:4180} INFO - Setting next_dagrun for hooooook to None, run_after=None
[2026-02-14T00:14:49.832+0000] {processor.py:208} INFO - Processing /opt/airflow/dags/hooook.py took 0.291 seconds
[2026-02-14T00:15:20.173+0000] {processor.py:186} INFO - Started process (PID=154) to work on /opt/airflow/dags/hooook.py
[2026-02-14T00:15:20.174+0000] {processor.py:914} INFO - Processing file /opt/airflow/dags/hooook.py for tasks to queue
[2026-02-14T00:15:20.175+0000] {logging_mixin.py:190} INFO - [2026-02-14T00:15:20.175+0000] {dagbag.py:588} INFO - Filling up the DagBag from /opt/airflow/dags/hooook.py
[2026-02-14T00:15:20.412+0000] {processor.py:925} INFO - DAG(s) 'hooooook' retrieved from /opt/airflow/dags/hooook.py
[2026-02-14T00:15:20.423+0000] {logging_mixin.py:190} INFO - [2026-02-14T00:15:20.423+0000] {dag.py:3239} INFO - Sync 1 DAGs
[2026-02-14T00:15:20.435+0000] {logging_mixin.py:190} INFO - [2026-02-14T00:15:20.435+0000] {dag.py:4180} INFO - Setting next_dagrun for hooooook to None, run_after=None
[2026-02-14T00:15:20.451+0000] {processor.py:208} INFO - Processing /opt/airflow/dags/hooook.py took 0.281 seconds
[2026-02-14T00:15:50.722+0000] {processor.py:186} INFO - Started process (PID=161) to work on /opt/airflow/dags/hooook.py
[2026-02-14T00:15:50.727+0000] {processor.py:914} INFO - Processing file /opt/airflow/dags/hooook.py for tasks to queue
[2026-02-14T00:15:50.730+0000] {logging_mixin.py:190} INFO - [2026-02-14T00:15:50.729+0000] {dagbag.py:588} INFO - Filling up the DagBag from /opt/airflow/dags/hooook.py
[2026-02-14T00:15:51.138+0000] {processor.py:925} INFO - DAG(s) 'hooooook' retrieved from /opt/airflow/dags/hooook.py
[2026-02-14T00:15:51.150+0000] {logging_mixin.py:190} INFO - [2026-02-14T00:15:51.150+0000] {dag.py:3239} INFO - Sync 1 DAGs
[2026-02-14T00:15:51.165+0000] {logging_mixin.py:190} INFO - [2026-02-14T00:15:51.165+0000] {dag.py:4180} INFO - Setting next_dagrun for hooooook to None, run_after=None
[2026-02-14T00:15:51.185+0000] {processor.py:208} INFO - Processing /opt/airflow/dags/hooook.py took 0.467 seconds
[2026-02-14T00:16:21.545+0000] {processor.py:186} INFO - Started process (PID=168) to work on /opt/airflow/dags/hooook.py
[2026-02-14T00:16:21.551+0000] {processor.py:914} INFO - Processing file /opt/airflow/dags/hooook.py for tasks to queue
[2026-02-14T00:16:21.553+0000] {logging_mixin.py:190} INFO - [2026-02-14T00:16:21.553+0000] {dagbag.py:588} INFO - Filling up the DagBag from /opt/airflow/dags/hooook.py
[2026-02-14T00:16:21.801+0000] {processor.py:925} INFO - DAG(s) 'hooooook' retrieved from /opt/airflow/dags/hooook.py
[2026-02-14T00:16:21.812+0000] {logging_mixin.py:190} INFO - [2026-02-14T00:16:21.812+0000] {dag.py:3239} INFO - Sync 1 DAGs
[2026-02-14T00:16:21.824+0000] {logging_mixin.py:190} INFO - [2026-02-14T00:16:21.824+0000] {dag.py:4180} INFO - Setting next_dagrun for hooooook to None, run_after=None
[2026-02-14T00:16:21.838+0000] {processor.py:208} INFO - Processing /opt/airflow/dags/hooook.py took 0.297 seconds
[2026-02-14T00:16:52.203+0000] {processor.py:186} INFO - Started process (PID=175) to work on /opt/airflow/dags/hooook.py
[2026-02-14T00:16:52.204+0000] {processor.py:914} INFO - Processing file /opt/airflow/dags/hooook.py for tasks to queue
[2026-02-14T00:16:52.205+0000] {logging_mixin.py:190} INFO - [2026-02-14T00:16:52.205+0000] {dagbag.py:588} INFO - Filling up the DagBag from /opt/airflow/dags/hooook.py
[2026-02-14T00:16:52.448+0000] {processor.py:925} INFO - DAG(s) 'hooooook' retrieved from /opt/airflow/dags/hooook.py
[2026-02-14T00:16:52.460+0000] {logging_mixin.py:190} INFO - [2026-02-14T00:16:52.460+0000] {dag.py:3239} INFO - Sync 1 DAGs
[2026-02-14T00:16:52.472+0000] {logging_mixin.py:190} INFO - [2026-02-14T00:16:52.471+0000] {dag.py:4180} INFO - Setting next_dagrun for hooooook to None, run_after=None
[2026-02-14T00:16:52.487+0000] {processor.py:208} INFO - Processing /opt/airflow/dags/hooook.py took 0.288 seconds
[2026-02-14T00:17:22.835+0000] {processor.py:186} INFO - Started process (PID=182) to work on /opt/airflow/dags/hooook.py
[2026-02-14T00:17:22.841+0000] {processor.py:914} INFO - Processing file /opt/airflow/dags/hooook.py for tasks to queue
[2026-02-14T00:17:22.843+0000] {logging_mixin.py:190} INFO - [2026-02-14T00:17:22.842+0000] {dagbag.py:588} INFO - Filling up the DagBag from /opt/airflow/dags/hooook.py
[2026-02-14T00:17:23.092+0000] {processor.py:925} INFO - DAG(s) 'hooooook' retrieved from /opt/airflow/dags/hooook.py
[2026-02-14T00:17:23.103+0000] {logging_mixin.py:190} INFO - [2026-02-14T00:17:23.103+0000] {dag.py:3239} INFO - Sync 1 DAGs
[2026-02-14T00:17:23.115+0000] {logging_mixin.py:190} INFO - [2026-02-14T00:17:23.115+0000] {dag.py:4180} INFO - Setting next_dagrun for hooooook to None, run_after=None
[2026-02-14T00:17:23.129+0000] {processor.py:208} INFO - Processing /opt/airflow/dags/hooook.py took 0.300 seconds
[2026-02-14T00:17:53.469+0000] {processor.py:186} INFO - Started process (PID=191) to work on /opt/airflow/dags/hooook.py
[2026-02-14T00:17:53.470+0000] {processor.py:914} INFO - Processing file /opt/airflow/dags/hooook.py for tasks to queue
[2026-02-14T00:17:53.472+0000] {logging_mixin.py:190} INFO - [2026-02-14T00:17:53.472+0000] {dagbag.py:588} INFO - Filling up the DagBag from /opt/airflow/dags/hooook.py
[2026-02-14T00:17:53.712+0000] {processor.py:925} INFO - DAG(s) 'hooooook' retrieved from /opt/airflow/dags/hooook.py
[2026-02-14T00:17:53.724+0000] {logging_mixin.py:190} INFO - [2026-02-14T00:17:53.724+0000] {dag.py:3239} INFO - Sync 1 DAGs
[2026-02-14T00:17:53.735+0000] {logging_mixin.py:190} INFO - [2026-02-14T00:17:53.735+0000] {dag.py:4180} INFO - Setting next_dagrun for hooooook to None, run_after=None
[2026-02-14T00:17:53.749+0000] {processor.py:208} INFO - Processing /opt/airflow/dags/hooook.py took 0.284 seconds
[2026-02-14T00:18:24.243+0000] {processor.py:186} INFO - Started process (PID=200) to work on /opt/airflow/dags/hooook.py
[2026-02-14T00:18:24.249+0000] {processor.py:914} INFO - Processing file /opt/airflow/dags/hooook.py for tasks to queue
[2026-02-14T00:18:24.250+0000] {logging_mixin.py:190} INFO - [2026-02-14T00:18:24.250+0000] {dagbag.py:588} INFO - Filling up the DagBag from /opt/airflow/dags/hooook.py
[2026-02-14T00:18:24.496+0000] {processor.py:925} INFO - DAG(s) 'hooooook' retrieved from /opt/airflow/dags/hooook.py
[2026-02-14T00:18:24.507+0000] {logging_mixin.py:190} INFO - [2026-02-14T00:18:24.506+0000] {dag.py:3239} INFO - Sync 1 DAGs
[2026-02-14T00:18:24.518+0000] {logging_mixin.py:190} INFO - [2026-02-14T00:18:24.518+0000] {dag.py:4180} INFO - Setting next_dagrun for hooooook to None, run_after=None
[2026-02-14T00:18:24.533+0000] {processor.py:208} INFO - Processing /opt/airflow/dags/hooook.py took 0.294 seconds
[2026-02-14T00:18:54.922+0000] {processor.py:186} INFO - Started process (PID=209) to work on /opt/airflow/dags/hooook.py
[2026-02-14T00:18:54.922+0000] {processor.py:914} INFO - Processing file /opt/airflow/dags/hooook.py for tasks to queue
[2026-02-14T00:18:54.924+0000] {logging_mixin.py:190} INFO - [2026-02-14T00:18:54.924+0000] {dagbag.py:588} INFO - Filling up the DagBag from /opt/airflow/dags/hooook.py
[2026-02-14T00:18:55.167+0000] {processor.py:925} INFO - DAG(s) 'hooooook' retrieved from /opt/airflow/dags/hooook.py
[2026-02-14T00:18:55.179+0000] {logging_mixin.py:190} INFO - [2026-02-14T00:18:55.179+0000] {dag.py:3239} INFO - Sync 1 DAGs
[2026-02-14T00:18:55.190+0000] {logging_mixin.py:190} INFO - [2026-02-14T00:18:55.190+0000] {dag.py:4180} INFO - Setting next_dagrun for hooooook to None, run_after=None
[2026-02-14T00:18:55.205+0000] {processor.py:208} INFO - Processing /opt/airflow/dags/hooook.py took 0.286 seconds
[2026-02-14T00:19:00.078+0000] {processor.py:186} INFO - Started process (PID=211) to work on /opt/airflow/dags/hooook.py
[2026-02-14T00:19:00.079+0000] {processor.py:914} INFO - Processing file /opt/airflow/dags/hooook.py for tasks to queue
[2026-02-14T00:19:00.080+0000] {logging_mixin.py:190} INFO - [2026-02-14T00:19:00.080+0000] {dagbag.py:588} INFO - Filling up the DagBag from /opt/airflow/dags/hooook.py
[2026-02-14T00:19:00.343+0000] {processor.py:925} INFO - DAG(s) 'hooooook' retrieved from /opt/airflow/dags/hooook.py
[2026-02-14T00:19:00.355+0000] {logging_mixin.py:190} INFO - [2026-02-14T00:19:00.354+0000] {dag.py:3239} INFO - Sync 1 DAGs
[2026-02-14T00:19:00.366+0000] {logging_mixin.py:190} INFO - [2026-02-14T00:19:00.366+0000] {dag.py:4180} INFO - Setting next_dagrun for hooooook to None, run_after=None
[2026-02-14T00:19:00.381+0000] {processor.py:208} INFO - Processing /opt/airflow/dags/hooook.py took 0.307 seconds
[2026-02-14T00:19:31.001+0000] {processor.py:186} INFO - Started process (PID=222) to work on /opt/airflow/dags/hooook.py
[2026-02-14T00:19:31.001+0000] {processor.py:914} INFO - Processing file /opt/airflow/dags/hooook.py for tasks to queue
[2026-02-14T00:19:31.003+0000] {logging_mixin.py:190} INFO - [2026-02-14T00:19:31.002+0000] {dagbag.py:588} INFO - Filling up the DagBag from /opt/airflow/dags/hooook.py
[2026-02-14T00:19:31.251+0000] {processor.py:925} INFO - DAG(s) 'hooooook' retrieved from /opt/airflow/dags/hooook.py
[2026-02-14T00:19:31.263+0000] {logging_mixin.py:190} INFO - [2026-02-14T00:19:31.262+0000] {dag.py:3239} INFO - Sync 1 DAGs
[2026-02-14T00:19:31.274+0000] {logging_mixin.py:190} INFO - [2026-02-14T00:19:31.274+0000] {dag.py:4180} INFO - Setting next_dagrun for hooooook to None, run_after=None
[2026-02-14T00:19:31.284+0000] {processor.py:208} INFO - Processing /opt/airflow/dags/hooook.py took 0.287 seconds
[2026-02-14T00:20:01.902+0000] {processor.py:186} INFO - Started process (PID=233) to work on /opt/airflow/dags/hooook.py
[2026-02-14T00:20:01.903+0000] {processor.py:914} INFO - Processing file /opt/airflow/dags/hooook.py for tasks to queue
[2026-02-14T00:20:01.904+0000] {logging_mixin.py:190} INFO - [2026-02-14T00:20:01.904+0000] {dagbag.py:588} INFO - Filling up the DagBag from /opt/airflow/dags/hooook.py
[2026-02-14T00:20:02.145+0000] {processor.py:925} INFO - DAG(s) 'hooooook' retrieved from /opt/airflow/dags/hooook.py
[2026-02-14T00:20:02.157+0000] {logging_mixin.py:190} INFO - [2026-02-14T00:20:02.156+0000] {dag.py:3239} INFO - Sync 1 DAGs
[2026-02-14T00:20:02.169+0000] {logging_mixin.py:190} INFO - [2026-02-14T00:20:02.169+0000] {dag.py:4180} INFO - Setting next_dagrun for hooooook to None, run_after=None
[2026-02-14T00:20:02.184+0000] {processor.py:208} INFO - Processing /opt/airflow/dags/hooook.py took 0.285 seconds
[2026-02-14T00:20:32.653+0000] {processor.py:186} INFO - Started process (PID=242) to work on /opt/airflow/dags/hooook.py
[2026-02-14T00:20:32.654+0000] {processor.py:914} INFO - Processing file /opt/airflow/dags/hooook.py for tasks to queue
[2026-02-14T00:20:32.655+0000] {logging_mixin.py:190} INFO - [2026-02-14T00:20:32.655+0000] {dagbag.py:588} INFO - Filling up the DagBag from /opt/airflow/dags/hooook.py
[2026-02-14T00:20:32.906+0000] {processor.py:925} INFO - DAG(s) 'hooooook' retrieved from /opt/airflow/dags/hooook.py
[2026-02-14T00:20:32.917+0000] {logging_mixin.py:190} INFO - [2026-02-14T00:20:32.917+0000] {dag.py:3239} INFO - Sync 1 DAGs
[2026-02-14T00:20:32.929+0000] {logging_mixin.py:190} INFO - [2026-02-14T00:20:32.929+0000] {dag.py:4180} INFO - Setting next_dagrun for hooooook to None, run_after=None
[2026-02-14T00:20:32.944+0000] {processor.py:208} INFO - Processing /opt/airflow/dags/hooook.py took 0.295 seconds
