[2026-02-02T13:55:42.054+0000] {local_task_job_runner.py:123} INFO - ::group::Pre task execution logs
[2026-02-02T13:55:42.068+0000] {taskinstance.py:2614} INFO - Dependencies all met for dep_context=non-requeueable deps ti=<TaskInstance: download_iot.parse_data scheduled__2026-01-30T10:00:00+00:00 [queued]>
[2026-02-02T13:55:42.073+0000] {taskinstance.py:2614} INFO - Dependencies all met for dep_context=requeueable deps ti=<TaskInstance: download_iot.parse_data scheduled__2026-01-30T10:00:00+00:00 [queued]>
[2026-02-02T13:55:42.073+0000] {taskinstance.py:2867} INFO - Starting attempt 1 of 4
[2026-02-02T13:55:42.081+0000] {taskinstance.py:2890} INFO - Executing <Task(ExternalTaskSensor): parse_data> on 2026-01-30 10:00:00+00:00
[2026-02-02T13:55:42.085+0000] {standard_task_runner.py:72} INFO - Started process 74 to run task
[2026-02-02T13:55:42.087+0000] {standard_task_runner.py:104} INFO - Running: ['***', 'tasks', 'run', 'download_iot', 'parse_data', 'scheduled__2026-01-30T10:00:00+00:00', '--job-id', '17', '--raw', '--subdir', 'DAGS_FOLDER/download_iot.py', '--cfg-path', '/tmp/tmp17g8j3en']
[2026-02-02T13:55:42.088+0000] {standard_task_runner.py:105} INFO - Job 17: Subtask parse_data
[2026-02-02T13:55:42.097+0000] {warnings.py:109} WARNING - /home/***/.local/lib/python3.9/site-packages/***/settings.py:209: DeprecationWarning: The sql_alchemy_conn option in [core] has been moved to the sql_alchemy_conn option in [database] - the old setting has been used, but please update your config.
  SQL_ALCHEMY_CONN = conf.get("database", "SQL_ALCHEMY_CONN")

[2026-02-02T13:55:42.118+0000] {task_command.py:467} INFO - Running <TaskInstance: download_iot.parse_data scheduled__2026-01-30T10:00:00+00:00 [running]> on host 0bafd1a225e7
[2026-02-02T13:55:42.119+0000] {warnings.py:109} WARNING - /home/***/.local/lib/python3.9/site-packages/***/settings.py:470: DeprecationWarning: The sql_alchemy_conn option in [core] has been moved to the sql_alchemy_conn option in [database] - the old setting has been used, but please update your config.
  if conf.get("database", "sql_alchemy_conn") == "none://":

[2026-02-02T13:55:42.165+0000] {taskinstance.py:3134} INFO - Exporting env vars: AIRFLOW_CTX_DAG_OWNER='a.sorokin' AIRFLOW_CTX_DAG_ID='download_iot' AIRFLOW_CTX_TASK_ID='parse_data' AIRFLOW_CTX_EXECUTION_DATE='2026-01-30T10:00:00+00:00' AIRFLOW_CTX_TRY_NUMBER='1' AIRFLOW_CTX_DAG_RUN_ID='scheduled__2026-01-30T10:00:00+00:00'
[2026-02-02T13:55:42.166+0000] {taskinstance.py:732} INFO - ::endgroup::
[2026-02-02T13:55:42.185+0000] {baseoperator.py:423} WARNING - ExternalTaskSensor.execute cannot be called outside TaskInstance!
[2026-02-02T13:55:42.190+0000] {external_task.py:274} INFO - Poking for DAG 'download_data' on 2026-01-30T10:00:00+00:00 ... 
[2026-02-02T13:55:42.191+0000] {warnings.py:109} WARNING - /home/***/.local/lib/python3.9/site-packages/***/utils/session.py:97: DeprecationWarning: This method is deprecated and will be removed in future.
  return func(*args, session=session, **kwargs)

[2026-02-02T13:55:42.210+0000] {taskinstance.py:310} INFO - Rescheduling task, marking task as UP_FOR_RESCHEDULE
[2026-02-02T13:55:42.210+0000] {taskinstance.py:341} INFO - ::group::Post task execution logs
[2026-02-02T13:55:42.219+0000] {local_task_job_runner.py:266} INFO - Task exited with return code 0
[2026-02-02T13:55:42.235+0000] {taskinstance.py:3901} INFO - 0 downstream tasks scheduled from follow-on schedule check
[2026-02-02T13:55:42.236+0000] {local_task_job_runner.py:245} INFO - ::endgroup::
[2026-02-02T13:56:43.217+0000] {local_task_job_runner.py:123} INFO - ::group::Pre task execution logs
[2026-02-02T13:56:43.230+0000] {taskinstance.py:2614} INFO - Dependencies all met for dep_context=non-requeueable deps ti=<TaskInstance: download_iot.parse_data scheduled__2026-01-30T10:00:00+00:00 [queued]>
[2026-02-02T13:56:43.235+0000] {taskinstance.py:2614} INFO - Dependencies all met for dep_context=requeueable deps ti=<TaskInstance: download_iot.parse_data scheduled__2026-01-30T10:00:00+00:00 [queued]>
[2026-02-02T13:56:43.235+0000] {taskinstance.py:2867} INFO - Starting attempt 1 of 4
[2026-02-02T13:56:43.241+0000] {taskinstance.py:2890} INFO - Executing <Task(ExternalTaskSensor): parse_data> on 2026-01-30 10:00:00+00:00
[2026-02-02T13:56:43.245+0000] {standard_task_runner.py:72} INFO - Started process 80 to run task
[2026-02-02T13:56:43.247+0000] {standard_task_runner.py:104} INFO - Running: ['***', 'tasks', 'run', 'download_iot', 'parse_data', 'scheduled__2026-01-30T10:00:00+00:00', '--job-id', '19', '--raw', '--subdir', 'DAGS_FOLDER/download_iot.py', '--cfg-path', '/tmp/tmp4i2ep9su']
[2026-02-02T13:56:43.249+0000] {standard_task_runner.py:105} INFO - Job 19: Subtask parse_data
[2026-02-02T13:56:43.257+0000] {warnings.py:109} WARNING - /home/***/.local/lib/python3.9/site-packages/***/settings.py:209: DeprecationWarning: The sql_alchemy_conn option in [core] has been moved to the sql_alchemy_conn option in [database] - the old setting has been used, but please update your config.
  SQL_ALCHEMY_CONN = conf.get("database", "SQL_ALCHEMY_CONN")

[2026-02-02T13:56:43.277+0000] {task_command.py:467} INFO - Running <TaskInstance: download_iot.parse_data scheduled__2026-01-30T10:00:00+00:00 [running]> on host 0bafd1a225e7
[2026-02-02T13:56:43.277+0000] {warnings.py:109} WARNING - /home/***/.local/lib/python3.9/site-packages/***/settings.py:470: DeprecationWarning: The sql_alchemy_conn option in [core] has been moved to the sql_alchemy_conn option in [database] - the old setting has been used, but please update your config.
  if conf.get("database", "sql_alchemy_conn") == "none://":

[2026-02-02T13:56:43.324+0000] {taskinstance.py:3134} INFO - Exporting env vars: AIRFLOW_CTX_DAG_OWNER='a.sorokin' AIRFLOW_CTX_DAG_ID='download_iot' AIRFLOW_CTX_TASK_ID='parse_data' AIRFLOW_CTX_EXECUTION_DATE='2026-01-30T10:00:00+00:00' AIRFLOW_CTX_TRY_NUMBER='1' AIRFLOW_CTX_DAG_RUN_ID='scheduled__2026-01-30T10:00:00+00:00'
[2026-02-02T13:56:43.324+0000] {taskinstance.py:732} INFO - ::endgroup::
[2026-02-02T13:56:43.332+0000] {baseoperator.py:423} WARNING - ExternalTaskSensor.execute cannot be called outside TaskInstance!
[2026-02-02T13:56:43.338+0000] {external_task.py:274} INFO - Poking for DAG 'download_data' on 2026-01-30T10:00:00+00:00 ... 
[2026-02-02T13:56:43.338+0000] {warnings.py:109} WARNING - /home/***/.local/lib/python3.9/site-packages/***/utils/session.py:97: DeprecationWarning: This method is deprecated and will be removed in future.
  return func(*args, session=session, **kwargs)

[2026-02-02T13:56:43.354+0000] {taskinstance.py:310} INFO - Rescheduling task, marking task as UP_FOR_RESCHEDULE
[2026-02-02T13:56:43.354+0000] {taskinstance.py:341} INFO - ::group::Post task execution logs
[2026-02-02T13:56:43.379+0000] {local_task_job_runner.py:266} INFO - Task exited with return code 0
[2026-02-02T13:56:43.398+0000] {taskinstance.py:3901} INFO - 0 downstream tasks scheduled from follow-on schedule check
[2026-02-02T13:56:43.399+0000] {local_task_job_runner.py:245} INFO - ::endgroup::
[2026-02-02T13:57:44.499+0000] {local_task_job_runner.py:123} INFO - ::group::Pre task execution logs
[2026-02-02T13:57:44.511+0000] {taskinstance.py:2614} INFO - Dependencies all met for dep_context=non-requeueable deps ti=<TaskInstance: download_iot.parse_data scheduled__2026-01-30T10:00:00+00:00 [queued]>
[2026-02-02T13:57:44.517+0000] {taskinstance.py:2614} INFO - Dependencies all met for dep_context=requeueable deps ti=<TaskInstance: download_iot.parse_data scheduled__2026-01-30T10:00:00+00:00 [queued]>
[2026-02-02T13:57:44.517+0000] {taskinstance.py:2867} INFO - Starting attempt 1 of 4
[2026-02-02T13:57:44.524+0000] {taskinstance.py:2890} INFO - Executing <Task(ExternalTaskSensor): parse_data> on 2026-01-30 10:00:00+00:00
[2026-02-02T13:57:44.527+0000] {standard_task_runner.py:72} INFO - Started process 83 to run task
[2026-02-02T13:57:44.529+0000] {standard_task_runner.py:104} INFO - Running: ['***', 'tasks', 'run', 'download_iot', 'parse_data', 'scheduled__2026-01-30T10:00:00+00:00', '--job-id', '20', '--raw', '--subdir', 'DAGS_FOLDER/download_iot.py', '--cfg-path', '/tmp/tmp7eodb_5b']
[2026-02-02T13:57:44.531+0000] {standard_task_runner.py:105} INFO - Job 20: Subtask parse_data
[2026-02-02T13:57:44.539+0000] {warnings.py:109} WARNING - /home/***/.local/lib/python3.9/site-packages/***/settings.py:209: DeprecationWarning: The sql_alchemy_conn option in [core] has been moved to the sql_alchemy_conn option in [database] - the old setting has been used, but please update your config.
  SQL_ALCHEMY_CONN = conf.get("database", "SQL_ALCHEMY_CONN")

[2026-02-02T13:57:44.559+0000] {task_command.py:467} INFO - Running <TaskInstance: download_iot.parse_data scheduled__2026-01-30T10:00:00+00:00 [running]> on host 0bafd1a225e7
[2026-02-02T13:57:44.560+0000] {warnings.py:109} WARNING - /home/***/.local/lib/python3.9/site-packages/***/settings.py:470: DeprecationWarning: The sql_alchemy_conn option in [core] has been moved to the sql_alchemy_conn option in [database] - the old setting has been used, but please update your config.
  if conf.get("database", "sql_alchemy_conn") == "none://":

[2026-02-02T13:57:44.619+0000] {taskinstance.py:3134} INFO - Exporting env vars: AIRFLOW_CTX_DAG_OWNER='a.sorokin' AIRFLOW_CTX_DAG_ID='download_iot' AIRFLOW_CTX_TASK_ID='parse_data' AIRFLOW_CTX_EXECUTION_DATE='2026-01-30T10:00:00+00:00' AIRFLOW_CTX_TRY_NUMBER='1' AIRFLOW_CTX_DAG_RUN_ID='scheduled__2026-01-30T10:00:00+00:00'
[2026-02-02T13:57:44.619+0000] {taskinstance.py:732} INFO - ::endgroup::
[2026-02-02T13:57:44.629+0000] {baseoperator.py:423} WARNING - ExternalTaskSensor.execute cannot be called outside TaskInstance!
[2026-02-02T13:57:44.635+0000] {external_task.py:274} INFO - Poking for DAG 'download_data' on 2026-01-30T10:00:00+00:00 ... 
[2026-02-02T13:57:44.636+0000] {warnings.py:109} WARNING - /home/***/.local/lib/python3.9/site-packages/***/utils/session.py:97: DeprecationWarning: This method is deprecated and will be removed in future.
  return func(*args, session=session, **kwargs)

[2026-02-02T13:57:44.651+0000] {taskinstance.py:310} INFO - Rescheduling task, marking task as UP_FOR_RESCHEDULE
[2026-02-02T13:57:44.652+0000] {taskinstance.py:341} INFO - ::group::Post task execution logs
[2026-02-02T13:57:44.661+0000] {local_task_job_runner.py:266} INFO - Task exited with return code 0
[2026-02-02T13:57:44.681+0000] {taskinstance.py:3901} INFO - 0 downstream tasks scheduled from follow-on schedule check
[2026-02-02T13:57:44.682+0000] {local_task_job_runner.py:245} INFO - ::endgroup::
[2026-02-02T13:58:45.443+0000] {local_task_job_runner.py:123} INFO - ::group::Pre task execution logs
[2026-02-02T13:58:45.458+0000] {taskinstance.py:2614} INFO - Dependencies all met for dep_context=non-requeueable deps ti=<TaskInstance: download_iot.parse_data scheduled__2026-01-30T10:00:00+00:00 [queued]>
[2026-02-02T13:58:45.464+0000] {taskinstance.py:2614} INFO - Dependencies all met for dep_context=requeueable deps ti=<TaskInstance: download_iot.parse_data scheduled__2026-01-30T10:00:00+00:00 [queued]>
[2026-02-02T13:58:45.464+0000] {taskinstance.py:2867} INFO - Starting attempt 1 of 4
[2026-02-02T13:58:45.471+0000] {taskinstance.py:2890} INFO - Executing <Task(ExternalTaskSensor): parse_data> on 2026-01-30 10:00:00+00:00
[2026-02-02T13:58:45.475+0000] {standard_task_runner.py:72} INFO - Started process 89 to run task
[2026-02-02T13:58:45.477+0000] {standard_task_runner.py:104} INFO - Running: ['***', 'tasks', 'run', 'download_iot', 'parse_data', 'scheduled__2026-01-30T10:00:00+00:00', '--job-id', '22', '--raw', '--subdir', 'DAGS_FOLDER/download_iot.py', '--cfg-path', '/tmp/tmph9auz3p_']
[2026-02-02T13:58:45.478+0000] {standard_task_runner.py:105} INFO - Job 22: Subtask parse_data
[2026-02-02T13:58:45.486+0000] {warnings.py:109} WARNING - /home/***/.local/lib/python3.9/site-packages/***/settings.py:209: DeprecationWarning: The sql_alchemy_conn option in [core] has been moved to the sql_alchemy_conn option in [database] - the old setting has been used, but please update your config.
  SQL_ALCHEMY_CONN = conf.get("database", "SQL_ALCHEMY_CONN")

[2026-02-02T13:58:45.507+0000] {task_command.py:467} INFO - Running <TaskInstance: download_iot.parse_data scheduled__2026-01-30T10:00:00+00:00 [running]> on host 0bafd1a225e7
[2026-02-02T13:58:45.508+0000] {warnings.py:109} WARNING - /home/***/.local/lib/python3.9/site-packages/***/settings.py:470: DeprecationWarning: The sql_alchemy_conn option in [core] has been moved to the sql_alchemy_conn option in [database] - the old setting has been used, but please update your config.
  if conf.get("database", "sql_alchemy_conn") == "none://":

[2026-02-02T13:58:45.554+0000] {taskinstance.py:3134} INFO - Exporting env vars: AIRFLOW_CTX_DAG_OWNER='a.sorokin' AIRFLOW_CTX_DAG_ID='download_iot' AIRFLOW_CTX_TASK_ID='parse_data' AIRFLOW_CTX_EXECUTION_DATE='2026-01-30T10:00:00+00:00' AIRFLOW_CTX_TRY_NUMBER='1' AIRFLOW_CTX_DAG_RUN_ID='scheduled__2026-01-30T10:00:00+00:00'
[2026-02-02T13:58:45.555+0000] {taskinstance.py:732} INFO - ::endgroup::
[2026-02-02T13:58:45.562+0000] {baseoperator.py:423} WARNING - ExternalTaskSensor.execute cannot be called outside TaskInstance!
[2026-02-02T13:58:45.568+0000] {external_task.py:274} INFO - Poking for DAG 'download_data' on 2026-01-30T10:00:00+00:00 ... 
[2026-02-02T13:58:45.568+0000] {warnings.py:109} WARNING - /home/***/.local/lib/python3.9/site-packages/***/utils/session.py:97: DeprecationWarning: This method is deprecated and will be removed in future.
  return func(*args, session=session, **kwargs)

[2026-02-02T13:58:45.584+0000] {taskinstance.py:310} INFO - Rescheduling task, marking task as UP_FOR_RESCHEDULE
[2026-02-02T13:58:45.584+0000] {taskinstance.py:341} INFO - ::group::Post task execution logs
[2026-02-02T13:58:45.608+0000] {local_task_job_runner.py:266} INFO - Task exited with return code 0
[2026-02-02T13:58:45.627+0000] {taskinstance.py:3901} INFO - 0 downstream tasks scheduled from follow-on schedule check
[2026-02-02T13:58:45.628+0000] {local_task_job_runner.py:245} INFO - ::endgroup::
[2026-02-02T13:59:45.960+0000] {local_task_job_runner.py:123} INFO - ::group::Pre task execution logs
[2026-02-02T13:59:45.974+0000] {taskinstance.py:2614} INFO - Dependencies all met for dep_context=non-requeueable deps ti=<TaskInstance: download_iot.parse_data scheduled__2026-01-30T10:00:00+00:00 [queued]>
[2026-02-02T13:59:45.979+0000] {taskinstance.py:2614} INFO - Dependencies all met for dep_context=requeueable deps ti=<TaskInstance: download_iot.parse_data scheduled__2026-01-30T10:00:00+00:00 [queued]>
[2026-02-02T13:59:45.979+0000] {taskinstance.py:2867} INFO - Starting attempt 1 of 4
[2026-02-02T13:59:45.987+0000] {taskinstance.py:2890} INFO - Executing <Task(ExternalTaskSensor): parse_data> on 2026-01-30 10:00:00+00:00
[2026-02-02T13:59:45.990+0000] {standard_task_runner.py:72} INFO - Started process 92 to run task
[2026-02-02T13:59:45.992+0000] {standard_task_runner.py:104} INFO - Running: ['***', 'tasks', 'run', 'download_iot', 'parse_data', 'scheduled__2026-01-30T10:00:00+00:00', '--job-id', '23', '--raw', '--subdir', 'DAGS_FOLDER/download_iot.py', '--cfg-path', '/tmp/tmpmhh29pum']
[2026-02-02T13:59:45.994+0000] {standard_task_runner.py:105} INFO - Job 23: Subtask parse_data
[2026-02-02T13:59:46.002+0000] {warnings.py:109} WARNING - /home/***/.local/lib/python3.9/site-packages/***/settings.py:209: DeprecationWarning: The sql_alchemy_conn option in [core] has been moved to the sql_alchemy_conn option in [database] - the old setting has been used, but please update your config.
  SQL_ALCHEMY_CONN = conf.get("database", "SQL_ALCHEMY_CONN")

[2026-02-02T13:59:46.024+0000] {task_command.py:467} INFO - Running <TaskInstance: download_iot.parse_data scheduled__2026-01-30T10:00:00+00:00 [running]> on host 0bafd1a225e7
[2026-02-02T13:59:46.025+0000] {warnings.py:109} WARNING - /home/***/.local/lib/python3.9/site-packages/***/settings.py:470: DeprecationWarning: The sql_alchemy_conn option in [core] has been moved to the sql_alchemy_conn option in [database] - the old setting has been used, but please update your config.
  if conf.get("database", "sql_alchemy_conn") == "none://":

[2026-02-02T13:59:46.074+0000] {taskinstance.py:3134} INFO - Exporting env vars: AIRFLOW_CTX_DAG_OWNER='a.sorokin' AIRFLOW_CTX_DAG_ID='download_iot' AIRFLOW_CTX_TASK_ID='parse_data' AIRFLOW_CTX_EXECUTION_DATE='2026-01-30T10:00:00+00:00' AIRFLOW_CTX_TRY_NUMBER='1' AIRFLOW_CTX_DAG_RUN_ID='scheduled__2026-01-30T10:00:00+00:00'
[2026-02-02T13:59:46.074+0000] {taskinstance.py:732} INFO - ::endgroup::
[2026-02-02T13:59:46.084+0000] {baseoperator.py:423} WARNING - ExternalTaskSensor.execute cannot be called outside TaskInstance!
[2026-02-02T13:59:46.090+0000] {external_task.py:274} INFO - Poking for DAG 'download_data' on 2026-01-30T10:00:00+00:00 ... 
[2026-02-02T13:59:46.090+0000] {warnings.py:109} WARNING - /home/***/.local/lib/python3.9/site-packages/***/utils/session.py:97: DeprecationWarning: This method is deprecated and will be removed in future.
  return func(*args, session=session, **kwargs)

[2026-02-02T13:59:46.108+0000] {taskinstance.py:310} INFO - Rescheduling task, marking task as UP_FOR_RESCHEDULE
[2026-02-02T13:59:46.109+0000] {taskinstance.py:341} INFO - ::group::Post task execution logs
[2026-02-02T13:59:46.124+0000] {local_task_job_runner.py:266} INFO - Task exited with return code 0
[2026-02-02T13:59:46.143+0000] {taskinstance.py:3901} INFO - 0 downstream tasks scheduled from follow-on schedule check
[2026-02-02T13:59:46.144+0000] {local_task_job_runner.py:245} INFO - ::endgroup::
[2026-02-02T14:00:46.749+0000] {local_task_job_runner.py:123} INFO - ::group::Pre task execution logs
[2026-02-02T14:00:46.761+0000] {taskinstance.py:2614} INFO - Dependencies all met for dep_context=non-requeueable deps ti=<TaskInstance: download_iot.parse_data scheduled__2026-01-30T10:00:00+00:00 [queued]>
[2026-02-02T14:00:46.766+0000] {taskinstance.py:2614} INFO - Dependencies all met for dep_context=requeueable deps ti=<TaskInstance: download_iot.parse_data scheduled__2026-01-30T10:00:00+00:00 [queued]>
[2026-02-02T14:00:46.766+0000] {taskinstance.py:2867} INFO - Starting attempt 1 of 4
[2026-02-02T14:00:46.772+0000] {taskinstance.py:2890} INFO - Executing <Task(ExternalTaskSensor): parse_data> on 2026-01-30 10:00:00+00:00
[2026-02-02T14:00:46.776+0000] {standard_task_runner.py:72} INFO - Started process 95 to run task
[2026-02-02T14:00:46.778+0000] {standard_task_runner.py:104} INFO - Running: ['***', 'tasks', 'run', 'download_iot', 'parse_data', 'scheduled__2026-01-30T10:00:00+00:00', '--job-id', '24', '--raw', '--subdir', 'DAGS_FOLDER/download_iot.py', '--cfg-path', '/tmp/tmpx55nfbrz']
[2026-02-02T14:00:46.779+0000] {standard_task_runner.py:105} INFO - Job 24: Subtask parse_data
[2026-02-02T14:00:46.787+0000] {warnings.py:109} WARNING - /home/***/.local/lib/python3.9/site-packages/***/settings.py:209: DeprecationWarning: The sql_alchemy_conn option in [core] has been moved to the sql_alchemy_conn option in [database] - the old setting has been used, but please update your config.
  SQL_ALCHEMY_CONN = conf.get("database", "SQL_ALCHEMY_CONN")

[2026-02-02T14:00:46.806+0000] {task_command.py:467} INFO - Running <TaskInstance: download_iot.parse_data scheduled__2026-01-30T10:00:00+00:00 [running]> on host 0bafd1a225e7
[2026-02-02T14:00:46.807+0000] {warnings.py:109} WARNING - /home/***/.local/lib/python3.9/site-packages/***/settings.py:470: DeprecationWarning: The sql_alchemy_conn option in [core] has been moved to the sql_alchemy_conn option in [database] - the old setting has been used, but please update your config.
  if conf.get("database", "sql_alchemy_conn") == "none://":

[2026-02-02T14:00:46.851+0000] {taskinstance.py:3134} INFO - Exporting env vars: AIRFLOW_CTX_DAG_OWNER='a.sorokin' AIRFLOW_CTX_DAG_ID='download_iot' AIRFLOW_CTX_TASK_ID='parse_data' AIRFLOW_CTX_EXECUTION_DATE='2026-01-30T10:00:00+00:00' AIRFLOW_CTX_TRY_NUMBER='1' AIRFLOW_CTX_DAG_RUN_ID='scheduled__2026-01-30T10:00:00+00:00'
[2026-02-02T14:00:46.852+0000] {taskinstance.py:732} INFO - ::endgroup::
[2026-02-02T14:00:46.860+0000] {baseoperator.py:423} WARNING - ExternalTaskSensor.execute cannot be called outside TaskInstance!
[2026-02-02T14:00:46.866+0000] {external_task.py:274} INFO - Poking for DAG 'download_data' on 2026-01-30T10:00:00+00:00 ... 
[2026-02-02T14:00:46.866+0000] {warnings.py:109} WARNING - /home/***/.local/lib/python3.9/site-packages/***/utils/session.py:97: DeprecationWarning: This method is deprecated and will be removed in future.
  return func(*args, session=session, **kwargs)

[2026-02-02T14:00:46.881+0000] {taskinstance.py:310} INFO - Rescheduling task, marking task as UP_FOR_RESCHEDULE
[2026-02-02T14:00:46.881+0000] {taskinstance.py:341} INFO - ::group::Post task execution logs
[2026-02-02T14:00:46.910+0000] {local_task_job_runner.py:266} INFO - Task exited with return code 0
[2026-02-02T14:00:46.928+0000] {taskinstance.py:3901} INFO - 0 downstream tasks scheduled from follow-on schedule check
[2026-02-02T14:00:46.929+0000] {local_task_job_runner.py:245} INFO - ::endgroup::
