[2026-02-14T16:33:15.368+0000] {local_task_job_runner.py:123} INFO - ::group::Pre task execution logs
[2026-02-14T16:33:15.385+0000] {taskinstance.py:2614} INFO - Dependencies all met for dep_context=non-requeueable deps ti=<TaskInstance: parse_iot.clean_data scheduled__2026-02-07T10:00:00+00:00 [queued]>
[2026-02-14T16:33:15.391+0000] {taskinstance.py:2614} INFO - Dependencies all met for dep_context=requeueable deps ti=<TaskInstance: parse_iot.clean_data scheduled__2026-02-07T10:00:00+00:00 [queued]>
[2026-02-14T16:33:15.391+0000] {taskinstance.py:2867} INFO - Starting attempt 1 of 4
[2026-02-14T16:33:15.398+0000] {taskinstance.py:2890} INFO - Executing <Task(PythonOperator): clean_data> on 2026-02-07 10:00:00+00:00
[2026-02-14T16:33:15.403+0000] {standard_task_runner.py:72} INFO - Started process 483 to run task
[2026-02-14T16:33:15.405+0000] {standard_task_runner.py:104} INFO - Running: ['***', 'tasks', 'run', 'parse_iot', 'clean_data', 'scheduled__2026-02-07T10:00:00+00:00', '--job-id', '104', '--raw', '--subdir', 'DAGS_FOLDER/parse_iot.py', '--cfg-path', '/tmp/tmpndex_df2']
[2026-02-14T16:33:15.406+0000] {standard_task_runner.py:105} INFO - Job 104: Subtask clean_data
[2026-02-14T16:33:15.414+0000] {warnings.py:109} WARNING - /home/***/.local/lib/python3.9/site-packages/***/settings.py:209: DeprecationWarning: The sql_alchemy_conn option in [core] has been moved to the sql_alchemy_conn option in [database] - the old setting has been used, but please update your config.
  SQL_ALCHEMY_CONN = conf.get("database", "SQL_ALCHEMY_CONN")

[2026-02-14T16:33:15.435+0000] {task_command.py:467} INFO - Running <TaskInstance: parse_iot.clean_data scheduled__2026-02-07T10:00:00+00:00 [running]> on host a5c4ed865bb5
[2026-02-14T16:33:15.436+0000] {warnings.py:109} WARNING - /home/***/.local/lib/python3.9/site-packages/***/settings.py:470: DeprecationWarning: The sql_alchemy_conn option in [core] has been moved to the sql_alchemy_conn option in [database] - the old setting has been used, but please update your config.
  if conf.get("database", "sql_alchemy_conn") == "none://":

[2026-02-14T16:33:15.479+0000] {taskinstance.py:3134} INFO - Exporting env vars: AIRFLOW_CTX_DAG_OWNER='a.sorokin' AIRFLOW_CTX_DAG_ID='parse_iot' AIRFLOW_CTX_TASK_ID='clean_data' AIRFLOW_CTX_EXECUTION_DATE='2026-02-07T10:00:00+00:00' AIRFLOW_CTX_TRY_NUMBER='1' AIRFLOW_CTX_DAG_RUN_ID='scheduled__2026-02-07T10:00:00+00:00'
[2026-02-14T16:33:15.480+0000] {taskinstance.py:732} INFO - ::endgroup::
[2026-02-14T16:33:24.163+0000] {python.py:240} INFO - Done. Returned value was: None
[2026-02-14T16:33:24.170+0000] {taskinstance.py:341} INFO - ::group::Post task execution logs
[2026-02-14T16:33:24.170+0000] {taskinstance.py:353} INFO - Marking task as SUCCESS. dag_id=parse_iot, task_id=clean_data, run_id=scheduled__2026-02-07T10:00:00+00:00, execution_date=20260207T100000, start_date=20260214T163315, end_date=20260214T163324
[2026-02-14T16:33:24.227+0000] {local_task_job_runner.py:266} INFO - Task exited with return code 0
[2026-02-14T16:33:24.233+0000] {local_task_job_runner.py:245} INFO - ::endgroup::
[2026-02-14T17:50:42.004+0000] {local_task_job_runner.py:123} INFO - ::group::Pre task execution logs
[2026-02-14T17:50:42.021+0000] {taskinstance.py:2614} INFO - Dependencies all met for dep_context=non-requeueable deps ti=<TaskInstance: parse_iot.clean_data scheduled__2026-02-07T10:00:00+00:00 [queued]>
[2026-02-14T17:50:42.028+0000] {taskinstance.py:2614} INFO - Dependencies all met for dep_context=requeueable deps ti=<TaskInstance: parse_iot.clean_data scheduled__2026-02-07T10:00:00+00:00 [queued]>
[2026-02-14T17:50:42.029+0000] {taskinstance.py:2867} INFO - Starting attempt 1 of 4
[2026-02-14T17:50:42.035+0000] {taskinstance.py:2890} INFO - Executing <Task(PythonOperator): clean_data> on 2026-02-07 10:00:00+00:00
[2026-02-14T17:50:42.040+0000] {standard_task_runner.py:72} INFO - Started process 555 to run task
[2026-02-14T17:50:42.042+0000] {standard_task_runner.py:104} INFO - Running: ['***', 'tasks', 'run', 'parse_iot', 'clean_data', 'scheduled__2026-02-07T10:00:00+00:00', '--job-id', '122', '--raw', '--subdir', 'DAGS_FOLDER/parse_iot.py', '--cfg-path', '/tmp/tmp5oa0ddyj']
[2026-02-14T17:50:42.043+0000] {standard_task_runner.py:105} INFO - Job 122: Subtask clean_data
[2026-02-14T17:50:42.052+0000] {warnings.py:109} WARNING - /home/***/.local/lib/python3.9/site-packages/***/settings.py:209: DeprecationWarning: The sql_alchemy_conn option in [core] has been moved to the sql_alchemy_conn option in [database] - the old setting has been used, but please update your config.
  SQL_ALCHEMY_CONN = conf.get("database", "SQL_ALCHEMY_CONN")

[2026-02-14T17:50:42.074+0000] {task_command.py:467} INFO - Running <TaskInstance: parse_iot.clean_data scheduled__2026-02-07T10:00:00+00:00 [running]> on host 9052c134cdec
[2026-02-14T17:50:42.074+0000] {warnings.py:109} WARNING - /home/***/.local/lib/python3.9/site-packages/***/settings.py:470: DeprecationWarning: The sql_alchemy_conn option in [core] has been moved to the sql_alchemy_conn option in [database] - the old setting has been used, but please update your config.
  if conf.get("database", "sql_alchemy_conn") == "none://":

[2026-02-14T17:50:42.119+0000] {taskinstance.py:3134} INFO - Exporting env vars: AIRFLOW_CTX_DAG_OWNER='a.sorokin' AIRFLOW_CTX_DAG_ID='parse_iot' AIRFLOW_CTX_TASK_ID='clean_data' AIRFLOW_CTX_EXECUTION_DATE='2026-02-07T10:00:00+00:00' AIRFLOW_CTX_TRY_NUMBER='1' AIRFLOW_CTX_DAG_RUN_ID='scheduled__2026-02-07T10:00:00+00:00'
[2026-02-14T17:50:42.119+0000] {taskinstance.py:732} INFO - ::endgroup::
[2026-02-14T17:50:50.661+0000] {python.py:240} INFO - Done. Returned value was: None
[2026-02-14T17:50:50.668+0000] {taskinstance.py:341} INFO - ::group::Post task execution logs
[2026-02-14T17:50:50.668+0000] {taskinstance.py:353} INFO - Marking task as SUCCESS. dag_id=parse_iot, task_id=clean_data, run_id=scheduled__2026-02-07T10:00:00+00:00, execution_date=20260207T100000, start_date=20260214T175042, end_date=20260214T175050
[2026-02-14T17:50:50.699+0000] {local_task_job_runner.py:266} INFO - Task exited with return code 0
[2026-02-14T17:50:50.718+0000] {taskinstance.py:3901} INFO - 0 downstream tasks scheduled from follow-on schedule check
[2026-02-14T17:50:50.719+0000] {local_task_job_runner.py:245} INFO - ::endgroup::
[2026-02-14T18:15:29.814+0000] {local_task_job_runner.py:123} INFO - ::group::Pre task execution logs
[2026-02-14T18:15:29.829+0000] {taskinstance.py:2614} INFO - Dependencies all met for dep_context=non-requeueable deps ti=<TaskInstance: parse_iot.clean_data scheduled__2026-02-07T10:00:00+00:00 [queued]>
[2026-02-14T18:15:29.835+0000] {taskinstance.py:2614} INFO - Dependencies all met for dep_context=requeueable deps ti=<TaskInstance: parse_iot.clean_data scheduled__2026-02-07T10:00:00+00:00 [queued]>
[2026-02-14T18:15:29.835+0000] {taskinstance.py:2867} INFO - Starting attempt 1 of 4
[2026-02-14T18:15:29.842+0000] {taskinstance.py:2890} INFO - Executing <Task(PythonOperator): clean_data> on 2026-02-07 10:00:00+00:00
[2026-02-14T18:15:29.846+0000] {standard_task_runner.py:72} INFO - Started process 399 to run task
[2026-02-14T18:15:29.848+0000] {standard_task_runner.py:104} INFO - Running: ['***', 'tasks', 'run', 'parse_iot', 'clean_data', 'scheduled__2026-02-07T10:00:00+00:00', '--job-id', '83', '--raw', '--subdir', 'DAGS_FOLDER/parse_iot.py', '--cfg-path', '/tmp/tmpv3a3iztw']
[2026-02-14T18:15:29.850+0000] {standard_task_runner.py:105} INFO - Job 83: Subtask clean_data
[2026-02-14T18:15:29.857+0000] {warnings.py:109} WARNING - /home/***/.local/lib/python3.9/site-packages/***/settings.py:209: DeprecationWarning: The sql_alchemy_conn option in [core] has been moved to the sql_alchemy_conn option in [database] - the old setting has been used, but please update your config.
  SQL_ALCHEMY_CONN = conf.get("database", "SQL_ALCHEMY_CONN")

[2026-02-14T18:15:29.881+0000] {task_command.py:467} INFO - Running <TaskInstance: parse_iot.clean_data scheduled__2026-02-07T10:00:00+00:00 [running]> on host bb762b62a2c2
[2026-02-14T18:15:29.882+0000] {warnings.py:109} WARNING - /home/***/.local/lib/python3.9/site-packages/***/settings.py:470: DeprecationWarning: The sql_alchemy_conn option in [core] has been moved to the sql_alchemy_conn option in [database] - the old setting has been used, but please update your config.
  if conf.get("database", "sql_alchemy_conn") == "none://":

[2026-02-14T18:15:29.935+0000] {taskinstance.py:3134} INFO - Exporting env vars: AIRFLOW_CTX_DAG_OWNER='a.sorokin' AIRFLOW_CTX_DAG_ID='parse_iot' AIRFLOW_CTX_TASK_ID='clean_data' AIRFLOW_CTX_EXECUTION_DATE='2026-02-07T10:00:00+00:00' AIRFLOW_CTX_TRY_NUMBER='1' AIRFLOW_CTX_DAG_RUN_ID='scheduled__2026-02-07T10:00:00+00:00'
[2026-02-14T18:15:29.936+0000] {taskinstance.py:732} INFO - ::endgroup::
[2026-02-14T18:15:38.453+0000] {python.py:240} INFO - Done. Returned value was: None
[2026-02-14T18:15:38.460+0000] {taskinstance.py:341} INFO - ::group::Post task execution logs
[2026-02-14T18:15:38.460+0000] {taskinstance.py:353} INFO - Marking task as SUCCESS. dag_id=parse_iot, task_id=clean_data, run_id=scheduled__2026-02-07T10:00:00+00:00, execution_date=20260207T100000, start_date=20260214T181529, end_date=20260214T181538
[2026-02-14T18:15:38.510+0000] {local_task_job_runner.py:266} INFO - Task exited with return code 0
[2026-02-14T18:15:38.531+0000] {taskinstance.py:3901} INFO - 0 downstream tasks scheduled from follow-on schedule check
[2026-02-14T18:15:38.532+0000] {local_task_job_runner.py:245} INFO - ::endgroup::
[2026-02-16T14:47:39.191+0000] {local_task_job_runner.py:123} INFO - ::group::Pre task execution logs
[2026-02-16T14:47:39.211+0000] {taskinstance.py:2614} INFO - Dependencies all met for dep_context=non-requeueable deps ti=<TaskInstance: parse_iot.clean_data scheduled__2026-02-07T10:00:00+00:00 [queued]>
[2026-02-16T14:47:39.219+0000] {taskinstance.py:2614} INFO - Dependencies all met for dep_context=requeueable deps ti=<TaskInstance: parse_iot.clean_data scheduled__2026-02-07T10:00:00+00:00 [queued]>
[2026-02-16T14:47:39.220+0000] {taskinstance.py:2867} INFO - Starting attempt 1 of 4
[2026-02-16T14:47:39.227+0000] {taskinstance.py:2890} INFO - Executing <Task(PythonOperator): clean_data> on 2026-02-07 10:00:00+00:00
[2026-02-16T14:47:39.232+0000] {standard_task_runner.py:72} INFO - Started process 546 to run task
[2026-02-16T14:47:39.234+0000] {standard_task_runner.py:104} INFO - Running: ['***', 'tasks', 'run', 'parse_iot', 'clean_data', 'scheduled__2026-02-07T10:00:00+00:00', '--job-id', '114', '--raw', '--subdir', 'DAGS_FOLDER/parse_iot.py', '--cfg-path', '/tmp/tmp45z0ocow']
[2026-02-16T14:47:39.236+0000] {standard_task_runner.py:105} INFO - Job 114: Subtask clean_data
[2026-02-16T14:47:39.245+0000] {warnings.py:109} WARNING - /home/***/.local/lib/python3.9/site-packages/***/settings.py:209: DeprecationWarning: The sql_alchemy_conn option in [core] has been moved to the sql_alchemy_conn option in [database] - the old setting has been used, but please update your config.
  SQL_ALCHEMY_CONN = conf.get("database", "SQL_ALCHEMY_CONN")

[2026-02-16T14:47:39.270+0000] {task_command.py:467} INFO - Running <TaskInstance: parse_iot.clean_data scheduled__2026-02-07T10:00:00+00:00 [running]> on host cd96c4fa192f
[2026-02-16T14:47:39.270+0000] {warnings.py:109} WARNING - /home/***/.local/lib/python3.9/site-packages/***/settings.py:470: DeprecationWarning: The sql_alchemy_conn option in [core] has been moved to the sql_alchemy_conn option in [database] - the old setting has been used, but please update your config.
  if conf.get("database", "sql_alchemy_conn") == "none://":

[2026-02-16T14:47:39.321+0000] {taskinstance.py:3134} INFO - Exporting env vars: AIRFLOW_CTX_DAG_OWNER='a.sorokin' AIRFLOW_CTX_DAG_ID='parse_iot' AIRFLOW_CTX_TASK_ID='clean_data' AIRFLOW_CTX_EXECUTION_DATE='2026-02-07T10:00:00+00:00' AIRFLOW_CTX_TRY_NUMBER='1' AIRFLOW_CTX_DAG_RUN_ID='scheduled__2026-02-07T10:00:00+00:00'
[2026-02-16T14:47:39.322+0000] {taskinstance.py:732} INFO - ::endgroup::
[2026-02-16T14:47:48.483+0000] {python.py:240} INFO - Done. Returned value was: None
[2026-02-16T14:47:48.490+0000] {taskinstance.py:341} INFO - ::group::Post task execution logs
[2026-02-16T14:47:48.490+0000] {taskinstance.py:353} INFO - Marking task as SUCCESS. dag_id=parse_iot, task_id=clean_data, run_id=scheduled__2026-02-07T10:00:00+00:00, execution_date=20260207T100000, start_date=20260216T144739, end_date=20260216T144748
[2026-02-16T14:47:48.536+0000] {local_task_job_runner.py:266} INFO - Task exited with return code 0
[2026-02-16T14:47:48.556+0000] {taskinstance.py:3901} INFO - 0 downstream tasks scheduled from follow-on schedule check
[2026-02-16T14:47:48.557+0000] {local_task_job_runner.py:245} INFO - ::endgroup::
