[2026-02-16T18:11:57.265+0000] {local_task_job_runner.py:123} INFO - ::group::Pre task execution logs
[2026-02-16T18:11:57.277+0000] {taskinstance.py:2614} INFO - Dependencies all met for dep_context=non-requeueable deps ti=<TaskInstance: date_load_postgres.check_parse_data scheduled__2026-02-13T10:00:00+00:00 [queued]>
[2026-02-16T18:11:57.282+0000] {taskinstance.py:2614} INFO - Dependencies all met for dep_context=requeueable deps ti=<TaskInstance: date_load_postgres.check_parse_data scheduled__2026-02-13T10:00:00+00:00 [queued]>
[2026-02-16T18:11:57.282+0000] {taskinstance.py:2867} INFO - Starting attempt 3 of 4
[2026-02-16T18:11:57.294+0000] {taskinstance.py:2890} INFO - Executing <Task(PythonSensor): check_parse_data> on 2026-02-13 10:00:00+00:00
[2026-02-16T18:11:57.299+0000] {standard_task_runner.py:72} INFO - Started process 569 to run task
[2026-02-16T18:11:57.301+0000] {standard_task_runner.py:104} INFO - Running: ['***', 'tasks', 'run', 'date_load_postgres', 'check_parse_data', 'scheduled__2026-02-13T10:00:00+00:00', '--job-id', '113', '--raw', '--subdir', 'DAGS_FOLDER/date_load_postrges.py', '--cfg-path', '/tmp/tmp_2yhv83n']
[2026-02-16T18:11:57.303+0000] {standard_task_runner.py:105} INFO - Job 113: Subtask check_parse_data
[2026-02-16T18:11:57.311+0000] {warnings.py:109} WARNING - /home/***/.local/lib/python3.9/site-packages/***/settings.py:209: DeprecationWarning: The sql_alchemy_conn option in [core] has been moved to the sql_alchemy_conn option in [database] - the old setting has been used, but please update your config.
  SQL_ALCHEMY_CONN = conf.get("database", "SQL_ALCHEMY_CONN")

[2026-02-16T18:11:57.331+0000] {task_command.py:467} INFO - Running <TaskInstance: date_load_postgres.check_parse_data scheduled__2026-02-13T10:00:00+00:00 [running]> on host 80c391c4cc85
[2026-02-16T18:11:57.332+0000] {warnings.py:109} WARNING - /home/***/.local/lib/python3.9/site-packages/***/settings.py:470: DeprecationWarning: The sql_alchemy_conn option in [core] has been moved to the sql_alchemy_conn option in [database] - the old setting has been used, but please update your config.
  if conf.get("database", "sql_alchemy_conn") == "none://":

[2026-02-16T18:11:57.379+0000] {taskinstance.py:3134} INFO - Exporting env vars: AIRFLOW_CTX_DAG_OWNER='a.sorokin' AIRFLOW_CTX_DAG_ID='date_load_postgres' AIRFLOW_CTX_TASK_ID='check_parse_data' AIRFLOW_CTX_EXECUTION_DATE='2026-02-13T10:00:00+00:00' AIRFLOW_CTX_TRY_NUMBER='3' AIRFLOW_CTX_DAG_RUN_ID='scheduled__2026-02-13T10:00:00+00:00'
[2026-02-16T18:11:57.379+0000] {taskinstance.py:732} INFO - ::endgroup::
[2026-02-16T18:11:57.386+0000] {python.py:75} INFO - Poking callable: <function check_parse_data at 0x7ae674574ca0>
[2026-02-16T18:11:57.387+0000] {base.py:339} INFO - Success criteria met. Exiting.
[2026-02-16T18:11:57.393+0000] {taskinstance.py:341} INFO - ::group::Post task execution logs
[2026-02-16T18:11:57.394+0000] {taskinstance.py:353} INFO - Marking task as SUCCESS. dag_id=date_load_postgres, task_id=check_parse_data, run_id=scheduled__2026-02-13T10:00:00+00:00, execution_date=20260213T100000, start_date=20260216T181157, end_date=20260216T181157
[2026-02-16T18:11:57.433+0000] {local_task_job_runner.py:266} INFO - Task exited with return code 0
[2026-02-16T18:11:57.449+0000] {taskinstance.py:3901} INFO - 1 downstream tasks scheduled from follow-on schedule check
[2026-02-16T18:11:57.450+0000] {local_task_job_runner.py:245} INFO - ::endgroup::
