[2026-02-14T16:35:20.067+0000] {local_task_job_runner.py:123} INFO - ::group::Pre task execution logs
[2026-02-14T16:35:20.081+0000] {taskinstance.py:2614} INFO - Dependencies all met for dep_context=non-requeueable deps ti=<TaskInstance: load_postgres.check_connect_to_DB scheduled__2026-01-30T10:00:00+00:00 [queued]>
[2026-02-14T16:35:20.087+0000] {taskinstance.py:2614} INFO - Dependencies all met for dep_context=requeueable deps ti=<TaskInstance: load_postgres.check_connect_to_DB scheduled__2026-01-30T10:00:00+00:00 [queued]>
[2026-02-14T16:35:20.087+0000] {taskinstance.py:2867} INFO - Starting attempt 1 of 4
[2026-02-14T16:35:20.095+0000] {taskinstance.py:2890} INFO - Executing <Task(PythonSensor): check_connect_to_DB> on 2026-01-30 10:00:00+00:00
[2026-02-14T16:35:20.099+0000] {standard_task_runner.py:72} INFO - Started process 743 to run task
[2026-02-14T16:35:20.101+0000] {standard_task_runner.py:104} INFO - Running: ['***', 'tasks', 'run', 'load_postgres', 'check_connect_to_DB', 'scheduled__2026-01-30T10:00:00+00:00', '--job-id', '169', '--raw', '--subdir', 'DAGS_FOLDER/load_postrges.py', '--cfg-path', '/tmp/tmpuwkxfkvj']
[2026-02-14T16:35:20.103+0000] {standard_task_runner.py:105} INFO - Job 169: Subtask check_connect_to_DB
[2026-02-14T16:35:20.113+0000] {warnings.py:109} WARNING - /home/***/.local/lib/python3.9/site-packages/***/settings.py:209: DeprecationWarning: The sql_alchemy_conn option in [core] has been moved to the sql_alchemy_conn option in [database] - the old setting has been used, but please update your config.
  SQL_ALCHEMY_CONN = conf.get("database", "SQL_ALCHEMY_CONN")

[2026-02-14T16:35:20.143+0000] {task_command.py:467} INFO - Running <TaskInstance: load_postgres.check_connect_to_DB scheduled__2026-01-30T10:00:00+00:00 [running]> on host a5c4ed865bb5
[2026-02-14T16:35:20.143+0000] {warnings.py:109} WARNING - /home/***/.local/lib/python3.9/site-packages/***/settings.py:470: DeprecationWarning: The sql_alchemy_conn option in [core] has been moved to the sql_alchemy_conn option in [database] - the old setting has been used, but please update your config.
  if conf.get("database", "sql_alchemy_conn") == "none://":

[2026-02-14T16:35:20.197+0000] {taskinstance.py:3134} INFO - Exporting env vars: AIRFLOW_CTX_DAG_OWNER='a.sorokin' AIRFLOW_CTX_DAG_ID='load_postgres' AIRFLOW_CTX_TASK_ID='check_connect_to_DB' AIRFLOW_CTX_EXECUTION_DATE='2026-01-30T10:00:00+00:00' AIRFLOW_CTX_TRY_NUMBER='1' AIRFLOW_CTX_DAG_RUN_ID='scheduled__2026-01-30T10:00:00+00:00'
[2026-02-14T16:35:20.197+0000] {taskinstance.py:732} INFO - ::endgroup::
[2026-02-14T16:35:20.205+0000] {python.py:75} INFO - Poking callable: <function check_connect_to_DB at 0x7be99cfe41f0>
[2026-02-14T16:35:20.206+0000] {logging_mixin.py:190} INFO - Ошибка подключения: (psycopg2.OperationalError) connection to server at "etl_02-postgres_storage_db-1" (10.10.1.4), port 5432 failed: Connection refused
	Is the server running on that host and accepting TCP/IP connections?

(Background on this error at: https://sqlalche.me/e/14/e3q8)
[2026-02-14T16:36:20.257+0000] {python.py:75} INFO - Poking callable: <function check_connect_to_DB at 0x7be99cfe41f0>
[2026-02-14T16:36:20.259+0000] {logging_mixin.py:190} INFO - Ошибка подключения: (psycopg2.OperationalError) connection to server at "etl_02-postgres_storage_db-1" (10.10.1.4), port 5432 failed: Connection refused
	Is the server running on that host and accepting TCP/IP connections?

(Background on this error at: https://sqlalche.me/e/14/e3q8)
[2026-02-14T16:37:20.318+0000] {python.py:75} INFO - Poking callable: <function check_connect_to_DB at 0x7be99cfe41f0>
[2026-02-14T16:37:20.319+0000] {logging_mixin.py:190} INFO - Ошибка подключения: (psycopg2.OperationalError) connection to server at "etl_02-postgres_storage_db-1" (10.10.1.4), port 5432 failed: Connection refused
	Is the server running on that host and accepting TCP/IP connections?

(Background on this error at: https://sqlalche.me/e/14/e3q8)
[2026-02-14T16:38:20.379+0000] {python.py:75} INFO - Poking callable: <function check_connect_to_DB at 0x7be99cfe41f0>
[2026-02-14T16:38:20.380+0000] {logging_mixin.py:190} INFO - Ошибка подключения: (psycopg2.OperationalError) connection to server at "etl_02-postgres_storage_db-1" (10.10.1.4), port 5432 failed: Connection refused
	Is the server running on that host and accepting TCP/IP connections?

(Background on this error at: https://sqlalche.me/e/14/e3q8)
[2026-02-14T16:39:20.440+0000] {python.py:75} INFO - Poking callable: <function check_connect_to_DB at 0x7be99cfe41f0>
[2026-02-14T16:39:20.441+0000] {logging_mixin.py:190} INFO - Ошибка подключения: (psycopg2.OperationalError) connection to server at "etl_02-postgres_storage_db-1" (10.10.1.4), port 5432 failed: Connection refused
	Is the server running on that host and accepting TCP/IP connections?

(Background on this error at: https://sqlalche.me/e/14/e3q8)
