[2026-02-14T16:31:44.363+0000] {local_task_job_runner.py:123} INFO - ::group::Pre task execution logs
[2026-02-14T16:31:44.378+0000] {taskinstance.py:2614} INFO - Dependencies all met for dep_context=non-requeueable deps ti=<TaskInstance: parse_iot.clean_data scheduled__2026-01-30T10:00:00+00:00 [queued]>
[2026-02-14T16:31:44.383+0000] {taskinstance.py:2614} INFO - Dependencies all met for dep_context=requeueable deps ti=<TaskInstance: parse_iot.clean_data scheduled__2026-01-30T10:00:00+00:00 [queued]>
[2026-02-14T16:31:44.383+0000] {taskinstance.py:2867} INFO - Starting attempt 1 of 4
[2026-02-14T16:31:44.390+0000] {taskinstance.py:2890} INFO - Executing <Task(PythonOperator): clean_data> on 2026-01-30 10:00:00+00:00
[2026-02-14T16:31:44.394+0000] {standard_task_runner.py:72} INFO - Started process 347 to run task
[2026-02-14T16:31:44.396+0000] {standard_task_runner.py:104} INFO - Running: ['***', 'tasks', 'run', 'parse_iot', 'clean_data', 'scheduled__2026-01-30T10:00:00+00:00', '--job-id', '70', '--raw', '--subdir', 'DAGS_FOLDER/parse_iot.py', '--cfg-path', '/tmp/tmpehpoe3sp']
[2026-02-14T16:31:44.398+0000] {standard_task_runner.py:105} INFO - Job 70: Subtask clean_data
[2026-02-14T16:31:44.405+0000] {warnings.py:109} WARNING - /home/***/.local/lib/python3.9/site-packages/***/settings.py:209: DeprecationWarning: The sql_alchemy_conn option in [core] has been moved to the sql_alchemy_conn option in [database] - the old setting has been used, but please update your config.
  SQL_ALCHEMY_CONN = conf.get("database", "SQL_ALCHEMY_CONN")

[2026-02-14T16:31:44.426+0000] {task_command.py:467} INFO - Running <TaskInstance: parse_iot.clean_data scheduled__2026-01-30T10:00:00+00:00 [running]> on host a5c4ed865bb5
[2026-02-14T16:31:44.426+0000] {warnings.py:109} WARNING - /home/***/.local/lib/python3.9/site-packages/***/settings.py:470: DeprecationWarning: The sql_alchemy_conn option in [core] has been moved to the sql_alchemy_conn option in [database] - the old setting has been used, but please update your config.
  if conf.get("database", "sql_alchemy_conn") == "none://":

[2026-02-14T16:31:44.479+0000] {taskinstance.py:3134} INFO - Exporting env vars: AIRFLOW_CTX_DAG_OWNER='a.sorokin' AIRFLOW_CTX_DAG_ID='parse_iot' AIRFLOW_CTX_TASK_ID='clean_data' AIRFLOW_CTX_EXECUTION_DATE='2026-01-30T10:00:00+00:00' AIRFLOW_CTX_TRY_NUMBER='1' AIRFLOW_CTX_DAG_RUN_ID='scheduled__2026-01-30T10:00:00+00:00'
[2026-02-14T16:31:44.479+0000] {taskinstance.py:732} INFO - ::endgroup::
[2026-02-14T16:31:53.031+0000] {python.py:240} INFO - Done. Returned value was: None
[2026-02-14T16:31:53.037+0000] {taskinstance.py:341} INFO - ::group::Post task execution logs
[2026-02-14T16:31:53.038+0000] {taskinstance.py:353} INFO - Marking task as SUCCESS. dag_id=parse_iot, task_id=clean_data, run_id=scheduled__2026-01-30T10:00:00+00:00, execution_date=20260130T100000, start_date=20260214T163144, end_date=20260214T163153
[2026-02-14T16:31:53.094+0000] {local_task_job_runner.py:266} INFO - Task exited with return code 0
[2026-02-14T16:31:53.111+0000] {taskinstance.py:3901} INFO - 2 downstream tasks scheduled from follow-on schedule check
[2026-02-14T16:31:53.112+0000] {local_task_job_runner.py:245} INFO - ::endgroup::
[2026-02-14T17:49:09.235+0000] {local_task_job_runner.py:123} INFO - ::group::Pre task execution logs
[2026-02-14T17:49:09.250+0000] {taskinstance.py:2614} INFO - Dependencies all met for dep_context=non-requeueable deps ti=<TaskInstance: parse_iot.clean_data scheduled__2026-01-30T10:00:00+00:00 [queued]>
[2026-02-14T17:49:09.256+0000] {taskinstance.py:2614} INFO - Dependencies all met for dep_context=requeueable deps ti=<TaskInstance: parse_iot.clean_data scheduled__2026-01-30T10:00:00+00:00 [queued]>
[2026-02-14T17:49:09.257+0000] {taskinstance.py:2867} INFO - Starting attempt 1 of 4
[2026-02-14T17:49:09.263+0000] {taskinstance.py:2890} INFO - Executing <Task(PythonOperator): clean_data> on 2026-01-30 10:00:00+00:00
[2026-02-14T17:49:09.267+0000] {standard_task_runner.py:72} INFO - Started process 367 to run task
[2026-02-14T17:49:09.269+0000] {standard_task_runner.py:104} INFO - Running: ['***', 'tasks', 'run', 'parse_iot', 'clean_data', 'scheduled__2026-01-30T10:00:00+00:00', '--job-id', '75', '--raw', '--subdir', 'DAGS_FOLDER/parse_iot.py', '--cfg-path', '/tmp/tmpyglmhjpv']
[2026-02-14T17:49:09.271+0000] {standard_task_runner.py:105} INFO - Job 75: Subtask clean_data
[2026-02-14T17:49:09.279+0000] {warnings.py:109} WARNING - /home/***/.local/lib/python3.9/site-packages/***/settings.py:209: DeprecationWarning: The sql_alchemy_conn option in [core] has been moved to the sql_alchemy_conn option in [database] - the old setting has been used, but please update your config.
  SQL_ALCHEMY_CONN = conf.get("database", "SQL_ALCHEMY_CONN")

[2026-02-14T17:49:09.301+0000] {task_command.py:467} INFO - Running <TaskInstance: parse_iot.clean_data scheduled__2026-01-30T10:00:00+00:00 [running]> on host 9052c134cdec
[2026-02-14T17:49:09.301+0000] {warnings.py:109} WARNING - /home/***/.local/lib/python3.9/site-packages/***/settings.py:470: DeprecationWarning: The sql_alchemy_conn option in [core] has been moved to the sql_alchemy_conn option in [database] - the old setting has been used, but please update your config.
  if conf.get("database", "sql_alchemy_conn") == "none://":

[2026-02-14T17:49:09.348+0000] {taskinstance.py:3134} INFO - Exporting env vars: AIRFLOW_CTX_DAG_OWNER='a.sorokin' AIRFLOW_CTX_DAG_ID='parse_iot' AIRFLOW_CTX_TASK_ID='clean_data' AIRFLOW_CTX_EXECUTION_DATE='2026-01-30T10:00:00+00:00' AIRFLOW_CTX_TRY_NUMBER='1' AIRFLOW_CTX_DAG_RUN_ID='scheduled__2026-01-30T10:00:00+00:00'
[2026-02-14T17:49:09.349+0000] {taskinstance.py:732} INFO - ::endgroup::
[2026-02-14T17:49:17.997+0000] {python.py:240} INFO - Done. Returned value was: None
[2026-02-14T17:49:18.005+0000] {taskinstance.py:341} INFO - ::group::Post task execution logs
[2026-02-14T17:49:18.005+0000] {taskinstance.py:353} INFO - Marking task as SUCCESS. dag_id=parse_iot, task_id=clean_data, run_id=scheduled__2026-01-30T10:00:00+00:00, execution_date=20260130T100000, start_date=20260214T174909, end_date=20260214T174918
[2026-02-14T17:49:18.050+0000] {local_task_job_runner.py:266} INFO - Task exited with return code 0
[2026-02-14T17:49:18.067+0000] {taskinstance.py:3901} INFO - 2 downstream tasks scheduled from follow-on schedule check
[2026-02-14T17:49:18.068+0000] {local_task_job_runner.py:245} INFO - ::endgroup::
[2026-02-14T18:12:39.724+0000] {local_task_job_runner.py:123} INFO - ::group::Pre task execution logs
[2026-02-14T18:12:39.740+0000] {taskinstance.py:2614} INFO - Dependencies all met for dep_context=non-requeueable deps ti=<TaskInstance: parse_iot.clean_data scheduled__2026-01-30T10:00:00+00:00 [queued]>
[2026-02-14T18:12:39.747+0000] {taskinstance.py:2614} INFO - Dependencies all met for dep_context=requeueable deps ti=<TaskInstance: parse_iot.clean_data scheduled__2026-01-30T10:00:00+00:00 [queued]>
[2026-02-14T18:12:39.748+0000] {taskinstance.py:2867} INFO - Starting attempt 1 of 4
[2026-02-14T18:12:39.756+0000] {taskinstance.py:2890} INFO - Executing <Task(PythonOperator): clean_data> on 2026-01-30 10:00:00+00:00
[2026-02-14T18:12:39.760+0000] {standard_task_runner.py:72} INFO - Started process 120 to run task
[2026-02-14T18:12:39.762+0000] {standard_task_runner.py:104} INFO - Running: ['***', 'tasks', 'run', 'parse_iot', 'clean_data', 'scheduled__2026-01-30T10:00:00+00:00', '--job-id', '13', '--raw', '--subdir', 'DAGS_FOLDER/parse_iot.py', '--cfg-path', '/tmp/tmpqjwfmwu6']
[2026-02-14T18:12:39.764+0000] {standard_task_runner.py:105} INFO - Job 13: Subtask clean_data
[2026-02-14T18:12:39.774+0000] {warnings.py:109} WARNING - /home/***/.local/lib/python3.9/site-packages/***/settings.py:209: DeprecationWarning: The sql_alchemy_conn option in [core] has been moved to the sql_alchemy_conn option in [database] - the old setting has been used, but please update your config.
  SQL_ALCHEMY_CONN = conf.get("database", "SQL_ALCHEMY_CONN")

[2026-02-14T18:12:39.799+0000] {task_command.py:467} INFO - Running <TaskInstance: parse_iot.clean_data scheduled__2026-01-30T10:00:00+00:00 [running]> on host bb762b62a2c2
[2026-02-14T18:12:39.800+0000] {warnings.py:109} WARNING - /home/***/.local/lib/python3.9/site-packages/***/settings.py:470: DeprecationWarning: The sql_alchemy_conn option in [core] has been moved to the sql_alchemy_conn option in [database] - the old setting has been used, but please update your config.
  if conf.get("database", "sql_alchemy_conn") == "none://":

[2026-02-14T18:12:39.849+0000] {taskinstance.py:3134} INFO - Exporting env vars: AIRFLOW_CTX_DAG_OWNER='a.sorokin' AIRFLOW_CTX_DAG_ID='parse_iot' AIRFLOW_CTX_TASK_ID='clean_data' AIRFLOW_CTX_EXECUTION_DATE='2026-01-30T10:00:00+00:00' AIRFLOW_CTX_TRY_NUMBER='1' AIRFLOW_CTX_DAG_RUN_ID='scheduled__2026-01-30T10:00:00+00:00'
[2026-02-14T18:12:39.850+0000] {taskinstance.py:732} INFO - ::endgroup::
[2026-02-14T18:12:49.142+0000] {python.py:240} INFO - Done. Returned value was: None
[2026-02-14T18:12:49.149+0000] {taskinstance.py:341} INFO - ::group::Post task execution logs
[2026-02-14T18:12:49.149+0000] {taskinstance.py:353} INFO - Marking task as SUCCESS. dag_id=parse_iot, task_id=clean_data, run_id=scheduled__2026-01-30T10:00:00+00:00, execution_date=20260130T100000, start_date=20260214T181239, end_date=20260214T181249
[2026-02-14T18:12:49.186+0000] {local_task_job_runner.py:266} INFO - Task exited with return code 0
[2026-02-14T18:12:49.205+0000] {taskinstance.py:3901} INFO - 2 downstream tasks scheduled from follow-on schedule check
[2026-02-14T18:12:49.206+0000] {local_task_job_runner.py:245} INFO - ::endgroup::
[2026-02-16T14:46:16.099+0000] {local_task_job_runner.py:123} INFO - ::group::Pre task execution logs
[2026-02-16T14:46:16.113+0000] {taskinstance.py:2614} INFO - Dependencies all met for dep_context=non-requeueable deps ti=<TaskInstance: parse_iot.clean_data scheduled__2026-01-30T10:00:00+00:00 [queued]>
[2026-02-16T14:46:16.118+0000] {taskinstance.py:2614} INFO - Dependencies all met for dep_context=requeueable deps ti=<TaskInstance: parse_iot.clean_data scheduled__2026-01-30T10:00:00+00:00 [queued]>
[2026-02-16T14:46:16.118+0000] {taskinstance.py:2867} INFO - Starting attempt 1 of 4
[2026-02-16T14:46:16.125+0000] {taskinstance.py:2890} INFO - Executing <Task(PythonOperator): clean_data> on 2026-01-30 10:00:00+00:00
[2026-02-16T14:46:16.129+0000] {standard_task_runner.py:72} INFO - Started process 426 to run task
[2026-02-16T14:46:16.131+0000] {standard_task_runner.py:104} INFO - Running: ['***', 'tasks', 'run', 'parse_iot', 'clean_data', 'scheduled__2026-01-30T10:00:00+00:00', '--job-id', '84', '--raw', '--subdir', 'DAGS_FOLDER/parse_iot.py', '--cfg-path', '/tmp/tmpkb441xc_']
[2026-02-16T14:46:16.132+0000] {standard_task_runner.py:105} INFO - Job 84: Subtask clean_data
[2026-02-16T14:46:16.140+0000] {warnings.py:109} WARNING - /home/***/.local/lib/python3.9/site-packages/***/settings.py:209: DeprecationWarning: The sql_alchemy_conn option in [core] has been moved to the sql_alchemy_conn option in [database] - the old setting has been used, but please update your config.
  SQL_ALCHEMY_CONN = conf.get("database", "SQL_ALCHEMY_CONN")

[2026-02-16T14:46:16.160+0000] {task_command.py:467} INFO - Running <TaskInstance: parse_iot.clean_data scheduled__2026-01-30T10:00:00+00:00 [running]> on host cd96c4fa192f
[2026-02-16T14:46:16.160+0000] {warnings.py:109} WARNING - /home/***/.local/lib/python3.9/site-packages/***/settings.py:470: DeprecationWarning: The sql_alchemy_conn option in [core] has been moved to the sql_alchemy_conn option in [database] - the old setting has been used, but please update your config.
  if conf.get("database", "sql_alchemy_conn") == "none://":

[2026-02-16T14:46:16.202+0000] {taskinstance.py:3134} INFO - Exporting env vars: AIRFLOW_CTX_DAG_OWNER='a.sorokin' AIRFLOW_CTX_DAG_ID='parse_iot' AIRFLOW_CTX_TASK_ID='clean_data' AIRFLOW_CTX_EXECUTION_DATE='2026-01-30T10:00:00+00:00' AIRFLOW_CTX_TRY_NUMBER='1' AIRFLOW_CTX_DAG_RUN_ID='scheduled__2026-01-30T10:00:00+00:00'
[2026-02-16T14:46:16.202+0000] {taskinstance.py:732} INFO - ::endgroup::
[2026-02-16T14:46:24.326+0000] {python.py:240} INFO - Done. Returned value was: None
[2026-02-16T14:46:24.333+0000] {taskinstance.py:341} INFO - ::group::Post task execution logs
[2026-02-16T14:46:24.333+0000] {taskinstance.py:353} INFO - Marking task as SUCCESS. dag_id=parse_iot, task_id=clean_data, run_id=scheduled__2026-01-30T10:00:00+00:00, execution_date=20260130T100000, start_date=20260216T144616, end_date=20260216T144624
[2026-02-16T14:46:24.514+0000] {local_task_job_runner.py:266} INFO - Task exited with return code 0
[2026-02-16T14:46:24.530+0000] {taskinstance.py:3901} INFO - 2 downstream tasks scheduled from follow-on schedule check
[2026-02-16T14:46:24.531+0000] {local_task_job_runner.py:245} INFO - ::endgroup::
