[2026-02-14T16:34:38.394+0000] {local_task_job_runner.py:123} INFO - ::group::Pre task execution logs
[2026-02-14T16:34:38.413+0000] {taskinstance.py:2614} INFO - Dependencies all met for dep_context=non-requeueable deps ti=<TaskInstance: parse_iot.sort_in_out scheduled__2026-02-10T10:00:00+00:00 [queued]>
[2026-02-14T16:34:38.420+0000] {taskinstance.py:2614} INFO - Dependencies all met for dep_context=requeueable deps ti=<TaskInstance: parse_iot.sort_in_out scheduled__2026-02-10T10:00:00+00:00 [queued]>
[2026-02-14T16:34:38.421+0000] {taskinstance.py:2867} INFO - Starting attempt 1 of 4
[2026-02-14T16:34:38.428+0000] {taskinstance.py:2890} INFO - Executing <Task(PythonOperator): sort_in_out> on 2026-02-10 10:00:00+00:00
[2026-02-14T16:34:38.433+0000] {standard_task_runner.py:72} INFO - Started process 675 to run task
[2026-02-14T16:34:38.435+0000] {standard_task_runner.py:104} INFO - Running: ['***', 'tasks', 'run', 'parse_iot', 'sort_in_out', 'scheduled__2026-02-10T10:00:00+00:00', '--job-id', '152', '--raw', '--subdir', 'DAGS_FOLDER/parse_iot.py', '--cfg-path', '/tmp/tmpkb1egehl']
[2026-02-14T16:34:38.436+0000] {standard_task_runner.py:105} INFO - Job 152: Subtask sort_in_out
[2026-02-14T16:34:38.445+0000] {warnings.py:109} WARNING - /home/***/.local/lib/python3.9/site-packages/***/settings.py:209: DeprecationWarning: The sql_alchemy_conn option in [core] has been moved to the sql_alchemy_conn option in [database] - the old setting has been used, but please update your config.
  SQL_ALCHEMY_CONN = conf.get("database", "SQL_ALCHEMY_CONN")

[2026-02-14T16:34:38.467+0000] {task_command.py:467} INFO - Running <TaskInstance: parse_iot.sort_in_out scheduled__2026-02-10T10:00:00+00:00 [running]> on host a5c4ed865bb5
[2026-02-14T16:34:38.467+0000] {warnings.py:109} WARNING - /home/***/.local/lib/python3.9/site-packages/***/settings.py:470: DeprecationWarning: The sql_alchemy_conn option in [core] has been moved to the sql_alchemy_conn option in [database] - the old setting has been used, but please update your config.
  if conf.get("database", "sql_alchemy_conn") == "none://":

[2026-02-14T16:34:38.518+0000] {taskinstance.py:3134} INFO - Exporting env vars: AIRFLOW_CTX_DAG_OWNER='a.sorokin' AIRFLOW_CTX_DAG_ID='parse_iot' AIRFLOW_CTX_TASK_ID='sort_in_out' AIRFLOW_CTX_EXECUTION_DATE='2026-02-10T10:00:00+00:00' AIRFLOW_CTX_TRY_NUMBER='1' AIRFLOW_CTX_DAG_RUN_ID='scheduled__2026-02-10T10:00:00+00:00'
[2026-02-14T16:34:38.518+0000] {taskinstance.py:732} INFO - ::endgroup::
[2026-02-14T16:34:38.526+0000] {parse_iot.py:102} INFO - text
[2026-02-14T16:34:38.526+0000] {python.py:240} INFO - Done. Returned value was: None
[2026-02-14T16:34:38.533+0000] {taskinstance.py:341} INFO - ::group::Post task execution logs
[2026-02-14T16:34:38.533+0000] {taskinstance.py:353} INFO - Marking task as SUCCESS. dag_id=parse_iot, task_id=sort_in_out, run_id=scheduled__2026-02-10T10:00:00+00:00, execution_date=20260210T100000, start_date=20260214T163438, end_date=20260214T163438
[2026-02-14T16:34:38.567+0000] {local_task_job_runner.py:266} INFO - Task exited with return code 0
[2026-02-14T16:34:38.587+0000] {taskinstance.py:3901} INFO - 0 downstream tasks scheduled from follow-on schedule check
[2026-02-14T16:34:38.588+0000] {local_task_job_runner.py:245} INFO - ::endgroup::
[2026-02-14T17:52:06.392+0000] {local_task_job_runner.py:123} INFO - ::group::Pre task execution logs
[2026-02-14T17:52:06.409+0000] {taskinstance.py:2614} INFO - Dependencies all met for dep_context=non-requeueable deps ti=<TaskInstance: parse_iot.sort_in_out scheduled__2026-02-10T10:00:00+00:00 [queued]>
[2026-02-14T17:52:06.416+0000] {taskinstance.py:2614} INFO - Dependencies all met for dep_context=requeueable deps ti=<TaskInstance: parse_iot.sort_in_out scheduled__2026-02-10T10:00:00+00:00 [queued]>
[2026-02-14T17:52:06.416+0000] {taskinstance.py:2867} INFO - Starting attempt 1 of 4
[2026-02-14T17:52:06.423+0000] {taskinstance.py:2890} INFO - Executing <Task(PythonOperator): sort_in_out> on 2026-02-10 10:00:00+00:00
[2026-02-14T17:52:06.427+0000] {standard_task_runner.py:72} INFO - Started process 679 to run task
[2026-02-14T17:52:06.429+0000] {standard_task_runner.py:104} INFO - Running: ['***', 'tasks', 'run', 'parse_iot', 'sort_in_out', 'scheduled__2026-02-10T10:00:00+00:00', '--job-id', '153', '--raw', '--subdir', 'DAGS_FOLDER/parse_iot.py', '--cfg-path', '/tmp/tmp4h2vgrv2']
[2026-02-14T17:52:06.431+0000] {standard_task_runner.py:105} INFO - Job 153: Subtask sort_in_out
[2026-02-14T17:52:06.439+0000] {warnings.py:109} WARNING - /home/***/.local/lib/python3.9/site-packages/***/settings.py:209: DeprecationWarning: The sql_alchemy_conn option in [core] has been moved to the sql_alchemy_conn option in [database] - the old setting has been used, but please update your config.
  SQL_ALCHEMY_CONN = conf.get("database", "SQL_ALCHEMY_CONN")

[2026-02-14T17:52:06.461+0000] {task_command.py:467} INFO - Running <TaskInstance: parse_iot.sort_in_out scheduled__2026-02-10T10:00:00+00:00 [running]> on host 9052c134cdec
[2026-02-14T17:52:06.462+0000] {warnings.py:109} WARNING - /home/***/.local/lib/python3.9/site-packages/***/settings.py:470: DeprecationWarning: The sql_alchemy_conn option in [core] has been moved to the sql_alchemy_conn option in [database] - the old setting has been used, but please update your config.
  if conf.get("database", "sql_alchemy_conn") == "none://":

[2026-02-14T17:52:06.510+0000] {taskinstance.py:3134} INFO - Exporting env vars: AIRFLOW_CTX_DAG_OWNER='a.sorokin' AIRFLOW_CTX_DAG_ID='parse_iot' AIRFLOW_CTX_TASK_ID='sort_in_out' AIRFLOW_CTX_EXECUTION_DATE='2026-02-10T10:00:00+00:00' AIRFLOW_CTX_TRY_NUMBER='1' AIRFLOW_CTX_DAG_RUN_ID='scheduled__2026-02-10T10:00:00+00:00'
[2026-02-14T17:52:06.510+0000] {taskinstance.py:732} INFO - ::endgroup::
[2026-02-14T17:52:06.518+0000] {parse_iot.py:102} INFO - text
[2026-02-14T17:52:06.518+0000] {python.py:240} INFO - Done. Returned value was: None
[2026-02-14T17:52:06.524+0000] {taskinstance.py:341} INFO - ::group::Post task execution logs
[2026-02-14T17:52:06.525+0000] {taskinstance.py:353} INFO - Marking task as SUCCESS. dag_id=parse_iot, task_id=sort_in_out, run_id=scheduled__2026-02-10T10:00:00+00:00, execution_date=20260210T100000, start_date=20260214T175206, end_date=20260214T175206
[2026-02-14T17:52:06.561+0000] {local_task_job_runner.py:266} INFO - Task exited with return code 0
[2026-02-14T17:52:06.579+0000] {taskinstance.py:3901} INFO - 0 downstream tasks scheduled from follow-on schedule check
[2026-02-14T17:52:06.580+0000] {local_task_job_runner.py:245} INFO - ::endgroup::
[2026-02-14T18:16:54.781+0000] {local_task_job_runner.py:123} INFO - ::group::Pre task execution logs
[2026-02-14T18:16:54.800+0000] {taskinstance.py:2614} INFO - Dependencies all met for dep_context=non-requeueable deps ti=<TaskInstance: parse_iot.sort_in_out scheduled__2026-02-10T10:00:00+00:00 [queued]>
[2026-02-14T18:16:54.808+0000] {taskinstance.py:2614} INFO - Dependencies all met for dep_context=requeueable deps ti=<TaskInstance: parse_iot.sort_in_out scheduled__2026-02-10T10:00:00+00:00 [queued]>
[2026-02-14T18:16:54.808+0000] {taskinstance.py:2867} INFO - Starting attempt 1 of 4
[2026-02-14T18:16:54.815+0000] {taskinstance.py:2890} INFO - Executing <Task(PythonOperator): sort_in_out> on 2026-02-10 10:00:00+00:00
[2026-02-14T18:16:54.820+0000] {standard_task_runner.py:72} INFO - Started process 551 to run task
[2026-02-14T18:16:54.822+0000] {standard_task_runner.py:104} INFO - Running: ['***', 'tasks', 'run', 'parse_iot', 'sort_in_out', 'scheduled__2026-02-10T10:00:00+00:00', '--job-id', '121', '--raw', '--subdir', 'DAGS_FOLDER/parse_iot.py', '--cfg-path', '/tmp/tmpgpzklaqy']
[2026-02-14T18:16:54.823+0000] {standard_task_runner.py:105} INFO - Job 121: Subtask sort_in_out
[2026-02-14T18:16:54.832+0000] {warnings.py:109} WARNING - /home/***/.local/lib/python3.9/site-packages/***/settings.py:209: DeprecationWarning: The sql_alchemy_conn option in [core] has been moved to the sql_alchemy_conn option in [database] - the old setting has been used, but please update your config.
  SQL_ALCHEMY_CONN = conf.get("database", "SQL_ALCHEMY_CONN")

[2026-02-14T18:16:54.853+0000] {task_command.py:467} INFO - Running <TaskInstance: parse_iot.sort_in_out scheduled__2026-02-10T10:00:00+00:00 [running]> on host bb762b62a2c2
[2026-02-14T18:16:54.854+0000] {warnings.py:109} WARNING - /home/***/.local/lib/python3.9/site-packages/***/settings.py:470: DeprecationWarning: The sql_alchemy_conn option in [core] has been moved to the sql_alchemy_conn option in [database] - the old setting has been used, but please update your config.
  if conf.get("database", "sql_alchemy_conn") == "none://":

[2026-02-14T18:16:54.904+0000] {taskinstance.py:3134} INFO - Exporting env vars: AIRFLOW_CTX_DAG_OWNER='a.sorokin' AIRFLOW_CTX_DAG_ID='parse_iot' AIRFLOW_CTX_TASK_ID='sort_in_out' AIRFLOW_CTX_EXECUTION_DATE='2026-02-10T10:00:00+00:00' AIRFLOW_CTX_TRY_NUMBER='1' AIRFLOW_CTX_DAG_RUN_ID='scheduled__2026-02-10T10:00:00+00:00'
[2026-02-14T18:16:54.904+0000] {taskinstance.py:732} INFO - ::endgroup::
[2026-02-14T18:16:54.912+0000] {parse_iot.py:102} INFO - text
[2026-02-14T18:16:54.912+0000] {python.py:240} INFO - Done. Returned value was: None
[2026-02-14T18:16:54.918+0000] {taskinstance.py:341} INFO - ::group::Post task execution logs
[2026-02-14T18:16:54.919+0000] {taskinstance.py:353} INFO - Marking task as SUCCESS. dag_id=parse_iot, task_id=sort_in_out, run_id=scheduled__2026-02-10T10:00:00+00:00, execution_date=20260210T100000, start_date=20260214T181654, end_date=20260214T181654
[2026-02-14T18:16:54.954+0000] {local_task_job_runner.py:266} INFO - Task exited with return code 0
[2026-02-14T18:16:54.971+0000] {taskinstance.py:3901} INFO - 0 downstream tasks scheduled from follow-on schedule check
[2026-02-14T18:16:54.972+0000] {local_task_job_runner.py:245} INFO - ::endgroup::
[2026-02-16T14:49:17.690+0000] {local_task_job_runner.py:123} INFO - ::group::Pre task execution logs
[2026-02-16T14:49:17.707+0000] {taskinstance.py:2614} INFO - Dependencies all met for dep_context=non-requeueable deps ti=<TaskInstance: parse_iot.sort_in_out scheduled__2026-02-10T10:00:00+00:00 [queued]>
[2026-02-16T14:49:17.713+0000] {taskinstance.py:2614} INFO - Dependencies all met for dep_context=requeueable deps ti=<TaskInstance: parse_iot.sort_in_out scheduled__2026-02-10T10:00:00+00:00 [queued]>
[2026-02-16T14:49:17.714+0000] {taskinstance.py:2867} INFO - Starting attempt 1 of 4
[2026-02-16T14:49:17.720+0000] {taskinstance.py:2890} INFO - Executing <Task(PythonOperator): sort_in_out> on 2026-02-10 10:00:00+00:00
[2026-02-16T14:49:17.725+0000] {standard_task_runner.py:72} INFO - Started process 734 to run task
[2026-02-16T14:49:17.727+0000] {standard_task_runner.py:104} INFO - Running: ['***', 'tasks', 'run', 'parse_iot', 'sort_in_out', 'scheduled__2026-02-10T10:00:00+00:00', '--job-id', '161', '--raw', '--subdir', 'DAGS_FOLDER/parse_iot.py', '--cfg-path', '/tmp/tmpmn6t0766']
[2026-02-16T14:49:17.729+0000] {standard_task_runner.py:105} INFO - Job 161: Subtask sort_in_out
[2026-02-16T14:49:17.737+0000] {warnings.py:109} WARNING - /home/***/.local/lib/python3.9/site-packages/***/settings.py:209: DeprecationWarning: The sql_alchemy_conn option in [core] has been moved to the sql_alchemy_conn option in [database] - the old setting has been used, but please update your config.
  SQL_ALCHEMY_CONN = conf.get("database", "SQL_ALCHEMY_CONN")

[2026-02-16T14:49:17.757+0000] {task_command.py:467} INFO - Running <TaskInstance: parse_iot.sort_in_out scheduled__2026-02-10T10:00:00+00:00 [running]> on host cd96c4fa192f
[2026-02-16T14:49:17.758+0000] {warnings.py:109} WARNING - /home/***/.local/lib/python3.9/site-packages/***/settings.py:470: DeprecationWarning: The sql_alchemy_conn option in [core] has been moved to the sql_alchemy_conn option in [database] - the old setting has been used, but please update your config.
  if conf.get("database", "sql_alchemy_conn") == "none://":

[2026-02-16T14:49:17.804+0000] {taskinstance.py:3134} INFO - Exporting env vars: AIRFLOW_CTX_DAG_OWNER='a.sorokin' AIRFLOW_CTX_DAG_ID='parse_iot' AIRFLOW_CTX_TASK_ID='sort_in_out' AIRFLOW_CTX_EXECUTION_DATE='2026-02-10T10:00:00+00:00' AIRFLOW_CTX_TRY_NUMBER='1' AIRFLOW_CTX_DAG_RUN_ID='scheduled__2026-02-10T10:00:00+00:00'
[2026-02-16T14:49:17.804+0000] {taskinstance.py:732} INFO - ::endgroup::
[2026-02-16T14:49:17.811+0000] {parse_iot.py:102} INFO - text
[2026-02-16T14:49:17.811+0000] {python.py:240} INFO - Done. Returned value was: None
[2026-02-16T14:49:17.818+0000] {taskinstance.py:341} INFO - ::group::Post task execution logs
[2026-02-16T14:49:17.818+0000] {taskinstance.py:353} INFO - Marking task as SUCCESS. dag_id=parse_iot, task_id=sort_in_out, run_id=scheduled__2026-02-10T10:00:00+00:00, execution_date=20260210T100000, start_date=20260216T144917, end_date=20260216T144917
[2026-02-16T14:49:17.859+0000] {local_task_job_runner.py:266} INFO - Task exited with return code 0
[2026-02-16T14:49:17.876+0000] {taskinstance.py:3901} INFO - 0 downstream tasks scheduled from follow-on schedule check
[2026-02-16T14:49:17.877+0000] {local_task_job_runner.py:245} INFO - ::endgroup::
[2026-02-16T15:19:29.257+0000] {local_task_job_runner.py:123} INFO - ::group::Pre task execution logs
[2026-02-16T15:19:29.275+0000] {taskinstance.py:2614} INFO - Dependencies all met for dep_context=non-requeueable deps ti=<TaskInstance: parse_iot.sort_in_out scheduled__2026-02-10T10:00:00+00:00 [queued]>
[2026-02-16T15:19:29.283+0000] {taskinstance.py:2614} INFO - Dependencies all met for dep_context=requeueable deps ti=<TaskInstance: parse_iot.sort_in_out scheduled__2026-02-10T10:00:00+00:00 [queued]>
[2026-02-16T15:19:29.284+0000] {taskinstance.py:2867} INFO - Starting attempt 1 of 4
[2026-02-16T15:19:29.291+0000] {taskinstance.py:2890} INFO - Executing <Task(PythonOperator): sort_in_out> on 2026-02-10 10:00:00+00:00
[2026-02-16T15:19:29.297+0000] {standard_task_runner.py:72} INFO - Started process 727 to run task
[2026-02-16T15:19:29.299+0000] {standard_task_runner.py:104} INFO - Running: ['***', 'tasks', 'run', 'parse_iot', 'sort_in_out', 'scheduled__2026-02-10T10:00:00+00:00', '--job-id', '165', '--raw', '--subdir', 'DAGS_FOLDER/parse_iot.py', '--cfg-path', '/tmp/tmph16hntdw']
[2026-02-16T15:19:29.300+0000] {standard_task_runner.py:105} INFO - Job 165: Subtask sort_in_out
[2026-02-16T15:19:29.309+0000] {warnings.py:109} WARNING - /home/***/.local/lib/python3.9/site-packages/***/settings.py:209: DeprecationWarning: The sql_alchemy_conn option in [core] has been moved to the sql_alchemy_conn option in [database] - the old setting has been used, but please update your config.
  SQL_ALCHEMY_CONN = conf.get("database", "SQL_ALCHEMY_CONN")

[2026-02-16T15:19:29.332+0000] {task_command.py:467} INFO - Running <TaskInstance: parse_iot.sort_in_out scheduled__2026-02-10T10:00:00+00:00 [running]> on host fbd3e38838e9
[2026-02-16T15:19:29.332+0000] {warnings.py:109} WARNING - /home/***/.local/lib/python3.9/site-packages/***/settings.py:470: DeprecationWarning: The sql_alchemy_conn option in [core] has been moved to the sql_alchemy_conn option in [database] - the old setting has been used, but please update your config.
  if conf.get("database", "sql_alchemy_conn") == "none://":

[2026-02-16T15:19:29.385+0000] {taskinstance.py:3134} INFO - Exporting env vars: AIRFLOW_CTX_DAG_OWNER='a.sorokin' AIRFLOW_CTX_DAG_ID='parse_iot' AIRFLOW_CTX_TASK_ID='sort_in_out' AIRFLOW_CTX_EXECUTION_DATE='2026-02-10T10:00:00+00:00' AIRFLOW_CTX_TRY_NUMBER='1' AIRFLOW_CTX_DAG_RUN_ID='scheduled__2026-02-10T10:00:00+00:00'
[2026-02-16T15:19:29.386+0000] {taskinstance.py:732} INFO - ::endgroup::
[2026-02-16T15:19:29.394+0000] {parse_iot.py:102} INFO - text
[2026-02-16T15:19:29.394+0000] {python.py:240} INFO - Done. Returned value was: None
[2026-02-16T15:19:29.400+0000] {taskinstance.py:341} INFO - ::group::Post task execution logs
[2026-02-16T15:19:29.401+0000] {taskinstance.py:353} INFO - Marking task as SUCCESS. dag_id=parse_iot, task_id=sort_in_out, run_id=scheduled__2026-02-10T10:00:00+00:00, execution_date=20260210T100000, start_date=20260216T151929, end_date=20260216T151929
[2026-02-16T15:19:29.431+0000] {local_task_job_runner.py:266} INFO - Task exited with return code 0
[2026-02-16T15:19:29.451+0000] {taskinstance.py:3901} INFO - 0 downstream tasks scheduled from follow-on schedule check
[2026-02-16T15:19:29.453+0000] {local_task_job_runner.py:245} INFO - ::endgroup::
[2026-02-16T15:47:07.380+0000] {local_task_job_runner.py:123} INFO - ::group::Pre task execution logs
[2026-02-16T15:47:07.396+0000] {taskinstance.py:2614} INFO - Dependencies all met for dep_context=non-requeueable deps ti=<TaskInstance: parse_iot.sort_in_out scheduled__2026-02-10T10:00:00+00:00 [queued]>
[2026-02-16T15:47:07.402+0000] {taskinstance.py:2614} INFO - Dependencies all met for dep_context=requeueable deps ti=<TaskInstance: parse_iot.sort_in_out scheduled__2026-02-10T10:00:00+00:00 [queued]>
[2026-02-16T15:47:07.403+0000] {taskinstance.py:2867} INFO - Starting attempt 1 of 4
[2026-02-16T15:47:07.409+0000] {taskinstance.py:2890} INFO - Executing <Task(PythonOperator): sort_in_out> on 2026-02-10 10:00:00+00:00
[2026-02-16T15:47:07.414+0000] {standard_task_runner.py:72} INFO - Started process 715 to run task
[2026-02-16T15:47:07.416+0000] {standard_task_runner.py:104} INFO - Running: ['***', 'tasks', 'run', 'parse_iot', 'sort_in_out', 'scheduled__2026-02-10T10:00:00+00:00', '--job-id', '162', '--raw', '--subdir', 'DAGS_FOLDER/parse_iot.py', '--cfg-path', '/tmp/tmpzwq11302']
[2026-02-16T15:47:07.417+0000] {standard_task_runner.py:105} INFO - Job 162: Subtask sort_in_out
[2026-02-16T15:47:07.425+0000] {warnings.py:109} WARNING - /home/***/.local/lib/python3.9/site-packages/***/settings.py:209: DeprecationWarning: The sql_alchemy_conn option in [core] has been moved to the sql_alchemy_conn option in [database] - the old setting has been used, but please update your config.
  SQL_ALCHEMY_CONN = conf.get("database", "SQL_ALCHEMY_CONN")

[2026-02-16T15:47:07.445+0000] {task_command.py:467} INFO - Running <TaskInstance: parse_iot.sort_in_out scheduled__2026-02-10T10:00:00+00:00 [running]> on host 6ef9a94e694d
[2026-02-16T15:47:07.445+0000] {warnings.py:109} WARNING - /home/***/.local/lib/python3.9/site-packages/***/settings.py:470: DeprecationWarning: The sql_alchemy_conn option in [core] has been moved to the sql_alchemy_conn option in [database] - the old setting has been used, but please update your config.
  if conf.get("database", "sql_alchemy_conn") == "none://":

[2026-02-16T15:47:07.489+0000] {taskinstance.py:3134} INFO - Exporting env vars: AIRFLOW_CTX_DAG_OWNER='a.sorokin' AIRFLOW_CTX_DAG_ID='parse_iot' AIRFLOW_CTX_TASK_ID='sort_in_out' AIRFLOW_CTX_EXECUTION_DATE='2026-02-10T10:00:00+00:00' AIRFLOW_CTX_TRY_NUMBER='1' AIRFLOW_CTX_DAG_RUN_ID='scheduled__2026-02-10T10:00:00+00:00'
[2026-02-16T15:47:07.490+0000] {taskinstance.py:732} INFO - ::endgroup::
[2026-02-16T15:47:07.497+0000] {parse_iot.py:102} INFO - text
[2026-02-16T15:47:07.497+0000] {python.py:240} INFO - Done. Returned value was: None
[2026-02-16T15:47:07.503+0000] {taskinstance.py:341} INFO - ::group::Post task execution logs
[2026-02-16T15:47:07.503+0000] {taskinstance.py:353} INFO - Marking task as SUCCESS. dag_id=parse_iot, task_id=sort_in_out, run_id=scheduled__2026-02-10T10:00:00+00:00, execution_date=20260210T100000, start_date=20260216T154707, end_date=20260216T154707
[2026-02-16T15:47:07.547+0000] {local_task_job_runner.py:266} INFO - Task exited with return code 0
[2026-02-16T15:47:07.564+0000] {taskinstance.py:3901} INFO - 0 downstream tasks scheduled from follow-on schedule check
[2026-02-16T15:47:07.565+0000] {local_task_job_runner.py:245} INFO - ::endgroup::
