[2026-02-14T00:30:56.767+0000] {local_task_job_runner.py:123} INFO - ::group::Pre task execution logs
[2026-02-14T00:30:56.780+0000] {taskinstance.py:2614} INFO - Dependencies all met for dep_context=non-requeueable deps ti=<TaskInstance: simple_postgres_etl.fill_table manual__2026-02-14T00:30:53.854585+00:00 [queued]>
[2026-02-14T00:30:56.786+0000] {taskinstance.py:2614} INFO - Dependencies all met for dep_context=requeueable deps ti=<TaskInstance: simple_postgres_etl.fill_table manual__2026-02-14T00:30:53.854585+00:00 [queued]>
[2026-02-14T00:30:56.787+0000] {taskinstance.py:2867} INFO - Starting attempt 1 of 1
[2026-02-14T00:30:56.793+0000] {taskinstance.py:2890} INFO - Executing <Task(SQLExecuteQueryOperator): fill_table> on 2026-02-14 00:30:53.854585+00:00
[2026-02-14T00:30:56.797+0000] {standard_task_runner.py:72} INFO - Started process 141 to run task
[2026-02-14T00:30:56.799+0000] {standard_task_runner.py:104} INFO - Running: ['***', 'tasks', 'run', 'simple_postgres_etl', 'fill_table', 'manual__2026-02-14T00:30:53.854585+00:00', '--job-id', '19', '--raw', '--subdir', 'DAGS_FOLDER/123.py', '--cfg-path', '/tmp/tmpwn8odav1']
[2026-02-14T00:30:56.800+0000] {standard_task_runner.py:105} INFO - Job 19: Subtask fill_table
[2026-02-14T00:30:56.808+0000] {warnings.py:109} WARNING - /home/***/.local/lib/python3.9/site-packages/***/settings.py:209: DeprecationWarning: The sql_alchemy_conn option in [core] has been moved to the sql_alchemy_conn option in [database] - the old setting has been used, but please update your config.
  SQL_ALCHEMY_CONN = conf.get("database", "SQL_ALCHEMY_CONN")

[2026-02-14T00:30:56.828+0000] {task_command.py:467} INFO - Running <TaskInstance: simple_postgres_etl.fill_table manual__2026-02-14T00:30:53.854585+00:00 [running]> on host b58edd37553d
[2026-02-14T00:30:56.873+0000] {taskinstance.py:3134} INFO - Exporting env vars: AIRFLOW_CTX_DAG_OWNER='***' AIRFLOW_CTX_DAG_ID='simple_postgres_etl' AIRFLOW_CTX_TASK_ID='fill_table' AIRFLOW_CTX_EXECUTION_DATE='2026-02-14T00:30:53.854585+00:00' AIRFLOW_CTX_TRY_NUMBER='1' AIRFLOW_CTX_DAG_RUN_ID='manual__2026-02-14T00:30:53.854585+00:00'
[2026-02-14T00:30:56.874+0000] {taskinstance.py:732} INFO - ::endgroup::
[2026-02-14T00:30:56.881+0000] {sql.py:295} INFO - Executing: 
INSERT INTO users (name, signup_date) VALUES 
('Alice', '2023-01-01'),
('Bob', '2023-01-02'),
('Charlie', '2023-01-03');
[2026-02-14T00:30:56.890+0000] {base.py:84} INFO - Retrieving connection 'postrges-db'
[2026-02-14T00:30:56.896+0000] {base.py:84} INFO - Retrieving connection 'postrges-db'
[2026-02-14T00:30:56.900+0000] {sql.py:511} INFO - Running statement: 
INSERT INTO users (name, signup_date) VALUES 
('Alice', '2023-01-01'),
('Bob', '2023-01-02'),
('Charlie', '2023-01-03');, parameters: None
[2026-02-14T00:30:56.901+0000] {sql.py:520} INFO - Rows affected: 3
[2026-02-14T00:30:56.901+0000] {warnings.py:109} WARNING - /home/***/.local/lib/python3.9/site-packages/***/providers/common/sql/hooks/sql.py:470: DeprecationWarning: Import of fetch_all_handler from the '***.providers.common.sql.hooks' module is deprecated and will
be removed in the future. Please import it from '***.providers.common.sql.hooks.handlers'.
  result = self._make_common_data_structure(handler(cur))

[2026-02-14T00:30:56.901+0000] {warnings.py:109} WARNING - /home/***/.local/lib/python3.9/site-packages/***/providers/common/sql/hooks/sql.py:471: DeprecationWarning: Import of return_single_query_results from the '***.providers.common.sql.hooks' module is deprecated and will
be removed in the future. Please import it from '***.providers.common.sql.hooks.handlers'.
  if return_single_query_results(sql, return_last, split_statements):

[2026-02-14T00:30:56.902+0000] {warnings.py:109} WARNING - /home/***/.local/lib/python3.9/site-packages/***/providers/common/sql/hooks/sql.py:486: DeprecationWarning: Import of return_single_query_results from the '***.providers.common.sql.hooks' module is deprecated and will
be removed in the future. Please import it from '***.providers.common.sql.hooks.handlers'.
  if return_single_query_results(sql, return_last, split_statements):

[2026-02-14T00:30:56.903+0000] {warnings.py:109} WARNING - /home/***/.local/lib/python3.9/site-packages/***/providers/common/sql/operators/sql.py:311: DeprecationWarning: Import of return_single_query_results from the '***.providers.common.sql.hooks' module is deprecated and will
be removed in the future. Please import it from '***.providers.common.sql.hooks.handlers'.
  if return_single_query_results(self.sql, self.return_last, self.split_statements):

[2026-02-14T00:30:56.909+0000] {taskinstance.py:341} INFO - ::group::Post task execution logs
[2026-02-14T00:30:56.909+0000] {taskinstance.py:353} INFO - Marking task as SUCCESS. dag_id=simple_***_etl, task_id=fill_table, run_id=manual__2026-02-14T00:30:53.854585+00:00, execution_date=20260214T003053, start_date=20260214T003056, end_date=20260214T003056
[2026-02-14T00:30:56.931+0000] {local_task_job_runner.py:266} INFO - Task exited with return code 0
[2026-02-14T00:30:56.941+0000] {taskinstance.py:3901} INFO - 0 downstream tasks scheduled from follow-on schedule check
[2026-02-14T00:30:56.942+0000] {local_task_job_runner.py:245} INFO - ::endgroup::
