[2026-02-02T15:52:31.017+0000] {local_task_job_runner.py:123} INFO - ::group::Pre task execution logs
[2026-02-02T15:52:31.034+0000] {taskinstance.py:2614} INFO - Dependencies all met for dep_context=non-requeueable deps ti=<TaskInstance: parse_iot.check_download_data manual__2026-02-02T14:33:38.636833+00:00 [queued]>
[2026-02-02T15:52:31.041+0000] {taskinstance.py:2614} INFO - Dependencies all met for dep_context=requeueable deps ti=<TaskInstance: parse_iot.check_download_data manual__2026-02-02T14:33:38.636833+00:00 [queued]>
[2026-02-02T15:52:31.041+0000] {taskinstance.py:2867} INFO - Starting attempt 1 of 4
[2026-02-02T15:52:31.048+0000] {taskinstance.py:2890} INFO - Executing <Task(ExternalTaskSensor): check_download_data> on 2026-02-02 14:33:38.636833+00:00
[2026-02-02T15:52:31.052+0000] {standard_task_runner.py:72} INFO - Started process 224 to run task
[2026-02-02T15:52:31.054+0000] {standard_task_runner.py:104} INFO - Running: ['***', 'tasks', 'run', 'parse_iot', 'check_download_data', 'manual__2026-02-02T14:33:38.636833+00:00', '--job-id', '71', '--raw', '--subdir', 'DAGS_FOLDER/parse_iot.py', '--cfg-path', '/tmp/tmp79v_x0ka']
[2026-02-02T15:52:31.055+0000] {standard_task_runner.py:105} INFO - Job 71: Subtask check_download_data
[2026-02-02T15:52:31.064+0000] {warnings.py:109} WARNING - /home/***/.local/lib/python3.9/site-packages/***/settings.py:209: DeprecationWarning: The sql_alchemy_conn option in [core] has been moved to the sql_alchemy_conn option in [database] - the old setting has been used, but please update your config.
  SQL_ALCHEMY_CONN = conf.get("database", "SQL_ALCHEMY_CONN")

[2026-02-02T15:52:31.084+0000] {task_command.py:467} INFO - Running <TaskInstance: parse_iot.check_download_data manual__2026-02-02T14:33:38.636833+00:00 [running]> on host 62d0328142ca
[2026-02-02T15:52:31.133+0000] {taskinstance.py:3134} INFO - Exporting env vars: AIRFLOW_CTX_DAG_OWNER='a.sorokin' AIRFLOW_CTX_DAG_ID='parse_iot' AIRFLOW_CTX_TASK_ID='check_download_data' AIRFLOW_CTX_EXECUTION_DATE='2026-02-02T14:33:38.636833+00:00' AIRFLOW_CTX_TRY_NUMBER='1' AIRFLOW_CTX_DAG_RUN_ID='manual__2026-02-02T14:33:38.636833+00:00'
[2026-02-02T15:52:31.133+0000] {taskinstance.py:732} INFO - ::endgroup::
[2026-02-02T15:52:31.142+0000] {baseoperator.py:423} WARNING - ExternalTaskSensor.execute cannot be called outside TaskInstance!
[2026-02-02T15:52:31.149+0000] {external_task.py:274} INFO - Poking for DAG 'download_iot' on 2026-02-02T14:33:38.636833+00:00 ... 
[2026-02-02T15:52:31.149+0000] {warnings.py:109} WARNING - /home/***/.local/lib/python3.9/site-packages/***/utils/session.py:97: DeprecationWarning: This method is deprecated and will be removed in future.
  return func(*args, session=session, **kwargs)

[2026-02-02T15:52:31.167+0000] {taskinstance.py:310} INFO - Rescheduling task, marking task as UP_FOR_RESCHEDULE
[2026-02-02T15:52:31.167+0000] {taskinstance.py:341} INFO - ::group::Post task execution logs
[2026-02-02T15:52:31.186+0000] {local_task_job_runner.py:266} INFO - Task exited with return code 0
[2026-02-02T15:52:31.207+0000] {taskinstance.py:3901} INFO - 0 downstream tasks scheduled from follow-on schedule check
[2026-02-02T15:52:31.208+0000] {local_task_job_runner.py:245} INFO - ::endgroup::
[2026-02-02T15:53:31.567+0000] {local_task_job_runner.py:123} INFO - ::group::Pre task execution logs
[2026-02-02T15:53:31.583+0000] {taskinstance.py:2614} INFO - Dependencies all met for dep_context=non-requeueable deps ti=<TaskInstance: parse_iot.check_download_data manual__2026-02-02T14:33:38.636833+00:00 [queued]>
[2026-02-02T15:53:31.590+0000] {taskinstance.py:2614} INFO - Dependencies all met for dep_context=requeueable deps ti=<TaskInstance: parse_iot.check_download_data manual__2026-02-02T14:33:38.636833+00:00 [queued]>
[2026-02-02T15:53:31.590+0000] {taskinstance.py:2867} INFO - Starting attempt 1 of 4
[2026-02-02T15:53:31.597+0000] {taskinstance.py:2890} INFO - Executing <Task(ExternalTaskSensor): check_download_data> on 2026-02-02 14:33:38.636833+00:00
[2026-02-02T15:53:31.601+0000] {standard_task_runner.py:72} INFO - Started process 227 to run task
[2026-02-02T15:53:31.603+0000] {standard_task_runner.py:104} INFO - Running: ['***', 'tasks', 'run', 'parse_iot', 'check_download_data', 'manual__2026-02-02T14:33:38.636833+00:00', '--job-id', '72', '--raw', '--subdir', 'DAGS_FOLDER/parse_iot.py', '--cfg-path', '/tmp/tmpsou2xl5q']
[2026-02-02T15:53:31.604+0000] {standard_task_runner.py:105} INFO - Job 72: Subtask check_download_data
[2026-02-02T15:53:31.612+0000] {warnings.py:109} WARNING - /home/***/.local/lib/python3.9/site-packages/***/settings.py:209: DeprecationWarning: The sql_alchemy_conn option in [core] has been moved to the sql_alchemy_conn option in [database] - the old setting has been used, but please update your config.
  SQL_ALCHEMY_CONN = conf.get("database", "SQL_ALCHEMY_CONN")

[2026-02-02T15:53:31.636+0000] {task_command.py:467} INFO - Running <TaskInstance: parse_iot.check_download_data manual__2026-02-02T14:33:38.636833+00:00 [running]> on host 62d0328142ca
[2026-02-02T15:53:31.685+0000] {taskinstance.py:3134} INFO - Exporting env vars: AIRFLOW_CTX_DAG_OWNER='a.sorokin' AIRFLOW_CTX_DAG_ID='parse_iot' AIRFLOW_CTX_TASK_ID='check_download_data' AIRFLOW_CTX_EXECUTION_DATE='2026-02-02T14:33:38.636833+00:00' AIRFLOW_CTX_TRY_NUMBER='1' AIRFLOW_CTX_DAG_RUN_ID='manual__2026-02-02T14:33:38.636833+00:00'
[2026-02-02T15:53:31.685+0000] {taskinstance.py:732} INFO - ::endgroup::
[2026-02-02T15:53:31.694+0000] {baseoperator.py:423} WARNING - ExternalTaskSensor.execute cannot be called outside TaskInstance!
[2026-02-02T15:53:31.700+0000] {external_task.py:274} INFO - Poking for DAG 'download_iot' on 2026-02-02T14:33:38.636833+00:00 ... 
[2026-02-02T15:53:31.700+0000] {warnings.py:109} WARNING - /home/***/.local/lib/python3.9/site-packages/***/utils/session.py:97: DeprecationWarning: This method is deprecated and will be removed in future.
  return func(*args, session=session, **kwargs)

[2026-02-02T15:53:31.718+0000] {taskinstance.py:310} INFO - Rescheduling task, marking task as UP_FOR_RESCHEDULE
[2026-02-02T15:53:31.719+0000] {taskinstance.py:341} INFO - ::group::Post task execution logs
[2026-02-02T15:53:31.734+0000] {local_task_job_runner.py:266} INFO - Task exited with return code 0
[2026-02-02T15:53:31.756+0000] {taskinstance.py:3901} INFO - 0 downstream tasks scheduled from follow-on schedule check
[2026-02-02T15:53:31.758+0000] {local_task_job_runner.py:245} INFO - ::endgroup::
[2026-02-02T15:54:32.235+0000] {local_task_job_runner.py:123} INFO - ::group::Pre task execution logs
[2026-02-02T15:54:32.251+0000] {taskinstance.py:2614} INFO - Dependencies all met for dep_context=non-requeueable deps ti=<TaskInstance: parse_iot.check_download_data manual__2026-02-02T14:33:38.636833+00:00 [queued]>
[2026-02-02T15:54:32.258+0000] {taskinstance.py:2614} INFO - Dependencies all met for dep_context=requeueable deps ti=<TaskInstance: parse_iot.check_download_data manual__2026-02-02T14:33:38.636833+00:00 [queued]>
[2026-02-02T15:54:32.258+0000] {taskinstance.py:2867} INFO - Starting attempt 1 of 4
[2026-02-02T15:54:32.264+0000] {taskinstance.py:2890} INFO - Executing <Task(ExternalTaskSensor): check_download_data> on 2026-02-02 14:33:38.636833+00:00
[2026-02-02T15:54:32.268+0000] {standard_task_runner.py:72} INFO - Started process 230 to run task
[2026-02-02T15:54:32.270+0000] {standard_task_runner.py:104} INFO - Running: ['***', 'tasks', 'run', 'parse_iot', 'check_download_data', 'manual__2026-02-02T14:33:38.636833+00:00', '--job-id', '73', '--raw', '--subdir', 'DAGS_FOLDER/parse_iot.py', '--cfg-path', '/tmp/tmp4tq9djxb']
[2026-02-02T15:54:32.272+0000] {standard_task_runner.py:105} INFO - Job 73: Subtask check_download_data
[2026-02-02T15:54:32.280+0000] {warnings.py:109} WARNING - /home/***/.local/lib/python3.9/site-packages/***/settings.py:209: DeprecationWarning: The sql_alchemy_conn option in [core] has been moved to the sql_alchemy_conn option in [database] - the old setting has been used, but please update your config.
  SQL_ALCHEMY_CONN = conf.get("database", "SQL_ALCHEMY_CONN")

[2026-02-02T15:54:32.300+0000] {task_command.py:467} INFO - Running <TaskInstance: parse_iot.check_download_data manual__2026-02-02T14:33:38.636833+00:00 [running]> on host 62d0328142ca
[2026-02-02T15:54:32.348+0000] {taskinstance.py:3134} INFO - Exporting env vars: AIRFLOW_CTX_DAG_OWNER='a.sorokin' AIRFLOW_CTX_DAG_ID='parse_iot' AIRFLOW_CTX_TASK_ID='check_download_data' AIRFLOW_CTX_EXECUTION_DATE='2026-02-02T14:33:38.636833+00:00' AIRFLOW_CTX_TRY_NUMBER='1' AIRFLOW_CTX_DAG_RUN_ID='manual__2026-02-02T14:33:38.636833+00:00'
[2026-02-02T15:54:32.348+0000] {taskinstance.py:732} INFO - ::endgroup::
[2026-02-02T15:54:32.357+0000] {baseoperator.py:423} WARNING - ExternalTaskSensor.execute cannot be called outside TaskInstance!
[2026-02-02T15:54:32.363+0000] {external_task.py:274} INFO - Poking for DAG 'download_iot' on 2026-02-02T14:33:38.636833+00:00 ... 
[2026-02-02T15:54:32.364+0000] {warnings.py:109} WARNING - /home/***/.local/lib/python3.9/site-packages/***/utils/session.py:97: DeprecationWarning: This method is deprecated and will be removed in future.
  return func(*args, session=session, **kwargs)

[2026-02-02T15:54:32.381+0000] {taskinstance.py:310} INFO - Rescheduling task, marking task as UP_FOR_RESCHEDULE
[2026-02-02T15:54:32.381+0000] {taskinstance.py:341} INFO - ::group::Post task execution logs
[2026-02-02T15:54:32.402+0000] {local_task_job_runner.py:266} INFO - Task exited with return code 0
[2026-02-02T15:54:32.422+0000] {taskinstance.py:3901} INFO - 0 downstream tasks scheduled from follow-on schedule check
[2026-02-02T15:54:32.423+0000] {local_task_job_runner.py:245} INFO - ::endgroup::
[2026-02-02T15:56:21.505+0000] {local_task_job_runner.py:123} INFO - ::group::Pre task execution logs
[2026-02-02T15:56:21.521+0000] {taskinstance.py:2614} INFO - Dependencies all met for dep_context=non-requeueable deps ti=<TaskInstance: parse_iot.check_download_data manual__2026-02-02T14:33:38.636833+00:00 [queued]>
[2026-02-02T15:56:21.528+0000] {taskinstance.py:2614} INFO - Dependencies all met for dep_context=requeueable deps ti=<TaskInstance: parse_iot.check_download_data manual__2026-02-02T14:33:38.636833+00:00 [queued]>
[2026-02-02T15:56:21.528+0000] {taskinstance.py:2867} INFO - Starting attempt 1 of 4
[2026-02-02T15:56:21.535+0000] {taskinstance.py:2890} INFO - Executing <Task(ExternalTaskSensor): check_download_data> on 2026-02-02 14:33:38.636833+00:00
[2026-02-02T15:56:21.538+0000] {standard_task_runner.py:72} INFO - Started process 242 to run task
[2026-02-02T15:56:21.540+0000] {standard_task_runner.py:104} INFO - Running: ['***', 'tasks', 'run', 'parse_iot', 'check_download_data', 'manual__2026-02-02T14:33:38.636833+00:00', '--job-id', '77', '--raw', '--subdir', 'DAGS_FOLDER/parse_iot.py', '--cfg-path', '/tmp/tmptly_vnpc']
[2026-02-02T15:56:21.542+0000] {standard_task_runner.py:105} INFO - Job 77: Subtask check_download_data
[2026-02-02T15:56:21.551+0000] {warnings.py:109} WARNING - /home/***/.local/lib/python3.9/site-packages/***/settings.py:209: DeprecationWarning: The sql_alchemy_conn option in [core] has been moved to the sql_alchemy_conn option in [database] - the old setting has been used, but please update your config.
  SQL_ALCHEMY_CONN = conf.get("database", "SQL_ALCHEMY_CONN")

[2026-02-02T15:56:21.571+0000] {task_command.py:467} INFO - Running <TaskInstance: parse_iot.check_download_data manual__2026-02-02T14:33:38.636833+00:00 [running]> on host 62d0328142ca
[2026-02-02T15:56:21.618+0000] {taskinstance.py:3134} INFO - Exporting env vars: AIRFLOW_CTX_DAG_OWNER='a.sorokin' AIRFLOW_CTX_DAG_ID='parse_iot' AIRFLOW_CTX_TASK_ID='check_download_data' AIRFLOW_CTX_EXECUTION_DATE='2026-02-02T14:33:38.636833+00:00' AIRFLOW_CTX_TRY_NUMBER='1' AIRFLOW_CTX_DAG_RUN_ID='manual__2026-02-02T14:33:38.636833+00:00'
[2026-02-02T15:56:21.619+0000] {taskinstance.py:732} INFO - ::endgroup::
[2026-02-02T15:56:21.629+0000] {baseoperator.py:423} WARNING - ExternalTaskSensor.execute cannot be called outside TaskInstance!
[2026-02-02T15:56:21.635+0000] {external_task.py:274} INFO - Poking for DAG 'download_iot' on 2026-02-02T14:33:38.636833+00:00 ... 
[2026-02-02T15:56:21.635+0000] {warnings.py:109} WARNING - /home/***/.local/lib/python3.9/site-packages/***/utils/session.py:97: DeprecationWarning: This method is deprecated and will be removed in future.
  return func(*args, session=session, **kwargs)

[2026-02-02T15:56:21.652+0000] {taskinstance.py:310} INFO - Rescheduling task, marking task as UP_FOR_RESCHEDULE
[2026-02-02T15:56:21.652+0000] {taskinstance.py:341} INFO - ::group::Post task execution logs
[2026-02-02T15:56:21.672+0000] {local_task_job_runner.py:266} INFO - Task exited with return code 0
[2026-02-02T15:56:21.694+0000] {taskinstance.py:3901} INFO - 0 downstream tasks scheduled from follow-on schedule check
[2026-02-02T15:56:21.695+0000] {local_task_job_runner.py:245} INFO - ::endgroup::
[2026-02-02T15:57:22.224+0000] {local_task_job_runner.py:123} INFO - ::group::Pre task execution logs
[2026-02-02T15:57:22.244+0000] {taskinstance.py:2614} INFO - Dependencies all met for dep_context=non-requeueable deps ti=<TaskInstance: parse_iot.check_download_data manual__2026-02-02T14:33:38.636833+00:00 [queued]>
[2026-02-02T15:57:22.251+0000] {taskinstance.py:2614} INFO - Dependencies all met for dep_context=requeueable deps ti=<TaskInstance: parse_iot.check_download_data manual__2026-02-02T14:33:38.636833+00:00 [queued]>
[2026-02-02T15:57:22.251+0000] {taskinstance.py:2867} INFO - Starting attempt 1 of 4
[2026-02-02T15:57:22.259+0000] {taskinstance.py:2890} INFO - Executing <Task(ExternalTaskSensor): check_download_data> on 2026-02-02 14:33:38.636833+00:00
[2026-02-02T15:57:22.263+0000] {standard_task_runner.py:72} INFO - Started process 251 to run task
[2026-02-02T15:57:22.266+0000] {standard_task_runner.py:104} INFO - Running: ['***', 'tasks', 'run', 'parse_iot', 'check_download_data', 'manual__2026-02-02T14:33:38.636833+00:00', '--job-id', '80', '--raw', '--subdir', 'DAGS_FOLDER/parse_iot.py', '--cfg-path', '/tmp/tmpcyhjmmn5']
[2026-02-02T15:57:22.267+0000] {standard_task_runner.py:105} INFO - Job 80: Subtask check_download_data
[2026-02-02T15:57:22.276+0000] {warnings.py:109} WARNING - /home/***/.local/lib/python3.9/site-packages/***/settings.py:209: DeprecationWarning: The sql_alchemy_conn option in [core] has been moved to the sql_alchemy_conn option in [database] - the old setting has been used, but please update your config.
  SQL_ALCHEMY_CONN = conf.get("database", "SQL_ALCHEMY_CONN")

[2026-02-02T15:57:22.296+0000] {task_command.py:467} INFO - Running <TaskInstance: parse_iot.check_download_data manual__2026-02-02T14:33:38.636833+00:00 [running]> on host 62d0328142ca
[2026-02-02T15:57:22.342+0000] {taskinstance.py:3134} INFO - Exporting env vars: AIRFLOW_CTX_DAG_OWNER='a.sorokin' AIRFLOW_CTX_DAG_ID='parse_iot' AIRFLOW_CTX_TASK_ID='check_download_data' AIRFLOW_CTX_EXECUTION_DATE='2026-02-02T14:33:38.636833+00:00' AIRFLOW_CTX_TRY_NUMBER='1' AIRFLOW_CTX_DAG_RUN_ID='manual__2026-02-02T14:33:38.636833+00:00'
[2026-02-02T15:57:22.343+0000] {taskinstance.py:732} INFO - ::endgroup::
[2026-02-02T15:57:22.350+0000] {baseoperator.py:423} WARNING - ExternalTaskSensor.execute cannot be called outside TaskInstance!
[2026-02-02T15:57:22.356+0000] {external_task.py:274} INFO - Poking for DAG 'download_iot' on 2026-02-02T14:33:38.636833+00:00 ... 
[2026-02-02T15:57:22.357+0000] {warnings.py:109} WARNING - /home/***/.local/lib/python3.9/site-packages/***/utils/session.py:97: DeprecationWarning: This method is deprecated and will be removed in future.
  return func(*args, session=session, **kwargs)

[2026-02-02T15:57:22.373+0000] {taskinstance.py:310} INFO - Rescheduling task, marking task as UP_FOR_RESCHEDULE
[2026-02-02T15:57:22.373+0000] {taskinstance.py:341} INFO - ::group::Post task execution logs
[2026-02-02T15:57:22.397+0000] {local_task_job_runner.py:266} INFO - Task exited with return code 0
[2026-02-02T15:57:22.418+0000] {taskinstance.py:3901} INFO - 0 downstream tasks scheduled from follow-on schedule check
[2026-02-02T15:57:22.419+0000] {local_task_job_runner.py:245} INFO - ::endgroup::
[2026-02-02T15:58:23.748+0000] {local_task_job_runner.py:123} INFO - ::group::Pre task execution logs
[2026-02-02T15:58:23.764+0000] {taskinstance.py:2614} INFO - Dependencies all met for dep_context=non-requeueable deps ti=<TaskInstance: parse_iot.check_download_data manual__2026-02-02T14:33:38.636833+00:00 [queued]>
[2026-02-02T15:58:23.770+0000] {taskinstance.py:2614} INFO - Dependencies all met for dep_context=requeueable deps ti=<TaskInstance: parse_iot.check_download_data manual__2026-02-02T14:33:38.636833+00:00 [queued]>
[2026-02-02T15:58:23.771+0000] {taskinstance.py:2867} INFO - Starting attempt 1 of 4
[2026-02-02T15:58:23.777+0000] {taskinstance.py:2890} INFO - Executing <Task(ExternalTaskSensor): check_download_data> on 2026-02-02 14:33:38.636833+00:00
[2026-02-02T15:58:23.781+0000] {standard_task_runner.py:72} INFO - Started process 257 to run task
[2026-02-02T15:58:23.783+0000] {standard_task_runner.py:104} INFO - Running: ['***', 'tasks', 'run', 'parse_iot', 'check_download_data', 'manual__2026-02-02T14:33:38.636833+00:00', '--job-id', '82', '--raw', '--subdir', 'DAGS_FOLDER/parse_iot.py', '--cfg-path', '/tmp/tmpn860ty2h']
[2026-02-02T15:58:23.785+0000] {standard_task_runner.py:105} INFO - Job 82: Subtask check_download_data
[2026-02-02T15:58:23.793+0000] {warnings.py:109} WARNING - /home/***/.local/lib/python3.9/site-packages/***/settings.py:209: DeprecationWarning: The sql_alchemy_conn option in [core] has been moved to the sql_alchemy_conn option in [database] - the old setting has been used, but please update your config.
  SQL_ALCHEMY_CONN = conf.get("database", "SQL_ALCHEMY_CONN")

[2026-02-02T15:58:23.812+0000] {task_command.py:467} INFO - Running <TaskInstance: parse_iot.check_download_data manual__2026-02-02T14:33:38.636833+00:00 [running]> on host 62d0328142ca
[2026-02-02T15:58:23.868+0000] {taskinstance.py:3134} INFO - Exporting env vars: AIRFLOW_CTX_DAG_OWNER='a.sorokin' AIRFLOW_CTX_DAG_ID='parse_iot' AIRFLOW_CTX_TASK_ID='check_download_data' AIRFLOW_CTX_EXECUTION_DATE='2026-02-02T14:33:38.636833+00:00' AIRFLOW_CTX_TRY_NUMBER='1' AIRFLOW_CTX_DAG_RUN_ID='manual__2026-02-02T14:33:38.636833+00:00'
[2026-02-02T15:58:23.868+0000] {taskinstance.py:732} INFO - ::endgroup::
[2026-02-02T15:58:23.878+0000] {baseoperator.py:423} WARNING - ExternalTaskSensor.execute cannot be called outside TaskInstance!
[2026-02-02T15:58:23.883+0000] {external_task.py:274} INFO - Poking for DAG 'download_iot' on 2026-02-02T14:33:38.636833+00:00 ... 
[2026-02-02T15:58:23.884+0000] {warnings.py:109} WARNING - /home/***/.local/lib/python3.9/site-packages/***/utils/session.py:97: DeprecationWarning: This method is deprecated and will be removed in future.
  return func(*args, session=session, **kwargs)

[2026-02-02T15:58:23.900+0000] {taskinstance.py:310} INFO - Rescheduling task, marking task as UP_FOR_RESCHEDULE
[2026-02-02T15:58:23.900+0000] {taskinstance.py:341} INFO - ::group::Post task execution logs
[2026-02-02T15:58:23.915+0000] {local_task_job_runner.py:266} INFO - Task exited with return code 0
[2026-02-02T15:58:23.935+0000] {taskinstance.py:3901} INFO - 0 downstream tasks scheduled from follow-on schedule check
[2026-02-02T15:58:23.936+0000] {local_task_job_runner.py:245} INFO - ::endgroup::
