[2026-02-14T18:04:28.338+0000] {local_task_job_runner.py:123} INFO - ::group::Pre task execution logs
[2026-02-14T18:04:28.350+0000] {taskinstance.py:2614} INFO - Dependencies all met for dep_context=non-requeueable deps ti=<TaskInstance: load_postgres.load_csv_to_postgres scheduled__2026-02-01T10:00:00+00:00 [queued]>
[2026-02-14T18:04:28.355+0000] {taskinstance.py:2614} INFO - Dependencies all met for dep_context=requeueable deps ti=<TaskInstance: load_postgres.load_csv_to_postgres scheduled__2026-02-01T10:00:00+00:00 [queued]>
[2026-02-14T18:04:28.355+0000] {taskinstance.py:2867} INFO - Starting attempt 1 of 4
[2026-02-14T18:04:28.362+0000] {taskinstance.py:2890} INFO - Executing <Task(PythonOperator): load_csv_to_postgres> on 2026-02-01 10:00:00+00:00
[2026-02-14T18:04:28.367+0000] {standard_task_runner.py:72} INFO - Started process 995 to run task
[2026-02-14T18:04:28.369+0000] {standard_task_runner.py:104} INFO - Running: ['***', 'tasks', 'run', 'load_postgres', 'load_csv_to_postgres', 'scheduled__2026-02-01T10:00:00+00:00', '--job-id', '232', '--raw', '--subdir', 'DAGS_FOLDER/load_postrges.py', '--cfg-path', '/tmp/tmp28tfszyx']
[2026-02-14T18:04:28.370+0000] {standard_task_runner.py:105} INFO - Job 232: Subtask load_csv_to_postgres
[2026-02-14T18:04:28.378+0000] {warnings.py:109} WARNING - /home/***/.local/lib/python3.9/site-packages/***/settings.py:209: DeprecationWarning: The sql_alchemy_conn option in [core] has been moved to the sql_alchemy_conn option in [database] - the old setting has been used, but please update your config.
  SQL_ALCHEMY_CONN = conf.get("database", "SQL_ALCHEMY_CONN")

[2026-02-14T18:04:28.401+0000] {task_command.py:467} INFO - Running <TaskInstance: load_postgres.load_csv_to_postgres scheduled__2026-02-01T10:00:00+00:00 [running]> on host 9052c134cdec
[2026-02-14T18:04:28.401+0000] {warnings.py:109} WARNING - /home/***/.local/lib/python3.9/site-packages/***/settings.py:470: DeprecationWarning: The sql_alchemy_conn option in [core] has been moved to the sql_alchemy_conn option in [database] - the old setting has been used, but please update your config.
  if conf.get("database", "sql_alchemy_conn") == "none://":

[2026-02-14T18:04:28.445+0000] {taskinstance.py:3134} INFO - Exporting env vars: AIRFLOW_CTX_DAG_OWNER='a.sorokin' AIRFLOW_CTX_DAG_ID='load_postgres' AIRFLOW_CTX_TASK_ID='load_csv_to_postgres' AIRFLOW_CTX_EXECUTION_DATE='2026-02-01T10:00:00+00:00' AIRFLOW_CTX_TRY_NUMBER='1' AIRFLOW_CTX_DAG_RUN_ID='scheduled__2026-02-01T10:00:00+00:00'
[2026-02-14T18:04:28.445+0000] {taskinstance.py:732} INFO - ::endgroup::
[2026-02-14T18:04:28.521+0000] {taskinstance.py:3313} ERROR - Task failed with exception
Traceback (most recent call last):
  File "/home/airflow/.local/lib/python3.9/site-packages/airflow/models/taskinstance.py", line 768, in _execute_task
    result = _execute_callable(context=context, **execute_callable_kwargs)
  File "/home/airflow/.local/lib/python3.9/site-packages/airflow/models/taskinstance.py", line 734, in _execute_callable
    return ExecutionCallableRunner(
  File "/home/airflow/.local/lib/python3.9/site-packages/airflow/utils/operator_helpers.py", line 252, in run
    return self.func(*args, **kwargs)
  File "/home/airflow/.local/lib/python3.9/site-packages/airflow/models/baseoperator.py", line 424, in wrapper
    return func(self, *args, **kwargs)
  File "/home/airflow/.local/lib/python3.9/site-packages/airflow/operators/python.py", line 238, in execute
    return_value = self.execute_callable()
  File "/home/airflow/.local/lib/python3.9/site-packages/airflow/operators/python.py", line 256, in execute_callable
    return runner.run(*self.op_args, **self.op_kwargs)
  File "/home/airflow/.local/lib/python3.9/site-packages/airflow/utils/operator_helpers.py", line 252, in run
    return self.func(*args, **kwargs)
  File "/opt/airflow/dags/load_postrges.py", line 57, in load_csv_to_postgres
    df.to_sql(table_name, hook.get_sqlalchemy_engine(), if_exists='append', index=False)
  File "/home/airflow/.local/lib/python3.9/site-packages/airflow/providers/common/sql/hooks/sql.py", line 253, in get_sqlalchemy_engine
    url = self.sqlalchemy_url
  File "/home/airflow/.local/lib/python3.9/site-packages/airflow/providers/postgres/hooks/postgres.py", line 112, in sqlalchemy_url
    conn = self.connection
  File "/home/airflow/.local/lib/python3.9/site-packages/airflow/providers/common/sql/hooks/sql.py", line 180, in connection
    self._connection = self.get_connection(self.get_conn_id())
  File "/home/airflow/.local/lib/python3.9/site-packages/airflow/hooks/base.py", line 83, in get_connection
    conn = Connection.get_connection_from_secrets(conn_id)
  File "/home/airflow/.local/lib/python3.9/site-packages/airflow/models/connection.py", line 537, in get_connection_from_secrets
    raise AirflowNotFoundException(f"The conn_id `{conn_id}` isn't defined")
airflow.exceptions.AirflowNotFoundException: The conn_id `postgres_default` isn't defined
[2026-02-14T18:04:28.525+0000] {taskinstance.py:1226} INFO - Marking task as UP_FOR_RETRY. dag_id=load_postgres, task_id=load_csv_to_postgres, run_id=scheduled__2026-02-01T10:00:00+00:00, execution_date=20260201T100000, start_date=20260214T180428, end_date=20260214T180428
[2026-02-14T18:04:28.544+0000] {taskinstance.py:341} INFO - ::group::Post task execution logs
[2026-02-14T18:04:28.544+0000] {standard_task_runner.py:124} ERROR - Failed to execute job 232 for task load_csv_to_postgres (The conn_id `postgres_default` isn't defined; 995)
Traceback (most recent call last):
  File "/home/airflow/.local/lib/python3.9/site-packages/airflow/task/task_runner/standard_task_runner.py", line 117, in _start_by_fork
    ret = args.func(args, dag=self.dag)
  File "/home/airflow/.local/lib/python3.9/site-packages/airflow/cli/cli_config.py", line 49, in command
    return func(*args, **kwargs)
  File "/home/airflow/.local/lib/python3.9/site-packages/airflow/utils/cli.py", line 116, in wrapper
    return f(*args, **kwargs)
  File "/home/airflow/.local/lib/python3.9/site-packages/airflow/cli/commands/task_command.py", line 483, in task_run
    task_return_code = _run_task_by_selected_method(args, _dag, ti)
  File "/home/airflow/.local/lib/python3.9/site-packages/airflow/cli/commands/task_command.py", line 256, in _run_task_by_selected_method
    return _run_raw_task(args, ti)
  File "/home/airflow/.local/lib/python3.9/site-packages/airflow/cli/commands/task_command.py", line 341, in _run_raw_task
    return ti._run_raw_task(
  File "/home/airflow/.local/lib/python3.9/site-packages/airflow/utils/session.py", line 97, in wrapper
    return func(*args, session=session, **kwargs)
  File "/home/airflow/.local/lib/python3.9/site-packages/airflow/models/taskinstance.py", line 3006, in _run_raw_task
    return _run_raw_task(
  File "/home/airflow/.local/lib/python3.9/site-packages/airflow/models/taskinstance.py", line 274, in _run_raw_task
    TaskInstance._execute_task_with_callbacks(
  File "/home/airflow/.local/lib/python3.9/site-packages/airflow/models/taskinstance.py", line 3161, in _execute_task_with_callbacks
    result = self._execute_task(context, task_orig)
  File "/home/airflow/.local/lib/python3.9/site-packages/airflow/models/taskinstance.py", line 3185, in _execute_task
    return _execute_task(self, context, task_orig)
  File "/home/airflow/.local/lib/python3.9/site-packages/airflow/models/taskinstance.py", line 768, in _execute_task
    result = _execute_callable(context=context, **execute_callable_kwargs)
  File "/home/airflow/.local/lib/python3.9/site-packages/airflow/models/taskinstance.py", line 734, in _execute_callable
    return ExecutionCallableRunner(
  File "/home/airflow/.local/lib/python3.9/site-packages/airflow/utils/operator_helpers.py", line 252, in run
    return self.func(*args, **kwargs)
  File "/home/airflow/.local/lib/python3.9/site-packages/airflow/models/baseoperator.py", line 424, in wrapper
    return func(self, *args, **kwargs)
  File "/home/airflow/.local/lib/python3.9/site-packages/airflow/operators/python.py", line 238, in execute
    return_value = self.execute_callable()
  File "/home/airflow/.local/lib/python3.9/site-packages/airflow/operators/python.py", line 256, in execute_callable
    return runner.run(*self.op_args, **self.op_kwargs)
  File "/home/airflow/.local/lib/python3.9/site-packages/airflow/utils/operator_helpers.py", line 252, in run
    return self.func(*args, **kwargs)
  File "/opt/airflow/dags/load_postrges.py", line 57, in load_csv_to_postgres
    df.to_sql(table_name, hook.get_sqlalchemy_engine(), if_exists='append', index=False)
  File "/home/airflow/.local/lib/python3.9/site-packages/airflow/providers/common/sql/hooks/sql.py", line 253, in get_sqlalchemy_engine
    url = self.sqlalchemy_url
  File "/home/airflow/.local/lib/python3.9/site-packages/airflow/providers/postgres/hooks/postgres.py", line 112, in sqlalchemy_url
    conn = self.connection
  File "/home/airflow/.local/lib/python3.9/site-packages/airflow/providers/common/sql/hooks/sql.py", line 180, in connection
    self._connection = self.get_connection(self.get_conn_id())
  File "/home/airflow/.local/lib/python3.9/site-packages/airflow/hooks/base.py", line 83, in get_connection
    conn = Connection.get_connection_from_secrets(conn_id)
  File "/home/airflow/.local/lib/python3.9/site-packages/airflow/models/connection.py", line 537, in get_connection_from_secrets
    raise AirflowNotFoundException(f"The conn_id `{conn_id}` isn't defined")
airflow.exceptions.AirflowNotFoundException: The conn_id `postgres_default` isn't defined
[2026-02-14T18:04:28.581+0000] {local_task_job_runner.py:266} INFO - Task exited with return code 1
[2026-02-14T18:04:28.596+0000] {taskinstance.py:3901} INFO - 0 downstream tasks scheduled from follow-on schedule check
[2026-02-14T18:04:28.597+0000] {local_task_job_runner.py:245} INFO - ::endgroup::
[2026-02-14T18:17:14.883+0000] {local_task_job_runner.py:123} INFO - ::group::Pre task execution logs
[2026-02-14T18:17:14.896+0000] {taskinstance.py:2614} INFO - Dependencies all met for dep_context=non-requeueable deps ti=<TaskInstance: load_postgres.load_csv_to_postgres scheduled__2026-02-01T10:00:00+00:00 [queued]>
[2026-02-14T18:17:14.901+0000] {taskinstance.py:2614} INFO - Dependencies all met for dep_context=requeueable deps ti=<TaskInstance: load_postgres.load_csv_to_postgres scheduled__2026-02-01T10:00:00+00:00 [queued]>
[2026-02-14T18:17:14.901+0000] {taskinstance.py:2867} INFO - Starting attempt 1 of 4
[2026-02-14T18:17:14.907+0000] {taskinstance.py:2890} INFO - Executing <Task(PythonOperator): load_csv_to_postgres> on 2026-02-01 10:00:00+00:00
[2026-02-14T18:17:14.912+0000] {standard_task_runner.py:72} INFO - Started process 663 to run task
[2026-02-14T18:17:14.914+0000] {standard_task_runner.py:104} INFO - Running: ['***', 'tasks', 'run', 'load_postgres', 'load_csv_to_postgres', 'scheduled__2026-02-01T10:00:00+00:00', '--job-id', '149', '--raw', '--subdir', 'DAGS_FOLDER/load_postrges.py', '--cfg-path', '/tmp/tmp4y8v64k8']
[2026-02-14T18:17:14.917+0000] {standard_task_runner.py:105} INFO - Job 149: Subtask load_csv_to_postgres
[2026-02-14T18:17:14.925+0000] {warnings.py:109} WARNING - /home/***/.local/lib/python3.9/site-packages/***/settings.py:209: DeprecationWarning: The sql_alchemy_conn option in [core] has been moved to the sql_alchemy_conn option in [database] - the old setting has been used, but please update your config.
  SQL_ALCHEMY_CONN = conf.get("database", "SQL_ALCHEMY_CONN")

[2026-02-14T18:17:14.946+0000] {task_command.py:467} INFO - Running <TaskInstance: load_postgres.load_csv_to_postgres scheduled__2026-02-01T10:00:00+00:00 [running]> on host bb762b62a2c2
[2026-02-14T18:17:14.946+0000] {warnings.py:109} WARNING - /home/***/.local/lib/python3.9/site-packages/***/settings.py:470: DeprecationWarning: The sql_alchemy_conn option in [core] has been moved to the sql_alchemy_conn option in [database] - the old setting has been used, but please update your config.
  if conf.get("database", "sql_alchemy_conn") == "none://":

[2026-02-14T18:17:14.991+0000] {taskinstance.py:3134} INFO - Exporting env vars: AIRFLOW_CTX_DAG_OWNER='a.sorokin' AIRFLOW_CTX_DAG_ID='load_postgres' AIRFLOW_CTX_TASK_ID='load_csv_to_postgres' AIRFLOW_CTX_EXECUTION_DATE='2026-02-01T10:00:00+00:00' AIRFLOW_CTX_TRY_NUMBER='1' AIRFLOW_CTX_DAG_RUN_ID='scheduled__2026-02-01T10:00:00+00:00'
[2026-02-14T18:17:14.992+0000] {taskinstance.py:732} INFO - ::endgroup::
[2026-02-14T18:17:15.073+0000] {base.py:84} INFO - Retrieving connection '***-db'
[2026-02-14T18:17:16.249+0000] {logging_mixin.py:190} INFO - Данные успешно загружены в таблицу raw_data
[2026-02-14T18:17:16.251+0000] {python.py:240} INFO - Done. Returned value was: None
[2026-02-14T18:17:16.257+0000] {taskinstance.py:341} INFO - ::group::Post task execution logs
[2026-02-14T18:17:16.258+0000] {taskinstance.py:353} INFO - Marking task as SUCCESS. dag_id=load_***, task_id=load_csv_to_***, run_id=scheduled__2026-02-01T10:00:00+00:00, execution_date=20260201T100000, start_date=20260214T181714, end_date=20260214T181716
[2026-02-14T18:17:16.289+0000] {local_task_job_runner.py:266} INFO - Task exited with return code 0
[2026-02-14T18:17:16.302+0000] {taskinstance.py:3901} INFO - 0 downstream tasks scheduled from follow-on schedule check
[2026-02-14T18:17:16.303+0000] {local_task_job_runner.py:245} INFO - ::endgroup::
