[2026-02-16T14:49:40.635+0000] {local_task_job_runner.py:123} INFO - ::group::Pre task execution logs
[2026-02-16T14:49:40.650+0000] {taskinstance.py:2614} INFO - Dependencies all met for dep_context=non-requeueable deps ti=<TaskInstance: parse_iot.clean_data scheduled__2026-02-15T10:00:00+00:00 [queued]>
[2026-02-16T14:49:40.656+0000] {taskinstance.py:2614} INFO - Dependencies all met for dep_context=requeueable deps ti=<TaskInstance: parse_iot.clean_data scheduled__2026-02-15T10:00:00+00:00 [queued]>
[2026-02-16T14:49:40.656+0000] {taskinstance.py:2867} INFO - Starting attempt 1 of 4
[2026-02-16T14:49:40.662+0000] {taskinstance.py:2890} INFO - Executing <Task(PythonOperator): clean_data> on 2026-02-15 10:00:00+00:00
[2026-02-16T14:49:40.667+0000] {standard_task_runner.py:72} INFO - Started process 802 to run task
[2026-02-16T14:49:40.669+0000] {standard_task_runner.py:104} INFO - Running: ['***', 'tasks', 'run', 'parse_iot', 'clean_data', 'scheduled__2026-02-15T10:00:00+00:00', '--job-id', '178', '--raw', '--subdir', 'DAGS_FOLDER/parse_iot.py', '--cfg-path', '/tmp/tmppkntkszf']
[2026-02-16T14:49:40.670+0000] {standard_task_runner.py:105} INFO - Job 178: Subtask clean_data
[2026-02-16T14:49:40.678+0000] {warnings.py:109} WARNING - /home/***/.local/lib/python3.9/site-packages/***/settings.py:209: DeprecationWarning: The sql_alchemy_conn option in [core] has been moved to the sql_alchemy_conn option in [database] - the old setting has been used, but please update your config.
  SQL_ALCHEMY_CONN = conf.get("database", "SQL_ALCHEMY_CONN")

[2026-02-16T14:49:40.698+0000] {task_command.py:467} INFO - Running <TaskInstance: parse_iot.clean_data scheduled__2026-02-15T10:00:00+00:00 [running]> on host cd96c4fa192f
[2026-02-16T14:49:40.698+0000] {warnings.py:109} WARNING - /home/***/.local/lib/python3.9/site-packages/***/settings.py:470: DeprecationWarning: The sql_alchemy_conn option in [core] has been moved to the sql_alchemy_conn option in [database] - the old setting has been used, but please update your config.
  if conf.get("database", "sql_alchemy_conn") == "none://":

[2026-02-16T14:49:40.742+0000] {taskinstance.py:3134} INFO - Exporting env vars: AIRFLOW_CTX_DAG_OWNER='a.sorokin' AIRFLOW_CTX_DAG_ID='parse_iot' AIRFLOW_CTX_TASK_ID='clean_data' AIRFLOW_CTX_EXECUTION_DATE='2026-02-15T10:00:00+00:00' AIRFLOW_CTX_TRY_NUMBER='1' AIRFLOW_CTX_DAG_RUN_ID='scheduled__2026-02-15T10:00:00+00:00'
[2026-02-16T14:49:40.743+0000] {taskinstance.py:732} INFO - ::endgroup::
[2026-02-16T14:49:49.281+0000] {python.py:240} INFO - Done. Returned value was: None
[2026-02-16T14:49:49.288+0000] {taskinstance.py:341} INFO - ::group::Post task execution logs
[2026-02-16T14:49:49.288+0000] {taskinstance.py:353} INFO - Marking task as SUCCESS. dag_id=parse_iot, task_id=clean_data, run_id=scheduled__2026-02-15T10:00:00+00:00, execution_date=20260215T100000, start_date=20260216T144940, end_date=20260216T144949
[2026-02-16T14:49:49.326+0000] {local_task_job_runner.py:266} INFO - Task exited with return code 0
[2026-02-16T14:49:49.346+0000] {taskinstance.py:3901} INFO - 1 downstream tasks scheduled from follow-on schedule check
[2026-02-16T14:49:49.347+0000] {local_task_job_runner.py:245} INFO - ::endgroup::
[2026-02-16T15:19:17.492+0000] {local_task_job_runner.py:123} INFO - ::group::Pre task execution logs
[2026-02-16T15:19:17.508+0000] {taskinstance.py:2614} INFO - Dependencies all met for dep_context=non-requeueable deps ti=<TaskInstance: parse_iot.clean_data scheduled__2026-02-15T10:00:00+00:00 [queued]>
[2026-02-16T15:19:17.515+0000] {taskinstance.py:2614} INFO - Dependencies all met for dep_context=requeueable deps ti=<TaskInstance: parse_iot.clean_data scheduled__2026-02-15T10:00:00+00:00 [queued]>
[2026-02-16T15:19:17.515+0000] {taskinstance.py:2867} INFO - Starting attempt 1 of 4
[2026-02-16T15:19:17.522+0000] {taskinstance.py:2890} INFO - Executing <Task(PythonOperator): clean_data> on 2026-02-15 10:00:00+00:00
[2026-02-16T15:19:17.527+0000] {standard_task_runner.py:72} INFO - Started process 715 to run task
[2026-02-16T15:19:17.529+0000] {standard_task_runner.py:104} INFO - Running: ['***', 'tasks', 'run', 'parse_iot', 'clean_data', 'scheduled__2026-02-15T10:00:00+00:00', '--job-id', '162', '--raw', '--subdir', 'DAGS_FOLDER/parse_iot.py', '--cfg-path', '/tmp/tmpt5vq59n7']
[2026-02-16T15:19:17.530+0000] {standard_task_runner.py:105} INFO - Job 162: Subtask clean_data
[2026-02-16T15:19:17.538+0000] {warnings.py:109} WARNING - /home/***/.local/lib/python3.9/site-packages/***/settings.py:209: DeprecationWarning: The sql_alchemy_conn option in [core] has been moved to the sql_alchemy_conn option in [database] - the old setting has been used, but please update your config.
  SQL_ALCHEMY_CONN = conf.get("database", "SQL_ALCHEMY_CONN")

[2026-02-16T15:19:17.560+0000] {task_command.py:467} INFO - Running <TaskInstance: parse_iot.clean_data scheduled__2026-02-15T10:00:00+00:00 [running]> on host fbd3e38838e9
[2026-02-16T15:19:17.560+0000] {warnings.py:109} WARNING - /home/***/.local/lib/python3.9/site-packages/***/settings.py:470: DeprecationWarning: The sql_alchemy_conn option in [core] has been moved to the sql_alchemy_conn option in [database] - the old setting has been used, but please update your config.
  if conf.get("database", "sql_alchemy_conn") == "none://":

[2026-02-16T15:19:17.609+0000] {taskinstance.py:3134} INFO - Exporting env vars: AIRFLOW_CTX_DAG_OWNER='a.sorokin' AIRFLOW_CTX_DAG_ID='parse_iot' AIRFLOW_CTX_TASK_ID='clean_data' AIRFLOW_CTX_EXECUTION_DATE='2026-02-15T10:00:00+00:00' AIRFLOW_CTX_TRY_NUMBER='1' AIRFLOW_CTX_DAG_RUN_ID='scheduled__2026-02-15T10:00:00+00:00'
[2026-02-16T15:19:17.610+0000] {taskinstance.py:732} INFO - ::endgroup::
[2026-02-16T15:19:26.784+0000] {python.py:240} INFO - Done. Returned value was: None
[2026-02-16T15:19:26.790+0000] {taskinstance.py:341} INFO - ::group::Post task execution logs
[2026-02-16T15:19:26.791+0000] {taskinstance.py:353} INFO - Marking task as SUCCESS. dag_id=parse_iot, task_id=clean_data, run_id=scheduled__2026-02-15T10:00:00+00:00, execution_date=20260215T100000, start_date=20260216T151917, end_date=20260216T151926
[2026-02-16T15:19:26.829+0000] {local_task_job_runner.py:266} INFO - Task exited with return code 0
[2026-02-16T15:19:26.847+0000] {taskinstance.py:3901} INFO - 0 downstream tasks scheduled from follow-on schedule check
[2026-02-16T15:19:26.848+0000] {local_task_job_runner.py:245} INFO - ::endgroup::
[2026-02-16T15:47:11.145+0000] {local_task_job_runner.py:123} INFO - ::group::Pre task execution logs
[2026-02-16T15:47:11.161+0000] {taskinstance.py:2614} INFO - Dependencies all met for dep_context=non-requeueable deps ti=<TaskInstance: parse_iot.clean_data scheduled__2026-02-15T10:00:00+00:00 [queued]>
[2026-02-16T15:47:11.167+0000] {taskinstance.py:2614} INFO - Dependencies all met for dep_context=requeueable deps ti=<TaskInstance: parse_iot.clean_data scheduled__2026-02-15T10:00:00+00:00 [queued]>
[2026-02-16T15:47:11.168+0000] {taskinstance.py:2867} INFO - Starting attempt 1 of 4
[2026-02-16T15:47:11.174+0000] {taskinstance.py:2890} INFO - Executing <Task(PythonOperator): clean_data> on 2026-02-15 10:00:00+00:00
[2026-02-16T15:47:11.179+0000] {standard_task_runner.py:72} INFO - Started process 727 to run task
[2026-02-16T15:47:11.181+0000] {standard_task_runner.py:104} INFO - Running: ['***', 'tasks', 'run', 'parse_iot', 'clean_data', 'scheduled__2026-02-15T10:00:00+00:00', '--job-id', '165', '--raw', '--subdir', 'DAGS_FOLDER/parse_iot.py', '--cfg-path', '/tmp/tmp4n1vuwq0']
[2026-02-16T15:47:11.182+0000] {standard_task_runner.py:105} INFO - Job 165: Subtask clean_data
[2026-02-16T15:47:11.190+0000] {warnings.py:109} WARNING - /home/***/.local/lib/python3.9/site-packages/***/settings.py:209: DeprecationWarning: The sql_alchemy_conn option in [core] has been moved to the sql_alchemy_conn option in [database] - the old setting has been used, but please update your config.
  SQL_ALCHEMY_CONN = conf.get("database", "SQL_ALCHEMY_CONN")

[2026-02-16T15:47:11.210+0000] {task_command.py:467} INFO - Running <TaskInstance: parse_iot.clean_data scheduled__2026-02-15T10:00:00+00:00 [running]> on host 6ef9a94e694d
[2026-02-16T15:47:11.210+0000] {warnings.py:109} WARNING - /home/***/.local/lib/python3.9/site-packages/***/settings.py:470: DeprecationWarning: The sql_alchemy_conn option in [core] has been moved to the sql_alchemy_conn option in [database] - the old setting has been used, but please update your config.
  if conf.get("database", "sql_alchemy_conn") == "none://":

[2026-02-16T15:47:11.255+0000] {taskinstance.py:3134} INFO - Exporting env vars: AIRFLOW_CTX_DAG_OWNER='a.sorokin' AIRFLOW_CTX_DAG_ID='parse_iot' AIRFLOW_CTX_TASK_ID='clean_data' AIRFLOW_CTX_EXECUTION_DATE='2026-02-15T10:00:00+00:00' AIRFLOW_CTX_TRY_NUMBER='1' AIRFLOW_CTX_DAG_RUN_ID='scheduled__2026-02-15T10:00:00+00:00'
[2026-02-16T15:47:11.255+0000] {taskinstance.py:732} INFO - ::endgroup::
[2026-02-16T15:47:19.594+0000] {python.py:240} INFO - Done. Returned value was: None
[2026-02-16T15:47:19.600+0000] {taskinstance.py:341} INFO - ::group::Post task execution logs
[2026-02-16T15:47:19.600+0000] {taskinstance.py:353} INFO - Marking task as SUCCESS. dag_id=parse_iot, task_id=clean_data, run_id=scheduled__2026-02-15T10:00:00+00:00, execution_date=20260215T100000, start_date=20260216T154711, end_date=20260216T154719
[2026-02-16T15:47:19.639+0000] {local_task_job_runner.py:266} INFO - Task exited with return code 0
[2026-02-16T15:47:19.656+0000] {taskinstance.py:3901} INFO - 0 downstream tasks scheduled from follow-on schedule check
[2026-02-16T15:47:19.657+0000] {local_task_job_runner.py:245} INFO - ::endgroup::
