[2026-02-14T17:57:25.930+0000] {local_task_job_runner.py:123} INFO - ::group::Pre task execution logs
[2026-02-14T17:57:25.944+0000] {taskinstance.py:2614} INFO - Dependencies all met for dep_context=non-requeueable deps ti=<TaskInstance: load_postgres.check_connect_to_DB scheduled__2026-02-01T10:00:00+00:00 [queued]>
[2026-02-14T17:57:25.950+0000] {taskinstance.py:2614} INFO - Dependencies all met for dep_context=requeueable deps ti=<TaskInstance: load_postgres.check_connect_to_DB scheduled__2026-02-01T10:00:00+00:00 [queued]>
[2026-02-14T17:57:25.950+0000] {taskinstance.py:2867} INFO - Starting attempt 1 of 4
[2026-02-14T17:57:25.958+0000] {taskinstance.py:2890} INFO - Executing <Task(PythonSensor): check_connect_to_DB> on 2026-02-01 10:00:00+00:00
[2026-02-14T17:57:25.962+0000] {standard_task_runner.py:72} INFO - Started process 847 to run task
[2026-02-14T17:57:25.964+0000] {standard_task_runner.py:104} INFO - Running: ['***', 'tasks', 'run', 'load_postgres', 'check_connect_to_DB', 'scheduled__2026-02-01T10:00:00+00:00', '--job-id', '195', '--raw', '--subdir', 'DAGS_FOLDER/load_postrges.py', '--cfg-path', '/tmp/tmpig2pxdhr']
[2026-02-14T17:57:25.966+0000] {standard_task_runner.py:105} INFO - Job 195: Subtask check_connect_to_DB
[2026-02-14T17:57:25.974+0000] {warnings.py:109} WARNING - /home/***/.local/lib/python3.9/site-packages/***/settings.py:209: DeprecationWarning: The sql_alchemy_conn option in [core] has been moved to the sql_alchemy_conn option in [database] - the old setting has been used, but please update your config.
  SQL_ALCHEMY_CONN = conf.get("database", "SQL_ALCHEMY_CONN")

[2026-02-14T17:57:25.996+0000] {task_command.py:467} INFO - Running <TaskInstance: load_postgres.check_connect_to_DB scheduled__2026-02-01T10:00:00+00:00 [running]> on host 9052c134cdec
[2026-02-14T17:57:25.997+0000] {warnings.py:109} WARNING - /home/***/.local/lib/python3.9/site-packages/***/settings.py:470: DeprecationWarning: The sql_alchemy_conn option in [core] has been moved to the sql_alchemy_conn option in [database] - the old setting has been used, but please update your config.
  if conf.get("database", "sql_alchemy_conn") == "none://":

[2026-02-14T17:57:26.040+0000] {taskinstance.py:3134} INFO - Exporting env vars: AIRFLOW_CTX_DAG_OWNER='a.sorokin' AIRFLOW_CTX_DAG_ID='load_postgres' AIRFLOW_CTX_TASK_ID='check_connect_to_DB' AIRFLOW_CTX_EXECUTION_DATE='2026-02-01T10:00:00+00:00' AIRFLOW_CTX_TRY_NUMBER='1' AIRFLOW_CTX_DAG_RUN_ID='scheduled__2026-02-01T10:00:00+00:00'
[2026-02-14T17:57:26.040+0000] {taskinstance.py:732} INFO - ::endgroup::
[2026-02-14T17:57:26.047+0000] {python.py:75} INFO - Poking callable: <function check_connect_to_DB at 0x7eef381ed0d0>
[2026-02-14T17:57:26.053+0000] {taskinstance.py:3313} ERROR - Task failed with exception
Traceback (most recent call last):
  File "/home/airflow/.local/lib/python3.9/site-packages/airflow/models/taskinstance.py", line 768, in _execute_task
    result = _execute_callable(context=context, **execute_callable_kwargs)
  File "/home/airflow/.local/lib/python3.9/site-packages/airflow/models/taskinstance.py", line 734, in _execute_callable
    return ExecutionCallableRunner(
  File "/home/airflow/.local/lib/python3.9/site-packages/airflow/utils/operator_helpers.py", line 252, in run
    return self.func(*args, **kwargs)
  File "/home/airflow/.local/lib/python3.9/site-packages/airflow/models/baseoperator.py", line 424, in wrapper
    return func(self, *args, **kwargs)
  File "/home/airflow/.local/lib/python3.9/site-packages/airflow/sensors/base.py", line 309, in execute
    raise e
  File "/home/airflow/.local/lib/python3.9/site-packages/airflow/sensors/base.py", line 289, in execute
    poke_return = self.poke(context)
  File "/home/airflow/.local/lib/python3.9/site-packages/airflow/sensors/python.py", line 76, in poke
    return_value = self.python_callable(*self.op_args, **self.op_kwargs)
  File "/opt/airflow/dags/load_postrges.py", line 44, in check_connect_to_DB
    raise Exceprion(f"Подключение не удалось {msg}")
NameError: name 'Exceprion' is not defined
[2026-02-14T17:57:26.061+0000] {taskinstance.py:1226} INFO - Marking task as UP_FOR_RETRY. dag_id=load_postgres, task_id=check_connect_to_DB, run_id=scheduled__2026-02-01T10:00:00+00:00, execution_date=20260201T100000, start_date=20260214T175725, end_date=20260214T175726
[2026-02-14T17:57:26.079+0000] {taskinstance.py:341} INFO - ::group::Post task execution logs
[2026-02-14T17:57:26.079+0000] {standard_task_runner.py:124} ERROR - Failed to execute job 195 for task check_connect_to_DB (name 'Exceprion' is not defined; 847)
Traceback (most recent call last):
  File "/home/airflow/.local/lib/python3.9/site-packages/airflow/task/task_runner/standard_task_runner.py", line 117, in _start_by_fork
    ret = args.func(args, dag=self.dag)
  File "/home/airflow/.local/lib/python3.9/site-packages/airflow/cli/cli_config.py", line 49, in command
    return func(*args, **kwargs)
  File "/home/airflow/.local/lib/python3.9/site-packages/airflow/utils/cli.py", line 116, in wrapper
    return f(*args, **kwargs)
  File "/home/airflow/.local/lib/python3.9/site-packages/airflow/cli/commands/task_command.py", line 483, in task_run
    task_return_code = _run_task_by_selected_method(args, _dag, ti)
  File "/home/airflow/.local/lib/python3.9/site-packages/airflow/cli/commands/task_command.py", line 256, in _run_task_by_selected_method
    return _run_raw_task(args, ti)
  File "/home/airflow/.local/lib/python3.9/site-packages/airflow/cli/commands/task_command.py", line 341, in _run_raw_task
    return ti._run_raw_task(
  File "/home/airflow/.local/lib/python3.9/site-packages/airflow/utils/session.py", line 97, in wrapper
    return func(*args, session=session, **kwargs)
  File "/home/airflow/.local/lib/python3.9/site-packages/airflow/models/taskinstance.py", line 3006, in _run_raw_task
    return _run_raw_task(
  File "/home/airflow/.local/lib/python3.9/site-packages/airflow/models/taskinstance.py", line 274, in _run_raw_task
    TaskInstance._execute_task_with_callbacks(
  File "/home/airflow/.local/lib/python3.9/site-packages/airflow/models/taskinstance.py", line 3161, in _execute_task_with_callbacks
    result = self._execute_task(context, task_orig)
  File "/home/airflow/.local/lib/python3.9/site-packages/airflow/models/taskinstance.py", line 3185, in _execute_task
    return _execute_task(self, context, task_orig)
  File "/home/airflow/.local/lib/python3.9/site-packages/airflow/models/taskinstance.py", line 768, in _execute_task
    result = _execute_callable(context=context, **execute_callable_kwargs)
  File "/home/airflow/.local/lib/python3.9/site-packages/airflow/models/taskinstance.py", line 734, in _execute_callable
    return ExecutionCallableRunner(
  File "/home/airflow/.local/lib/python3.9/site-packages/airflow/utils/operator_helpers.py", line 252, in run
    return self.func(*args, **kwargs)
  File "/home/airflow/.local/lib/python3.9/site-packages/airflow/models/baseoperator.py", line 424, in wrapper
    return func(self, *args, **kwargs)
  File "/home/airflow/.local/lib/python3.9/site-packages/airflow/sensors/base.py", line 309, in execute
    raise e
  File "/home/airflow/.local/lib/python3.9/site-packages/airflow/sensors/base.py", line 289, in execute
    poke_return = self.poke(context)
  File "/home/airflow/.local/lib/python3.9/site-packages/airflow/sensors/python.py", line 76, in poke
    return_value = self.python_callable(*self.op_args, **self.op_kwargs)
  File "/opt/airflow/dags/load_postrges.py", line 44, in check_connect_to_DB
    raise Exceprion(f"Подключение не удалось {msg}")
NameError: name 'Exceprion' is not defined
[2026-02-14T17:57:26.096+0000] {local_task_job_runner.py:266} INFO - Task exited with return code 1
[2026-02-14T17:57:26.111+0000] {taskinstance.py:3901} INFO - 0 downstream tasks scheduled from follow-on schedule check
[2026-02-14T17:57:26.112+0000] {local_task_job_runner.py:245} INFO - ::endgroup::
[2026-02-14T18:17:10.021+0000] {local_task_job_runner.py:123} INFO - ::group::Pre task execution logs
[2026-02-14T18:17:10.034+0000] {taskinstance.py:2614} INFO - Dependencies all met for dep_context=non-requeueable deps ti=<TaskInstance: load_postgres.check_connect_to_DB scheduled__2026-02-01T10:00:00+00:00 [queued]>
[2026-02-14T18:17:10.040+0000] {taskinstance.py:2614} INFO - Dependencies all met for dep_context=requeueable deps ti=<TaskInstance: load_postgres.check_connect_to_DB scheduled__2026-02-01T10:00:00+00:00 [queued]>
[2026-02-14T18:17:10.040+0000] {taskinstance.py:2867} INFO - Starting attempt 1 of 4
[2026-02-14T18:17:10.048+0000] {taskinstance.py:2890} INFO - Executing <Task(PythonSensor): check_connect_to_DB> on 2026-02-01 10:00:00+00:00
[2026-02-14T18:17:10.053+0000] {standard_task_runner.py:72} INFO - Started process 637 to run task
[2026-02-14T18:17:10.055+0000] {standard_task_runner.py:104} INFO - Running: ['***', 'tasks', 'run', 'load_postgres', 'check_connect_to_DB', 'scheduled__2026-02-01T10:00:00+00:00', '--job-id', '142', '--raw', '--subdir', 'DAGS_FOLDER/load_postrges.py', '--cfg-path', '/tmp/tmpawgontsr']
[2026-02-14T18:17:10.058+0000] {standard_task_runner.py:105} INFO - Job 142: Subtask check_connect_to_DB
[2026-02-14T18:17:10.067+0000] {warnings.py:109} WARNING - /home/***/.local/lib/python3.9/site-packages/***/settings.py:209: DeprecationWarning: The sql_alchemy_conn option in [core] has been moved to the sql_alchemy_conn option in [database] - the old setting has been used, but please update your config.
  SQL_ALCHEMY_CONN = conf.get("database", "SQL_ALCHEMY_CONN")

[2026-02-14T18:17:10.088+0000] {task_command.py:467} INFO - Running <TaskInstance: load_postgres.check_connect_to_DB scheduled__2026-02-01T10:00:00+00:00 [running]> on host bb762b62a2c2
[2026-02-14T18:17:10.089+0000] {warnings.py:109} WARNING - /home/***/.local/lib/python3.9/site-packages/***/settings.py:470: DeprecationWarning: The sql_alchemy_conn option in [core] has been moved to the sql_alchemy_conn option in [database] - the old setting has been used, but please update your config.
  if conf.get("database", "sql_alchemy_conn") == "none://":

[2026-02-14T18:17:10.138+0000] {taskinstance.py:3134} INFO - Exporting env vars: AIRFLOW_CTX_DAG_OWNER='a.sorokin' AIRFLOW_CTX_DAG_ID='load_postgres' AIRFLOW_CTX_TASK_ID='check_connect_to_DB' AIRFLOW_CTX_EXECUTION_DATE='2026-02-01T10:00:00+00:00' AIRFLOW_CTX_TRY_NUMBER='1' AIRFLOW_CTX_DAG_RUN_ID='scheduled__2026-02-01T10:00:00+00:00'
[2026-02-14T18:17:10.138+0000] {taskinstance.py:732} INFO - ::endgroup::
[2026-02-14T18:17:10.146+0000] {python.py:75} INFO - Poking callable: <function check_connect_to_DB at 0x70c1dade3160>
[2026-02-14T18:17:10.156+0000] {base.py:84} INFO - Retrieving connection '***-db'
[2026-02-14T18:17:10.159+0000] {sql.py:511} INFO - Running statement: select 1, parameters: None
[2026-02-14T18:17:10.160+0000] {sql.py:520} INFO - Rows affected: 1
[2026-02-14T18:17:10.160+0000] {warnings.py:109} WARNING - /home/***/.local/lib/python3.9/site-packages/***/providers/common/sql/hooks/sql.py:470: DeprecationWarning: Import of fetch_one_handler from the '***.providers.common.sql.hooks' module is deprecated and will
be removed in the future. Please import it from '***.providers.common.sql.hooks.handlers'.
  result = self._make_common_data_structure(handler(cur))

[2026-02-14T18:17:10.160+0000] {warnings.py:109} WARNING - /home/***/.local/lib/python3.9/site-packages/***/providers/common/sql/hooks/sql.py:471: DeprecationWarning: Import of return_single_query_results from the '***.providers.common.sql.hooks' module is deprecated and will
be removed in the future. Please import it from '***.providers.common.sql.hooks.handlers'.
  if return_single_query_results(sql, return_last, split_statements):

[2026-02-14T18:17:10.161+0000] {warnings.py:109} WARNING - /home/***/.local/lib/python3.9/site-packages/***/providers/common/sql/hooks/sql.py:486: DeprecationWarning: Import of return_single_query_results from the '***.providers.common.sql.hooks' module is deprecated and will
be removed in the future. Please import it from '***.providers.common.sql.hooks.handlers'.
  if return_single_query_results(sql, return_last, split_statements):

[2026-02-14T18:17:10.161+0000] {logging_mixin.py:190} INFO - Подключение удалось Connection successfully tested
[2026-02-14T18:17:10.161+0000] {base.py:339} INFO - Success criteria met. Exiting.
[2026-02-14T18:17:10.168+0000] {taskinstance.py:341} INFO - ::group::Post task execution logs
[2026-02-14T18:17:10.168+0000] {taskinstance.py:353} INFO - Marking task as SUCCESS. dag_id=load_***, task_id=check_connect_to_DB, run_id=scheduled__2026-02-01T10:00:00+00:00, execution_date=20260201T100000, start_date=20260214T181710, end_date=20260214T181710
[2026-02-14T18:17:10.227+0000] {local_task_job_runner.py:266} INFO - Task exited with return code 0
[2026-02-14T18:17:10.248+0000] {taskinstance.py:3901} INFO - 1 downstream tasks scheduled from follow-on schedule check
[2026-02-14T18:17:10.254+0000] {local_task_job_runner.py:245} INFO - ::endgroup::
[2026-02-16T15:00:36.607+0000] {local_task_job_runner.py:123} INFO - ::group::Pre task execution logs
[2026-02-16T15:00:36.622+0000] {taskinstance.py:2614} INFO - Dependencies all met for dep_context=non-requeueable deps ti=<TaskInstance: load_postgres.check_connect_to_DB scheduled__2026-02-01T10:00:00+00:00 [queued]>
[2026-02-16T15:00:36.628+0000] {taskinstance.py:2614} INFO - Dependencies all met for dep_context=requeueable deps ti=<TaskInstance: load_postgres.check_connect_to_DB scheduled__2026-02-01T10:00:00+00:00 [queued]>
[2026-02-16T15:00:36.628+0000] {taskinstance.py:2867} INFO - Starting attempt 1 of 4
[2026-02-16T15:00:36.635+0000] {taskinstance.py:2890} INFO - Executing <Task(PythonSensor): check_connect_to_DB> on 2026-02-01 10:00:00+00:00
[2026-02-16T15:00:36.640+0000] {standard_task_runner.py:72} INFO - Started process 918 to run task
[2026-02-16T15:00:36.642+0000] {standard_task_runner.py:104} INFO - Running: ['***', 'tasks', 'run', 'load_postgres', 'check_connect_to_DB', 'scheduled__2026-02-01T10:00:00+00:00', '--job-id', '207', '--raw', '--subdir', 'DAGS_FOLDER/load_postrges.py', '--cfg-path', '/tmp/tmp_t8m2zr_']
[2026-02-16T15:00:36.643+0000] {standard_task_runner.py:105} INFO - Job 207: Subtask check_connect_to_DB
[2026-02-16T15:00:36.652+0000] {warnings.py:109} WARNING - /home/***/.local/lib/python3.9/site-packages/***/settings.py:209: DeprecationWarning: The sql_alchemy_conn option in [core] has been moved to the sql_alchemy_conn option in [database] - the old setting has been used, but please update your config.
  SQL_ALCHEMY_CONN = conf.get("database", "SQL_ALCHEMY_CONN")

[2026-02-16T15:00:36.676+0000] {task_command.py:467} INFO - Running <TaskInstance: load_postgres.check_connect_to_DB scheduled__2026-02-01T10:00:00+00:00 [running]> on host cd96c4fa192f
[2026-02-16T15:00:36.677+0000] {warnings.py:109} WARNING - /home/***/.local/lib/python3.9/site-packages/***/settings.py:470: DeprecationWarning: The sql_alchemy_conn option in [core] has been moved to the sql_alchemy_conn option in [database] - the old setting has been used, but please update your config.
  if conf.get("database", "sql_alchemy_conn") == "none://":

[2026-02-16T15:00:36.726+0000] {taskinstance.py:3134} INFO - Exporting env vars: AIRFLOW_CTX_DAG_OWNER='a.sorokin' AIRFLOW_CTX_DAG_ID='load_postgres' AIRFLOW_CTX_TASK_ID='check_connect_to_DB' AIRFLOW_CTX_EXECUTION_DATE='2026-02-01T10:00:00+00:00' AIRFLOW_CTX_TRY_NUMBER='1' AIRFLOW_CTX_DAG_RUN_ID='scheduled__2026-02-01T10:00:00+00:00'
[2026-02-16T15:00:36.726+0000] {taskinstance.py:732} INFO - ::endgroup::
[2026-02-16T15:00:36.734+0000] {python.py:75} INFO - Poking callable: <function check_connect_to_DB at 0x7e4591bed0d0>
[2026-02-16T15:00:36.743+0000] {base.py:84} INFO - Retrieving connection '***-db'
[2026-02-16T15:00:36.745+0000] {logging_mixin.py:190} INFO - Подключение не удалось could not translate host name "etl_02-***_storage_db-1" to address: Temporary failure in name resolution
[2026-02-16T15:01:36.786+0000] {python.py:75} INFO - Poking callable: <function check_connect_to_DB at 0x7e4591bed0d0>
[2026-02-16T15:01:36.791+0000] {base.py:84} INFO - Retrieving connection '***-db'
[2026-02-16T15:01:36.793+0000] {logging_mixin.py:190} INFO - Подключение не удалось could not translate host name "etl_02-***_storage_db-1" to address: Temporary failure in name resolution
[2026-02-16T15:01:42.165+0000] {local_task_job_runner.py:346} WARNING - State of this instance has been externally set to restarting. Terminating instance.
[2026-02-16T15:01:42.166+0000] {local_task_job_runner.py:245} INFO - ::endgroup::
[2026-02-16T15:01:42.166+0000] {process_utils.py:132} INFO - Sending 15 to group 918. PIDs of all processes in the group: [918]
[2026-02-16T15:01:42.166+0000] {process_utils.py:87} INFO - Sending the signal 15 to group 918
[2026-02-16T15:01:42.167+0000] {taskinstance.py:3094} ERROR - Received SIGTERM. Terminating subprocesses.
[2026-02-16T15:01:42.170+0000] {taskinstance.py:3095} ERROR - Stacktrace: 
  File "/home/***/.local/bin/***", line 8, in <module>
    sys.exit(main())
  File "/home/***/.local/lib/python3.9/site-packages/***/__main__.py", line 62, in main
    args.func(args)
  File "/home/***/.local/lib/python3.9/site-packages/***/cli/cli_config.py", line 49, in command
    return func(*args, **kwargs)
  File "/home/***/.local/lib/python3.9/site-packages/***/utils/cli.py", line 116, in wrapper
    return f(*args, **kwargs)
  File "/home/***/.local/lib/python3.9/site-packages/***/providers/celery/cli/celery_command.py", line 64, in wrapper
    providers_configuration_loaded(func)(*args, **kwargs)
  File "/home/***/.local/lib/python3.9/site-packages/***/utils/providers_configuration_loader.py", line 55, in wrapped_function
    return func(*args, **kwargs)
  File "/home/***/.local/lib/python3.9/site-packages/***/providers/celery/cli/celery_command.py", line 237, in worker
    _run_command_with_daemon_option(
  File "/home/***/.local/lib/python3.9/site-packages/***/providers/celery/cli/celery_command.py", line 50, in _run_command_with_daemon_option
    run_command_with_daemon_option(*args, **kwargs)
  File "/home/***/.local/lib/python3.9/site-packages/***/cli/commands/daemon_utils.py", line 86, in run_command_with_daemon_option
    callback()
  File "/home/***/.local/lib/python3.9/site-packages/***/providers/celery/cli/celery_command.py", line 230, in run_celery_worker
    celery_app.worker_main(options)
  File "/home/***/.local/lib/python3.9/site-packages/celery/app/base.py", line 391, in worker_main
    self.start(argv=argv)
  File "/home/***/.local/lib/python3.9/site-packages/celery/app/base.py", line 371, in start
    celery.main(args=argv, standalone_mode=False)
  File "/home/***/.local/lib/python3.9/site-packages/click/core.py", line 1082, in main
    rv = self.invoke(ctx)
  File "/home/***/.local/lib/python3.9/site-packages/click/core.py", line 1697, in invoke
    return _process_result(sub_ctx.command.invoke(sub_ctx))
  File "/home/***/.local/lib/python3.9/site-packages/click/core.py", line 1443, in invoke
    return ctx.invoke(self.callback, **ctx.params)
  File "/home/***/.local/lib/python3.9/site-packages/click/core.py", line 788, in invoke
    return __callback(*args, **kwargs)
  File "/home/***/.local/lib/python3.9/site-packages/click/decorators.py", line 33, in new_func
    return f(get_current_context(), *args, **kwargs)
  File "/home/***/.local/lib/python3.9/site-packages/celery/bin/base.py", line 135, in caller
    return f(ctx, *args, **kwargs)
  File "/home/***/.local/lib/python3.9/site-packages/celery/bin/worker.py", line 356, in worker
    worker.start()
  File "/home/***/.local/lib/python3.9/site-packages/celery/worker/worker.py", line 202, in start
    self.blueprint.start(self)
  File "/home/***/.local/lib/python3.9/site-packages/celery/bootsteps.py", line 116, in start
    step.start(parent)
  File "/home/***/.local/lib/python3.9/site-packages/celery/bootsteps.py", line 365, in start
    return self.obj.start()
  File "/home/***/.local/lib/python3.9/site-packages/celery/concurrency/base.py", line 130, in start
    self.on_start()
  File "/home/***/.local/lib/python3.9/site-packages/celery/concurrency/prefork.py", line 109, in on_start
    P = self._pool = Pool(processes=self.limit,
  File "/home/***/.local/lib/python3.9/site-packages/celery/concurrency/asynpool.py", line 464, in __init__
    super().__init__(processes, *args, **kwargs)
  File "/home/***/.local/lib/python3.9/site-packages/billiard/pool.py", line 1046, in __init__
    self._create_worker_process(i)
  File "/home/***/.local/lib/python3.9/site-packages/celery/concurrency/asynpool.py", line 482, in _create_worker_process
    return super()._create_worker_process(i)
  File "/home/***/.local/lib/python3.9/site-packages/billiard/pool.py", line 1158, in _create_worker_process
    w.start()
  File "/home/***/.local/lib/python3.9/site-packages/billiard/process.py", line 120, in start
    self._popen = self._Popen(self)
  File "/home/***/.local/lib/python3.9/site-packages/billiard/context.py", line 331, in _Popen
    return Popen(process_obj)
  File "/home/***/.local/lib/python3.9/site-packages/billiard/popen_fork.py", line 22, in __init__
    self._launch(process_obj)
  File "/home/***/.local/lib/python3.9/site-packages/billiard/popen_fork.py", line 77, in _launch
    code = process_obj._bootstrap()
  File "/home/***/.local/lib/python3.9/site-packages/billiard/process.py", line 323, in _bootstrap
    self.run()
  File "/home/***/.local/lib/python3.9/site-packages/billiard/process.py", line 110, in run
    self._target(*self._args, **self._kwargs)
  File "/home/***/.local/lib/python3.9/site-packages/billiard/pool.py", line 292, in __call__
    sys.exit(self.workloop(pid=pid))
  File "/home/***/.local/lib/python3.9/site-packages/billiard/pool.py", line 362, in workloop
    result = (True, prepare_result(fun(*args, **kwargs)))
  File "/home/***/.local/lib/python3.9/site-packages/celery/app/trace.py", line 651, in fast_trace_task
    R, I, T, Rstr = tasks[task].__trace__(
  File "/home/***/.local/lib/python3.9/site-packages/celery/app/trace.py", line 453, in trace_task
    R = retval = fun(*args, **kwargs)
  File "/home/***/.local/lib/python3.9/site-packages/celery/app/trace.py", line 736, in __protected_call__
    return self.run(*args, **kwargs)
  File "/home/***/.local/lib/python3.9/site-packages/***/providers/celery/executors/celery_executor_utils.py", line 139, in execute_command
    _execute_in_fork(command_to_exec, celery_task_id)
  File "/home/***/.local/lib/python3.9/site-packages/***/providers/celery/executors/celery_executor_utils.py", line 171, in _execute_in_fork
    args.func(args)
  File "/home/***/.local/lib/python3.9/site-packages/***/cli/cli_config.py", line 49, in command
    return func(*args, **kwargs)
  File "/home/***/.local/lib/python3.9/site-packages/***/utils/cli.py", line 116, in wrapper
    return f(*args, **kwargs)
  File "/home/***/.local/lib/python3.9/site-packages/***/cli/commands/task_command.py", line 483, in task_run
    task_return_code = _run_task_by_selected_method(args, _dag, ti)
  File "/home/***/.local/lib/python3.9/site-packages/***/cli/commands/task_command.py", line 254, in _run_task_by_selected_method
    return _run_task_by_local_task_job(args, ti)
  File "/home/***/.local/lib/python3.9/site-packages/***/cli/commands/task_command.py", line 322, in _run_task_by_local_task_job
    ret = run_job(job=job_runner.job, execute_callable=job_runner._execute)
  File "/home/***/.local/lib/python3.9/site-packages/***/utils/session.py", line 97, in wrapper
    return func(*args, session=session, **kwargs)
  File "/home/***/.local/lib/python3.9/site-packages/***/jobs/job.py", line 421, in run_job
    return execute_job(job, execute_callable=execute_callable)
  File "/home/***/.local/lib/python3.9/site-packages/***/jobs/job.py", line 450, in execute_job
    ret = execute_callable()
  File "/home/***/.local/lib/python3.9/site-packages/***/jobs/local_task_job_runner.py", line 171, in _execute
    self.task_runner.start()
  File "/home/***/.local/lib/python3.9/site-packages/***/task/task_runner/standard_task_runner.py", line 55, in start
    self.process = self._start_by_fork()
  File "/home/***/.local/lib/python3.9/site-packages/***/task/task_runner/standard_task_runner.py", line 117, in _start_by_fork
    ret = args.func(args, dag=self.dag)
  File "/home/***/.local/lib/python3.9/site-packages/***/cli/cli_config.py", line 49, in command
    return func(*args, **kwargs)
  File "/home/***/.local/lib/python3.9/site-packages/***/utils/cli.py", line 116, in wrapper
    return f(*args, **kwargs)
  File "/home/***/.local/lib/python3.9/site-packages/***/cli/commands/task_command.py", line 483, in task_run
    task_return_code = _run_task_by_selected_method(args, _dag, ti)
  File "/home/***/.local/lib/python3.9/site-packages/***/cli/commands/task_command.py", line 256, in _run_task_by_selected_method
    return _run_raw_task(args, ti)
  File "/home/***/.local/lib/python3.9/site-packages/***/cli/commands/task_command.py", line 341, in _run_raw_task
    return ti._run_raw_task(
  File "/home/***/.local/lib/python3.9/site-packages/***/utils/session.py", line 97, in wrapper
    return func(*args, session=session, **kwargs)
  File "/home/***/.local/lib/python3.9/site-packages/***/models/taskinstance.py", line 3006, in _run_raw_task
    return _run_raw_task(
  File "/home/***/.local/lib/python3.9/site-packages/***/models/taskinstance.py", line 274, in _run_raw_task
    TaskInstance._execute_task_with_callbacks(
  File "/home/***/.local/lib/python3.9/site-packages/***/models/taskinstance.py", line 3161, in _execute_task_with_callbacks
    result = self._execute_task(context, task_orig)
  File "/home/***/.local/lib/python3.9/site-packages/***/models/taskinstance.py", line 3185, in _execute_task
    return _execute_task(self, context, task_orig)
  File "/home/***/.local/lib/python3.9/site-packages/***/models/taskinstance.py", line 768, in _execute_task
    result = _execute_callable(context=context, **execute_callable_kwargs)
  File "/home/***/.local/lib/python3.9/site-packages/***/models/taskinstance.py", line 734, in _execute_callable
    return ExecutionCallableRunner(
  File "/home/***/.local/lib/python3.9/site-packages/***/utils/operator_helpers.py", line 252, in run
    return self.func(*args, **kwargs)
  File "/home/***/.local/lib/python3.9/site-packages/***/models/baseoperator.py", line 424, in wrapper
    return func(self, *args, **kwargs)
  File "/home/***/.local/lib/python3.9/site-packages/***/sensors/base.py", line 337, in execute
    time.sleep(self._get_next_poke_interval(started_at, run_duration, poke_count))
  File "/home/***/.local/lib/python3.9/site-packages/***/models/taskinstance.py", line 3095, in signal_handler
    self.log.error("Stacktrace: \n%s", "".join(traceback.format_stack()))

[2026-02-16T15:01:42.178+0000] {taskinstance.py:3313} ERROR - Task failed with exception
Traceback (most recent call last):
  File "/home/airflow/.local/lib/python3.9/site-packages/airflow/models/taskinstance.py", line 768, in _execute_task
    result = _execute_callable(context=context, **execute_callable_kwargs)
  File "/home/airflow/.local/lib/python3.9/site-packages/airflow/models/taskinstance.py", line 734, in _execute_callable
    return ExecutionCallableRunner(
  File "/home/airflow/.local/lib/python3.9/site-packages/airflow/utils/operator_helpers.py", line 252, in run
    return self.func(*args, **kwargs)
  File "/home/airflow/.local/lib/python3.9/site-packages/airflow/models/baseoperator.py", line 424, in wrapper
    return func(self, *args, **kwargs)
  File "/home/airflow/.local/lib/python3.9/site-packages/airflow/sensors/base.py", line 337, in execute
    time.sleep(self._get_next_poke_interval(started_at, run_duration, poke_count))
  File "/home/airflow/.local/lib/python3.9/site-packages/airflow/models/taskinstance.py", line 3097, in signal_handler
    raise AirflowTaskTerminated("Task received SIGTERM signal")
airflow.exceptions.AirflowTaskTerminated: Task received SIGTERM signal
[2026-02-16T15:01:42.179+0000] {taskinstance.py:1226} INFO - Marking task as UP_FOR_RETRY. dag_id=load_***, task_id=check_connect_to_DB, run_id=scheduled__2026-02-01T10:00:00+00:00, execution_date=20260201T100000, start_date=20260216T150036, end_date=20260216T150142
[2026-02-16T15:01:42.195+0000] {taskinstance.py:341} INFO - ::group::Post task execution logs
[2026-02-16T15:01:42.218+0000] {process_utils.py:80} INFO - Process psutil.Process(pid=918, status='terminated', exitcode=2, started='15:00:36') (918) terminated with exit code 2
[2026-02-16T15:47:38.435+0000] {local_task_job_runner.py:123} INFO - ::group::Pre task execution logs
[2026-02-16T15:47:38.449+0000] {taskinstance.py:2614} INFO - Dependencies all met for dep_context=non-requeueable deps ti=<TaskInstance: load_postgres.check_connect_to_DB scheduled__2026-02-01T10:00:00+00:00 [queued]>
[2026-02-16T15:47:38.455+0000] {taskinstance.py:2614} INFO - Dependencies all met for dep_context=requeueable deps ti=<TaskInstance: load_postgres.check_connect_to_DB scheduled__2026-02-01T10:00:00+00:00 [queued]>
[2026-02-16T15:47:38.455+0000] {taskinstance.py:2867} INFO - Starting attempt 1 of 4
[2026-02-16T15:47:38.463+0000] {taskinstance.py:2890} INFO - Executing <Task(PythonSensor): check_connect_to_DB> on 2026-02-01 10:00:00+00:00
[2026-02-16T15:47:38.468+0000] {standard_task_runner.py:72} INFO - Started process 817 to run task
[2026-02-16T15:47:38.470+0000] {standard_task_runner.py:104} INFO - Running: ['***', 'tasks', 'run', 'load_postgres', 'check_connect_to_DB', 'scheduled__2026-02-01T10:00:00+00:00', '--job-id', '187', '--raw', '--subdir', 'DAGS_FOLDER/load_postrges.py', '--cfg-path', '/tmp/tmputbd64zt']
[2026-02-16T15:47:38.472+0000] {standard_task_runner.py:105} INFO - Job 187: Subtask check_connect_to_DB
[2026-02-16T15:47:38.480+0000] {warnings.py:109} WARNING - /home/***/.local/lib/python3.9/site-packages/***/settings.py:209: DeprecationWarning: The sql_alchemy_conn option in [core] has been moved to the sql_alchemy_conn option in [database] - the old setting has been used, but please update your config.
  SQL_ALCHEMY_CONN = conf.get("database", "SQL_ALCHEMY_CONN")

[2026-02-16T15:47:38.506+0000] {task_command.py:467} INFO - Running <TaskInstance: load_postgres.check_connect_to_DB scheduled__2026-02-01T10:00:00+00:00 [running]> on host 6ef9a94e694d
[2026-02-16T15:47:38.507+0000] {warnings.py:109} WARNING - /home/***/.local/lib/python3.9/site-packages/***/settings.py:470: DeprecationWarning: The sql_alchemy_conn option in [core] has been moved to the sql_alchemy_conn option in [database] - the old setting has been used, but please update your config.
  if conf.get("database", "sql_alchemy_conn") == "none://":

[2026-02-16T15:47:38.554+0000] {taskinstance.py:3134} INFO - Exporting env vars: AIRFLOW_CTX_DAG_OWNER='a.sorokin' AIRFLOW_CTX_DAG_ID='load_postgres' AIRFLOW_CTX_TASK_ID='check_connect_to_DB' AIRFLOW_CTX_EXECUTION_DATE='2026-02-01T10:00:00+00:00' AIRFLOW_CTX_TRY_NUMBER='1' AIRFLOW_CTX_DAG_RUN_ID='scheduled__2026-02-01T10:00:00+00:00'
[2026-02-16T15:47:38.554+0000] {taskinstance.py:732} INFO - ::endgroup::
[2026-02-16T15:47:38.562+0000] {python.py:75} INFO - Poking callable: <function check_connect_to_DB at 0x7507ea9ec0d0>
[2026-02-16T15:47:38.570+0000] {base.py:84} INFO - Retrieving connection '***-db'
[2026-02-16T15:47:38.574+0000] {sql.py:511} INFO - Running statement: select 1, parameters: None
[2026-02-16T15:47:38.574+0000] {sql.py:520} INFO - Rows affected: 1
[2026-02-16T15:47:38.575+0000] {warnings.py:109} WARNING - /home/***/.local/lib/python3.9/site-packages/***/providers/common/sql/hooks/sql.py:470: DeprecationWarning: Import of fetch_one_handler from the '***.providers.common.sql.hooks' module is deprecated and will
be removed in the future. Please import it from '***.providers.common.sql.hooks.handlers'.
  result = self._make_common_data_structure(handler(cur))

[2026-02-16T15:47:38.575+0000] {warnings.py:109} WARNING - /home/***/.local/lib/python3.9/site-packages/***/providers/common/sql/hooks/sql.py:471: DeprecationWarning: Import of return_single_query_results from the '***.providers.common.sql.hooks' module is deprecated and will
be removed in the future. Please import it from '***.providers.common.sql.hooks.handlers'.
  if return_single_query_results(sql, return_last, split_statements):

[2026-02-16T15:47:38.575+0000] {warnings.py:109} WARNING - /home/***/.local/lib/python3.9/site-packages/***/providers/common/sql/hooks/sql.py:486: DeprecationWarning: Import of return_single_query_results from the '***.providers.common.sql.hooks' module is deprecated and will
be removed in the future. Please import it from '***.providers.common.sql.hooks.handlers'.
  if return_single_query_results(sql, return_last, split_statements):

[2026-02-16T15:47:38.576+0000] {logging_mixin.py:190} INFO - Подключение удалось Connection successfully tested
[2026-02-16T15:47:38.576+0000] {base.py:339} INFO - Success criteria met. Exiting.
[2026-02-16T15:47:38.583+0000] {taskinstance.py:341} INFO - ::group::Post task execution logs
[2026-02-16T15:47:38.583+0000] {taskinstance.py:353} INFO - Marking task as SUCCESS. dag_id=load_***, task_id=check_connect_to_DB, run_id=scheduled__2026-02-01T10:00:00+00:00, execution_date=20260201T100000, start_date=20260216T154738, end_date=20260216T154738
[2026-02-16T15:47:38.642+0000] {local_task_job_runner.py:266} INFO - Task exited with return code 0
[2026-02-16T15:47:38.661+0000] {taskinstance.py:3901} INFO - 1 downstream tasks scheduled from follow-on schedule check
[2026-02-16T15:47:38.662+0000] {local_task_job_runner.py:245} INFO - ::endgroup::
