[2026-02-14T16:31:36.408+0000] {local_task_job_runner.py:123} INFO - ::group::Pre task execution logs
[2026-02-14T16:31:36.425+0000] {taskinstance.py:2614} INFO - Dependencies all met for dep_context=non-requeueable deps ti=<TaskInstance: parse_iot.check_download_complete scheduled__2026-02-10T10:00:00+00:00 [queued]>
[2026-02-14T16:31:36.431+0000] {taskinstance.py:2614} INFO - Dependencies all met for dep_context=requeueable deps ti=<TaskInstance: parse_iot.check_download_complete scheduled__2026-02-10T10:00:00+00:00 [queued]>
[2026-02-14T16:31:36.432+0000] {taskinstance.py:2867} INFO - Starting attempt 1 of 4
[2026-02-14T16:31:36.438+0000] {taskinstance.py:2890} INFO - Executing <Task(ExternalTaskSensor): check_download_complete> on 2026-02-10 10:00:00+00:00
[2026-02-14T16:31:36.442+0000] {standard_task_runner.py:72} INFO - Started process 323 to run task
[2026-02-14T16:31:36.444+0000] {standard_task_runner.py:104} INFO - Running: ['***', 'tasks', 'run', 'parse_iot', 'check_download_complete', 'scheduled__2026-02-10T10:00:00+00:00', '--job-id', '64', '--raw', '--subdir', 'DAGS_FOLDER/parse_iot.py', '--cfg-path', '/tmp/tmpw33n0tbn']
[2026-02-14T16:31:36.445+0000] {standard_task_runner.py:105} INFO - Job 64: Subtask check_download_complete
[2026-02-14T16:31:36.454+0000] {warnings.py:109} WARNING - /home/***/.local/lib/python3.9/site-packages/***/settings.py:209: DeprecationWarning: The sql_alchemy_conn option in [core] has been moved to the sql_alchemy_conn option in [database] - the old setting has been used, but please update your config.
  SQL_ALCHEMY_CONN = conf.get("database", "SQL_ALCHEMY_CONN")

[2026-02-14T16:31:36.476+0000] {task_command.py:467} INFO - Running <TaskInstance: parse_iot.check_download_complete scheduled__2026-02-10T10:00:00+00:00 [running]> on host a5c4ed865bb5
[2026-02-14T16:31:36.476+0000] {warnings.py:109} WARNING - /home/***/.local/lib/python3.9/site-packages/***/settings.py:470: DeprecationWarning: The sql_alchemy_conn option in [core] has been moved to the sql_alchemy_conn option in [database] - the old setting has been used, but please update your config.
  if conf.get("database", "sql_alchemy_conn") == "none://":

[2026-02-14T16:31:36.519+0000] {taskinstance.py:3134} INFO - Exporting env vars: AIRFLOW_CTX_DAG_OWNER='a.sorokin' AIRFLOW_CTX_DAG_ID='parse_iot' AIRFLOW_CTX_TASK_ID='check_download_complete' AIRFLOW_CTX_EXECUTION_DATE='2026-02-10T10:00:00+00:00' AIRFLOW_CTX_TRY_NUMBER='1' AIRFLOW_CTX_DAG_RUN_ID='scheduled__2026-02-10T10:00:00+00:00'
[2026-02-14T16:31:36.519+0000] {taskinstance.py:732} INFO - ::endgroup::
[2026-02-14T16:31:36.526+0000] {baseoperator.py:423} WARNING - ExternalTaskSensor.execute cannot be called outside TaskInstance!
[2026-02-14T16:31:36.532+0000] {external_task.py:274} INFO - Poking for DAG 'download_iot' on 2026-02-10T10:00:00+00:00 ... 
[2026-02-14T16:31:36.532+0000] {warnings.py:109} WARNING - /home/***/.local/lib/python3.9/site-packages/***/utils/session.py:97: DeprecationWarning: This method is deprecated and will be removed in future.
  return func(*args, session=session, **kwargs)

[2026-02-14T16:31:36.537+0000] {base.py:339} INFO - Success criteria met. Exiting.
[2026-02-14T16:31:36.543+0000] {taskinstance.py:341} INFO - ::group::Post task execution logs
[2026-02-14T16:31:36.543+0000] {taskinstance.py:353} INFO - Marking task as SUCCESS. dag_id=parse_iot, task_id=check_download_complete, run_id=scheduled__2026-02-10T10:00:00+00:00, execution_date=20260210T100000, start_date=20260214T163136, end_date=20260214T163136
[2026-02-14T16:31:36.576+0000] {local_task_job_runner.py:266} INFO - Task exited with return code 0
[2026-02-14T16:31:36.596+0000] {taskinstance.py:3901} INFO - 0 downstream tasks scheduled from follow-on schedule check
[2026-02-14T16:31:36.598+0000] {local_task_job_runner.py:245} INFO - ::endgroup::
[2026-02-14T17:48:55.768+0000] {local_task_job_runner.py:123} INFO - ::group::Pre task execution logs
[2026-02-14T17:48:55.785+0000] {taskinstance.py:2614} INFO - Dependencies all met for dep_context=non-requeueable deps ti=<TaskInstance: parse_iot.check_download_complete scheduled__2026-02-10T10:00:00+00:00 [queued]>
[2026-02-14T17:48:55.791+0000] {taskinstance.py:2614} INFO - Dependencies all met for dep_context=requeueable deps ti=<TaskInstance: parse_iot.check_download_complete scheduled__2026-02-10T10:00:00+00:00 [queued]>
[2026-02-14T17:48:55.791+0000] {taskinstance.py:2867} INFO - Starting attempt 1 of 4
[2026-02-14T17:48:55.797+0000] {taskinstance.py:2890} INFO - Executing <Task(ExternalTaskSensor): check_download_complete> on 2026-02-10 10:00:00+00:00
[2026-02-14T17:48:55.802+0000] {standard_task_runner.py:72} INFO - Started process 327 to run task
[2026-02-14T17:48:55.804+0000] {standard_task_runner.py:104} INFO - Running: ['***', 'tasks', 'run', 'parse_iot', 'check_download_complete', 'scheduled__2026-02-10T10:00:00+00:00', '--job-id', '65', '--raw', '--subdir', 'DAGS_FOLDER/parse_iot.py', '--cfg-path', '/tmp/tmpfauyvved']
[2026-02-14T17:48:55.805+0000] {standard_task_runner.py:105} INFO - Job 65: Subtask check_download_complete
[2026-02-14T17:48:55.813+0000] {warnings.py:109} WARNING - /home/***/.local/lib/python3.9/site-packages/***/settings.py:209: DeprecationWarning: The sql_alchemy_conn option in [core] has been moved to the sql_alchemy_conn option in [database] - the old setting has been used, but please update your config.
  SQL_ALCHEMY_CONN = conf.get("database", "SQL_ALCHEMY_CONN")

[2026-02-14T17:48:55.833+0000] {task_command.py:467} INFO - Running <TaskInstance: parse_iot.check_download_complete scheduled__2026-02-10T10:00:00+00:00 [running]> on host 9052c134cdec
[2026-02-14T17:48:55.834+0000] {warnings.py:109} WARNING - /home/***/.local/lib/python3.9/site-packages/***/settings.py:470: DeprecationWarning: The sql_alchemy_conn option in [core] has been moved to the sql_alchemy_conn option in [database] - the old setting has been used, but please update your config.
  if conf.get("database", "sql_alchemy_conn") == "none://":

[2026-02-14T17:48:55.877+0000] {taskinstance.py:3134} INFO - Exporting env vars: AIRFLOW_CTX_DAG_OWNER='a.sorokin' AIRFLOW_CTX_DAG_ID='parse_iot' AIRFLOW_CTX_TASK_ID='check_download_complete' AIRFLOW_CTX_EXECUTION_DATE='2026-02-10T10:00:00+00:00' AIRFLOW_CTX_TRY_NUMBER='1' AIRFLOW_CTX_DAG_RUN_ID='scheduled__2026-02-10T10:00:00+00:00'
[2026-02-14T17:48:55.877+0000] {taskinstance.py:732} INFO - ::endgroup::
[2026-02-14T17:48:55.884+0000] {baseoperator.py:423} WARNING - ExternalTaskSensor.execute cannot be called outside TaskInstance!
[2026-02-14T17:48:55.889+0000] {external_task.py:274} INFO - Poking for DAG 'download_iot' on 2026-02-10T10:00:00+00:00 ... 
[2026-02-14T17:48:55.890+0000] {warnings.py:109} WARNING - /home/***/.local/lib/python3.9/site-packages/***/utils/session.py:97: DeprecationWarning: This method is deprecated and will be removed in future.
  return func(*args, session=session, **kwargs)

[2026-02-14T17:48:55.895+0000] {base.py:339} INFO - Success criteria met. Exiting.
[2026-02-14T17:48:55.900+0000] {taskinstance.py:341} INFO - ::group::Post task execution logs
[2026-02-14T17:48:55.901+0000] {taskinstance.py:353} INFO - Marking task as SUCCESS. dag_id=parse_iot, task_id=check_download_complete, run_id=scheduled__2026-02-10T10:00:00+00:00, execution_date=20260210T100000, start_date=20260214T174855, end_date=20260214T174855
[2026-02-14T17:48:55.935+0000] {local_task_job_runner.py:266} INFO - Task exited with return code 0
[2026-02-14T17:48:55.955+0000] {taskinstance.py:3901} INFO - 0 downstream tasks scheduled from follow-on schedule check
[2026-02-14T17:48:55.956+0000] {local_task_job_runner.py:245} INFO - ::endgroup::
[2026-02-14T18:14:09.968+0000] {local_task_job_runner.py:123} INFO - ::group::Pre task execution logs
[2026-02-14T18:14:09.985+0000] {taskinstance.py:2614} INFO - Dependencies all met for dep_context=non-requeueable deps ti=<TaskInstance: parse_iot.check_download_complete scheduled__2026-02-10T10:00:00+00:00 [queued]>
[2026-02-14T18:14:09.991+0000] {taskinstance.py:2614} INFO - Dependencies all met for dep_context=requeueable deps ti=<TaskInstance: parse_iot.check_download_complete scheduled__2026-02-10T10:00:00+00:00 [queued]>
[2026-02-14T18:14:09.991+0000] {taskinstance.py:2867} INFO - Starting attempt 1 of 4
[2026-02-14T18:14:09.998+0000] {taskinstance.py:2890} INFO - Executing <Task(ExternalTaskSensor): check_download_complete> on 2026-02-10 10:00:00+00:00
[2026-02-14T18:14:10.003+0000] {standard_task_runner.py:72} INFO - Started process 319 to run task
[2026-02-14T18:14:10.005+0000] {standard_task_runner.py:104} INFO - Running: ['***', 'tasks', 'run', 'parse_iot', 'check_download_complete', 'scheduled__2026-02-10T10:00:00+00:00', '--job-id', '63', '--raw', '--subdir', 'DAGS_FOLDER/parse_iot.py', '--cfg-path', '/tmp/tmp3lm9sdy4']
[2026-02-14T18:14:10.006+0000] {standard_task_runner.py:105} INFO - Job 63: Subtask check_download_complete
[2026-02-14T18:14:10.015+0000] {warnings.py:109} WARNING - /home/***/.local/lib/python3.9/site-packages/***/settings.py:209: DeprecationWarning: The sql_alchemy_conn option in [core] has been moved to the sql_alchemy_conn option in [database] - the old setting has been used, but please update your config.
  SQL_ALCHEMY_CONN = conf.get("database", "SQL_ALCHEMY_CONN")

[2026-02-14T18:14:10.035+0000] {task_command.py:467} INFO - Running <TaskInstance: parse_iot.check_download_complete scheduled__2026-02-10T10:00:00+00:00 [running]> on host bb762b62a2c2
[2026-02-14T18:14:10.036+0000] {warnings.py:109} WARNING - /home/***/.local/lib/python3.9/site-packages/***/settings.py:470: DeprecationWarning: The sql_alchemy_conn option in [core] has been moved to the sql_alchemy_conn option in [database] - the old setting has been used, but please update your config.
  if conf.get("database", "sql_alchemy_conn") == "none://":

[2026-02-14T18:14:10.084+0000] {taskinstance.py:3134} INFO - Exporting env vars: AIRFLOW_CTX_DAG_OWNER='a.sorokin' AIRFLOW_CTX_DAG_ID='parse_iot' AIRFLOW_CTX_TASK_ID='check_download_complete' AIRFLOW_CTX_EXECUTION_DATE='2026-02-10T10:00:00+00:00' AIRFLOW_CTX_TRY_NUMBER='1' AIRFLOW_CTX_DAG_RUN_ID='scheduled__2026-02-10T10:00:00+00:00'
[2026-02-14T18:14:10.085+0000] {taskinstance.py:732} INFO - ::endgroup::
[2026-02-14T18:14:10.092+0000] {baseoperator.py:423} WARNING - ExternalTaskSensor.execute cannot be called outside TaskInstance!
[2026-02-14T18:14:10.098+0000] {external_task.py:274} INFO - Poking for DAG 'download_iot' on 2026-02-10T10:00:00+00:00 ... 
[2026-02-14T18:14:10.098+0000] {warnings.py:109} WARNING - /home/***/.local/lib/python3.9/site-packages/***/utils/session.py:97: DeprecationWarning: This method is deprecated and will be removed in future.
  return func(*args, session=session, **kwargs)

[2026-02-14T18:14:10.104+0000] {base.py:339} INFO - Success criteria met. Exiting.
[2026-02-14T18:14:10.111+0000] {taskinstance.py:341} INFO - ::group::Post task execution logs
[2026-02-14T18:14:10.111+0000] {taskinstance.py:353} INFO - Marking task as SUCCESS. dag_id=parse_iot, task_id=check_download_complete, run_id=scheduled__2026-02-10T10:00:00+00:00, execution_date=20260210T100000, start_date=20260214T181409, end_date=20260214T181410
[2026-02-14T18:14:10.177+0000] {local_task_job_runner.py:266} INFO - Task exited with return code 0
[2026-02-14T18:14:10.200+0000] {taskinstance.py:3901} INFO - 0 downstream tasks scheduled from follow-on schedule check
[2026-02-14T18:14:10.206+0000] {local_task_job_runner.py:245} INFO - ::endgroup::
[2026-02-16T14:45:55.699+0000] {local_task_job_runner.py:123} INFO - ::group::Pre task execution logs
[2026-02-16T14:45:55.715+0000] {taskinstance.py:2614} INFO - Dependencies all met for dep_context=non-requeueable deps ti=<TaskInstance: parse_iot.check_download_complete scheduled__2026-02-10T10:00:00+00:00 [queued]>
[2026-02-16T14:45:55.721+0000] {taskinstance.py:2614} INFO - Dependencies all met for dep_context=requeueable deps ti=<TaskInstance: parse_iot.check_download_complete scheduled__2026-02-10T10:00:00+00:00 [queued]>
[2026-02-16T14:45:55.722+0000] {taskinstance.py:2867} INFO - Starting attempt 1 of 4
[2026-02-16T14:45:55.728+0000] {taskinstance.py:2890} INFO - Executing <Task(ExternalTaskSensor): check_download_complete> on 2026-02-10 10:00:00+00:00
[2026-02-16T14:45:55.733+0000] {standard_task_runner.py:72} INFO - Started process 366 to run task
[2026-02-16T14:45:55.735+0000] {standard_task_runner.py:104} INFO - Running: ['***', 'tasks', 'run', 'parse_iot', 'check_download_complete', 'scheduled__2026-02-10T10:00:00+00:00', '--job-id', '69', '--raw', '--subdir', 'DAGS_FOLDER/parse_iot.py', '--cfg-path', '/tmp/tmp45h_thtv']
[2026-02-16T14:45:55.736+0000] {standard_task_runner.py:105} INFO - Job 69: Subtask check_download_complete
[2026-02-16T14:45:55.745+0000] {warnings.py:109} WARNING - /home/***/.local/lib/python3.9/site-packages/***/settings.py:209: DeprecationWarning: The sql_alchemy_conn option in [core] has been moved to the sql_alchemy_conn option in [database] - the old setting has been used, but please update your config.
  SQL_ALCHEMY_CONN = conf.get("database", "SQL_ALCHEMY_CONN")

[2026-02-16T14:45:55.766+0000] {task_command.py:467} INFO - Running <TaskInstance: parse_iot.check_download_complete scheduled__2026-02-10T10:00:00+00:00 [running]> on host cd96c4fa192f
[2026-02-16T14:45:55.766+0000] {warnings.py:109} WARNING - /home/***/.local/lib/python3.9/site-packages/***/settings.py:470: DeprecationWarning: The sql_alchemy_conn option in [core] has been moved to the sql_alchemy_conn option in [database] - the old setting has been used, but please update your config.
  if conf.get("database", "sql_alchemy_conn") == "none://":

[2026-02-16T14:45:55.812+0000] {taskinstance.py:3134} INFO - Exporting env vars: AIRFLOW_CTX_DAG_OWNER='a.sorokin' AIRFLOW_CTX_DAG_ID='parse_iot' AIRFLOW_CTX_TASK_ID='check_download_complete' AIRFLOW_CTX_EXECUTION_DATE='2026-02-10T10:00:00+00:00' AIRFLOW_CTX_TRY_NUMBER='1' AIRFLOW_CTX_DAG_RUN_ID='scheduled__2026-02-10T10:00:00+00:00'
[2026-02-16T14:45:55.813+0000] {taskinstance.py:732} INFO - ::endgroup::
[2026-02-16T14:45:55.820+0000] {baseoperator.py:423} WARNING - ExternalTaskSensor.execute cannot be called outside TaskInstance!
[2026-02-16T14:45:55.826+0000] {external_task.py:274} INFO - Poking for DAG 'download_iot' on 2026-02-10T10:00:00+00:00 ... 
[2026-02-16T14:45:55.826+0000] {warnings.py:109} WARNING - /home/***/.local/lib/python3.9/site-packages/***/utils/session.py:97: DeprecationWarning: This method is deprecated and will be removed in future.
  return func(*args, session=session, **kwargs)

[2026-02-16T14:45:55.832+0000] {base.py:339} INFO - Success criteria met. Exiting.
[2026-02-16T14:45:55.838+0000] {taskinstance.py:341} INFO - ::group::Post task execution logs
[2026-02-16T14:45:55.839+0000] {taskinstance.py:353} INFO - Marking task as SUCCESS. dag_id=parse_iot, task_id=check_download_complete, run_id=scheduled__2026-02-10T10:00:00+00:00, execution_date=20260210T100000, start_date=20260216T144555, end_date=20260216T144555
[2026-02-16T14:45:55.867+0000] {local_task_job_runner.py:266} INFO - Task exited with return code 0
[2026-02-16T14:45:55.873+0000] {local_task_job_runner.py:245} INFO - ::endgroup::
[2026-02-16T15:15:47.069+0000] {local_task_job_runner.py:123} INFO - ::group::Pre task execution logs
[2026-02-16T15:15:47.090+0000] {taskinstance.py:2614} INFO - Dependencies all met for dep_context=non-requeueable deps ti=<TaskInstance: parse_iot.check_download_complete scheduled__2026-02-10T10:00:00+00:00 [queued]>
[2026-02-16T15:15:47.099+0000] {taskinstance.py:2614} INFO - Dependencies all met for dep_context=requeueable deps ti=<TaskInstance: parse_iot.check_download_complete scheduled__2026-02-10T10:00:00+00:00 [queued]>
[2026-02-16T15:15:47.099+0000] {taskinstance.py:2867} INFO - Starting attempt 1 of 4
[2026-02-16T15:15:47.109+0000] {taskinstance.py:2890} INFO - Executing <Task(ExternalTaskSensor): check_download_complete> on 2026-02-10 10:00:00+00:00
[2026-02-16T15:15:47.115+0000] {standard_task_runner.py:72} INFO - Started process 333 to run task
[2026-02-16T15:15:47.117+0000] {standard_task_runner.py:104} INFO - Running: ['***', 'tasks', 'run', 'parse_iot', 'check_download_complete', 'scheduled__2026-02-10T10:00:00+00:00', '--job-id', '66', '--raw', '--subdir', 'DAGS_FOLDER/parse_iot.py', '--cfg-path', '/tmp/tmp2liixbop']
[2026-02-16T15:15:47.119+0000] {standard_task_runner.py:105} INFO - Job 66: Subtask check_download_complete
[2026-02-16T15:15:47.129+0000] {warnings.py:109} WARNING - /home/***/.local/lib/python3.9/site-packages/***/settings.py:209: DeprecationWarning: The sql_alchemy_conn option in [core] has been moved to the sql_alchemy_conn option in [database] - the old setting has been used, but please update your config.
  SQL_ALCHEMY_CONN = conf.get("database", "SQL_ALCHEMY_CONN")

[2026-02-16T15:15:47.161+0000] {task_command.py:467} INFO - Running <TaskInstance: parse_iot.check_download_complete scheduled__2026-02-10T10:00:00+00:00 [running]> on host fbd3e38838e9
[2026-02-16T15:15:47.162+0000] {warnings.py:109} WARNING - /home/***/.local/lib/python3.9/site-packages/***/settings.py:470: DeprecationWarning: The sql_alchemy_conn option in [core] has been moved to the sql_alchemy_conn option in [database] - the old setting has been used, but please update your config.
  if conf.get("database", "sql_alchemy_conn") == "none://":

[2026-02-16T15:15:47.221+0000] {taskinstance.py:3134} INFO - Exporting env vars: AIRFLOW_CTX_DAG_OWNER='a.sorokin' AIRFLOW_CTX_DAG_ID='parse_iot' AIRFLOW_CTX_TASK_ID='check_download_complete' AIRFLOW_CTX_EXECUTION_DATE='2026-02-10T10:00:00+00:00' AIRFLOW_CTX_TRY_NUMBER='1' AIRFLOW_CTX_DAG_RUN_ID='scheduled__2026-02-10T10:00:00+00:00'
[2026-02-16T15:15:47.221+0000] {taskinstance.py:732} INFO - ::endgroup::
[2026-02-16T15:15:47.231+0000] {baseoperator.py:423} WARNING - ExternalTaskSensor.execute cannot be called outside TaskInstance!
[2026-02-16T15:15:47.237+0000] {external_task.py:274} INFO - Poking for DAG 'download_iot' on 2026-02-10T10:00:00+00:00 ... 
[2026-02-16T15:15:47.237+0000] {warnings.py:109} WARNING - /home/***/.local/lib/python3.9/site-packages/***/utils/session.py:97: DeprecationWarning: This method is deprecated and will be removed in future.
  return func(*args, session=session, **kwargs)

[2026-02-16T15:15:47.244+0000] {base.py:339} INFO - Success criteria met. Exiting.
[2026-02-16T15:15:47.250+0000] {taskinstance.py:341} INFO - ::group::Post task execution logs
[2026-02-16T15:15:47.251+0000] {taskinstance.py:353} INFO - Marking task as SUCCESS. dag_id=parse_iot, task_id=check_download_complete, run_id=scheduled__2026-02-10T10:00:00+00:00, execution_date=20260210T100000, start_date=20260216T151547, end_date=20260216T151547
[2026-02-16T15:15:47.289+0000] {local_task_job_runner.py:266} INFO - Task exited with return code 0
[2026-02-16T15:15:47.316+0000] {taskinstance.py:3901} INFO - 0 downstream tasks scheduled from follow-on schedule check
[2026-02-16T15:15:47.317+0000] {local_task_job_runner.py:245} INFO - ::endgroup::
[2026-02-16T15:43:47.714+0000] {local_task_job_runner.py:123} INFO - ::group::Pre task execution logs
[2026-02-16T15:43:47.739+0000] {taskinstance.py:2614} INFO - Dependencies all met for dep_context=non-requeueable deps ti=<TaskInstance: parse_iot.check_download_complete scheduled__2026-02-10T10:00:00+00:00 [queued]>
[2026-02-16T15:43:47.747+0000] {taskinstance.py:2614} INFO - Dependencies all met for dep_context=requeueable deps ti=<TaskInstance: parse_iot.check_download_complete scheduled__2026-02-10T10:00:00+00:00 [queued]>
[2026-02-16T15:43:47.748+0000] {taskinstance.py:2867} INFO - Starting attempt 1 of 4
[2026-02-16T15:43:47.756+0000] {taskinstance.py:2890} INFO - Executing <Task(ExternalTaskSensor): check_download_complete> on 2026-02-10 10:00:00+00:00
[2026-02-16T15:43:47.761+0000] {standard_task_runner.py:72} INFO - Started process 343 to run task
[2026-02-16T15:43:47.763+0000] {standard_task_runner.py:104} INFO - Running: ['***', 'tasks', 'run', 'parse_iot', 'check_download_complete', 'scheduled__2026-02-10T10:00:00+00:00', '--job-id', '69', '--raw', '--subdir', 'DAGS_FOLDER/parse_iot.py', '--cfg-path', '/tmp/tmpcm5qhi6u']
[2026-02-16T15:43:47.765+0000] {standard_task_runner.py:105} INFO - Job 69: Subtask check_download_complete
[2026-02-16T15:43:47.774+0000] {warnings.py:109} WARNING - /home/***/.local/lib/python3.9/site-packages/***/settings.py:209: DeprecationWarning: The sql_alchemy_conn option in [core] has been moved to the sql_alchemy_conn option in [database] - the old setting has been used, but please update your config.
  SQL_ALCHEMY_CONN = conf.get("database", "SQL_ALCHEMY_CONN")

[2026-02-16T15:43:47.797+0000] {task_command.py:467} INFO - Running <TaskInstance: parse_iot.check_download_complete scheduled__2026-02-10T10:00:00+00:00 [running]> on host 6ef9a94e694d
[2026-02-16T15:43:47.797+0000] {warnings.py:109} WARNING - /home/***/.local/lib/python3.9/site-packages/***/settings.py:470: DeprecationWarning: The sql_alchemy_conn option in [core] has been moved to the sql_alchemy_conn option in [database] - the old setting has been used, but please update your config.
  if conf.get("database", "sql_alchemy_conn") == "none://":

[2026-02-16T15:43:47.847+0000] {taskinstance.py:3134} INFO - Exporting env vars: AIRFLOW_CTX_DAG_OWNER='a.sorokin' AIRFLOW_CTX_DAG_ID='parse_iot' AIRFLOW_CTX_TASK_ID='check_download_complete' AIRFLOW_CTX_EXECUTION_DATE='2026-02-10T10:00:00+00:00' AIRFLOW_CTX_TRY_NUMBER='1' AIRFLOW_CTX_DAG_RUN_ID='scheduled__2026-02-10T10:00:00+00:00'
[2026-02-16T15:43:47.847+0000] {taskinstance.py:732} INFO - ::endgroup::
[2026-02-16T15:43:47.855+0000] {baseoperator.py:423} WARNING - ExternalTaskSensor.execute cannot be called outside TaskInstance!
[2026-02-16T15:43:47.862+0000] {external_task.py:274} INFO - Poking for DAG 'download_iot' on 2026-02-10T10:00:00+00:00 ... 
[2026-02-16T15:43:47.862+0000] {warnings.py:109} WARNING - /home/***/.local/lib/python3.9/site-packages/***/utils/session.py:97: DeprecationWarning: This method is deprecated and will be removed in future.
  return func(*args, session=session, **kwargs)

[2026-02-16T15:43:47.868+0000] {base.py:339} INFO - Success criteria met. Exiting.
[2026-02-16T15:43:47.874+0000] {taskinstance.py:341} INFO - ::group::Post task execution logs
[2026-02-16T15:43:47.874+0000] {taskinstance.py:353} INFO - Marking task as SUCCESS. dag_id=parse_iot, task_id=check_download_complete, run_id=scheduled__2026-02-10T10:00:00+00:00, execution_date=20260210T100000, start_date=20260216T154347, end_date=20260216T154347
[2026-02-16T15:43:47.935+0000] {local_task_job_runner.py:266} INFO - Task exited with return code 0
[2026-02-16T15:43:47.959+0000] {taskinstance.py:3901} INFO - 0 downstream tasks scheduled from follow-on schedule check
[2026-02-16T15:43:47.960+0000] {local_task_job_runner.py:245} INFO - ::endgroup::
