[2026-02-02T14:43:14.666+0000] {local_task_job_runner.py:123} INFO - ::group::Pre task execution logs
[2026-02-02T14:43:14.683+0000] {taskinstance.py:2614} INFO - Dependencies all met for dep_context=non-requeueable deps ti=<TaskInstance: parse_iot.parse_data scheduled__2026-01-31T10:00:00+00:00 [queued]>
[2026-02-02T14:43:14.689+0000] {taskinstance.py:2614} INFO - Dependencies all met for dep_context=requeueable deps ti=<TaskInstance: parse_iot.parse_data scheduled__2026-01-31T10:00:00+00:00 [queued]>
[2026-02-02T14:43:14.689+0000] {taskinstance.py:2867} INFO - Starting attempt 2 of 5
[2026-02-02T14:43:14.696+0000] {taskinstance.py:2890} INFO - Executing <Task(ExternalTaskSensor): parse_data> on 2026-01-31 10:00:00+00:00
[2026-02-02T14:43:14.700+0000] {standard_task_runner.py:72} INFO - Started process 198 to run task
[2026-02-02T14:43:14.702+0000] {standard_task_runner.py:104} INFO - Running: ['***', 'tasks', 'run', 'parse_iot', 'parse_data', 'scheduled__2026-01-31T10:00:00+00:00', '--job-id', '63', '--raw', '--subdir', 'DAGS_FOLDER/parse_iot.py', '--cfg-path', '/tmp/tmp0wy3paes']
[2026-02-02T14:43:14.703+0000] {standard_task_runner.py:105} INFO - Job 63: Subtask parse_data
[2026-02-02T14:43:14.711+0000] {warnings.py:109} WARNING - /home/***/.local/lib/python3.9/site-packages/***/settings.py:209: DeprecationWarning: The sql_alchemy_conn option in [core] has been moved to the sql_alchemy_conn option in [database] - the old setting has been used, but please update your config.
  SQL_ALCHEMY_CONN = conf.get("database", "SQL_ALCHEMY_CONN")

[2026-02-02T14:43:14.732+0000] {task_command.py:467} INFO - Running <TaskInstance: parse_iot.parse_data scheduled__2026-01-31T10:00:00+00:00 [running]> on host 62d0328142ca
[2026-02-02T14:43:14.732+0000] {warnings.py:109} WARNING - /home/***/.local/lib/python3.9/site-packages/***/settings.py:470: DeprecationWarning: The sql_alchemy_conn option in [core] has been moved to the sql_alchemy_conn option in [database] - the old setting has been used, but please update your config.
  if conf.get("database", "sql_alchemy_conn") == "none://":

[2026-02-02T14:43:14.778+0000] {taskinstance.py:3134} INFO - Exporting env vars: AIRFLOW_CTX_DAG_OWNER='a.sorokin' AIRFLOW_CTX_DAG_ID='parse_iot' AIRFLOW_CTX_TASK_ID='parse_data' AIRFLOW_CTX_EXECUTION_DATE='2026-01-31T10:00:00+00:00' AIRFLOW_CTX_TRY_NUMBER='2' AIRFLOW_CTX_DAG_RUN_ID='scheduled__2026-01-31T10:00:00+00:00'
[2026-02-02T14:43:14.778+0000] {taskinstance.py:732} INFO - ::endgroup::
[2026-02-02T14:43:14.785+0000] {baseoperator.py:423} WARNING - ExternalTaskSensor.execute cannot be called outside TaskInstance!
[2026-02-02T14:43:14.791+0000] {external_task.py:274} INFO - Poking for DAG 'download_iot' on 2026-01-31T10:00:00+00:00 ... 
[2026-02-02T14:43:14.791+0000] {warnings.py:109} WARNING - /home/***/.local/lib/python3.9/site-packages/***/utils/session.py:97: DeprecationWarning: This method is deprecated and will be removed in future.
  return func(*args, session=session, **kwargs)

[2026-02-02T14:43:14.797+0000] {base.py:339} INFO - Success criteria met. Exiting.
[2026-02-02T14:43:14.803+0000] {taskinstance.py:341} INFO - ::group::Post task execution logs
[2026-02-02T14:43:14.803+0000] {taskinstance.py:353} INFO - Marking task as SUCCESS. dag_id=parse_iot, task_id=parse_data, run_id=scheduled__2026-01-31T10:00:00+00:00, execution_date=20260131T100000, start_date=20260202T144314, end_date=20260202T144314
[2026-02-02T14:43:14.834+0000] {local_task_job_runner.py:266} INFO - Task exited with return code 0
[2026-02-02T14:43:14.847+0000] {taskinstance.py:3901} INFO - 0 downstream tasks scheduled from follow-on schedule check
[2026-02-02T14:43:14.848+0000] {local_task_job_runner.py:245} INFO - ::endgroup::
