[2026-02-02T16:15:02.922+0000] {local_task_job_runner.py:123} INFO - ::group::Pre task execution logs
[2026-02-02T16:15:02.938+0000] {taskinstance.py:2614} INFO - Dependencies all met for dep_context=non-requeueable deps ti=<TaskInstance: parse_iot.clean_data scheduled__2026-02-01T10:00:00+00:00 [queued]>
[2026-02-02T16:15:02.945+0000] {taskinstance.py:2614} INFO - Dependencies all met for dep_context=requeueable deps ti=<TaskInstance: parse_iot.clean_data scheduled__2026-02-01T10:00:00+00:00 [queued]>
[2026-02-02T16:15:02.945+0000] {taskinstance.py:2867} INFO - Starting attempt 1 of 4
[2026-02-02T16:15:02.951+0000] {taskinstance.py:2890} INFO - Executing <Task(PythonOperator): clean_data> on 2026-02-01 10:00:00+00:00
[2026-02-02T16:15:02.955+0000] {standard_task_runner.py:72} INFO - Started process 430 to run task
[2026-02-02T16:15:02.957+0000] {standard_task_runner.py:104} INFO - Running: ['***', 'tasks', 'run', 'parse_iot', 'clean_data', 'scheduled__2026-02-01T10:00:00+00:00', '--job-id', '136', '--raw', '--subdir', 'DAGS_FOLDER/parse_iot.py', '--cfg-path', '/tmp/tmpshz9u5tb']
[2026-02-02T16:15:02.958+0000] {standard_task_runner.py:105} INFO - Job 136: Subtask clean_data
[2026-02-02T16:15:02.966+0000] {warnings.py:109} WARNING - /home/***/.local/lib/python3.9/site-packages/***/settings.py:209: DeprecationWarning: The sql_alchemy_conn option in [core] has been moved to the sql_alchemy_conn option in [database] - the old setting has been used, but please update your config.
  SQL_ALCHEMY_CONN = conf.get("database", "SQL_ALCHEMY_CONN")

[2026-02-02T16:15:02.989+0000] {task_command.py:467} INFO - Running <TaskInstance: parse_iot.clean_data scheduled__2026-02-01T10:00:00+00:00 [running]> on host 62d0328142ca
[2026-02-02T16:15:02.989+0000] {warnings.py:109} WARNING - /home/***/.local/lib/python3.9/site-packages/***/settings.py:470: DeprecationWarning: The sql_alchemy_conn option in [core] has been moved to the sql_alchemy_conn option in [database] - the old setting has been used, but please update your config.
  if conf.get("database", "sql_alchemy_conn") == "none://":

[2026-02-02T16:15:03.037+0000] {taskinstance.py:3134} INFO - Exporting env vars: AIRFLOW_CTX_DAG_OWNER='a.sorokin' AIRFLOW_CTX_DAG_ID='parse_iot' AIRFLOW_CTX_TASK_ID='clean_data' AIRFLOW_CTX_EXECUTION_DATE='2026-02-01T10:00:00+00:00' AIRFLOW_CTX_TRY_NUMBER='1' AIRFLOW_CTX_DAG_RUN_ID='scheduled__2026-02-01T10:00:00+00:00'
[2026-02-02T16:15:03.038+0000] {taskinstance.py:732} INFO - ::endgroup::
[2026-02-02T16:15:03.044+0000] {taskinstance.py:3313} ERROR - Task failed with exception
Traceback (most recent call last):
  File "/home/airflow/.local/lib/python3.9/site-packages/airflow/models/taskinstance.py", line 768, in _execute_task
    result = _execute_callable(context=context, **execute_callable_kwargs)
  File "/home/airflow/.local/lib/python3.9/site-packages/airflow/models/taskinstance.py", line 734, in _execute_callable
    return ExecutionCallableRunner(
  File "/home/airflow/.local/lib/python3.9/site-packages/airflow/utils/operator_helpers.py", line 252, in run
    return self.func(*args, **kwargs)
  File "/home/airflow/.local/lib/python3.9/site-packages/airflow/models/baseoperator.py", line 424, in wrapper
    return func(self, *args, **kwargs)
  File "/home/airflow/.local/lib/python3.9/site-packages/airflow/operators/python.py", line 238, in execute
    return_value = self.execute_callable()
  File "/home/airflow/.local/lib/python3.9/site-packages/airflow/operators/python.py", line 256, in execute_callable
    return runner.run(*self.op_args, **self.op_kwargs)
  File "/home/airflow/.local/lib/python3.9/site-packages/airflow/utils/operator_helpers.py", line 252, in run
    return self.func(*args, **kwargs)
  File "/opt/airflow/dags/parse_iot.py", line 62, in clean_data
    df = pd.read_csv('IOT-temp.csv')
NameError: name 'pd' is not defined
[2026-02-02T16:15:03.055+0000] {taskinstance.py:1226} INFO - Marking task as UP_FOR_RETRY. dag_id=parse_iot, task_id=clean_data, run_id=scheduled__2026-02-01T10:00:00+00:00, execution_date=20260201T100000, start_date=20260202T161502, end_date=20260202T161503
[2026-02-02T16:15:03.073+0000] {taskinstance.py:341} INFO - ::group::Post task execution logs
[2026-02-02T16:15:03.073+0000] {standard_task_runner.py:124} ERROR - Failed to execute job 136 for task clean_data (name 'pd' is not defined; 430)
Traceback (most recent call last):
  File "/home/airflow/.local/lib/python3.9/site-packages/airflow/task/task_runner/standard_task_runner.py", line 117, in _start_by_fork
    ret = args.func(args, dag=self.dag)
  File "/home/airflow/.local/lib/python3.9/site-packages/airflow/cli/cli_config.py", line 49, in command
    return func(*args, **kwargs)
  File "/home/airflow/.local/lib/python3.9/site-packages/airflow/utils/cli.py", line 116, in wrapper
    return f(*args, **kwargs)
  File "/home/airflow/.local/lib/python3.9/site-packages/airflow/cli/commands/task_command.py", line 483, in task_run
    task_return_code = _run_task_by_selected_method(args, _dag, ti)
  File "/home/airflow/.local/lib/python3.9/site-packages/airflow/cli/commands/task_command.py", line 256, in _run_task_by_selected_method
    return _run_raw_task(args, ti)
  File "/home/airflow/.local/lib/python3.9/site-packages/airflow/cli/commands/task_command.py", line 341, in _run_raw_task
    return ti._run_raw_task(
  File "/home/airflow/.local/lib/python3.9/site-packages/airflow/utils/session.py", line 97, in wrapper
    return func(*args, session=session, **kwargs)
  File "/home/airflow/.local/lib/python3.9/site-packages/airflow/models/taskinstance.py", line 3006, in _run_raw_task
    return _run_raw_task(
  File "/home/airflow/.local/lib/python3.9/site-packages/airflow/models/taskinstance.py", line 274, in _run_raw_task
    TaskInstance._execute_task_with_callbacks(
  File "/home/airflow/.local/lib/python3.9/site-packages/airflow/models/taskinstance.py", line 3161, in _execute_task_with_callbacks
    result = self._execute_task(context, task_orig)
  File "/home/airflow/.local/lib/python3.9/site-packages/airflow/models/taskinstance.py", line 3185, in _execute_task
    return _execute_task(self, context, task_orig)
  File "/home/airflow/.local/lib/python3.9/site-packages/airflow/models/taskinstance.py", line 768, in _execute_task
    result = _execute_callable(context=context, **execute_callable_kwargs)
  File "/home/airflow/.local/lib/python3.9/site-packages/airflow/models/taskinstance.py", line 734, in _execute_callable
    return ExecutionCallableRunner(
  File "/home/airflow/.local/lib/python3.9/site-packages/airflow/utils/operator_helpers.py", line 252, in run
    return self.func(*args, **kwargs)
  File "/home/airflow/.local/lib/python3.9/site-packages/airflow/models/baseoperator.py", line 424, in wrapper
    return func(self, *args, **kwargs)
  File "/home/airflow/.local/lib/python3.9/site-packages/airflow/operators/python.py", line 238, in execute
    return_value = self.execute_callable()
  File "/home/airflow/.local/lib/python3.9/site-packages/airflow/operators/python.py", line 256, in execute_callable
    return runner.run(*self.op_args, **self.op_kwargs)
  File "/home/airflow/.local/lib/python3.9/site-packages/airflow/utils/operator_helpers.py", line 252, in run
    return self.func(*args, **kwargs)
  File "/opt/airflow/dags/parse_iot.py", line 62, in clean_data
    df = pd.read_csv('IOT-temp.csv')
NameError: name 'pd' is not defined
[2026-02-02T16:15:03.089+0000] {local_task_job_runner.py:266} INFO - Task exited with return code 1
[2026-02-02T16:15:03.109+0000] {taskinstance.py:3901} INFO - 0 downstream tasks scheduled from follow-on schedule check
[2026-02-02T16:15:03.110+0000] {local_task_job_runner.py:245} INFO - ::endgroup::
[2026-02-14T16:32:09.039+0000] {local_task_job_runner.py:123} INFO - ::group::Pre task execution logs
[2026-02-14T16:32:09.057+0000] {taskinstance.py:2614} INFO - Dependencies all met for dep_context=non-requeueable deps ti=<TaskInstance: parse_iot.clean_data scheduled__2026-02-01T10:00:00+00:00 [queued]>
[2026-02-14T16:32:09.063+0000] {taskinstance.py:2614} INFO - Dependencies all met for dep_context=requeueable deps ti=<TaskInstance: parse_iot.clean_data scheduled__2026-02-01T10:00:00+00:00 [queued]>
[2026-02-14T16:32:09.063+0000] {taskinstance.py:2867} INFO - Starting attempt 1 of 4
[2026-02-14T16:32:09.069+0000] {taskinstance.py:2890} INFO - Executing <Task(PythonOperator): clean_data> on 2026-02-01 10:00:00+00:00
[2026-02-14T16:32:09.074+0000] {standard_task_runner.py:72} INFO - Started process 371 to run task
[2026-02-14T16:32:09.076+0000] {standard_task_runner.py:104} INFO - Running: ['***', 'tasks', 'run', 'parse_iot', 'clean_data', 'scheduled__2026-02-01T10:00:00+00:00', '--job-id', '76', '--raw', '--subdir', 'DAGS_FOLDER/parse_iot.py', '--cfg-path', '/tmp/tmp1rvl9012']
[2026-02-14T16:32:09.077+0000] {standard_task_runner.py:105} INFO - Job 76: Subtask clean_data
[2026-02-14T16:32:09.086+0000] {warnings.py:109} WARNING - /home/***/.local/lib/python3.9/site-packages/***/settings.py:209: DeprecationWarning: The sql_alchemy_conn option in [core] has been moved to the sql_alchemy_conn option in [database] - the old setting has been used, but please update your config.
  SQL_ALCHEMY_CONN = conf.get("database", "SQL_ALCHEMY_CONN")

[2026-02-14T16:32:09.107+0000] {task_command.py:467} INFO - Running <TaskInstance: parse_iot.clean_data scheduled__2026-02-01T10:00:00+00:00 [running]> on host a5c4ed865bb5
[2026-02-14T16:32:09.107+0000] {warnings.py:109} WARNING - /home/***/.local/lib/python3.9/site-packages/***/settings.py:470: DeprecationWarning: The sql_alchemy_conn option in [core] has been moved to the sql_alchemy_conn option in [database] - the old setting has been used, but please update your config.
  if conf.get("database", "sql_alchemy_conn") == "none://":

[2026-02-14T16:32:09.152+0000] {taskinstance.py:3134} INFO - Exporting env vars: AIRFLOW_CTX_DAG_OWNER='a.sorokin' AIRFLOW_CTX_DAG_ID='parse_iot' AIRFLOW_CTX_TASK_ID='clean_data' AIRFLOW_CTX_EXECUTION_DATE='2026-02-01T10:00:00+00:00' AIRFLOW_CTX_TRY_NUMBER='1' AIRFLOW_CTX_DAG_RUN_ID='scheduled__2026-02-01T10:00:00+00:00'
[2026-02-14T16:32:09.152+0000] {taskinstance.py:732} INFO - ::endgroup::
[2026-02-14T16:32:17.608+0000] {python.py:240} INFO - Done. Returned value was: None
[2026-02-14T16:32:17.615+0000] {taskinstance.py:341} INFO - ::group::Post task execution logs
[2026-02-14T16:32:17.615+0000] {taskinstance.py:353} INFO - Marking task as SUCCESS. dag_id=parse_iot, task_id=clean_data, run_id=scheduled__2026-02-01T10:00:00+00:00, execution_date=20260201T100000, start_date=20260214T163209, end_date=20260214T163217
[2026-02-14T16:32:17.658+0000] {local_task_job_runner.py:266} INFO - Task exited with return code 0
[2026-02-14T16:32:17.675+0000] {taskinstance.py:3901} INFO - 0 downstream tasks scheduled from follow-on schedule check
[2026-02-14T16:32:17.676+0000] {local_task_job_runner.py:245} INFO - ::endgroup::
[2026-02-14T17:49:33.820+0000] {local_task_job_runner.py:123} INFO - ::group::Pre task execution logs
[2026-02-14T17:49:33.838+0000] {taskinstance.py:2614} INFO - Dependencies all met for dep_context=non-requeueable deps ti=<TaskInstance: parse_iot.clean_data scheduled__2026-02-01T10:00:00+00:00 [queued]>
[2026-02-14T17:49:33.846+0000] {taskinstance.py:2614} INFO - Dependencies all met for dep_context=requeueable deps ti=<TaskInstance: parse_iot.clean_data scheduled__2026-02-01T10:00:00+00:00 [queued]>
[2026-02-14T17:49:33.846+0000] {taskinstance.py:2867} INFO - Starting attempt 1 of 4
[2026-02-14T17:49:33.854+0000] {taskinstance.py:2890} INFO - Executing <Task(PythonOperator): clean_data> on 2026-02-01 10:00:00+00:00
[2026-02-14T17:49:33.859+0000] {standard_task_runner.py:72} INFO - Started process 431 to run task
[2026-02-14T17:49:33.861+0000] {standard_task_runner.py:104} INFO - Running: ['***', 'tasks', 'run', 'parse_iot', 'clean_data', 'scheduled__2026-02-01T10:00:00+00:00', '--job-id', '91', '--raw', '--subdir', 'DAGS_FOLDER/parse_iot.py', '--cfg-path', '/tmp/tmpwsc_lc2j']
[2026-02-14T17:49:33.863+0000] {standard_task_runner.py:105} INFO - Job 91: Subtask clean_data
[2026-02-14T17:49:33.871+0000] {warnings.py:109} WARNING - /home/***/.local/lib/python3.9/site-packages/***/settings.py:209: DeprecationWarning: The sql_alchemy_conn option in [core] has been moved to the sql_alchemy_conn option in [database] - the old setting has been used, but please update your config.
  SQL_ALCHEMY_CONN = conf.get("database", "SQL_ALCHEMY_CONN")

[2026-02-14T17:49:33.894+0000] {task_command.py:467} INFO - Running <TaskInstance: parse_iot.clean_data scheduled__2026-02-01T10:00:00+00:00 [running]> on host 9052c134cdec
[2026-02-14T17:49:33.894+0000] {warnings.py:109} WARNING - /home/***/.local/lib/python3.9/site-packages/***/settings.py:470: DeprecationWarning: The sql_alchemy_conn option in [core] has been moved to the sql_alchemy_conn option in [database] - the old setting has been used, but please update your config.
  if conf.get("database", "sql_alchemy_conn") == "none://":

[2026-02-14T17:49:33.941+0000] {taskinstance.py:3134} INFO - Exporting env vars: AIRFLOW_CTX_DAG_OWNER='a.sorokin' AIRFLOW_CTX_DAG_ID='parse_iot' AIRFLOW_CTX_TASK_ID='clean_data' AIRFLOW_CTX_EXECUTION_DATE='2026-02-01T10:00:00+00:00' AIRFLOW_CTX_TRY_NUMBER='1' AIRFLOW_CTX_DAG_RUN_ID='scheduled__2026-02-01T10:00:00+00:00'
[2026-02-14T17:49:33.942+0000] {taskinstance.py:732} INFO - ::endgroup::
[2026-02-14T17:49:42.560+0000] {python.py:240} INFO - Done. Returned value was: None
[2026-02-14T17:49:42.567+0000] {taskinstance.py:341} INFO - ::group::Post task execution logs
[2026-02-14T17:49:42.567+0000] {taskinstance.py:353} INFO - Marking task as SUCCESS. dag_id=parse_iot, task_id=clean_data, run_id=scheduled__2026-02-01T10:00:00+00:00, execution_date=20260201T100000, start_date=20260214T174933, end_date=20260214T174942
[2026-02-14T17:49:42.605+0000] {local_task_job_runner.py:266} INFO - Task exited with return code 0
[2026-02-14T17:49:42.624+0000] {taskinstance.py:3901} INFO - 0 downstream tasks scheduled from follow-on schedule check
[2026-02-14T17:49:42.625+0000] {local_task_job_runner.py:245} INFO - ::endgroup::
[2026-02-14T18:14:20.122+0000] {local_task_job_runner.py:123} INFO - ::group::Pre task execution logs
[2026-02-14T18:14:20.138+0000] {taskinstance.py:2614} INFO - Dependencies all met for dep_context=non-requeueable deps ti=<TaskInstance: parse_iot.clean_data scheduled__2026-02-01T10:00:00+00:00 [queued]>
[2026-02-14T18:14:20.144+0000] {taskinstance.py:2614} INFO - Dependencies all met for dep_context=requeueable deps ti=<TaskInstance: parse_iot.clean_data scheduled__2026-02-01T10:00:00+00:00 [queued]>
[2026-02-14T18:14:20.145+0000] {taskinstance.py:2867} INFO - Starting attempt 1 of 4
[2026-02-14T18:14:20.151+0000] {taskinstance.py:2890} INFO - Executing <Task(PythonOperator): clean_data> on 2026-02-01 10:00:00+00:00
[2026-02-14T18:14:20.156+0000] {standard_task_runner.py:72} INFO - Started process 347 to run task
[2026-02-14T18:14:20.158+0000] {standard_task_runner.py:104} INFO - Running: ['***', 'tasks', 'run', 'parse_iot', 'clean_data', 'scheduled__2026-02-01T10:00:00+00:00', '--job-id', '70', '--raw', '--subdir', 'DAGS_FOLDER/parse_iot.py', '--cfg-path', '/tmp/tmpk1cu_cy3']
[2026-02-14T18:14:20.159+0000] {standard_task_runner.py:105} INFO - Job 70: Subtask clean_data
[2026-02-14T18:14:20.168+0000] {warnings.py:109} WARNING - /home/***/.local/lib/python3.9/site-packages/***/settings.py:209: DeprecationWarning: The sql_alchemy_conn option in [core] has been moved to the sql_alchemy_conn option in [database] - the old setting has been used, but please update your config.
  SQL_ALCHEMY_CONN = conf.get("database", "SQL_ALCHEMY_CONN")

[2026-02-14T18:14:20.188+0000] {task_command.py:467} INFO - Running <TaskInstance: parse_iot.clean_data scheduled__2026-02-01T10:00:00+00:00 [running]> on host bb762b62a2c2
[2026-02-14T18:14:20.189+0000] {warnings.py:109} WARNING - /home/***/.local/lib/python3.9/site-packages/***/settings.py:470: DeprecationWarning: The sql_alchemy_conn option in [core] has been moved to the sql_alchemy_conn option in [database] - the old setting has been used, but please update your config.
  if conf.get("database", "sql_alchemy_conn") == "none://":

[2026-02-14T18:14:20.235+0000] {taskinstance.py:3134} INFO - Exporting env vars: AIRFLOW_CTX_DAG_OWNER='a.sorokin' AIRFLOW_CTX_DAG_ID='parse_iot' AIRFLOW_CTX_TASK_ID='clean_data' AIRFLOW_CTX_EXECUTION_DATE='2026-02-01T10:00:00+00:00' AIRFLOW_CTX_TRY_NUMBER='1' AIRFLOW_CTX_DAG_RUN_ID='scheduled__2026-02-01T10:00:00+00:00'
[2026-02-14T18:14:20.236+0000] {taskinstance.py:732} INFO - ::endgroup::
[2026-02-14T18:14:28.760+0000] {python.py:240} INFO - Done. Returned value was: None
[2026-02-14T18:14:28.767+0000] {taskinstance.py:341} INFO - ::group::Post task execution logs
[2026-02-14T18:14:28.767+0000] {taskinstance.py:353} INFO - Marking task as SUCCESS. dag_id=parse_iot, task_id=clean_data, run_id=scheduled__2026-02-01T10:00:00+00:00, execution_date=20260201T100000, start_date=20260214T181420, end_date=20260214T181428
[2026-02-14T18:14:28.815+0000] {local_task_job_runner.py:266} INFO - Task exited with return code 0
[2026-02-14T18:14:28.834+0000] {taskinstance.py:3901} INFO - 0 downstream tasks scheduled from follow-on schedule check
[2026-02-14T18:14:28.835+0000] {local_task_job_runner.py:245} INFO - ::endgroup::
