[2026-02-16T14:43:57.675+0000] {processor.py:186} INFO - Started process (PID=77) to work on /opt/airflow/dags/load_postrges.py
[2026-02-16T14:43:57.675+0000] {processor.py:914} INFO - Processing file /opt/airflow/dags/load_postrges.py for tasks to queue
[2026-02-16T14:43:57.677+0000] {logging_mixin.py:190} INFO - [2026-02-16T14:43:57.676+0000] {dagbag.py:588} INFO - Filling up the DagBag from /opt/airflow/dags/load_postrges.py
[2026-02-16T14:43:58.765+0000] {processor.py:925} INFO - DAG(s) 'load_postgres' retrieved from /opt/airflow/dags/load_postrges.py
[2026-02-16T14:43:58.826+0000] {logging_mixin.py:190} INFO - [2026-02-16T14:43:58.825+0000] {override.py:1912} INFO - Created Permission View: can edit on DAG:load_postgres
[2026-02-16T14:43:58.834+0000] {logging_mixin.py:190} INFO - [2026-02-16T14:43:58.834+0000] {override.py:1912} INFO - Created Permission View: can read on DAG:load_postgres
[2026-02-16T14:43:58.839+0000] {logging_mixin.py:190} INFO - [2026-02-16T14:43:58.839+0000] {override.py:1912} INFO - Created Permission View: can delete on DAG:load_postgres
[2026-02-16T14:43:58.845+0000] {logging_mixin.py:190} INFO - [2026-02-16T14:43:58.845+0000] {override.py:1912} INFO - Created Permission View: can delete on DAG Run:load_postgres
[2026-02-16T14:43:58.850+0000] {logging_mixin.py:190} INFO - [2026-02-16T14:43:58.850+0000] {override.py:1912} INFO - Created Permission View: can read on DAG Run:load_postgres
[2026-02-16T14:43:58.856+0000] {logging_mixin.py:190} INFO - [2026-02-16T14:43:58.855+0000] {override.py:1912} INFO - Created Permission View: can create on DAG Run:load_postgres
[2026-02-16T14:43:58.860+0000] {logging_mixin.py:190} INFO - [2026-02-16T14:43:58.860+0000] {override.py:1912} INFO - Created Permission View: menu access on DAG Run:load_postgres
[2026-02-16T14:43:58.861+0000] {logging_mixin.py:190} INFO - [2026-02-16T14:43:58.861+0000] {dag.py:3239} INFO - Sync 1 DAGs
[2026-02-16T14:43:58.872+0000] {logging_mixin.py:190} INFO - [2026-02-16T14:43:58.871+0000] {dag.py:3262} INFO - Creating ORM DAG for load_postgres
[2026-02-16T14:43:58.882+0000] {logging_mixin.py:190} INFO - [2026-02-16T14:43:58.882+0000] {dag.py:4180} INFO - Setting next_dagrun for load_postgres to 2026-01-30 10:00:00+00:00, run_after=2026-01-31 10:00:00+00:00
[2026-02-16T14:43:58.896+0000] {processor.py:208} INFO - Processing /opt/airflow/dags/load_postrges.py took 1.226 seconds
[2026-02-16T14:44:29.154+0000] {processor.py:186} INFO - Started process (PID=88) to work on /opt/airflow/dags/load_postrges.py
[2026-02-16T14:44:29.155+0000] {processor.py:914} INFO - Processing file /opt/airflow/dags/load_postrges.py for tasks to queue
[2026-02-16T14:44:29.157+0000] {logging_mixin.py:190} INFO - [2026-02-16T14:44:29.156+0000] {dagbag.py:588} INFO - Filling up the DagBag from /opt/airflow/dags/load_postrges.py
[2026-02-16T14:44:29.450+0000] {processor.py:925} INFO - DAG(s) 'load_postgres' retrieved from /opt/airflow/dags/load_postrges.py
[2026-02-16T14:44:29.464+0000] {logging_mixin.py:190} INFO - [2026-02-16T14:44:29.463+0000] {dag.py:3239} INFO - Sync 1 DAGs
[2026-02-16T14:44:29.477+0000] {logging_mixin.py:190} INFO - [2026-02-16T14:44:29.477+0000] {dag.py:4180} INFO - Setting next_dagrun for load_postgres to 2026-02-04 10:00:00+00:00, run_after=2026-02-05 10:00:00+00:00
[2026-02-16T14:44:29.488+0000] {processor.py:208} INFO - Processing /opt/airflow/dags/load_postrges.py took 0.337 seconds
[2026-02-16T14:44:59.698+0000] {processor.py:186} INFO - Started process (PID=118) to work on /opt/airflow/dags/load_postrges.py
[2026-02-16T14:44:59.704+0000] {processor.py:914} INFO - Processing file /opt/airflow/dags/load_postrges.py for tasks to queue
[2026-02-16T14:44:59.705+0000] {logging_mixin.py:190} INFO - [2026-02-16T14:44:59.705+0000] {dagbag.py:588} INFO - Filling up the DagBag from /opt/airflow/dags/load_postrges.py
[2026-02-16T14:45:00.033+0000] {processor.py:925} INFO - DAG(s) 'load_postgres' retrieved from /opt/airflow/dags/load_postrges.py
[2026-02-16T14:45:00.047+0000] {logging_mixin.py:190} INFO - [2026-02-16T14:45:00.046+0000] {dag.py:3239} INFO - Sync 1 DAGs
[2026-02-16T14:45:00.071+0000] {processor.py:208} INFO - Processing /opt/airflow/dags/load_postrges.py took 0.377 seconds
[2026-02-16T14:45:30.241+0000] {processor.py:186} INFO - Started process (PID=128) to work on /opt/airflow/dags/load_postrges.py
[2026-02-16T14:45:30.242+0000] {processor.py:914} INFO - Processing file /opt/airflow/dags/load_postrges.py for tasks to queue
[2026-02-16T14:45:30.243+0000] {logging_mixin.py:190} INFO - [2026-02-16T14:45:30.243+0000] {dagbag.py:588} INFO - Filling up the DagBag from /opt/airflow/dags/load_postrges.py
[2026-02-16T14:45:30.543+0000] {processor.py:925} INFO - DAG(s) 'load_postgres' retrieved from /opt/airflow/dags/load_postrges.py
[2026-02-16T14:45:30.558+0000] {logging_mixin.py:190} INFO - [2026-02-16T14:45:30.557+0000] {dag.py:3239} INFO - Sync 1 DAGs
[2026-02-16T14:45:30.584+0000] {processor.py:208} INFO - Processing /opt/airflow/dags/load_postrges.py took 0.347 seconds
[2026-02-16T14:46:00.747+0000] {processor.py:186} INFO - Started process (PID=178) to work on /opt/airflow/dags/load_postrges.py
[2026-02-16T14:46:00.753+0000] {processor.py:914} INFO - Processing file /opt/airflow/dags/load_postrges.py for tasks to queue
[2026-02-16T14:46:00.754+0000] {logging_mixin.py:190} INFO - [2026-02-16T14:46:00.754+0000] {dagbag.py:588} INFO - Filling up the DagBag from /opt/airflow/dags/load_postrges.py
[2026-02-16T14:46:01.038+0000] {processor.py:925} INFO - DAG(s) 'load_postgres' retrieved from /opt/airflow/dags/load_postrges.py
[2026-02-16T14:46:01.052+0000] {logging_mixin.py:190} INFO - [2026-02-16T14:46:01.052+0000] {dag.py:3239} INFO - Sync 1 DAGs
[2026-02-16T14:46:01.082+0000] {processor.py:208} INFO - Processing /opt/airflow/dags/load_postrges.py took 0.339 seconds
[2026-02-16T14:46:31.286+0000] {processor.py:186} INFO - Started process (PID=184) to work on /opt/airflow/dags/load_postrges.py
[2026-02-16T14:46:31.287+0000] {processor.py:914} INFO - Processing file /opt/airflow/dags/load_postrges.py for tasks to queue
[2026-02-16T14:46:31.288+0000] {logging_mixin.py:190} INFO - [2026-02-16T14:46:31.288+0000] {dagbag.py:588} INFO - Filling up the DagBag from /opt/airflow/dags/load_postrges.py
[2026-02-16T14:46:31.590+0000] {processor.py:925} INFO - DAG(s) 'load_postgres' retrieved from /opt/airflow/dags/load_postrges.py
[2026-02-16T14:46:31.605+0000] {logging_mixin.py:190} INFO - [2026-02-16T14:46:31.605+0000] {dag.py:3239} INFO - Sync 1 DAGs
[2026-02-16T14:46:31.635+0000] {processor.py:208} INFO - Processing /opt/airflow/dags/load_postrges.py took 0.355 seconds
[2026-02-16T14:47:01.847+0000] {processor.py:186} INFO - Started process (PID=198) to work on /opt/airflow/dags/load_postrges.py
[2026-02-16T14:47:01.853+0000] {processor.py:914} INFO - Processing file /opt/airflow/dags/load_postrges.py for tasks to queue
[2026-02-16T14:47:01.854+0000] {logging_mixin.py:190} INFO - [2026-02-16T14:47:01.854+0000] {dagbag.py:588} INFO - Filling up the DagBag from /opt/airflow/dags/load_postrges.py
[2026-02-16T14:47:02.119+0000] {processor.py:925} INFO - DAG(s) 'load_postgres' retrieved from /opt/airflow/dags/load_postrges.py
[2026-02-16T14:47:02.131+0000] {logging_mixin.py:190} INFO - [2026-02-16T14:47:02.131+0000] {dag.py:3239} INFO - Sync 1 DAGs
[2026-02-16T14:47:02.159+0000] {processor.py:208} INFO - Processing /opt/airflow/dags/load_postrges.py took 0.316 seconds
[2026-02-16T14:47:32.342+0000] {processor.py:186} INFO - Started process (PID=204) to work on /opt/airflow/dags/load_postrges.py
[2026-02-16T14:47:32.343+0000] {processor.py:914} INFO - Processing file /opt/airflow/dags/load_postrges.py for tasks to queue
[2026-02-16T14:47:32.344+0000] {logging_mixin.py:190} INFO - [2026-02-16T14:47:32.344+0000] {dagbag.py:588} INFO - Filling up the DagBag from /opt/airflow/dags/load_postrges.py
[2026-02-16T14:47:32.617+0000] {processor.py:925} INFO - DAG(s) 'load_postgres' retrieved from /opt/airflow/dags/load_postrges.py
[2026-02-16T14:47:32.630+0000] {logging_mixin.py:190} INFO - [2026-02-16T14:47:32.630+0000] {dag.py:3239} INFO - Sync 1 DAGs
[2026-02-16T14:47:32.658+0000] {processor.py:208} INFO - Processing /opt/airflow/dags/load_postrges.py took 0.319 seconds
[2026-02-16T14:48:02.858+0000] {processor.py:186} INFO - Started process (PID=218) to work on /opt/airflow/dags/load_postrges.py
[2026-02-16T14:48:02.864+0000] {processor.py:914} INFO - Processing file /opt/airflow/dags/load_postrges.py for tasks to queue
[2026-02-16T14:48:02.865+0000] {logging_mixin.py:190} INFO - [2026-02-16T14:48:02.865+0000] {dagbag.py:588} INFO - Filling up the DagBag from /opt/airflow/dags/load_postrges.py
[2026-02-16T14:48:03.140+0000] {processor.py:925} INFO - DAG(s) 'load_postgres' retrieved from /opt/airflow/dags/load_postrges.py
[2026-02-16T14:48:03.152+0000] {logging_mixin.py:190} INFO - [2026-02-16T14:48:03.152+0000] {dag.py:3239} INFO - Sync 1 DAGs
[2026-02-16T14:48:03.179+0000] {processor.py:208} INFO - Processing /opt/airflow/dags/load_postrges.py took 0.325 seconds
[2026-02-16T14:48:33.388+0000] {processor.py:186} INFO - Started process (PID=224) to work on /opt/airflow/dags/load_postrges.py
[2026-02-16T14:48:33.395+0000] {processor.py:914} INFO - Processing file /opt/airflow/dags/load_postrges.py for tasks to queue
[2026-02-16T14:48:33.396+0000] {logging_mixin.py:190} INFO - [2026-02-16T14:48:33.396+0000] {dagbag.py:588} INFO - Filling up the DagBag from /opt/airflow/dags/load_postrges.py
[2026-02-16T14:48:33.676+0000] {processor.py:925} INFO - DAG(s) 'load_postgres' retrieved from /opt/airflow/dags/load_postrges.py
[2026-02-16T14:48:33.692+0000] {logging_mixin.py:190} INFO - [2026-02-16T14:48:33.691+0000] {dag.py:3239} INFO - Sync 1 DAGs
[2026-02-16T14:48:33.724+0000] {processor.py:208} INFO - Processing /opt/airflow/dags/load_postrges.py took 0.340 seconds
[2026-02-16T14:49:03.939+0000] {processor.py:186} INFO - Started process (PID=234) to work on /opt/airflow/dags/load_postrges.py
[2026-02-16T14:49:03.945+0000] {processor.py:914} INFO - Processing file /opt/airflow/dags/load_postrges.py for tasks to queue
[2026-02-16T14:49:03.946+0000] {logging_mixin.py:190} INFO - [2026-02-16T14:49:03.946+0000] {dagbag.py:588} INFO - Filling up the DagBag from /opt/airflow/dags/load_postrges.py
[2026-02-16T14:49:04.239+0000] {processor.py:925} INFO - DAG(s) 'load_postgres' retrieved from /opt/airflow/dags/load_postrges.py
[2026-02-16T14:49:04.251+0000] {logging_mixin.py:190} INFO - [2026-02-16T14:49:04.251+0000] {dag.py:3239} INFO - Sync 1 DAGs
[2026-02-16T14:49:04.278+0000] {processor.py:208} INFO - Processing /opt/airflow/dags/load_postrges.py took 0.344 seconds
[2026-02-16T14:49:34.483+0000] {processor.py:186} INFO - Started process (PID=240) to work on /opt/airflow/dags/load_postrges.py
[2026-02-16T14:49:34.484+0000] {processor.py:914} INFO - Processing file /opt/airflow/dags/load_postrges.py for tasks to queue
[2026-02-16T14:49:34.485+0000] {logging_mixin.py:190} INFO - [2026-02-16T14:49:34.485+0000] {dagbag.py:588} INFO - Filling up the DagBag from /opt/airflow/dags/load_postrges.py
[2026-02-16T14:49:34.779+0000] {processor.py:925} INFO - DAG(s) 'load_postgres' retrieved from /opt/airflow/dags/load_postrges.py
[2026-02-16T14:49:34.796+0000] {logging_mixin.py:190} INFO - [2026-02-16T14:49:34.796+0000] {dag.py:3239} INFO - Sync 1 DAGs
[2026-02-16T14:49:34.833+0000] {processor.py:208} INFO - Processing /opt/airflow/dags/load_postrges.py took 0.353 seconds
[2026-02-16T14:50:05.029+0000] {processor.py:186} INFO - Started process (PID=254) to work on /opt/airflow/dags/load_postrges.py
[2026-02-16T14:50:05.034+0000] {processor.py:914} INFO - Processing file /opt/airflow/dags/load_postrges.py for tasks to queue
[2026-02-16T14:50:05.035+0000] {logging_mixin.py:190} INFO - [2026-02-16T14:50:05.035+0000] {dagbag.py:588} INFO - Filling up the DagBag from /opt/airflow/dags/load_postrges.py
[2026-02-16T14:50:05.289+0000] {processor.py:925} INFO - DAG(s) 'load_postgres' retrieved from /opt/airflow/dags/load_postrges.py
[2026-02-16T14:50:05.301+0000] {logging_mixin.py:190} INFO - [2026-02-16T14:50:05.301+0000] {dag.py:3239} INFO - Sync 1 DAGs
[2026-02-16T14:50:05.328+0000] {processor.py:208} INFO - Processing /opt/airflow/dags/load_postrges.py took 0.303 seconds
[2026-02-16T14:50:35.526+0000] {processor.py:186} INFO - Started process (PID=260) to work on /opt/airflow/dags/load_postrges.py
[2026-02-16T14:50:35.532+0000] {processor.py:914} INFO - Processing file /opt/airflow/dags/load_postrges.py for tasks to queue
[2026-02-16T14:50:35.533+0000] {logging_mixin.py:190} INFO - [2026-02-16T14:50:35.532+0000] {dagbag.py:588} INFO - Filling up the DagBag from /opt/airflow/dags/load_postrges.py
[2026-02-16T14:50:35.782+0000] {processor.py:925} INFO - DAG(s) 'load_postgres' retrieved from /opt/airflow/dags/load_postrges.py
[2026-02-16T14:50:35.794+0000] {logging_mixin.py:190} INFO - [2026-02-16T14:50:35.793+0000] {dag.py:3239} INFO - Sync 1 DAGs
[2026-02-16T14:50:35.819+0000] {processor.py:208} INFO - Processing /opt/airflow/dags/load_postrges.py took 0.298 seconds
[2026-02-16T14:51:06.020+0000] {processor.py:186} INFO - Started process (PID=266) to work on /opt/airflow/dags/load_postrges.py
[2026-02-16T14:51:06.021+0000] {processor.py:914} INFO - Processing file /opt/airflow/dags/load_postrges.py for tasks to queue
[2026-02-16T14:51:06.022+0000] {logging_mixin.py:190} INFO - [2026-02-16T14:51:06.022+0000] {dagbag.py:588} INFO - Filling up the DagBag from /opt/airflow/dags/load_postrges.py
[2026-02-16T14:51:06.281+0000] {processor.py:925} INFO - DAG(s) 'load_postgres' retrieved from /opt/airflow/dags/load_postrges.py
[2026-02-16T14:51:06.293+0000] {logging_mixin.py:190} INFO - [2026-02-16T14:51:06.293+0000] {dag.py:3239} INFO - Sync 1 DAGs
[2026-02-16T14:51:06.320+0000] {processor.py:208} INFO - Processing /opt/airflow/dags/load_postrges.py took 0.304 seconds
[2026-02-16T14:51:36.532+0000] {processor.py:186} INFO - Started process (PID=272) to work on /opt/airflow/dags/load_postrges.py
[2026-02-16T14:51:36.539+0000] {processor.py:914} INFO - Processing file /opt/airflow/dags/load_postrges.py for tasks to queue
[2026-02-16T14:51:36.540+0000] {logging_mixin.py:190} INFO - [2026-02-16T14:51:36.540+0000] {dagbag.py:588} INFO - Filling up the DagBag from /opt/airflow/dags/load_postrges.py
[2026-02-16T14:51:36.810+0000] {processor.py:925} INFO - DAG(s) 'load_postgres' retrieved from /opt/airflow/dags/load_postrges.py
[2026-02-16T14:51:36.822+0000] {logging_mixin.py:190} INFO - [2026-02-16T14:51:36.822+0000] {dag.py:3239} INFO - Sync 1 DAGs
[2026-02-16T14:51:36.848+0000] {processor.py:208} INFO - Processing /opt/airflow/dags/load_postrges.py took 0.321 seconds
[2026-02-16T14:52:07.037+0000] {processor.py:186} INFO - Started process (PID=278) to work on /opt/airflow/dags/load_postrges.py
[2026-02-16T14:52:07.039+0000] {processor.py:914} INFO - Processing file /opt/airflow/dags/load_postrges.py for tasks to queue
[2026-02-16T14:52:07.040+0000] {logging_mixin.py:190} INFO - [2026-02-16T14:52:07.040+0000] {dagbag.py:588} INFO - Filling up the DagBag from /opt/airflow/dags/load_postrges.py
[2026-02-16T14:52:07.303+0000] {processor.py:925} INFO - DAG(s) 'load_postgres' retrieved from /opt/airflow/dags/load_postrges.py
[2026-02-16T14:52:07.317+0000] {logging_mixin.py:190} INFO - [2026-02-16T14:52:07.317+0000] {dag.py:3239} INFO - Sync 1 DAGs
[2026-02-16T14:52:07.347+0000] {processor.py:208} INFO - Processing /opt/airflow/dags/load_postrges.py took 0.314 seconds
[2026-02-16T14:52:37.555+0000] {processor.py:186} INFO - Started process (PID=284) to work on /opt/airflow/dags/load_postrges.py
[2026-02-16T14:52:37.561+0000] {processor.py:914} INFO - Processing file /opt/airflow/dags/load_postrges.py for tasks to queue
[2026-02-16T14:52:37.562+0000] {logging_mixin.py:190} INFO - [2026-02-16T14:52:37.561+0000] {dagbag.py:588} INFO - Filling up the DagBag from /opt/airflow/dags/load_postrges.py
[2026-02-16T14:52:37.833+0000] {processor.py:925} INFO - DAG(s) 'load_postgres' retrieved from /opt/airflow/dags/load_postrges.py
[2026-02-16T14:52:37.846+0000] {logging_mixin.py:190} INFO - [2026-02-16T14:52:37.846+0000] {dag.py:3239} INFO - Sync 1 DAGs
[2026-02-16T14:52:37.875+0000] {processor.py:208} INFO - Processing /opt/airflow/dags/load_postrges.py took 0.324 seconds
[2026-02-16T14:53:08.084+0000] {processor.py:186} INFO - Started process (PID=290) to work on /opt/airflow/dags/load_postrges.py
[2026-02-16T14:53:08.090+0000] {processor.py:914} INFO - Processing file /opt/airflow/dags/load_postrges.py for tasks to queue
[2026-02-16T14:53:08.091+0000] {logging_mixin.py:190} INFO - [2026-02-16T14:53:08.091+0000] {dagbag.py:588} INFO - Filling up the DagBag from /opt/airflow/dags/load_postrges.py
[2026-02-16T14:53:08.356+0000] {processor.py:925} INFO - DAG(s) 'load_postgres' retrieved from /opt/airflow/dags/load_postrges.py
[2026-02-16T14:53:08.368+0000] {logging_mixin.py:190} INFO - [2026-02-16T14:53:08.368+0000] {dag.py:3239} INFO - Sync 1 DAGs
[2026-02-16T14:53:08.393+0000] {processor.py:208} INFO - Processing /opt/airflow/dags/load_postrges.py took 0.313 seconds
[2026-02-16T14:53:38.550+0000] {processor.py:186} INFO - Started process (PID=296) to work on /opt/airflow/dags/load_postrges.py
[2026-02-16T14:53:38.555+0000] {processor.py:914} INFO - Processing file /opt/airflow/dags/load_postrges.py for tasks to queue
[2026-02-16T14:53:38.557+0000] {logging_mixin.py:190} INFO - [2026-02-16T14:53:38.556+0000] {dagbag.py:588} INFO - Filling up the DagBag from /opt/airflow/dags/load_postrges.py
[2026-02-16T14:53:38.808+0000] {processor.py:925} INFO - DAG(s) 'load_postgres' retrieved from /opt/airflow/dags/load_postrges.py
[2026-02-16T14:53:38.820+0000] {logging_mixin.py:190} INFO - [2026-02-16T14:53:38.819+0000] {dag.py:3239} INFO - Sync 1 DAGs
[2026-02-16T14:53:38.846+0000] {processor.py:208} INFO - Processing /opt/airflow/dags/load_postrges.py took 0.300 seconds
[2026-02-16T14:53:42.930+0000] {processor.py:186} INFO - Started process (PID=301) to work on /opt/airflow/dags/load_postrges.py
[2026-02-16T14:53:42.931+0000] {processor.py:914} INFO - Processing file /opt/airflow/dags/load_postrges.py for tasks to queue
[2026-02-16T14:53:42.932+0000] {logging_mixin.py:190} INFO - [2026-02-16T14:53:42.932+0000] {dagbag.py:588} INFO - Filling up the DagBag from /opt/airflow/dags/load_postrges.py
[2026-02-16T14:53:43.176+0000] {processor.py:925} INFO - DAG(s) 'load_postgres' retrieved from /opt/airflow/dags/load_postrges.py
[2026-02-16T14:53:43.187+0000] {logging_mixin.py:190} INFO - [2026-02-16T14:53:43.187+0000] {dag.py:3239} INFO - Sync 1 DAGs
[2026-02-16T14:53:43.212+0000] {processor.py:208} INFO - Processing /opt/airflow/dags/load_postrges.py took 0.286 seconds
