[2026-02-02T16:15:54.240+0000] {local_task_job_runner.py:123} INFO - ::group::Pre task execution logs
[2026-02-02T16:15:54.257+0000] {taskinstance.py:2614} INFO - Dependencies all met for dep_context=non-requeueable deps ti=<TaskInstance: parse_iot.check_download_complete scheduled__2026-02-01T10:00:00+00:00 [queued]>
[2026-02-02T16:15:54.265+0000] {taskinstance.py:2614} INFO - Dependencies all met for dep_context=requeueable deps ti=<TaskInstance: parse_iot.check_download_complete scheduled__2026-02-01T10:00:00+00:00 [queued]>
[2026-02-02T16:15:54.265+0000] {taskinstance.py:2867} INFO - Starting attempt 3 of 6
[2026-02-02T16:15:54.271+0000] {taskinstance.py:2890} INFO - Executing <Task(ExternalTaskSensor): check_download_complete> on 2026-02-01 10:00:00+00:00
[2026-02-02T16:15:54.277+0000] {standard_task_runner.py:72} INFO - Started process 438 to run task
[2026-02-02T16:15:54.279+0000] {standard_task_runner.py:104} INFO - Running: ['***', 'tasks', 'run', 'parse_iot', 'check_download_complete', 'scheduled__2026-02-01T10:00:00+00:00', '--job-id', '138', '--raw', '--subdir', 'DAGS_FOLDER/parse_iot.py', '--cfg-path', '/tmp/tmpjlatizsf']
[2026-02-02T16:15:54.280+0000] {standard_task_runner.py:105} INFO - Job 138: Subtask check_download_complete
[2026-02-02T16:15:54.289+0000] {warnings.py:109} WARNING - /home/***/.local/lib/python3.9/site-packages/***/settings.py:209: DeprecationWarning: The sql_alchemy_conn option in [core] has been moved to the sql_alchemy_conn option in [database] - the old setting has been used, but please update your config.
  SQL_ALCHEMY_CONN = conf.get("database", "SQL_ALCHEMY_CONN")

[2026-02-02T16:15:54.312+0000] {task_command.py:467} INFO - Running <TaskInstance: parse_iot.check_download_complete scheduled__2026-02-01T10:00:00+00:00 [running]> on host 62d0328142ca
[2026-02-02T16:15:54.312+0000] {warnings.py:109} WARNING - /home/***/.local/lib/python3.9/site-packages/***/settings.py:470: DeprecationWarning: The sql_alchemy_conn option in [core] has been moved to the sql_alchemy_conn option in [database] - the old setting has been used, but please update your config.
  if conf.get("database", "sql_alchemy_conn") == "none://":

[2026-02-02T16:15:54.362+0000] {taskinstance.py:3134} INFO - Exporting env vars: AIRFLOW_CTX_DAG_OWNER='a.sorokin' AIRFLOW_CTX_DAG_ID='parse_iot' AIRFLOW_CTX_TASK_ID='check_download_complete' AIRFLOW_CTX_EXECUTION_DATE='2026-02-01T10:00:00+00:00' AIRFLOW_CTX_TRY_NUMBER='3' AIRFLOW_CTX_DAG_RUN_ID='scheduled__2026-02-01T10:00:00+00:00'
[2026-02-02T16:15:54.363+0000] {taskinstance.py:732} INFO - ::endgroup::
[2026-02-02T16:15:54.373+0000] {baseoperator.py:423} WARNING - ExternalTaskSensor.execute cannot be called outside TaskInstance!
[2026-02-02T16:15:54.379+0000] {external_task.py:274} INFO - Poking for DAG 'download_iot' on 2026-02-01T10:00:00+00:00 ... 
[2026-02-02T16:15:54.380+0000] {warnings.py:109} WARNING - /home/***/.local/lib/python3.9/site-packages/***/utils/session.py:97: DeprecationWarning: This method is deprecated and will be removed in future.
  return func(*args, session=session, **kwargs)

[2026-02-02T16:15:54.385+0000] {base.py:339} INFO - Success criteria met. Exiting.
[2026-02-02T16:15:54.392+0000] {taskinstance.py:341} INFO - ::group::Post task execution logs
[2026-02-02T16:15:54.392+0000] {taskinstance.py:353} INFO - Marking task as SUCCESS. dag_id=parse_iot, task_id=check_download_complete, run_id=scheduled__2026-02-01T10:00:00+00:00, execution_date=20260201T100000, start_date=20260202T161554, end_date=20260202T161554
[2026-02-02T16:15:54.451+0000] {local_task_job_runner.py:266} INFO - Task exited with return code 0
[2026-02-02T16:15:54.475+0000] {taskinstance.py:3901} INFO - 1 downstream tasks scheduled from follow-on schedule check
[2026-02-02T16:15:54.476+0000] {local_task_job_runner.py:245} INFO - ::endgroup::
