[2026-02-02T16:03:09.973+0000] {local_task_job_runner.py:123} INFO - ::group::Pre task execution logs
[2026-02-02T16:03:09.992+0000] {taskinstance.py:2614} INFO - Dependencies all met for dep_context=non-requeueable deps ti=<TaskInstance: parse_iot.check_download_complete scheduled__2026-02-01T10:00:00+00:00 [queued]>
[2026-02-02T16:03:10.000+0000] {taskinstance.py:2614} INFO - Dependencies all met for dep_context=requeueable deps ti=<TaskInstance: parse_iot.check_download_complete scheduled__2026-02-01T10:00:00+00:00 [queued]>
[2026-02-02T16:03:10.000+0000] {taskinstance.py:2867} INFO - Starting attempt 1 of 4
[2026-02-02T16:03:10.007+0000] {taskinstance.py:2890} INFO - Executing <Task(ExternalTaskSensor): check_download_complete> on 2026-02-01 10:00:00+00:00
[2026-02-02T16:03:10.011+0000] {standard_task_runner.py:72} INFO - Started process 314 to run task
[2026-02-02T16:03:10.013+0000] {standard_task_runner.py:104} INFO - Running: ['***', 'tasks', 'run', 'parse_iot', 'check_download_complete', 'scheduled__2026-02-01T10:00:00+00:00', '--job-id', '98', '--raw', '--subdir', 'DAGS_FOLDER/parse_iot.py', '--cfg-path', '/tmp/tmpjkwi__i0']
[2026-02-02T16:03:10.015+0000] {standard_task_runner.py:105} INFO - Job 98: Subtask check_download_complete
[2026-02-02T16:03:10.024+0000] {warnings.py:109} WARNING - /home/***/.local/lib/python3.9/site-packages/***/settings.py:209: DeprecationWarning: The sql_alchemy_conn option in [core] has been moved to the sql_alchemy_conn option in [database] - the old setting has been used, but please update your config.
  SQL_ALCHEMY_CONN = conf.get("database", "SQL_ALCHEMY_CONN")

[2026-02-02T16:03:10.046+0000] {task_command.py:467} INFO - Running <TaskInstance: parse_iot.check_download_complete scheduled__2026-02-01T10:00:00+00:00 [running]> on host 62d0328142ca
[2026-02-02T16:03:10.046+0000] {warnings.py:109} WARNING - /home/***/.local/lib/python3.9/site-packages/***/settings.py:470: DeprecationWarning: The sql_alchemy_conn option in [core] has been moved to the sql_alchemy_conn option in [database] - the old setting has been used, but please update your config.
  if conf.get("database", "sql_alchemy_conn") == "none://":

[2026-02-02T16:03:10.098+0000] {taskinstance.py:3134} INFO - Exporting env vars: AIRFLOW_CTX_DAG_OWNER='a.sorokin' AIRFLOW_CTX_DAG_ID='parse_iot' AIRFLOW_CTX_TASK_ID='check_download_complete' AIRFLOW_CTX_EXECUTION_DATE='2026-02-01T10:00:00+00:00' AIRFLOW_CTX_TRY_NUMBER='1' AIRFLOW_CTX_DAG_RUN_ID='scheduled__2026-02-01T10:00:00+00:00'
[2026-02-02T16:03:10.098+0000] {taskinstance.py:732} INFO - ::endgroup::
[2026-02-02T16:03:10.108+0000] {baseoperator.py:423} WARNING - ExternalTaskSensor.execute cannot be called outside TaskInstance!
[2026-02-02T16:03:10.114+0000] {external_task.py:274} INFO - Poking for DAG 'download_iot' on 2026-02-01T10:00:00+00:00 ... 
[2026-02-02T16:03:10.114+0000] {warnings.py:109} WARNING - /home/***/.local/lib/python3.9/site-packages/***/utils/session.py:97: DeprecationWarning: This method is deprecated and will be removed in future.
  return func(*args, session=session, **kwargs)

[2026-02-02T16:03:10.120+0000] {base.py:339} INFO - Success criteria met. Exiting.
[2026-02-02T16:03:10.127+0000] {taskinstance.py:341} INFO - ::group::Post task execution logs
[2026-02-02T16:03:10.127+0000] {taskinstance.py:353} INFO - Marking task as SUCCESS. dag_id=parse_iot, task_id=check_download_complete, run_id=scheduled__2026-02-01T10:00:00+00:00, execution_date=20260201T100000, start_date=20260202T160309, end_date=20260202T160310
[2026-02-02T16:03:10.185+0000] {local_task_job_runner.py:266} INFO - Task exited with return code 0
[2026-02-02T16:03:10.206+0000] {taskinstance.py:3901} INFO - 1 downstream tasks scheduled from follow-on schedule check
[2026-02-02T16:03:10.212+0000] {local_task_job_runner.py:245} INFO - ::endgroup::
[2026-02-14T16:31:17.908+0000] {local_task_job_runner.py:123} INFO - ::group::Pre task execution logs
[2026-02-14T16:31:17.927+0000] {taskinstance.py:2614} INFO - Dependencies all met for dep_context=non-requeueable deps ti=<TaskInstance: parse_iot.check_download_complete scheduled__2026-02-01T10:00:00+00:00 [queued]>
[2026-02-14T16:31:17.934+0000] {taskinstance.py:2614} INFO - Dependencies all met for dep_context=requeueable deps ti=<TaskInstance: parse_iot.check_download_complete scheduled__2026-02-01T10:00:00+00:00 [queued]>
[2026-02-14T16:31:17.934+0000] {taskinstance.py:2867} INFO - Starting attempt 1 of 4
[2026-02-14T16:31:17.942+0000] {taskinstance.py:2890} INFO - Executing <Task(ExternalTaskSensor): check_download_complete> on 2026-02-01 10:00:00+00:00
[2026-02-14T16:31:17.947+0000] {standard_task_runner.py:72} INFO - Started process 223 to run task
[2026-02-14T16:31:17.949+0000] {standard_task_runner.py:104} INFO - Running: ['***', 'tasks', 'run', 'parse_iot', 'check_download_complete', 'scheduled__2026-02-01T10:00:00+00:00', '--job-id', '39', '--raw', '--subdir', 'DAGS_FOLDER/parse_iot.py', '--cfg-path', '/tmp/tmpcaupjvqc']
[2026-02-14T16:31:17.950+0000] {standard_task_runner.py:105} INFO - Job 39: Subtask check_download_complete
[2026-02-14T16:31:17.958+0000] {warnings.py:109} WARNING - /home/***/.local/lib/python3.9/site-packages/***/settings.py:209: DeprecationWarning: The sql_alchemy_conn option in [core] has been moved to the sql_alchemy_conn option in [database] - the old setting has been used, but please update your config.
  SQL_ALCHEMY_CONN = conf.get("database", "SQL_ALCHEMY_CONN")

[2026-02-14T16:31:17.981+0000] {task_command.py:467} INFO - Running <TaskInstance: parse_iot.check_download_complete scheduled__2026-02-01T10:00:00+00:00 [running]> on host a5c4ed865bb5
[2026-02-14T16:31:17.981+0000] {warnings.py:109} WARNING - /home/***/.local/lib/python3.9/site-packages/***/settings.py:470: DeprecationWarning: The sql_alchemy_conn option in [core] has been moved to the sql_alchemy_conn option in [database] - the old setting has been used, but please update your config.
  if conf.get("database", "sql_alchemy_conn") == "none://":

[2026-02-14T16:31:18.029+0000] {taskinstance.py:3134} INFO - Exporting env vars: AIRFLOW_CTX_DAG_OWNER='a.sorokin' AIRFLOW_CTX_DAG_ID='parse_iot' AIRFLOW_CTX_TASK_ID='check_download_complete' AIRFLOW_CTX_EXECUTION_DATE='2026-02-01T10:00:00+00:00' AIRFLOW_CTX_TRY_NUMBER='1' AIRFLOW_CTX_DAG_RUN_ID='scheduled__2026-02-01T10:00:00+00:00'
[2026-02-14T16:31:18.029+0000] {taskinstance.py:732} INFO - ::endgroup::
[2026-02-14T16:31:18.036+0000] {baseoperator.py:423} WARNING - ExternalTaskSensor.execute cannot be called outside TaskInstance!
[2026-02-14T16:31:18.042+0000] {external_task.py:274} INFO - Poking for DAG 'download_iot' on 2026-02-01T10:00:00+00:00 ... 
[2026-02-14T16:31:18.042+0000] {warnings.py:109} WARNING - /home/***/.local/lib/python3.9/site-packages/***/utils/session.py:97: DeprecationWarning: This method is deprecated and will be removed in future.
  return func(*args, session=session, **kwargs)

[2026-02-14T16:31:18.048+0000] {base.py:339} INFO - Success criteria met. Exiting.
[2026-02-14T16:31:18.053+0000] {taskinstance.py:341} INFO - ::group::Post task execution logs
[2026-02-14T16:31:18.054+0000] {taskinstance.py:353} INFO - Marking task as SUCCESS. dag_id=parse_iot, task_id=check_download_complete, run_id=scheduled__2026-02-01T10:00:00+00:00, execution_date=20260201T100000, start_date=20260214T163117, end_date=20260214T163118
[2026-02-14T16:31:18.081+0000] {local_task_job_runner.py:266} INFO - Task exited with return code 0
[2026-02-14T16:31:18.102+0000] {taskinstance.py:3901} INFO - 0 downstream tasks scheduled from follow-on schedule check
[2026-02-14T16:31:18.103+0000] {local_task_job_runner.py:245} INFO - ::endgroup::
