[2026-02-02T16:56:09.031+0000] {local_task_job_runner.py:123} INFO - ::group::Pre task execution logs
[2026-02-02T16:56:09.046+0000] {taskinstance.py:2614} INFO - Dependencies all met for dep_context=non-requeueable deps ti=<TaskInstance: parse_iot.check_download_complete scheduled__2026-02-01T10:00:00+00:00 [queued]>
[2026-02-02T16:56:09.052+0000] {taskinstance.py:2614} INFO - Dependencies all met for dep_context=requeueable deps ti=<TaskInstance: parse_iot.check_download_complete scheduled__2026-02-01T10:00:00+00:00 [queued]>
[2026-02-02T16:56:09.053+0000] {taskinstance.py:2867} INFO - Starting attempt 11 of 14
[2026-02-02T16:56:09.060+0000] {taskinstance.py:2890} INFO - Executing <Task(ExternalTaskSensor): check_download_complete> on 2026-02-01 10:00:00+00:00
[2026-02-02T16:56:09.064+0000] {standard_task_runner.py:72} INFO - Started process 888 to run task
[2026-02-02T16:56:09.066+0000] {standard_task_runner.py:104} INFO - Running: ['***', 'tasks', 'run', 'parse_iot', 'check_download_complete', 'scheduled__2026-02-01T10:00:00+00:00', '--job-id', '247', '--raw', '--subdir', 'DAGS_FOLDER/parse_iot.py', '--cfg-path', '/tmp/tmp_7of9lyx']
[2026-02-02T16:56:09.068+0000] {standard_task_runner.py:105} INFO - Job 247: Subtask check_download_complete
[2026-02-02T16:56:09.076+0000] {warnings.py:109} WARNING - /home/***/.local/lib/python3.9/site-packages/***/settings.py:209: DeprecationWarning: The sql_alchemy_conn option in [core] has been moved to the sql_alchemy_conn option in [database] - the old setting has been used, but please update your config.
  SQL_ALCHEMY_CONN = conf.get("database", "SQL_ALCHEMY_CONN")

[2026-02-02T16:56:09.096+0000] {task_command.py:467} INFO - Running <TaskInstance: parse_iot.check_download_complete scheduled__2026-02-01T10:00:00+00:00 [running]> on host 62d0328142ca
[2026-02-02T16:56:09.096+0000] {warnings.py:109} WARNING - /home/***/.local/lib/python3.9/site-packages/***/settings.py:470: DeprecationWarning: The sql_alchemy_conn option in [core] has been moved to the sql_alchemy_conn option in [database] - the old setting has been used, but please update your config.
  if conf.get("database", "sql_alchemy_conn") == "none://":

[2026-02-02T16:56:09.144+0000] {taskinstance.py:3134} INFO - Exporting env vars: AIRFLOW_CTX_DAG_OWNER='a.sorokin' AIRFLOW_CTX_DAG_ID='parse_iot' AIRFLOW_CTX_TASK_ID='check_download_complete' AIRFLOW_CTX_EXECUTION_DATE='2026-02-01T10:00:00+00:00' AIRFLOW_CTX_TRY_NUMBER='11' AIRFLOW_CTX_DAG_RUN_ID='scheduled__2026-02-01T10:00:00+00:00'
[2026-02-02T16:56:09.144+0000] {taskinstance.py:732} INFO - ::endgroup::
[2026-02-02T16:56:09.151+0000] {baseoperator.py:423} WARNING - ExternalTaskSensor.execute cannot be called outside TaskInstance!
[2026-02-02T16:56:09.157+0000] {external_task.py:274} INFO - Poking for DAG 'download_iot' on 2026-02-01T10:00:00+00:00 ... 
[2026-02-02T16:56:09.158+0000] {warnings.py:109} WARNING - /home/***/.local/lib/python3.9/site-packages/***/utils/session.py:97: DeprecationWarning: This method is deprecated and will be removed in future.
  return func(*args, session=session, **kwargs)

[2026-02-02T16:56:09.163+0000] {base.py:339} INFO - Success criteria met. Exiting.
[2026-02-02T16:56:09.169+0000] {taskinstance.py:341} INFO - ::group::Post task execution logs
[2026-02-02T16:56:09.170+0000] {taskinstance.py:353} INFO - Marking task as SUCCESS. dag_id=parse_iot, task_id=check_download_complete, run_id=scheduled__2026-02-01T10:00:00+00:00, execution_date=20260201T100000, start_date=20260202T165609, end_date=20260202T165609
[2026-02-02T16:56:09.198+0000] {local_task_job_runner.py:266} INFO - Task exited with return code 0
[2026-02-02T16:56:09.227+0000] {taskinstance.py:3901} INFO - 1 downstream tasks scheduled from follow-on schedule check
[2026-02-02T16:56:09.228+0000] {local_task_job_runner.py:245} INFO - ::endgroup::
