[2026-02-16T16:56:07.516+0000] {local_task_job_runner.py:123} INFO - ::group::Pre task execution logs
[2026-02-16T16:56:07.527+0000] {taskinstance.py:2614} INFO - Dependencies all met for dep_context=non-requeueable deps ti=<TaskInstance: date_load_postgres.load_date_csv_to_postgres scheduled__2026-02-05T10:00:00+00:00 [queued]>
[2026-02-16T16:56:07.531+0000] {taskinstance.py:2614} INFO - Dependencies all met for dep_context=requeueable deps ti=<TaskInstance: date_load_postgres.load_date_csv_to_postgres scheduled__2026-02-05T10:00:00+00:00 [queued]>
[2026-02-16T16:56:07.532+0000] {taskinstance.py:2867} INFO - Starting attempt 1 of 4
[2026-02-16T16:56:07.538+0000] {taskinstance.py:2890} INFO - Executing <Task(PythonOperator): load_date_csv_to_postgres> on 2026-02-05 10:00:00+00:00
[2026-02-16T16:56:07.543+0000] {standard_task_runner.py:72} INFO - Started process 1156 to run task
[2026-02-16T16:56:07.545+0000] {standard_task_runner.py:104} INFO - Running: ['***', 'tasks', 'run', 'date_load_postgres', 'load_date_csv_to_postgres', 'scheduled__2026-02-05T10:00:00+00:00', '--job-id', '272', '--raw', '--subdir', 'DAGS_FOLDER/date_load_postrges.py', '--cfg-path', '/tmp/tmpac8lao7n']
[2026-02-16T16:56:07.547+0000] {standard_task_runner.py:105} INFO - Job 272: Subtask load_date_csv_to_postgres
[2026-02-16T16:56:07.555+0000] {warnings.py:109} WARNING - /home/***/.local/lib/python3.9/site-packages/***/settings.py:209: DeprecationWarning: The sql_alchemy_conn option in [core] has been moved to the sql_alchemy_conn option in [database] - the old setting has been used, but please update your config.
  SQL_ALCHEMY_CONN = conf.get("database", "SQL_ALCHEMY_CONN")

[2026-02-16T16:56:07.577+0000] {task_command.py:467} INFO - Running <TaskInstance: date_load_postgres.load_date_csv_to_postgres scheduled__2026-02-05T10:00:00+00:00 [running]> on host 6ef9a94e694d
[2026-02-16T16:56:07.577+0000] {warnings.py:109} WARNING - /home/***/.local/lib/python3.9/site-packages/***/settings.py:470: DeprecationWarning: The sql_alchemy_conn option in [core] has been moved to the sql_alchemy_conn option in [database] - the old setting has been used, but please update your config.
  if conf.get("database", "sql_alchemy_conn") == "none://":

[2026-02-16T16:56:07.622+0000] {taskinstance.py:3134} INFO - Exporting env vars: AIRFLOW_CTX_DAG_OWNER='a.sorokin' AIRFLOW_CTX_DAG_ID='date_load_postgres' AIRFLOW_CTX_TASK_ID='load_date_csv_to_postgres' AIRFLOW_CTX_EXECUTION_DATE='2026-02-05T10:00:00+00:00' AIRFLOW_CTX_TRY_NUMBER='1' AIRFLOW_CTX_DAG_RUN_ID='scheduled__2026-02-05T10:00:00+00:00'
[2026-02-16T16:56:07.623+0000] {taskinstance.py:732} INFO - ::endgroup::
[2026-02-16T16:56:07.693+0000] {base.py:84} INFO - Retrieving connection '***-db'
[2026-02-16T16:56:08.912+0000] {logging_mixin.py:190} INFO - Данные успешно загружены в таблицу raw_data
[2026-02-16T16:56:08.914+0000] {python.py:240} INFO - Done. Returned value was: None
[2026-02-16T16:56:08.920+0000] {taskinstance.py:341} INFO - ::group::Post task execution logs
[2026-02-16T16:56:08.921+0000] {taskinstance.py:353} INFO - Marking task as SUCCESS. dag_id=date_load_***, task_id=load_date_csv_to_***, run_id=scheduled__2026-02-05T10:00:00+00:00, execution_date=20260205T100000, start_date=20260216T165607, end_date=20260216T165608
[2026-02-16T16:56:08.960+0000] {local_task_job_runner.py:266} INFO - Task exited with return code 0
[2026-02-16T16:56:08.976+0000] {taskinstance.py:3901} INFO - 0 downstream tasks scheduled from follow-on schedule check
[2026-02-16T16:56:08.977+0000] {local_task_job_runner.py:245} INFO - ::endgroup::
