[2026-02-13T23:58:18.670+0000] {local_task_job_runner.py:123} INFO - ::group::Pre task execution logs
[2026-02-13T23:58:18.683+0000] {taskinstance.py:2614} INFO - Dependencies all met for dep_context=non-requeueable deps ti=<TaskInstance: download_iot.download_data scheduled__2026-02-08T10:00:00+00:00 [queued]>
[2026-02-13T23:58:18.690+0000] {taskinstance.py:2614} INFO - Dependencies all met for dep_context=requeueable deps ti=<TaskInstance: download_iot.download_data scheduled__2026-02-08T10:00:00+00:00 [queued]>
[2026-02-13T23:58:18.690+0000] {taskinstance.py:2867} INFO - Starting attempt 1 of 4
[2026-02-13T23:58:18.696+0000] {taskinstance.py:2890} INFO - Executing <Task(PythonOperator): download_data> on 2026-02-08 10:00:00+00:00
[2026-02-13T23:58:18.700+0000] {standard_task_runner.py:72} INFO - Started process 110 to run task
[2026-02-13T23:58:18.703+0000] {standard_task_runner.py:104} INFO - Running: ['***', 'tasks', 'run', 'download_iot', 'download_data', 'scheduled__2026-02-08T10:00:00+00:00', '--job-id', '11', '--raw', '--subdir', 'DAGS_FOLDER/download_iot.py', '--cfg-path', '/tmp/tmpxryspqoy']
[2026-02-13T23:58:18.704+0000] {standard_task_runner.py:105} INFO - Job 11: Subtask download_data
[2026-02-13T23:58:18.712+0000] {warnings.py:109} WARNING - /home/***/.local/lib/python3.9/site-packages/***/settings.py:209: DeprecationWarning: The sql_alchemy_conn option in [core] has been moved to the sql_alchemy_conn option in [database] - the old setting has been used, but please update your config.
  SQL_ALCHEMY_CONN = conf.get("database", "SQL_ALCHEMY_CONN")

[2026-02-13T23:58:18.734+0000] {task_command.py:467} INFO - Running <TaskInstance: download_iot.download_data scheduled__2026-02-08T10:00:00+00:00 [running]> on host 2ca27e65cbff
[2026-02-13T23:58:18.734+0000] {warnings.py:109} WARNING - /home/***/.local/lib/python3.9/site-packages/***/settings.py:470: DeprecationWarning: The sql_alchemy_conn option in [core] has been moved to the sql_alchemy_conn option in [database] - the old setting has been used, but please update your config.
  if conf.get("database", "sql_alchemy_conn") == "none://":

[2026-02-13T23:58:18.791+0000] {taskinstance.py:3134} INFO - Exporting env vars: AIRFLOW_CTX_DAG_OWNER='a.sorokin' AIRFLOW_CTX_DAG_ID='download_iot' AIRFLOW_CTX_TASK_ID='download_data' AIRFLOW_CTX_EXECUTION_DATE='2026-02-08T10:00:00+00:00' AIRFLOW_CTX_TRY_NUMBER='1' AIRFLOW_CTX_DAG_RUN_ID='scheduled__2026-02-08T10:00:00+00:00'
[2026-02-13T23:58:18.791+0000] {taskinstance.py:732} INFO - ::endgroup::
[2026-02-13T23:58:18.799+0000] {logging_mixin.py:190} INFO - Dataset URL: https://www.kaggle.com/datasets/atulanandjha/temperature-readings-iot-devices
[2026-02-13T23:58:19.987+0000] {download_iot.py:66} INFO - Данные успешно загружены с Kaggle!
[2026-02-13T23:58:19.988+0000] {python.py:240} INFO - Done. Returned value was: None
[2026-02-13T23:58:19.994+0000] {taskinstance.py:341} INFO - ::group::Post task execution logs
[2026-02-13T23:58:19.994+0000] {taskinstance.py:353} INFO - Marking task as SUCCESS. dag_id=download_iot, task_id=download_data, run_id=scheduled__2026-02-08T10:00:00+00:00, execution_date=20260208T100000, start_date=20260213T235818, end_date=20260213T235819
[2026-02-13T23:58:20.077+0000] {local_task_job_runner.py:266} INFO - Task exited with return code 0
[2026-02-13T23:58:20.092+0000] {taskinstance.py:3901} INFO - 0 downstream tasks scheduled from follow-on schedule check
[2026-02-13T23:58:20.092+0000] {local_task_job_runner.py:245} INFO - ::endgroup::
[2026-02-14T00:25:55.103+0000] {local_task_job_runner.py:123} INFO - ::group::Pre task execution logs
[2026-02-14T00:25:55.116+0000] {taskinstance.py:2614} INFO - Dependencies all met for dep_context=non-requeueable deps ti=<TaskInstance: download_iot.download_data scheduled__2026-02-08T10:00:00+00:00 [queued]>
[2026-02-14T00:25:55.122+0000] {taskinstance.py:2614} INFO - Dependencies all met for dep_context=requeueable deps ti=<TaskInstance: download_iot.download_data scheduled__2026-02-08T10:00:00+00:00 [queued]>
[2026-02-14T00:25:55.123+0000] {taskinstance.py:2867} INFO - Starting attempt 1 of 4
[2026-02-14T00:25:55.129+0000] {taskinstance.py:2890} INFO - Executing <Task(PythonOperator): download_data> on 2026-02-08 10:00:00+00:00
[2026-02-14T00:25:55.133+0000] {standard_task_runner.py:72} INFO - Started process 111 to run task
[2026-02-14T00:25:55.135+0000] {standard_task_runner.py:104} INFO - Running: ['***', 'tasks', 'run', 'download_iot', 'download_data', 'scheduled__2026-02-08T10:00:00+00:00', '--job-id', '11', '--raw', '--subdir', 'DAGS_FOLDER/download_iot.py', '--cfg-path', '/tmp/tmp09k20m70']
[2026-02-14T00:25:55.137+0000] {standard_task_runner.py:105} INFO - Job 11: Subtask download_data
[2026-02-14T00:25:55.145+0000] {warnings.py:109} WARNING - /home/***/.local/lib/python3.9/site-packages/***/settings.py:209: DeprecationWarning: The sql_alchemy_conn option in [core] has been moved to the sql_alchemy_conn option in [database] - the old setting has been used, but please update your config.
  SQL_ALCHEMY_CONN = conf.get("database", "SQL_ALCHEMY_CONN")

[2026-02-14T00:25:55.165+0000] {task_command.py:467} INFO - Running <TaskInstance: download_iot.download_data scheduled__2026-02-08T10:00:00+00:00 [running]> on host b58edd37553d
[2026-02-14T00:25:55.165+0000] {warnings.py:109} WARNING - /home/***/.local/lib/python3.9/site-packages/***/settings.py:470: DeprecationWarning: The sql_alchemy_conn option in [core] has been moved to the sql_alchemy_conn option in [database] - the old setting has been used, but please update your config.
  if conf.get("database", "sql_alchemy_conn") == "none://":

[2026-02-14T00:25:55.213+0000] {taskinstance.py:3134} INFO - Exporting env vars: AIRFLOW_CTX_DAG_OWNER='a.sorokin' AIRFLOW_CTX_DAG_ID='download_iot' AIRFLOW_CTX_TASK_ID='download_data' AIRFLOW_CTX_EXECUTION_DATE='2026-02-08T10:00:00+00:00' AIRFLOW_CTX_TRY_NUMBER='1' AIRFLOW_CTX_DAG_RUN_ID='scheduled__2026-02-08T10:00:00+00:00'
[2026-02-14T00:25:55.213+0000] {taskinstance.py:732} INFO - ::endgroup::
[2026-02-14T00:25:55.222+0000] {logging_mixin.py:190} INFO - Dataset URL: https://www.kaggle.com/datasets/atulanandjha/temperature-readings-iot-devices
[2026-02-14T00:25:56.405+0000] {download_iot.py:66} INFO - Данные успешно загружены с Kaggle!
[2026-02-14T00:25:56.406+0000] {python.py:240} INFO - Done. Returned value was: None
[2026-02-14T00:25:56.412+0000] {taskinstance.py:341} INFO - ::group::Post task execution logs
[2026-02-14T00:25:56.412+0000] {taskinstance.py:353} INFO - Marking task as SUCCESS. dag_id=download_iot, task_id=download_data, run_id=scheduled__2026-02-08T10:00:00+00:00, execution_date=20260208T100000, start_date=20260214T002555, end_date=20260214T002556
[2026-02-14T00:25:56.470+0000] {local_task_job_runner.py:266} INFO - Task exited with return code 0
[2026-02-14T00:25:56.481+0000] {taskinstance.py:3901} INFO - 0 downstream tasks scheduled from follow-on schedule check
[2026-02-14T00:25:56.482+0000] {local_task_job_runner.py:245} INFO - ::endgroup::
[2026-02-14T16:30:30.399+0000] {local_task_job_runner.py:123} INFO - ::group::Pre task execution logs
[2026-02-14T16:30:30.413+0000] {taskinstance.py:2614} INFO - Dependencies all met for dep_context=non-requeueable deps ti=<TaskInstance: download_iot.download_data scheduled__2026-02-08T10:00:00+00:00 [queued]>
[2026-02-14T16:30:30.418+0000] {taskinstance.py:2614} INFO - Dependencies all met for dep_context=requeueable deps ti=<TaskInstance: download_iot.download_data scheduled__2026-02-08T10:00:00+00:00 [queued]>
[2026-02-14T16:30:30.418+0000] {taskinstance.py:2867} INFO - Starting attempt 1 of 4
[2026-02-14T16:30:30.425+0000] {taskinstance.py:2890} INFO - Executing <Task(PythonOperator): download_data> on 2026-02-08 10:00:00+00:00
[2026-02-14T16:30:30.429+0000] {standard_task_runner.py:72} INFO - Started process 168 to run task
[2026-02-14T16:30:30.431+0000] {standard_task_runner.py:104} INFO - Running: ['***', 'tasks', 'run', 'download_iot', 'download_data', 'scheduled__2026-02-08T10:00:00+00:00', '--job-id', '25', '--raw', '--subdir', 'DAGS_FOLDER/download_iot.py', '--cfg-path', '/tmp/tmp_q3u9kny']
[2026-02-14T16:30:30.433+0000] {standard_task_runner.py:105} INFO - Job 25: Subtask download_data
[2026-02-14T16:30:30.441+0000] {warnings.py:109} WARNING - /home/***/.local/lib/python3.9/site-packages/***/settings.py:209: DeprecationWarning: The sql_alchemy_conn option in [core] has been moved to the sql_alchemy_conn option in [database] - the old setting has been used, but please update your config.
  SQL_ALCHEMY_CONN = conf.get("database", "SQL_ALCHEMY_CONN")

[2026-02-14T16:30:30.464+0000] {task_command.py:467} INFO - Running <TaskInstance: download_iot.download_data scheduled__2026-02-08T10:00:00+00:00 [running]> on host a5c4ed865bb5
[2026-02-14T16:30:30.464+0000] {warnings.py:109} WARNING - /home/***/.local/lib/python3.9/site-packages/***/settings.py:470: DeprecationWarning: The sql_alchemy_conn option in [core] has been moved to the sql_alchemy_conn option in [database] - the old setting has been used, but please update your config.
  if conf.get("database", "sql_alchemy_conn") == "none://":

[2026-02-14T16:30:30.515+0000] {taskinstance.py:3134} INFO - Exporting env vars: AIRFLOW_CTX_DAG_OWNER='a.sorokin' AIRFLOW_CTX_DAG_ID='download_iot' AIRFLOW_CTX_TASK_ID='download_data' AIRFLOW_CTX_EXECUTION_DATE='2026-02-08T10:00:00+00:00' AIRFLOW_CTX_TRY_NUMBER='1' AIRFLOW_CTX_DAG_RUN_ID='scheduled__2026-02-08T10:00:00+00:00'
[2026-02-14T16:30:30.515+0000] {taskinstance.py:732} INFO - ::endgroup::
[2026-02-14T16:30:30.524+0000] {logging_mixin.py:190} INFO - Dataset URL: https://www.kaggle.com/datasets/atulanandjha/temperature-readings-iot-devices
[2026-02-14T16:30:31.712+0000] {download_iot.py:66} INFO - Данные успешно загружены с Kaggle!
[2026-02-14T16:30:31.712+0000] {python.py:240} INFO - Done. Returned value was: None
[2026-02-14T16:30:31.721+0000] {taskinstance.py:341} INFO - ::group::Post task execution logs
[2026-02-14T16:30:31.721+0000] {taskinstance.py:353} INFO - Marking task as SUCCESS. dag_id=download_iot, task_id=download_data, run_id=scheduled__2026-02-08T10:00:00+00:00, execution_date=20260208T100000, start_date=20260214T163030, end_date=20260214T163031
[2026-02-14T16:30:31.766+0000] {local_task_job_runner.py:266} INFO - Task exited with return code 0
[2026-02-14T16:30:31.778+0000] {taskinstance.py:3901} INFO - 0 downstream tasks scheduled from follow-on schedule check
[2026-02-14T16:30:31.779+0000] {local_task_job_runner.py:245} INFO - ::endgroup::
[2026-02-14T17:47:51.745+0000] {local_task_job_runner.py:123} INFO - ::group::Pre task execution logs
[2026-02-14T17:47:51.757+0000] {taskinstance.py:2614} INFO - Dependencies all met for dep_context=non-requeueable deps ti=<TaskInstance: download_iot.download_data scheduled__2026-02-08T10:00:00+00:00 [queued]>
[2026-02-14T17:47:51.763+0000] {taskinstance.py:2614} INFO - Dependencies all met for dep_context=requeueable deps ti=<TaskInstance: download_iot.download_data scheduled__2026-02-08T10:00:00+00:00 [queued]>
[2026-02-14T17:47:51.763+0000] {taskinstance.py:2867} INFO - Starting attempt 1 of 4
[2026-02-14T17:47:51.770+0000] {taskinstance.py:2890} INFO - Executing <Task(PythonOperator): download_data> on 2026-02-08 10:00:00+00:00
[2026-02-14T17:47:51.774+0000] {standard_task_runner.py:72} INFO - Started process 174 to run task
[2026-02-14T17:47:51.776+0000] {standard_task_runner.py:104} INFO - Running: ['***', 'tasks', 'run', 'download_iot', 'download_data', 'scheduled__2026-02-08T10:00:00+00:00', '--job-id', '27', '--raw', '--subdir', 'DAGS_FOLDER/download_iot.py', '--cfg-path', '/tmp/tmpqgl1mc1a']
[2026-02-14T17:47:51.777+0000] {standard_task_runner.py:105} INFO - Job 27: Subtask download_data
[2026-02-14T17:47:51.785+0000] {warnings.py:109} WARNING - /home/***/.local/lib/python3.9/site-packages/***/settings.py:209: DeprecationWarning: The sql_alchemy_conn option in [core] has been moved to the sql_alchemy_conn option in [database] - the old setting has been used, but please update your config.
  SQL_ALCHEMY_CONN = conf.get("database", "SQL_ALCHEMY_CONN")

[2026-02-14T17:47:51.805+0000] {task_command.py:467} INFO - Running <TaskInstance: download_iot.download_data scheduled__2026-02-08T10:00:00+00:00 [running]> on host 9052c134cdec
[2026-02-14T17:47:51.805+0000] {warnings.py:109} WARNING - /home/***/.local/lib/python3.9/site-packages/***/settings.py:470: DeprecationWarning: The sql_alchemy_conn option in [core] has been moved to the sql_alchemy_conn option in [database] - the old setting has been used, but please update your config.
  if conf.get("database", "sql_alchemy_conn") == "none://":

[2026-02-14T17:47:51.851+0000] {taskinstance.py:3134} INFO - Exporting env vars: AIRFLOW_CTX_DAG_OWNER='a.sorokin' AIRFLOW_CTX_DAG_ID='download_iot' AIRFLOW_CTX_TASK_ID='download_data' AIRFLOW_CTX_EXECUTION_DATE='2026-02-08T10:00:00+00:00' AIRFLOW_CTX_TRY_NUMBER='1' AIRFLOW_CTX_DAG_RUN_ID='scheduled__2026-02-08T10:00:00+00:00'
[2026-02-14T17:47:51.852+0000] {taskinstance.py:732} INFO - ::endgroup::
[2026-02-14T17:47:51.860+0000] {logging_mixin.py:190} INFO - Dataset URL: https://www.kaggle.com/datasets/atulanandjha/temperature-readings-iot-devices
[2026-02-14T17:47:53.072+0000] {download_iot.py:66} INFO - Данные успешно загружены с Kaggle!
[2026-02-14T17:47:53.073+0000] {python.py:240} INFO - Done. Returned value was: None
[2026-02-14T17:47:53.079+0000] {taskinstance.py:341} INFO - ::group::Post task execution logs
[2026-02-14T17:47:53.079+0000] {taskinstance.py:353} INFO - Marking task as SUCCESS. dag_id=download_iot, task_id=download_data, run_id=scheduled__2026-02-08T10:00:00+00:00, execution_date=20260208T100000, start_date=20260214T174751, end_date=20260214T174753
[2026-02-14T17:47:53.111+0000] {local_task_job_runner.py:266} INFO - Task exited with return code 0
[2026-02-14T17:47:53.123+0000] {taskinstance.py:3901} INFO - 0 downstream tasks scheduled from follow-on schedule check
[2026-02-14T17:47:53.124+0000] {local_task_job_runner.py:245} INFO - ::endgroup::
[2026-02-14T18:12:51.974+0000] {local_task_job_runner.py:123} INFO - ::group::Pre task execution logs
[2026-02-14T18:12:51.994+0000] {taskinstance.py:2614} INFO - Dependencies all met for dep_context=non-requeueable deps ti=<TaskInstance: download_iot.download_data scheduled__2026-02-08T10:00:00+00:00 [queued]>
[2026-02-14T18:12:52.001+0000] {taskinstance.py:2614} INFO - Dependencies all met for dep_context=requeueable deps ti=<TaskInstance: download_iot.download_data scheduled__2026-02-08T10:00:00+00:00 [queued]>
[2026-02-14T18:12:52.002+0000] {taskinstance.py:2867} INFO - Starting attempt 1 of 4
[2026-02-14T18:12:52.012+0000] {taskinstance.py:2890} INFO - Executing <Task(PythonOperator): download_data> on 2026-02-08 10:00:00+00:00
[2026-02-14T18:12:52.018+0000] {standard_task_runner.py:72} INFO - Started process 182 to run task
[2026-02-14T18:12:52.020+0000] {standard_task_runner.py:104} INFO - Running: ['***', 'tasks', 'run', 'download_iot', 'download_data', 'scheduled__2026-02-08T10:00:00+00:00', '--job-id', '29', '--raw', '--subdir', 'DAGS_FOLDER/download_iot.py', '--cfg-path', '/tmp/tmpayq0a_i8']
[2026-02-14T18:12:52.022+0000] {standard_task_runner.py:105} INFO - Job 29: Subtask download_data
[2026-02-14T18:12:52.031+0000] {warnings.py:109} WARNING - /home/***/.local/lib/python3.9/site-packages/***/settings.py:209: DeprecationWarning: The sql_alchemy_conn option in [core] has been moved to the sql_alchemy_conn option in [database] - the old setting has been used, but please update your config.
  SQL_ALCHEMY_CONN = conf.get("database", "SQL_ALCHEMY_CONN")

[2026-02-14T18:12:52.054+0000] {task_command.py:467} INFO - Running <TaskInstance: download_iot.download_data scheduled__2026-02-08T10:00:00+00:00 [running]> on host bb762b62a2c2
[2026-02-14T18:12:52.055+0000] {warnings.py:109} WARNING - /home/***/.local/lib/python3.9/site-packages/***/settings.py:470: DeprecationWarning: The sql_alchemy_conn option in [core] has been moved to the sql_alchemy_conn option in [database] - the old setting has been used, but please update your config.
  if conf.get("database", "sql_alchemy_conn") == "none://":

[2026-02-14T18:12:52.111+0000] {taskinstance.py:3134} INFO - Exporting env vars: AIRFLOW_CTX_DAG_OWNER='a.sorokin' AIRFLOW_CTX_DAG_ID='download_iot' AIRFLOW_CTX_TASK_ID='download_data' AIRFLOW_CTX_EXECUTION_DATE='2026-02-08T10:00:00+00:00' AIRFLOW_CTX_TRY_NUMBER='1' AIRFLOW_CTX_DAG_RUN_ID='scheduled__2026-02-08T10:00:00+00:00'
[2026-02-14T18:12:52.112+0000] {taskinstance.py:732} INFO - ::endgroup::
[2026-02-14T18:12:52.121+0000] {logging_mixin.py:190} INFO - Dataset URL: https://www.kaggle.com/datasets/atulanandjha/temperature-readings-iot-devices
[2026-02-14T18:12:53.313+0000] {download_iot.py:66} INFO - Данные успешно загружены с Kaggle!
[2026-02-14T18:12:53.314+0000] {python.py:240} INFO - Done. Returned value was: None
[2026-02-14T18:12:53.321+0000] {taskinstance.py:341} INFO - ::group::Post task execution logs
[2026-02-14T18:12:53.322+0000] {taskinstance.py:353} INFO - Marking task as SUCCESS. dag_id=download_iot, task_id=download_data, run_id=scheduled__2026-02-08T10:00:00+00:00, execution_date=20260208T100000, start_date=20260214T181251, end_date=20260214T181253
[2026-02-14T18:12:53.395+0000] {local_task_job_runner.py:266} INFO - Task exited with return code 0
[2026-02-14T18:12:53.409+0000] {taskinstance.py:3901} INFO - 0 downstream tasks scheduled from follow-on schedule check
[2026-02-14T18:12:53.410+0000] {local_task_job_runner.py:245} INFO - ::endgroup::
[2026-02-16T14:44:48.060+0000] {local_task_job_runner.py:123} INFO - ::group::Pre task execution logs
[2026-02-16T14:44:48.074+0000] {taskinstance.py:2614} INFO - Dependencies all met for dep_context=non-requeueable deps ti=<TaskInstance: download_iot.download_data scheduled__2026-02-08T10:00:00+00:00 [queued]>
[2026-02-16T14:44:48.080+0000] {taskinstance.py:2614} INFO - Dependencies all met for dep_context=requeueable deps ti=<TaskInstance: download_iot.download_data scheduled__2026-02-08T10:00:00+00:00 [queued]>
[2026-02-16T14:44:48.080+0000] {taskinstance.py:2867} INFO - Starting attempt 1 of 4
[2026-02-16T14:44:48.089+0000] {taskinstance.py:2890} INFO - Executing <Task(PythonOperator): download_data> on 2026-02-08 10:00:00+00:00
[2026-02-16T14:44:48.095+0000] {standard_task_runner.py:72} INFO - Started process 189 to run task
[2026-02-16T14:44:48.097+0000] {standard_task_runner.py:104} INFO - Running: ['***', 'tasks', 'run', 'download_iot', 'download_data', 'scheduled__2026-02-08T10:00:00+00:00', '--job-id', '25', '--raw', '--subdir', 'DAGS_FOLDER/download_iot.py', '--cfg-path', '/tmp/tmp3c4r3sy8']
[2026-02-16T14:44:48.098+0000] {standard_task_runner.py:105} INFO - Job 25: Subtask download_data
[2026-02-16T14:44:48.108+0000] {warnings.py:109} WARNING - /home/***/.local/lib/python3.9/site-packages/***/settings.py:209: DeprecationWarning: The sql_alchemy_conn option in [core] has been moved to the sql_alchemy_conn option in [database] - the old setting has been used, but please update your config.
  SQL_ALCHEMY_CONN = conf.get("database", "SQL_ALCHEMY_CONN")

[2026-02-16T14:44:48.131+0000] {task_command.py:467} INFO - Running <TaskInstance: download_iot.download_data scheduled__2026-02-08T10:00:00+00:00 [running]> on host cd96c4fa192f
[2026-02-16T14:44:48.132+0000] {warnings.py:109} WARNING - /home/***/.local/lib/python3.9/site-packages/***/settings.py:470: DeprecationWarning: The sql_alchemy_conn option in [core] has been moved to the sql_alchemy_conn option in [database] - the old setting has been used, but please update your config.
  if conf.get("database", "sql_alchemy_conn") == "none://":

[2026-02-16T14:44:48.182+0000] {taskinstance.py:3134} INFO - Exporting env vars: AIRFLOW_CTX_DAG_OWNER='a.sorokin' AIRFLOW_CTX_DAG_ID='download_iot' AIRFLOW_CTX_TASK_ID='download_data' AIRFLOW_CTX_EXECUTION_DATE='2026-02-08T10:00:00+00:00' AIRFLOW_CTX_TRY_NUMBER='1' AIRFLOW_CTX_DAG_RUN_ID='scheduled__2026-02-08T10:00:00+00:00'
[2026-02-16T14:44:48.182+0000] {taskinstance.py:732} INFO - ::endgroup::
[2026-02-16T14:44:48.194+0000] {logging_mixin.py:190} INFO - Dataset URL: https://www.kaggle.com/datasets/atulanandjha/temperature-readings-iot-devices
[2026-02-16T14:44:49.332+0000] {download_iot.py:66} INFO - Данные успешно загружены с Kaggle!
[2026-02-16T14:44:49.332+0000] {python.py:240} INFO - Done. Returned value was: None
[2026-02-16T14:44:49.338+0000] {taskinstance.py:341} INFO - ::group::Post task execution logs
[2026-02-16T14:44:49.338+0000] {taskinstance.py:353} INFO - Marking task as SUCCESS. dag_id=download_iot, task_id=download_data, run_id=scheduled__2026-02-08T10:00:00+00:00, execution_date=20260208T100000, start_date=20260216T144448, end_date=20260216T144449
[2026-02-16T14:44:49.392+0000] {local_task_job_runner.py:266} INFO - Task exited with return code 0
[2026-02-16T14:44:49.403+0000] {taskinstance.py:3901} INFO - 0 downstream tasks scheduled from follow-on schedule check
[2026-02-16T14:44:49.404+0000] {local_task_job_runner.py:245} INFO - ::endgroup::
[2026-02-16T15:14:37.220+0000] {local_task_job_runner.py:123} INFO - ::group::Pre task execution logs
[2026-02-16T15:14:37.236+0000] {taskinstance.py:2614} INFO - Dependencies all met for dep_context=non-requeueable deps ti=<TaskInstance: download_iot.download_data scheduled__2026-02-08T10:00:00+00:00 [queued]>
[2026-02-16T15:14:37.242+0000] {taskinstance.py:2614} INFO - Dependencies all met for dep_context=requeueable deps ti=<TaskInstance: download_iot.download_data scheduled__2026-02-08T10:00:00+00:00 [queued]>
[2026-02-16T15:14:37.242+0000] {taskinstance.py:2867} INFO - Starting attempt 1 of 4
[2026-02-16T15:14:37.250+0000] {taskinstance.py:2890} INFO - Executing <Task(PythonOperator): download_data> on 2026-02-08 10:00:00+00:00
[2026-02-16T15:14:37.254+0000] {standard_task_runner.py:72} INFO - Started process 156 to run task
[2026-02-16T15:14:37.256+0000] {standard_task_runner.py:104} INFO - Running: ['***', 'tasks', 'run', 'download_iot', 'download_data', 'scheduled__2026-02-08T10:00:00+00:00', '--job-id', '22', '--raw', '--subdir', 'DAGS_FOLDER/download_iot.py', '--cfg-path', '/tmp/tmpuwhtcted']
[2026-02-16T15:14:37.258+0000] {standard_task_runner.py:105} INFO - Job 22: Subtask download_data
[2026-02-16T15:14:37.266+0000] {warnings.py:109} WARNING - /home/***/.local/lib/python3.9/site-packages/***/settings.py:209: DeprecationWarning: The sql_alchemy_conn option in [core] has been moved to the sql_alchemy_conn option in [database] - the old setting has been used, but please update your config.
  SQL_ALCHEMY_CONN = conf.get("database", "SQL_ALCHEMY_CONN")

[2026-02-16T15:14:37.289+0000] {task_command.py:467} INFO - Running <TaskInstance: download_iot.download_data scheduled__2026-02-08T10:00:00+00:00 [running]> on host fbd3e38838e9
[2026-02-16T15:14:37.289+0000] {warnings.py:109} WARNING - /home/***/.local/lib/python3.9/site-packages/***/settings.py:470: DeprecationWarning: The sql_alchemy_conn option in [core] has been moved to the sql_alchemy_conn option in [database] - the old setting has been used, but please update your config.
  if conf.get("database", "sql_alchemy_conn") == "none://":

[2026-02-16T15:14:37.347+0000] {taskinstance.py:3134} INFO - Exporting env vars: AIRFLOW_CTX_DAG_OWNER='a.sorokin' AIRFLOW_CTX_DAG_ID='download_iot' AIRFLOW_CTX_TASK_ID='download_data' AIRFLOW_CTX_EXECUTION_DATE='2026-02-08T10:00:00+00:00' AIRFLOW_CTX_TRY_NUMBER='1' AIRFLOW_CTX_DAG_RUN_ID='scheduled__2026-02-08T10:00:00+00:00'
[2026-02-16T15:14:37.348+0000] {taskinstance.py:732} INFO - ::endgroup::
[2026-02-16T15:14:37.358+0000] {logging_mixin.py:190} INFO - Dataset URL: https://www.kaggle.com/datasets/atulanandjha/temperature-readings-iot-devices
[2026-02-16T15:14:38.526+0000] {download_iot.py:66} INFO - Данные успешно загружены с Kaggle!
[2026-02-16T15:14:38.527+0000] {python.py:240} INFO - Done. Returned value was: None
[2026-02-16T15:14:38.536+0000] {taskinstance.py:341} INFO - ::group::Post task execution logs
[2026-02-16T15:14:38.536+0000] {taskinstance.py:353} INFO - Marking task as SUCCESS. dag_id=download_iot, task_id=download_data, run_id=scheduled__2026-02-08T10:00:00+00:00, execution_date=20260208T100000, start_date=20260216T151437, end_date=20260216T151438
[2026-02-16T15:14:38.591+0000] {local_task_job_runner.py:266} INFO - Task exited with return code 0
[2026-02-16T15:14:38.598+0000] {local_task_job_runner.py:245} INFO - ::endgroup::
[2026-02-16T15:42:36.984+0000] {local_task_job_runner.py:123} INFO - ::group::Pre task execution logs
[2026-02-16T15:42:36.999+0000] {taskinstance.py:2614} INFO - Dependencies all met for dep_context=non-requeueable deps ti=<TaskInstance: download_iot.download_data scheduled__2026-02-08T10:00:00+00:00 [queued]>
[2026-02-16T15:42:37.004+0000] {taskinstance.py:2614} INFO - Dependencies all met for dep_context=requeueable deps ti=<TaskInstance: download_iot.download_data scheduled__2026-02-08T10:00:00+00:00 [queued]>
[2026-02-16T15:42:37.005+0000] {taskinstance.py:2867} INFO - Starting attempt 1 of 4
[2026-02-16T15:42:37.011+0000] {taskinstance.py:2890} INFO - Executing <Task(PythonOperator): download_data> on 2026-02-08 10:00:00+00:00
[2026-02-16T15:42:37.015+0000] {standard_task_runner.py:72} INFO - Started process 154 to run task
[2026-02-16T15:42:37.017+0000] {standard_task_runner.py:104} INFO - Running: ['***', 'tasks', 'run', 'download_iot', 'download_data', 'scheduled__2026-02-08T10:00:00+00:00', '--job-id', '22', '--raw', '--subdir', 'DAGS_FOLDER/download_iot.py', '--cfg-path', '/tmp/tmp3aoy0g6f']
[2026-02-16T15:42:37.019+0000] {standard_task_runner.py:105} INFO - Job 22: Subtask download_data
[2026-02-16T15:42:37.027+0000] {warnings.py:109} WARNING - /home/***/.local/lib/python3.9/site-packages/***/settings.py:209: DeprecationWarning: The sql_alchemy_conn option in [core] has been moved to the sql_alchemy_conn option in [database] - the old setting has been used, but please update your config.
  SQL_ALCHEMY_CONN = conf.get("database", "SQL_ALCHEMY_CONN")

[2026-02-16T15:42:37.048+0000] {task_command.py:467} INFO - Running <TaskInstance: download_iot.download_data scheduled__2026-02-08T10:00:00+00:00 [running]> on host 6ef9a94e694d
[2026-02-16T15:42:37.049+0000] {warnings.py:109} WARNING - /home/***/.local/lib/python3.9/site-packages/***/settings.py:470: DeprecationWarning: The sql_alchemy_conn option in [core] has been moved to the sql_alchemy_conn option in [database] - the old setting has been used, but please update your config.
  if conf.get("database", "sql_alchemy_conn") == "none://":

[2026-02-16T15:42:37.098+0000] {taskinstance.py:3134} INFO - Exporting env vars: AIRFLOW_CTX_DAG_OWNER='a.sorokin' AIRFLOW_CTX_DAG_ID='download_iot' AIRFLOW_CTX_TASK_ID='download_data' AIRFLOW_CTX_EXECUTION_DATE='2026-02-08T10:00:00+00:00' AIRFLOW_CTX_TRY_NUMBER='1' AIRFLOW_CTX_DAG_RUN_ID='scheduled__2026-02-08T10:00:00+00:00'
[2026-02-16T15:42:37.099+0000] {taskinstance.py:732} INFO - ::endgroup::
[2026-02-16T15:42:37.107+0000] {logging_mixin.py:190} INFO - Dataset URL: https://www.kaggle.com/datasets/atulanandjha/temperature-readings-iot-devices
[2026-02-16T15:42:38.320+0000] {download_iot.py:66} INFO - Данные успешно загружены с Kaggle!
[2026-02-16T15:42:38.321+0000] {python.py:240} INFO - Done. Returned value was: None
[2026-02-16T15:42:38.328+0000] {taskinstance.py:341} INFO - ::group::Post task execution logs
[2026-02-16T15:42:38.328+0000] {taskinstance.py:353} INFO - Marking task as SUCCESS. dag_id=download_iot, task_id=download_data, run_id=scheduled__2026-02-08T10:00:00+00:00, execution_date=20260208T100000, start_date=20260216T154236, end_date=20260216T154238
[2026-02-16T15:42:38.393+0000] {local_task_job_runner.py:266} INFO - Task exited with return code 0
[2026-02-16T15:42:38.405+0000] {taskinstance.py:3901} INFO - 0 downstream tasks scheduled from follow-on schedule check
[2026-02-16T15:42:38.406+0000] {local_task_job_runner.py:245} INFO - ::endgroup::
