[2026-02-14T16:31:27.214+0000] {local_task_job_runner.py:123} INFO - ::group::Pre task execution logs
[2026-02-14T16:31:27.232+0000] {taskinstance.py:2614} INFO - Dependencies all met for dep_context=non-requeueable deps ti=<TaskInstance: parse_iot.check_download_complete scheduled__2026-02-05T10:00:00+00:00 [queued]>
[2026-02-14T16:31:27.239+0000] {taskinstance.py:2614} INFO - Dependencies all met for dep_context=requeueable deps ti=<TaskInstance: parse_iot.check_download_complete scheduled__2026-02-05T10:00:00+00:00 [queued]>
[2026-02-14T16:31:27.239+0000] {taskinstance.py:2867} INFO - Starting attempt 1 of 4
[2026-02-14T16:31:27.246+0000] {taskinstance.py:2890} INFO - Executing <Task(ExternalTaskSensor): check_download_complete> on 2026-02-05 10:00:00+00:00
[2026-02-14T16:31:27.251+0000] {standard_task_runner.py:72} INFO - Started process 279 to run task
[2026-02-14T16:31:27.253+0000] {standard_task_runner.py:104} INFO - Running: ['***', 'tasks', 'run', 'parse_iot', 'check_download_complete', 'scheduled__2026-02-05T10:00:00+00:00', '--job-id', '53', '--raw', '--subdir', 'DAGS_FOLDER/parse_iot.py', '--cfg-path', '/tmp/tmpz5l3qad_']
[2026-02-14T16:31:27.254+0000] {standard_task_runner.py:105} INFO - Job 53: Subtask check_download_complete
[2026-02-14T16:31:27.263+0000] {warnings.py:109} WARNING - /home/***/.local/lib/python3.9/site-packages/***/settings.py:209: DeprecationWarning: The sql_alchemy_conn option in [core] has been moved to the sql_alchemy_conn option in [database] - the old setting has been used, but please update your config.
  SQL_ALCHEMY_CONN = conf.get("database", "SQL_ALCHEMY_CONN")

[2026-02-14T16:31:27.285+0000] {task_command.py:467} INFO - Running <TaskInstance: parse_iot.check_download_complete scheduled__2026-02-05T10:00:00+00:00 [running]> on host a5c4ed865bb5
[2026-02-14T16:31:27.285+0000] {warnings.py:109} WARNING - /home/***/.local/lib/python3.9/site-packages/***/settings.py:470: DeprecationWarning: The sql_alchemy_conn option in [core] has been moved to the sql_alchemy_conn option in [database] - the old setting has been used, but please update your config.
  if conf.get("database", "sql_alchemy_conn") == "none://":

[2026-02-14T16:31:27.339+0000] {taskinstance.py:3134} INFO - Exporting env vars: AIRFLOW_CTX_DAG_OWNER='a.sorokin' AIRFLOW_CTX_DAG_ID='parse_iot' AIRFLOW_CTX_TASK_ID='check_download_complete' AIRFLOW_CTX_EXECUTION_DATE='2026-02-05T10:00:00+00:00' AIRFLOW_CTX_TRY_NUMBER='1' AIRFLOW_CTX_DAG_RUN_ID='scheduled__2026-02-05T10:00:00+00:00'
[2026-02-14T16:31:27.340+0000] {taskinstance.py:732} INFO - ::endgroup::
[2026-02-14T16:31:27.347+0000] {baseoperator.py:423} WARNING - ExternalTaskSensor.execute cannot be called outside TaskInstance!
[2026-02-14T16:31:27.353+0000] {external_task.py:274} INFO - Poking for DAG 'download_iot' on 2026-02-05T10:00:00+00:00 ... 
[2026-02-14T16:31:27.353+0000] {warnings.py:109} WARNING - /home/***/.local/lib/python3.9/site-packages/***/utils/session.py:97: DeprecationWarning: This method is deprecated and will be removed in future.
  return func(*args, session=session, **kwargs)

[2026-02-14T16:31:27.358+0000] {base.py:339} INFO - Success criteria met. Exiting.
[2026-02-14T16:31:27.365+0000] {taskinstance.py:341} INFO - ::group::Post task execution logs
[2026-02-14T16:31:27.365+0000] {taskinstance.py:353} INFO - Marking task as SUCCESS. dag_id=parse_iot, task_id=check_download_complete, run_id=scheduled__2026-02-05T10:00:00+00:00, execution_date=20260205T100000, start_date=20260214T163127, end_date=20260214T163127
[2026-02-14T16:31:27.425+0000] {local_task_job_runner.py:266} INFO - Task exited with return code 0
[2026-02-14T16:31:27.446+0000] {taskinstance.py:3901} INFO - 0 downstream tasks scheduled from follow-on schedule check
[2026-02-14T16:31:27.452+0000] {local_task_job_runner.py:245} INFO - ::endgroup::
[2026-02-14T17:48:43.811+0000] {local_task_job_runner.py:123} INFO - ::group::Pre task execution logs
[2026-02-14T17:48:43.829+0000] {taskinstance.py:2614} INFO - Dependencies all met for dep_context=non-requeueable deps ti=<TaskInstance: parse_iot.check_download_complete scheduled__2026-02-05T10:00:00+00:00 [queued]>
[2026-02-14T17:48:43.837+0000] {taskinstance.py:2614} INFO - Dependencies all met for dep_context=requeueable deps ti=<TaskInstance: parse_iot.check_download_complete scheduled__2026-02-05T10:00:00+00:00 [queued]>
[2026-02-14T17:48:43.837+0000] {taskinstance.py:2867} INFO - Starting attempt 1 of 4
[2026-02-14T17:48:43.845+0000] {taskinstance.py:2890} INFO - Executing <Task(ExternalTaskSensor): check_download_complete> on 2026-02-05 10:00:00+00:00
[2026-02-14T17:48:43.850+0000] {standard_task_runner.py:72} INFO - Started process 291 to run task
[2026-02-14T17:48:43.852+0000] {standard_task_runner.py:104} INFO - Running: ['***', 'tasks', 'run', 'parse_iot', 'check_download_complete', 'scheduled__2026-02-05T10:00:00+00:00', '--job-id', '56', '--raw', '--subdir', 'DAGS_FOLDER/parse_iot.py', '--cfg-path', '/tmp/tmpbee1aqnm']
[2026-02-14T17:48:43.854+0000] {standard_task_runner.py:105} INFO - Job 56: Subtask check_download_complete
[2026-02-14T17:48:43.862+0000] {warnings.py:109} WARNING - /home/***/.local/lib/python3.9/site-packages/***/settings.py:209: DeprecationWarning: The sql_alchemy_conn option in [core] has been moved to the sql_alchemy_conn option in [database] - the old setting has been used, but please update your config.
  SQL_ALCHEMY_CONN = conf.get("database", "SQL_ALCHEMY_CONN")

[2026-02-14T17:48:43.887+0000] {task_command.py:467} INFO - Running <TaskInstance: parse_iot.check_download_complete scheduled__2026-02-05T10:00:00+00:00 [running]> on host 9052c134cdec
[2026-02-14T17:48:43.887+0000] {warnings.py:109} WARNING - /home/***/.local/lib/python3.9/site-packages/***/settings.py:470: DeprecationWarning: The sql_alchemy_conn option in [core] has been moved to the sql_alchemy_conn option in [database] - the old setting has been used, but please update your config.
  if conf.get("database", "sql_alchemy_conn") == "none://":

[2026-02-14T17:48:43.944+0000] {taskinstance.py:3134} INFO - Exporting env vars: AIRFLOW_CTX_DAG_OWNER='a.sorokin' AIRFLOW_CTX_DAG_ID='parse_iot' AIRFLOW_CTX_TASK_ID='check_download_complete' AIRFLOW_CTX_EXECUTION_DATE='2026-02-05T10:00:00+00:00' AIRFLOW_CTX_TRY_NUMBER='1' AIRFLOW_CTX_DAG_RUN_ID='scheduled__2026-02-05T10:00:00+00:00'
[2026-02-14T17:48:43.944+0000] {taskinstance.py:732} INFO - ::endgroup::
[2026-02-14T17:48:43.955+0000] {baseoperator.py:423} WARNING - ExternalTaskSensor.execute cannot be called outside TaskInstance!
[2026-02-14T17:48:43.962+0000] {external_task.py:274} INFO - Poking for DAG 'download_iot' on 2026-02-05T10:00:00+00:00 ... 
[2026-02-14T17:48:43.963+0000] {warnings.py:109} WARNING - /home/***/.local/lib/python3.9/site-packages/***/utils/session.py:97: DeprecationWarning: This method is deprecated and will be removed in future.
  return func(*args, session=session, **kwargs)

[2026-02-14T17:48:43.970+0000] {base.py:339} INFO - Success criteria met. Exiting.
[2026-02-14T17:48:43.978+0000] {taskinstance.py:341} INFO - ::group::Post task execution logs
[2026-02-14T17:48:43.978+0000] {taskinstance.py:353} INFO - Marking task as SUCCESS. dag_id=parse_iot, task_id=check_download_complete, run_id=scheduled__2026-02-05T10:00:00+00:00, execution_date=20260205T100000, start_date=20260214T174843, end_date=20260214T174843
[2026-02-14T17:48:44.024+0000] {local_task_job_runner.py:266} INFO - Task exited with return code 0
[2026-02-14T17:48:44.052+0000] {taskinstance.py:3901} INFO - 0 downstream tasks scheduled from follow-on schedule check
[2026-02-14T17:48:44.053+0000] {local_task_job_runner.py:245} INFO - ::endgroup::
[2026-02-14T18:13:58.372+0000] {local_task_job_runner.py:123} INFO - ::group::Pre task execution logs
[2026-02-14T18:13:58.388+0000] {taskinstance.py:2614} INFO - Dependencies all met for dep_context=non-requeueable deps ti=<TaskInstance: parse_iot.check_download_complete scheduled__2026-02-05T10:00:00+00:00 [queued]>
[2026-02-14T18:13:58.394+0000] {taskinstance.py:2614} INFO - Dependencies all met for dep_context=requeueable deps ti=<TaskInstance: parse_iot.check_download_complete scheduled__2026-02-05T10:00:00+00:00 [queued]>
[2026-02-14T18:13:58.394+0000] {taskinstance.py:2867} INFO - Starting attempt 1 of 4
[2026-02-14T18:13:58.400+0000] {taskinstance.py:2890} INFO - Executing <Task(ExternalTaskSensor): check_download_complete> on 2026-02-05 10:00:00+00:00
[2026-02-14T18:13:58.405+0000] {standard_task_runner.py:72} INFO - Started process 287 to run task
[2026-02-14T18:13:58.407+0000] {standard_task_runner.py:104} INFO - Running: ['***', 'tasks', 'run', 'parse_iot', 'check_download_complete', 'scheduled__2026-02-05T10:00:00+00:00', '--job-id', '55', '--raw', '--subdir', 'DAGS_FOLDER/parse_iot.py', '--cfg-path', '/tmp/tmp0mcj5pa3']
[2026-02-14T18:13:58.408+0000] {standard_task_runner.py:105} INFO - Job 55: Subtask check_download_complete
[2026-02-14T18:13:58.416+0000] {warnings.py:109} WARNING - /home/***/.local/lib/python3.9/site-packages/***/settings.py:209: DeprecationWarning: The sql_alchemy_conn option in [core] has been moved to the sql_alchemy_conn option in [database] - the old setting has been used, but please update your config.
  SQL_ALCHEMY_CONN = conf.get("database", "SQL_ALCHEMY_CONN")

[2026-02-14T18:13:58.437+0000] {task_command.py:467} INFO - Running <TaskInstance: parse_iot.check_download_complete scheduled__2026-02-05T10:00:00+00:00 [running]> on host bb762b62a2c2
[2026-02-14T18:13:58.438+0000] {warnings.py:109} WARNING - /home/***/.local/lib/python3.9/site-packages/***/settings.py:470: DeprecationWarning: The sql_alchemy_conn option in [core] has been moved to the sql_alchemy_conn option in [database] - the old setting has been used, but please update your config.
  if conf.get("database", "sql_alchemy_conn") == "none://":

[2026-02-14T18:13:58.487+0000] {taskinstance.py:3134} INFO - Exporting env vars: AIRFLOW_CTX_DAG_OWNER='a.sorokin' AIRFLOW_CTX_DAG_ID='parse_iot' AIRFLOW_CTX_TASK_ID='check_download_complete' AIRFLOW_CTX_EXECUTION_DATE='2026-02-05T10:00:00+00:00' AIRFLOW_CTX_TRY_NUMBER='1' AIRFLOW_CTX_DAG_RUN_ID='scheduled__2026-02-05T10:00:00+00:00'
[2026-02-14T18:13:58.487+0000] {taskinstance.py:732} INFO - ::endgroup::
[2026-02-14T18:13:58.495+0000] {baseoperator.py:423} WARNING - ExternalTaskSensor.execute cannot be called outside TaskInstance!
[2026-02-14T18:13:58.500+0000] {external_task.py:274} INFO - Poking for DAG 'download_iot' on 2026-02-05T10:00:00+00:00 ... 
[2026-02-14T18:13:58.501+0000] {warnings.py:109} WARNING - /home/***/.local/lib/python3.9/site-packages/***/utils/session.py:97: DeprecationWarning: This method is deprecated and will be removed in future.
  return func(*args, session=session, **kwargs)

[2026-02-14T18:13:58.506+0000] {base.py:339} INFO - Success criteria met. Exiting.
[2026-02-14T18:13:58.512+0000] {taskinstance.py:341} INFO - ::group::Post task execution logs
[2026-02-14T18:13:58.513+0000] {taskinstance.py:353} INFO - Marking task as SUCCESS. dag_id=parse_iot, task_id=check_download_complete, run_id=scheduled__2026-02-05T10:00:00+00:00, execution_date=20260205T100000, start_date=20260214T181358, end_date=20260214T181358
[2026-02-14T18:13:58.538+0000] {local_task_job_runner.py:266} INFO - Task exited with return code 0
[2026-02-14T18:13:58.562+0000] {taskinstance.py:3901} INFO - 0 downstream tasks scheduled from follow-on schedule check
[2026-02-14T18:13:58.563+0000] {local_task_job_runner.py:245} INFO - ::endgroup::
[2026-02-16T14:45:43.966+0000] {local_task_job_runner.py:123} INFO - ::group::Pre task execution logs
[2026-02-16T14:45:43.985+0000] {taskinstance.py:2614} INFO - Dependencies all met for dep_context=non-requeueable deps ti=<TaskInstance: parse_iot.check_download_complete scheduled__2026-02-05T10:00:00+00:00 [queued]>
[2026-02-16T14:45:43.992+0000] {taskinstance.py:2614} INFO - Dependencies all met for dep_context=requeueable deps ti=<TaskInstance: parse_iot.check_download_complete scheduled__2026-02-05T10:00:00+00:00 [queued]>
[2026-02-16T14:45:43.992+0000] {taskinstance.py:2867} INFO - Starting attempt 1 of 4
[2026-02-16T14:45:44.000+0000] {taskinstance.py:2890} INFO - Executing <Task(ExternalTaskSensor): check_download_complete> on 2026-02-05 10:00:00+00:00
[2026-02-16T14:45:44.004+0000] {standard_task_runner.py:72} INFO - Started process 306 to run task
[2026-02-16T14:45:44.006+0000] {standard_task_runner.py:104} INFO - Running: ['***', 'tasks', 'run', 'parse_iot', 'check_download_complete', 'scheduled__2026-02-05T10:00:00+00:00', '--job-id', '54', '--raw', '--subdir', 'DAGS_FOLDER/parse_iot.py', '--cfg-path', '/tmp/tmp9jtioqs1']
[2026-02-16T14:45:44.008+0000] {standard_task_runner.py:105} INFO - Job 54: Subtask check_download_complete
[2026-02-16T14:45:44.017+0000] {warnings.py:109} WARNING - /home/***/.local/lib/python3.9/site-packages/***/settings.py:209: DeprecationWarning: The sql_alchemy_conn option in [core] has been moved to the sql_alchemy_conn option in [database] - the old setting has been used, but please update your config.
  SQL_ALCHEMY_CONN = conf.get("database", "SQL_ALCHEMY_CONN")

[2026-02-16T14:45:44.039+0000] {task_command.py:467} INFO - Running <TaskInstance: parse_iot.check_download_complete scheduled__2026-02-05T10:00:00+00:00 [running]> on host cd96c4fa192f
[2026-02-16T14:45:44.039+0000] {warnings.py:109} WARNING - /home/***/.local/lib/python3.9/site-packages/***/settings.py:470: DeprecationWarning: The sql_alchemy_conn option in [core] has been moved to the sql_alchemy_conn option in [database] - the old setting has been used, but please update your config.
  if conf.get("database", "sql_alchemy_conn") == "none://":

[2026-02-16T14:45:44.087+0000] {taskinstance.py:3134} INFO - Exporting env vars: AIRFLOW_CTX_DAG_OWNER='a.sorokin' AIRFLOW_CTX_DAG_ID='parse_iot' AIRFLOW_CTX_TASK_ID='check_download_complete' AIRFLOW_CTX_EXECUTION_DATE='2026-02-05T10:00:00+00:00' AIRFLOW_CTX_TRY_NUMBER='1' AIRFLOW_CTX_DAG_RUN_ID='scheduled__2026-02-05T10:00:00+00:00'
[2026-02-16T14:45:44.087+0000] {taskinstance.py:732} INFO - ::endgroup::
[2026-02-16T14:45:44.095+0000] {baseoperator.py:423} WARNING - ExternalTaskSensor.execute cannot be called outside TaskInstance!
[2026-02-16T14:45:44.101+0000] {external_task.py:274} INFO - Poking for DAG 'download_iot' on 2026-02-05T10:00:00+00:00 ... 
[2026-02-16T14:45:44.101+0000] {warnings.py:109} WARNING - /home/***/.local/lib/python3.9/site-packages/***/utils/session.py:97: DeprecationWarning: This method is deprecated and will be removed in future.
  return func(*args, session=session, **kwargs)

[2026-02-16T14:45:44.106+0000] {base.py:339} INFO - Success criteria met. Exiting.
[2026-02-16T14:45:44.113+0000] {taskinstance.py:341} INFO - ::group::Post task execution logs
[2026-02-16T14:45:44.114+0000] {taskinstance.py:353} INFO - Marking task as SUCCESS. dag_id=parse_iot, task_id=check_download_complete, run_id=scheduled__2026-02-05T10:00:00+00:00, execution_date=20260205T100000, start_date=20260216T144543, end_date=20260216T144544
[2026-02-16T14:45:44.138+0000] {local_task_job_runner.py:266} INFO - Task exited with return code 0
[2026-02-16T14:45:44.160+0000] {taskinstance.py:3901} INFO - 0 downstream tasks scheduled from follow-on schedule check
[2026-02-16T14:45:44.161+0000] {local_task_job_runner.py:245} INFO - ::endgroup::
[2026-02-16T15:15:35.716+0000] {local_task_job_runner.py:123} INFO - ::group::Pre task execution logs
[2026-02-16T15:15:35.736+0000] {taskinstance.py:2614} INFO - Dependencies all met for dep_context=non-requeueable deps ti=<TaskInstance: parse_iot.check_download_complete scheduled__2026-02-05T10:00:00+00:00 [queued]>
[2026-02-16T15:15:35.744+0000] {taskinstance.py:2614} INFO - Dependencies all met for dep_context=requeueable deps ti=<TaskInstance: parse_iot.check_download_complete scheduled__2026-02-05T10:00:00+00:00 [queued]>
[2026-02-16T15:15:35.745+0000] {taskinstance.py:2867} INFO - Starting attempt 1 of 4
[2026-02-16T15:15:35.752+0000] {taskinstance.py:2890} INFO - Executing <Task(ExternalTaskSensor): check_download_complete> on 2026-02-05 10:00:00+00:00
[2026-02-16T15:15:35.758+0000] {standard_task_runner.py:72} INFO - Started process 277 to run task
[2026-02-16T15:15:35.761+0000] {standard_task_runner.py:104} INFO - Running: ['***', 'tasks', 'run', 'parse_iot', 'check_download_complete', 'scheduled__2026-02-05T10:00:00+00:00', '--job-id', '52', '--raw', '--subdir', 'DAGS_FOLDER/parse_iot.py', '--cfg-path', '/tmp/tmpzg9733p8']
[2026-02-16T15:15:35.762+0000] {standard_task_runner.py:105} INFO - Job 52: Subtask check_download_complete
[2026-02-16T15:15:35.770+0000] {warnings.py:109} WARNING - /home/***/.local/lib/python3.9/site-packages/***/settings.py:209: DeprecationWarning: The sql_alchemy_conn option in [core] has been moved to the sql_alchemy_conn option in [database] - the old setting has been used, but please update your config.
  SQL_ALCHEMY_CONN = conf.get("database", "SQL_ALCHEMY_CONN")

[2026-02-16T15:15:35.795+0000] {task_command.py:467} INFO - Running <TaskInstance: parse_iot.check_download_complete scheduled__2026-02-05T10:00:00+00:00 [running]> on host fbd3e38838e9
[2026-02-16T15:15:35.795+0000] {warnings.py:109} WARNING - /home/***/.local/lib/python3.9/site-packages/***/settings.py:470: DeprecationWarning: The sql_alchemy_conn option in [core] has been moved to the sql_alchemy_conn option in [database] - the old setting has been used, but please update your config.
  if conf.get("database", "sql_alchemy_conn") == "none://":

[2026-02-16T15:15:35.847+0000] {taskinstance.py:3134} INFO - Exporting env vars: AIRFLOW_CTX_DAG_OWNER='a.sorokin' AIRFLOW_CTX_DAG_ID='parse_iot' AIRFLOW_CTX_TASK_ID='check_download_complete' AIRFLOW_CTX_EXECUTION_DATE='2026-02-05T10:00:00+00:00' AIRFLOW_CTX_TRY_NUMBER='1' AIRFLOW_CTX_DAG_RUN_ID='scheduled__2026-02-05T10:00:00+00:00'
[2026-02-16T15:15:35.848+0000] {taskinstance.py:732} INFO - ::endgroup::
[2026-02-16T15:15:35.856+0000] {baseoperator.py:423} WARNING - ExternalTaskSensor.execute cannot be called outside TaskInstance!
[2026-02-16T15:15:35.863+0000] {external_task.py:274} INFO - Poking for DAG 'download_iot' on 2026-02-05T10:00:00+00:00 ... 
[2026-02-16T15:15:35.863+0000] {warnings.py:109} WARNING - /home/***/.local/lib/python3.9/site-packages/***/utils/session.py:97: DeprecationWarning: This method is deprecated and will be removed in future.
  return func(*args, session=session, **kwargs)

[2026-02-16T15:15:35.869+0000] {base.py:339} INFO - Success criteria met. Exiting.
[2026-02-16T15:15:35.877+0000] {taskinstance.py:341} INFO - ::group::Post task execution logs
[2026-02-16T15:15:35.877+0000] {taskinstance.py:353} INFO - Marking task as SUCCESS. dag_id=parse_iot, task_id=check_download_complete, run_id=scheduled__2026-02-05T10:00:00+00:00, execution_date=20260205T100000, start_date=20260216T151535, end_date=20260216T151535
[2026-02-16T15:15:35.932+0000] {local_task_job_runner.py:266} INFO - Task exited with return code 0
[2026-02-16T15:15:35.957+0000] {taskinstance.py:3901} INFO - 0 downstream tasks scheduled from follow-on schedule check
[2026-02-16T15:15:35.958+0000] {local_task_job_runner.py:245} INFO - ::endgroup::
[2026-02-16T15:43:36.167+0000] {local_task_job_runner.py:123} INFO - ::group::Pre task execution logs
[2026-02-16T15:43:36.186+0000] {taskinstance.py:2614} INFO - Dependencies all met for dep_context=non-requeueable deps ti=<TaskInstance: parse_iot.check_download_complete scheduled__2026-02-05T10:00:00+00:00 [queued]>
[2026-02-16T15:43:36.193+0000] {taskinstance.py:2614} INFO - Dependencies all met for dep_context=requeueable deps ti=<TaskInstance: parse_iot.check_download_complete scheduled__2026-02-05T10:00:00+00:00 [queued]>
[2026-02-16T15:43:36.193+0000] {taskinstance.py:2867} INFO - Starting attempt 1 of 4
[2026-02-16T15:43:36.201+0000] {taskinstance.py:2890} INFO - Executing <Task(ExternalTaskSensor): check_download_complete> on 2026-02-05 10:00:00+00:00
[2026-02-16T15:43:36.205+0000] {standard_task_runner.py:72} INFO - Started process 287 to run task
[2026-02-16T15:43:36.207+0000] {standard_task_runner.py:104} INFO - Running: ['***', 'tasks', 'run', 'parse_iot', 'check_download_complete', 'scheduled__2026-02-05T10:00:00+00:00', '--job-id', '55', '--raw', '--subdir', 'DAGS_FOLDER/parse_iot.py', '--cfg-path', '/tmp/tmppjmeaz4g']
[2026-02-16T15:43:36.209+0000] {standard_task_runner.py:105} INFO - Job 55: Subtask check_download_complete
[2026-02-16T15:43:36.217+0000] {warnings.py:109} WARNING - /home/***/.local/lib/python3.9/site-packages/***/settings.py:209: DeprecationWarning: The sql_alchemy_conn option in [core] has been moved to the sql_alchemy_conn option in [database] - the old setting has been used, but please update your config.
  SQL_ALCHEMY_CONN = conf.get("database", "SQL_ALCHEMY_CONN")

[2026-02-16T15:43:36.240+0000] {task_command.py:467} INFO - Running <TaskInstance: parse_iot.check_download_complete scheduled__2026-02-05T10:00:00+00:00 [running]> on host 6ef9a94e694d
[2026-02-16T15:43:36.240+0000] {warnings.py:109} WARNING - /home/***/.local/lib/python3.9/site-packages/***/settings.py:470: DeprecationWarning: The sql_alchemy_conn option in [core] has been moved to the sql_alchemy_conn option in [database] - the old setting has been used, but please update your config.
  if conf.get("database", "sql_alchemy_conn") == "none://":

[2026-02-16T15:43:36.287+0000] {taskinstance.py:3134} INFO - Exporting env vars: AIRFLOW_CTX_DAG_OWNER='a.sorokin' AIRFLOW_CTX_DAG_ID='parse_iot' AIRFLOW_CTX_TASK_ID='check_download_complete' AIRFLOW_CTX_EXECUTION_DATE='2026-02-05T10:00:00+00:00' AIRFLOW_CTX_TRY_NUMBER='1' AIRFLOW_CTX_DAG_RUN_ID='scheduled__2026-02-05T10:00:00+00:00'
[2026-02-16T15:43:36.287+0000] {taskinstance.py:732} INFO - ::endgroup::
[2026-02-16T15:43:36.295+0000] {baseoperator.py:423} WARNING - ExternalTaskSensor.execute cannot be called outside TaskInstance!
[2026-02-16T15:43:36.301+0000] {external_task.py:274} INFO - Poking for DAG 'download_iot' on 2026-02-05T10:00:00+00:00 ... 
[2026-02-16T15:43:36.301+0000] {warnings.py:109} WARNING - /home/***/.local/lib/python3.9/site-packages/***/utils/session.py:97: DeprecationWarning: This method is deprecated and will be removed in future.
  return func(*args, session=session, **kwargs)

[2026-02-16T15:43:36.307+0000] {base.py:339} INFO - Success criteria met. Exiting.
[2026-02-16T15:43:36.313+0000] {taskinstance.py:341} INFO - ::group::Post task execution logs
[2026-02-16T15:43:36.314+0000] {taskinstance.py:353} INFO - Marking task as SUCCESS. dag_id=parse_iot, task_id=check_download_complete, run_id=scheduled__2026-02-05T10:00:00+00:00, execution_date=20260205T100000, start_date=20260216T154336, end_date=20260216T154336
[2026-02-16T15:43:36.339+0000] {local_task_job_runner.py:266} INFO - Task exited with return code 0
[2026-02-16T15:43:36.361+0000] {taskinstance.py:3901} INFO - 0 downstream tasks scheduled from follow-on schedule check
[2026-02-16T15:43:36.362+0000] {local_task_job_runner.py:245} INFO - ::endgroup::
