[2026-02-16T16:59:33.178+0000] {local_task_job_runner.py:123} INFO - ::group::Pre task execution logs
[2026-02-16T16:59:33.191+0000] {taskinstance.py:2614} INFO - Dependencies all met for dep_context=non-requeueable deps ti=<TaskInstance: date_load_postgres.download_data scheduled__2026-02-01T10:00:00+00:00 [queued]>
[2026-02-16T16:59:33.197+0000] {taskinstance.py:2614} INFO - Dependencies all met for dep_context=requeueable deps ti=<TaskInstance: date_load_postgres.download_data scheduled__2026-02-01T10:00:00+00:00 [queued]>
[2026-02-16T16:59:33.198+0000] {taskinstance.py:2867} INFO - Starting attempt 2 of 4
[2026-02-16T16:59:33.205+0000] {taskinstance.py:2890} INFO - Executing <Task(PythonOperator): download_data> on 2026-02-01 10:00:00+00:00
[2026-02-16T16:59:33.210+0000] {standard_task_runner.py:72} INFO - Started process 1305 to run task
[2026-02-16T16:59:33.212+0000] {standard_task_runner.py:104} INFO - Running: ['***', 'tasks', 'run', 'date_load_postgres', 'download_data', 'scheduled__2026-02-01T10:00:00+00:00', '--job-id', '312', '--raw', '--subdir', 'DAGS_FOLDER/date_load_postrges.py', '--cfg-path', '/tmp/tmpp79btizn']
[2026-02-16T16:59:33.213+0000] {standard_task_runner.py:105} INFO - Job 312: Subtask download_data
[2026-02-16T16:59:33.222+0000] {warnings.py:109} WARNING - /home/***/.local/lib/python3.9/site-packages/***/settings.py:209: DeprecationWarning: The sql_alchemy_conn option in [core] has been moved to the sql_alchemy_conn option in [database] - the old setting has been used, but please update your config.
  SQL_ALCHEMY_CONN = conf.get("database", "SQL_ALCHEMY_CONN")

[2026-02-16T16:59:33.244+0000] {task_command.py:467} INFO - Running <TaskInstance: date_load_postgres.download_data scheduled__2026-02-01T10:00:00+00:00 [running]> on host 6ef9a94e694d
[2026-02-16T16:59:33.245+0000] {warnings.py:109} WARNING - /home/***/.local/lib/python3.9/site-packages/***/settings.py:470: DeprecationWarning: The sql_alchemy_conn option in [core] has been moved to the sql_alchemy_conn option in [database] - the old setting has been used, but please update your config.
  if conf.get("database", "sql_alchemy_conn") == "none://":

[2026-02-16T16:59:33.293+0000] {taskinstance.py:3134} INFO - Exporting env vars: AIRFLOW_CTX_DAG_OWNER='a.sorokin' AIRFLOW_CTX_DAG_ID='date_load_postgres' AIRFLOW_CTX_TASK_ID='download_data' AIRFLOW_CTX_EXECUTION_DATE='2026-02-01T10:00:00+00:00' AIRFLOW_CTX_TRY_NUMBER='2' AIRFLOW_CTX_DAG_RUN_ID='scheduled__2026-02-01T10:00:00+00:00'
[2026-02-16T16:59:33.293+0000] {taskinstance.py:732} INFO - ::endgroup::
[2026-02-16T16:59:33.302+0000] {logging_mixin.py:190} INFO - Dataset URL: https://www.kaggle.com/datasets/atulanandjha/temperature-readings-iot-devices
[2026-02-16T16:59:34.485+0000] {date_load_postrges.py:69} INFO - Данные успешно загружены с Kaggle!
[2026-02-16T16:59:34.486+0000] {python.py:240} INFO - Done. Returned value was: None
[2026-02-16T16:59:34.492+0000] {taskinstance.py:341} INFO - ::group::Post task execution logs
[2026-02-16T16:59:34.492+0000] {taskinstance.py:353} INFO - Marking task as SUCCESS. dag_id=date_load_postgres, task_id=download_data, run_id=scheduled__2026-02-01T10:00:00+00:00, execution_date=20260201T100000, start_date=20260216T165933, end_date=20260216T165934
[2026-02-16T16:59:34.586+0000] {local_task_job_runner.py:266} INFO - Task exited with return code 0
[2026-02-16T16:59:34.601+0000] {taskinstance.py:3901} INFO - 1 downstream tasks scheduled from follow-on schedule check
[2026-02-16T16:59:34.602+0000] {local_task_job_runner.py:245} INFO - ::endgroup::
[2026-02-16T18:00:35.242+0000] {local_task_job_runner.py:123} INFO - ::group::Pre task execution logs
[2026-02-16T18:00:35.255+0000] {taskinstance.py:2614} INFO - Dependencies all met for dep_context=non-requeueable deps ti=<TaskInstance: date_load_postgres.download_data scheduled__2026-02-01T10:00:00+00:00 [queued]>
[2026-02-16T18:00:35.261+0000] {taskinstance.py:2614} INFO - Dependencies all met for dep_context=requeueable deps ti=<TaskInstance: date_load_postgres.download_data scheduled__2026-02-01T10:00:00+00:00 [queued]>
[2026-02-16T18:00:35.261+0000] {taskinstance.py:2867} INFO - Starting attempt 2 of 5
[2026-02-16T18:00:35.268+0000] {taskinstance.py:2890} INFO - Executing <Task(PythonOperator): download_data> on 2026-02-01 10:00:00+00:00
[2026-02-16T18:00:35.273+0000] {standard_task_runner.py:72} INFO - Started process 306 to run task
[2026-02-16T18:00:35.275+0000] {standard_task_runner.py:104} INFO - Running: ['***', 'tasks', 'run', 'date_load_postgres', 'download_data', 'scheduled__2026-02-01T10:00:00+00:00', '--job-id', '55', '--raw', '--subdir', 'DAGS_FOLDER/date_load_postrges.py', '--cfg-path', '/tmp/tmpbyj0h9vk']
[2026-02-16T18:00:35.276+0000] {standard_task_runner.py:105} INFO - Job 55: Subtask download_data
[2026-02-16T18:00:35.285+0000] {warnings.py:109} WARNING - /home/***/.local/lib/python3.9/site-packages/***/settings.py:209: DeprecationWarning: The sql_alchemy_conn option in [core] has been moved to the sql_alchemy_conn option in [database] - the old setting has been used, but please update your config.
  SQL_ALCHEMY_CONN = conf.get("database", "SQL_ALCHEMY_CONN")

[2026-02-16T18:00:35.306+0000] {task_command.py:467} INFO - Running <TaskInstance: date_load_postgres.download_data scheduled__2026-02-01T10:00:00+00:00 [running]> on host 80c391c4cc85
[2026-02-16T18:00:35.307+0000] {warnings.py:109} WARNING - /home/***/.local/lib/python3.9/site-packages/***/settings.py:470: DeprecationWarning: The sql_alchemy_conn option in [core] has been moved to the sql_alchemy_conn option in [database] - the old setting has been used, but please update your config.
  if conf.get("database", "sql_alchemy_conn") == "none://":

[2026-02-16T18:00:35.352+0000] {taskinstance.py:3134} INFO - Exporting env vars: AIRFLOW_CTX_DAG_OWNER='a.sorokin' AIRFLOW_CTX_DAG_ID='date_load_postgres' AIRFLOW_CTX_TASK_ID='download_data' AIRFLOW_CTX_EXECUTION_DATE='2026-02-01T10:00:00+00:00' AIRFLOW_CTX_TRY_NUMBER='2' AIRFLOW_CTX_DAG_RUN_ID='scheduled__2026-02-01T10:00:00+00:00'
[2026-02-16T18:00:35.352+0000] {taskinstance.py:732} INFO - ::endgroup::
[2026-02-16T18:00:35.361+0000] {logging_mixin.py:190} INFO - Dataset URL: https://www.kaggle.com/datasets/atulanandjha/temperature-readings-iot-devices
[2026-02-16T18:00:39.496+0000] {date_load_postrges.py:66} INFO - Данные успешно загружены с Kaggle!
[2026-02-16T18:00:39.497+0000] {python.py:240} INFO - Done. Returned value was: None
[2026-02-16T18:00:39.504+0000] {taskinstance.py:341} INFO - ::group::Post task execution logs
[2026-02-16T18:00:39.504+0000] {taskinstance.py:353} INFO - Marking task as SUCCESS. dag_id=date_load_postgres, task_id=download_data, run_id=scheduled__2026-02-01T10:00:00+00:00, execution_date=20260201T100000, start_date=20260216T180035, end_date=20260216T180039
[2026-02-16T18:00:39.576+0000] {local_task_job_runner.py:266} INFO - Task exited with return code 0
[2026-02-16T18:00:39.591+0000] {taskinstance.py:3901} INFO - 0 downstream tasks scheduled from follow-on schedule check
[2026-02-16T18:00:39.592+0000] {local_task_job_runner.py:245} INFO - ::endgroup::
