[2026-02-16T16:56:59.283+0000] {local_task_job_runner.py:123} INFO - ::group::Pre task execution logs
[2026-02-16T16:56:59.294+0000] {taskinstance.py:2604} INFO - Dependencies not met for <TaskInstance: date_load_postgres.parse_data scheduled__2026-02-09T10:00:00+00:00 [queued]>, dependency 'Trigger Rule' FAILED: Task's trigger rule 'all_success' requires all upstream tasks to have succeeded, but found 1 non-success(es). upstream_states=_UpstreamTIStates(success=0, skipped=0, failed=0, upstream_failed=0, removed=0, done=0, success_setup=0, skipped_setup=0), upstream_task_ids={'check_file'}
[2026-02-16T16:56:59.295+0000] {local_task_job_runner.py:166} INFO - Task is not able to be run
[2026-02-16T17:41:10.246+0000] {local_task_job_runner.py:123} INFO - ::group::Pre task execution logs
[2026-02-16T17:41:10.259+0000] {taskinstance.py:2614} INFO - Dependencies all met for dep_context=non-requeueable deps ti=<TaskInstance: date_load_postgres.parse_data scheduled__2026-02-09T10:00:00+00:00 [queued]>
[2026-02-16T17:41:10.265+0000] {taskinstance.py:2614} INFO - Dependencies all met for dep_context=requeueable deps ti=<TaskInstance: date_load_postgres.parse_data scheduled__2026-02-09T10:00:00+00:00 [queued]>
[2026-02-16T17:41:10.265+0000] {taskinstance.py:2867} INFO - Starting attempt 1 of 4
[2026-02-16T17:41:10.272+0000] {taskinstance.py:2890} INFO - Executing <Task(PythonOperator): parse_data> on 2026-02-09 10:00:00+00:00
[2026-02-16T17:41:10.277+0000] {standard_task_runner.py:72} INFO - Started process 264 to run task
[2026-02-16T17:41:10.279+0000] {standard_task_runner.py:104} INFO - Running: ['***', 'tasks', 'run', 'date_load_postgres', 'parse_data', 'scheduled__2026-02-09T10:00:00+00:00', '--job-id', '45', '--raw', '--subdir', 'DAGS_FOLDER/date_load_postrges.py', '--cfg-path', '/tmp/tmpcdsn2quu']
[2026-02-16T17:41:10.280+0000] {standard_task_runner.py:105} INFO - Job 45: Subtask parse_data
[2026-02-16T17:41:10.289+0000] {warnings.py:109} WARNING - /home/***/.local/lib/python3.9/site-packages/***/settings.py:209: DeprecationWarning: The sql_alchemy_conn option in [core] has been moved to the sql_alchemy_conn option in [database] - the old setting has been used, but please update your config.
  SQL_ALCHEMY_CONN = conf.get("database", "SQL_ALCHEMY_CONN")

[2026-02-16T17:41:10.311+0000] {task_command.py:467} INFO - Running <TaskInstance: date_load_postgres.parse_data scheduled__2026-02-09T10:00:00+00:00 [running]> on host 80c391c4cc85
[2026-02-16T17:41:10.311+0000] {warnings.py:109} WARNING - /home/***/.local/lib/python3.9/site-packages/***/settings.py:470: DeprecationWarning: The sql_alchemy_conn option in [core] has been moved to the sql_alchemy_conn option in [database] - the old setting has been used, but please update your config.
  if conf.get("database", "sql_alchemy_conn") == "none://":

[2026-02-16T17:41:10.356+0000] {taskinstance.py:3134} INFO - Exporting env vars: AIRFLOW_CTX_DAG_OWNER='a.sorokin' AIRFLOW_CTX_DAG_ID='date_load_postgres' AIRFLOW_CTX_TASK_ID='parse_data' AIRFLOW_CTX_EXECUTION_DATE='2026-02-09T10:00:00+00:00' AIRFLOW_CTX_TRY_NUMBER='1' AIRFLOW_CTX_DAG_RUN_ID='scheduled__2026-02-09T10:00:00+00:00'
[2026-02-16T17:41:10.356+0000] {taskinstance.py:732} INFO - ::endgroup::
[2026-02-16T17:41:18.911+0000] {python.py:240} INFO - Done. Returned value was: None
[2026-02-16T17:41:18.918+0000] {taskinstance.py:341} INFO - ::group::Post task execution logs
[2026-02-16T17:41:18.918+0000] {taskinstance.py:353} INFO - Marking task as SUCCESS. dag_id=date_load_postgres, task_id=parse_data, run_id=scheduled__2026-02-09T10:00:00+00:00, execution_date=20260209T100000, start_date=20260216T174110, end_date=20260216T174118
[2026-02-16T17:41:18.981+0000] {local_task_job_runner.py:266} INFO - Task exited with return code 0
[2026-02-16T17:41:18.997+0000] {taskinstance.py:3901} INFO - 1 downstream tasks scheduled from follow-on schedule check
[2026-02-16T17:41:19.003+0000] {local_task_job_runner.py:245} INFO - ::endgroup::
