[2026-02-14T16:32:34.292+0000] {local_task_job_runner.py:123} INFO - ::group::Pre task execution logs
[2026-02-14T16:32:34.310+0000] {taskinstance.py:2614} INFO - Dependencies all met for dep_context=non-requeueable deps ti=<TaskInstance: parse_iot.clean_data scheduled__2026-02-03T10:00:00+00:00 [queued]>
[2026-02-14T16:32:34.317+0000] {taskinstance.py:2614} INFO - Dependencies all met for dep_context=requeueable deps ti=<TaskInstance: parse_iot.clean_data scheduled__2026-02-03T10:00:00+00:00 [queued]>
[2026-02-14T16:32:34.318+0000] {taskinstance.py:2867} INFO - Starting attempt 1 of 4
[2026-02-14T16:32:34.326+0000] {taskinstance.py:2890} INFO - Executing <Task(PythonOperator): clean_data> on 2026-02-03 10:00:00+00:00
[2026-02-14T16:32:34.331+0000] {standard_task_runner.py:72} INFO - Started process 451 to run task
[2026-02-14T16:32:34.332+0000] {standard_task_runner.py:104} INFO - Running: ['***', 'tasks', 'run', 'parse_iot', 'clean_data', 'scheduled__2026-02-03T10:00:00+00:00', '--job-id', '96', '--raw', '--subdir', 'DAGS_FOLDER/parse_iot.py', '--cfg-path', '/tmp/tmpsw2ii_yu']
[2026-02-14T16:32:34.334+0000] {standard_task_runner.py:105} INFO - Job 96: Subtask clean_data
[2026-02-14T16:32:34.342+0000] {warnings.py:109} WARNING - /home/***/.local/lib/python3.9/site-packages/***/settings.py:209: DeprecationWarning: The sql_alchemy_conn option in [core] has been moved to the sql_alchemy_conn option in [database] - the old setting has been used, but please update your config.
  SQL_ALCHEMY_CONN = conf.get("database", "SQL_ALCHEMY_CONN")

[2026-02-14T16:32:34.364+0000] {task_command.py:467} INFO - Running <TaskInstance: parse_iot.clean_data scheduled__2026-02-03T10:00:00+00:00 [running]> on host a5c4ed865bb5
[2026-02-14T16:32:34.365+0000] {warnings.py:109} WARNING - /home/***/.local/lib/python3.9/site-packages/***/settings.py:470: DeprecationWarning: The sql_alchemy_conn option in [core] has been moved to the sql_alchemy_conn option in [database] - the old setting has been used, but please update your config.
  if conf.get("database", "sql_alchemy_conn") == "none://":

[2026-02-14T16:32:34.418+0000] {taskinstance.py:3134} INFO - Exporting env vars: AIRFLOW_CTX_DAG_OWNER='a.sorokin' AIRFLOW_CTX_DAG_ID='parse_iot' AIRFLOW_CTX_TASK_ID='clean_data' AIRFLOW_CTX_EXECUTION_DATE='2026-02-03T10:00:00+00:00' AIRFLOW_CTX_TRY_NUMBER='1' AIRFLOW_CTX_DAG_RUN_ID='scheduled__2026-02-03T10:00:00+00:00'
[2026-02-14T16:32:34.419+0000] {taskinstance.py:732} INFO - ::endgroup::
[2026-02-14T16:32:42.784+0000] {python.py:240} INFO - Done. Returned value was: None
[2026-02-14T16:32:42.790+0000] {taskinstance.py:341} INFO - ::group::Post task execution logs
[2026-02-14T16:32:42.791+0000] {taskinstance.py:353} INFO - Marking task as SUCCESS. dag_id=parse_iot, task_id=clean_data, run_id=scheduled__2026-02-03T10:00:00+00:00, execution_date=20260203T100000, start_date=20260214T163234, end_date=20260214T163242
[2026-02-14T16:32:42.836+0000] {local_task_job_runner.py:266} INFO - Task exited with return code 0
[2026-02-14T16:32:42.852+0000] {taskinstance.py:3901} INFO - 0 downstream tasks scheduled from follow-on schedule check
[2026-02-14T16:32:42.853+0000] {local_task_job_runner.py:245} INFO - ::endgroup::
[2026-02-14T17:49:56.870+0000] {local_task_job_runner.py:123} INFO - ::group::Pre task execution logs
[2026-02-14T17:49:56.887+0000] {taskinstance.py:2614} INFO - Dependencies all met for dep_context=non-requeueable deps ti=<TaskInstance: parse_iot.clean_data scheduled__2026-02-03T10:00:00+00:00 [queued]>
[2026-02-14T17:49:56.893+0000] {taskinstance.py:2614} INFO - Dependencies all met for dep_context=requeueable deps ti=<TaskInstance: parse_iot.clean_data scheduled__2026-02-03T10:00:00+00:00 [queued]>
[2026-02-14T17:49:56.893+0000] {taskinstance.py:2867} INFO - Starting attempt 1 of 4
[2026-02-14T17:49:56.900+0000] {taskinstance.py:2890} INFO - Executing <Task(PythonOperator): clean_data> on 2026-02-03 10:00:00+00:00
[2026-02-14T17:49:56.904+0000] {standard_task_runner.py:72} INFO - Started process 463 to run task
[2026-02-14T17:49:56.906+0000] {standard_task_runner.py:104} INFO - Running: ['***', 'tasks', 'run', 'parse_iot', 'clean_data', 'scheduled__2026-02-03T10:00:00+00:00', '--job-id', '99', '--raw', '--subdir', 'DAGS_FOLDER/parse_iot.py', '--cfg-path', '/tmp/tmp4penlerb']
[2026-02-14T17:49:56.908+0000] {standard_task_runner.py:105} INFO - Job 99: Subtask clean_data
[2026-02-14T17:49:56.916+0000] {warnings.py:109} WARNING - /home/***/.local/lib/python3.9/site-packages/***/settings.py:209: DeprecationWarning: The sql_alchemy_conn option in [core] has been moved to the sql_alchemy_conn option in [database] - the old setting has been used, but please update your config.
  SQL_ALCHEMY_CONN = conf.get("database", "SQL_ALCHEMY_CONN")

[2026-02-14T17:49:56.938+0000] {task_command.py:467} INFO - Running <TaskInstance: parse_iot.clean_data scheduled__2026-02-03T10:00:00+00:00 [running]> on host 9052c134cdec
[2026-02-14T17:49:56.938+0000] {warnings.py:109} WARNING - /home/***/.local/lib/python3.9/site-packages/***/settings.py:470: DeprecationWarning: The sql_alchemy_conn option in [core] has been moved to the sql_alchemy_conn option in [database] - the old setting has been used, but please update your config.
  if conf.get("database", "sql_alchemy_conn") == "none://":

[2026-02-14T17:49:56.982+0000] {taskinstance.py:3134} INFO - Exporting env vars: AIRFLOW_CTX_DAG_OWNER='a.sorokin' AIRFLOW_CTX_DAG_ID='parse_iot' AIRFLOW_CTX_TASK_ID='clean_data' AIRFLOW_CTX_EXECUTION_DATE='2026-02-03T10:00:00+00:00' AIRFLOW_CTX_TRY_NUMBER='1' AIRFLOW_CTX_DAG_RUN_ID='scheduled__2026-02-03T10:00:00+00:00'
[2026-02-14T17:49:56.983+0000] {taskinstance.py:732} INFO - ::endgroup::
[2026-02-14T17:50:05.657+0000] {python.py:240} INFO - Done. Returned value was: None
[2026-02-14T17:50:05.664+0000] {taskinstance.py:341} INFO - ::group::Post task execution logs
[2026-02-14T17:50:05.664+0000] {taskinstance.py:353} INFO - Marking task as SUCCESS. dag_id=parse_iot, task_id=clean_data, run_id=scheduled__2026-02-03T10:00:00+00:00, execution_date=20260203T100000, start_date=20260214T174956, end_date=20260214T175005
[2026-02-14T17:50:05.688+0000] {local_task_job_runner.py:266} INFO - Task exited with return code 0
[2026-02-14T17:50:05.706+0000] {taskinstance.py:3901} INFO - 0 downstream tasks scheduled from follow-on schedule check
[2026-02-14T17:50:05.707+0000] {local_task_job_runner.py:245} INFO - ::endgroup::
[2026-02-14T18:14:47.173+0000] {local_task_job_runner.py:123} INFO - ::group::Pre task execution logs
[2026-02-14T18:14:47.189+0000] {taskinstance.py:2614} INFO - Dependencies all met for dep_context=non-requeueable deps ti=<TaskInstance: parse_iot.clean_data scheduled__2026-02-03T10:00:00+00:00 [queued]>
[2026-02-14T18:14:47.197+0000] {taskinstance.py:2614} INFO - Dependencies all met for dep_context=requeueable deps ti=<TaskInstance: parse_iot.clean_data scheduled__2026-02-03T10:00:00+00:00 [queued]>
[2026-02-14T18:14:47.197+0000] {taskinstance.py:2867} INFO - Starting attempt 1 of 4
[2026-02-14T18:14:47.204+0000] {taskinstance.py:2890} INFO - Executing <Task(PythonOperator): clean_data> on 2026-02-03 10:00:00+00:00
[2026-02-14T18:14:47.209+0000] {standard_task_runner.py:72} INFO - Started process 375 to run task
[2026-02-14T18:14:47.211+0000] {standard_task_runner.py:104} INFO - Running: ['***', 'tasks', 'run', 'parse_iot', 'clean_data', 'scheduled__2026-02-03T10:00:00+00:00', '--job-id', '77', '--raw', '--subdir', 'DAGS_FOLDER/parse_iot.py', '--cfg-path', '/tmp/tmpfcmzvuiq']
[2026-02-14T18:14:47.213+0000] {standard_task_runner.py:105} INFO - Job 77: Subtask clean_data
[2026-02-14T18:14:47.221+0000] {warnings.py:109} WARNING - /home/***/.local/lib/python3.9/site-packages/***/settings.py:209: DeprecationWarning: The sql_alchemy_conn option in [core] has been moved to the sql_alchemy_conn option in [database] - the old setting has been used, but please update your config.
  SQL_ALCHEMY_CONN = conf.get("database", "SQL_ALCHEMY_CONN")

[2026-02-14T18:14:47.241+0000] {task_command.py:467} INFO - Running <TaskInstance: parse_iot.clean_data scheduled__2026-02-03T10:00:00+00:00 [running]> on host bb762b62a2c2
[2026-02-14T18:14:47.241+0000] {warnings.py:109} WARNING - /home/***/.local/lib/python3.9/site-packages/***/settings.py:470: DeprecationWarning: The sql_alchemy_conn option in [core] has been moved to the sql_alchemy_conn option in [database] - the old setting has been used, but please update your config.
  if conf.get("database", "sql_alchemy_conn") == "none://":

[2026-02-14T18:14:47.288+0000] {taskinstance.py:3134} INFO - Exporting env vars: AIRFLOW_CTX_DAG_OWNER='a.sorokin' AIRFLOW_CTX_DAG_ID='parse_iot' AIRFLOW_CTX_TASK_ID='clean_data' AIRFLOW_CTX_EXECUTION_DATE='2026-02-03T10:00:00+00:00' AIRFLOW_CTX_TRY_NUMBER='1' AIRFLOW_CTX_DAG_RUN_ID='scheduled__2026-02-03T10:00:00+00:00'
[2026-02-14T18:14:47.289+0000] {taskinstance.py:732} INFO - ::endgroup::
[2026-02-14T18:14:55.835+0000] {python.py:240} INFO - Done. Returned value was: None
[2026-02-14T18:14:55.841+0000] {taskinstance.py:341} INFO - ::group::Post task execution logs
[2026-02-14T18:14:55.841+0000] {taskinstance.py:353} INFO - Marking task as SUCCESS. dag_id=parse_iot, task_id=clean_data, run_id=scheduled__2026-02-03T10:00:00+00:00, execution_date=20260203T100000, start_date=20260214T181447, end_date=20260214T181455
[2026-02-14T18:14:55.872+0000] {local_task_job_runner.py:266} INFO - Task exited with return code 0
[2026-02-14T18:14:55.890+0000] {taskinstance.py:3901} INFO - 0 downstream tasks scheduled from follow-on schedule check
[2026-02-14T18:14:55.891+0000] {local_task_job_runner.py:245} INFO - ::endgroup::
[2026-02-16T14:46:57.809+0000] {local_task_job_runner.py:123} INFO - ::group::Pre task execution logs
[2026-02-16T14:46:57.825+0000] {taskinstance.py:2614} INFO - Dependencies all met for dep_context=non-requeueable deps ti=<TaskInstance: parse_iot.clean_data scheduled__2026-02-03T10:00:00+00:00 [queued]>
[2026-02-16T14:46:57.832+0000] {taskinstance.py:2614} INFO - Dependencies all met for dep_context=requeueable deps ti=<TaskInstance: parse_iot.clean_data scheduled__2026-02-03T10:00:00+00:00 [queued]>
[2026-02-16T14:46:57.832+0000] {taskinstance.py:2867} INFO - Starting attempt 1 of 4
[2026-02-16T14:46:57.838+0000] {taskinstance.py:2890} INFO - Executing <Task(PythonOperator): clean_data> on 2026-02-03 10:00:00+00:00
[2026-02-16T14:46:57.843+0000] {standard_task_runner.py:72} INFO - Started process 514 to run task
[2026-02-16T14:46:57.845+0000] {standard_task_runner.py:104} INFO - Running: ['***', 'tasks', 'run', 'parse_iot', 'clean_data', 'scheduled__2026-02-03T10:00:00+00:00', '--job-id', '106', '--raw', '--subdir', 'DAGS_FOLDER/parse_iot.py', '--cfg-path', '/tmp/tmpwy59_59m']
[2026-02-16T14:46:57.846+0000] {standard_task_runner.py:105} INFO - Job 106: Subtask clean_data
[2026-02-16T14:46:57.854+0000] {warnings.py:109} WARNING - /home/***/.local/lib/python3.9/site-packages/***/settings.py:209: DeprecationWarning: The sql_alchemy_conn option in [core] has been moved to the sql_alchemy_conn option in [database] - the old setting has been used, but please update your config.
  SQL_ALCHEMY_CONN = conf.get("database", "SQL_ALCHEMY_CONN")

[2026-02-16T14:46:57.874+0000] {task_command.py:467} INFO - Running <TaskInstance: parse_iot.clean_data scheduled__2026-02-03T10:00:00+00:00 [running]> on host cd96c4fa192f
[2026-02-16T14:46:57.875+0000] {warnings.py:109} WARNING - /home/***/.local/lib/python3.9/site-packages/***/settings.py:470: DeprecationWarning: The sql_alchemy_conn option in [core] has been moved to the sql_alchemy_conn option in [database] - the old setting has been used, but please update your config.
  if conf.get("database", "sql_alchemy_conn") == "none://":

[2026-02-16T14:46:57.916+0000] {taskinstance.py:3134} INFO - Exporting env vars: AIRFLOW_CTX_DAG_OWNER='a.sorokin' AIRFLOW_CTX_DAG_ID='parse_iot' AIRFLOW_CTX_TASK_ID='clean_data' AIRFLOW_CTX_EXECUTION_DATE='2026-02-03T10:00:00+00:00' AIRFLOW_CTX_TRY_NUMBER='1' AIRFLOW_CTX_DAG_RUN_ID='scheduled__2026-02-03T10:00:00+00:00'
[2026-02-16T14:46:57.917+0000] {taskinstance.py:732} INFO - ::endgroup::
[2026-02-16T14:47:06.130+0000] {python.py:240} INFO - Done. Returned value was: None
[2026-02-16T14:47:06.136+0000] {taskinstance.py:341} INFO - ::group::Post task execution logs
[2026-02-16T14:47:06.136+0000] {taskinstance.py:353} INFO - Marking task as SUCCESS. dag_id=parse_iot, task_id=clean_data, run_id=scheduled__2026-02-03T10:00:00+00:00, execution_date=20260203T100000, start_date=20260216T144657, end_date=20260216T144706
[2026-02-16T14:47:06.189+0000] {local_task_job_runner.py:266} INFO - Task exited with return code 0
[2026-02-16T14:47:06.207+0000] {taskinstance.py:3901} INFO - 0 downstream tasks scheduled from follow-on schedule check
[2026-02-16T14:47:06.208+0000] {local_task_job_runner.py:245} INFO - ::endgroup::
[2026-02-16T15:16:48.330+0000] {local_task_job_runner.py:123} INFO - ::group::Pre task execution logs
[2026-02-16T15:16:48.348+0000] {taskinstance.py:2614} INFO - Dependencies all met for dep_context=non-requeueable deps ti=<TaskInstance: parse_iot.clean_data scheduled__2026-02-03T10:00:00+00:00 [queued]>
[2026-02-16T15:16:48.356+0000] {taskinstance.py:2614} INFO - Dependencies all met for dep_context=requeueable deps ti=<TaskInstance: parse_iot.clean_data scheduled__2026-02-03T10:00:00+00:00 [queued]>
[2026-02-16T15:16:48.356+0000] {taskinstance.py:2867} INFO - Starting attempt 1 of 4
[2026-02-16T15:16:48.365+0000] {taskinstance.py:2890} INFO - Executing <Task(PythonOperator): clean_data> on 2026-02-03 10:00:00+00:00
[2026-02-16T15:16:48.370+0000] {standard_task_runner.py:72} INFO - Started process 467 to run task
[2026-02-16T15:16:48.372+0000] {standard_task_runner.py:104} INFO - Running: ['***', 'tasks', 'run', 'parse_iot', 'clean_data', 'scheduled__2026-02-03T10:00:00+00:00', '--job-id', '100', '--raw', '--subdir', 'DAGS_FOLDER/parse_iot.py', '--cfg-path', '/tmp/tmp7fcea7z5']
[2026-02-16T15:16:48.373+0000] {standard_task_runner.py:105} INFO - Job 100: Subtask clean_data
[2026-02-16T15:16:48.382+0000] {warnings.py:109} WARNING - /home/***/.local/lib/python3.9/site-packages/***/settings.py:209: DeprecationWarning: The sql_alchemy_conn option in [core] has been moved to the sql_alchemy_conn option in [database] - the old setting has been used, but please update your config.
  SQL_ALCHEMY_CONN = conf.get("database", "SQL_ALCHEMY_CONN")

[2026-02-16T15:16:48.412+0000] {task_command.py:467} INFO - Running <TaskInstance: parse_iot.clean_data scheduled__2026-02-03T10:00:00+00:00 [running]> on host fbd3e38838e9
[2026-02-16T15:16:48.413+0000] {warnings.py:109} WARNING - /home/***/.local/lib/python3.9/site-packages/***/settings.py:470: DeprecationWarning: The sql_alchemy_conn option in [core] has been moved to the sql_alchemy_conn option in [database] - the old setting has been used, but please update your config.
  if conf.get("database", "sql_alchemy_conn") == "none://":

[2026-02-16T15:16:48.467+0000] {taskinstance.py:3134} INFO - Exporting env vars: AIRFLOW_CTX_DAG_OWNER='a.sorokin' AIRFLOW_CTX_DAG_ID='parse_iot' AIRFLOW_CTX_TASK_ID='clean_data' AIRFLOW_CTX_EXECUTION_DATE='2026-02-03T10:00:00+00:00' AIRFLOW_CTX_TRY_NUMBER='1' AIRFLOW_CTX_DAG_RUN_ID='scheduled__2026-02-03T10:00:00+00:00'
[2026-02-16T15:16:48.467+0000] {taskinstance.py:732} INFO - ::endgroup::
[2026-02-16T15:16:57.659+0000] {python.py:240} INFO - Done. Returned value was: None
[2026-02-16T15:16:57.666+0000] {taskinstance.py:341} INFO - ::group::Post task execution logs
[2026-02-16T15:16:57.666+0000] {taskinstance.py:353} INFO - Marking task as SUCCESS. dag_id=parse_iot, task_id=clean_data, run_id=scheduled__2026-02-03T10:00:00+00:00, execution_date=20260203T100000, start_date=20260216T151648, end_date=20260216T151657
[2026-02-16T15:16:57.716+0000] {local_task_job_runner.py:266} INFO - Task exited with return code 0
[2026-02-16T15:16:57.736+0000] {taskinstance.py:3901} INFO - 0 downstream tasks scheduled from follow-on schedule check
[2026-02-16T15:16:57.737+0000] {local_task_job_runner.py:245} INFO - ::endgroup::
[2026-02-16T15:44:46.999+0000] {local_task_job_runner.py:123} INFO - ::group::Pre task execution logs
[2026-02-16T15:44:47.017+0000] {taskinstance.py:2614} INFO - Dependencies all met for dep_context=non-requeueable deps ti=<TaskInstance: parse_iot.clean_data scheduled__2026-02-03T10:00:00+00:00 [queued]>
[2026-02-16T15:44:47.025+0000] {taskinstance.py:2614} INFO - Dependencies all met for dep_context=requeueable deps ti=<TaskInstance: parse_iot.clean_data scheduled__2026-02-03T10:00:00+00:00 [queued]>
[2026-02-16T15:44:47.026+0000] {taskinstance.py:2867} INFO - Starting attempt 1 of 4
[2026-02-16T15:44:47.033+0000] {taskinstance.py:2890} INFO - Executing <Task(PythonOperator): clean_data> on 2026-02-03 10:00:00+00:00
[2026-02-16T15:44:47.038+0000] {standard_task_runner.py:72} INFO - Started process 475 to run task
[2026-02-16T15:44:47.040+0000] {standard_task_runner.py:104} INFO - Running: ['***', 'tasks', 'run', 'parse_iot', 'clean_data', 'scheduled__2026-02-03T10:00:00+00:00', '--job-id', '102', '--raw', '--subdir', 'DAGS_FOLDER/parse_iot.py', '--cfg-path', '/tmp/tmp0v4rwu4p']
[2026-02-16T15:44:47.042+0000] {standard_task_runner.py:105} INFO - Job 102: Subtask clean_data
[2026-02-16T15:44:47.050+0000] {warnings.py:109} WARNING - /home/***/.local/lib/python3.9/site-packages/***/settings.py:209: DeprecationWarning: The sql_alchemy_conn option in [core] has been moved to the sql_alchemy_conn option in [database] - the old setting has been used, but please update your config.
  SQL_ALCHEMY_CONN = conf.get("database", "SQL_ALCHEMY_CONN")

[2026-02-16T15:44:47.072+0000] {task_command.py:467} INFO - Running <TaskInstance: parse_iot.clean_data scheduled__2026-02-03T10:00:00+00:00 [running]> on host 6ef9a94e694d
[2026-02-16T15:44:47.073+0000] {warnings.py:109} WARNING - /home/***/.local/lib/python3.9/site-packages/***/settings.py:470: DeprecationWarning: The sql_alchemy_conn option in [core] has been moved to the sql_alchemy_conn option in [database] - the old setting has been used, but please update your config.
  if conf.get("database", "sql_alchemy_conn") == "none://":

[2026-02-16T15:44:47.119+0000] {taskinstance.py:3134} INFO - Exporting env vars: AIRFLOW_CTX_DAG_OWNER='a.sorokin' AIRFLOW_CTX_DAG_ID='parse_iot' AIRFLOW_CTX_TASK_ID='clean_data' AIRFLOW_CTX_EXECUTION_DATE='2026-02-03T10:00:00+00:00' AIRFLOW_CTX_TRY_NUMBER='1' AIRFLOW_CTX_DAG_RUN_ID='scheduled__2026-02-03T10:00:00+00:00'
[2026-02-16T15:44:47.119+0000] {taskinstance.py:732} INFO - ::endgroup::
[2026-02-16T15:44:55.829+0000] {python.py:240} INFO - Done. Returned value was: None
[2026-02-16T15:44:55.835+0000] {taskinstance.py:341} INFO - ::group::Post task execution logs
[2026-02-16T15:44:55.835+0000] {taskinstance.py:353} INFO - Marking task as SUCCESS. dag_id=parse_iot, task_id=clean_data, run_id=scheduled__2026-02-03T10:00:00+00:00, execution_date=20260203T100000, start_date=20260216T154447, end_date=20260216T154455
[2026-02-16T15:44:55.863+0000] {local_task_job_runner.py:266} INFO - Task exited with return code 0
[2026-02-16T15:44:55.882+0000] {taskinstance.py:3901} INFO - 0 downstream tasks scheduled from follow-on schedule check
[2026-02-16T15:44:55.883+0000] {local_task_job_runner.py:245} INFO - ::endgroup::
