[2026-02-14T16:33:44.699+0000] {local_task_job_runner.py:123} INFO - ::group::Pre task execution logs
[2026-02-14T16:33:44.716+0000] {taskinstance.py:2614} INFO - Dependencies all met for dep_context=non-requeueable deps ti=<TaskInstance: parse_iot.clean_data scheduled__2026-02-10T10:00:00+00:00 [queued]>
[2026-02-14T16:33:44.722+0000] {taskinstance.py:2614} INFO - Dependencies all met for dep_context=requeueable deps ti=<TaskInstance: parse_iot.clean_data scheduled__2026-02-10T10:00:00+00:00 [queued]>
[2026-02-14T16:33:44.722+0000] {taskinstance.py:2867} INFO - Starting attempt 1 of 4
[2026-02-14T16:33:44.729+0000] {taskinstance.py:2890} INFO - Executing <Task(PythonOperator): clean_data> on 2026-02-10 10:00:00+00:00
[2026-02-14T16:33:44.734+0000] {standard_task_runner.py:72} INFO - Started process 555 to run task
[2026-02-14T16:33:44.736+0000] {standard_task_runner.py:104} INFO - Running: ['***', 'tasks', 'run', 'parse_iot', 'clean_data', 'scheduled__2026-02-10T10:00:00+00:00', '--job-id', '122', '--raw', '--subdir', 'DAGS_FOLDER/parse_iot.py', '--cfg-path', '/tmp/tmpy5xh2nbb']
[2026-02-14T16:33:44.737+0000] {standard_task_runner.py:105} INFO - Job 122: Subtask clean_data
[2026-02-14T16:33:44.745+0000] {warnings.py:109} WARNING - /home/***/.local/lib/python3.9/site-packages/***/settings.py:209: DeprecationWarning: The sql_alchemy_conn option in [core] has been moved to the sql_alchemy_conn option in [database] - the old setting has been used, but please update your config.
  SQL_ALCHEMY_CONN = conf.get("database", "SQL_ALCHEMY_CONN")

[2026-02-14T16:33:44.766+0000] {task_command.py:467} INFO - Running <TaskInstance: parse_iot.clean_data scheduled__2026-02-10T10:00:00+00:00 [running]> on host a5c4ed865bb5
[2026-02-14T16:33:44.766+0000] {warnings.py:109} WARNING - /home/***/.local/lib/python3.9/site-packages/***/settings.py:470: DeprecationWarning: The sql_alchemy_conn option in [core] has been moved to the sql_alchemy_conn option in [database] - the old setting has been used, but please update your config.
  if conf.get("database", "sql_alchemy_conn") == "none://":

[2026-02-14T16:33:44.809+0000] {taskinstance.py:3134} INFO - Exporting env vars: AIRFLOW_CTX_DAG_OWNER='a.sorokin' AIRFLOW_CTX_DAG_ID='parse_iot' AIRFLOW_CTX_TASK_ID='clean_data' AIRFLOW_CTX_EXECUTION_DATE='2026-02-10T10:00:00+00:00' AIRFLOW_CTX_TRY_NUMBER='1' AIRFLOW_CTX_DAG_RUN_ID='scheduled__2026-02-10T10:00:00+00:00'
[2026-02-14T16:33:44.809+0000] {taskinstance.py:732} INFO - ::endgroup::
[2026-02-14T16:33:53.083+0000] {python.py:240} INFO - Done. Returned value was: None
[2026-02-14T16:33:53.089+0000] {taskinstance.py:341} INFO - ::group::Post task execution logs
[2026-02-14T16:33:53.089+0000] {taskinstance.py:353} INFO - Marking task as SUCCESS. dag_id=parse_iot, task_id=clean_data, run_id=scheduled__2026-02-10T10:00:00+00:00, execution_date=20260210T100000, start_date=20260214T163344, end_date=20260214T163353
[2026-02-14T16:33:53.121+0000] {local_task_job_runner.py:266} INFO - Task exited with return code 0
[2026-02-14T16:33:53.137+0000] {taskinstance.py:3901} INFO - 0 downstream tasks scheduled from follow-on schedule check
[2026-02-14T16:33:53.138+0000] {local_task_job_runner.py:245} INFO - ::endgroup::
[2026-02-14T17:51:14.131+0000] {local_task_job_runner.py:123} INFO - ::group::Pre task execution logs
[2026-02-14T17:51:14.148+0000] {taskinstance.py:2614} INFO - Dependencies all met for dep_context=non-requeueable deps ti=<TaskInstance: parse_iot.clean_data scheduled__2026-02-10T10:00:00+00:00 [queued]>
[2026-02-14T17:51:14.154+0000] {taskinstance.py:2614} INFO - Dependencies all met for dep_context=requeueable deps ti=<TaskInstance: parse_iot.clean_data scheduled__2026-02-10T10:00:00+00:00 [queued]>
[2026-02-14T17:51:14.154+0000] {taskinstance.py:2867} INFO - Starting attempt 1 of 4
[2026-02-14T17:51:14.161+0000] {taskinstance.py:2890} INFO - Executing <Task(PythonOperator): clean_data> on 2026-02-10 10:00:00+00:00
[2026-02-14T17:51:14.165+0000] {standard_task_runner.py:72} INFO - Started process 571 to run task
[2026-02-14T17:51:14.167+0000] {standard_task_runner.py:104} INFO - Running: ['***', 'tasks', 'run', 'parse_iot', 'clean_data', 'scheduled__2026-02-10T10:00:00+00:00', '--job-id', '126', '--raw', '--subdir', 'DAGS_FOLDER/parse_iot.py', '--cfg-path', '/tmp/tmpubx11e5k']
[2026-02-14T17:51:14.169+0000] {standard_task_runner.py:105} INFO - Job 126: Subtask clean_data
[2026-02-14T17:51:14.177+0000] {warnings.py:109} WARNING - /home/***/.local/lib/python3.9/site-packages/***/settings.py:209: DeprecationWarning: The sql_alchemy_conn option in [core] has been moved to the sql_alchemy_conn option in [database] - the old setting has been used, but please update your config.
  SQL_ALCHEMY_CONN = conf.get("database", "SQL_ALCHEMY_CONN")

[2026-02-14T17:51:14.198+0000] {task_command.py:467} INFO - Running <TaskInstance: parse_iot.clean_data scheduled__2026-02-10T10:00:00+00:00 [running]> on host 9052c134cdec
[2026-02-14T17:51:14.199+0000] {warnings.py:109} WARNING - /home/***/.local/lib/python3.9/site-packages/***/settings.py:470: DeprecationWarning: The sql_alchemy_conn option in [core] has been moved to the sql_alchemy_conn option in [database] - the old setting has been used, but please update your config.
  if conf.get("database", "sql_alchemy_conn") == "none://":

[2026-02-14T17:51:14.242+0000] {taskinstance.py:3134} INFO - Exporting env vars: AIRFLOW_CTX_DAG_OWNER='a.sorokin' AIRFLOW_CTX_DAG_ID='parse_iot' AIRFLOW_CTX_TASK_ID='clean_data' AIRFLOW_CTX_EXECUTION_DATE='2026-02-10T10:00:00+00:00' AIRFLOW_CTX_TRY_NUMBER='1' AIRFLOW_CTX_DAG_RUN_ID='scheduled__2026-02-10T10:00:00+00:00'
[2026-02-14T17:51:14.242+0000] {taskinstance.py:732} INFO - ::endgroup::
[2026-02-14T17:51:22.994+0000] {python.py:240} INFO - Done. Returned value was: None
[2026-02-14T17:51:23.001+0000] {taskinstance.py:341} INFO - ::group::Post task execution logs
[2026-02-14T17:51:23.001+0000] {taskinstance.py:353} INFO - Marking task as SUCCESS. dag_id=parse_iot, task_id=clean_data, run_id=scheduled__2026-02-10T10:00:00+00:00, execution_date=20260210T100000, start_date=20260214T175114, end_date=20260214T175123
[2026-02-14T17:51:23.031+0000] {local_task_job_runner.py:266} INFO - Task exited with return code 0
[2026-02-14T17:51:23.051+0000] {taskinstance.py:3901} INFO - 0 downstream tasks scheduled from follow-on schedule check
[2026-02-14T17:51:23.052+0000] {local_task_job_runner.py:245} INFO - ::endgroup::
[2026-02-14T18:16:00.713+0000] {local_task_job_runner.py:123} INFO - ::group::Pre task execution logs
[2026-02-14T18:16:00.732+0000] {taskinstance.py:2614} INFO - Dependencies all met for dep_context=non-requeueable deps ti=<TaskInstance: parse_iot.clean_data scheduled__2026-02-10T10:00:00+00:00 [queued]>
[2026-02-14T18:16:00.741+0000] {taskinstance.py:2614} INFO - Dependencies all met for dep_context=requeueable deps ti=<TaskInstance: parse_iot.clean_data scheduled__2026-02-10T10:00:00+00:00 [queued]>
[2026-02-14T18:16:00.741+0000] {taskinstance.py:2867} INFO - Starting attempt 1 of 4
[2026-02-14T18:16:00.749+0000] {taskinstance.py:2890} INFO - Executing <Task(PythonOperator): clean_data> on 2026-02-10 10:00:00+00:00
[2026-02-14T18:16:00.754+0000] {standard_task_runner.py:72} INFO - Started process 459 to run task
[2026-02-14T18:16:00.756+0000] {standard_task_runner.py:104} INFO - Running: ['***', 'tasks', 'run', 'parse_iot', 'clean_data', 'scheduled__2026-02-10T10:00:00+00:00', '--job-id', '98', '--raw', '--subdir', 'DAGS_FOLDER/parse_iot.py', '--cfg-path', '/tmp/tmpewdosijr']
[2026-02-14T18:16:00.758+0000] {standard_task_runner.py:105} INFO - Job 98: Subtask clean_data
[2026-02-14T18:16:00.767+0000] {warnings.py:109} WARNING - /home/***/.local/lib/python3.9/site-packages/***/settings.py:209: DeprecationWarning: The sql_alchemy_conn option in [core] has been moved to the sql_alchemy_conn option in [database] - the old setting has been used, but please update your config.
  SQL_ALCHEMY_CONN = conf.get("database", "SQL_ALCHEMY_CONN")

[2026-02-14T18:16:00.790+0000] {task_command.py:467} INFO - Running <TaskInstance: parse_iot.clean_data scheduled__2026-02-10T10:00:00+00:00 [running]> on host bb762b62a2c2
[2026-02-14T18:16:00.791+0000] {warnings.py:109} WARNING - /home/***/.local/lib/python3.9/site-packages/***/settings.py:470: DeprecationWarning: The sql_alchemy_conn option in [core] has been moved to the sql_alchemy_conn option in [database] - the old setting has been used, but please update your config.
  if conf.get("database", "sql_alchemy_conn") == "none://":

[2026-02-14T18:16:00.846+0000] {taskinstance.py:3134} INFO - Exporting env vars: AIRFLOW_CTX_DAG_OWNER='a.sorokin' AIRFLOW_CTX_DAG_ID='parse_iot' AIRFLOW_CTX_TASK_ID='clean_data' AIRFLOW_CTX_EXECUTION_DATE='2026-02-10T10:00:00+00:00' AIRFLOW_CTX_TRY_NUMBER='1' AIRFLOW_CTX_DAG_RUN_ID='scheduled__2026-02-10T10:00:00+00:00'
[2026-02-14T18:16:00.846+0000] {taskinstance.py:732} INFO - ::endgroup::
[2026-02-14T18:16:09.746+0000] {python.py:240} INFO - Done. Returned value was: None
[2026-02-14T18:16:09.753+0000] {taskinstance.py:341} INFO - ::group::Post task execution logs
[2026-02-14T18:16:09.754+0000] {taskinstance.py:353} INFO - Marking task as SUCCESS. dag_id=parse_iot, task_id=clean_data, run_id=scheduled__2026-02-10T10:00:00+00:00, execution_date=20260210T100000, start_date=20260214T181600, end_date=20260214T181609
[2026-02-14T18:16:09.816+0000] {local_task_job_runner.py:266} INFO - Task exited with return code 0
[2026-02-14T18:16:09.835+0000] {taskinstance.py:3901} INFO - 0 downstream tasks scheduled from follow-on schedule check
[2026-02-14T18:16:09.836+0000] {local_task_job_runner.py:245} INFO - ::endgroup::
[2026-02-16T14:48:11.176+0000] {local_task_job_runner.py:123} INFO - ::group::Pre task execution logs
[2026-02-16T14:48:11.192+0000] {taskinstance.py:2614} INFO - Dependencies all met for dep_context=non-requeueable deps ti=<TaskInstance: parse_iot.clean_data scheduled__2026-02-10T10:00:00+00:00 [queued]>
[2026-02-16T14:48:11.198+0000] {taskinstance.py:2614} INFO - Dependencies all met for dep_context=requeueable deps ti=<TaskInstance: parse_iot.clean_data scheduled__2026-02-10T10:00:00+00:00 [queued]>
[2026-02-16T14:48:11.198+0000] {taskinstance.py:2867} INFO - Starting attempt 1 of 4
[2026-02-16T14:48:11.206+0000] {taskinstance.py:2890} INFO - Executing <Task(PythonOperator): clean_data> on 2026-02-10 10:00:00+00:00
[2026-02-16T14:48:11.210+0000] {standard_task_runner.py:72} INFO - Started process 610 to run task
[2026-02-16T14:48:11.212+0000] {standard_task_runner.py:104} INFO - Running: ['***', 'tasks', 'run', 'parse_iot', 'clean_data', 'scheduled__2026-02-10T10:00:00+00:00', '--job-id', '130', '--raw', '--subdir', 'DAGS_FOLDER/parse_iot.py', '--cfg-path', '/tmp/tmp8wttf1ax']
[2026-02-16T14:48:11.214+0000] {standard_task_runner.py:105} INFO - Job 130: Subtask clean_data
[2026-02-16T14:48:11.222+0000] {warnings.py:109} WARNING - /home/***/.local/lib/python3.9/site-packages/***/settings.py:209: DeprecationWarning: The sql_alchemy_conn option in [core] has been moved to the sql_alchemy_conn option in [database] - the old setting has been used, but please update your config.
  SQL_ALCHEMY_CONN = conf.get("database", "SQL_ALCHEMY_CONN")

[2026-02-16T14:48:11.243+0000] {task_command.py:467} INFO - Running <TaskInstance: parse_iot.clean_data scheduled__2026-02-10T10:00:00+00:00 [running]> on host cd96c4fa192f
[2026-02-16T14:48:11.244+0000] {warnings.py:109} WARNING - /home/***/.local/lib/python3.9/site-packages/***/settings.py:470: DeprecationWarning: The sql_alchemy_conn option in [core] has been moved to the sql_alchemy_conn option in [database] - the old setting has been used, but please update your config.
  if conf.get("database", "sql_alchemy_conn") == "none://":

[2026-02-16T14:48:11.288+0000] {taskinstance.py:3134} INFO - Exporting env vars: AIRFLOW_CTX_DAG_OWNER='a.sorokin' AIRFLOW_CTX_DAG_ID='parse_iot' AIRFLOW_CTX_TASK_ID='clean_data' AIRFLOW_CTX_EXECUTION_DATE='2026-02-10T10:00:00+00:00' AIRFLOW_CTX_TRY_NUMBER='1' AIRFLOW_CTX_DAG_RUN_ID='scheduled__2026-02-10T10:00:00+00:00'
[2026-02-16T14:48:11.288+0000] {taskinstance.py:732} INFO - ::endgroup::
[2026-02-16T14:48:20.487+0000] {python.py:240} INFO - Done. Returned value was: None
[2026-02-16T14:48:20.495+0000] {taskinstance.py:341} INFO - ::group::Post task execution logs
[2026-02-16T14:48:20.495+0000] {taskinstance.py:353} INFO - Marking task as SUCCESS. dag_id=parse_iot, task_id=clean_data, run_id=scheduled__2026-02-10T10:00:00+00:00, execution_date=20260210T100000, start_date=20260216T144811, end_date=20260216T144820
[2026-02-16T14:48:20.555+0000] {local_task_job_runner.py:266} INFO - Task exited with return code 0
[2026-02-16T14:48:20.575+0000] {taskinstance.py:3901} INFO - 0 downstream tasks scheduled from follow-on schedule check
[2026-02-16T14:48:20.581+0000] {local_task_job_runner.py:245} INFO - ::endgroup::
[2026-02-16T15:18:09.920+0000] {local_task_job_runner.py:123} INFO - ::group::Pre task execution logs
[2026-02-16T15:18:09.938+0000] {taskinstance.py:2614} INFO - Dependencies all met for dep_context=non-requeueable deps ti=<TaskInstance: parse_iot.clean_data scheduled__2026-02-10T10:00:00+00:00 [queued]>
[2026-02-16T15:18:09.945+0000] {taskinstance.py:2614} INFO - Dependencies all met for dep_context=requeueable deps ti=<TaskInstance: parse_iot.clean_data scheduled__2026-02-10T10:00:00+00:00 [queued]>
[2026-02-16T15:18:09.945+0000] {taskinstance.py:2867} INFO - Starting attempt 1 of 4
[2026-02-16T15:18:09.952+0000] {taskinstance.py:2890} INFO - Executing <Task(PythonOperator): clean_data> on 2026-02-10 10:00:00+00:00
[2026-02-16T15:18:09.957+0000] {standard_task_runner.py:72} INFO - Started process 583 to run task
[2026-02-16T15:18:09.959+0000] {standard_task_runner.py:104} INFO - Running: ['***', 'tasks', 'run', 'parse_iot', 'clean_data', 'scheduled__2026-02-10T10:00:00+00:00', '--job-id', '129', '--raw', '--subdir', 'DAGS_FOLDER/parse_iot.py', '--cfg-path', '/tmp/tmpmd60al9c']
[2026-02-16T15:18:09.961+0000] {standard_task_runner.py:105} INFO - Job 129: Subtask clean_data
[2026-02-16T15:18:09.970+0000] {warnings.py:109} WARNING - /home/***/.local/lib/python3.9/site-packages/***/settings.py:209: DeprecationWarning: The sql_alchemy_conn option in [core] has been moved to the sql_alchemy_conn option in [database] - the old setting has been used, but please update your config.
  SQL_ALCHEMY_CONN = conf.get("database", "SQL_ALCHEMY_CONN")

[2026-02-16T15:18:09.993+0000] {task_command.py:467} INFO - Running <TaskInstance: parse_iot.clean_data scheduled__2026-02-10T10:00:00+00:00 [running]> on host fbd3e38838e9
[2026-02-16T15:18:09.994+0000] {warnings.py:109} WARNING - /home/***/.local/lib/python3.9/site-packages/***/settings.py:470: DeprecationWarning: The sql_alchemy_conn option in [core] has been moved to the sql_alchemy_conn option in [database] - the old setting has been used, but please update your config.
  if conf.get("database", "sql_alchemy_conn") == "none://":

[2026-02-16T15:18:10.042+0000] {taskinstance.py:3134} INFO - Exporting env vars: AIRFLOW_CTX_DAG_OWNER='a.sorokin' AIRFLOW_CTX_DAG_ID='parse_iot' AIRFLOW_CTX_TASK_ID='clean_data' AIRFLOW_CTX_EXECUTION_DATE='2026-02-10T10:00:00+00:00' AIRFLOW_CTX_TRY_NUMBER='1' AIRFLOW_CTX_DAG_RUN_ID='scheduled__2026-02-10T10:00:00+00:00'
[2026-02-16T15:18:10.042+0000] {taskinstance.py:732} INFO - ::endgroup::
[2026-02-16T15:18:19.363+0000] {python.py:240} INFO - Done. Returned value was: None
[2026-02-16T15:18:19.370+0000] {taskinstance.py:341} INFO - ::group::Post task execution logs
[2026-02-16T15:18:19.370+0000] {taskinstance.py:353} INFO - Marking task as SUCCESS. dag_id=parse_iot, task_id=clean_data, run_id=scheduled__2026-02-10T10:00:00+00:00, execution_date=20260210T100000, start_date=20260216T151809, end_date=20260216T151819
[2026-02-16T15:18:19.423+0000] {local_task_job_runner.py:266} INFO - Task exited with return code 0
[2026-02-16T15:18:19.441+0000] {taskinstance.py:3901} INFO - 0 downstream tasks scheduled from follow-on schedule check
[2026-02-16T15:18:19.442+0000] {local_task_job_runner.py:245} INFO - ::endgroup::
[2026-02-16T15:46:03.958+0000] {local_task_job_runner.py:123} INFO - ::group::Pre task execution logs
[2026-02-16T15:46:03.978+0000] {taskinstance.py:2614} INFO - Dependencies all met for dep_context=non-requeueable deps ti=<TaskInstance: parse_iot.clean_data scheduled__2026-02-10T10:00:00+00:00 [queued]>
[2026-02-16T15:46:03.986+0000] {taskinstance.py:2614} INFO - Dependencies all met for dep_context=requeueable deps ti=<TaskInstance: parse_iot.clean_data scheduled__2026-02-10T10:00:00+00:00 [queued]>
[2026-02-16T15:46:03.987+0000] {taskinstance.py:2867} INFO - Starting attempt 1 of 4
[2026-02-16T15:46:03.994+0000] {taskinstance.py:2890} INFO - Executing <Task(PythonOperator): clean_data> on 2026-02-10 10:00:00+00:00
[2026-02-16T15:46:04.000+0000] {standard_task_runner.py:72} INFO - Started process 591 to run task
[2026-02-16T15:46:04.002+0000] {standard_task_runner.py:104} INFO - Running: ['***', 'tasks', 'run', 'parse_iot', 'clean_data', 'scheduled__2026-02-10T10:00:00+00:00', '--job-id', '131', '--raw', '--subdir', 'DAGS_FOLDER/parse_iot.py', '--cfg-path', '/tmp/tmpm8h9b29x']
[2026-02-16T15:46:04.003+0000] {standard_task_runner.py:105} INFO - Job 131: Subtask clean_data
[2026-02-16T15:46:04.014+0000] {warnings.py:109} WARNING - /home/***/.local/lib/python3.9/site-packages/***/settings.py:209: DeprecationWarning: The sql_alchemy_conn option in [core] has been moved to the sql_alchemy_conn option in [database] - the old setting has been used, but please update your config.
  SQL_ALCHEMY_CONN = conf.get("database", "SQL_ALCHEMY_CONN")

[2026-02-16T15:46:04.036+0000] {task_command.py:467} INFO - Running <TaskInstance: parse_iot.clean_data scheduled__2026-02-10T10:00:00+00:00 [running]> on host 6ef9a94e694d
[2026-02-16T15:46:04.037+0000] {warnings.py:109} WARNING - /home/***/.local/lib/python3.9/site-packages/***/settings.py:470: DeprecationWarning: The sql_alchemy_conn option in [core] has been moved to the sql_alchemy_conn option in [database] - the old setting has been used, but please update your config.
  if conf.get("database", "sql_alchemy_conn") == "none://":

[2026-02-16T15:46:04.083+0000] {taskinstance.py:3134} INFO - Exporting env vars: AIRFLOW_CTX_DAG_OWNER='a.sorokin' AIRFLOW_CTX_DAG_ID='parse_iot' AIRFLOW_CTX_TASK_ID='clean_data' AIRFLOW_CTX_EXECUTION_DATE='2026-02-10T10:00:00+00:00' AIRFLOW_CTX_TRY_NUMBER='1' AIRFLOW_CTX_DAG_RUN_ID='scheduled__2026-02-10T10:00:00+00:00'
[2026-02-16T15:46:04.083+0000] {taskinstance.py:732} INFO - ::endgroup::
[2026-02-16T15:46:13.251+0000] {python.py:240} INFO - Done. Returned value was: None
[2026-02-16T15:46:13.257+0000] {taskinstance.py:341} INFO - ::group::Post task execution logs
[2026-02-16T15:46:13.258+0000] {taskinstance.py:353} INFO - Marking task as SUCCESS. dag_id=parse_iot, task_id=clean_data, run_id=scheduled__2026-02-10T10:00:00+00:00, execution_date=20260210T100000, start_date=20260216T154603, end_date=20260216T154613
[2026-02-16T15:46:13.466+0000] {local_task_job_runner.py:266} INFO - Task exited with return code 0
[2026-02-16T15:46:13.491+0000] {taskinstance.py:3901} INFO - 0 downstream tasks scheduled from follow-on schedule check
[2026-02-16T15:46:13.492+0000] {local_task_job_runner.py:245} INFO - ::endgroup::
