[2026-02-14T00:09:15.909+0000] {local_task_job_runner.py:123} INFO - ::group::Pre task execution logs
[2026-02-14T00:09:15.922+0000] {taskinstance.py:2614} INFO - Dependencies all met for dep_context=non-requeueable deps ti=<TaskInstance: load_postgres.check_parse scheduled__2026-02-06T10:00:00+00:00 [queued]>
[2026-02-14T00:09:15.929+0000] {taskinstance.py:2614} INFO - Dependencies all met for dep_context=requeueable deps ti=<TaskInstance: load_postgres.check_parse scheduled__2026-02-06T10:00:00+00:00 [queued]>
[2026-02-14T00:09:15.929+0000] {taskinstance.py:2867} INFO - Starting attempt 1 of 4
[2026-02-14T00:09:15.935+0000] {taskinstance.py:2890} INFO - Executing <Task(ExternalTaskSensor): check_parse> on 2026-02-06 10:00:00+00:00
[2026-02-14T00:09:15.940+0000] {standard_task_runner.py:72} INFO - Started process 103 to run task
[2026-02-14T00:09:15.943+0000] {standard_task_runner.py:104} INFO - Running: ['***', 'tasks', 'run', 'load_postgres', 'check_parse', 'scheduled__2026-02-06T10:00:00+00:00', '--job-id', '9', '--raw', '--subdir', 'DAGS_FOLDER/load_postrges.py', '--cfg-path', '/tmp/tmpdd_rji3y']
[2026-02-14T00:09:15.944+0000] {standard_task_runner.py:105} INFO - Job 9: Subtask check_parse
[2026-02-14T00:09:15.952+0000] {warnings.py:109} WARNING - /home/***/.local/lib/python3.9/site-packages/***/settings.py:209: DeprecationWarning: The sql_alchemy_conn option in [core] has been moved to the sql_alchemy_conn option in [database] - the old setting has been used, but please update your config.
  SQL_ALCHEMY_CONN = conf.get("database", "SQL_ALCHEMY_CONN")

[2026-02-14T00:09:15.975+0000] {task_command.py:467} INFO - Running <TaskInstance: load_postgres.check_parse scheduled__2026-02-06T10:00:00+00:00 [running]> on host 13185f5c75e0
[2026-02-14T00:09:15.975+0000] {warnings.py:109} WARNING - /home/***/.local/lib/python3.9/site-packages/***/settings.py:470: DeprecationWarning: The sql_alchemy_conn option in [core] has been moved to the sql_alchemy_conn option in [database] - the old setting has been used, but please update your config.
  if conf.get("database", "sql_alchemy_conn") == "none://":

[2026-02-14T00:09:16.021+0000] {taskinstance.py:3134} INFO - Exporting env vars: AIRFLOW_CTX_DAG_OWNER='a.sorokin' AIRFLOW_CTX_DAG_ID='load_postgres' AIRFLOW_CTX_TASK_ID='check_parse' AIRFLOW_CTX_EXECUTION_DATE='2026-02-06T10:00:00+00:00' AIRFLOW_CTX_TRY_NUMBER='1' AIRFLOW_CTX_DAG_RUN_ID='scheduled__2026-02-06T10:00:00+00:00'
[2026-02-14T00:09:16.021+0000] {taskinstance.py:732} INFO - ::endgroup::
[2026-02-14T00:09:16.029+0000] {baseoperator.py:423} WARNING - ExternalTaskSensor.execute cannot be called outside TaskInstance!
[2026-02-14T00:09:16.035+0000] {external_task.py:274} INFO - Poking for DAG 'parse_iot' on 2026-02-06T10:00:00+00:00 ... 
[2026-02-14T00:09:16.035+0000] {warnings.py:109} WARNING - /home/***/.local/lib/python3.9/site-packages/***/utils/session.py:97: DeprecationWarning: This method is deprecated and will be removed in future.
  return func(*args, session=session, **kwargs)

[2026-02-14T00:09:16.051+0000] {taskinstance.py:310} INFO - Rescheduling task, marking task as UP_FOR_RESCHEDULE
[2026-02-14T00:09:16.051+0000] {taskinstance.py:341} INFO - ::group::Post task execution logs
[2026-02-14T00:09:16.074+0000] {local_task_job_runner.py:266} INFO - Task exited with return code 0
[2026-02-14T00:09:16.090+0000] {taskinstance.py:3901} INFO - 0 downstream tasks scheduled from follow-on schedule check
[2026-02-14T00:09:16.091+0000] {local_task_job_runner.py:245} INFO - ::endgroup::
[2026-02-14T16:30:21.681+0000] {local_task_job_runner.py:123} INFO - ::group::Pre task execution logs
[2026-02-14T16:30:21.694+0000] {taskinstance.py:2614} INFO - Dependencies all met for dep_context=non-requeueable deps ti=<TaskInstance: load_postgres.check_parse scheduled__2026-02-06T10:00:00+00:00 [queued]>
[2026-02-14T16:30:21.699+0000] {taskinstance.py:2614} INFO - Dependencies all met for dep_context=requeueable deps ti=<TaskInstance: load_postgres.check_parse scheduled__2026-02-06T10:00:00+00:00 [queued]>
[2026-02-14T16:30:21.699+0000] {taskinstance.py:2867} INFO - Starting attempt 1 of 4
[2026-02-14T16:30:21.706+0000] {taskinstance.py:2890} INFO - Executing <Task(ExternalTaskSensor): check_parse> on 2026-02-06 10:00:00+00:00
[2026-02-14T16:30:21.710+0000] {standard_task_runner.py:72} INFO - Started process 126 to run task
[2026-02-14T16:30:21.712+0000] {standard_task_runner.py:104} INFO - Running: ['***', 'tasks', 'run', 'load_postgres', 'check_parse', 'scheduled__2026-02-06T10:00:00+00:00', '--job-id', '15', '--raw', '--subdir', 'DAGS_FOLDER/load_postrges.py', '--cfg-path', '/tmp/tmp4ccanszb']
[2026-02-14T16:30:21.714+0000] {standard_task_runner.py:105} INFO - Job 15: Subtask check_parse
[2026-02-14T16:30:21.722+0000] {warnings.py:109} WARNING - /home/***/.local/lib/python3.9/site-packages/***/settings.py:209: DeprecationWarning: The sql_alchemy_conn option in [core] has been moved to the sql_alchemy_conn option in [database] - the old setting has been used, but please update your config.
  SQL_ALCHEMY_CONN = conf.get("database", "SQL_ALCHEMY_CONN")

[2026-02-14T16:30:21.743+0000] {task_command.py:467} INFO - Running <TaskInstance: load_postgres.check_parse scheduled__2026-02-06T10:00:00+00:00 [running]> on host a5c4ed865bb5
[2026-02-14T16:30:21.743+0000] {warnings.py:109} WARNING - /home/***/.local/lib/python3.9/site-packages/***/settings.py:470: DeprecationWarning: The sql_alchemy_conn option in [core] has been moved to the sql_alchemy_conn option in [database] - the old setting has been used, but please update your config.
  if conf.get("database", "sql_alchemy_conn") == "none://":

[2026-02-14T16:30:21.787+0000] {taskinstance.py:3134} INFO - Exporting env vars: AIRFLOW_CTX_DAG_OWNER='a.sorokin' AIRFLOW_CTX_DAG_ID='load_postgres' AIRFLOW_CTX_TASK_ID='check_parse' AIRFLOW_CTX_EXECUTION_DATE='2026-02-06T10:00:00+00:00' AIRFLOW_CTX_TRY_NUMBER='1' AIRFLOW_CTX_DAG_RUN_ID='scheduled__2026-02-06T10:00:00+00:00'
[2026-02-14T16:30:21.788+0000] {taskinstance.py:732} INFO - ::endgroup::
[2026-02-14T16:30:21.795+0000] {baseoperator.py:423} WARNING - ExternalTaskSensor.execute cannot be called outside TaskInstance!
[2026-02-14T16:30:21.800+0000] {external_task.py:274} INFO - Poking for DAG 'parse_iot' on 2026-02-06T10:00:00+00:00 ... 
[2026-02-14T16:30:21.801+0000] {warnings.py:109} WARNING - /home/***/.local/lib/python3.9/site-packages/***/utils/session.py:97: DeprecationWarning: This method is deprecated and will be removed in future.
  return func(*args, session=session, **kwargs)

[2026-02-14T16:30:21.817+0000] {taskinstance.py:310} INFO - Rescheduling task, marking task as UP_FOR_RESCHEDULE
[2026-02-14T16:30:21.817+0000] {taskinstance.py:341} INFO - ::group::Post task execution logs
[2026-02-14T16:30:21.844+0000] {local_task_job_runner.py:266} INFO - Task exited with return code 0
[2026-02-14T16:30:21.861+0000] {taskinstance.py:3901} INFO - 0 downstream tasks scheduled from follow-on schedule check
[2026-02-14T16:30:21.862+0000] {local_task_job_runner.py:245} INFO - ::endgroup::
[2026-02-14T16:31:23.465+0000] {local_task_job_runner.py:123} INFO - ::group::Pre task execution logs
[2026-02-14T16:31:23.478+0000] {taskinstance.py:2614} INFO - Dependencies all met for dep_context=non-requeueable deps ti=<TaskInstance: load_postgres.check_parse scheduled__2026-02-06T10:00:00+00:00 [queued]>
[2026-02-14T16:31:23.484+0000] {taskinstance.py:2614} INFO - Dependencies all met for dep_context=requeueable deps ti=<TaskInstance: load_postgres.check_parse scheduled__2026-02-06T10:00:00+00:00 [queued]>
[2026-02-14T16:31:23.484+0000] {taskinstance.py:2867} INFO - Starting attempt 1 of 4
[2026-02-14T16:31:23.491+0000] {taskinstance.py:2890} INFO - Executing <Task(ExternalTaskSensor): check_parse> on 2026-02-06 10:00:00+00:00
[2026-02-14T16:31:23.496+0000] {standard_task_runner.py:72} INFO - Started process 253 to run task
[2026-02-14T16:31:23.498+0000] {standard_task_runner.py:104} INFO - Running: ['***', 'tasks', 'run', 'load_postgres', 'check_parse', 'scheduled__2026-02-06T10:00:00+00:00', '--job-id', '46', '--raw', '--subdir', 'DAGS_FOLDER/load_postrges.py', '--cfg-path', '/tmp/tmpz6pvus5c']
[2026-02-14T16:31:23.499+0000] {standard_task_runner.py:105} INFO - Job 46: Subtask check_parse
[2026-02-14T16:31:23.508+0000] {warnings.py:109} WARNING - /home/***/.local/lib/python3.9/site-packages/***/settings.py:209: DeprecationWarning: The sql_alchemy_conn option in [core] has been moved to the sql_alchemy_conn option in [database] - the old setting has been used, but please update your config.
  SQL_ALCHEMY_CONN = conf.get("database", "SQL_ALCHEMY_CONN")

[2026-02-14T16:31:23.531+0000] {task_command.py:467} INFO - Running <TaskInstance: load_postgres.check_parse scheduled__2026-02-06T10:00:00+00:00 [running]> on host a5c4ed865bb5
[2026-02-14T16:31:23.532+0000] {warnings.py:109} WARNING - /home/***/.local/lib/python3.9/site-packages/***/settings.py:470: DeprecationWarning: The sql_alchemy_conn option in [core] has been moved to the sql_alchemy_conn option in [database] - the old setting has been used, but please update your config.
  if conf.get("database", "sql_alchemy_conn") == "none://":

[2026-02-14T16:31:23.579+0000] {taskinstance.py:3134} INFO - Exporting env vars: AIRFLOW_CTX_DAG_OWNER='a.sorokin' AIRFLOW_CTX_DAG_ID='load_postgres' AIRFLOW_CTX_TASK_ID='check_parse' AIRFLOW_CTX_EXECUTION_DATE='2026-02-06T10:00:00+00:00' AIRFLOW_CTX_TRY_NUMBER='1' AIRFLOW_CTX_DAG_RUN_ID='scheduled__2026-02-06T10:00:00+00:00'
[2026-02-14T16:31:23.579+0000] {taskinstance.py:732} INFO - ::endgroup::
[2026-02-14T16:31:23.587+0000] {baseoperator.py:423} WARNING - ExternalTaskSensor.execute cannot be called outside TaskInstance!
[2026-02-14T16:31:23.592+0000] {external_task.py:274} INFO - Poking for DAG 'parse_iot' on 2026-02-06T10:00:00+00:00 ... 
[2026-02-14T16:31:23.593+0000] {warnings.py:109} WARNING - /home/***/.local/lib/python3.9/site-packages/***/utils/session.py:97: DeprecationWarning: This method is deprecated and will be removed in future.
  return func(*args, session=session, **kwargs)

[2026-02-14T16:31:23.610+0000] {taskinstance.py:310} INFO - Rescheduling task, marking task as UP_FOR_RESCHEDULE
[2026-02-14T16:31:23.610+0000] {taskinstance.py:341} INFO - ::group::Post task execution logs
[2026-02-14T16:31:23.630+0000] {local_task_job_runner.py:266} INFO - Task exited with return code 0
[2026-02-14T16:31:23.647+0000] {taskinstance.py:3901} INFO - 0 downstream tasks scheduled from follow-on schedule check
[2026-02-14T16:31:23.648+0000] {local_task_job_runner.py:245} INFO - ::endgroup::
[2026-02-14T16:32:25.928+0000] {local_task_job_runner.py:123} INFO - ::group::Pre task execution logs
[2026-02-14T16:32:25.940+0000] {taskinstance.py:2614} INFO - Dependencies all met for dep_context=non-requeueable deps ti=<TaskInstance: load_postgres.check_parse scheduled__2026-02-06T10:00:00+00:00 [queued]>
[2026-02-14T16:32:25.945+0000] {taskinstance.py:2614} INFO - Dependencies all met for dep_context=requeueable deps ti=<TaskInstance: load_postgres.check_parse scheduled__2026-02-06T10:00:00+00:00 [queued]>
[2026-02-14T16:32:25.946+0000] {taskinstance.py:2867} INFO - Starting attempt 1 of 4
[2026-02-14T16:32:25.952+0000] {taskinstance.py:2890} INFO - Executing <Task(ExternalTaskSensor): check_parse> on 2026-02-06 10:00:00+00:00
[2026-02-14T16:32:25.956+0000] {standard_task_runner.py:72} INFO - Started process 423 to run task
[2026-02-14T16:32:25.958+0000] {standard_task_runner.py:104} INFO - Running: ['***', 'tasks', 'run', 'load_postgres', 'check_parse', 'scheduled__2026-02-06T10:00:00+00:00', '--job-id', '89', '--raw', '--subdir', 'DAGS_FOLDER/load_postrges.py', '--cfg-path', '/tmp/tmpsvbd4gv_']
[2026-02-14T16:32:25.959+0000] {standard_task_runner.py:105} INFO - Job 89: Subtask check_parse
[2026-02-14T16:32:25.967+0000] {warnings.py:109} WARNING - /home/***/.local/lib/python3.9/site-packages/***/settings.py:209: DeprecationWarning: The sql_alchemy_conn option in [core] has been moved to the sql_alchemy_conn option in [database] - the old setting has been used, but please update your config.
  SQL_ALCHEMY_CONN = conf.get("database", "SQL_ALCHEMY_CONN")

[2026-02-14T16:32:25.988+0000] {task_command.py:467} INFO - Running <TaskInstance: load_postgres.check_parse scheduled__2026-02-06T10:00:00+00:00 [running]> on host a5c4ed865bb5
[2026-02-14T16:32:25.988+0000] {warnings.py:109} WARNING - /home/***/.local/lib/python3.9/site-packages/***/settings.py:470: DeprecationWarning: The sql_alchemy_conn option in [core] has been moved to the sql_alchemy_conn option in [database] - the old setting has been used, but please update your config.
  if conf.get("database", "sql_alchemy_conn") == "none://":

[2026-02-14T16:32:26.031+0000] {taskinstance.py:3134} INFO - Exporting env vars: AIRFLOW_CTX_DAG_OWNER='a.sorokin' AIRFLOW_CTX_DAG_ID='load_postgres' AIRFLOW_CTX_TASK_ID='check_parse' AIRFLOW_CTX_EXECUTION_DATE='2026-02-06T10:00:00+00:00' AIRFLOW_CTX_TRY_NUMBER='1' AIRFLOW_CTX_DAG_RUN_ID='scheduled__2026-02-06T10:00:00+00:00'
[2026-02-14T16:32:26.031+0000] {taskinstance.py:732} INFO - ::endgroup::
[2026-02-14T16:32:26.038+0000] {baseoperator.py:423} WARNING - ExternalTaskSensor.execute cannot be called outside TaskInstance!
[2026-02-14T16:32:26.044+0000] {external_task.py:274} INFO - Poking for DAG 'parse_iot' on 2026-02-06T10:00:00+00:00 ... 
[2026-02-14T16:32:26.044+0000] {warnings.py:109} WARNING - /home/***/.local/lib/python3.9/site-packages/***/utils/session.py:97: DeprecationWarning: This method is deprecated and will be removed in future.
  return func(*args, session=session, **kwargs)

[2026-02-14T16:32:26.060+0000] {taskinstance.py:310} INFO - Rescheduling task, marking task as UP_FOR_RESCHEDULE
[2026-02-14T16:32:26.060+0000] {taskinstance.py:341} INFO - ::group::Post task execution logs
[2026-02-14T16:32:26.089+0000] {local_task_job_runner.py:266} INFO - Task exited with return code 0
[2026-02-14T16:32:26.106+0000] {taskinstance.py:3901} INFO - 0 downstream tasks scheduled from follow-on schedule check
[2026-02-14T16:32:26.107+0000] {local_task_job_runner.py:245} INFO - ::endgroup::
[2026-02-14T16:33:28.237+0000] {local_task_job_runner.py:123} INFO - ::group::Pre task execution logs
[2026-02-14T16:33:28.250+0000] {taskinstance.py:2614} INFO - Dependencies all met for dep_context=non-requeueable deps ti=<TaskInstance: load_postgres.check_parse scheduled__2026-02-06T10:00:00+00:00 [queued]>
[2026-02-14T16:33:28.255+0000] {taskinstance.py:2614} INFO - Dependencies all met for dep_context=requeueable deps ti=<TaskInstance: load_postgres.check_parse scheduled__2026-02-06T10:00:00+00:00 [queued]>
[2026-02-14T16:33:28.255+0000] {taskinstance.py:2867} INFO - Starting attempt 1 of 4
[2026-02-14T16:33:28.263+0000] {taskinstance.py:2890} INFO - Executing <Task(ExternalTaskSensor): check_parse> on 2026-02-06 10:00:00+00:00
[2026-02-14T16:33:28.267+0000] {standard_task_runner.py:72} INFO - Started process 519 to run task
[2026-02-14T16:33:28.269+0000] {standard_task_runner.py:104} INFO - Running: ['***', 'tasks', 'run', 'load_postgres', 'check_parse', 'scheduled__2026-02-06T10:00:00+00:00', '--job-id', '113', '--raw', '--subdir', 'DAGS_FOLDER/load_postrges.py', '--cfg-path', '/tmp/tmpmto63d8d']
[2026-02-14T16:33:28.270+0000] {standard_task_runner.py:105} INFO - Job 113: Subtask check_parse
[2026-02-14T16:33:28.278+0000] {warnings.py:109} WARNING - /home/***/.local/lib/python3.9/site-packages/***/settings.py:209: DeprecationWarning: The sql_alchemy_conn option in [core] has been moved to the sql_alchemy_conn option in [database] - the old setting has been used, but please update your config.
  SQL_ALCHEMY_CONN = conf.get("database", "SQL_ALCHEMY_CONN")

[2026-02-14T16:33:28.301+0000] {task_command.py:467} INFO - Running <TaskInstance: load_postgres.check_parse scheduled__2026-02-06T10:00:00+00:00 [running]> on host a5c4ed865bb5
[2026-02-14T16:33:28.301+0000] {warnings.py:109} WARNING - /home/***/.local/lib/python3.9/site-packages/***/settings.py:470: DeprecationWarning: The sql_alchemy_conn option in [core] has been moved to the sql_alchemy_conn option in [database] - the old setting has been used, but please update your config.
  if conf.get("database", "sql_alchemy_conn") == "none://":

[2026-02-14T16:33:28.345+0000] {taskinstance.py:3134} INFO - Exporting env vars: AIRFLOW_CTX_DAG_OWNER='a.sorokin' AIRFLOW_CTX_DAG_ID='load_postgres' AIRFLOW_CTX_TASK_ID='check_parse' AIRFLOW_CTX_EXECUTION_DATE='2026-02-06T10:00:00+00:00' AIRFLOW_CTX_TRY_NUMBER='1' AIRFLOW_CTX_DAG_RUN_ID='scheduled__2026-02-06T10:00:00+00:00'
[2026-02-14T16:33:28.346+0000] {taskinstance.py:732} INFO - ::endgroup::
[2026-02-14T16:33:28.353+0000] {baseoperator.py:423} WARNING - ExternalTaskSensor.execute cannot be called outside TaskInstance!
[2026-02-14T16:33:28.359+0000] {external_task.py:274} INFO - Poking for DAG 'parse_iot' on 2026-02-06T10:00:00+00:00 ... 
[2026-02-14T16:33:28.359+0000] {warnings.py:109} WARNING - /home/***/.local/lib/python3.9/site-packages/***/utils/session.py:97: DeprecationWarning: This method is deprecated and will be removed in future.
  return func(*args, session=session, **kwargs)

[2026-02-14T16:33:28.380+0000] {taskinstance.py:310} INFO - Rescheduling task, marking task as UP_FOR_RESCHEDULE
[2026-02-14T16:33:28.380+0000] {taskinstance.py:341} INFO - ::group::Post task execution logs
[2026-02-14T16:33:28.400+0000] {local_task_job_runner.py:266} INFO - Task exited with return code 0
[2026-02-14T16:33:28.417+0000] {taskinstance.py:3901} INFO - 0 downstream tasks scheduled from follow-on schedule check
[2026-02-14T16:33:28.418+0000] {local_task_job_runner.py:245} INFO - ::endgroup::
[2026-02-14T16:34:29.059+0000] {local_task_job_runner.py:123} INFO - ::group::Pre task execution logs
[2026-02-14T16:34:29.072+0000] {taskinstance.py:2614} INFO - Dependencies all met for dep_context=non-requeueable deps ti=<TaskInstance: load_postgres.check_parse scheduled__2026-02-06T10:00:00+00:00 [queued]>
[2026-02-14T16:34:29.078+0000] {taskinstance.py:2614} INFO - Dependencies all met for dep_context=requeueable deps ti=<TaskInstance: load_postgres.check_parse scheduled__2026-02-06T10:00:00+00:00 [queued]>
[2026-02-14T16:34:29.078+0000] {taskinstance.py:2867} INFO - Starting attempt 1 of 4
[2026-02-14T16:34:29.085+0000] {taskinstance.py:2890} INFO - Executing <Task(ExternalTaskSensor): check_parse> on 2026-02-06 10:00:00+00:00
[2026-02-14T16:34:29.090+0000] {standard_task_runner.py:72} INFO - Started process 621 to run task
[2026-02-14T16:34:29.092+0000] {standard_task_runner.py:104} INFO - Running: ['***', 'tasks', 'run', 'load_postgres', 'check_parse', 'scheduled__2026-02-06T10:00:00+00:00', '--job-id', '138', '--raw', '--subdir', 'DAGS_FOLDER/load_postrges.py', '--cfg-path', '/tmp/tmp6dz4v5o4']
[2026-02-14T16:34:29.093+0000] {standard_task_runner.py:105} INFO - Job 138: Subtask check_parse
[2026-02-14T16:34:29.102+0000] {warnings.py:109} WARNING - /home/***/.local/lib/python3.9/site-packages/***/settings.py:209: DeprecationWarning: The sql_alchemy_conn option in [core] has been moved to the sql_alchemy_conn option in [database] - the old setting has been used, but please update your config.
  SQL_ALCHEMY_CONN = conf.get("database", "SQL_ALCHEMY_CONN")

[2026-02-14T16:34:29.124+0000] {task_command.py:467} INFO - Running <TaskInstance: load_postgres.check_parse scheduled__2026-02-06T10:00:00+00:00 [running]> on host a5c4ed865bb5
[2026-02-14T16:34:29.124+0000] {warnings.py:109} WARNING - /home/***/.local/lib/python3.9/site-packages/***/settings.py:470: DeprecationWarning: The sql_alchemy_conn option in [core] has been moved to the sql_alchemy_conn option in [database] - the old setting has been used, but please update your config.
  if conf.get("database", "sql_alchemy_conn") == "none://":

[2026-02-14T16:34:29.170+0000] {taskinstance.py:3134} INFO - Exporting env vars: AIRFLOW_CTX_DAG_OWNER='a.sorokin' AIRFLOW_CTX_DAG_ID='load_postgres' AIRFLOW_CTX_TASK_ID='check_parse' AIRFLOW_CTX_EXECUTION_DATE='2026-02-06T10:00:00+00:00' AIRFLOW_CTX_TRY_NUMBER='1' AIRFLOW_CTX_DAG_RUN_ID='scheduled__2026-02-06T10:00:00+00:00'
[2026-02-14T16:34:29.171+0000] {taskinstance.py:732} INFO - ::endgroup::
[2026-02-14T16:34:29.178+0000] {baseoperator.py:423} WARNING - ExternalTaskSensor.execute cannot be called outside TaskInstance!
[2026-02-14T16:34:29.184+0000] {external_task.py:274} INFO - Poking for DAG 'parse_iot' on 2026-02-06T10:00:00+00:00 ... 
[2026-02-14T16:34:29.185+0000] {warnings.py:109} WARNING - /home/***/.local/lib/python3.9/site-packages/***/utils/session.py:97: DeprecationWarning: This method is deprecated and will be removed in future.
  return func(*args, session=session, **kwargs)

[2026-02-14T16:34:29.201+0000] {taskinstance.py:310} INFO - Rescheduling task, marking task as UP_FOR_RESCHEDULE
[2026-02-14T16:34:29.201+0000] {taskinstance.py:341} INFO - ::group::Post task execution logs
[2026-02-14T16:34:29.224+0000] {local_task_job_runner.py:266} INFO - Task exited with return code 0
[2026-02-14T16:34:29.240+0000] {taskinstance.py:3901} INFO - 0 downstream tasks scheduled from follow-on schedule check
[2026-02-14T16:34:29.241+0000] {local_task_job_runner.py:245} INFO - ::endgroup::
[2026-02-14T17:47:21.849+0000] {local_task_job_runner.py:123} INFO - ::group::Pre task execution logs
[2026-02-14T17:47:21.862+0000] {taskinstance.py:2614} INFO - Dependencies all met for dep_context=non-requeueable deps ti=<TaskInstance: load_postgres.check_parse scheduled__2026-02-06T10:00:00+00:00 [queued]>
[2026-02-14T17:47:21.869+0000] {taskinstance.py:2614} INFO - Dependencies all met for dep_context=requeueable deps ti=<TaskInstance: load_postgres.check_parse scheduled__2026-02-06T10:00:00+00:00 [queued]>
[2026-02-14T17:47:21.869+0000] {taskinstance.py:2867} INFO - Starting attempt 1 of 4
[2026-02-14T17:47:21.876+0000] {taskinstance.py:2890} INFO - Executing <Task(ExternalTaskSensor): check_parse> on 2026-02-06 10:00:00+00:00
[2026-02-14T17:47:21.881+0000] {standard_task_runner.py:72} INFO - Started process 103 to run task
[2026-02-14T17:47:21.883+0000] {standard_task_runner.py:104} INFO - Running: ['***', 'tasks', 'run', 'load_postgres', 'check_parse', 'scheduled__2026-02-06T10:00:00+00:00', '--job-id', '9', '--raw', '--subdir', 'DAGS_FOLDER/load_postrges.py', '--cfg-path', '/tmp/tmp22yfoqgt']
[2026-02-14T17:47:21.885+0000] {standard_task_runner.py:105} INFO - Job 9: Subtask check_parse
[2026-02-14T17:47:21.893+0000] {warnings.py:109} WARNING - /home/***/.local/lib/python3.9/site-packages/***/settings.py:209: DeprecationWarning: The sql_alchemy_conn option in [core] has been moved to the sql_alchemy_conn option in [database] - the old setting has been used, but please update your config.
  SQL_ALCHEMY_CONN = conf.get("database", "SQL_ALCHEMY_CONN")

[2026-02-14T17:47:21.915+0000] {task_command.py:467} INFO - Running <TaskInstance: load_postgres.check_parse scheduled__2026-02-06T10:00:00+00:00 [running]> on host 9052c134cdec
[2026-02-14T17:47:21.916+0000] {warnings.py:109} WARNING - /home/***/.local/lib/python3.9/site-packages/***/settings.py:470: DeprecationWarning: The sql_alchemy_conn option in [core] has been moved to the sql_alchemy_conn option in [database] - the old setting has been used, but please update your config.
  if conf.get("database", "sql_alchemy_conn") == "none://":

[2026-02-14T17:47:21.958+0000] {taskinstance.py:3134} INFO - Exporting env vars: AIRFLOW_CTX_DAG_OWNER='a.sorokin' AIRFLOW_CTX_DAG_ID='load_postgres' AIRFLOW_CTX_TASK_ID='check_parse' AIRFLOW_CTX_EXECUTION_DATE='2026-02-06T10:00:00+00:00' AIRFLOW_CTX_TRY_NUMBER='1' AIRFLOW_CTX_DAG_RUN_ID='scheduled__2026-02-06T10:00:00+00:00'
[2026-02-14T17:47:21.959+0000] {taskinstance.py:732} INFO - ::endgroup::
[2026-02-14T17:47:21.965+0000] {baseoperator.py:423} WARNING - ExternalTaskSensor.execute cannot be called outside TaskInstance!
[2026-02-14T17:47:21.972+0000] {external_task.py:274} INFO - Poking for DAG 'parse_iot' on 2026-02-06T10:00:00+00:00 ... 
[2026-02-14T17:47:21.972+0000] {warnings.py:109} WARNING - /home/***/.local/lib/python3.9/site-packages/***/utils/session.py:97: DeprecationWarning: This method is deprecated and will be removed in future.
  return func(*args, session=session, **kwargs)

[2026-02-14T17:47:22.071+0000] {taskinstance.py:310} INFO - Rescheduling task, marking task as UP_FOR_RESCHEDULE
[2026-02-14T17:47:22.071+0000] {taskinstance.py:341} INFO - ::group::Post task execution logs
[2026-02-14T17:47:22.095+0000] {local_task_job_runner.py:266} INFO - Task exited with return code 0
[2026-02-14T17:47:22.112+0000] {taskinstance.py:3901} INFO - 0 downstream tasks scheduled from follow-on schedule check
[2026-02-14T17:47:22.113+0000] {local_task_job_runner.py:245} INFO - ::endgroup::
[2026-02-14T17:48:25.434+0000] {local_task_job_runner.py:123} INFO - ::group::Pre task execution logs
[2026-02-14T17:48:25.446+0000] {taskinstance.py:2614} INFO - Dependencies all met for dep_context=non-requeueable deps ti=<TaskInstance: load_postgres.check_parse scheduled__2026-02-06T10:00:00+00:00 [queued]>
[2026-02-14T17:48:25.451+0000] {taskinstance.py:2614} INFO - Dependencies all met for dep_context=requeueable deps ti=<TaskInstance: load_postgres.check_parse scheduled__2026-02-06T10:00:00+00:00 [queued]>
[2026-02-14T17:48:25.452+0000] {taskinstance.py:2867} INFO - Starting attempt 1 of 4
[2026-02-14T17:48:25.458+0000] {taskinstance.py:2890} INFO - Executing <Task(ExternalTaskSensor): check_parse> on 2026-02-06 10:00:00+00:00
[2026-02-14T17:48:25.463+0000] {standard_task_runner.py:72} INFO - Started process 227 to run task
[2026-02-14T17:48:25.465+0000] {standard_task_runner.py:104} INFO - Running: ['***', 'tasks', 'run', 'load_postgres', 'check_parse', 'scheduled__2026-02-06T10:00:00+00:00', '--job-id', '40', '--raw', '--subdir', 'DAGS_FOLDER/load_postrges.py', '--cfg-path', '/tmp/tmpaee_5fb6']
[2026-02-14T17:48:25.466+0000] {standard_task_runner.py:105} INFO - Job 40: Subtask check_parse
[2026-02-14T17:48:25.474+0000] {warnings.py:109} WARNING - /home/***/.local/lib/python3.9/site-packages/***/settings.py:209: DeprecationWarning: The sql_alchemy_conn option in [core] has been moved to the sql_alchemy_conn option in [database] - the old setting has been used, but please update your config.
  SQL_ALCHEMY_CONN = conf.get("database", "SQL_ALCHEMY_CONN")

[2026-02-14T17:48:25.496+0000] {task_command.py:467} INFO - Running <TaskInstance: load_postgres.check_parse scheduled__2026-02-06T10:00:00+00:00 [running]> on host 9052c134cdec
[2026-02-14T17:48:25.496+0000] {warnings.py:109} WARNING - /home/***/.local/lib/python3.9/site-packages/***/settings.py:470: DeprecationWarning: The sql_alchemy_conn option in [core] has been moved to the sql_alchemy_conn option in [database] - the old setting has been used, but please update your config.
  if conf.get("database", "sql_alchemy_conn") == "none://":

[2026-02-14T17:48:25.537+0000] {taskinstance.py:3134} INFO - Exporting env vars: AIRFLOW_CTX_DAG_OWNER='a.sorokin' AIRFLOW_CTX_DAG_ID='load_postgres' AIRFLOW_CTX_TASK_ID='check_parse' AIRFLOW_CTX_EXECUTION_DATE='2026-02-06T10:00:00+00:00' AIRFLOW_CTX_TRY_NUMBER='1' AIRFLOW_CTX_DAG_RUN_ID='scheduled__2026-02-06T10:00:00+00:00'
[2026-02-14T17:48:25.537+0000] {taskinstance.py:732} INFO - ::endgroup::
[2026-02-14T17:48:25.544+0000] {baseoperator.py:423} WARNING - ExternalTaskSensor.execute cannot be called outside TaskInstance!
[2026-02-14T17:48:25.551+0000] {external_task.py:274} INFO - Poking for DAG 'parse_iot' on 2026-02-06T10:00:00+00:00 ... 
[2026-02-14T17:48:25.551+0000] {warnings.py:109} WARNING - /home/***/.local/lib/python3.9/site-packages/***/utils/session.py:97: DeprecationWarning: This method is deprecated and will be removed in future.
  return func(*args, session=session, **kwargs)

[2026-02-14T17:48:25.567+0000] {taskinstance.py:310} INFO - Rescheduling task, marking task as UP_FOR_RESCHEDULE
[2026-02-14T17:48:25.568+0000] {taskinstance.py:341} INFO - ::group::Post task execution logs
[2026-02-14T17:48:25.597+0000] {local_task_job_runner.py:266} INFO - Task exited with return code 0
[2026-02-14T17:48:25.613+0000] {taskinstance.py:3901} INFO - 0 downstream tasks scheduled from follow-on schedule check
[2026-02-14T17:48:25.613+0000] {local_task_job_runner.py:245} INFO - ::endgroup::
[2026-02-14T17:49:29.009+0000] {local_task_job_runner.py:123} INFO - ::group::Pre task execution logs
[2026-02-14T17:49:29.022+0000] {taskinstance.py:2614} INFO - Dependencies all met for dep_context=non-requeueable deps ti=<TaskInstance: load_postgres.check_parse scheduled__2026-02-06T10:00:00+00:00 [queued]>
[2026-02-14T17:49:29.028+0000] {taskinstance.py:2614} INFO - Dependencies all met for dep_context=requeueable deps ti=<TaskInstance: load_postgres.check_parse scheduled__2026-02-06T10:00:00+00:00 [queued]>
[2026-02-14T17:49:29.028+0000] {taskinstance.py:2867} INFO - Starting attempt 1 of 4
[2026-02-14T17:49:29.035+0000] {taskinstance.py:2890} INFO - Executing <Task(ExternalTaskSensor): check_parse> on 2026-02-06 10:00:00+00:00
[2026-02-14T17:49:29.040+0000] {standard_task_runner.py:72} INFO - Started process 411 to run task
[2026-02-14T17:49:29.042+0000] {standard_task_runner.py:104} INFO - Running: ['***', 'tasks', 'run', 'load_postgres', 'check_parse', 'scheduled__2026-02-06T10:00:00+00:00', '--job-id', '86', '--raw', '--subdir', 'DAGS_FOLDER/load_postrges.py', '--cfg-path', '/tmp/tmpz1t45wtc']
[2026-02-14T17:49:29.043+0000] {standard_task_runner.py:105} INFO - Job 86: Subtask check_parse
[2026-02-14T17:49:29.051+0000] {warnings.py:109} WARNING - /home/***/.local/lib/python3.9/site-packages/***/settings.py:209: DeprecationWarning: The sql_alchemy_conn option in [core] has been moved to the sql_alchemy_conn option in [database] - the old setting has been used, but please update your config.
  SQL_ALCHEMY_CONN = conf.get("database", "SQL_ALCHEMY_CONN")

[2026-02-14T17:49:29.076+0000] {task_command.py:467} INFO - Running <TaskInstance: load_postgres.check_parse scheduled__2026-02-06T10:00:00+00:00 [running]> on host 9052c134cdec
[2026-02-14T17:49:29.076+0000] {warnings.py:109} WARNING - /home/***/.local/lib/python3.9/site-packages/***/settings.py:470: DeprecationWarning: The sql_alchemy_conn option in [core] has been moved to the sql_alchemy_conn option in [database] - the old setting has been used, but please update your config.
  if conf.get("database", "sql_alchemy_conn") == "none://":

[2026-02-14T17:49:29.121+0000] {taskinstance.py:3134} INFO - Exporting env vars: AIRFLOW_CTX_DAG_OWNER='a.sorokin' AIRFLOW_CTX_DAG_ID='load_postgres' AIRFLOW_CTX_TASK_ID='check_parse' AIRFLOW_CTX_EXECUTION_DATE='2026-02-06T10:00:00+00:00' AIRFLOW_CTX_TRY_NUMBER='1' AIRFLOW_CTX_DAG_RUN_ID='scheduled__2026-02-06T10:00:00+00:00'
[2026-02-14T17:49:29.121+0000] {taskinstance.py:732} INFO - ::endgroup::
[2026-02-14T17:49:29.129+0000] {baseoperator.py:423} WARNING - ExternalTaskSensor.execute cannot be called outside TaskInstance!
[2026-02-14T17:49:29.135+0000] {external_task.py:274} INFO - Poking for DAG 'parse_iot' on 2026-02-06T10:00:00+00:00 ... 
[2026-02-14T17:49:29.135+0000] {warnings.py:109} WARNING - /home/***/.local/lib/python3.9/site-packages/***/utils/session.py:97: DeprecationWarning: This method is deprecated and will be removed in future.
  return func(*args, session=session, **kwargs)

[2026-02-14T17:49:29.157+0000] {taskinstance.py:310} INFO - Rescheduling task, marking task as UP_FOR_RESCHEDULE
[2026-02-14T17:49:29.157+0000] {taskinstance.py:341} INFO - ::group::Post task execution logs
[2026-02-14T17:49:29.173+0000] {local_task_job_runner.py:266} INFO - Task exited with return code 0
[2026-02-14T17:49:29.192+0000] {taskinstance.py:3901} INFO - 0 downstream tasks scheduled from follow-on schedule check
[2026-02-14T17:49:29.193+0000] {local_task_job_runner.py:245} INFO - ::endgroup::
[2026-02-14T17:50:30.727+0000] {local_task_job_runner.py:123} INFO - ::group::Pre task execution logs
[2026-02-14T17:50:30.742+0000] {taskinstance.py:2614} INFO - Dependencies all met for dep_context=non-requeueable deps ti=<TaskInstance: load_postgres.check_parse scheduled__2026-02-06T10:00:00+00:00 [queued]>
[2026-02-14T17:50:30.749+0000] {taskinstance.py:2614} INFO - Dependencies all met for dep_context=requeueable deps ti=<TaskInstance: load_postgres.check_parse scheduled__2026-02-06T10:00:00+00:00 [queued]>
[2026-02-14T17:50:30.749+0000] {taskinstance.py:2867} INFO - Starting attempt 1 of 4
[2026-02-14T17:50:30.757+0000] {taskinstance.py:2890} INFO - Executing <Task(ExternalTaskSensor): check_parse> on 2026-02-06 10:00:00+00:00
[2026-02-14T17:50:30.762+0000] {standard_task_runner.py:72} INFO - Started process 519 to run task
[2026-02-14T17:50:30.764+0000] {standard_task_runner.py:104} INFO - Running: ['***', 'tasks', 'run', 'load_postgres', 'check_parse', 'scheduled__2026-02-06T10:00:00+00:00', '--job-id', '113', '--raw', '--subdir', 'DAGS_FOLDER/load_postrges.py', '--cfg-path', '/tmp/tmpi2dmk6ay']
[2026-02-14T17:50:30.766+0000] {standard_task_runner.py:105} INFO - Job 113: Subtask check_parse
[2026-02-14T17:50:30.775+0000] {warnings.py:109} WARNING - /home/***/.local/lib/python3.9/site-packages/***/settings.py:209: DeprecationWarning: The sql_alchemy_conn option in [core] has been moved to the sql_alchemy_conn option in [database] - the old setting has been used, but please update your config.
  SQL_ALCHEMY_CONN = conf.get("database", "SQL_ALCHEMY_CONN")

[2026-02-14T17:50:30.800+0000] {task_command.py:467} INFO - Running <TaskInstance: load_postgres.check_parse scheduled__2026-02-06T10:00:00+00:00 [running]> on host 9052c134cdec
[2026-02-14T17:50:30.801+0000] {warnings.py:109} WARNING - /home/***/.local/lib/python3.9/site-packages/***/settings.py:470: DeprecationWarning: The sql_alchemy_conn option in [core] has been moved to the sql_alchemy_conn option in [database] - the old setting has been used, but please update your config.
  if conf.get("database", "sql_alchemy_conn") == "none://":

[2026-02-14T17:50:30.844+0000] {taskinstance.py:3134} INFO - Exporting env vars: AIRFLOW_CTX_DAG_OWNER='a.sorokin' AIRFLOW_CTX_DAG_ID='load_postgres' AIRFLOW_CTX_TASK_ID='check_parse' AIRFLOW_CTX_EXECUTION_DATE='2026-02-06T10:00:00+00:00' AIRFLOW_CTX_TRY_NUMBER='1' AIRFLOW_CTX_DAG_RUN_ID='scheduled__2026-02-06T10:00:00+00:00'
[2026-02-14T17:50:30.845+0000] {taskinstance.py:732} INFO - ::endgroup::
[2026-02-14T17:50:30.851+0000] {baseoperator.py:423} WARNING - ExternalTaskSensor.execute cannot be called outside TaskInstance!
[2026-02-14T17:50:30.857+0000] {external_task.py:274} INFO - Poking for DAG 'parse_iot' on 2026-02-06T10:00:00+00:00 ... 
[2026-02-14T17:50:30.857+0000] {warnings.py:109} WARNING - /home/***/.local/lib/python3.9/site-packages/***/utils/session.py:97: DeprecationWarning: This method is deprecated and will be removed in future.
  return func(*args, session=session, **kwargs)

[2026-02-14T17:50:30.874+0000] {taskinstance.py:310} INFO - Rescheduling task, marking task as UP_FOR_RESCHEDULE
[2026-02-14T17:50:30.874+0000] {taskinstance.py:341} INFO - ::group::Post task execution logs
[2026-02-14T17:50:30.896+0000] {local_task_job_runner.py:266} INFO - Task exited with return code 0
[2026-02-14T17:50:30.914+0000] {taskinstance.py:3901} INFO - 0 downstream tasks scheduled from follow-on schedule check
[2026-02-14T17:50:30.915+0000] {local_task_job_runner.py:245} INFO - ::endgroup::
[2026-02-14T17:51:32.793+0000] {local_task_job_runner.py:123} INFO - ::group::Pre task execution logs
[2026-02-14T17:51:32.806+0000] {taskinstance.py:2614} INFO - Dependencies all met for dep_context=non-requeueable deps ti=<TaskInstance: load_postgres.check_parse scheduled__2026-02-06T10:00:00+00:00 [queued]>
[2026-02-14T17:51:32.811+0000] {taskinstance.py:2614} INFO - Dependencies all met for dep_context=requeueable deps ti=<TaskInstance: load_postgres.check_parse scheduled__2026-02-06T10:00:00+00:00 [queued]>
[2026-02-14T17:51:32.811+0000] {taskinstance.py:2867} INFO - Starting attempt 1 of 4
[2026-02-14T17:51:32.817+0000] {taskinstance.py:2890} INFO - Executing <Task(ExternalTaskSensor): check_parse> on 2026-02-06 10:00:00+00:00
[2026-02-14T17:51:32.821+0000] {standard_task_runner.py:72} INFO - Started process 607 to run task
[2026-02-14T17:51:32.823+0000] {standard_task_runner.py:104} INFO - Running: ['***', 'tasks', 'run', 'load_postgres', 'check_parse', 'scheduled__2026-02-06T10:00:00+00:00', '--job-id', '135', '--raw', '--subdir', 'DAGS_FOLDER/load_postrges.py', '--cfg-path', '/tmp/tmpa2lxkwno']
[2026-02-14T17:51:32.824+0000] {standard_task_runner.py:105} INFO - Job 135: Subtask check_parse
[2026-02-14T17:51:32.833+0000] {warnings.py:109} WARNING - /home/***/.local/lib/python3.9/site-packages/***/settings.py:209: DeprecationWarning: The sql_alchemy_conn option in [core] has been moved to the sql_alchemy_conn option in [database] - the old setting has been used, but please update your config.
  SQL_ALCHEMY_CONN = conf.get("database", "SQL_ALCHEMY_CONN")

[2026-02-14T17:51:32.855+0000] {task_command.py:467} INFO - Running <TaskInstance: load_postgres.check_parse scheduled__2026-02-06T10:00:00+00:00 [running]> on host 9052c134cdec
[2026-02-14T17:51:32.856+0000] {warnings.py:109} WARNING - /home/***/.local/lib/python3.9/site-packages/***/settings.py:470: DeprecationWarning: The sql_alchemy_conn option in [core] has been moved to the sql_alchemy_conn option in [database] - the old setting has been used, but please update your config.
  if conf.get("database", "sql_alchemy_conn") == "none://":

[2026-02-14T17:51:32.898+0000] {taskinstance.py:3134} INFO - Exporting env vars: AIRFLOW_CTX_DAG_OWNER='a.sorokin' AIRFLOW_CTX_DAG_ID='load_postgres' AIRFLOW_CTX_TASK_ID='check_parse' AIRFLOW_CTX_EXECUTION_DATE='2026-02-06T10:00:00+00:00' AIRFLOW_CTX_TRY_NUMBER='1' AIRFLOW_CTX_DAG_RUN_ID='scheduled__2026-02-06T10:00:00+00:00'
[2026-02-14T17:51:32.898+0000] {taskinstance.py:732} INFO - ::endgroup::
[2026-02-14T17:51:32.905+0000] {baseoperator.py:423} WARNING - ExternalTaskSensor.execute cannot be called outside TaskInstance!
[2026-02-14T17:51:32.911+0000] {external_task.py:274} INFO - Poking for DAG 'parse_iot' on 2026-02-06T10:00:00+00:00 ... 
[2026-02-14T17:51:32.912+0000] {warnings.py:109} WARNING - /home/***/.local/lib/python3.9/site-packages/***/utils/session.py:97: DeprecationWarning: This method is deprecated and will be removed in future.
  return func(*args, session=session, **kwargs)

[2026-02-14T17:51:32.935+0000] {taskinstance.py:310} INFO - Rescheduling task, marking task as UP_FOR_RESCHEDULE
[2026-02-14T17:51:32.935+0000] {taskinstance.py:341} INFO - ::group::Post task execution logs
[2026-02-14T17:51:32.955+0000] {local_task_job_runner.py:266} INFO - Task exited with return code 0
[2026-02-14T17:51:32.972+0000] {taskinstance.py:3901} INFO - 0 downstream tasks scheduled from follow-on schedule check
[2026-02-14T17:51:32.973+0000] {local_task_job_runner.py:245} INFO - ::endgroup::
[2026-02-14T17:52:33.738+0000] {local_task_job_runner.py:123} INFO - ::group::Pre task execution logs
[2026-02-14T17:52:33.752+0000] {taskinstance.py:2614} INFO - Dependencies all met for dep_context=non-requeueable deps ti=<TaskInstance: load_postgres.check_parse scheduled__2026-02-06T10:00:00+00:00 [queued]>
[2026-02-14T17:52:33.758+0000] {taskinstance.py:2614} INFO - Dependencies all met for dep_context=requeueable deps ti=<TaskInstance: load_postgres.check_parse scheduled__2026-02-06T10:00:00+00:00 [queued]>
[2026-02-14T17:52:33.758+0000] {taskinstance.py:2867} INFO - Starting attempt 1 of 4
[2026-02-14T17:52:33.765+0000] {taskinstance.py:2890} INFO - Executing <Task(ExternalTaskSensor): check_parse> on 2026-02-06 10:00:00+00:00
[2026-02-14T17:52:33.770+0000] {standard_task_runner.py:72} INFO - Started process 781 to run task
[2026-02-14T17:52:33.772+0000] {standard_task_runner.py:104} INFO - Running: ['***', 'tasks', 'run', 'load_postgres', 'check_parse', 'scheduled__2026-02-06T10:00:00+00:00', '--job-id', '178', '--raw', '--subdir', 'DAGS_FOLDER/load_postrges.py', '--cfg-path', '/tmp/tmpslklbgul']
[2026-02-14T17:52:33.774+0000] {standard_task_runner.py:105} INFO - Job 178: Subtask check_parse
[2026-02-14T17:52:33.782+0000] {warnings.py:109} WARNING - /home/***/.local/lib/python3.9/site-packages/***/settings.py:209: DeprecationWarning: The sql_alchemy_conn option in [core] has been moved to the sql_alchemy_conn option in [database] - the old setting has been used, but please update your config.
  SQL_ALCHEMY_CONN = conf.get("database", "SQL_ALCHEMY_CONN")

[2026-02-14T17:52:33.806+0000] {task_command.py:467} INFO - Running <TaskInstance: load_postgres.check_parse scheduled__2026-02-06T10:00:00+00:00 [running]> on host 9052c134cdec
[2026-02-14T17:52:33.806+0000] {warnings.py:109} WARNING - /home/***/.local/lib/python3.9/site-packages/***/settings.py:470: DeprecationWarning: The sql_alchemy_conn option in [core] has been moved to the sql_alchemy_conn option in [database] - the old setting has been used, but please update your config.
  if conf.get("database", "sql_alchemy_conn") == "none://":

[2026-02-14T17:52:33.852+0000] {taskinstance.py:3134} INFO - Exporting env vars: AIRFLOW_CTX_DAG_OWNER='a.sorokin' AIRFLOW_CTX_DAG_ID='load_postgres' AIRFLOW_CTX_TASK_ID='check_parse' AIRFLOW_CTX_EXECUTION_DATE='2026-02-06T10:00:00+00:00' AIRFLOW_CTX_TRY_NUMBER='1' AIRFLOW_CTX_DAG_RUN_ID='scheduled__2026-02-06T10:00:00+00:00'
[2026-02-14T17:52:33.853+0000] {taskinstance.py:732} INFO - ::endgroup::
[2026-02-14T17:52:33.860+0000] {baseoperator.py:423} WARNING - ExternalTaskSensor.execute cannot be called outside TaskInstance!
[2026-02-14T17:52:33.866+0000] {external_task.py:274} INFO - Poking for DAG 'parse_iot' on 2026-02-06T10:00:00+00:00 ... 
[2026-02-14T17:52:33.867+0000] {warnings.py:109} WARNING - /home/***/.local/lib/python3.9/site-packages/***/utils/session.py:97: DeprecationWarning: This method is deprecated and will be removed in future.
  return func(*args, session=session, **kwargs)

[2026-02-14T17:52:33.872+0000] {base.py:339} INFO - Success criteria met. Exiting.
[2026-02-14T17:52:33.878+0000] {taskinstance.py:341} INFO - ::group::Post task execution logs
[2026-02-14T17:52:33.878+0000] {taskinstance.py:353} INFO - Marking task as SUCCESS. dag_id=load_postgres, task_id=check_parse, run_id=scheduled__2026-02-06T10:00:00+00:00, execution_date=20260206T100000, start_date=20260214T175233, end_date=20260214T175233
[2026-02-14T17:52:33.904+0000] {local_task_job_runner.py:266} INFO - Task exited with return code 0
[2026-02-14T17:52:33.922+0000] {taskinstance.py:3901} INFO - 1 downstream tasks scheduled from follow-on schedule check
[2026-02-14T17:52:33.923+0000] {local_task_job_runner.py:245} INFO - ::endgroup::
[2026-02-14T18:12:44.949+0000] {local_task_job_runner.py:123} INFO - ::group::Pre task execution logs
[2026-02-14T18:12:44.965+0000] {taskinstance.py:2614} INFO - Dependencies all met for dep_context=non-requeueable deps ti=<TaskInstance: load_postgres.check_parse scheduled__2026-02-06T10:00:00+00:00 [queued]>
[2026-02-14T18:12:44.973+0000] {taskinstance.py:2614} INFO - Dependencies all met for dep_context=requeueable deps ti=<TaskInstance: load_postgres.check_parse scheduled__2026-02-06T10:00:00+00:00 [queued]>
[2026-02-14T18:12:44.973+0000] {taskinstance.py:2867} INFO - Starting attempt 1 of 4
[2026-02-14T18:12:44.981+0000] {taskinstance.py:2890} INFO - Executing <Task(ExternalTaskSensor): check_parse> on 2026-02-06 10:00:00+00:00
[2026-02-14T18:12:44.985+0000] {standard_task_runner.py:72} INFO - Started process 142 to run task
[2026-02-14T18:12:44.987+0000] {standard_task_runner.py:104} INFO - Running: ['***', 'tasks', 'run', 'load_postgres', 'check_parse', 'scheduled__2026-02-06T10:00:00+00:00', '--job-id', '19', '--raw', '--subdir', 'DAGS_FOLDER/load_postrges.py', '--cfg-path', '/tmp/tmphwozcteg']
[2026-02-14T18:12:44.989+0000] {standard_task_runner.py:105} INFO - Job 19: Subtask check_parse
[2026-02-14T18:12:44.998+0000] {warnings.py:109} WARNING - /home/***/.local/lib/python3.9/site-packages/***/settings.py:209: DeprecationWarning: The sql_alchemy_conn option in [core] has been moved to the sql_alchemy_conn option in [database] - the old setting has been used, but please update your config.
  SQL_ALCHEMY_CONN = conf.get("database", "SQL_ALCHEMY_CONN")

[2026-02-14T18:12:45.022+0000] {task_command.py:467} INFO - Running <TaskInstance: load_postgres.check_parse scheduled__2026-02-06T10:00:00+00:00 [running]> on host bb762b62a2c2
[2026-02-14T18:12:45.022+0000] {warnings.py:109} WARNING - /home/***/.local/lib/python3.9/site-packages/***/settings.py:470: DeprecationWarning: The sql_alchemy_conn option in [core] has been moved to the sql_alchemy_conn option in [database] - the old setting has been used, but please update your config.
  if conf.get("database", "sql_alchemy_conn") == "none://":

[2026-02-14T18:12:45.066+0000] {taskinstance.py:3134} INFO - Exporting env vars: AIRFLOW_CTX_DAG_OWNER='a.sorokin' AIRFLOW_CTX_DAG_ID='load_postgres' AIRFLOW_CTX_TASK_ID='check_parse' AIRFLOW_CTX_EXECUTION_DATE='2026-02-06T10:00:00+00:00' AIRFLOW_CTX_TRY_NUMBER='1' AIRFLOW_CTX_DAG_RUN_ID='scheduled__2026-02-06T10:00:00+00:00'
[2026-02-14T18:12:45.067+0000] {taskinstance.py:732} INFO - ::endgroup::
[2026-02-14T18:12:45.074+0000] {baseoperator.py:423} WARNING - ExternalTaskSensor.execute cannot be called outside TaskInstance!
[2026-02-14T18:12:45.080+0000] {external_task.py:274} INFO - Poking for DAG 'parse_iot' on 2026-02-06T10:00:00+00:00 ... 
[2026-02-14T18:12:45.080+0000] {warnings.py:109} WARNING - /home/***/.local/lib/python3.9/site-packages/***/utils/session.py:97: DeprecationWarning: This method is deprecated and will be removed in future.
  return func(*args, session=session, **kwargs)

[2026-02-14T18:12:45.098+0000] {taskinstance.py:310} INFO - Rescheduling task, marking task as UP_FOR_RESCHEDULE
[2026-02-14T18:12:45.098+0000] {taskinstance.py:341} INFO - ::group::Post task execution logs
[2026-02-14T18:12:45.119+0000] {local_task_job_runner.py:266} INFO - Task exited with return code 0
[2026-02-14T18:12:45.138+0000] {taskinstance.py:3901} INFO - 0 downstream tasks scheduled from follow-on schedule check
[2026-02-14T18:12:45.139+0000] {local_task_job_runner.py:245} INFO - ::endgroup::
[2026-02-14T18:15:55.972+0000] {local_task_job_runner.py:123} INFO - ::group::Pre task execution logs
[2026-02-14T18:15:55.986+0000] {taskinstance.py:2614} INFO - Dependencies all met for dep_context=non-requeueable deps ti=<TaskInstance: load_postgres.check_parse scheduled__2026-02-06T10:00:00+00:00 [queued]>
[2026-02-14T18:15:55.992+0000] {taskinstance.py:2614} INFO - Dependencies all met for dep_context=requeueable deps ti=<TaskInstance: load_postgres.check_parse scheduled__2026-02-06T10:00:00+00:00 [queued]>
[2026-02-14T18:15:55.992+0000] {taskinstance.py:2867} INFO - Starting attempt 1 of 4
[2026-02-14T18:15:55.999+0000] {taskinstance.py:2890} INFO - Executing <Task(ExternalTaskSensor): check_parse> on 2026-02-06 10:00:00+00:00
[2026-02-14T18:15:56.003+0000] {standard_task_runner.py:72} INFO - Started process 439 to run task
[2026-02-14T18:15:56.005+0000] {standard_task_runner.py:104} INFO - Running: ['***', 'tasks', 'run', 'load_postgres', 'check_parse', 'scheduled__2026-02-06T10:00:00+00:00', '--job-id', '93', '--raw', '--subdir', 'DAGS_FOLDER/load_postrges.py', '--cfg-path', '/tmp/tmpy2hr_zgg']
[2026-02-14T18:15:56.007+0000] {standard_task_runner.py:105} INFO - Job 93: Subtask check_parse
[2026-02-14T18:15:56.015+0000] {warnings.py:109} WARNING - /home/***/.local/lib/python3.9/site-packages/***/settings.py:209: DeprecationWarning: The sql_alchemy_conn option in [core] has been moved to the sql_alchemy_conn option in [database] - the old setting has been used, but please update your config.
  SQL_ALCHEMY_CONN = conf.get("database", "SQL_ALCHEMY_CONN")

[2026-02-14T18:15:56.041+0000] {task_command.py:467} INFO - Running <TaskInstance: load_postgres.check_parse scheduled__2026-02-06T10:00:00+00:00 [running]> on host bb762b62a2c2
[2026-02-14T18:15:56.041+0000] {warnings.py:109} WARNING - /home/***/.local/lib/python3.9/site-packages/***/settings.py:470: DeprecationWarning: The sql_alchemy_conn option in [core] has been moved to the sql_alchemy_conn option in [database] - the old setting has been used, but please update your config.
  if conf.get("database", "sql_alchemy_conn") == "none://":

[2026-02-14T18:15:56.089+0000] {taskinstance.py:3134} INFO - Exporting env vars: AIRFLOW_CTX_DAG_OWNER='a.sorokin' AIRFLOW_CTX_DAG_ID='load_postgres' AIRFLOW_CTX_TASK_ID='check_parse' AIRFLOW_CTX_EXECUTION_DATE='2026-02-06T10:00:00+00:00' AIRFLOW_CTX_TRY_NUMBER='1' AIRFLOW_CTX_DAG_RUN_ID='scheduled__2026-02-06T10:00:00+00:00'
[2026-02-14T18:15:56.089+0000] {taskinstance.py:732} INFO - ::endgroup::
[2026-02-14T18:15:56.097+0000] {baseoperator.py:423} WARNING - ExternalTaskSensor.execute cannot be called outside TaskInstance!
[2026-02-14T18:15:56.105+0000] {external_task.py:274} INFO - Poking for DAG 'parse_iot' on 2026-02-06T10:00:00+00:00 ... 
[2026-02-14T18:15:56.106+0000] {warnings.py:109} WARNING - /home/***/.local/lib/python3.9/site-packages/***/utils/session.py:97: DeprecationWarning: This method is deprecated and will be removed in future.
  return func(*args, session=session, **kwargs)

[2026-02-14T18:15:56.131+0000] {taskinstance.py:310} INFO - Rescheduling task, marking task as UP_FOR_RESCHEDULE
[2026-02-14T18:15:56.131+0000] {taskinstance.py:341} INFO - ::group::Post task execution logs
[2026-02-14T18:15:56.177+0000] {local_task_job_runner.py:266} INFO - Task exited with return code 0
[2026-02-14T18:15:56.200+0000] {taskinstance.py:3901} INFO - 0 downstream tasks scheduled from follow-on schedule check
[2026-02-14T18:15:56.206+0000] {local_task_job_runner.py:245} INFO - ::endgroup::
[2026-02-14T18:16:57.507+0000] {local_task_job_runner.py:123} INFO - ::group::Pre task execution logs
[2026-02-14T18:16:57.520+0000] {taskinstance.py:2614} INFO - Dependencies all met for dep_context=non-requeueable deps ti=<TaskInstance: load_postgres.check_parse scheduled__2026-02-06T10:00:00+00:00 [queued]>
[2026-02-14T18:16:57.527+0000] {taskinstance.py:2614} INFO - Dependencies all met for dep_context=requeueable deps ti=<TaskInstance: load_postgres.check_parse scheduled__2026-02-06T10:00:00+00:00 [queued]>
[2026-02-14T18:16:57.527+0000] {taskinstance.py:2867} INFO - Starting attempt 1 of 4
[2026-02-14T18:16:57.534+0000] {taskinstance.py:2890} INFO - Executing <Task(ExternalTaskSensor): check_parse> on 2026-02-06 10:00:00+00:00
[2026-02-14T18:16:57.539+0000] {standard_task_runner.py:72} INFO - Started process 565 to run task
[2026-02-14T18:16:57.541+0000] {standard_task_runner.py:104} INFO - Running: ['***', 'tasks', 'run', 'load_postgres', 'check_parse', 'scheduled__2026-02-06T10:00:00+00:00', '--job-id', '124', '--raw', '--subdir', 'DAGS_FOLDER/load_postrges.py', '--cfg-path', '/tmp/tmpk3b8oicy']
[2026-02-14T18:16:57.545+0000] {standard_task_runner.py:105} INFO - Job 124: Subtask check_parse
[2026-02-14T18:16:57.553+0000] {warnings.py:109} WARNING - /home/***/.local/lib/python3.9/site-packages/***/settings.py:209: DeprecationWarning: The sql_alchemy_conn option in [core] has been moved to the sql_alchemy_conn option in [database] - the old setting has been used, but please update your config.
  SQL_ALCHEMY_CONN = conf.get("database", "SQL_ALCHEMY_CONN")

[2026-02-14T18:16:57.576+0000] {task_command.py:467} INFO - Running <TaskInstance: load_postgres.check_parse scheduled__2026-02-06T10:00:00+00:00 [running]> on host bb762b62a2c2
[2026-02-14T18:16:57.576+0000] {warnings.py:109} WARNING - /home/***/.local/lib/python3.9/site-packages/***/settings.py:470: DeprecationWarning: The sql_alchemy_conn option in [core] has been moved to the sql_alchemy_conn option in [database] - the old setting has been used, but please update your config.
  if conf.get("database", "sql_alchemy_conn") == "none://":

[2026-02-14T18:16:57.627+0000] {taskinstance.py:3134} INFO - Exporting env vars: AIRFLOW_CTX_DAG_OWNER='a.sorokin' AIRFLOW_CTX_DAG_ID='load_postgres' AIRFLOW_CTX_TASK_ID='check_parse' AIRFLOW_CTX_EXECUTION_DATE='2026-02-06T10:00:00+00:00' AIRFLOW_CTX_TRY_NUMBER='1' AIRFLOW_CTX_DAG_RUN_ID='scheduled__2026-02-06T10:00:00+00:00'
[2026-02-14T18:16:57.627+0000] {taskinstance.py:732} INFO - ::endgroup::
[2026-02-14T18:16:57.635+0000] {baseoperator.py:423} WARNING - ExternalTaskSensor.execute cannot be called outside TaskInstance!
[2026-02-14T18:16:57.641+0000] {external_task.py:274} INFO - Poking for DAG 'parse_iot' on 2026-02-06T10:00:00+00:00 ... 
[2026-02-14T18:16:57.642+0000] {warnings.py:109} WARNING - /home/***/.local/lib/python3.9/site-packages/***/utils/session.py:97: DeprecationWarning: This method is deprecated and will be removed in future.
  return func(*args, session=session, **kwargs)

[2026-02-14T18:16:57.660+0000] {taskinstance.py:310} INFO - Rescheduling task, marking task as UP_FOR_RESCHEDULE
[2026-02-14T18:16:57.661+0000] {taskinstance.py:341} INFO - ::group::Post task execution logs
[2026-02-14T18:16:57.673+0000] {local_task_job_runner.py:266} INFO - Task exited with return code 0
[2026-02-14T18:16:57.696+0000] {taskinstance.py:3901} INFO - 0 downstream tasks scheduled from follow-on schedule check
[2026-02-14T18:16:57.697+0000] {local_task_job_runner.py:245} INFO - ::endgroup::
[2026-02-14T18:17:58.401+0000] {local_task_job_runner.py:123} INFO - ::group::Pre task execution logs
[2026-02-14T18:17:58.413+0000] {taskinstance.py:2614} INFO - Dependencies all met for dep_context=non-requeueable deps ti=<TaskInstance: load_postgres.check_parse scheduled__2026-02-06T10:00:00+00:00 [queued]>
[2026-02-14T18:17:58.418+0000] {taskinstance.py:2614} INFO - Dependencies all met for dep_context=requeueable deps ti=<TaskInstance: load_postgres.check_parse scheduled__2026-02-06T10:00:00+00:00 [queued]>
[2026-02-14T18:17:58.418+0000] {taskinstance.py:2867} INFO - Starting attempt 1 of 4
[2026-02-14T18:17:58.424+0000] {taskinstance.py:2890} INFO - Executing <Task(ExternalTaskSensor): check_parse> on 2026-02-06 10:00:00+00:00
[2026-02-14T18:17:58.429+0000] {standard_task_runner.py:72} INFO - Started process 687 to run task
[2026-02-14T18:17:58.431+0000] {standard_task_runner.py:104} INFO - Running: ['***', 'tasks', 'run', 'load_postgres', 'check_parse', 'scheduled__2026-02-06T10:00:00+00:00', '--job-id', '155', '--raw', '--subdir', 'DAGS_FOLDER/load_postrges.py', '--cfg-path', '/tmp/tmptqfjbdu6']
[2026-02-14T18:17:58.434+0000] {standard_task_runner.py:105} INFO - Job 155: Subtask check_parse
[2026-02-14T18:17:58.442+0000] {warnings.py:109} WARNING - /home/***/.local/lib/python3.9/site-packages/***/settings.py:209: DeprecationWarning: The sql_alchemy_conn option in [core] has been moved to the sql_alchemy_conn option in [database] - the old setting has been used, but please update your config.
  SQL_ALCHEMY_CONN = conf.get("database", "SQL_ALCHEMY_CONN")

[2026-02-14T18:17:58.463+0000] {task_command.py:467} INFO - Running <TaskInstance: load_postgres.check_parse scheduled__2026-02-06T10:00:00+00:00 [running]> on host bb762b62a2c2
[2026-02-14T18:17:58.463+0000] {warnings.py:109} WARNING - /home/***/.local/lib/python3.9/site-packages/***/settings.py:470: DeprecationWarning: The sql_alchemy_conn option in [core] has been moved to the sql_alchemy_conn option in [database] - the old setting has been used, but please update your config.
  if conf.get("database", "sql_alchemy_conn") == "none://":

[2026-02-14T18:17:58.507+0000] {taskinstance.py:3134} INFO - Exporting env vars: AIRFLOW_CTX_DAG_OWNER='a.sorokin' AIRFLOW_CTX_DAG_ID='load_postgres' AIRFLOW_CTX_TASK_ID='check_parse' AIRFLOW_CTX_EXECUTION_DATE='2026-02-06T10:00:00+00:00' AIRFLOW_CTX_TRY_NUMBER='1' AIRFLOW_CTX_DAG_RUN_ID='scheduled__2026-02-06T10:00:00+00:00'
[2026-02-14T18:17:58.508+0000] {taskinstance.py:732} INFO - ::endgroup::
[2026-02-14T18:17:58.515+0000] {baseoperator.py:423} WARNING - ExternalTaskSensor.execute cannot be called outside TaskInstance!
[2026-02-14T18:17:58.520+0000] {external_task.py:274} INFO - Poking for DAG 'parse_iot' on 2026-02-06T10:00:00+00:00 ... 
[2026-02-14T18:17:58.521+0000] {warnings.py:109} WARNING - /home/***/.local/lib/python3.9/site-packages/***/utils/session.py:97: DeprecationWarning: This method is deprecated and will be removed in future.
  return func(*args, session=session, **kwargs)

[2026-02-14T18:17:58.526+0000] {base.py:339} INFO - Success criteria met. Exiting.
[2026-02-14T18:17:58.532+0000] {taskinstance.py:341} INFO - ::group::Post task execution logs
[2026-02-14T18:17:58.533+0000] {taskinstance.py:353} INFO - Marking task as SUCCESS. dag_id=load_postgres, task_id=check_parse, run_id=scheduled__2026-02-06T10:00:00+00:00, execution_date=20260206T100000, start_date=20260214T181758, end_date=20260214T181758
[2026-02-14T18:17:58.563+0000] {local_task_job_runner.py:266} INFO - Task exited with return code 0
[2026-02-14T18:17:58.579+0000] {taskinstance.py:3901} INFO - 1 downstream tasks scheduled from follow-on schedule check
[2026-02-14T18:17:58.580+0000] {local_task_job_runner.py:245} INFO - ::endgroup::
[2026-02-16T14:44:40.241+0000] {local_task_job_runner.py:123} INFO - ::group::Pre task execution logs
[2026-02-16T14:44:40.254+0000] {taskinstance.py:2614} INFO - Dependencies all met for dep_context=non-requeueable deps ti=<TaskInstance: load_postgres.check_parse scheduled__2026-02-06T10:00:00+00:00 [queued]>
[2026-02-16T14:44:40.259+0000] {taskinstance.py:2614} INFO - Dependencies all met for dep_context=requeueable deps ti=<TaskInstance: load_postgres.check_parse scheduled__2026-02-06T10:00:00+00:00 [queued]>
[2026-02-16T14:44:40.259+0000] {taskinstance.py:2867} INFO - Starting attempt 1 of 4
[2026-02-16T14:44:40.266+0000] {taskinstance.py:2890} INFO - Executing <Task(ExternalTaskSensor): check_parse> on 2026-02-06 10:00:00+00:00
[2026-02-16T14:44:40.270+0000] {standard_task_runner.py:72} INFO - Started process 157 to run task
[2026-02-16T14:44:40.272+0000] {standard_task_runner.py:104} INFO - Running: ['***', 'tasks', 'run', 'load_postgres', 'check_parse', 'scheduled__2026-02-06T10:00:00+00:00', '--job-id', '17', '--raw', '--subdir', 'DAGS_FOLDER/load_postrges.py', '--cfg-path', '/tmp/tmph1q7qylf']
[2026-02-16T14:44:40.274+0000] {standard_task_runner.py:105} INFO - Job 17: Subtask check_parse
[2026-02-16T14:44:40.282+0000] {warnings.py:109} WARNING - /home/***/.local/lib/python3.9/site-packages/***/settings.py:209: DeprecationWarning: The sql_alchemy_conn option in [core] has been moved to the sql_alchemy_conn option in [database] - the old setting has been used, but please update your config.
  SQL_ALCHEMY_CONN = conf.get("database", "SQL_ALCHEMY_CONN")

[2026-02-16T14:44:40.304+0000] {task_command.py:467} INFO - Running <TaskInstance: load_postgres.check_parse scheduled__2026-02-06T10:00:00+00:00 [running]> on host cd96c4fa192f
[2026-02-16T14:44:40.305+0000] {warnings.py:109} WARNING - /home/***/.local/lib/python3.9/site-packages/***/settings.py:470: DeprecationWarning: The sql_alchemy_conn option in [core] has been moved to the sql_alchemy_conn option in [database] - the old setting has been used, but please update your config.
  if conf.get("database", "sql_alchemy_conn") == "none://":

[2026-02-16T14:44:40.348+0000] {taskinstance.py:3134} INFO - Exporting env vars: AIRFLOW_CTX_DAG_OWNER='a.sorokin' AIRFLOW_CTX_DAG_ID='load_postgres' AIRFLOW_CTX_TASK_ID='check_parse' AIRFLOW_CTX_EXECUTION_DATE='2026-02-06T10:00:00+00:00' AIRFLOW_CTX_TRY_NUMBER='1' AIRFLOW_CTX_DAG_RUN_ID='scheduled__2026-02-06T10:00:00+00:00'
[2026-02-16T14:44:40.349+0000] {taskinstance.py:732} INFO - ::endgroup::
[2026-02-16T14:44:40.356+0000] {baseoperator.py:423} WARNING - ExternalTaskSensor.execute cannot be called outside TaskInstance!
[2026-02-16T14:44:40.362+0000] {external_task.py:274} INFO - Poking for DAG 'parse_iot' on 2026-02-06T10:00:00+00:00 ... 
[2026-02-16T14:44:40.362+0000] {warnings.py:109} WARNING - /home/***/.local/lib/python3.9/site-packages/***/utils/session.py:97: DeprecationWarning: This method is deprecated and will be removed in future.
  return func(*args, session=session, **kwargs)

[2026-02-16T14:44:40.379+0000] {taskinstance.py:310} INFO - Rescheduling task, marking task as UP_FOR_RESCHEDULE
[2026-02-16T14:44:40.380+0000] {taskinstance.py:341} INFO - ::group::Post task execution logs
[2026-02-16T14:44:40.404+0000] {local_task_job_runner.py:266} INFO - Task exited with return code 0
[2026-02-16T14:44:40.423+0000] {taskinstance.py:3901} INFO - 0 downstream tasks scheduled from follow-on schedule check
[2026-02-16T14:44:40.424+0000] {local_task_job_runner.py:245} INFO - ::endgroup::
[2026-02-16T14:45:42.412+0000] {local_task_job_runner.py:123} INFO - ::group::Pre task execution logs
[2026-02-16T14:45:42.425+0000] {taskinstance.py:2614} INFO - Dependencies all met for dep_context=non-requeueable deps ti=<TaskInstance: load_postgres.check_parse scheduled__2026-02-06T10:00:00+00:00 [queued]>
[2026-02-16T14:45:42.431+0000] {taskinstance.py:2614} INFO - Dependencies all met for dep_context=requeueable deps ti=<TaskInstance: load_postgres.check_parse scheduled__2026-02-06T10:00:00+00:00 [queued]>
[2026-02-16T14:45:42.431+0000] {taskinstance.py:2867} INFO - Starting attempt 1 of 4
[2026-02-16T14:45:42.438+0000] {taskinstance.py:2890} INFO - Executing <Task(ExternalTaskSensor): check_parse> on 2026-02-06 10:00:00+00:00
[2026-02-16T14:45:42.443+0000] {standard_task_runner.py:72} INFO - Started process 296 to run task
[2026-02-16T14:45:42.445+0000] {standard_task_runner.py:104} INFO - Running: ['***', 'tasks', 'run', 'load_postgres', 'check_parse', 'scheduled__2026-02-06T10:00:00+00:00', '--job-id', '51', '--raw', '--subdir', 'DAGS_FOLDER/load_postrges.py', '--cfg-path', '/tmp/tmptud0ca3_']
[2026-02-16T14:45:42.446+0000] {standard_task_runner.py:105} INFO - Job 51: Subtask check_parse
[2026-02-16T14:45:42.455+0000] {warnings.py:109} WARNING - /home/***/.local/lib/python3.9/site-packages/***/settings.py:209: DeprecationWarning: The sql_alchemy_conn option in [core] has been moved to the sql_alchemy_conn option in [database] - the old setting has been used, but please update your config.
  SQL_ALCHEMY_CONN = conf.get("database", "SQL_ALCHEMY_CONN")

[2026-02-16T14:45:42.478+0000] {task_command.py:467} INFO - Running <TaskInstance: load_postgres.check_parse scheduled__2026-02-06T10:00:00+00:00 [running]> on host cd96c4fa192f
[2026-02-16T14:45:42.478+0000] {warnings.py:109} WARNING - /home/***/.local/lib/python3.9/site-packages/***/settings.py:470: DeprecationWarning: The sql_alchemy_conn option in [core] has been moved to the sql_alchemy_conn option in [database] - the old setting has been used, but please update your config.
  if conf.get("database", "sql_alchemy_conn") == "none://":

[2026-02-16T14:45:42.525+0000] {taskinstance.py:3134} INFO - Exporting env vars: AIRFLOW_CTX_DAG_OWNER='a.sorokin' AIRFLOW_CTX_DAG_ID='load_postgres' AIRFLOW_CTX_TASK_ID='check_parse' AIRFLOW_CTX_EXECUTION_DATE='2026-02-06T10:00:00+00:00' AIRFLOW_CTX_TRY_NUMBER='1' AIRFLOW_CTX_DAG_RUN_ID='scheduled__2026-02-06T10:00:00+00:00'
[2026-02-16T14:45:42.526+0000] {taskinstance.py:732} INFO - ::endgroup::
[2026-02-16T14:45:42.536+0000] {baseoperator.py:423} WARNING - ExternalTaskSensor.execute cannot be called outside TaskInstance!
[2026-02-16T14:45:42.544+0000] {external_task.py:274} INFO - Poking for DAG 'parse_iot' on 2026-02-06T10:00:00+00:00 ... 
[2026-02-16T14:45:42.545+0000] {warnings.py:109} WARNING - /home/***/.local/lib/python3.9/site-packages/***/utils/session.py:97: DeprecationWarning: This method is deprecated and will be removed in future.
  return func(*args, session=session, **kwargs)

[2026-02-16T14:45:42.566+0000] {taskinstance.py:310} INFO - Rescheduling task, marking task as UP_FOR_RESCHEDULE
[2026-02-16T14:45:42.566+0000] {taskinstance.py:341} INFO - ::group::Post task execution logs
[2026-02-16T14:45:42.577+0000] {local_task_job_runner.py:266} INFO - Task exited with return code 0
[2026-02-16T14:45:42.594+0000] {taskinstance.py:3901} INFO - 0 downstream tasks scheduled from follow-on schedule check
[2026-02-16T14:45:42.595+0000] {local_task_job_runner.py:245} INFO - ::endgroup::
[2026-02-16T14:46:43.237+0000] {local_task_job_runner.py:123} INFO - ::group::Pre task execution logs
[2026-02-16T14:46:43.254+0000] {taskinstance.py:2614} INFO - Dependencies all met for dep_context=non-requeueable deps ti=<TaskInstance: load_postgres.check_parse scheduled__2026-02-06T10:00:00+00:00 [queued]>
[2026-02-16T14:46:43.259+0000] {taskinstance.py:2614} INFO - Dependencies all met for dep_context=requeueable deps ti=<TaskInstance: load_postgres.check_parse scheduled__2026-02-06T10:00:00+00:00 [queued]>
[2026-02-16T14:46:43.260+0000] {taskinstance.py:2867} INFO - Starting attempt 1 of 4
[2026-02-16T14:46:43.267+0000] {taskinstance.py:2890} INFO - Executing <Task(ExternalTaskSensor): check_parse> on 2026-02-06 10:00:00+00:00
[2026-02-16T14:46:43.272+0000] {standard_task_runner.py:72} INFO - Started process 466 to run task
[2026-02-16T14:46:43.274+0000] {standard_task_runner.py:104} INFO - Running: ['***', 'tasks', 'run', 'load_postgres', 'check_parse', 'scheduled__2026-02-06T10:00:00+00:00', '--job-id', '94', '--raw', '--subdir', 'DAGS_FOLDER/load_postrges.py', '--cfg-path', '/tmp/tmp0wg0gn2e']
[2026-02-16T14:46:43.275+0000] {standard_task_runner.py:105} INFO - Job 94: Subtask check_parse
[2026-02-16T14:46:43.284+0000] {warnings.py:109} WARNING - /home/***/.local/lib/python3.9/site-packages/***/settings.py:209: DeprecationWarning: The sql_alchemy_conn option in [core] has been moved to the sql_alchemy_conn option in [database] - the old setting has been used, but please update your config.
  SQL_ALCHEMY_CONN = conf.get("database", "SQL_ALCHEMY_CONN")

[2026-02-16T14:46:43.307+0000] {task_command.py:467} INFO - Running <TaskInstance: load_postgres.check_parse scheduled__2026-02-06T10:00:00+00:00 [running]> on host cd96c4fa192f
[2026-02-16T14:46:43.307+0000] {warnings.py:109} WARNING - /home/***/.local/lib/python3.9/site-packages/***/settings.py:470: DeprecationWarning: The sql_alchemy_conn option in [core] has been moved to the sql_alchemy_conn option in [database] - the old setting has been used, but please update your config.
  if conf.get("database", "sql_alchemy_conn") == "none://":

[2026-02-16T14:46:43.350+0000] {taskinstance.py:3134} INFO - Exporting env vars: AIRFLOW_CTX_DAG_OWNER='a.sorokin' AIRFLOW_CTX_DAG_ID='load_postgres' AIRFLOW_CTX_TASK_ID='check_parse' AIRFLOW_CTX_EXECUTION_DATE='2026-02-06T10:00:00+00:00' AIRFLOW_CTX_TRY_NUMBER='1' AIRFLOW_CTX_DAG_RUN_ID='scheduled__2026-02-06T10:00:00+00:00'
[2026-02-16T14:46:43.351+0000] {taskinstance.py:732} INFO - ::endgroup::
[2026-02-16T14:46:43.358+0000] {baseoperator.py:423} WARNING - ExternalTaskSensor.execute cannot be called outside TaskInstance!
[2026-02-16T14:46:43.363+0000] {external_task.py:274} INFO - Poking for DAG 'parse_iot' on 2026-02-06T10:00:00+00:00 ... 
[2026-02-16T14:46:43.364+0000] {warnings.py:109} WARNING - /home/***/.local/lib/python3.9/site-packages/***/utils/session.py:97: DeprecationWarning: This method is deprecated and will be removed in future.
  return func(*args, session=session, **kwargs)

[2026-02-16T14:46:43.386+0000] {taskinstance.py:310} INFO - Rescheduling task, marking task as UP_FOR_RESCHEDULE
[2026-02-16T14:46:43.386+0000] {taskinstance.py:341} INFO - ::group::Post task execution logs
[2026-02-16T14:46:43.405+0000] {local_task_job_runner.py:266} INFO - Task exited with return code 0
[2026-02-16T14:46:43.423+0000] {taskinstance.py:3901} INFO - 0 downstream tasks scheduled from follow-on schedule check
[2026-02-16T14:46:43.424+0000] {local_task_job_runner.py:245} INFO - ::endgroup::
[2026-02-16T14:47:45.484+0000] {local_task_job_runner.py:123} INFO - ::group::Pre task execution logs
[2026-02-16T14:47:45.497+0000] {taskinstance.py:2614} INFO - Dependencies all met for dep_context=non-requeueable deps ti=<TaskInstance: load_postgres.check_parse scheduled__2026-02-06T10:00:00+00:00 [queued]>
[2026-02-16T14:47:45.503+0000] {taskinstance.py:2614} INFO - Dependencies all met for dep_context=requeueable deps ti=<TaskInstance: load_postgres.check_parse scheduled__2026-02-06T10:00:00+00:00 [queued]>
[2026-02-16T14:47:45.503+0000] {taskinstance.py:2867} INFO - Starting attempt 1 of 4
[2026-02-16T14:47:45.510+0000] {taskinstance.py:2890} INFO - Executing <Task(ExternalTaskSensor): check_parse> on 2026-02-06 10:00:00+00:00
[2026-02-16T14:47:45.514+0000] {standard_task_runner.py:72} INFO - Started process 562 to run task
[2026-02-16T14:47:45.516+0000] {standard_task_runner.py:104} INFO - Running: ['***', 'tasks', 'run', 'load_postgres', 'check_parse', 'scheduled__2026-02-06T10:00:00+00:00', '--job-id', '118', '--raw', '--subdir', 'DAGS_FOLDER/load_postrges.py', '--cfg-path', '/tmp/tmpxyy98vm7']
[2026-02-16T14:47:45.518+0000] {standard_task_runner.py:105} INFO - Job 118: Subtask check_parse
[2026-02-16T14:47:45.526+0000] {warnings.py:109} WARNING - /home/***/.local/lib/python3.9/site-packages/***/settings.py:209: DeprecationWarning: The sql_alchemy_conn option in [core] has been moved to the sql_alchemy_conn option in [database] - the old setting has been used, but please update your config.
  SQL_ALCHEMY_CONN = conf.get("database", "SQL_ALCHEMY_CONN")

[2026-02-16T14:47:45.548+0000] {task_command.py:467} INFO - Running <TaskInstance: load_postgres.check_parse scheduled__2026-02-06T10:00:00+00:00 [running]> on host cd96c4fa192f
[2026-02-16T14:47:45.549+0000] {warnings.py:109} WARNING - /home/***/.local/lib/python3.9/site-packages/***/settings.py:470: DeprecationWarning: The sql_alchemy_conn option in [core] has been moved to the sql_alchemy_conn option in [database] - the old setting has been used, but please update your config.
  if conf.get("database", "sql_alchemy_conn") == "none://":

[2026-02-16T14:47:45.592+0000] {taskinstance.py:3134} INFO - Exporting env vars: AIRFLOW_CTX_DAG_OWNER='a.sorokin' AIRFLOW_CTX_DAG_ID='load_postgres' AIRFLOW_CTX_TASK_ID='check_parse' AIRFLOW_CTX_EXECUTION_DATE='2026-02-06T10:00:00+00:00' AIRFLOW_CTX_TRY_NUMBER='1' AIRFLOW_CTX_DAG_RUN_ID='scheduled__2026-02-06T10:00:00+00:00'
[2026-02-16T14:47:45.592+0000] {taskinstance.py:732} INFO - ::endgroup::
[2026-02-16T14:47:45.600+0000] {baseoperator.py:423} WARNING - ExternalTaskSensor.execute cannot be called outside TaskInstance!
[2026-02-16T14:47:45.606+0000] {external_task.py:274} INFO - Poking for DAG 'parse_iot' on 2026-02-06T10:00:00+00:00 ... 
[2026-02-16T14:47:45.606+0000] {warnings.py:109} WARNING - /home/***/.local/lib/python3.9/site-packages/***/utils/session.py:97: DeprecationWarning: This method is deprecated and will be removed in future.
  return func(*args, session=session, **kwargs)

[2026-02-16T14:47:45.628+0000] {taskinstance.py:310} INFO - Rescheduling task, marking task as UP_FOR_RESCHEDULE
[2026-02-16T14:47:45.629+0000] {taskinstance.py:341} INFO - ::group::Post task execution logs
[2026-02-16T14:47:45.648+0000] {local_task_job_runner.py:266} INFO - Task exited with return code 0
[2026-02-16T14:47:45.665+0000] {taskinstance.py:3901} INFO - 0 downstream tasks scheduled from follow-on schedule check
[2026-02-16T14:47:45.666+0000] {local_task_job_runner.py:245} INFO - ::endgroup::
[2026-02-16T14:48:47.526+0000] {local_task_job_runner.py:123} INFO - ::group::Pre task execution logs
[2026-02-16T14:48:47.541+0000] {taskinstance.py:2614} INFO - Dependencies all met for dep_context=non-requeueable deps ti=<TaskInstance: load_postgres.check_parse scheduled__2026-02-06T10:00:00+00:00 [queued]>
[2026-02-16T14:48:47.547+0000] {taskinstance.py:2614} INFO - Dependencies all met for dep_context=requeueable deps ti=<TaskInstance: load_postgres.check_parse scheduled__2026-02-06T10:00:00+00:00 [queued]>
[2026-02-16T14:48:47.547+0000] {taskinstance.py:2867} INFO - Starting attempt 1 of 4
[2026-02-16T14:48:47.555+0000] {taskinstance.py:2890} INFO - Executing <Task(ExternalTaskSensor): check_parse> on 2026-02-06 10:00:00+00:00
[2026-02-16T14:48:47.560+0000] {standard_task_runner.py:72} INFO - Started process 658 to run task
[2026-02-16T14:48:47.562+0000] {standard_task_runner.py:104} INFO - Running: ['***', 'tasks', 'run', 'load_postgres', 'check_parse', 'scheduled__2026-02-06T10:00:00+00:00', '--job-id', '142', '--raw', '--subdir', 'DAGS_FOLDER/load_postrges.py', '--cfg-path', '/tmp/tmp4wtvm9ym']
[2026-02-16T14:48:47.563+0000] {standard_task_runner.py:105} INFO - Job 142: Subtask check_parse
[2026-02-16T14:48:47.572+0000] {warnings.py:109} WARNING - /home/***/.local/lib/python3.9/site-packages/***/settings.py:209: DeprecationWarning: The sql_alchemy_conn option in [core] has been moved to the sql_alchemy_conn option in [database] - the old setting has been used, but please update your config.
  SQL_ALCHEMY_CONN = conf.get("database", "SQL_ALCHEMY_CONN")

[2026-02-16T14:48:47.597+0000] {task_command.py:467} INFO - Running <TaskInstance: load_postgres.check_parse scheduled__2026-02-06T10:00:00+00:00 [running]> on host cd96c4fa192f
[2026-02-16T14:48:47.597+0000] {warnings.py:109} WARNING - /home/***/.local/lib/python3.9/site-packages/***/settings.py:470: DeprecationWarning: The sql_alchemy_conn option in [core] has been moved to the sql_alchemy_conn option in [database] - the old setting has been used, but please update your config.
  if conf.get("database", "sql_alchemy_conn") == "none://":

[2026-02-16T14:48:47.643+0000] {taskinstance.py:3134} INFO - Exporting env vars: AIRFLOW_CTX_DAG_OWNER='a.sorokin' AIRFLOW_CTX_DAG_ID='load_postgres' AIRFLOW_CTX_TASK_ID='check_parse' AIRFLOW_CTX_EXECUTION_DATE='2026-02-06T10:00:00+00:00' AIRFLOW_CTX_TRY_NUMBER='1' AIRFLOW_CTX_DAG_RUN_ID='scheduled__2026-02-06T10:00:00+00:00'
[2026-02-16T14:48:47.643+0000] {taskinstance.py:732} INFO - ::endgroup::
[2026-02-16T14:48:47.651+0000] {baseoperator.py:423} WARNING - ExternalTaskSensor.execute cannot be called outside TaskInstance!
[2026-02-16T14:48:47.657+0000] {external_task.py:274} INFO - Poking for DAG 'parse_iot' on 2026-02-06T10:00:00+00:00 ... 
[2026-02-16T14:48:47.658+0000] {warnings.py:109} WARNING - /home/***/.local/lib/python3.9/site-packages/***/utils/session.py:97: DeprecationWarning: This method is deprecated and will be removed in future.
  return func(*args, session=session, **kwargs)

[2026-02-16T14:48:47.676+0000] {taskinstance.py:310} INFO - Rescheduling task, marking task as UP_FOR_RESCHEDULE
[2026-02-16T14:48:47.676+0000] {taskinstance.py:341} INFO - ::group::Post task execution logs
[2026-02-16T14:48:47.693+0000] {local_task_job_runner.py:266} INFO - Task exited with return code 0
[2026-02-16T14:48:47.714+0000] {taskinstance.py:3901} INFO - 0 downstream tasks scheduled from follow-on schedule check
[2026-02-16T14:48:47.715+0000] {local_task_job_runner.py:245} INFO - ::endgroup::
