[2026-02-16T14:49:50.846+0000] {local_task_job_runner.py:123} INFO - ::group::Pre task execution logs
[2026-02-16T14:49:50.862+0000] {taskinstance.py:2614} INFO - Dependencies all met for dep_context=non-requeueable deps ti=<TaskInstance: parse_iot.sort_in_out scheduled__2026-02-15T10:00:00+00:00 [queued]>
[2026-02-16T14:49:50.869+0000] {taskinstance.py:2614} INFO - Dependencies all met for dep_context=requeueable deps ti=<TaskInstance: parse_iot.sort_in_out scheduled__2026-02-15T10:00:00+00:00 [queued]>
[2026-02-16T14:49:50.869+0000] {taskinstance.py:2867} INFO - Starting attempt 1 of 4
[2026-02-16T14:49:50.875+0000] {taskinstance.py:2890} INFO - Executing <Task(PythonOperator): sort_in_out> on 2026-02-15 10:00:00+00:00
[2026-02-16T14:49:50.880+0000] {standard_task_runner.py:72} INFO - Started process 806 to run task
[2026-02-16T14:49:50.882+0000] {standard_task_runner.py:104} INFO - Running: ['***', 'tasks', 'run', 'parse_iot', 'sort_in_out', 'scheduled__2026-02-15T10:00:00+00:00', '--job-id', '179', '--raw', '--subdir', 'DAGS_FOLDER/parse_iot.py', '--cfg-path', '/tmp/tmpapb6w14b']
[2026-02-16T14:49:50.884+0000] {standard_task_runner.py:105} INFO - Job 179: Subtask sort_in_out
[2026-02-16T14:49:50.892+0000] {warnings.py:109} WARNING - /home/***/.local/lib/python3.9/site-packages/***/settings.py:209: DeprecationWarning: The sql_alchemy_conn option in [core] has been moved to the sql_alchemy_conn option in [database] - the old setting has been used, but please update your config.
  SQL_ALCHEMY_CONN = conf.get("database", "SQL_ALCHEMY_CONN")

[2026-02-16T14:49:50.912+0000] {task_command.py:467} INFO - Running <TaskInstance: parse_iot.sort_in_out scheduled__2026-02-15T10:00:00+00:00 [running]> on host cd96c4fa192f
[2026-02-16T14:49:50.913+0000] {warnings.py:109} WARNING - /home/***/.local/lib/python3.9/site-packages/***/settings.py:470: DeprecationWarning: The sql_alchemy_conn option in [core] has been moved to the sql_alchemy_conn option in [database] - the old setting has been used, but please update your config.
  if conf.get("database", "sql_alchemy_conn") == "none://":

[2026-02-16T14:49:50.962+0000] {taskinstance.py:3134} INFO - Exporting env vars: AIRFLOW_CTX_DAG_OWNER='a.sorokin' AIRFLOW_CTX_DAG_ID='parse_iot' AIRFLOW_CTX_TASK_ID='sort_in_out' AIRFLOW_CTX_EXECUTION_DATE='2026-02-15T10:00:00+00:00' AIRFLOW_CTX_TRY_NUMBER='1' AIRFLOW_CTX_DAG_RUN_ID='scheduled__2026-02-15T10:00:00+00:00'
[2026-02-16T14:49:50.962+0000] {taskinstance.py:732} INFO - ::endgroup::
[2026-02-16T14:49:50.969+0000] {parse_iot.py:102} INFO - text
[2026-02-16T14:49:50.969+0000] {python.py:240} INFO - Done. Returned value was: None
[2026-02-16T14:49:50.976+0000] {taskinstance.py:341} INFO - ::group::Post task execution logs
[2026-02-16T14:49:50.976+0000] {taskinstance.py:353} INFO - Marking task as SUCCESS. dag_id=parse_iot, task_id=sort_in_out, run_id=scheduled__2026-02-15T10:00:00+00:00, execution_date=20260215T100000, start_date=20260216T144950, end_date=20260216T144950
[2026-02-16T14:49:51.014+0000] {local_task_job_runner.py:266} INFO - Task exited with return code 0
[2026-02-16T14:49:51.031+0000] {taskinstance.py:3901} INFO - 0 downstream tasks scheduled from follow-on schedule check
[2026-02-16T14:49:51.032+0000] {local_task_job_runner.py:245} INFO - ::endgroup::
[2026-02-16T15:19:38.102+0000] {local_task_job_runner.py:123} INFO - ::group::Pre task execution logs
[2026-02-16T15:19:38.123+0000] {taskinstance.py:2614} INFO - Dependencies all met for dep_context=non-requeueable deps ti=<TaskInstance: parse_iot.sort_in_out scheduled__2026-02-15T10:00:00+00:00 [queued]>
[2026-02-16T15:19:38.135+0000] {taskinstance.py:2614} INFO - Dependencies all met for dep_context=requeueable deps ti=<TaskInstance: parse_iot.sort_in_out scheduled__2026-02-15T10:00:00+00:00 [queued]>
[2026-02-16T15:19:38.135+0000] {taskinstance.py:2867} INFO - Starting attempt 1 of 4
[2026-02-16T15:19:38.145+0000] {taskinstance.py:2890} INFO - Executing <Task(PythonOperator): sort_in_out> on 2026-02-15 10:00:00+00:00
[2026-02-16T15:19:38.151+0000] {standard_task_runner.py:72} INFO - Started process 755 to run task
[2026-02-16T15:19:38.153+0000] {standard_task_runner.py:104} INFO - Running: ['***', 'tasks', 'run', 'parse_iot', 'sort_in_out', 'scheduled__2026-02-15T10:00:00+00:00', '--job-id', '172', '--raw', '--subdir', 'DAGS_FOLDER/parse_iot.py', '--cfg-path', '/tmp/tmp8g1zjos0']
[2026-02-16T15:19:38.154+0000] {standard_task_runner.py:105} INFO - Job 172: Subtask sort_in_out
[2026-02-16T15:19:38.166+0000] {warnings.py:109} WARNING - /home/***/.local/lib/python3.9/site-packages/***/settings.py:209: DeprecationWarning: The sql_alchemy_conn option in [core] has been moved to the sql_alchemy_conn option in [database] - the old setting has been used, but please update your config.
  SQL_ALCHEMY_CONN = conf.get("database", "SQL_ALCHEMY_CONN")

[2026-02-16T15:19:38.193+0000] {task_command.py:467} INFO - Running <TaskInstance: parse_iot.sort_in_out scheduled__2026-02-15T10:00:00+00:00 [running]> on host fbd3e38838e9
[2026-02-16T15:19:38.194+0000] {warnings.py:109} WARNING - /home/***/.local/lib/python3.9/site-packages/***/settings.py:470: DeprecationWarning: The sql_alchemy_conn option in [core] has been moved to the sql_alchemy_conn option in [database] - the old setting has been used, but please update your config.
  if conf.get("database", "sql_alchemy_conn") == "none://":

[2026-02-16T15:19:38.251+0000] {taskinstance.py:3134} INFO - Exporting env vars: AIRFLOW_CTX_DAG_OWNER='a.sorokin' AIRFLOW_CTX_DAG_ID='parse_iot' AIRFLOW_CTX_TASK_ID='sort_in_out' AIRFLOW_CTX_EXECUTION_DATE='2026-02-15T10:00:00+00:00' AIRFLOW_CTX_TRY_NUMBER='1' AIRFLOW_CTX_DAG_RUN_ID='scheduled__2026-02-15T10:00:00+00:00'
[2026-02-16T15:19:38.252+0000] {taskinstance.py:732} INFO - ::endgroup::
[2026-02-16T15:19:38.260+0000] {parse_iot.py:102} INFO - text
[2026-02-16T15:19:38.260+0000] {python.py:240} INFO - Done. Returned value was: None
[2026-02-16T15:19:38.268+0000] {taskinstance.py:341} INFO - ::group::Post task execution logs
[2026-02-16T15:19:38.268+0000] {taskinstance.py:353} INFO - Marking task as SUCCESS. dag_id=parse_iot, task_id=sort_in_out, run_id=scheduled__2026-02-15T10:00:00+00:00, execution_date=20260215T100000, start_date=20260216T151938, end_date=20260216T151938
[2026-02-16T15:19:38.325+0000] {local_task_job_runner.py:266} INFO - Task exited with return code 0
[2026-02-16T15:19:38.347+0000] {taskinstance.py:3901} INFO - 0 downstream tasks scheduled from follow-on schedule check
[2026-02-16T15:19:38.352+0000] {local_task_job_runner.py:245} INFO - ::endgroup::
[2026-02-16T15:47:29.555+0000] {local_task_job_runner.py:123} INFO - ::group::Pre task execution logs
[2026-02-16T15:47:29.575+0000] {taskinstance.py:2614} INFO - Dependencies all met for dep_context=non-requeueable deps ti=<TaskInstance: parse_iot.sort_in_out scheduled__2026-02-15T10:00:00+00:00 [queued]>
[2026-02-16T15:47:29.583+0000] {taskinstance.py:2614} INFO - Dependencies all met for dep_context=requeueable deps ti=<TaskInstance: parse_iot.sort_in_out scheduled__2026-02-15T10:00:00+00:00 [queued]>
[2026-02-16T15:47:29.583+0000] {taskinstance.py:2867} INFO - Starting attempt 1 of 4
[2026-02-16T15:47:29.591+0000] {taskinstance.py:2890} INFO - Executing <Task(PythonOperator): sort_in_out> on 2026-02-15 10:00:00+00:00
[2026-02-16T15:47:29.596+0000] {standard_task_runner.py:72} INFO - Started process 763 to run task
[2026-02-16T15:47:29.598+0000] {standard_task_runner.py:104} INFO - Running: ['***', 'tasks', 'run', 'parse_iot', 'sort_in_out', 'scheduled__2026-02-15T10:00:00+00:00', '--job-id', '174', '--raw', '--subdir', 'DAGS_FOLDER/parse_iot.py', '--cfg-path', '/tmp/tmphnl4cn_f']
[2026-02-16T15:47:29.600+0000] {standard_task_runner.py:105} INFO - Job 174: Subtask sort_in_out
[2026-02-16T15:47:29.609+0000] {warnings.py:109} WARNING - /home/***/.local/lib/python3.9/site-packages/***/settings.py:209: DeprecationWarning: The sql_alchemy_conn option in [core] has been moved to the sql_alchemy_conn option in [database] - the old setting has been used, but please update your config.
  SQL_ALCHEMY_CONN = conf.get("database", "SQL_ALCHEMY_CONN")

[2026-02-16T15:47:29.632+0000] {task_command.py:467} INFO - Running <TaskInstance: parse_iot.sort_in_out scheduled__2026-02-15T10:00:00+00:00 [running]> on host 6ef9a94e694d
[2026-02-16T15:47:29.632+0000] {warnings.py:109} WARNING - /home/***/.local/lib/python3.9/site-packages/***/settings.py:470: DeprecationWarning: The sql_alchemy_conn option in [core] has been moved to the sql_alchemy_conn option in [database] - the old setting has been used, but please update your config.
  if conf.get("database", "sql_alchemy_conn") == "none://":

[2026-02-16T15:47:29.683+0000] {taskinstance.py:3134} INFO - Exporting env vars: AIRFLOW_CTX_DAG_OWNER='a.sorokin' AIRFLOW_CTX_DAG_ID='parse_iot' AIRFLOW_CTX_TASK_ID='sort_in_out' AIRFLOW_CTX_EXECUTION_DATE='2026-02-15T10:00:00+00:00' AIRFLOW_CTX_TRY_NUMBER='1' AIRFLOW_CTX_DAG_RUN_ID='scheduled__2026-02-15T10:00:00+00:00'
[2026-02-16T15:47:29.684+0000] {taskinstance.py:732} INFO - ::endgroup::
[2026-02-16T15:47:29.692+0000] {parse_iot.py:102} INFO - text
[2026-02-16T15:47:29.692+0000] {python.py:240} INFO - Done. Returned value was: None
[2026-02-16T15:47:29.699+0000] {taskinstance.py:341} INFO - ::group::Post task execution logs
[2026-02-16T15:47:29.700+0000] {taskinstance.py:353} INFO - Marking task as SUCCESS. dag_id=parse_iot, task_id=sort_in_out, run_id=scheduled__2026-02-15T10:00:00+00:00, execution_date=20260215T100000, start_date=20260216T154729, end_date=20260216T154729
[2026-02-16T15:47:29.730+0000] {local_task_job_runner.py:266} INFO - Task exited with return code 0
[2026-02-16T15:47:29.748+0000] {taskinstance.py:3901} INFO - 0 downstream tasks scheduled from follow-on schedule check
[2026-02-16T15:47:29.749+0000] {local_task_job_runner.py:245} INFO - ::endgroup::
