[2026-02-02T14:40:33.634+0000] {local_task_job_runner.py:123} INFO - ::group::Pre task execution logs
[2026-02-02T14:40:33.650+0000] {taskinstance.py:2614} INFO - Dependencies all met for dep_context=non-requeueable deps ti=<TaskInstance: parse_iot.parse_data manual__2026-02-02T14:37:26.092251+00:00 [queued]>
[2026-02-02T14:40:33.658+0000] {taskinstance.py:2614} INFO - Dependencies all met for dep_context=requeueable deps ti=<TaskInstance: parse_iot.parse_data manual__2026-02-02T14:37:26.092251+00:00 [queued]>
[2026-02-02T14:40:33.658+0000] {taskinstance.py:2867} INFO - Starting attempt 2 of 5
[2026-02-02T14:40:33.664+0000] {taskinstance.py:2890} INFO - Executing <Task(ExternalTaskSensor): parse_data> on 2026-02-02 14:37:26.092251+00:00
[2026-02-02T14:40:33.668+0000] {standard_task_runner.py:72} INFO - Started process 161 to run task
[2026-02-02T14:40:33.670+0000] {standard_task_runner.py:104} INFO - Running: ['***', 'tasks', 'run', 'parse_iot', 'parse_data', 'manual__2026-02-02T14:37:26.092251+00:00', '--job-id', '52', '--raw', '--subdir', 'DAGS_FOLDER/parse_iot.py', '--cfg-path', '/tmp/tmpr2eww7r6']
[2026-02-02T14:40:33.672+0000] {standard_task_runner.py:105} INFO - Job 52: Subtask parse_data
[2026-02-02T14:40:33.680+0000] {warnings.py:109} WARNING - /home/***/.local/lib/python3.9/site-packages/***/settings.py:209: DeprecationWarning: The sql_alchemy_conn option in [core] has been moved to the sql_alchemy_conn option in [database] - the old setting has been used, but please update your config.
  SQL_ALCHEMY_CONN = conf.get("database", "SQL_ALCHEMY_CONN")

[2026-02-02T14:40:33.701+0000] {task_command.py:467} INFO - Running <TaskInstance: parse_iot.parse_data manual__2026-02-02T14:37:26.092251+00:00 [running]> on host 62d0328142ca
[2026-02-02T14:40:33.748+0000] {taskinstance.py:3134} INFO - Exporting env vars: AIRFLOW_CTX_DAG_OWNER='a.sorokin' AIRFLOW_CTX_DAG_ID='parse_iot' AIRFLOW_CTX_TASK_ID='parse_data' AIRFLOW_CTX_EXECUTION_DATE='2026-02-02T14:37:26.092251+00:00' AIRFLOW_CTX_TRY_NUMBER='2' AIRFLOW_CTX_DAG_RUN_ID='manual__2026-02-02T14:37:26.092251+00:00'
[2026-02-02T14:40:33.748+0000] {taskinstance.py:732} INFO - ::endgroup::
[2026-02-02T14:40:33.756+0000] {baseoperator.py:423} WARNING - ExternalTaskSensor.execute cannot be called outside TaskInstance!
[2026-02-02T14:40:33.762+0000] {external_task.py:274} INFO - Poking for DAG 'download_iot' on 2026-02-02T14:37:26.092251+00:00 ... 
[2026-02-02T14:40:33.762+0000] {warnings.py:109} WARNING - /home/***/.local/lib/python3.9/site-packages/***/utils/session.py:97: DeprecationWarning: This method is deprecated and will be removed in future.
  return func(*args, session=session, **kwargs)

[2026-02-02T14:40:33.784+0000] {taskinstance.py:310} INFO - Rescheduling task, marking task as UP_FOR_RESCHEDULE
[2026-02-02T14:40:33.784+0000] {taskinstance.py:341} INFO - ::group::Post task execution logs
[2026-02-02T14:40:33.802+0000] {local_task_job_runner.py:266} INFO - Task exited with return code 0
[2026-02-02T14:40:33.821+0000] {taskinstance.py:3901} INFO - 0 downstream tasks scheduled from follow-on schedule check
[2026-02-02T14:40:33.822+0000] {local_task_job_runner.py:245} INFO - ::endgroup::
[2026-02-02T14:41:35.000+0000] {local_task_job_runner.py:123} INFO - ::group::Pre task execution logs
[2026-02-02T14:41:35.018+0000] {taskinstance.py:2614} INFO - Dependencies all met for dep_context=non-requeueable deps ti=<TaskInstance: parse_iot.parse_data manual__2026-02-02T14:37:26.092251+00:00 [queued]>
[2026-02-02T14:41:35.025+0000] {taskinstance.py:2614} INFO - Dependencies all met for dep_context=requeueable deps ti=<TaskInstance: parse_iot.parse_data manual__2026-02-02T14:37:26.092251+00:00 [queued]>
[2026-02-02T14:41:35.026+0000] {taskinstance.py:2867} INFO - Starting attempt 2 of 5
[2026-02-02T14:41:35.033+0000] {taskinstance.py:2890} INFO - Executing <Task(ExternalTaskSensor): parse_data> on 2026-02-02 14:37:26.092251+00:00
[2026-02-02T14:41:35.037+0000] {standard_task_runner.py:72} INFO - Started process 170 to run task
[2026-02-02T14:41:35.039+0000] {standard_task_runner.py:104} INFO - Running: ['***', 'tasks', 'run', 'parse_iot', 'parse_data', 'manual__2026-02-02T14:37:26.092251+00:00', '--job-id', '55', '--raw', '--subdir', 'DAGS_FOLDER/parse_iot.py', '--cfg-path', '/tmp/tmpk6bykfqr']
[2026-02-02T14:41:35.041+0000] {standard_task_runner.py:105} INFO - Job 55: Subtask parse_data
[2026-02-02T14:41:35.049+0000] {warnings.py:109} WARNING - /home/***/.local/lib/python3.9/site-packages/***/settings.py:209: DeprecationWarning: The sql_alchemy_conn option in [core] has been moved to the sql_alchemy_conn option in [database] - the old setting has been used, but please update your config.
  SQL_ALCHEMY_CONN = conf.get("database", "SQL_ALCHEMY_CONN")

[2026-02-02T14:41:35.070+0000] {task_command.py:467} INFO - Running <TaskInstance: parse_iot.parse_data manual__2026-02-02T14:37:26.092251+00:00 [running]> on host 62d0328142ca
[2026-02-02T14:41:35.117+0000] {taskinstance.py:3134} INFO - Exporting env vars: AIRFLOW_CTX_DAG_OWNER='a.sorokin' AIRFLOW_CTX_DAG_ID='parse_iot' AIRFLOW_CTX_TASK_ID='parse_data' AIRFLOW_CTX_EXECUTION_DATE='2026-02-02T14:37:26.092251+00:00' AIRFLOW_CTX_TRY_NUMBER='2' AIRFLOW_CTX_DAG_RUN_ID='manual__2026-02-02T14:37:26.092251+00:00'
[2026-02-02T14:41:35.117+0000] {taskinstance.py:732} INFO - ::endgroup::
[2026-02-02T14:41:35.125+0000] {baseoperator.py:423} WARNING - ExternalTaskSensor.execute cannot be called outside TaskInstance!
[2026-02-02T14:41:35.131+0000] {external_task.py:274} INFO - Poking for DAG 'download_iot' on 2026-02-02T14:37:26.092251+00:00 ... 
[2026-02-02T14:41:35.131+0000] {warnings.py:109} WARNING - /home/***/.local/lib/python3.9/site-packages/***/utils/session.py:97: DeprecationWarning: This method is deprecated and will be removed in future.
  return func(*args, session=session, **kwargs)

[2026-02-02T14:41:35.147+0000] {taskinstance.py:310} INFO - Rescheduling task, marking task as UP_FOR_RESCHEDULE
[2026-02-02T14:41:35.148+0000] {taskinstance.py:341} INFO - ::group::Post task execution logs
[2026-02-02T14:41:35.171+0000] {local_task_job_runner.py:266} INFO - Task exited with return code 0
[2026-02-02T14:41:35.190+0000] {taskinstance.py:3901} INFO - 0 downstream tasks scheduled from follow-on schedule check
[2026-02-02T14:41:35.192+0000] {local_task_job_runner.py:245} INFO - ::endgroup::
