[2026-02-02T14:37:28.128+0000] {local_task_job_runner.py:123} INFO - ::group::Pre task execution logs
[2026-02-02T14:37:28.146+0000] {taskinstance.py:2614} INFO - Dependencies all met for dep_context=non-requeueable deps ti=<TaskInstance: parse_iot.parse_data manual__2026-02-02T14:37:26.092251+00:00 [queued]>
[2026-02-02T14:37:28.154+0000] {taskinstance.py:2614} INFO - Dependencies all met for dep_context=requeueable deps ti=<TaskInstance: parse_iot.parse_data manual__2026-02-02T14:37:26.092251+00:00 [queued]>
[2026-02-02T14:37:28.155+0000] {taskinstance.py:2867} INFO - Starting attempt 1 of 4
[2026-02-02T14:37:28.162+0000] {taskinstance.py:2890} INFO - Executing <Task(ExternalTaskSensor): parse_data> on 2026-02-02 14:37:26.092251+00:00
[2026-02-02T14:37:28.166+0000] {standard_task_runner.py:72} INFO - Started process 125 to run task
[2026-02-02T14:37:28.168+0000] {standard_task_runner.py:104} INFO - Running: ['***', 'tasks', 'run', 'parse_iot', 'parse_data', 'manual__2026-02-02T14:37:26.092251+00:00', '--job-id', '41', '--raw', '--subdir', 'DAGS_FOLDER/parse_iot.py', '--cfg-path', '/tmp/tmp3kr6_e1y']
[2026-02-02T14:37:28.169+0000] {standard_task_runner.py:105} INFO - Job 41: Subtask parse_data
[2026-02-02T14:37:28.178+0000] {warnings.py:109} WARNING - /home/***/.local/lib/python3.9/site-packages/***/settings.py:209: DeprecationWarning: The sql_alchemy_conn option in [core] has been moved to the sql_alchemy_conn option in [database] - the old setting has been used, but please update your config.
  SQL_ALCHEMY_CONN = conf.get("database", "SQL_ALCHEMY_CONN")

[2026-02-02T14:37:28.199+0000] {task_command.py:467} INFO - Running <TaskInstance: parse_iot.parse_data manual__2026-02-02T14:37:26.092251+00:00 [running]> on host 62d0328142ca
[2026-02-02T14:37:28.251+0000] {taskinstance.py:3134} INFO - Exporting env vars: AIRFLOW_CTX_DAG_OWNER='a.sorokin' AIRFLOW_CTX_DAG_ID='parse_iot' AIRFLOW_CTX_TASK_ID='parse_data' AIRFLOW_CTX_EXECUTION_DATE='2026-02-02T14:37:26.092251+00:00' AIRFLOW_CTX_TRY_NUMBER='1' AIRFLOW_CTX_DAG_RUN_ID='manual__2026-02-02T14:37:26.092251+00:00'
[2026-02-02T14:37:28.251+0000] {taskinstance.py:732} INFO - ::endgroup::
[2026-02-02T14:37:28.260+0000] {baseoperator.py:423} WARNING - ExternalTaskSensor.execute cannot be called outside TaskInstance!
[2026-02-02T14:37:28.266+0000] {external_task.py:274} INFO - Poking for DAG 'download_iot' on 2026-02-02T14:37:26.092251+00:00 ... 
[2026-02-02T14:37:28.267+0000] {warnings.py:109} WARNING - /home/***/.local/lib/python3.9/site-packages/***/utils/session.py:97: DeprecationWarning: This method is deprecated and will be removed in future.
  return func(*args, session=session, **kwargs)

[2026-02-02T14:37:28.284+0000] {taskinstance.py:310} INFO - Rescheduling task, marking task as UP_FOR_RESCHEDULE
[2026-02-02T14:37:28.284+0000] {taskinstance.py:341} INFO - ::group::Post task execution logs
[2026-02-02T14:37:28.300+0000] {local_task_job_runner.py:266} INFO - Task exited with return code 0
[2026-02-02T14:37:28.319+0000] {taskinstance.py:3901} INFO - 0 downstream tasks scheduled from follow-on schedule check
[2026-02-02T14:37:28.320+0000] {local_task_job_runner.py:245} INFO - ::endgroup::
[2026-02-02T14:38:29.458+0000] {local_task_job_runner.py:123} INFO - ::group::Pre task execution logs
[2026-02-02T14:38:29.475+0000] {taskinstance.py:2614} INFO - Dependencies all met for dep_context=non-requeueable deps ti=<TaskInstance: parse_iot.parse_data manual__2026-02-02T14:37:26.092251+00:00 [queued]>
[2026-02-02T14:38:29.482+0000] {taskinstance.py:2614} INFO - Dependencies all met for dep_context=requeueable deps ti=<TaskInstance: parse_iot.parse_data manual__2026-02-02T14:37:26.092251+00:00 [queued]>
[2026-02-02T14:38:29.482+0000] {taskinstance.py:2867} INFO - Starting attempt 1 of 4
[2026-02-02T14:38:29.488+0000] {taskinstance.py:2890} INFO - Executing <Task(ExternalTaskSensor): parse_data> on 2026-02-02 14:37:26.092251+00:00
[2026-02-02T14:38:29.492+0000] {standard_task_runner.py:72} INFO - Started process 143 to run task
[2026-02-02T14:38:29.494+0000] {standard_task_runner.py:104} INFO - Running: ['***', 'tasks', 'run', 'parse_iot', 'parse_data', 'manual__2026-02-02T14:37:26.092251+00:00', '--job-id', '46', '--raw', '--subdir', 'DAGS_FOLDER/parse_iot.py', '--cfg-path', '/tmp/tmpj784rh1l']
[2026-02-02T14:38:29.496+0000] {standard_task_runner.py:105} INFO - Job 46: Subtask parse_data
[2026-02-02T14:38:29.504+0000] {warnings.py:109} WARNING - /home/***/.local/lib/python3.9/site-packages/***/settings.py:209: DeprecationWarning: The sql_alchemy_conn option in [core] has been moved to the sql_alchemy_conn option in [database] - the old setting has been used, but please update your config.
  SQL_ALCHEMY_CONN = conf.get("database", "SQL_ALCHEMY_CONN")

[2026-02-02T14:38:29.525+0000] {task_command.py:467} INFO - Running <TaskInstance: parse_iot.parse_data manual__2026-02-02T14:37:26.092251+00:00 [running]> on host 62d0328142ca
[2026-02-02T14:38:29.575+0000] {taskinstance.py:3134} INFO - Exporting env vars: AIRFLOW_CTX_DAG_OWNER='a.sorokin' AIRFLOW_CTX_DAG_ID='parse_iot' AIRFLOW_CTX_TASK_ID='parse_data' AIRFLOW_CTX_EXECUTION_DATE='2026-02-02T14:37:26.092251+00:00' AIRFLOW_CTX_TRY_NUMBER='1' AIRFLOW_CTX_DAG_RUN_ID='manual__2026-02-02T14:37:26.092251+00:00'
[2026-02-02T14:38:29.575+0000] {taskinstance.py:732} INFO - ::endgroup::
[2026-02-02T14:38:29.585+0000] {baseoperator.py:423} WARNING - ExternalTaskSensor.execute cannot be called outside TaskInstance!
[2026-02-02T14:38:29.591+0000] {external_task.py:274} INFO - Poking for DAG 'download_iot' on 2026-02-02T14:37:26.092251+00:00 ... 
[2026-02-02T14:38:29.592+0000] {warnings.py:109} WARNING - /home/***/.local/lib/python3.9/site-packages/***/utils/session.py:97: DeprecationWarning: This method is deprecated and will be removed in future.
  return func(*args, session=session, **kwargs)

[2026-02-02T14:38:29.609+0000] {taskinstance.py:310} INFO - Rescheduling task, marking task as UP_FOR_RESCHEDULE
[2026-02-02T14:38:29.609+0000] {taskinstance.py:341} INFO - ::group::Post task execution logs
[2026-02-02T14:38:29.626+0000] {local_task_job_runner.py:266} INFO - Task exited with return code 0
[2026-02-02T14:38:29.645+0000] {taskinstance.py:3901} INFO - 0 downstream tasks scheduled from follow-on schedule check
[2026-02-02T14:38:29.646+0000] {local_task_job_runner.py:245} INFO - ::endgroup::
[2026-02-02T14:39:29.996+0000] {local_task_job_runner.py:123} INFO - ::group::Pre task execution logs
[2026-02-02T14:39:30.012+0000] {taskinstance.py:2614} INFO - Dependencies all met for dep_context=non-requeueable deps ti=<TaskInstance: parse_iot.parse_data manual__2026-02-02T14:37:26.092251+00:00 [queued]>
[2026-02-02T14:39:30.018+0000] {taskinstance.py:2614} INFO - Dependencies all met for dep_context=requeueable deps ti=<TaskInstance: parse_iot.parse_data manual__2026-02-02T14:37:26.092251+00:00 [queued]>
[2026-02-02T14:39:30.018+0000] {taskinstance.py:2867} INFO - Starting attempt 1 of 4
[2026-02-02T14:39:30.025+0000] {taskinstance.py:2890} INFO - Executing <Task(ExternalTaskSensor): parse_data> on 2026-02-02 14:37:26.092251+00:00
[2026-02-02T14:39:30.028+0000] {standard_task_runner.py:72} INFO - Started process 149 to run task
[2026-02-02T14:39:30.030+0000] {standard_task_runner.py:104} INFO - Running: ['***', 'tasks', 'run', 'parse_iot', 'parse_data', 'manual__2026-02-02T14:37:26.092251+00:00', '--job-id', '48', '--raw', '--subdir', 'DAGS_FOLDER/parse_iot.py', '--cfg-path', '/tmp/tmpul_wugv6']
[2026-02-02T14:39:30.031+0000] {standard_task_runner.py:105} INFO - Job 48: Subtask parse_data
[2026-02-02T14:39:30.039+0000] {warnings.py:109} WARNING - /home/***/.local/lib/python3.9/site-packages/***/settings.py:209: DeprecationWarning: The sql_alchemy_conn option in [core] has been moved to the sql_alchemy_conn option in [database] - the old setting has been used, but please update your config.
  SQL_ALCHEMY_CONN = conf.get("database", "SQL_ALCHEMY_CONN")

[2026-02-02T14:39:30.058+0000] {task_command.py:467} INFO - Running <TaskInstance: parse_iot.parse_data manual__2026-02-02T14:37:26.092251+00:00 [running]> on host 62d0328142ca
[2026-02-02T14:39:30.101+0000] {taskinstance.py:3134} INFO - Exporting env vars: AIRFLOW_CTX_DAG_OWNER='a.sorokin' AIRFLOW_CTX_DAG_ID='parse_iot' AIRFLOW_CTX_TASK_ID='parse_data' AIRFLOW_CTX_EXECUTION_DATE='2026-02-02T14:37:26.092251+00:00' AIRFLOW_CTX_TRY_NUMBER='1' AIRFLOW_CTX_DAG_RUN_ID='manual__2026-02-02T14:37:26.092251+00:00'
[2026-02-02T14:39:30.101+0000] {taskinstance.py:732} INFO - ::endgroup::
[2026-02-02T14:39:30.110+0000] {baseoperator.py:423} WARNING - ExternalTaskSensor.execute cannot be called outside TaskInstance!
[2026-02-02T14:39:30.116+0000] {external_task.py:274} INFO - Poking for DAG 'download_iot' on 2026-02-02T14:37:26.092251+00:00 ... 
[2026-02-02T14:39:30.117+0000] {warnings.py:109} WARNING - /home/***/.local/lib/python3.9/site-packages/***/utils/session.py:97: DeprecationWarning: This method is deprecated and will be removed in future.
  return func(*args, session=session, **kwargs)

[2026-02-02T14:39:30.132+0000] {taskinstance.py:310} INFO - Rescheduling task, marking task as UP_FOR_RESCHEDULE
[2026-02-02T14:39:30.132+0000] {taskinstance.py:341} INFO - ::group::Post task execution logs
[2026-02-02T14:39:30.162+0000] {local_task_job_runner.py:266} INFO - Task exited with return code 0
[2026-02-02T14:39:30.179+0000] {taskinstance.py:3901} INFO - 0 downstream tasks scheduled from follow-on schedule check
[2026-02-02T14:39:30.180+0000] {local_task_job_runner.py:245} INFO - ::endgroup::
[2026-02-02T14:40:30.576+0000] {local_task_job_runner.py:123} INFO - ::group::Pre task execution logs
[2026-02-02T14:40:30.593+0000] {taskinstance.py:2614} INFO - Dependencies all met for dep_context=non-requeueable deps ti=<TaskInstance: parse_iot.parse_data manual__2026-02-02T14:37:26.092251+00:00 [queued]>
[2026-02-02T14:40:30.600+0000] {taskinstance.py:2614} INFO - Dependencies all met for dep_context=requeueable deps ti=<TaskInstance: parse_iot.parse_data manual__2026-02-02T14:37:26.092251+00:00 [queued]>
[2026-02-02T14:40:30.600+0000] {taskinstance.py:2867} INFO - Starting attempt 1 of 4
[2026-02-02T14:40:30.607+0000] {taskinstance.py:2890} INFO - Executing <Task(ExternalTaskSensor): parse_data> on 2026-02-02 14:37:26.092251+00:00
[2026-02-02T14:40:30.611+0000] {standard_task_runner.py:72} INFO - Started process 158 to run task
[2026-02-02T14:40:30.613+0000] {standard_task_runner.py:104} INFO - Running: ['***', 'tasks', 'run', 'parse_iot', 'parse_data', 'manual__2026-02-02T14:37:26.092251+00:00', '--job-id', '51', '--raw', '--subdir', 'DAGS_FOLDER/parse_iot.py', '--cfg-path', '/tmp/tmpmaop8b2o']
[2026-02-02T14:40:30.614+0000] {standard_task_runner.py:105} INFO - Job 51: Subtask parse_data
[2026-02-02T14:40:30.623+0000] {warnings.py:109} WARNING - /home/***/.local/lib/python3.9/site-packages/***/settings.py:209: DeprecationWarning: The sql_alchemy_conn option in [core] has been moved to the sql_alchemy_conn option in [database] - the old setting has been used, but please update your config.
  SQL_ALCHEMY_CONN = conf.get("database", "SQL_ALCHEMY_CONN")

[2026-02-02T14:40:30.643+0000] {task_command.py:467} INFO - Running <TaskInstance: parse_iot.parse_data manual__2026-02-02T14:37:26.092251+00:00 [running]> on host 62d0328142ca
[2026-02-02T14:40:30.690+0000] {taskinstance.py:3134} INFO - Exporting env vars: AIRFLOW_CTX_DAG_OWNER='a.sorokin' AIRFLOW_CTX_DAG_ID='parse_iot' AIRFLOW_CTX_TASK_ID='parse_data' AIRFLOW_CTX_EXECUTION_DATE='2026-02-02T14:37:26.092251+00:00' AIRFLOW_CTX_TRY_NUMBER='1' AIRFLOW_CTX_DAG_RUN_ID='manual__2026-02-02T14:37:26.092251+00:00'
[2026-02-02T14:40:30.690+0000] {taskinstance.py:732} INFO - ::endgroup::
[2026-02-02T14:40:30.697+0000] {baseoperator.py:423} WARNING - ExternalTaskSensor.execute cannot be called outside TaskInstance!
[2026-02-02T14:40:30.704+0000] {external_task.py:274} INFO - Poking for DAG 'download_iot' on 2026-02-02T14:37:26.092251+00:00 ... 
[2026-02-02T14:40:30.704+0000] {warnings.py:109} WARNING - /home/***/.local/lib/python3.9/site-packages/***/utils/session.py:97: DeprecationWarning: This method is deprecated and will be removed in future.
  return func(*args, session=session, **kwargs)

[2026-02-02T14:40:30.725+0000] {taskinstance.py:310} INFO - Rescheduling task, marking task as UP_FOR_RESCHEDULE
[2026-02-02T14:40:30.725+0000] {taskinstance.py:341} INFO - ::group::Post task execution logs
[2026-02-02T14:40:30.745+0000] {local_task_job_runner.py:266} INFO - Task exited with return code 0
[2026-02-02T14:40:30.767+0000] {taskinstance.py:3901} INFO - 0 downstream tasks scheduled from follow-on schedule check
[2026-02-02T14:40:30.768+0000] {local_task_job_runner.py:245} INFO - ::endgroup::
