[2026-02-16T16:55:22.534+0000] {local_task_job_runner.py:123} INFO - ::group::Pre task execution logs
[2026-02-16T16:55:22.545+0000] {taskinstance.py:2614} INFO - Dependencies all met for dep_context=non-requeueable deps ti=<TaskInstance: date_load_postgres.parse_data scheduled__2026-02-02T10:00:00+00:00 [queued]>
[2026-02-16T16:55:22.550+0000] {taskinstance.py:2614} INFO - Dependencies all met for dep_context=requeueable deps ti=<TaskInstance: date_load_postgres.parse_data scheduled__2026-02-02T10:00:00+00:00 [queued]>
[2026-02-16T16:55:22.550+0000] {taskinstance.py:2867} INFO - Starting attempt 1 of 4
[2026-02-16T16:55:22.558+0000] {taskinstance.py:2890} INFO - Executing <Task(PythonOperator): parse_data> on 2026-02-02 10:00:00+00:00
[2026-02-16T16:55:22.563+0000] {standard_task_runner.py:72} INFO - Started process 1115 to run task
[2026-02-16T16:55:22.564+0000] {standard_task_runner.py:104} INFO - Running: ['***', 'tasks', 'run', 'date_load_postgres', 'parse_data', 'scheduled__2026-02-02T10:00:00+00:00', '--job-id', '262', '--raw', '--subdir', 'DAGS_FOLDER/date_load_postrges.py', '--cfg-path', '/tmp/tmpp2y38tle']
[2026-02-16T16:55:22.566+0000] {standard_task_runner.py:105} INFO - Job 262: Subtask parse_data
[2026-02-16T16:55:22.574+0000] {warnings.py:109} WARNING - /home/***/.local/lib/python3.9/site-packages/***/settings.py:209: DeprecationWarning: The sql_alchemy_conn option in [core] has been moved to the sql_alchemy_conn option in [database] - the old setting has been used, but please update your config.
  SQL_ALCHEMY_CONN = conf.get("database", "SQL_ALCHEMY_CONN")

[2026-02-16T16:55:22.598+0000] {task_command.py:467} INFO - Running <TaskInstance: date_load_postgres.parse_data scheduled__2026-02-02T10:00:00+00:00 [running]> on host 6ef9a94e694d
[2026-02-16T16:55:22.598+0000] {warnings.py:109} WARNING - /home/***/.local/lib/python3.9/site-packages/***/settings.py:470: DeprecationWarning: The sql_alchemy_conn option in [core] has been moved to the sql_alchemy_conn option in [database] - the old setting has been used, but please update your config.
  if conf.get("database", "sql_alchemy_conn") == "none://":

[2026-02-16T16:55:22.642+0000] {taskinstance.py:3134} INFO - Exporting env vars: AIRFLOW_CTX_DAG_OWNER='a.sorokin' AIRFLOW_CTX_DAG_ID='date_load_postgres' AIRFLOW_CTX_TASK_ID='parse_data' AIRFLOW_CTX_EXECUTION_DATE='2026-02-02T10:00:00+00:00' AIRFLOW_CTX_TRY_NUMBER='1' AIRFLOW_CTX_DAG_RUN_ID='scheduled__2026-02-02T10:00:00+00:00'
[2026-02-16T16:55:22.643+0000] {taskinstance.py:732} INFO - ::endgroup::
[2026-02-16T16:55:31.449+0000] {python.py:240} INFO - Done. Returned value was: None
[2026-02-16T16:55:31.457+0000] {taskinstance.py:341} INFO - ::group::Post task execution logs
[2026-02-16T16:55:31.457+0000] {taskinstance.py:353} INFO - Marking task as SUCCESS. dag_id=date_load_postgres, task_id=parse_data, run_id=scheduled__2026-02-02T10:00:00+00:00, execution_date=20260202T100000, start_date=20260216T165522, end_date=20260216T165531
[2026-02-16T16:55:31.508+0000] {local_task_job_runner.py:266} INFO - Task exited with return code 0
[2026-02-16T16:55:31.525+0000] {taskinstance.py:3901} INFO - 0 downstream tasks scheduled from follow-on schedule check
[2026-02-16T16:55:31.526+0000] {local_task_job_runner.py:245} INFO - ::endgroup::
[2026-02-16T17:39:58.542+0000] {local_task_job_runner.py:123} INFO - ::group::Pre task execution logs
[2026-02-16T17:39:58.555+0000] {taskinstance.py:2614} INFO - Dependencies all met for dep_context=non-requeueable deps ti=<TaskInstance: date_load_postgres.parse_data scheduled__2026-02-02T10:00:00+00:00 [queued]>
[2026-02-16T17:39:58.560+0000] {taskinstance.py:2614} INFO - Dependencies all met for dep_context=requeueable deps ti=<TaskInstance: date_load_postgres.parse_data scheduled__2026-02-02T10:00:00+00:00 [queued]>
[2026-02-16T17:39:58.560+0000] {taskinstance.py:2867} INFO - Starting attempt 1 of 4
[2026-02-16T17:39:58.567+0000] {taskinstance.py:2890} INFO - Executing <Task(PythonOperator): parse_data> on 2026-02-02 10:00:00+00:00
[2026-02-16T17:39:58.571+0000] {standard_task_runner.py:72} INFO - Started process 236 to run task
[2026-02-16T17:39:58.573+0000] {standard_task_runner.py:104} INFO - Running: ['***', 'tasks', 'run', 'date_load_postgres', 'parse_data', 'scheduled__2026-02-02T10:00:00+00:00', '--job-id', '38', '--raw', '--subdir', 'DAGS_FOLDER/date_load_postrges.py', '--cfg-path', '/tmp/tmplhcr8k6p']
[2026-02-16T17:39:58.575+0000] {standard_task_runner.py:105} INFO - Job 38: Subtask parse_data
[2026-02-16T17:39:58.583+0000] {warnings.py:109} WARNING - /home/***/.local/lib/python3.9/site-packages/***/settings.py:209: DeprecationWarning: The sql_alchemy_conn option in [core] has been moved to the sql_alchemy_conn option in [database] - the old setting has been used, but please update your config.
  SQL_ALCHEMY_CONN = conf.get("database", "SQL_ALCHEMY_CONN")

[2026-02-16T17:39:58.607+0000] {task_command.py:467} INFO - Running <TaskInstance: date_load_postgres.parse_data scheduled__2026-02-02T10:00:00+00:00 [running]> on host 80c391c4cc85
[2026-02-16T17:39:58.607+0000] {warnings.py:109} WARNING - /home/***/.local/lib/python3.9/site-packages/***/settings.py:470: DeprecationWarning: The sql_alchemy_conn option in [core] has been moved to the sql_alchemy_conn option in [database] - the old setting has been used, but please update your config.
  if conf.get("database", "sql_alchemy_conn") == "none://":

[2026-02-16T17:39:58.653+0000] {taskinstance.py:3134} INFO - Exporting env vars: AIRFLOW_CTX_DAG_OWNER='a.sorokin' AIRFLOW_CTX_DAG_ID='date_load_postgres' AIRFLOW_CTX_TASK_ID='parse_data' AIRFLOW_CTX_EXECUTION_DATE='2026-02-02T10:00:00+00:00' AIRFLOW_CTX_TRY_NUMBER='1' AIRFLOW_CTX_DAG_RUN_ID='scheduled__2026-02-02T10:00:00+00:00'
[2026-02-16T17:39:58.654+0000] {taskinstance.py:732} INFO - ::endgroup::
[2026-02-16T17:40:07.400+0000] {python.py:240} INFO - Done. Returned value was: None
[2026-02-16T17:40:07.406+0000] {taskinstance.py:341} INFO - ::group::Post task execution logs
[2026-02-16T17:40:07.407+0000] {taskinstance.py:353} INFO - Marking task as SUCCESS. dag_id=date_load_postgres, task_id=parse_data, run_id=scheduled__2026-02-02T10:00:00+00:00, execution_date=20260202T100000, start_date=20260216T173958, end_date=20260216T174007
[2026-02-16T17:40:07.435+0000] {local_task_job_runner.py:266} INFO - Task exited with return code 0
[2026-02-16T17:40:07.452+0000] {taskinstance.py:3901} INFO - 1 downstream tasks scheduled from follow-on schedule check
[2026-02-16T17:40:07.453+0000] {local_task_job_runner.py:245} INFO - ::endgroup::
