[2026-02-02T16:50:00.910+0000] {local_task_job_runner.py:123} INFO - ::group::Pre task execution logs
[2026-02-02T16:50:00.925+0000] {taskinstance.py:2614} INFO - Dependencies all met for dep_context=non-requeueable deps ti=<TaskInstance: parse_iot.check_download_complete manual__2026-02-02T14:37:26.092251+00:00 [queued]>
[2026-02-02T16:50:00.931+0000] {taskinstance.py:2614} INFO - Dependencies all met for dep_context=requeueable deps ti=<TaskInstance: parse_iot.check_download_complete manual__2026-02-02T14:37:26.092251+00:00 [queued]>
[2026-02-02T16:50:00.931+0000] {taskinstance.py:2867} INFO - Starting attempt 4 of 4
[2026-02-02T16:50:00.938+0000] {taskinstance.py:2890} INFO - Executing <Task(ExternalTaskSensor): check_download_complete> on 2026-02-02 14:37:26.092251+00:00
[2026-02-02T16:50:00.943+0000] {standard_task_runner.py:72} INFO - Started process 825 to run task
[2026-02-02T16:50:00.945+0000] {standard_task_runner.py:104} INFO - Running: ['***', 'tasks', 'run', 'parse_iot', 'check_download_complete', 'manual__2026-02-02T14:37:26.092251+00:00', '--job-id', '232', '--raw', '--subdir', 'DAGS_FOLDER/parse_iot.py', '--cfg-path', '/tmp/tmpn1wmvspm']
[2026-02-02T16:50:00.946+0000] {standard_task_runner.py:105} INFO - Job 232: Subtask check_download_complete
[2026-02-02T16:50:00.955+0000] {warnings.py:109} WARNING - /home/***/.local/lib/python3.9/site-packages/***/settings.py:209: DeprecationWarning: The sql_alchemy_conn option in [core] has been moved to the sql_alchemy_conn option in [database] - the old setting has been used, but please update your config.
  SQL_ALCHEMY_CONN = conf.get("database", "SQL_ALCHEMY_CONN")

[2026-02-02T16:50:00.974+0000] {task_command.py:467} INFO - Running <TaskInstance: parse_iot.check_download_complete manual__2026-02-02T14:37:26.092251+00:00 [running]> on host 62d0328142ca
[2026-02-02T16:50:01.021+0000] {taskinstance.py:3134} INFO - Exporting env vars: AIRFLOW_CTX_DAG_OWNER='a.sorokin' AIRFLOW_CTX_DAG_ID='parse_iot' AIRFLOW_CTX_TASK_ID='check_download_complete' AIRFLOW_CTX_EXECUTION_DATE='2026-02-02T14:37:26.092251+00:00' AIRFLOW_CTX_TRY_NUMBER='4' AIRFLOW_CTX_DAG_RUN_ID='manual__2026-02-02T14:37:26.092251+00:00'
[2026-02-02T16:50:01.021+0000] {taskinstance.py:732} INFO - ::endgroup::
[2026-02-02T16:50:01.028+0000] {baseoperator.py:423} WARNING - ExternalTaskSensor.execute cannot be called outside TaskInstance!
[2026-02-02T16:50:01.034+0000] {external_task.py:274} INFO - Poking for DAG 'download_iot' on 2026-02-02T14:37:26.092251+00:00 ... 
[2026-02-02T16:50:01.034+0000] {warnings.py:109} WARNING - /home/***/.local/lib/python3.9/site-packages/***/utils/session.py:97: DeprecationWarning: This method is deprecated and will be removed in future.
  return func(*args, session=session, **kwargs)

[2026-02-02T16:50:01.055+0000] {taskinstance.py:310} INFO - Rescheduling task, marking task as UP_FOR_RESCHEDULE
[2026-02-02T16:50:01.055+0000] {taskinstance.py:341} INFO - ::group::Post task execution logs
[2026-02-02T16:50:01.076+0000] {local_task_job_runner.py:266} INFO - Task exited with return code 0
[2026-02-02T16:50:01.100+0000] {taskinstance.py:3901} INFO - 0 downstream tasks scheduled from follow-on schedule check
[2026-02-02T16:50:01.101+0000] {local_task_job_runner.py:245} INFO - ::endgroup::
[2026-02-02T16:51:01.638+0000] {local_task_job_runner.py:123} INFO - ::group::Pre task execution logs
[2026-02-02T16:51:01.657+0000] {taskinstance.py:2614} INFO - Dependencies all met for dep_context=non-requeueable deps ti=<TaskInstance: parse_iot.check_download_complete manual__2026-02-02T14:37:26.092251+00:00 [queued]>
[2026-02-02T16:51:01.663+0000] {taskinstance.py:2614} INFO - Dependencies all met for dep_context=requeueable deps ti=<TaskInstance: parse_iot.check_download_complete manual__2026-02-02T14:37:26.092251+00:00 [queued]>
[2026-02-02T16:51:01.663+0000] {taskinstance.py:2867} INFO - Starting attempt 4 of 4
[2026-02-02T16:51:01.670+0000] {taskinstance.py:2890} INFO - Executing <Task(ExternalTaskSensor): check_download_complete> on 2026-02-02 14:37:26.092251+00:00
[2026-02-02T16:51:01.674+0000] {standard_task_runner.py:72} INFO - Started process 837 to run task
[2026-02-02T16:51:01.676+0000] {standard_task_runner.py:104} INFO - Running: ['***', 'tasks', 'run', 'parse_iot', 'check_download_complete', 'manual__2026-02-02T14:37:26.092251+00:00', '--job-id', '235', '--raw', '--subdir', 'DAGS_FOLDER/parse_iot.py', '--cfg-path', '/tmp/tmphpbcnljs']
[2026-02-02T16:51:01.678+0000] {standard_task_runner.py:105} INFO - Job 235: Subtask check_download_complete
[2026-02-02T16:51:01.686+0000] {warnings.py:109} WARNING - /home/***/.local/lib/python3.9/site-packages/***/settings.py:209: DeprecationWarning: The sql_alchemy_conn option in [core] has been moved to the sql_alchemy_conn option in [database] - the old setting has been used, but please update your config.
  SQL_ALCHEMY_CONN = conf.get("database", "SQL_ALCHEMY_CONN")

[2026-02-02T16:51:01.711+0000] {task_command.py:467} INFO - Running <TaskInstance: parse_iot.check_download_complete manual__2026-02-02T14:37:26.092251+00:00 [running]> on host 62d0328142ca
[2026-02-02T16:51:01.757+0000] {taskinstance.py:3134} INFO - Exporting env vars: AIRFLOW_CTX_DAG_OWNER='a.sorokin' AIRFLOW_CTX_DAG_ID='parse_iot' AIRFLOW_CTX_TASK_ID='check_download_complete' AIRFLOW_CTX_EXECUTION_DATE='2026-02-02T14:37:26.092251+00:00' AIRFLOW_CTX_TRY_NUMBER='4' AIRFLOW_CTX_DAG_RUN_ID='manual__2026-02-02T14:37:26.092251+00:00'
[2026-02-02T16:51:01.757+0000] {taskinstance.py:732} INFO - ::endgroup::
[2026-02-02T16:51:01.764+0000] {baseoperator.py:423} WARNING - ExternalTaskSensor.execute cannot be called outside TaskInstance!
[2026-02-02T16:51:01.769+0000] {external_task.py:274} INFO - Poking for DAG 'download_iot' on 2026-02-02T14:37:26.092251+00:00 ... 
[2026-02-02T16:51:01.770+0000] {warnings.py:109} WARNING - /home/***/.local/lib/python3.9/site-packages/***/utils/session.py:97: DeprecationWarning: This method is deprecated and will be removed in future.
  return func(*args, session=session, **kwargs)

[2026-02-02T16:51:01.791+0000] {taskinstance.py:310} INFO - Rescheduling task, marking task as UP_FOR_RESCHEDULE
[2026-02-02T16:51:01.791+0000] {taskinstance.py:341} INFO - ::group::Post task execution logs
[2026-02-02T16:51:01.808+0000] {local_task_job_runner.py:266} INFO - Task exited with return code 0
[2026-02-02T16:51:01.835+0000] {taskinstance.py:3901} INFO - 0 downstream tasks scheduled from follow-on schedule check
[2026-02-02T16:51:01.836+0000] {local_task_job_runner.py:245} INFO - ::endgroup::
[2026-02-02T16:52:02.459+0000] {local_task_job_runner.py:123} INFO - ::group::Pre task execution logs
[2026-02-02T16:52:02.474+0000] {taskinstance.py:2614} INFO - Dependencies all met for dep_context=non-requeueable deps ti=<TaskInstance: parse_iot.check_download_complete manual__2026-02-02T14:37:26.092251+00:00 [queued]>
[2026-02-02T16:52:02.480+0000] {taskinstance.py:2614} INFO - Dependencies all met for dep_context=requeueable deps ti=<TaskInstance: parse_iot.check_download_complete manual__2026-02-02T14:37:26.092251+00:00 [queued]>
[2026-02-02T16:52:02.480+0000] {taskinstance.py:2867} INFO - Starting attempt 4 of 4
[2026-02-02T16:52:02.486+0000] {taskinstance.py:2890} INFO - Executing <Task(ExternalTaskSensor): check_download_complete> on 2026-02-02 14:37:26.092251+00:00
[2026-02-02T16:52:02.491+0000] {standard_task_runner.py:72} INFO - Started process 849 to run task
[2026-02-02T16:52:02.493+0000] {standard_task_runner.py:104} INFO - Running: ['***', 'tasks', 'run', 'parse_iot', 'check_download_complete', 'manual__2026-02-02T14:37:26.092251+00:00', '--job-id', '238', '--raw', '--subdir', 'DAGS_FOLDER/parse_iot.py', '--cfg-path', '/tmp/tmp6jw3l4ih']
[2026-02-02T16:52:02.494+0000] {standard_task_runner.py:105} INFO - Job 238: Subtask check_download_complete
[2026-02-02T16:52:02.502+0000] {warnings.py:109} WARNING - /home/***/.local/lib/python3.9/site-packages/***/settings.py:209: DeprecationWarning: The sql_alchemy_conn option in [core] has been moved to the sql_alchemy_conn option in [database] - the old setting has been used, but please update your config.
  SQL_ALCHEMY_CONN = conf.get("database", "SQL_ALCHEMY_CONN")

[2026-02-02T16:52:02.521+0000] {task_command.py:467} INFO - Running <TaskInstance: parse_iot.check_download_complete manual__2026-02-02T14:37:26.092251+00:00 [running]> on host 62d0328142ca
[2026-02-02T16:52:02.566+0000] {taskinstance.py:3134} INFO - Exporting env vars: AIRFLOW_CTX_DAG_OWNER='a.sorokin' AIRFLOW_CTX_DAG_ID='parse_iot' AIRFLOW_CTX_TASK_ID='check_download_complete' AIRFLOW_CTX_EXECUTION_DATE='2026-02-02T14:37:26.092251+00:00' AIRFLOW_CTX_TRY_NUMBER='4' AIRFLOW_CTX_DAG_RUN_ID='manual__2026-02-02T14:37:26.092251+00:00'
[2026-02-02T16:52:02.566+0000] {taskinstance.py:732} INFO - ::endgroup::
[2026-02-02T16:52:02.573+0000] {baseoperator.py:423} WARNING - ExternalTaskSensor.execute cannot be called outside TaskInstance!
[2026-02-02T16:52:02.578+0000] {external_task.py:274} INFO - Poking for DAG 'download_iot' on 2026-02-02T14:37:26.092251+00:00 ... 
[2026-02-02T16:52:02.579+0000] {warnings.py:109} WARNING - /home/***/.local/lib/python3.9/site-packages/***/utils/session.py:97: DeprecationWarning: This method is deprecated and will be removed in future.
  return func(*args, session=session, **kwargs)

[2026-02-02T16:52:02.594+0000] {taskinstance.py:310} INFO - Rescheduling task, marking task as UP_FOR_RESCHEDULE
[2026-02-02T16:52:02.594+0000] {taskinstance.py:341} INFO - ::group::Post task execution logs
[2026-02-02T16:52:02.625+0000] {local_task_job_runner.py:266} INFO - Task exited with return code 0
[2026-02-02T16:52:02.647+0000] {taskinstance.py:3901} INFO - 0 downstream tasks scheduled from follow-on schedule check
[2026-02-02T16:52:02.648+0000] {local_task_job_runner.py:245} INFO - ::endgroup::
[2026-02-02T16:53:03.228+0000] {local_task_job_runner.py:123} INFO - ::group::Pre task execution logs
[2026-02-02T16:53:03.242+0000] {taskinstance.py:2614} INFO - Dependencies all met for dep_context=non-requeueable deps ti=<TaskInstance: parse_iot.check_download_complete manual__2026-02-02T14:37:26.092251+00:00 [queued]>
[2026-02-02T16:53:03.248+0000] {taskinstance.py:2614} INFO - Dependencies all met for dep_context=requeueable deps ti=<TaskInstance: parse_iot.check_download_complete manual__2026-02-02T14:37:26.092251+00:00 [queued]>
[2026-02-02T16:53:03.248+0000] {taskinstance.py:2867} INFO - Starting attempt 4 of 4
[2026-02-02T16:53:03.254+0000] {taskinstance.py:2890} INFO - Executing <Task(ExternalTaskSensor): check_download_complete> on 2026-02-02 14:37:26.092251+00:00
[2026-02-02T16:53:03.258+0000] {standard_task_runner.py:72} INFO - Started process 861 to run task
[2026-02-02T16:53:03.260+0000] {standard_task_runner.py:104} INFO - Running: ['***', 'tasks', 'run', 'parse_iot', 'check_download_complete', 'manual__2026-02-02T14:37:26.092251+00:00', '--job-id', '241', '--raw', '--subdir', 'DAGS_FOLDER/parse_iot.py', '--cfg-path', '/tmp/tmp7jc7ski2']
[2026-02-02T16:53:03.262+0000] {standard_task_runner.py:105} INFO - Job 241: Subtask check_download_complete
[2026-02-02T16:53:03.270+0000] {warnings.py:109} WARNING - /home/***/.local/lib/python3.9/site-packages/***/settings.py:209: DeprecationWarning: The sql_alchemy_conn option in [core] has been moved to the sql_alchemy_conn option in [database] - the old setting has been used, but please update your config.
  SQL_ALCHEMY_CONN = conf.get("database", "SQL_ALCHEMY_CONN")

[2026-02-02T16:53:03.288+0000] {task_command.py:467} INFO - Running <TaskInstance: parse_iot.check_download_complete manual__2026-02-02T14:37:26.092251+00:00 [running]> on host 62d0328142ca
[2026-02-02T16:53:03.332+0000] {taskinstance.py:3134} INFO - Exporting env vars: AIRFLOW_CTX_DAG_OWNER='a.sorokin' AIRFLOW_CTX_DAG_ID='parse_iot' AIRFLOW_CTX_TASK_ID='check_download_complete' AIRFLOW_CTX_EXECUTION_DATE='2026-02-02T14:37:26.092251+00:00' AIRFLOW_CTX_TRY_NUMBER='4' AIRFLOW_CTX_DAG_RUN_ID='manual__2026-02-02T14:37:26.092251+00:00'
[2026-02-02T16:53:03.332+0000] {taskinstance.py:732} INFO - ::endgroup::
[2026-02-02T16:53:03.339+0000] {baseoperator.py:423} WARNING - ExternalTaskSensor.execute cannot be called outside TaskInstance!
[2026-02-02T16:53:03.345+0000] {external_task.py:274} INFO - Poking for DAG 'download_iot' on 2026-02-02T14:37:26.092251+00:00 ... 
[2026-02-02T16:53:03.345+0000] {warnings.py:109} WARNING - /home/***/.local/lib/python3.9/site-packages/***/utils/session.py:97: DeprecationWarning: This method is deprecated and will be removed in future.
  return func(*args, session=session, **kwargs)

[2026-02-02T16:53:03.360+0000] {taskinstance.py:310} INFO - Rescheduling task, marking task as UP_FOR_RESCHEDULE
[2026-02-02T16:53:03.360+0000] {taskinstance.py:341} INFO - ::group::Post task execution logs
[2026-02-02T16:53:03.392+0000] {local_task_job_runner.py:266} INFO - Task exited with return code 0
[2026-02-02T16:53:03.418+0000] {taskinstance.py:3901} INFO - 0 downstream tasks scheduled from follow-on schedule check
[2026-02-02T16:53:03.419+0000] {local_task_job_runner.py:245} INFO - ::endgroup::
