[2026-02-02T16:19:28.229+0000] {local_task_job_runner.py:123} INFO - ::group::Pre task execution logs
[2026-02-02T16:19:28.246+0000] {taskinstance.py:2614} INFO - Dependencies all met for dep_context=non-requeueable deps ti=<TaskInstance: parse_iot.check_download_complete manual__2026-02-02T14:37:26.092251+00:00 [queued]>
[2026-02-02T16:19:28.253+0000] {taskinstance.py:2614} INFO - Dependencies all met for dep_context=requeueable deps ti=<TaskInstance: parse_iot.check_download_complete manual__2026-02-02T14:37:26.092251+00:00 [queued]>
[2026-02-02T16:19:28.253+0000] {taskinstance.py:2867} INFO - Starting attempt 2 of 4
[2026-02-02T16:19:28.260+0000] {taskinstance.py:2890} INFO - Executing <Task(ExternalTaskSensor): check_download_complete> on 2026-02-02 14:37:26.092251+00:00
[2026-02-02T16:19:28.265+0000] {standard_task_runner.py:72} INFO - Started process 502 to run task
[2026-02-02T16:19:28.268+0000] {standard_task_runner.py:104} INFO - Running: ['***', 'tasks', 'run', 'parse_iot', 'check_download_complete', 'manual__2026-02-02T14:37:26.092251+00:00', '--job-id', '154', '--raw', '--subdir', 'DAGS_FOLDER/parse_iot.py', '--cfg-path', '/tmp/tmplkh9_3or']
[2026-02-02T16:19:28.271+0000] {standard_task_runner.py:105} INFO - Job 154: Subtask check_download_complete
[2026-02-02T16:19:28.280+0000] {warnings.py:109} WARNING - /home/***/.local/lib/python3.9/site-packages/***/settings.py:209: DeprecationWarning: The sql_alchemy_conn option in [core] has been moved to the sql_alchemy_conn option in [database] - the old setting has been used, but please update your config.
  SQL_ALCHEMY_CONN = conf.get("database", "SQL_ALCHEMY_CONN")

[2026-02-02T16:19:28.301+0000] {task_command.py:467} INFO - Running <TaskInstance: parse_iot.check_download_complete manual__2026-02-02T14:37:26.092251+00:00 [running]> on host 62d0328142ca
[2026-02-02T16:19:28.349+0000] {taskinstance.py:3134} INFO - Exporting env vars: AIRFLOW_CTX_DAG_OWNER='a.sorokin' AIRFLOW_CTX_DAG_ID='parse_iot' AIRFLOW_CTX_TASK_ID='check_download_complete' AIRFLOW_CTX_EXECUTION_DATE='2026-02-02T14:37:26.092251+00:00' AIRFLOW_CTX_TRY_NUMBER='2' AIRFLOW_CTX_DAG_RUN_ID='manual__2026-02-02T14:37:26.092251+00:00'
[2026-02-02T16:19:28.349+0000] {taskinstance.py:732} INFO - ::endgroup::
[2026-02-02T16:19:28.360+0000] {baseoperator.py:423} WARNING - ExternalTaskSensor.execute cannot be called outside TaskInstance!
[2026-02-02T16:19:28.366+0000] {external_task.py:274} INFO - Poking for DAG 'download_iot' on 2026-02-02T14:37:26.092251+00:00 ... 
[2026-02-02T16:19:28.367+0000] {warnings.py:109} WARNING - /home/***/.local/lib/python3.9/site-packages/***/utils/session.py:97: DeprecationWarning: This method is deprecated and will be removed in future.
  return func(*args, session=session, **kwargs)

[2026-02-02T16:19:28.384+0000] {taskinstance.py:310} INFO - Rescheduling task, marking task as UP_FOR_RESCHEDULE
[2026-02-02T16:19:28.384+0000] {taskinstance.py:341} INFO - ::group::Post task execution logs
[2026-02-02T16:19:28.400+0000] {local_task_job_runner.py:266} INFO - Task exited with return code 0
[2026-02-02T16:19:28.425+0000] {taskinstance.py:3901} INFO - 0 downstream tasks scheduled from follow-on schedule check
[2026-02-02T16:19:28.426+0000] {local_task_job_runner.py:245} INFO - ::endgroup::
[2026-02-02T16:20:29.747+0000] {local_task_job_runner.py:123} INFO - ::group::Pre task execution logs
[2026-02-02T16:20:29.762+0000] {taskinstance.py:2614} INFO - Dependencies all met for dep_context=non-requeueable deps ti=<TaskInstance: parse_iot.check_download_complete manual__2026-02-02T14:37:26.092251+00:00 [queued]>
[2026-02-02T16:20:29.769+0000] {taskinstance.py:2614} INFO - Dependencies all met for dep_context=requeueable deps ti=<TaskInstance: parse_iot.check_download_complete manual__2026-02-02T14:37:26.092251+00:00 [queued]>
[2026-02-02T16:20:29.769+0000] {taskinstance.py:2867} INFO - Starting attempt 2 of 4
[2026-02-02T16:20:29.775+0000] {taskinstance.py:2890} INFO - Executing <Task(ExternalTaskSensor): check_download_complete> on 2026-02-02 14:37:26.092251+00:00
[2026-02-02T16:20:29.780+0000] {standard_task_runner.py:72} INFO - Started process 514 to run task
[2026-02-02T16:20:29.782+0000] {standard_task_runner.py:104} INFO - Running: ['***', 'tasks', 'run', 'parse_iot', 'check_download_complete', 'manual__2026-02-02T14:37:26.092251+00:00', '--job-id', '157', '--raw', '--subdir', 'DAGS_FOLDER/parse_iot.py', '--cfg-path', '/tmp/tmp_7vwfkz_']
[2026-02-02T16:20:29.784+0000] {standard_task_runner.py:105} INFO - Job 157: Subtask check_download_complete
[2026-02-02T16:20:29.793+0000] {warnings.py:109} WARNING - /home/***/.local/lib/python3.9/site-packages/***/settings.py:209: DeprecationWarning: The sql_alchemy_conn option in [core] has been moved to the sql_alchemy_conn option in [database] - the old setting has been used, but please update your config.
  SQL_ALCHEMY_CONN = conf.get("database", "SQL_ALCHEMY_CONN")

[2026-02-02T16:20:29.817+0000] {task_command.py:467} INFO - Running <TaskInstance: parse_iot.check_download_complete manual__2026-02-02T14:37:26.092251+00:00 [running]> on host 62d0328142ca
[2026-02-02T16:20:29.868+0000] {taskinstance.py:3134} INFO - Exporting env vars: AIRFLOW_CTX_DAG_OWNER='a.sorokin' AIRFLOW_CTX_DAG_ID='parse_iot' AIRFLOW_CTX_TASK_ID='check_download_complete' AIRFLOW_CTX_EXECUTION_DATE='2026-02-02T14:37:26.092251+00:00' AIRFLOW_CTX_TRY_NUMBER='2' AIRFLOW_CTX_DAG_RUN_ID='manual__2026-02-02T14:37:26.092251+00:00'
[2026-02-02T16:20:29.868+0000] {taskinstance.py:732} INFO - ::endgroup::
[2026-02-02T16:20:29.878+0000] {baseoperator.py:423} WARNING - ExternalTaskSensor.execute cannot be called outside TaskInstance!
[2026-02-02T16:20:29.884+0000] {external_task.py:274} INFO - Poking for DAG 'download_iot' on 2026-02-02T14:37:26.092251+00:00 ... 
[2026-02-02T16:20:29.884+0000] {warnings.py:109} WARNING - /home/***/.local/lib/python3.9/site-packages/***/utils/session.py:97: DeprecationWarning: This method is deprecated and will be removed in future.
  return func(*args, session=session, **kwargs)

[2026-02-02T16:20:29.901+0000] {taskinstance.py:310} INFO - Rescheduling task, marking task as UP_FOR_RESCHEDULE
[2026-02-02T16:20:29.901+0000] {taskinstance.py:341} INFO - ::group::Post task execution logs
[2026-02-02T16:20:29.915+0000] {local_task_job_runner.py:266} INFO - Task exited with return code 0
[2026-02-02T16:20:29.939+0000] {taskinstance.py:3901} INFO - 0 downstream tasks scheduled from follow-on schedule check
[2026-02-02T16:20:29.940+0000] {local_task_job_runner.py:245} INFO - ::endgroup::
[2026-02-02T16:21:31.361+0000] {local_task_job_runner.py:123} INFO - ::group::Pre task execution logs
[2026-02-02T16:21:31.379+0000] {taskinstance.py:2614} INFO - Dependencies all met for dep_context=non-requeueable deps ti=<TaskInstance: parse_iot.check_download_complete manual__2026-02-02T14:37:26.092251+00:00 [queued]>
[2026-02-02T16:21:31.385+0000] {taskinstance.py:2614} INFO - Dependencies all met for dep_context=requeueable deps ti=<TaskInstance: parse_iot.check_download_complete manual__2026-02-02T14:37:26.092251+00:00 [queued]>
[2026-02-02T16:21:31.385+0000] {taskinstance.py:2867} INFO - Starting attempt 2 of 4
[2026-02-02T16:21:31.392+0000] {taskinstance.py:2890} INFO - Executing <Task(ExternalTaskSensor): check_download_complete> on 2026-02-02 14:37:26.092251+00:00
[2026-02-02T16:21:31.397+0000] {standard_task_runner.py:72} INFO - Started process 526 to run task
[2026-02-02T16:21:31.399+0000] {standard_task_runner.py:104} INFO - Running: ['***', 'tasks', 'run', 'parse_iot', 'check_download_complete', 'manual__2026-02-02T14:37:26.092251+00:00', '--job-id', '160', '--raw', '--subdir', 'DAGS_FOLDER/parse_iot.py', '--cfg-path', '/tmp/tmp5jxupzjv']
[2026-02-02T16:21:31.400+0000] {standard_task_runner.py:105} INFO - Job 160: Subtask check_download_complete
[2026-02-02T16:21:31.409+0000] {warnings.py:109} WARNING - /home/***/.local/lib/python3.9/site-packages/***/settings.py:209: DeprecationWarning: The sql_alchemy_conn option in [core] has been moved to the sql_alchemy_conn option in [database] - the old setting has been used, but please update your config.
  SQL_ALCHEMY_CONN = conf.get("database", "SQL_ALCHEMY_CONN")

[2026-02-02T16:21:31.429+0000] {task_command.py:467} INFO - Running <TaskInstance: parse_iot.check_download_complete manual__2026-02-02T14:37:26.092251+00:00 [running]> on host 62d0328142ca
[2026-02-02T16:21:31.481+0000] {taskinstance.py:3134} INFO - Exporting env vars: AIRFLOW_CTX_DAG_OWNER='a.sorokin' AIRFLOW_CTX_DAG_ID='parse_iot' AIRFLOW_CTX_TASK_ID='check_download_complete' AIRFLOW_CTX_EXECUTION_DATE='2026-02-02T14:37:26.092251+00:00' AIRFLOW_CTX_TRY_NUMBER='2' AIRFLOW_CTX_DAG_RUN_ID='manual__2026-02-02T14:37:26.092251+00:00'
[2026-02-02T16:21:31.481+0000] {taskinstance.py:732} INFO - ::endgroup::
[2026-02-02T16:21:31.490+0000] {baseoperator.py:423} WARNING - ExternalTaskSensor.execute cannot be called outside TaskInstance!
[2026-02-02T16:21:31.497+0000] {external_task.py:274} INFO - Poking for DAG 'download_iot' on 2026-02-02T14:37:26.092251+00:00 ... 
[2026-02-02T16:21:31.497+0000] {warnings.py:109} WARNING - /home/***/.local/lib/python3.9/site-packages/***/utils/session.py:97: DeprecationWarning: This method is deprecated and will be removed in future.
  return func(*args, session=session, **kwargs)

[2026-02-02T16:21:31.515+0000] {taskinstance.py:310} INFO - Rescheduling task, marking task as UP_FOR_RESCHEDULE
[2026-02-02T16:21:31.516+0000] {taskinstance.py:341} INFO - ::group::Post task execution logs
[2026-02-02T16:21:31.531+0000] {local_task_job_runner.py:266} INFO - Task exited with return code 0
[2026-02-02T16:21:31.554+0000] {taskinstance.py:3901} INFO - 0 downstream tasks scheduled from follow-on schedule check
[2026-02-02T16:21:31.555+0000] {local_task_job_runner.py:245} INFO - ::endgroup::
[2026-02-02T16:22:33.029+0000] {local_task_job_runner.py:123} INFO - ::group::Pre task execution logs
[2026-02-02T16:22:33.044+0000] {taskinstance.py:2614} INFO - Dependencies all met for dep_context=non-requeueable deps ti=<TaskInstance: parse_iot.check_download_complete manual__2026-02-02T14:37:26.092251+00:00 [queued]>
[2026-02-02T16:22:33.050+0000] {taskinstance.py:2614} INFO - Dependencies all met for dep_context=requeueable deps ti=<TaskInstance: parse_iot.check_download_complete manual__2026-02-02T14:37:26.092251+00:00 [queued]>
[2026-02-02T16:22:33.050+0000] {taskinstance.py:2867} INFO - Starting attempt 2 of 4
[2026-02-02T16:22:33.056+0000] {taskinstance.py:2890} INFO - Executing <Task(ExternalTaskSensor): check_download_complete> on 2026-02-02 14:37:26.092251+00:00
[2026-02-02T16:22:33.061+0000] {standard_task_runner.py:72} INFO - Started process 538 to run task
[2026-02-02T16:22:33.063+0000] {standard_task_runner.py:104} INFO - Running: ['***', 'tasks', 'run', 'parse_iot', 'check_download_complete', 'manual__2026-02-02T14:37:26.092251+00:00', '--job-id', '163', '--raw', '--subdir', 'DAGS_FOLDER/parse_iot.py', '--cfg-path', '/tmp/tmpazt6fqxj']
[2026-02-02T16:22:33.064+0000] {standard_task_runner.py:105} INFO - Job 163: Subtask check_download_complete
[2026-02-02T16:22:33.073+0000] {warnings.py:109} WARNING - /home/***/.local/lib/python3.9/site-packages/***/settings.py:209: DeprecationWarning: The sql_alchemy_conn option in [core] has been moved to the sql_alchemy_conn option in [database] - the old setting has been used, but please update your config.
  SQL_ALCHEMY_CONN = conf.get("database", "SQL_ALCHEMY_CONN")

[2026-02-02T16:22:33.092+0000] {task_command.py:467} INFO - Running <TaskInstance: parse_iot.check_download_complete manual__2026-02-02T14:37:26.092251+00:00 [running]> on host 62d0328142ca
[2026-02-02T16:22:33.136+0000] {taskinstance.py:3134} INFO - Exporting env vars: AIRFLOW_CTX_DAG_OWNER='a.sorokin' AIRFLOW_CTX_DAG_ID='parse_iot' AIRFLOW_CTX_TASK_ID='check_download_complete' AIRFLOW_CTX_EXECUTION_DATE='2026-02-02T14:37:26.092251+00:00' AIRFLOW_CTX_TRY_NUMBER='2' AIRFLOW_CTX_DAG_RUN_ID='manual__2026-02-02T14:37:26.092251+00:00'
[2026-02-02T16:22:33.137+0000] {taskinstance.py:732} INFO - ::endgroup::
[2026-02-02T16:22:33.146+0000] {baseoperator.py:423} WARNING - ExternalTaskSensor.execute cannot be called outside TaskInstance!
[2026-02-02T16:22:33.152+0000] {external_task.py:274} INFO - Poking for DAG 'download_iot' on 2026-02-02T14:37:26.092251+00:00 ... 
[2026-02-02T16:22:33.152+0000] {warnings.py:109} WARNING - /home/***/.local/lib/python3.9/site-packages/***/utils/session.py:97: DeprecationWarning: This method is deprecated and will be removed in future.
  return func(*args, session=session, **kwargs)

[2026-02-02T16:22:33.168+0000] {taskinstance.py:310} INFO - Rescheduling task, marking task as UP_FOR_RESCHEDULE
[2026-02-02T16:22:33.168+0000] {taskinstance.py:341} INFO - ::group::Post task execution logs
[2026-02-02T16:22:33.195+0000] {local_task_job_runner.py:266} INFO - Task exited with return code 0
[2026-02-02T16:22:33.216+0000] {taskinstance.py:3901} INFO - 0 downstream tasks scheduled from follow-on schedule check
[2026-02-02T16:22:33.216+0000] {local_task_job_runner.py:245} INFO - ::endgroup::
[2026-02-02T16:23:39.659+0000] {local_task_job_runner.py:123} INFO - ::group::Pre task execution logs
[2026-02-02T16:23:39.777+0000] {taskinstance.py:2614} INFO - Dependencies all met for dep_context=non-requeueable deps ti=<TaskInstance: parse_iot.check_download_complete manual__2026-02-02T14:37:26.092251+00:00 [queued]>
[2026-02-02T16:23:39.784+0000] {taskinstance.py:2614} INFO - Dependencies all met for dep_context=requeueable deps ti=<TaskInstance: parse_iot.check_download_complete manual__2026-02-02T14:37:26.092251+00:00 [queued]>
[2026-02-02T16:23:39.784+0000] {taskinstance.py:2867} INFO - Starting attempt 2 of 4
[2026-02-02T16:23:39.813+0000] {taskinstance.py:2890} INFO - Executing <Task(ExternalTaskSensor): check_download_complete> on 2026-02-02 14:37:26.092251+00:00
[2026-02-02T16:23:39.843+0000] {standard_task_runner.py:72} INFO - Started process 550 to run task
[2026-02-02T16:23:39.854+0000] {standard_task_runner.py:104} INFO - Running: ['***', 'tasks', 'run', 'parse_iot', 'check_download_complete', 'manual__2026-02-02T14:37:26.092251+00:00', '--job-id', '166', '--raw', '--subdir', 'DAGS_FOLDER/parse_iot.py', '--cfg-path', '/tmp/tmp450osp5g']
[2026-02-02T16:23:39.856+0000] {standard_task_runner.py:105} INFO - Job 166: Subtask check_download_complete
[2026-02-02T16:23:40.421+0000] {warnings.py:109} WARNING - /home/***/.local/lib/python3.9/site-packages/***/settings.py:209: DeprecationWarning: The sql_alchemy_conn option in [core] has been moved to the sql_alchemy_conn option in [database] - the old setting has been used, but please update your config.
  SQL_ALCHEMY_CONN = conf.get("database", "SQL_ALCHEMY_CONN")

[2026-02-02T16:23:40.782+0000] {task_command.py:467} INFO - Running <TaskInstance: parse_iot.check_download_complete manual__2026-02-02T14:37:26.092251+00:00 [running]> on host 62d0328142ca
[2026-02-02T16:23:40.933+0000] {taskinstance.py:3134} INFO - Exporting env vars: AIRFLOW_CTX_DAG_OWNER='a.sorokin' AIRFLOW_CTX_DAG_ID='parse_iot' AIRFLOW_CTX_TASK_ID='check_download_complete' AIRFLOW_CTX_EXECUTION_DATE='2026-02-02T14:37:26.092251+00:00' AIRFLOW_CTX_TRY_NUMBER='2' AIRFLOW_CTX_DAG_RUN_ID='manual__2026-02-02T14:37:26.092251+00:00'
[2026-02-02T16:23:40.935+0000] {taskinstance.py:732} INFO - ::endgroup::
[2026-02-02T16:23:40.981+0000] {baseoperator.py:423} WARNING - ExternalTaskSensor.execute cannot be called outside TaskInstance!
[2026-02-02T16:23:40.990+0000] {external_task.py:274} INFO - Poking for DAG 'download_iot' on 2026-02-02T14:37:26.092251+00:00 ... 
[2026-02-02T16:23:41.021+0000] {warnings.py:109} WARNING - /home/***/.local/lib/python3.9/site-packages/***/utils/session.py:97: DeprecationWarning: This method is deprecated and will be removed in future.
  return func(*args, session=session, **kwargs)

[2026-02-02T16:23:41.063+0000] {taskinstance.py:310} INFO - Rescheduling task, marking task as UP_FOR_RESCHEDULE
[2026-02-02T16:23:41.064+0000] {taskinstance.py:341} INFO - ::group::Post task execution logs
[2026-02-02T16:23:41.114+0000] {local_task_job_runner.py:266} INFO - Task exited with return code 0
[2026-02-02T16:23:41.188+0000] {taskinstance.py:3901} INFO - 0 downstream tasks scheduled from follow-on schedule check
[2026-02-02T16:23:41.193+0000] {local_task_job_runner.py:245} INFO - ::endgroup::
[2026-02-02T16:24:41.886+0000] {local_task_job_runner.py:123} INFO - ::group::Pre task execution logs
[2026-02-02T16:24:41.901+0000] {taskinstance.py:2614} INFO - Dependencies all met for dep_context=non-requeueable deps ti=<TaskInstance: parse_iot.check_download_complete manual__2026-02-02T14:37:26.092251+00:00 [queued]>
[2026-02-02T16:24:41.907+0000] {taskinstance.py:2614} INFO - Dependencies all met for dep_context=requeueable deps ti=<TaskInstance: parse_iot.check_download_complete manual__2026-02-02T14:37:26.092251+00:00 [queued]>
[2026-02-02T16:24:41.908+0000] {taskinstance.py:2867} INFO - Starting attempt 2 of 4
[2026-02-02T16:24:41.914+0000] {taskinstance.py:2890} INFO - Executing <Task(ExternalTaskSensor): check_download_complete> on 2026-02-02 14:37:26.092251+00:00
[2026-02-02T16:24:41.918+0000] {standard_task_runner.py:72} INFO - Started process 562 to run task
[2026-02-02T16:24:41.920+0000] {standard_task_runner.py:104} INFO - Running: ['***', 'tasks', 'run', 'parse_iot', 'check_download_complete', 'manual__2026-02-02T14:37:26.092251+00:00', '--job-id', '169', '--raw', '--subdir', 'DAGS_FOLDER/parse_iot.py', '--cfg-path', '/tmp/tmpjpap0td4']
[2026-02-02T16:24:41.921+0000] {standard_task_runner.py:105} INFO - Job 169: Subtask check_download_complete
[2026-02-02T16:24:41.929+0000] {warnings.py:109} WARNING - /home/***/.local/lib/python3.9/site-packages/***/settings.py:209: DeprecationWarning: The sql_alchemy_conn option in [core] has been moved to the sql_alchemy_conn option in [database] - the old setting has been used, but please update your config.
  SQL_ALCHEMY_CONN = conf.get("database", "SQL_ALCHEMY_CONN")

[2026-02-02T16:24:41.948+0000] {task_command.py:467} INFO - Running <TaskInstance: parse_iot.check_download_complete manual__2026-02-02T14:37:26.092251+00:00 [running]> on host 62d0328142ca
[2026-02-02T16:24:41.991+0000] {taskinstance.py:3134} INFO - Exporting env vars: AIRFLOW_CTX_DAG_OWNER='a.sorokin' AIRFLOW_CTX_DAG_ID='parse_iot' AIRFLOW_CTX_TASK_ID='check_download_complete' AIRFLOW_CTX_EXECUTION_DATE='2026-02-02T14:37:26.092251+00:00' AIRFLOW_CTX_TRY_NUMBER='2' AIRFLOW_CTX_DAG_RUN_ID='manual__2026-02-02T14:37:26.092251+00:00'
[2026-02-02T16:24:41.992+0000] {taskinstance.py:732} INFO - ::endgroup::
[2026-02-02T16:24:41.999+0000] {baseoperator.py:423} WARNING - ExternalTaskSensor.execute cannot be called outside TaskInstance!
[2026-02-02T16:24:42.004+0000] {external_task.py:274} INFO - Poking for DAG 'download_iot' on 2026-02-02T14:37:26.092251+00:00 ... 
[2026-02-02T16:24:42.004+0000] {warnings.py:109} WARNING - /home/***/.local/lib/python3.9/site-packages/***/utils/session.py:97: DeprecationWarning: This method is deprecated and will be removed in future.
  return func(*args, session=session, **kwargs)

[2026-02-02T16:24:42.020+0000] {taskinstance.py:310} INFO - Rescheduling task, marking task as UP_FOR_RESCHEDULE
[2026-02-02T16:24:42.020+0000] {taskinstance.py:341} INFO - ::group::Post task execution logs
[2026-02-02T16:24:42.052+0000] {local_task_job_runner.py:266} INFO - Task exited with return code 0
[2026-02-02T16:24:42.072+0000] {taskinstance.py:3901} INFO - 0 downstream tasks scheduled from follow-on schedule check
[2026-02-02T16:24:42.073+0000] {local_task_job_runner.py:245} INFO - ::endgroup::
[2026-02-02T16:25:42.705+0000] {local_task_job_runner.py:123} INFO - ::group::Pre task execution logs
[2026-02-02T16:25:42.720+0000] {taskinstance.py:2614} INFO - Dependencies all met for dep_context=non-requeueable deps ti=<TaskInstance: parse_iot.check_download_complete manual__2026-02-02T14:37:26.092251+00:00 [queued]>
[2026-02-02T16:25:42.727+0000] {taskinstance.py:2614} INFO - Dependencies all met for dep_context=requeueable deps ti=<TaskInstance: parse_iot.check_download_complete manual__2026-02-02T14:37:26.092251+00:00 [queued]>
[2026-02-02T16:25:42.727+0000] {taskinstance.py:2867} INFO - Starting attempt 2 of 4
[2026-02-02T16:25:42.733+0000] {taskinstance.py:2890} INFO - Executing <Task(ExternalTaskSensor): check_download_complete> on 2026-02-02 14:37:26.092251+00:00
[2026-02-02T16:25:42.738+0000] {standard_task_runner.py:72} INFO - Started process 586 to run task
[2026-02-02T16:25:42.740+0000] {standard_task_runner.py:104} INFO - Running: ['***', 'tasks', 'run', 'parse_iot', 'check_download_complete', 'manual__2026-02-02T14:37:26.092251+00:00', '--job-id', '175', '--raw', '--subdir', 'DAGS_FOLDER/parse_iot.py', '--cfg-path', '/tmp/tmpbrr57oln']
[2026-02-02T16:25:42.741+0000] {standard_task_runner.py:105} INFO - Job 175: Subtask check_download_complete
[2026-02-02T16:25:42.749+0000] {warnings.py:109} WARNING - /home/***/.local/lib/python3.9/site-packages/***/settings.py:209: DeprecationWarning: The sql_alchemy_conn option in [core] has been moved to the sql_alchemy_conn option in [database] - the old setting has been used, but please update your config.
  SQL_ALCHEMY_CONN = conf.get("database", "SQL_ALCHEMY_CONN")

[2026-02-02T16:25:42.769+0000] {task_command.py:467} INFO - Running <TaskInstance: parse_iot.check_download_complete manual__2026-02-02T14:37:26.092251+00:00 [running]> on host 62d0328142ca
[2026-02-02T16:25:42.815+0000] {taskinstance.py:3134} INFO - Exporting env vars: AIRFLOW_CTX_DAG_OWNER='a.sorokin' AIRFLOW_CTX_DAG_ID='parse_iot' AIRFLOW_CTX_TASK_ID='check_download_complete' AIRFLOW_CTX_EXECUTION_DATE='2026-02-02T14:37:26.092251+00:00' AIRFLOW_CTX_TRY_NUMBER='2' AIRFLOW_CTX_DAG_RUN_ID='manual__2026-02-02T14:37:26.092251+00:00'
[2026-02-02T16:25:42.815+0000] {taskinstance.py:732} INFO - ::endgroup::
[2026-02-02T16:25:42.822+0000] {baseoperator.py:423} WARNING - ExternalTaskSensor.execute cannot be called outside TaskInstance!
[2026-02-02T16:25:42.828+0000] {external_task.py:274} INFO - Poking for DAG 'download_iot' on 2026-02-02T14:37:26.092251+00:00 ... 
[2026-02-02T16:25:42.829+0000] {warnings.py:109} WARNING - /home/***/.local/lib/python3.9/site-packages/***/utils/session.py:97: DeprecationWarning: This method is deprecated and will be removed in future.
  return func(*args, session=session, **kwargs)

[2026-02-02T16:25:42.850+0000] {taskinstance.py:310} INFO - Rescheduling task, marking task as UP_FOR_RESCHEDULE
[2026-02-02T16:25:42.850+0000] {taskinstance.py:341} INFO - ::group::Post task execution logs
[2026-02-02T16:25:42.872+0000] {local_task_job_runner.py:266} INFO - Task exited with return code 0
[2026-02-02T16:25:42.893+0000] {taskinstance.py:3901} INFO - 0 downstream tasks scheduled from follow-on schedule check
[2026-02-02T16:25:42.894+0000] {local_task_job_runner.py:245} INFO - ::endgroup::
[2026-02-02T16:26:43.443+0000] {local_task_job_runner.py:123} INFO - ::group::Pre task execution logs
[2026-02-02T16:26:43.459+0000] {taskinstance.py:2614} INFO - Dependencies all met for dep_context=non-requeueable deps ti=<TaskInstance: parse_iot.check_download_complete manual__2026-02-02T14:37:26.092251+00:00 [queued]>
[2026-02-02T16:26:43.465+0000] {taskinstance.py:2614} INFO - Dependencies all met for dep_context=requeueable deps ti=<TaskInstance: parse_iot.check_download_complete manual__2026-02-02T14:37:26.092251+00:00 [queued]>
[2026-02-02T16:26:43.465+0000] {taskinstance.py:2867} INFO - Starting attempt 2 of 4
[2026-02-02T16:26:43.472+0000] {taskinstance.py:2890} INFO - Executing <Task(ExternalTaskSensor): check_download_complete> on 2026-02-02 14:37:26.092251+00:00
[2026-02-02T16:26:43.478+0000] {standard_task_runner.py:72} INFO - Started process 598 to run task
[2026-02-02T16:26:43.481+0000] {standard_task_runner.py:104} INFO - Running: ['***', 'tasks', 'run', 'parse_iot', 'check_download_complete', 'manual__2026-02-02T14:37:26.092251+00:00', '--job-id', '178', '--raw', '--subdir', 'DAGS_FOLDER/parse_iot.py', '--cfg-path', '/tmp/tmpgti1zrk9']
[2026-02-02T16:26:43.483+0000] {standard_task_runner.py:105} INFO - Job 178: Subtask check_download_complete
[2026-02-02T16:26:43.493+0000] {warnings.py:109} WARNING - /home/***/.local/lib/python3.9/site-packages/***/settings.py:209: DeprecationWarning: The sql_alchemy_conn option in [core] has been moved to the sql_alchemy_conn option in [database] - the old setting has been used, but please update your config.
  SQL_ALCHEMY_CONN = conf.get("database", "SQL_ALCHEMY_CONN")

[2026-02-02T16:26:43.514+0000] {task_command.py:467} INFO - Running <TaskInstance: parse_iot.check_download_complete manual__2026-02-02T14:37:26.092251+00:00 [running]> on host 62d0328142ca
[2026-02-02T16:26:43.559+0000] {taskinstance.py:3134} INFO - Exporting env vars: AIRFLOW_CTX_DAG_OWNER='a.sorokin' AIRFLOW_CTX_DAG_ID='parse_iot' AIRFLOW_CTX_TASK_ID='check_download_complete' AIRFLOW_CTX_EXECUTION_DATE='2026-02-02T14:37:26.092251+00:00' AIRFLOW_CTX_TRY_NUMBER='2' AIRFLOW_CTX_DAG_RUN_ID='manual__2026-02-02T14:37:26.092251+00:00'
[2026-02-02T16:26:43.559+0000] {taskinstance.py:732} INFO - ::endgroup::
[2026-02-02T16:26:43.567+0000] {baseoperator.py:423} WARNING - ExternalTaskSensor.execute cannot be called outside TaskInstance!
[2026-02-02T16:26:43.572+0000] {external_task.py:274} INFO - Poking for DAG 'download_iot' on 2026-02-02T14:37:26.092251+00:00 ... 
[2026-02-02T16:26:43.573+0000] {warnings.py:109} WARNING - /home/***/.local/lib/python3.9/site-packages/***/utils/session.py:97: DeprecationWarning: This method is deprecated and will be removed in future.
  return func(*args, session=session, **kwargs)

[2026-02-02T16:26:43.589+0000] {taskinstance.py:310} INFO - Rescheduling task, marking task as UP_FOR_RESCHEDULE
[2026-02-02T16:26:43.589+0000] {taskinstance.py:341} INFO - ::group::Post task execution logs
[2026-02-02T16:26:43.613+0000] {local_task_job_runner.py:266} INFO - Task exited with return code 0
[2026-02-02T16:26:43.638+0000] {taskinstance.py:3901} INFO - 0 downstream tasks scheduled from follow-on schedule check
[2026-02-02T16:26:43.639+0000] {local_task_job_runner.py:245} INFO - ::endgroup::
[2026-02-02T16:27:44.180+0000] {local_task_job_runner.py:123} INFO - ::group::Pre task execution logs
[2026-02-02T16:27:44.195+0000] {taskinstance.py:2614} INFO - Dependencies all met for dep_context=non-requeueable deps ti=<TaskInstance: parse_iot.check_download_complete manual__2026-02-02T14:37:26.092251+00:00 [queued]>
[2026-02-02T16:27:44.201+0000] {taskinstance.py:2614} INFO - Dependencies all met for dep_context=requeueable deps ti=<TaskInstance: parse_iot.check_download_complete manual__2026-02-02T14:37:26.092251+00:00 [queued]>
[2026-02-02T16:27:44.201+0000] {taskinstance.py:2867} INFO - Starting attempt 2 of 4
[2026-02-02T16:27:44.208+0000] {taskinstance.py:2890} INFO - Executing <Task(ExternalTaskSensor): check_download_complete> on 2026-02-02 14:37:26.092251+00:00
[2026-02-02T16:27:44.213+0000] {standard_task_runner.py:72} INFO - Started process 610 to run task
[2026-02-02T16:27:44.215+0000] {standard_task_runner.py:104} INFO - Running: ['***', 'tasks', 'run', 'parse_iot', 'check_download_complete', 'manual__2026-02-02T14:37:26.092251+00:00', '--job-id', '181', '--raw', '--subdir', 'DAGS_FOLDER/parse_iot.py', '--cfg-path', '/tmp/tmpo6xj6b9s']
[2026-02-02T16:27:44.216+0000] {standard_task_runner.py:105} INFO - Job 181: Subtask check_download_complete
[2026-02-02T16:27:44.225+0000] {warnings.py:109} WARNING - /home/***/.local/lib/python3.9/site-packages/***/settings.py:209: DeprecationWarning: The sql_alchemy_conn option in [core] has been moved to the sql_alchemy_conn option in [database] - the old setting has been used, but please update your config.
  SQL_ALCHEMY_CONN = conf.get("database", "SQL_ALCHEMY_CONN")

[2026-02-02T16:27:44.244+0000] {task_command.py:467} INFO - Running <TaskInstance: parse_iot.check_download_complete manual__2026-02-02T14:37:26.092251+00:00 [running]> on host 62d0328142ca
[2026-02-02T16:27:44.298+0000] {taskinstance.py:3134} INFO - Exporting env vars: AIRFLOW_CTX_DAG_OWNER='a.sorokin' AIRFLOW_CTX_DAG_ID='parse_iot' AIRFLOW_CTX_TASK_ID='check_download_complete' AIRFLOW_CTX_EXECUTION_DATE='2026-02-02T14:37:26.092251+00:00' AIRFLOW_CTX_TRY_NUMBER='2' AIRFLOW_CTX_DAG_RUN_ID='manual__2026-02-02T14:37:26.092251+00:00'
[2026-02-02T16:27:44.298+0000] {taskinstance.py:732} INFO - ::endgroup::
[2026-02-02T16:27:44.305+0000] {baseoperator.py:423} WARNING - ExternalTaskSensor.execute cannot be called outside TaskInstance!
[2026-02-02T16:27:44.311+0000] {external_task.py:274} INFO - Poking for DAG 'download_iot' on 2026-02-02T14:37:26.092251+00:00 ... 
[2026-02-02T16:27:44.311+0000] {warnings.py:109} WARNING - /home/***/.local/lib/python3.9/site-packages/***/utils/session.py:97: DeprecationWarning: This method is deprecated and will be removed in future.
  return func(*args, session=session, **kwargs)

[2026-02-02T16:27:44.327+0000] {taskinstance.py:310} INFO - Rescheduling task, marking task as UP_FOR_RESCHEDULE
[2026-02-02T16:27:44.327+0000] {taskinstance.py:341} INFO - ::group::Post task execution logs
[2026-02-02T16:27:44.347+0000] {local_task_job_runner.py:266} INFO - Task exited with return code 0
[2026-02-02T16:27:44.368+0000] {taskinstance.py:3901} INFO - 0 downstream tasks scheduled from follow-on schedule check
[2026-02-02T16:27:44.369+0000] {local_task_job_runner.py:245} INFO - ::endgroup::
