[2026-02-16T18:07:11.778+0000] {local_task_job_runner.py:123} INFO - ::group::Pre task execution logs
[2026-02-16T18:07:11.791+0000] {taskinstance.py:2614} INFO - Dependencies all met for dep_context=non-requeueable deps ti=<TaskInstance: date_load_postgres.check_parse_data manual__2026-02-16T17:59:42.143689+00:00 [queued]>
[2026-02-16T18:07:11.796+0000] {taskinstance.py:2614} INFO - Dependencies all met for dep_context=requeueable deps ti=<TaskInstance: date_load_postgres.check_parse_data manual__2026-02-16T17:59:42.143689+00:00 [queued]>
[2026-02-16T18:07:11.796+0000] {taskinstance.py:2867} INFO - Starting attempt 4 of 7
[2026-02-16T18:07:11.803+0000] {taskinstance.py:2890} INFO - Executing <Task(PythonSensor): check_parse_data> on 2026-02-16 17:59:42.143689+00:00
[2026-02-16T18:07:11.808+0000] {standard_task_runner.py:72} INFO - Started process 449 to run task
[2026-02-16T18:07:11.810+0000] {standard_task_runner.py:104} INFO - Running: ['***', 'tasks', 'run', 'date_load_postgres', 'check_parse_data', 'manual__2026-02-16T17:59:42.143689+00:00', '--job-id', '83', '--raw', '--subdir', 'DAGS_FOLDER/date_load_postrges.py', '--cfg-path', '/tmp/tmpmt2lbzfa']
[2026-02-16T18:07:11.811+0000] {standard_task_runner.py:105} INFO - Job 83: Subtask check_parse_data
[2026-02-16T18:07:11.821+0000] {warnings.py:109} WARNING - /home/***/.local/lib/python3.9/site-packages/***/settings.py:209: DeprecationWarning: The sql_alchemy_conn option in [core] has been moved to the sql_alchemy_conn option in [database] - the old setting has been used, but please update your config.
  SQL_ALCHEMY_CONN = conf.get("database", "SQL_ALCHEMY_CONN")

[2026-02-16T18:07:11.841+0000] {task_command.py:467} INFO - Running <TaskInstance: date_load_postgres.check_parse_data manual__2026-02-16T17:59:42.143689+00:00 [running]> on host 80c391c4cc85
[2026-02-16T18:07:11.896+0000] {taskinstance.py:3134} INFO - Exporting env vars: AIRFLOW_CTX_DAG_OWNER='a.sorokin' AIRFLOW_CTX_DAG_ID='date_load_postgres' AIRFLOW_CTX_TASK_ID='check_parse_data' AIRFLOW_CTX_EXECUTION_DATE='2026-02-16T17:59:42.143689+00:00' AIRFLOW_CTX_TRY_NUMBER='4' AIRFLOW_CTX_DAG_RUN_ID='manual__2026-02-16T17:59:42.143689+00:00'
[2026-02-16T18:07:11.896+0000] {taskinstance.py:732} INFO - ::endgroup::
[2026-02-16T18:07:11.904+0000] {python.py:75} INFO - Poking callable: <function check_parse_data at 0x7ae674578ca0>
[2026-02-16T18:07:11.905+0000] {base.py:339} INFO - Success criteria met. Exiting.
[2026-02-16T18:07:11.913+0000] {taskinstance.py:341} INFO - ::group::Post task execution logs
[2026-02-16T18:07:11.913+0000] {taskinstance.py:353} INFO - Marking task as SUCCESS. dag_id=date_load_postgres, task_id=check_parse_data, run_id=manual__2026-02-16T17:59:42.143689+00:00, execution_date=20260216T175942, start_date=20260216T180711, end_date=20260216T180711
[2026-02-16T18:07:11.942+0000] {local_task_job_runner.py:266} INFO - Task exited with return code 0
[2026-02-16T18:07:11.966+0000] {taskinstance.py:3901} INFO - 1 downstream tasks scheduled from follow-on schedule check
[2026-02-16T18:07:11.967+0000] {local_task_job_runner.py:245} INFO - ::endgroup::
