[2026-02-14T16:31:19.461+0000] {local_task_job_runner.py:123} INFO - ::group::Pre task execution logs
[2026-02-14T16:31:19.481+0000] {taskinstance.py:2614} INFO - Dependencies all met for dep_context=non-requeueable deps ti=<TaskInstance: parse_iot.check_download_complete scheduled__2026-02-02T10:00:00+00:00 [queued]>
[2026-02-14T16:31:19.488+0000] {taskinstance.py:2614} INFO - Dependencies all met for dep_context=requeueable deps ti=<TaskInstance: parse_iot.check_download_complete scheduled__2026-02-02T10:00:00+00:00 [queued]>
[2026-02-14T16:31:19.489+0000] {taskinstance.py:2867} INFO - Starting attempt 1 of 4
[2026-02-14T16:31:19.496+0000] {taskinstance.py:2890} INFO - Executing <Task(ExternalTaskSensor): check_download_complete> on 2026-02-02 10:00:00+00:00
[2026-02-14T16:31:19.501+0000] {standard_task_runner.py:72} INFO - Started process 231 to run task
[2026-02-14T16:31:19.503+0000] {standard_task_runner.py:104} INFO - Running: ['***', 'tasks', 'run', 'parse_iot', 'check_download_complete', 'scheduled__2026-02-02T10:00:00+00:00', '--job-id', '41', '--raw', '--subdir', 'DAGS_FOLDER/parse_iot.py', '--cfg-path', '/tmp/tmp0ulbfflt']
[2026-02-14T16:31:19.505+0000] {standard_task_runner.py:105} INFO - Job 41: Subtask check_download_complete
[2026-02-14T16:31:19.513+0000] {warnings.py:109} WARNING - /home/***/.local/lib/python3.9/site-packages/***/settings.py:209: DeprecationWarning: The sql_alchemy_conn option in [core] has been moved to the sql_alchemy_conn option in [database] - the old setting has been used, but please update your config.
  SQL_ALCHEMY_CONN = conf.get("database", "SQL_ALCHEMY_CONN")

[2026-02-14T16:31:19.537+0000] {task_command.py:467} INFO - Running <TaskInstance: parse_iot.check_download_complete scheduled__2026-02-02T10:00:00+00:00 [running]> on host a5c4ed865bb5
[2026-02-14T16:31:19.538+0000] {warnings.py:109} WARNING - /home/***/.local/lib/python3.9/site-packages/***/settings.py:470: DeprecationWarning: The sql_alchemy_conn option in [core] has been moved to the sql_alchemy_conn option in [database] - the old setting has been used, but please update your config.
  if conf.get("database", "sql_alchemy_conn") == "none://":

[2026-02-14T16:31:19.584+0000] {taskinstance.py:3134} INFO - Exporting env vars: AIRFLOW_CTX_DAG_OWNER='a.sorokin' AIRFLOW_CTX_DAG_ID='parse_iot' AIRFLOW_CTX_TASK_ID='check_download_complete' AIRFLOW_CTX_EXECUTION_DATE='2026-02-02T10:00:00+00:00' AIRFLOW_CTX_TRY_NUMBER='1' AIRFLOW_CTX_DAG_RUN_ID='scheduled__2026-02-02T10:00:00+00:00'
[2026-02-14T16:31:19.585+0000] {taskinstance.py:732} INFO - ::endgroup::
[2026-02-14T16:31:19.592+0000] {baseoperator.py:423} WARNING - ExternalTaskSensor.execute cannot be called outside TaskInstance!
[2026-02-14T16:31:19.598+0000] {external_task.py:274} INFO - Poking for DAG 'download_iot' on 2026-02-02T10:00:00+00:00 ... 
[2026-02-14T16:31:19.598+0000] {warnings.py:109} WARNING - /home/***/.local/lib/python3.9/site-packages/***/utils/session.py:97: DeprecationWarning: This method is deprecated and will be removed in future.
  return func(*args, session=session, **kwargs)

[2026-02-14T16:31:19.604+0000] {base.py:339} INFO - Success criteria met. Exiting.
[2026-02-14T16:31:19.610+0000] {taskinstance.py:341} INFO - ::group::Post task execution logs
[2026-02-14T16:31:19.610+0000] {taskinstance.py:353} INFO - Marking task as SUCCESS. dag_id=parse_iot, task_id=check_download_complete, run_id=scheduled__2026-02-02T10:00:00+00:00, execution_date=20260202T100000, start_date=20260214T163119, end_date=20260214T163119
[2026-02-14T16:31:19.635+0000] {local_task_job_runner.py:266} INFO - Task exited with return code 0
[2026-02-14T16:31:19.657+0000] {taskinstance.py:3901} INFO - 0 downstream tasks scheduled from follow-on schedule check
[2026-02-14T16:31:19.658+0000] {local_task_job_runner.py:245} INFO - ::endgroup::
[2026-02-14T17:48:37.357+0000] {local_task_job_runner.py:123} INFO - ::group::Pre task execution logs
[2026-02-14T17:48:37.373+0000] {taskinstance.py:2614} INFO - Dependencies all met for dep_context=non-requeueable deps ti=<TaskInstance: parse_iot.check_download_complete scheduled__2026-02-02T10:00:00+00:00 [queued]>
[2026-02-14T17:48:37.380+0000] {taskinstance.py:2614} INFO - Dependencies all met for dep_context=requeueable deps ti=<TaskInstance: parse_iot.check_download_complete scheduled__2026-02-02T10:00:00+00:00 [queued]>
[2026-02-14T17:48:37.380+0000] {taskinstance.py:2867} INFO - Starting attempt 1 of 4
[2026-02-14T17:48:37.386+0000] {taskinstance.py:2890} INFO - Executing <Task(ExternalTaskSensor): check_download_complete> on 2026-02-02 10:00:00+00:00
[2026-02-14T17:48:37.391+0000] {standard_task_runner.py:72} INFO - Started process 271 to run task
[2026-02-14T17:48:37.393+0000] {standard_task_runner.py:104} INFO - Running: ['***', 'tasks', 'run', 'parse_iot', 'check_download_complete', 'scheduled__2026-02-02T10:00:00+00:00', '--job-id', '51', '--raw', '--subdir', 'DAGS_FOLDER/parse_iot.py', '--cfg-path', '/tmp/tmpnmqcrxah']
[2026-02-14T17:48:37.394+0000] {standard_task_runner.py:105} INFO - Job 51: Subtask check_download_complete
[2026-02-14T17:48:37.403+0000] {warnings.py:109} WARNING - /home/***/.local/lib/python3.9/site-packages/***/settings.py:209: DeprecationWarning: The sql_alchemy_conn option in [core] has been moved to the sql_alchemy_conn option in [database] - the old setting has been used, but please update your config.
  SQL_ALCHEMY_CONN = conf.get("database", "SQL_ALCHEMY_CONN")

[2026-02-14T17:48:37.423+0000] {task_command.py:467} INFO - Running <TaskInstance: parse_iot.check_download_complete scheduled__2026-02-02T10:00:00+00:00 [running]> on host 9052c134cdec
[2026-02-14T17:48:37.424+0000] {warnings.py:109} WARNING - /home/***/.local/lib/python3.9/site-packages/***/settings.py:470: DeprecationWarning: The sql_alchemy_conn option in [core] has been moved to the sql_alchemy_conn option in [database] - the old setting has been used, but please update your config.
  if conf.get("database", "sql_alchemy_conn") == "none://":

[2026-02-14T17:48:37.468+0000] {taskinstance.py:3134} INFO - Exporting env vars: AIRFLOW_CTX_DAG_OWNER='a.sorokin' AIRFLOW_CTX_DAG_ID='parse_iot' AIRFLOW_CTX_TASK_ID='check_download_complete' AIRFLOW_CTX_EXECUTION_DATE='2026-02-02T10:00:00+00:00' AIRFLOW_CTX_TRY_NUMBER='1' AIRFLOW_CTX_DAG_RUN_ID='scheduled__2026-02-02T10:00:00+00:00'
[2026-02-14T17:48:37.468+0000] {taskinstance.py:732} INFO - ::endgroup::
[2026-02-14T17:48:37.475+0000] {baseoperator.py:423} WARNING - ExternalTaskSensor.execute cannot be called outside TaskInstance!
[2026-02-14T17:48:37.481+0000] {external_task.py:274} INFO - Poking for DAG 'download_iot' on 2026-02-02T10:00:00+00:00 ... 
[2026-02-14T17:48:37.481+0000] {warnings.py:109} WARNING - /home/***/.local/lib/python3.9/site-packages/***/utils/session.py:97: DeprecationWarning: This method is deprecated and will be removed in future.
  return func(*args, session=session, **kwargs)

[2026-02-14T17:48:37.486+0000] {base.py:339} INFO - Success criteria met. Exiting.
[2026-02-14T17:48:37.492+0000] {taskinstance.py:341} INFO - ::group::Post task execution logs
[2026-02-14T17:48:37.492+0000] {taskinstance.py:353} INFO - Marking task as SUCCESS. dag_id=parse_iot, task_id=check_download_complete, run_id=scheduled__2026-02-02T10:00:00+00:00, execution_date=20260202T100000, start_date=20260214T174837, end_date=20260214T174837
[2026-02-14T17:48:37.525+0000] {local_task_job_runner.py:266} INFO - Task exited with return code 0
[2026-02-14T17:48:37.546+0000] {taskinstance.py:3901} INFO - 0 downstream tasks scheduled from follow-on schedule check
[2026-02-14T17:48:37.547+0000] {local_task_job_runner.py:245} INFO - ::endgroup::
[2026-02-14T18:13:43.953+0000] {local_task_job_runner.py:123} INFO - ::group::Pre task execution logs
[2026-02-14T18:13:43.971+0000] {taskinstance.py:2614} INFO - Dependencies all met for dep_context=non-requeueable deps ti=<TaskInstance: parse_iot.check_download_complete scheduled__2026-02-02T10:00:00+00:00 [queued]>
[2026-02-14T18:13:43.979+0000] {taskinstance.py:2614} INFO - Dependencies all met for dep_context=requeueable deps ti=<TaskInstance: parse_iot.check_download_complete scheduled__2026-02-02T10:00:00+00:00 [queued]>
[2026-02-14T18:13:43.979+0000] {taskinstance.py:2867} INFO - Starting attempt 1 of 4
[2026-02-14T18:13:43.988+0000] {taskinstance.py:2890} INFO - Executing <Task(ExternalTaskSensor): check_download_complete> on 2026-02-02 10:00:00+00:00
[2026-02-14T18:13:43.993+0000] {standard_task_runner.py:72} INFO - Started process 259 to run task
[2026-02-14T18:13:43.995+0000] {standard_task_runner.py:104} INFO - Running: ['***', 'tasks', 'run', 'parse_iot', 'check_download_complete', 'scheduled__2026-02-02T10:00:00+00:00', '--job-id', '48', '--raw', '--subdir', 'DAGS_FOLDER/parse_iot.py', '--cfg-path', '/tmp/tmpaes36py0']
[2026-02-14T18:13:43.997+0000] {standard_task_runner.py:105} INFO - Job 48: Subtask check_download_complete
[2026-02-14T18:13:44.006+0000] {warnings.py:109} WARNING - /home/***/.local/lib/python3.9/site-packages/***/settings.py:209: DeprecationWarning: The sql_alchemy_conn option in [core] has been moved to the sql_alchemy_conn option in [database] - the old setting has been used, but please update your config.
  SQL_ALCHEMY_CONN = conf.get("database", "SQL_ALCHEMY_CONN")

[2026-02-14T18:13:44.031+0000] {task_command.py:467} INFO - Running <TaskInstance: parse_iot.check_download_complete scheduled__2026-02-02T10:00:00+00:00 [running]> on host bb762b62a2c2
[2026-02-14T18:13:44.032+0000] {warnings.py:109} WARNING - /home/***/.local/lib/python3.9/site-packages/***/settings.py:470: DeprecationWarning: The sql_alchemy_conn option in [core] has been moved to the sql_alchemy_conn option in [database] - the old setting has been used, but please update your config.
  if conf.get("database", "sql_alchemy_conn") == "none://":

[2026-02-14T18:13:44.086+0000] {taskinstance.py:3134} INFO - Exporting env vars: AIRFLOW_CTX_DAG_OWNER='a.sorokin' AIRFLOW_CTX_DAG_ID='parse_iot' AIRFLOW_CTX_TASK_ID='check_download_complete' AIRFLOW_CTX_EXECUTION_DATE='2026-02-02T10:00:00+00:00' AIRFLOW_CTX_TRY_NUMBER='1' AIRFLOW_CTX_DAG_RUN_ID='scheduled__2026-02-02T10:00:00+00:00'
[2026-02-14T18:13:44.086+0000] {taskinstance.py:732} INFO - ::endgroup::
[2026-02-14T18:13:44.094+0000] {baseoperator.py:423} WARNING - ExternalTaskSensor.execute cannot be called outside TaskInstance!
[2026-02-14T18:13:44.100+0000] {external_task.py:274} INFO - Poking for DAG 'download_iot' on 2026-02-02T10:00:00+00:00 ... 
[2026-02-14T18:13:44.100+0000] {warnings.py:109} WARNING - /home/***/.local/lib/python3.9/site-packages/***/utils/session.py:97: DeprecationWarning: This method is deprecated and will be removed in future.
  return func(*args, session=session, **kwargs)

[2026-02-14T18:13:44.106+0000] {base.py:339} INFO - Success criteria met. Exiting.
[2026-02-14T18:13:44.114+0000] {taskinstance.py:341} INFO - ::group::Post task execution logs
[2026-02-14T18:13:44.114+0000] {taskinstance.py:353} INFO - Marking task as SUCCESS. dag_id=parse_iot, task_id=check_download_complete, run_id=scheduled__2026-02-02T10:00:00+00:00, execution_date=20260202T100000, start_date=20260214T181343, end_date=20260214T181344
[2026-02-14T18:13:44.167+0000] {local_task_job_runner.py:266} INFO - Task exited with return code 0
[2026-02-14T18:13:44.199+0000] {taskinstance.py:3901} INFO - 1 downstream tasks scheduled from follow-on schedule check
[2026-02-14T18:13:44.200+0000] {local_task_job_runner.py:245} INFO - ::endgroup::
[2026-02-16T14:45:37.122+0000] {local_task_job_runner.py:123} INFO - ::group::Pre task execution logs
[2026-02-16T14:45:37.140+0000] {taskinstance.py:2614} INFO - Dependencies all met for dep_context=non-requeueable deps ti=<TaskInstance: parse_iot.check_download_complete scheduled__2026-02-02T10:00:00+00:00 [queued]>
[2026-02-16T14:45:37.147+0000] {taskinstance.py:2614} INFO - Dependencies all met for dep_context=requeueable deps ti=<TaskInstance: parse_iot.check_download_complete scheduled__2026-02-02T10:00:00+00:00 [queued]>
[2026-02-16T14:45:37.147+0000] {taskinstance.py:2867} INFO - Starting attempt 1 of 4
[2026-02-16T14:45:37.155+0000] {taskinstance.py:2890} INFO - Executing <Task(ExternalTaskSensor): check_download_complete> on 2026-02-02 10:00:00+00:00
[2026-02-16T14:45:37.159+0000] {standard_task_runner.py:72} INFO - Started process 270 to run task
[2026-02-16T14:45:37.161+0000] {standard_task_runner.py:104} INFO - Running: ['***', 'tasks', 'run', 'parse_iot', 'check_download_complete', 'scheduled__2026-02-02T10:00:00+00:00', '--job-id', '45', '--raw', '--subdir', 'DAGS_FOLDER/parse_iot.py', '--cfg-path', '/tmp/tmp5fdu37xt']
[2026-02-16T14:45:37.163+0000] {standard_task_runner.py:105} INFO - Job 45: Subtask check_download_complete
[2026-02-16T14:45:37.171+0000] {warnings.py:109} WARNING - /home/***/.local/lib/python3.9/site-packages/***/settings.py:209: DeprecationWarning: The sql_alchemy_conn option in [core] has been moved to the sql_alchemy_conn option in [database] - the old setting has been used, but please update your config.
  SQL_ALCHEMY_CONN = conf.get("database", "SQL_ALCHEMY_CONN")

[2026-02-16T14:45:37.192+0000] {task_command.py:467} INFO - Running <TaskInstance: parse_iot.check_download_complete scheduled__2026-02-02T10:00:00+00:00 [running]> on host cd96c4fa192f
[2026-02-16T14:45:37.193+0000] {warnings.py:109} WARNING - /home/***/.local/lib/python3.9/site-packages/***/settings.py:470: DeprecationWarning: The sql_alchemy_conn option in [core] has been moved to the sql_alchemy_conn option in [database] - the old setting has been used, but please update your config.
  if conf.get("database", "sql_alchemy_conn") == "none://":

[2026-02-16T14:45:37.242+0000] {taskinstance.py:3134} INFO - Exporting env vars: AIRFLOW_CTX_DAG_OWNER='a.sorokin' AIRFLOW_CTX_DAG_ID='parse_iot' AIRFLOW_CTX_TASK_ID='check_download_complete' AIRFLOW_CTX_EXECUTION_DATE='2026-02-02T10:00:00+00:00' AIRFLOW_CTX_TRY_NUMBER='1' AIRFLOW_CTX_DAG_RUN_ID='scheduled__2026-02-02T10:00:00+00:00'
[2026-02-16T14:45:37.243+0000] {taskinstance.py:732} INFO - ::endgroup::
[2026-02-16T14:45:37.251+0000] {baseoperator.py:423} WARNING - ExternalTaskSensor.execute cannot be called outside TaskInstance!
[2026-02-16T14:45:37.257+0000] {external_task.py:274} INFO - Poking for DAG 'download_iot' on 2026-02-02T10:00:00+00:00 ... 
[2026-02-16T14:45:37.258+0000] {warnings.py:109} WARNING - /home/***/.local/lib/python3.9/site-packages/***/utils/session.py:97: DeprecationWarning: This method is deprecated and will be removed in future.
  return func(*args, session=session, **kwargs)

[2026-02-16T14:45:37.263+0000] {base.py:339} INFO - Success criteria met. Exiting.
[2026-02-16T14:45:37.270+0000] {taskinstance.py:341} INFO - ::group::Post task execution logs
[2026-02-16T14:45:37.271+0000] {taskinstance.py:353} INFO - Marking task as SUCCESS. dag_id=parse_iot, task_id=check_download_complete, run_id=scheduled__2026-02-02T10:00:00+00:00, execution_date=20260202T100000, start_date=20260216T144537, end_date=20260216T144537
[2026-02-16T14:45:37.293+0000] {local_task_job_runner.py:266} INFO - Task exited with return code 0
[2026-02-16T14:45:37.315+0000] {taskinstance.py:3901} INFO - 0 downstream tasks scheduled from follow-on schedule check
[2026-02-16T14:45:37.316+0000] {local_task_job_runner.py:245} INFO - ::endgroup::
[2026-02-16T15:15:29.721+0000] {local_task_job_runner.py:123} INFO - ::group::Pre task execution logs
[2026-02-16T15:15:29.739+0000] {taskinstance.py:2614} INFO - Dependencies all met for dep_context=non-requeueable deps ti=<TaskInstance: parse_iot.check_download_complete scheduled__2026-02-02T10:00:00+00:00 [queued]>
[2026-02-16T15:15:29.746+0000] {taskinstance.py:2614} INFO - Dependencies all met for dep_context=requeueable deps ti=<TaskInstance: parse_iot.check_download_complete scheduled__2026-02-02T10:00:00+00:00 [queued]>
[2026-02-16T15:15:29.746+0000] {taskinstance.py:2867} INFO - Starting attempt 1 of 4
[2026-02-16T15:15:29.753+0000] {taskinstance.py:2890} INFO - Executing <Task(ExternalTaskSensor): check_download_complete> on 2026-02-02 10:00:00+00:00
[2026-02-16T15:15:29.758+0000] {standard_task_runner.py:72} INFO - Started process 247 to run task
[2026-02-16T15:15:29.760+0000] {standard_task_runner.py:104} INFO - Running: ['***', 'tasks', 'run', 'parse_iot', 'check_download_complete', 'scheduled__2026-02-02T10:00:00+00:00', '--job-id', '45', '--raw', '--subdir', 'DAGS_FOLDER/parse_iot.py', '--cfg-path', '/tmp/tmpv1313q9w']
[2026-02-16T15:15:29.762+0000] {standard_task_runner.py:105} INFO - Job 45: Subtask check_download_complete
[2026-02-16T15:15:29.770+0000] {warnings.py:109} WARNING - /home/***/.local/lib/python3.9/site-packages/***/settings.py:209: DeprecationWarning: The sql_alchemy_conn option in [core] has been moved to the sql_alchemy_conn option in [database] - the old setting has been used, but please update your config.
  SQL_ALCHEMY_CONN = conf.get("database", "SQL_ALCHEMY_CONN")

[2026-02-16T15:15:29.793+0000] {task_command.py:467} INFO - Running <TaskInstance: parse_iot.check_download_complete scheduled__2026-02-02T10:00:00+00:00 [running]> on host fbd3e38838e9
[2026-02-16T15:15:29.793+0000] {warnings.py:109} WARNING - /home/***/.local/lib/python3.9/site-packages/***/settings.py:470: DeprecationWarning: The sql_alchemy_conn option in [core] has been moved to the sql_alchemy_conn option in [database] - the old setting has been used, but please update your config.
  if conf.get("database", "sql_alchemy_conn") == "none://":

[2026-02-16T15:15:29.841+0000] {taskinstance.py:3134} INFO - Exporting env vars: AIRFLOW_CTX_DAG_OWNER='a.sorokin' AIRFLOW_CTX_DAG_ID='parse_iot' AIRFLOW_CTX_TASK_ID='check_download_complete' AIRFLOW_CTX_EXECUTION_DATE='2026-02-02T10:00:00+00:00' AIRFLOW_CTX_TRY_NUMBER='1' AIRFLOW_CTX_DAG_RUN_ID='scheduled__2026-02-02T10:00:00+00:00'
[2026-02-16T15:15:29.841+0000] {taskinstance.py:732} INFO - ::endgroup::
[2026-02-16T15:15:29.849+0000] {baseoperator.py:423} WARNING - ExternalTaskSensor.execute cannot be called outside TaskInstance!
[2026-02-16T15:15:29.855+0000] {external_task.py:274} INFO - Poking for DAG 'download_iot' on 2026-02-02T10:00:00+00:00 ... 
[2026-02-16T15:15:29.855+0000] {warnings.py:109} WARNING - /home/***/.local/lib/python3.9/site-packages/***/utils/session.py:97: DeprecationWarning: This method is deprecated and will be removed in future.
  return func(*args, session=session, **kwargs)

[2026-02-16T15:15:29.861+0000] {base.py:339} INFO - Success criteria met. Exiting.
[2026-02-16T15:15:29.867+0000] {taskinstance.py:341} INFO - ::group::Post task execution logs
[2026-02-16T15:15:29.868+0000] {taskinstance.py:353} INFO - Marking task as SUCCESS. dag_id=parse_iot, task_id=check_download_complete, run_id=scheduled__2026-02-02T10:00:00+00:00, execution_date=20260202T100000, start_date=20260216T151529, end_date=20260216T151529
[2026-02-16T15:15:29.892+0000] {local_task_job_runner.py:266} INFO - Task exited with return code 0
[2026-02-16T15:15:29.916+0000] {taskinstance.py:3901} INFO - 0 downstream tasks scheduled from follow-on schedule check
[2026-02-16T15:15:29.917+0000] {local_task_job_runner.py:245} INFO - ::endgroup::
[2026-02-16T15:43:29.062+0000] {local_task_job_runner.py:123} INFO - ::group::Pre task execution logs
[2026-02-16T15:43:29.081+0000] {taskinstance.py:2614} INFO - Dependencies all met for dep_context=non-requeueable deps ti=<TaskInstance: parse_iot.check_download_complete scheduled__2026-02-02T10:00:00+00:00 [queued]>
[2026-02-16T15:43:29.088+0000] {taskinstance.py:2614} INFO - Dependencies all met for dep_context=requeueable deps ti=<TaskInstance: parse_iot.check_download_complete scheduled__2026-02-02T10:00:00+00:00 [queued]>
[2026-02-16T15:43:29.088+0000] {taskinstance.py:2867} INFO - Starting attempt 1 of 4
[2026-02-16T15:43:29.096+0000] {taskinstance.py:2890} INFO - Executing <Task(ExternalTaskSensor): check_download_complete> on 2026-02-02 10:00:00+00:00
[2026-02-16T15:43:29.100+0000] {standard_task_runner.py:72} INFO - Started process 247 to run task
[2026-02-16T15:43:29.102+0000] {standard_task_runner.py:104} INFO - Running: ['***', 'tasks', 'run', 'parse_iot', 'check_download_complete', 'scheduled__2026-02-02T10:00:00+00:00', '--job-id', '45', '--raw', '--subdir', 'DAGS_FOLDER/parse_iot.py', '--cfg-path', '/tmp/tmpeceo17nl']
[2026-02-16T15:43:29.104+0000] {standard_task_runner.py:105} INFO - Job 45: Subtask check_download_complete
[2026-02-16T15:43:29.112+0000] {warnings.py:109} WARNING - /home/***/.local/lib/python3.9/site-packages/***/settings.py:209: DeprecationWarning: The sql_alchemy_conn option in [core] has been moved to the sql_alchemy_conn option in [database] - the old setting has been used, but please update your config.
  SQL_ALCHEMY_CONN = conf.get("database", "SQL_ALCHEMY_CONN")

[2026-02-16T15:43:29.134+0000] {task_command.py:467} INFO - Running <TaskInstance: parse_iot.check_download_complete scheduled__2026-02-02T10:00:00+00:00 [running]> on host 6ef9a94e694d
[2026-02-16T15:43:29.135+0000] {warnings.py:109} WARNING - /home/***/.local/lib/python3.9/site-packages/***/settings.py:470: DeprecationWarning: The sql_alchemy_conn option in [core] has been moved to the sql_alchemy_conn option in [database] - the old setting has been used, but please update your config.
  if conf.get("database", "sql_alchemy_conn") == "none://":

[2026-02-16T15:43:29.181+0000] {taskinstance.py:3134} INFO - Exporting env vars: AIRFLOW_CTX_DAG_OWNER='a.sorokin' AIRFLOW_CTX_DAG_ID='parse_iot' AIRFLOW_CTX_TASK_ID='check_download_complete' AIRFLOW_CTX_EXECUTION_DATE='2026-02-02T10:00:00+00:00' AIRFLOW_CTX_TRY_NUMBER='1' AIRFLOW_CTX_DAG_RUN_ID='scheduled__2026-02-02T10:00:00+00:00'
[2026-02-16T15:43:29.181+0000] {taskinstance.py:732} INFO - ::endgroup::
[2026-02-16T15:43:29.188+0000] {baseoperator.py:423} WARNING - ExternalTaskSensor.execute cannot be called outside TaskInstance!
[2026-02-16T15:43:29.194+0000] {external_task.py:274} INFO - Poking for DAG 'download_iot' on 2026-02-02T10:00:00+00:00 ... 
[2026-02-16T15:43:29.195+0000] {warnings.py:109} WARNING - /home/***/.local/lib/python3.9/site-packages/***/utils/session.py:97: DeprecationWarning: This method is deprecated and will be removed in future.
  return func(*args, session=session, **kwargs)

[2026-02-16T15:43:29.200+0000] {base.py:339} INFO - Success criteria met. Exiting.
[2026-02-16T15:43:29.206+0000] {taskinstance.py:341} INFO - ::group::Post task execution logs
[2026-02-16T15:43:29.207+0000] {taskinstance.py:353} INFO - Marking task as SUCCESS. dag_id=parse_iot, task_id=check_download_complete, run_id=scheduled__2026-02-02T10:00:00+00:00, execution_date=20260202T100000, start_date=20260216T154329, end_date=20260216T154329
[2026-02-16T15:43:29.234+0000] {local_task_job_runner.py:266} INFO - Task exited with return code 0
[2026-02-16T15:43:29.256+0000] {taskinstance.py:3901} INFO - 0 downstream tasks scheduled from follow-on schedule check
[2026-02-16T15:43:29.257+0000] {local_task_job_runner.py:245} INFO - ::endgroup::
