[2026-02-16T16:57:29.573+0000] {local_task_job_runner.py:123} INFO - ::group::Pre task execution logs
[2026-02-16T16:57:29.584+0000] {taskinstance.py:2604} INFO - Dependencies not met for <TaskInstance: date_load_postgres.parse_data scheduled__2026-02-14T10:00:00+00:00 [queued]>, dependency 'Trigger Rule' FAILED: Task's trigger rule 'all_success' requires all upstream tasks to have succeeded, but found 1 non-success(es). upstream_states=_UpstreamTIStates(success=0, skipped=0, failed=0, upstream_failed=0, removed=0, done=0, success_setup=0, skipped_setup=0), upstream_task_ids={'check_file'}
[2026-02-16T16:57:29.585+0000] {local_task_job_runner.py:166} INFO - Task is not able to be run
[2026-02-16T17:41:59.216+0000] {local_task_job_runner.py:123} INFO - ::group::Pre task execution logs
[2026-02-16T17:41:59.230+0000] {taskinstance.py:2614} INFO - Dependencies all met for dep_context=non-requeueable deps ti=<TaskInstance: date_load_postgres.parse_data scheduled__2026-02-14T10:00:00+00:00 [queued]>
[2026-02-16T17:41:59.236+0000] {taskinstance.py:2614} INFO - Dependencies all met for dep_context=requeueable deps ti=<TaskInstance: date_load_postgres.parse_data scheduled__2026-02-14T10:00:00+00:00 [queued]>
[2026-02-16T17:41:59.236+0000] {taskinstance.py:2867} INFO - Starting attempt 1 of 4
[2026-02-16T17:41:59.244+0000] {taskinstance.py:2890} INFO - Executing <Task(PythonOperator): parse_data> on 2026-02-14 10:00:00+00:00
[2026-02-16T17:41:59.249+0000] {standard_task_runner.py:72} INFO - Started process 284 to run task
[2026-02-16T17:41:59.251+0000] {standard_task_runner.py:104} INFO - Running: ['***', 'tasks', 'run', 'date_load_postgres', 'parse_data', 'scheduled__2026-02-14T10:00:00+00:00', '--job-id', '50', '--raw', '--subdir', 'DAGS_FOLDER/date_load_postrges.py', '--cfg-path', '/tmp/tmputahz_5f']
[2026-02-16T17:41:59.252+0000] {standard_task_runner.py:105} INFO - Job 50: Subtask parse_data
[2026-02-16T17:41:59.261+0000] {warnings.py:109} WARNING - /home/***/.local/lib/python3.9/site-packages/***/settings.py:209: DeprecationWarning: The sql_alchemy_conn option in [core] has been moved to the sql_alchemy_conn option in [database] - the old setting has been used, but please update your config.
  SQL_ALCHEMY_CONN = conf.get("database", "SQL_ALCHEMY_CONN")

[2026-02-16T17:41:59.281+0000] {task_command.py:467} INFO - Running <TaskInstance: date_load_postgres.parse_data scheduled__2026-02-14T10:00:00+00:00 [running]> on host 80c391c4cc85
[2026-02-16T17:41:59.282+0000] {warnings.py:109} WARNING - /home/***/.local/lib/python3.9/site-packages/***/settings.py:470: DeprecationWarning: The sql_alchemy_conn option in [core] has been moved to the sql_alchemy_conn option in [database] - the old setting has been used, but please update your config.
  if conf.get("database", "sql_alchemy_conn") == "none://":

[2026-02-16T17:41:59.326+0000] {taskinstance.py:3134} INFO - Exporting env vars: AIRFLOW_CTX_DAG_OWNER='a.sorokin' AIRFLOW_CTX_DAG_ID='date_load_postgres' AIRFLOW_CTX_TASK_ID='parse_data' AIRFLOW_CTX_EXECUTION_DATE='2026-02-14T10:00:00+00:00' AIRFLOW_CTX_TRY_NUMBER='1' AIRFLOW_CTX_DAG_RUN_ID='scheduled__2026-02-14T10:00:00+00:00'
[2026-02-16T17:41:59.326+0000] {taskinstance.py:732} INFO - ::endgroup::
[2026-02-16T17:42:07.653+0000] {python.py:240} INFO - Done. Returned value was: None
[2026-02-16T17:42:07.660+0000] {taskinstance.py:341} INFO - ::group::Post task execution logs
[2026-02-16T17:42:07.660+0000] {taskinstance.py:353} INFO - Marking task as SUCCESS. dag_id=date_load_postgres, task_id=parse_data, run_id=scheduled__2026-02-14T10:00:00+00:00, execution_date=20260214T100000, start_date=20260216T174159, end_date=20260216T174207
[2026-02-16T17:42:07.712+0000] {local_task_job_runner.py:266} INFO - Task exited with return code 0
[2026-02-16T17:42:07.718+0000] {local_task_job_runner.py:245} INFO - ::endgroup::
