[2026-02-14T16:34:52.453+0000] {local_task_job_runner.py:123} INFO - ::group::Pre task execution logs
[2026-02-14T16:34:52.473+0000] {taskinstance.py:2614} INFO - Dependencies all met for dep_context=non-requeueable deps ti=<TaskInstance: parse_iot.log_info scheduled__2026-02-10T10:00:00+00:00 [queued]>
[2026-02-14T16:34:52.480+0000] {taskinstance.py:2614} INFO - Dependencies all met for dep_context=requeueable deps ti=<TaskInstance: parse_iot.log_info scheduled__2026-02-10T10:00:00+00:00 [queued]>
[2026-02-14T16:34:52.480+0000] {taskinstance.py:2867} INFO - Starting attempt 1 of 4
[2026-02-14T16:34:52.487+0000] {taskinstance.py:2890} INFO - Executing <Task(PythonOperator): log_info> on 2026-02-10 10:00:00+00:00
[2026-02-14T16:34:52.492+0000] {standard_task_runner.py:72} INFO - Started process 723 to run task
[2026-02-14T16:34:52.493+0000] {standard_task_runner.py:104} INFO - Running: ['***', 'tasks', 'run', 'parse_iot', 'log_info', 'scheduled__2026-02-10T10:00:00+00:00', '--job-id', '164', '--raw', '--subdir', 'DAGS_FOLDER/parse_iot.py', '--cfg-path', '/tmp/tmpczccz6a5']
[2026-02-14T16:34:52.495+0000] {standard_task_runner.py:105} INFO - Job 164: Subtask log_info
[2026-02-14T16:34:52.503+0000] {warnings.py:109} WARNING - /home/***/.local/lib/python3.9/site-packages/***/settings.py:209: DeprecationWarning: The sql_alchemy_conn option in [core] has been moved to the sql_alchemy_conn option in [database] - the old setting has been used, but please update your config.
  SQL_ALCHEMY_CONN = conf.get("database", "SQL_ALCHEMY_CONN")

[2026-02-14T16:34:52.525+0000] {task_command.py:467} INFO - Running <TaskInstance: parse_iot.log_info scheduled__2026-02-10T10:00:00+00:00 [running]> on host a5c4ed865bb5
[2026-02-14T16:34:52.525+0000] {warnings.py:109} WARNING - /home/***/.local/lib/python3.9/site-packages/***/settings.py:470: DeprecationWarning: The sql_alchemy_conn option in [core] has been moved to the sql_alchemy_conn option in [database] - the old setting has been used, but please update your config.
  if conf.get("database", "sql_alchemy_conn") == "none://":

[2026-02-14T16:34:52.572+0000] {taskinstance.py:3134} INFO - Exporting env vars: AIRFLOW_CTX_DAG_OWNER='a.sorokin' AIRFLOW_CTX_DAG_ID='parse_iot' AIRFLOW_CTX_TASK_ID='log_info' AIRFLOW_CTX_EXECUTION_DATE='2026-02-10T10:00:00+00:00' AIRFLOW_CTX_TRY_NUMBER='1' AIRFLOW_CTX_DAG_RUN_ID='scheduled__2026-02-10T10:00:00+00:00'
[2026-02-14T16:34:52.573+0000] {taskinstance.py:732} INFO - ::endgroup::
[2026-02-14T16:34:52.634+0000] {parse_iot.py:93} INFO - 5 САМЫX ТЕПЛЫX ДНЕЙ
[2026-02-14T16:34:52.643+0000] {logging_mixin.py:190} INFO -                    id  room_id/id           noted_date  temp out/in
52556  36405_139a524d  Room Admin  2018-09-30 00:00:00    51    Out
52562  36382_f6ec793e  Room Admin  2018-09-30 00:00:00    51    Out
52690  35883_fd412553  Room Admin  2018-09-30 00:00:00    50    Out
53055  34878_739e9bd2  Room Admin  2018-09-29 00:00:00    50    Out
52743  35689_d0cc0553  Room Admin  2018-09-30 00:00:00    50    Out
[2026-02-14T16:34:52.644+0000] {parse_iot.py:96} INFO - 5 САМЫX ХОЛОДНЫХ ДНЕЙ
[2026-02-14T16:34:52.651+0000] {logging_mixin.py:190} INFO -                    id  room_id/id           noted_date  temp out/in
5759  177074_72ce2c39  Room Admin  2018-12-03 00:00:00    21     In
5758  177075_1afebd80  Room Admin  2018-12-03 00:00:00    21     In
5751  177085_72929c6f  Room Admin  2018-12-03 00:00:00    22     In
5750  177086_0a61c668  Room Admin  2018-12-03 00:00:00    22     In
5757  177077_7002033c  Room Admin  2018-12-03 00:00:00    22     In
[2026-02-14T16:34:52.653+0000] {python.py:240} INFO - Done. Returned value was: None
[2026-02-14T16:34:52.660+0000] {taskinstance.py:341} INFO - ::group::Post task execution logs
[2026-02-14T16:34:52.660+0000] {taskinstance.py:353} INFO - Marking task as SUCCESS. dag_id=parse_iot, task_id=log_info, run_id=scheduled__2026-02-10T10:00:00+00:00, execution_date=20260210T100000, start_date=20260214T163452, end_date=20260214T163452
[2026-02-14T16:34:52.705+0000] {local_task_job_runner.py:266} INFO - Task exited with return code 0
[2026-02-14T16:34:52.716+0000] {taskinstance.py:3901} INFO - 0 downstream tasks scheduled from follow-on schedule check
[2026-02-14T16:34:52.717+0000] {local_task_job_runner.py:245} INFO - ::endgroup::
[2026-02-14T17:52:29.618+0000] {local_task_job_runner.py:123} INFO - ::group::Pre task execution logs
[2026-02-14T17:52:29.638+0000] {taskinstance.py:2614} INFO - Dependencies all met for dep_context=non-requeueable deps ti=<TaskInstance: parse_iot.log_info scheduled__2026-02-10T10:00:00+00:00 [queued]>
[2026-02-14T17:52:29.645+0000] {taskinstance.py:2614} INFO - Dependencies all met for dep_context=requeueable deps ti=<TaskInstance: parse_iot.log_info scheduled__2026-02-10T10:00:00+00:00 [queued]>
[2026-02-14T17:52:29.645+0000] {taskinstance.py:2867} INFO - Starting attempt 1 of 4
[2026-02-14T17:52:29.653+0000] {taskinstance.py:2890} INFO - Executing <Task(PythonOperator): log_info> on 2026-02-10 10:00:00+00:00
[2026-02-14T17:52:29.657+0000] {standard_task_runner.py:72} INFO - Started process 759 to run task
[2026-02-14T17:52:29.659+0000] {standard_task_runner.py:104} INFO - Running: ['***', 'tasks', 'run', 'parse_iot', 'log_info', 'scheduled__2026-02-10T10:00:00+00:00', '--job-id', '173', '--raw', '--subdir', 'DAGS_FOLDER/parse_iot.py', '--cfg-path', '/tmp/tmpsff0szgm']
[2026-02-14T17:52:29.661+0000] {standard_task_runner.py:105} INFO - Job 173: Subtask log_info
[2026-02-14T17:52:29.670+0000] {warnings.py:109} WARNING - /home/***/.local/lib/python3.9/site-packages/***/settings.py:209: DeprecationWarning: The sql_alchemy_conn option in [core] has been moved to the sql_alchemy_conn option in [database] - the old setting has been used, but please update your config.
  SQL_ALCHEMY_CONN = conf.get("database", "SQL_ALCHEMY_CONN")

[2026-02-14T17:52:29.692+0000] {task_command.py:467} INFO - Running <TaskInstance: parse_iot.log_info scheduled__2026-02-10T10:00:00+00:00 [running]> on host 9052c134cdec
[2026-02-14T17:52:29.692+0000] {warnings.py:109} WARNING - /home/***/.local/lib/python3.9/site-packages/***/settings.py:470: DeprecationWarning: The sql_alchemy_conn option in [core] has been moved to the sql_alchemy_conn option in [database] - the old setting has been used, but please update your config.
  if conf.get("database", "sql_alchemy_conn") == "none://":

[2026-02-14T17:52:29.742+0000] {taskinstance.py:3134} INFO - Exporting env vars: AIRFLOW_CTX_DAG_OWNER='a.sorokin' AIRFLOW_CTX_DAG_ID='parse_iot' AIRFLOW_CTX_TASK_ID='log_info' AIRFLOW_CTX_EXECUTION_DATE='2026-02-10T10:00:00+00:00' AIRFLOW_CTX_TRY_NUMBER='1' AIRFLOW_CTX_DAG_RUN_ID='scheduled__2026-02-10T10:00:00+00:00'
[2026-02-14T17:52:29.743+0000] {taskinstance.py:732} INFO - ::endgroup::
[2026-02-14T17:52:29.807+0000] {parse_iot.py:93} INFO - 5 САМЫX ТЕПЛЫX ДНЕЙ
[2026-02-14T17:52:29.817+0000] {logging_mixin.py:190} INFO -                    id  room_id/id           noted_date  temp out/in
52556  36405_139a524d  Room Admin  2018-09-30 00:00:00    51    Out
52562  36382_f6ec793e  Room Admin  2018-09-30 00:00:00    51    Out
52690  35883_fd412553  Room Admin  2018-09-30 00:00:00    50    Out
53055  34878_739e9bd2  Room Admin  2018-09-29 00:00:00    50    Out
52743  35689_d0cc0553  Room Admin  2018-09-30 00:00:00    50    Out
[2026-02-14T17:52:29.818+0000] {parse_iot.py:96} INFO - 5 САМЫX ХОЛОДНЫХ ДНЕЙ
[2026-02-14T17:52:29.825+0000] {logging_mixin.py:190} INFO -                    id  room_id/id           noted_date  temp out/in
5759  177074_72ce2c39  Room Admin  2018-12-03 00:00:00    21     In
5758  177075_1afebd80  Room Admin  2018-12-03 00:00:00    21     In
5751  177085_72929c6f  Room Admin  2018-12-03 00:00:00    22     In
5750  177086_0a61c668  Room Admin  2018-12-03 00:00:00    22     In
5757  177077_7002033c  Room Admin  2018-12-03 00:00:00    22     In
[2026-02-14T17:52:29.827+0000] {python.py:240} INFO - Done. Returned value was: None
[2026-02-14T17:52:29.834+0000] {taskinstance.py:341} INFO - ::group::Post task execution logs
[2026-02-14T17:52:29.834+0000] {taskinstance.py:353} INFO - Marking task as SUCCESS. dag_id=parse_iot, task_id=log_info, run_id=scheduled__2026-02-10T10:00:00+00:00, execution_date=20260210T100000, start_date=20260214T175229, end_date=20260214T175229
[2026-02-14T17:52:29.871+0000] {local_task_job_runner.py:266} INFO - Task exited with return code 0
[2026-02-14T17:52:29.883+0000] {taskinstance.py:3901} INFO - 0 downstream tasks scheduled from follow-on schedule check
[2026-02-14T17:52:29.884+0000] {local_task_job_runner.py:245} INFO - ::endgroup::
[2026-02-14T18:17:10.056+0000] {local_task_job_runner.py:123} INFO - ::group::Pre task execution logs
[2026-02-14T18:17:10.074+0000] {taskinstance.py:2614} INFO - Dependencies all met for dep_context=non-requeueable deps ti=<TaskInstance: parse_iot.log_info scheduled__2026-02-10T10:00:00+00:00 [queued]>
[2026-02-14T18:17:10.082+0000] {taskinstance.py:2614} INFO - Dependencies all met for dep_context=requeueable deps ti=<TaskInstance: parse_iot.log_info scheduled__2026-02-10T10:00:00+00:00 [queued]>
[2026-02-14T18:17:10.082+0000] {taskinstance.py:2867} INFO - Starting attempt 1 of 4
[2026-02-14T18:17:10.089+0000] {taskinstance.py:2890} INFO - Executing <Task(PythonOperator): log_info> on 2026-02-10 10:00:00+00:00
[2026-02-14T18:17:10.093+0000] {standard_task_runner.py:72} INFO - Started process 639 to run task
[2026-02-14T18:17:10.095+0000] {standard_task_runner.py:104} INFO - Running: ['***', 'tasks', 'run', 'parse_iot', 'log_info', 'scheduled__2026-02-10T10:00:00+00:00', '--job-id', '143', '--raw', '--subdir', 'DAGS_FOLDER/parse_iot.py', '--cfg-path', '/tmp/tmp26o1ojbd']
[2026-02-14T18:17:10.097+0000] {standard_task_runner.py:105} INFO - Job 143: Subtask log_info
[2026-02-14T18:17:10.106+0000] {warnings.py:109} WARNING - /home/***/.local/lib/python3.9/site-packages/***/settings.py:209: DeprecationWarning: The sql_alchemy_conn option in [core] has been moved to the sql_alchemy_conn option in [database] - the old setting has been used, but please update your config.
  SQL_ALCHEMY_CONN = conf.get("database", "SQL_ALCHEMY_CONN")

[2026-02-14T18:17:10.127+0000] {task_command.py:467} INFO - Running <TaskInstance: parse_iot.log_info scheduled__2026-02-10T10:00:00+00:00 [running]> on host bb762b62a2c2
[2026-02-14T18:17:10.128+0000] {warnings.py:109} WARNING - /home/***/.local/lib/python3.9/site-packages/***/settings.py:470: DeprecationWarning: The sql_alchemy_conn option in [core] has been moved to the sql_alchemy_conn option in [database] - the old setting has been used, but please update your config.
  if conf.get("database", "sql_alchemy_conn") == "none://":

[2026-02-14T18:17:10.179+0000] {taskinstance.py:3134} INFO - Exporting env vars: AIRFLOW_CTX_DAG_OWNER='a.sorokin' AIRFLOW_CTX_DAG_ID='parse_iot' AIRFLOW_CTX_TASK_ID='log_info' AIRFLOW_CTX_EXECUTION_DATE='2026-02-10T10:00:00+00:00' AIRFLOW_CTX_TRY_NUMBER='1' AIRFLOW_CTX_DAG_RUN_ID='scheduled__2026-02-10T10:00:00+00:00'
[2026-02-14T18:17:10.180+0000] {taskinstance.py:732} INFO - ::endgroup::
[2026-02-14T18:17:10.243+0000] {parse_iot.py:93} INFO - 5 САМЫX ТЕПЛЫX ДНЕЙ
[2026-02-14T18:17:10.253+0000] {logging_mixin.py:190} INFO -                    id  room_id/id           noted_date  temp out/in
52556  36405_139a524d  Room Admin  2018-09-30 00:00:00    51    Out
52562  36382_f6ec793e  Room Admin  2018-09-30 00:00:00    51    Out
52690  35883_fd412553  Room Admin  2018-09-30 00:00:00    50    Out
53055  34878_739e9bd2  Room Admin  2018-09-29 00:00:00    50    Out
52743  35689_d0cc0553  Room Admin  2018-09-30 00:00:00    50    Out
[2026-02-14T18:17:10.254+0000] {parse_iot.py:96} INFO - 5 САМЫX ХОЛОДНЫХ ДНЕЙ
[2026-02-14T18:17:10.261+0000] {logging_mixin.py:190} INFO -                    id  room_id/id           noted_date  temp out/in
5759  177074_72ce2c39  Room Admin  2018-12-03 00:00:00    21     In
5758  177075_1afebd80  Room Admin  2018-12-03 00:00:00    21     In
5751  177085_72929c6f  Room Admin  2018-12-03 00:00:00    22     In
5750  177086_0a61c668  Room Admin  2018-12-03 00:00:00    22     In
5757  177077_7002033c  Room Admin  2018-12-03 00:00:00    22     In
[2026-02-14T18:17:10.264+0000] {python.py:240} INFO - Done. Returned value was: None
[2026-02-14T18:17:10.271+0000] {taskinstance.py:341} INFO - ::group::Post task execution logs
[2026-02-14T18:17:10.272+0000] {taskinstance.py:353} INFO - Marking task as SUCCESS. dag_id=parse_iot, task_id=log_info, run_id=scheduled__2026-02-10T10:00:00+00:00, execution_date=20260210T100000, start_date=20260214T181710, end_date=20260214T181710
[2026-02-14T18:17:10.307+0000] {local_task_job_runner.py:266} INFO - Task exited with return code 0
[2026-02-14T18:17:10.318+0000] {taskinstance.py:3901} INFO - 0 downstream tasks scheduled from follow-on schedule check
[2026-02-14T18:17:10.319+0000] {local_task_job_runner.py:245} INFO - ::endgroup::
[2026-02-16T14:49:53.420+0000] {local_task_job_runner.py:123} INFO - ::group::Pre task execution logs
[2026-02-16T14:49:53.436+0000] {taskinstance.py:2614} INFO - Dependencies all met for dep_context=non-requeueable deps ti=<TaskInstance: parse_iot.log_info scheduled__2026-02-10T10:00:00+00:00 [queued]>
[2026-02-16T14:49:53.443+0000] {taskinstance.py:2614} INFO - Dependencies all met for dep_context=requeueable deps ti=<TaskInstance: parse_iot.log_info scheduled__2026-02-10T10:00:00+00:00 [queued]>
[2026-02-16T14:49:53.443+0000] {taskinstance.py:2867} INFO - Starting attempt 1 of 4
[2026-02-16T14:49:53.449+0000] {taskinstance.py:2890} INFO - Executing <Task(PythonOperator): log_info> on 2026-02-10 10:00:00+00:00
[2026-02-16T14:49:53.454+0000] {standard_task_runner.py:72} INFO - Started process 814 to run task
[2026-02-16T14:49:53.456+0000] {standard_task_runner.py:104} INFO - Running: ['***', 'tasks', 'run', 'parse_iot', 'log_info', 'scheduled__2026-02-10T10:00:00+00:00', '--job-id', '181', '--raw', '--subdir', 'DAGS_FOLDER/parse_iot.py', '--cfg-path', '/tmp/tmpo3mx5nl4']
[2026-02-16T14:49:53.457+0000] {standard_task_runner.py:105} INFO - Job 181: Subtask log_info
[2026-02-16T14:49:53.465+0000] {warnings.py:109} WARNING - /home/***/.local/lib/python3.9/site-packages/***/settings.py:209: DeprecationWarning: The sql_alchemy_conn option in [core] has been moved to the sql_alchemy_conn option in [database] - the old setting has been used, but please update your config.
  SQL_ALCHEMY_CONN = conf.get("database", "SQL_ALCHEMY_CONN")

[2026-02-16T14:49:53.485+0000] {task_command.py:467} INFO - Running <TaskInstance: parse_iot.log_info scheduled__2026-02-10T10:00:00+00:00 [running]> on host cd96c4fa192f
[2026-02-16T14:49:53.485+0000] {warnings.py:109} WARNING - /home/***/.local/lib/python3.9/site-packages/***/settings.py:470: DeprecationWarning: The sql_alchemy_conn option in [core] has been moved to the sql_alchemy_conn option in [database] - the old setting has been used, but please update your config.
  if conf.get("database", "sql_alchemy_conn") == "none://":

[2026-02-16T14:49:53.529+0000] {taskinstance.py:3134} INFO - Exporting env vars: AIRFLOW_CTX_DAG_OWNER='a.sorokin' AIRFLOW_CTX_DAG_ID='parse_iot' AIRFLOW_CTX_TASK_ID='log_info' AIRFLOW_CTX_EXECUTION_DATE='2026-02-10T10:00:00+00:00' AIRFLOW_CTX_TRY_NUMBER='1' AIRFLOW_CTX_DAG_RUN_ID='scheduled__2026-02-10T10:00:00+00:00'
[2026-02-16T14:49:53.530+0000] {taskinstance.py:732} INFO - ::endgroup::
[2026-02-16T14:49:53.587+0000] {parse_iot.py:93} INFO - 5 САМЫX ТЕПЛЫX ДНЕЙ
[2026-02-16T14:49:53.596+0000] {logging_mixin.py:190} INFO -                    id  room_id/id           noted_date  temp out/in
52556  36405_139a524d  Room Admin  2018-09-30 00:00:00    51    Out
52562  36382_f6ec793e  Room Admin  2018-09-30 00:00:00    51    Out
52690  35883_fd412553  Room Admin  2018-09-30 00:00:00    50    Out
53055  34878_739e9bd2  Room Admin  2018-09-29 00:00:00    50    Out
52743  35689_d0cc0553  Room Admin  2018-09-30 00:00:00    50    Out
[2026-02-16T14:49:53.597+0000] {parse_iot.py:96} INFO - 5 САМЫX ХОЛОДНЫХ ДНЕЙ
[2026-02-16T14:49:53.604+0000] {logging_mixin.py:190} INFO -                    id  room_id/id           noted_date  temp out/in
5759  177074_72ce2c39  Room Admin  2018-12-03 00:00:00    21     In
5758  177075_1afebd80  Room Admin  2018-12-03 00:00:00    21     In
5751  177085_72929c6f  Room Admin  2018-12-03 00:00:00    22     In
5750  177086_0a61c668  Room Admin  2018-12-03 00:00:00    22     In
5757  177077_7002033c  Room Admin  2018-12-03 00:00:00    22     In
[2026-02-16T14:49:53.607+0000] {python.py:240} INFO - Done. Returned value was: None
[2026-02-16T14:49:53.614+0000] {taskinstance.py:341} INFO - ::group::Post task execution logs
[2026-02-16T14:49:53.615+0000] {taskinstance.py:353} INFO - Marking task as SUCCESS. dag_id=parse_iot, task_id=log_info, run_id=scheduled__2026-02-10T10:00:00+00:00, execution_date=20260210T100000, start_date=20260216T144953, end_date=20260216T144953
[2026-02-16T14:49:53.668+0000] {local_task_job_runner.py:266} INFO - Task exited with return code 0
[2026-02-16T14:49:53.675+0000] {local_task_job_runner.py:245} INFO - ::endgroup::
