[2026-02-13T23:58:08.563+0000] {local_task_job_runner.py:123} INFO - ::group::Pre task execution logs
[2026-02-13T23:58:08.586+0000] {taskinstance.py:2614} INFO - Dependencies all met for dep_context=non-requeueable deps ti=<TaskInstance: download_iot.download_data scheduled__2026-02-03T10:00:00+00:00 [queued]>
[2026-02-13T23:58:08.595+0000] {taskinstance.py:2614} INFO - Dependencies all met for dep_context=requeueable deps ti=<TaskInstance: download_iot.download_data scheduled__2026-02-03T10:00:00+00:00 [queued]>
[2026-02-13T23:58:08.595+0000] {taskinstance.py:2867} INFO - Starting attempt 1 of 4
[2026-02-13T23:58:08.611+0000] {taskinstance.py:2890} INFO - Executing <Task(PythonOperator): download_data> on 2026-02-03 10:00:00+00:00
[2026-02-13T23:58:08.616+0000] {standard_task_runner.py:72} INFO - Started process 90 to run task
[2026-02-13T23:58:08.619+0000] {standard_task_runner.py:104} INFO - Running: ['***', 'tasks', 'run', 'download_iot', 'download_data', 'scheduled__2026-02-03T10:00:00+00:00', '--job-id', '6', '--raw', '--subdir', 'DAGS_FOLDER/download_iot.py', '--cfg-path', '/tmp/tmptju6w7ta']
[2026-02-13T23:58:08.621+0000] {standard_task_runner.py:105} INFO - Job 6: Subtask download_data
[2026-02-13T23:58:08.631+0000] {warnings.py:109} WARNING - /home/***/.local/lib/python3.9/site-packages/***/settings.py:209: DeprecationWarning: The sql_alchemy_conn option in [core] has been moved to the sql_alchemy_conn option in [database] - the old setting has been used, but please update your config.
  SQL_ALCHEMY_CONN = conf.get("database", "SQL_ALCHEMY_CONN")

[2026-02-13T23:58:08.655+0000] {task_command.py:467} INFO - Running <TaskInstance: download_iot.download_data scheduled__2026-02-03T10:00:00+00:00 [running]> on host 2ca27e65cbff
[2026-02-13T23:58:08.656+0000] {warnings.py:109} WARNING - /home/***/.local/lib/python3.9/site-packages/***/settings.py:470: DeprecationWarning: The sql_alchemy_conn option in [core] has been moved to the sql_alchemy_conn option in [database] - the old setting has been used, but please update your config.
  if conf.get("database", "sql_alchemy_conn") == "none://":

[2026-02-13T23:58:08.727+0000] {taskinstance.py:3134} INFO - Exporting env vars: AIRFLOW_CTX_DAG_OWNER='a.sorokin' AIRFLOW_CTX_DAG_ID='download_iot' AIRFLOW_CTX_TASK_ID='download_data' AIRFLOW_CTX_EXECUTION_DATE='2026-02-03T10:00:00+00:00' AIRFLOW_CTX_TRY_NUMBER='1' AIRFLOW_CTX_DAG_RUN_ID='scheduled__2026-02-03T10:00:00+00:00'
[2026-02-13T23:58:08.728+0000] {taskinstance.py:732} INFO - ::endgroup::
[2026-02-13T23:58:08.737+0000] {logging_mixin.py:190} INFO - Dataset URL: https://www.kaggle.com/datasets/atulanandjha/temperature-readings-iot-devices
[2026-02-13T23:58:09.918+0000] {download_iot.py:66} INFO - Данные успешно загружены с Kaggle!
[2026-02-13T23:58:09.919+0000] {python.py:240} INFO - Done. Returned value was: None
[2026-02-13T23:58:09.925+0000] {taskinstance.py:341} INFO - ::group::Post task execution logs
[2026-02-13T23:58:09.925+0000] {taskinstance.py:353} INFO - Marking task as SUCCESS. dag_id=download_iot, task_id=download_data, run_id=scheduled__2026-02-03T10:00:00+00:00, execution_date=20260203T100000, start_date=20260213T235808, end_date=20260213T235809
[2026-02-13T23:58:09.993+0000] {local_task_job_runner.py:266} INFO - Task exited with return code 0
[2026-02-13T23:58:10.006+0000] {taskinstance.py:3901} INFO - 0 downstream tasks scheduled from follow-on schedule check
[2026-02-13T23:58:10.007+0000] {local_task_job_runner.py:245} INFO - ::endgroup::
[2026-02-14T00:25:45.015+0000] {local_task_job_runner.py:123} INFO - ::group::Pre task execution logs
[2026-02-14T00:25:45.029+0000] {taskinstance.py:2614} INFO - Dependencies all met for dep_context=non-requeueable deps ti=<TaskInstance: download_iot.download_data scheduled__2026-02-03T10:00:00+00:00 [queued]>
[2026-02-14T00:25:45.036+0000] {taskinstance.py:2614} INFO - Dependencies all met for dep_context=requeueable deps ti=<TaskInstance: download_iot.download_data scheduled__2026-02-03T10:00:00+00:00 [queued]>
[2026-02-14T00:25:45.036+0000] {taskinstance.py:2867} INFO - Starting attempt 1 of 4
[2026-02-14T00:25:45.043+0000] {taskinstance.py:2890} INFO - Executing <Task(PythonOperator): download_data> on 2026-02-03 10:00:00+00:00
[2026-02-14T00:25:45.047+0000] {standard_task_runner.py:72} INFO - Started process 91 to run task
[2026-02-14T00:25:45.050+0000] {standard_task_runner.py:104} INFO - Running: ['***', 'tasks', 'run', 'download_iot', 'download_data', 'scheduled__2026-02-03T10:00:00+00:00', '--job-id', '6', '--raw', '--subdir', 'DAGS_FOLDER/download_iot.py', '--cfg-path', '/tmp/tmp7rrub9e9']
[2026-02-14T00:25:45.051+0000] {standard_task_runner.py:105} INFO - Job 6: Subtask download_data
[2026-02-14T00:25:45.060+0000] {warnings.py:109} WARNING - /home/***/.local/lib/python3.9/site-packages/***/settings.py:209: DeprecationWarning: The sql_alchemy_conn option in [core] has been moved to the sql_alchemy_conn option in [database] - the old setting has been used, but please update your config.
  SQL_ALCHEMY_CONN = conf.get("database", "SQL_ALCHEMY_CONN")

[2026-02-14T00:25:45.081+0000] {task_command.py:467} INFO - Running <TaskInstance: download_iot.download_data scheduled__2026-02-03T10:00:00+00:00 [running]> on host b58edd37553d
[2026-02-14T00:25:45.082+0000] {warnings.py:109} WARNING - /home/***/.local/lib/python3.9/site-packages/***/settings.py:470: DeprecationWarning: The sql_alchemy_conn option in [core] has been moved to the sql_alchemy_conn option in [database] - the old setting has been used, but please update your config.
  if conf.get("database", "sql_alchemy_conn") == "none://":

[2026-02-14T00:25:45.138+0000] {taskinstance.py:3134} INFO - Exporting env vars: AIRFLOW_CTX_DAG_OWNER='a.sorokin' AIRFLOW_CTX_DAG_ID='download_iot' AIRFLOW_CTX_TASK_ID='download_data' AIRFLOW_CTX_EXECUTION_DATE='2026-02-03T10:00:00+00:00' AIRFLOW_CTX_TRY_NUMBER='1' AIRFLOW_CTX_DAG_RUN_ID='scheduled__2026-02-03T10:00:00+00:00'
[2026-02-14T00:25:45.139+0000] {taskinstance.py:732} INFO - ::endgroup::
[2026-02-14T00:25:45.147+0000] {logging_mixin.py:190} INFO - Dataset URL: https://www.kaggle.com/datasets/atulanandjha/temperature-readings-iot-devices
[2026-02-14T00:25:46.357+0000] {download_iot.py:66} INFO - Данные успешно загружены с Kaggle!
[2026-02-14T00:25:46.358+0000] {python.py:240} INFO - Done. Returned value was: None
[2026-02-14T00:25:46.364+0000] {taskinstance.py:341} INFO - ::group::Post task execution logs
[2026-02-14T00:25:46.364+0000] {taskinstance.py:353} INFO - Marking task as SUCCESS. dag_id=download_iot, task_id=download_data, run_id=scheduled__2026-02-03T10:00:00+00:00, execution_date=20260203T100000, start_date=20260214T002545, end_date=20260214T002546
[2026-02-14T00:25:46.464+0000] {local_task_job_runner.py:266} INFO - Task exited with return code 0
[2026-02-14T00:25:46.472+0000] {local_task_job_runner.py:245} INFO - ::endgroup::
[2026-02-14T16:30:21.500+0000] {local_task_job_runner.py:123} INFO - ::group::Pre task execution logs
[2026-02-14T16:30:21.513+0000] {taskinstance.py:2614} INFO - Dependencies all met for dep_context=non-requeueable deps ti=<TaskInstance: download_iot.download_data scheduled__2026-02-03T10:00:00+00:00 [queued]>
[2026-02-14T16:30:21.519+0000] {taskinstance.py:2614} INFO - Dependencies all met for dep_context=requeueable deps ti=<TaskInstance: download_iot.download_data scheduled__2026-02-03T10:00:00+00:00 [queued]>
[2026-02-14T16:30:21.519+0000] {taskinstance.py:2867} INFO - Starting attempt 1 of 4
[2026-02-14T16:30:21.526+0000] {taskinstance.py:2890} INFO - Executing <Task(PythonOperator): download_data> on 2026-02-03 10:00:00+00:00
[2026-02-14T16:30:21.529+0000] {standard_task_runner.py:72} INFO - Started process 124 to run task
[2026-02-14T16:30:21.531+0000] {standard_task_runner.py:104} INFO - Running: ['***', 'tasks', 'run', 'download_iot', 'download_data', 'scheduled__2026-02-03T10:00:00+00:00', '--job-id', '14', '--raw', '--subdir', 'DAGS_FOLDER/download_iot.py', '--cfg-path', '/tmp/tmpsflyqnol']
[2026-02-14T16:30:21.533+0000] {standard_task_runner.py:105} INFO - Job 14: Subtask download_data
[2026-02-14T16:30:21.541+0000] {warnings.py:109} WARNING - /home/***/.local/lib/python3.9/site-packages/***/settings.py:209: DeprecationWarning: The sql_alchemy_conn option in [core] has been moved to the sql_alchemy_conn option in [database] - the old setting has been used, but please update your config.
  SQL_ALCHEMY_CONN = conf.get("database", "SQL_ALCHEMY_CONN")

[2026-02-14T16:30:21.562+0000] {task_command.py:467} INFO - Running <TaskInstance: download_iot.download_data scheduled__2026-02-03T10:00:00+00:00 [running]> on host a5c4ed865bb5
[2026-02-14T16:30:21.562+0000] {warnings.py:109} WARNING - /home/***/.local/lib/python3.9/site-packages/***/settings.py:470: DeprecationWarning: The sql_alchemy_conn option in [core] has been moved to the sql_alchemy_conn option in [database] - the old setting has been used, but please update your config.
  if conf.get("database", "sql_alchemy_conn") == "none://":

[2026-02-14T16:30:21.611+0000] {taskinstance.py:3134} INFO - Exporting env vars: AIRFLOW_CTX_DAG_OWNER='a.sorokin' AIRFLOW_CTX_DAG_ID='download_iot' AIRFLOW_CTX_TASK_ID='download_data' AIRFLOW_CTX_EXECUTION_DATE='2026-02-03T10:00:00+00:00' AIRFLOW_CTX_TRY_NUMBER='1' AIRFLOW_CTX_DAG_RUN_ID='scheduled__2026-02-03T10:00:00+00:00'
[2026-02-14T16:30:21.612+0000] {taskinstance.py:732} INFO - ::endgroup::
[2026-02-14T16:30:21.621+0000] {logging_mixin.py:190} INFO - Dataset URL: https://www.kaggle.com/datasets/atulanandjha/temperature-readings-iot-devices
[2026-02-14T16:30:22.456+0000] {download_iot.py:66} INFO - Данные успешно загружены с Kaggle!
[2026-02-14T16:30:22.457+0000] {python.py:240} INFO - Done. Returned value was: None
[2026-02-14T16:30:22.463+0000] {taskinstance.py:341} INFO - ::group::Post task execution logs
[2026-02-14T16:30:22.464+0000] {taskinstance.py:353} INFO - Marking task as SUCCESS. dag_id=download_iot, task_id=download_data, run_id=scheduled__2026-02-03T10:00:00+00:00, execution_date=20260203T100000, start_date=20260214T163021, end_date=20260214T163022
[2026-02-14T16:30:22.545+0000] {local_task_job_runner.py:266} INFO - Task exited with return code 0
[2026-02-14T16:30:22.557+0000] {taskinstance.py:3901} INFO - 0 downstream tasks scheduled from follow-on schedule check
[2026-02-14T16:30:22.559+0000] {local_task_job_runner.py:245} INFO - ::endgroup::
[2026-02-14T17:47:39.163+0000] {local_task_job_runner.py:123} INFO - ::group::Pre task execution logs
[2026-02-14T17:47:39.176+0000] {taskinstance.py:2614} INFO - Dependencies all met for dep_context=non-requeueable deps ti=<TaskInstance: download_iot.download_data scheduled__2026-02-03T10:00:00+00:00 [queued]>
[2026-02-14T17:47:39.182+0000] {taskinstance.py:2614} INFO - Dependencies all met for dep_context=requeueable deps ti=<TaskInstance: download_iot.download_data scheduled__2026-02-03T10:00:00+00:00 [queued]>
[2026-02-14T17:47:39.182+0000] {taskinstance.py:2867} INFO - Starting attempt 1 of 4
[2026-02-14T17:47:39.190+0000] {taskinstance.py:2890} INFO - Executing <Task(PythonOperator): download_data> on 2026-02-03 10:00:00+00:00
[2026-02-14T17:47:39.194+0000] {standard_task_runner.py:72} INFO - Started process 154 to run task
[2026-02-14T17:47:39.196+0000] {standard_task_runner.py:104} INFO - Running: ['***', 'tasks', 'run', 'download_iot', 'download_data', 'scheduled__2026-02-03T10:00:00+00:00', '--job-id', '22', '--raw', '--subdir', 'DAGS_FOLDER/download_iot.py', '--cfg-path', '/tmp/tmpe6wbxm7r']
[2026-02-14T17:47:39.197+0000] {standard_task_runner.py:105} INFO - Job 22: Subtask download_data
[2026-02-14T17:47:39.206+0000] {warnings.py:109} WARNING - /home/***/.local/lib/python3.9/site-packages/***/settings.py:209: DeprecationWarning: The sql_alchemy_conn option in [core] has been moved to the sql_alchemy_conn option in [database] - the old setting has been used, but please update your config.
  SQL_ALCHEMY_CONN = conf.get("database", "SQL_ALCHEMY_CONN")

[2026-02-14T17:47:39.227+0000] {task_command.py:467} INFO - Running <TaskInstance: download_iot.download_data scheduled__2026-02-03T10:00:00+00:00 [running]> on host 9052c134cdec
[2026-02-14T17:47:39.227+0000] {warnings.py:109} WARNING - /home/***/.local/lib/python3.9/site-packages/***/settings.py:470: DeprecationWarning: The sql_alchemy_conn option in [core] has been moved to the sql_alchemy_conn option in [database] - the old setting has been used, but please update your config.
  if conf.get("database", "sql_alchemy_conn") == "none://":

[2026-02-14T17:47:39.276+0000] {taskinstance.py:3134} INFO - Exporting env vars: AIRFLOW_CTX_DAG_OWNER='a.sorokin' AIRFLOW_CTX_DAG_ID='download_iot' AIRFLOW_CTX_TASK_ID='download_data' AIRFLOW_CTX_EXECUTION_DATE='2026-02-03T10:00:00+00:00' AIRFLOW_CTX_TRY_NUMBER='1' AIRFLOW_CTX_DAG_RUN_ID='scheduled__2026-02-03T10:00:00+00:00'
[2026-02-14T17:47:39.276+0000] {taskinstance.py:732} INFO - ::endgroup::
[2026-02-14T17:47:39.285+0000] {logging_mixin.py:190} INFO - Dataset URL: https://www.kaggle.com/datasets/atulanandjha/temperature-readings-iot-devices
[2026-02-14T17:47:40.504+0000] {download_iot.py:66} INFO - Данные успешно загружены с Kaggle!
[2026-02-14T17:47:40.505+0000] {python.py:240} INFO - Done. Returned value was: None
[2026-02-14T17:47:40.512+0000] {taskinstance.py:341} INFO - ::group::Post task execution logs
[2026-02-14T17:47:40.520+0000] {taskinstance.py:353} INFO - Marking task as SUCCESS. dag_id=download_iot, task_id=download_data, run_id=scheduled__2026-02-03T10:00:00+00:00, execution_date=20260203T100000, start_date=20260214T174739, end_date=20260214T174740
[2026-02-14T17:47:40.570+0000] {local_task_job_runner.py:266} INFO - Task exited with return code 0
[2026-02-14T17:47:40.582+0000] {taskinstance.py:3901} INFO - 0 downstream tasks scheduled from follow-on schedule check
[2026-02-14T17:47:40.583+0000] {local_task_job_runner.py:245} INFO - ::endgroup::
[2026-02-14T18:12:41.601+0000] {local_task_job_runner.py:123} INFO - ::group::Pre task execution logs
[2026-02-14T18:12:41.615+0000] {taskinstance.py:2614} INFO - Dependencies all met for dep_context=non-requeueable deps ti=<TaskInstance: download_iot.download_data scheduled__2026-02-03T10:00:00+00:00 [queued]>
[2026-02-14T18:12:41.622+0000] {taskinstance.py:2614} INFO - Dependencies all met for dep_context=requeueable deps ti=<TaskInstance: download_iot.download_data scheduled__2026-02-03T10:00:00+00:00 [queued]>
[2026-02-14T18:12:41.622+0000] {taskinstance.py:2867} INFO - Starting attempt 1 of 4
[2026-02-14T18:12:41.630+0000] {taskinstance.py:2890} INFO - Executing <Task(PythonOperator): download_data> on 2026-02-03 10:00:00+00:00
[2026-02-14T18:12:41.634+0000] {standard_task_runner.py:72} INFO - Started process 130 to run task
[2026-02-14T18:12:41.636+0000] {standard_task_runner.py:104} INFO - Running: ['***', 'tasks', 'run', 'download_iot', 'download_data', 'scheduled__2026-02-03T10:00:00+00:00', '--job-id', '16', '--raw', '--subdir', 'DAGS_FOLDER/download_iot.py', '--cfg-path', '/tmp/tmp7tr5ypqr']
[2026-02-14T18:12:41.637+0000] {standard_task_runner.py:105} INFO - Job 16: Subtask download_data
[2026-02-14T18:12:41.646+0000] {warnings.py:109} WARNING - /home/***/.local/lib/python3.9/site-packages/***/settings.py:209: DeprecationWarning: The sql_alchemy_conn option in [core] has been moved to the sql_alchemy_conn option in [database] - the old setting has been used, but please update your config.
  SQL_ALCHEMY_CONN = conf.get("database", "SQL_ALCHEMY_CONN")

[2026-02-14T18:12:41.668+0000] {task_command.py:467} INFO - Running <TaskInstance: download_iot.download_data scheduled__2026-02-03T10:00:00+00:00 [running]> on host bb762b62a2c2
[2026-02-14T18:12:41.669+0000] {warnings.py:109} WARNING - /home/***/.local/lib/python3.9/site-packages/***/settings.py:470: DeprecationWarning: The sql_alchemy_conn option in [core] has been moved to the sql_alchemy_conn option in [database] - the old setting has been used, but please update your config.
  if conf.get("database", "sql_alchemy_conn") == "none://":

[2026-02-14T18:12:41.719+0000] {taskinstance.py:3134} INFO - Exporting env vars: AIRFLOW_CTX_DAG_OWNER='a.sorokin' AIRFLOW_CTX_DAG_ID='download_iot' AIRFLOW_CTX_TASK_ID='download_data' AIRFLOW_CTX_EXECUTION_DATE='2026-02-03T10:00:00+00:00' AIRFLOW_CTX_TRY_NUMBER='1' AIRFLOW_CTX_DAG_RUN_ID='scheduled__2026-02-03T10:00:00+00:00'
[2026-02-14T18:12:41.719+0000] {taskinstance.py:732} INFO - ::endgroup::
[2026-02-14T18:12:41.733+0000] {logging_mixin.py:190} INFO - Dataset URL: https://www.kaggle.com/datasets/atulanandjha/temperature-readings-iot-devices
[2026-02-14T18:12:42.917+0000] {download_iot.py:66} INFO - Данные успешно загружены с Kaggle!
[2026-02-14T18:12:42.918+0000] {python.py:240} INFO - Done. Returned value was: None
[2026-02-14T18:12:42.926+0000] {taskinstance.py:341} INFO - ::group::Post task execution logs
[2026-02-14T18:12:42.926+0000] {taskinstance.py:353} INFO - Marking task as SUCCESS. dag_id=download_iot, task_id=download_data, run_id=scheduled__2026-02-03T10:00:00+00:00, execution_date=20260203T100000, start_date=20260214T181241, end_date=20260214T181242
[2026-02-14T18:12:43.131+0000] {local_task_job_runner.py:266} INFO - Task exited with return code 0
[2026-02-14T18:12:43.146+0000] {taskinstance.py:3901} INFO - 0 downstream tasks scheduled from follow-on schedule check
[2026-02-14T18:12:43.147+0000] {local_task_job_runner.py:245} INFO - ::endgroup::
