[2026-02-14T16:34:25.297+0000] {local_task_job_runner.py:123} INFO - ::group::Pre task execution logs
[2026-02-14T16:34:25.315+0000] {taskinstance.py:2614} INFO - Dependencies all met for dep_context=non-requeueable deps ti=<TaskInstance: parse_iot.sort_in_out scheduled__2026-02-03T10:00:00+00:00 [queued]>
[2026-02-14T16:34:25.322+0000] {taskinstance.py:2614} INFO - Dependencies all met for dep_context=requeueable deps ti=<TaskInstance: parse_iot.sort_in_out scheduled__2026-02-03T10:00:00+00:00 [queued]>
[2026-02-14T16:34:25.322+0000] {taskinstance.py:2867} INFO - Starting attempt 1 of 4
[2026-02-14T16:34:25.329+0000] {taskinstance.py:2890} INFO - Executing <Task(PythonOperator): sort_in_out> on 2026-02-03 10:00:00+00:00
[2026-02-14T16:34:25.334+0000] {standard_task_runner.py:72} INFO - Started process 603 to run task
[2026-02-14T16:34:25.336+0000] {standard_task_runner.py:104} INFO - Running: ['***', 'tasks', 'run', 'parse_iot', 'sort_in_out', 'scheduled__2026-02-03T10:00:00+00:00', '--job-id', '134', '--raw', '--subdir', 'DAGS_FOLDER/parse_iot.py', '--cfg-path', '/tmp/tmp3gshckra']
[2026-02-14T16:34:25.338+0000] {standard_task_runner.py:105} INFO - Job 134: Subtask sort_in_out
[2026-02-14T16:34:25.346+0000] {warnings.py:109} WARNING - /home/***/.local/lib/python3.9/site-packages/***/settings.py:209: DeprecationWarning: The sql_alchemy_conn option in [core] has been moved to the sql_alchemy_conn option in [database] - the old setting has been used, but please update your config.
  SQL_ALCHEMY_CONN = conf.get("database", "SQL_ALCHEMY_CONN")

[2026-02-14T16:34:25.368+0000] {task_command.py:467} INFO - Running <TaskInstance: parse_iot.sort_in_out scheduled__2026-02-03T10:00:00+00:00 [running]> on host a5c4ed865bb5
[2026-02-14T16:34:25.368+0000] {warnings.py:109} WARNING - /home/***/.local/lib/python3.9/site-packages/***/settings.py:470: DeprecationWarning: The sql_alchemy_conn option in [core] has been moved to the sql_alchemy_conn option in [database] - the old setting has been used, but please update your config.
  if conf.get("database", "sql_alchemy_conn") == "none://":

[2026-02-14T16:34:25.416+0000] {taskinstance.py:3134} INFO - Exporting env vars: AIRFLOW_CTX_DAG_OWNER='a.sorokin' AIRFLOW_CTX_DAG_ID='parse_iot' AIRFLOW_CTX_TASK_ID='sort_in_out' AIRFLOW_CTX_EXECUTION_DATE='2026-02-03T10:00:00+00:00' AIRFLOW_CTX_TRY_NUMBER='1' AIRFLOW_CTX_DAG_RUN_ID='scheduled__2026-02-03T10:00:00+00:00'
[2026-02-14T16:34:25.417+0000] {taskinstance.py:732} INFO - ::endgroup::
[2026-02-14T16:34:25.424+0000] {parse_iot.py:102} INFO - text
[2026-02-14T16:34:25.424+0000] {python.py:240} INFO - Done. Returned value was: None
[2026-02-14T16:34:25.431+0000] {taskinstance.py:341} INFO - ::group::Post task execution logs
[2026-02-14T16:34:25.431+0000] {taskinstance.py:353} INFO - Marking task as SUCCESS. dag_id=parse_iot, task_id=sort_in_out, run_id=scheduled__2026-02-03T10:00:00+00:00, execution_date=20260203T100000, start_date=20260214T163425, end_date=20260214T163425
[2026-02-14T16:34:25.468+0000] {local_task_job_runner.py:266} INFO - Task exited with return code 0
[2026-02-14T16:34:25.485+0000] {taskinstance.py:3901} INFO - 0 downstream tasks scheduled from follow-on schedule check
[2026-02-14T16:34:25.486+0000] {local_task_job_runner.py:245} INFO - ::endgroup::
[2026-02-14T17:51:34.625+0000] {local_task_job_runner.py:123} INFO - ::group::Pre task execution logs
[2026-02-14T17:51:34.643+0000] {taskinstance.py:2614} INFO - Dependencies all met for dep_context=non-requeueable deps ti=<TaskInstance: parse_iot.sort_in_out scheduled__2026-02-03T10:00:00+00:00 [queued]>
[2026-02-14T17:51:34.652+0000] {taskinstance.py:2614} INFO - Dependencies all met for dep_context=requeueable deps ti=<TaskInstance: parse_iot.sort_in_out scheduled__2026-02-03T10:00:00+00:00 [queued]>
[2026-02-14T17:51:34.652+0000] {taskinstance.py:2867} INFO - Starting attempt 1 of 4
[2026-02-14T17:51:34.660+0000] {taskinstance.py:2890} INFO - Executing <Task(PythonOperator): sort_in_out> on 2026-02-03 10:00:00+00:00
[2026-02-14T17:51:34.664+0000] {standard_task_runner.py:72} INFO - Started process 615 to run task
[2026-02-14T17:51:34.666+0000] {standard_task_runner.py:104} INFO - Running: ['***', 'tasks', 'run', 'parse_iot', 'sort_in_out', 'scheduled__2026-02-03T10:00:00+00:00', '--job-id', '137', '--raw', '--subdir', 'DAGS_FOLDER/parse_iot.py', '--cfg-path', '/tmp/tmp2qrmfpgw']
[2026-02-14T17:51:34.668+0000] {standard_task_runner.py:105} INFO - Job 137: Subtask sort_in_out
[2026-02-14T17:51:34.677+0000] {warnings.py:109} WARNING - /home/***/.local/lib/python3.9/site-packages/***/settings.py:209: DeprecationWarning: The sql_alchemy_conn option in [core] has been moved to the sql_alchemy_conn option in [database] - the old setting has been used, but please update your config.
  SQL_ALCHEMY_CONN = conf.get("database", "SQL_ALCHEMY_CONN")

[2026-02-14T17:51:34.700+0000] {task_command.py:467} INFO - Running <TaskInstance: parse_iot.sort_in_out scheduled__2026-02-03T10:00:00+00:00 [running]> on host 9052c134cdec
[2026-02-14T17:51:34.700+0000] {warnings.py:109} WARNING - /home/***/.local/lib/python3.9/site-packages/***/settings.py:470: DeprecationWarning: The sql_alchemy_conn option in [core] has been moved to the sql_alchemy_conn option in [database] - the old setting has been used, but please update your config.
  if conf.get("database", "sql_alchemy_conn") == "none://":

[2026-02-14T17:51:34.751+0000] {taskinstance.py:3134} INFO - Exporting env vars: AIRFLOW_CTX_DAG_OWNER='a.sorokin' AIRFLOW_CTX_DAG_ID='parse_iot' AIRFLOW_CTX_TASK_ID='sort_in_out' AIRFLOW_CTX_EXECUTION_DATE='2026-02-03T10:00:00+00:00' AIRFLOW_CTX_TRY_NUMBER='1' AIRFLOW_CTX_DAG_RUN_ID='scheduled__2026-02-03T10:00:00+00:00'
[2026-02-14T17:51:34.751+0000] {taskinstance.py:732} INFO - ::endgroup::
[2026-02-14T17:51:34.759+0000] {parse_iot.py:102} INFO - text
[2026-02-14T17:51:34.759+0000] {python.py:240} INFO - Done. Returned value was: None
[2026-02-14T17:51:34.765+0000] {taskinstance.py:341} INFO - ::group::Post task execution logs
[2026-02-14T17:51:34.766+0000] {taskinstance.py:353} INFO - Marking task as SUCCESS. dag_id=parse_iot, task_id=sort_in_out, run_id=scheduled__2026-02-03T10:00:00+00:00, execution_date=20260203T100000, start_date=20260214T175134, end_date=20260214T175134
[2026-02-14T17:51:34.798+0000] {local_task_job_runner.py:266} INFO - Task exited with return code 0
[2026-02-14T17:51:34.816+0000] {taskinstance.py:3901} INFO - 0 downstream tasks scheduled from follow-on schedule check
[2026-02-14T17:51:34.817+0000] {local_task_job_runner.py:245} INFO - ::endgroup::
[2026-02-14T18:16:20.631+0000] {local_task_job_runner.py:123} INFO - ::group::Pre task execution logs
[2026-02-14T18:16:20.647+0000] {taskinstance.py:2614} INFO - Dependencies all met for dep_context=non-requeueable deps ti=<TaskInstance: parse_iot.sort_in_out scheduled__2026-02-03T10:00:00+00:00 [queued]>
[2026-02-14T18:16:20.654+0000] {taskinstance.py:2614} INFO - Dependencies all met for dep_context=requeueable deps ti=<TaskInstance: parse_iot.sort_in_out scheduled__2026-02-03T10:00:00+00:00 [queued]>
[2026-02-14T18:16:20.654+0000] {taskinstance.py:2867} INFO - Starting attempt 1 of 4
[2026-02-14T18:16:20.661+0000] {taskinstance.py:2890} INFO - Executing <Task(PythonOperator): sort_in_out> on 2026-02-03 10:00:00+00:00
[2026-02-14T18:16:20.666+0000] {standard_task_runner.py:72} INFO - Started process 483 to run task
[2026-02-14T18:16:20.668+0000] {standard_task_runner.py:104} INFO - Running: ['***', 'tasks', 'run', 'parse_iot', 'sort_in_out', 'scheduled__2026-02-03T10:00:00+00:00', '--job-id', '104', '--raw', '--subdir', 'DAGS_FOLDER/parse_iot.py', '--cfg-path', '/tmp/tmpyjvbc960']
[2026-02-14T18:16:20.669+0000] {standard_task_runner.py:105} INFO - Job 104: Subtask sort_in_out
[2026-02-14T18:16:20.677+0000] {warnings.py:109} WARNING - /home/***/.local/lib/python3.9/site-packages/***/settings.py:209: DeprecationWarning: The sql_alchemy_conn option in [core] has been moved to the sql_alchemy_conn option in [database] - the old setting has been used, but please update your config.
  SQL_ALCHEMY_CONN = conf.get("database", "SQL_ALCHEMY_CONN")

[2026-02-14T18:16:20.698+0000] {task_command.py:467} INFO - Running <TaskInstance: parse_iot.sort_in_out scheduled__2026-02-03T10:00:00+00:00 [running]> on host bb762b62a2c2
[2026-02-14T18:16:20.699+0000] {warnings.py:109} WARNING - /home/***/.local/lib/python3.9/site-packages/***/settings.py:470: DeprecationWarning: The sql_alchemy_conn option in [core] has been moved to the sql_alchemy_conn option in [database] - the old setting has been used, but please update your config.
  if conf.get("database", "sql_alchemy_conn") == "none://":

[2026-02-14T18:16:20.745+0000] {taskinstance.py:3134} INFO - Exporting env vars: AIRFLOW_CTX_DAG_OWNER='a.sorokin' AIRFLOW_CTX_DAG_ID='parse_iot' AIRFLOW_CTX_TASK_ID='sort_in_out' AIRFLOW_CTX_EXECUTION_DATE='2026-02-03T10:00:00+00:00' AIRFLOW_CTX_TRY_NUMBER='1' AIRFLOW_CTX_DAG_RUN_ID='scheduled__2026-02-03T10:00:00+00:00'
[2026-02-14T18:16:20.746+0000] {taskinstance.py:732} INFO - ::endgroup::
[2026-02-14T18:16:20.753+0000] {parse_iot.py:102} INFO - text
[2026-02-14T18:16:20.754+0000] {python.py:240} INFO - Done. Returned value was: None
[2026-02-14T18:16:20.760+0000] {taskinstance.py:341} INFO - ::group::Post task execution logs
[2026-02-14T18:16:20.760+0000] {taskinstance.py:353} INFO - Marking task as SUCCESS. dag_id=parse_iot, task_id=sort_in_out, run_id=scheduled__2026-02-03T10:00:00+00:00, execution_date=20260203T100000, start_date=20260214T181620, end_date=20260214T181620
[2026-02-14T18:16:20.800+0000] {local_task_job_runner.py:266} INFO - Task exited with return code 0
[2026-02-14T18:16:20.818+0000] {taskinstance.py:3901} INFO - 0 downstream tasks scheduled from follow-on schedule check
[2026-02-14T18:16:20.819+0000] {local_task_job_runner.py:245} INFO - ::endgroup::
[2026-02-16T14:48:54.466+0000] {local_task_job_runner.py:123} INFO - ::group::Pre task execution logs
[2026-02-16T14:48:54.488+0000] {taskinstance.py:2614} INFO - Dependencies all met for dep_context=non-requeueable deps ti=<TaskInstance: parse_iot.sort_in_out scheduled__2026-02-03T10:00:00+00:00 [queued]>
[2026-02-16T14:48:54.496+0000] {taskinstance.py:2614} INFO - Dependencies all met for dep_context=requeueable deps ti=<TaskInstance: parse_iot.sort_in_out scheduled__2026-02-03T10:00:00+00:00 [queued]>
[2026-02-16T14:48:54.497+0000] {taskinstance.py:2867} INFO - Starting attempt 1 of 4
[2026-02-16T14:48:54.505+0000] {taskinstance.py:2890} INFO - Executing <Task(PythonOperator): sort_in_out> on 2026-02-03 10:00:00+00:00
[2026-02-16T14:48:54.511+0000] {standard_task_runner.py:72} INFO - Started process 680 to run task
[2026-02-16T14:48:54.513+0000] {standard_task_runner.py:104} INFO - Running: ['***', 'tasks', 'run', 'parse_iot', 'sort_in_out', 'scheduled__2026-02-03T10:00:00+00:00', '--job-id', '147', '--raw', '--subdir', 'DAGS_FOLDER/parse_iot.py', '--cfg-path', '/tmp/tmp4e04i7px']
[2026-02-16T14:48:54.514+0000] {standard_task_runner.py:105} INFO - Job 147: Subtask sort_in_out
[2026-02-16T14:48:54.524+0000] {warnings.py:109} WARNING - /home/***/.local/lib/python3.9/site-packages/***/settings.py:209: DeprecationWarning: The sql_alchemy_conn option in [core] has been moved to the sql_alchemy_conn option in [database] - the old setting has been used, but please update your config.
  SQL_ALCHEMY_CONN = conf.get("database", "SQL_ALCHEMY_CONN")

[2026-02-16T14:48:54.550+0000] {task_command.py:467} INFO - Running <TaskInstance: parse_iot.sort_in_out scheduled__2026-02-03T10:00:00+00:00 [running]> on host cd96c4fa192f
[2026-02-16T14:48:54.551+0000] {warnings.py:109} WARNING - /home/***/.local/lib/python3.9/site-packages/***/settings.py:470: DeprecationWarning: The sql_alchemy_conn option in [core] has been moved to the sql_alchemy_conn option in [database] - the old setting has been used, but please update your config.
  if conf.get("database", "sql_alchemy_conn") == "none://":

[2026-02-16T14:48:54.603+0000] {taskinstance.py:3134} INFO - Exporting env vars: AIRFLOW_CTX_DAG_OWNER='a.sorokin' AIRFLOW_CTX_DAG_ID='parse_iot' AIRFLOW_CTX_TASK_ID='sort_in_out' AIRFLOW_CTX_EXECUTION_DATE='2026-02-03T10:00:00+00:00' AIRFLOW_CTX_TRY_NUMBER='1' AIRFLOW_CTX_DAG_RUN_ID='scheduled__2026-02-03T10:00:00+00:00'
[2026-02-16T14:48:54.604+0000] {taskinstance.py:732} INFO - ::endgroup::
[2026-02-16T14:48:54.612+0000] {parse_iot.py:102} INFO - text
[2026-02-16T14:48:54.612+0000] {python.py:240} INFO - Done. Returned value was: None
[2026-02-16T14:48:54.619+0000] {taskinstance.py:341} INFO - ::group::Post task execution logs
[2026-02-16T14:48:54.619+0000] {taskinstance.py:353} INFO - Marking task as SUCCESS. dag_id=parse_iot, task_id=sort_in_out, run_id=scheduled__2026-02-03T10:00:00+00:00, execution_date=20260203T100000, start_date=20260216T144854, end_date=20260216T144854
[2026-02-16T14:48:54.645+0000] {local_task_job_runner.py:266} INFO - Task exited with return code 0
[2026-02-16T14:48:54.665+0000] {taskinstance.py:3901} INFO - 0 downstream tasks scheduled from follow-on schedule check
[2026-02-16T14:48:54.666+0000] {local_task_job_runner.py:245} INFO - ::endgroup::
[2026-02-16T15:19:04.276+0000] {local_task_job_runner.py:123} INFO - ::group::Pre task execution logs
[2026-02-16T15:19:04.294+0000] {taskinstance.py:2614} INFO - Dependencies all met for dep_context=non-requeueable deps ti=<TaskInstance: parse_iot.sort_in_out scheduled__2026-02-03T10:00:00+00:00 [queued]>
[2026-02-16T15:19:04.300+0000] {taskinstance.py:2614} INFO - Dependencies all met for dep_context=requeueable deps ti=<TaskInstance: parse_iot.sort_in_out scheduled__2026-02-03T10:00:00+00:00 [queued]>
[2026-02-16T15:19:04.301+0000] {taskinstance.py:2867} INFO - Starting attempt 1 of 4
[2026-02-16T15:19:04.308+0000] {taskinstance.py:2890} INFO - Executing <Task(PythonOperator): sort_in_out> on 2026-02-03 10:00:00+00:00
[2026-02-16T15:19:04.312+0000] {standard_task_runner.py:72} INFO - Started process 675 to run task
[2026-02-16T15:19:04.314+0000] {standard_task_runner.py:104} INFO - Running: ['***', 'tasks', 'run', 'parse_iot', 'sort_in_out', 'scheduled__2026-02-03T10:00:00+00:00', '--job-id', '152', '--raw', '--subdir', 'DAGS_FOLDER/parse_iot.py', '--cfg-path', '/tmp/tmp2mmobbhg']
[2026-02-16T15:19:04.316+0000] {standard_task_runner.py:105} INFO - Job 152: Subtask sort_in_out
[2026-02-16T15:19:04.325+0000] {warnings.py:109} WARNING - /home/***/.local/lib/python3.9/site-packages/***/settings.py:209: DeprecationWarning: The sql_alchemy_conn option in [core] has been moved to the sql_alchemy_conn option in [database] - the old setting has been used, but please update your config.
  SQL_ALCHEMY_CONN = conf.get("database", "SQL_ALCHEMY_CONN")

[2026-02-16T15:19:04.346+0000] {task_command.py:467} INFO - Running <TaskInstance: parse_iot.sort_in_out scheduled__2026-02-03T10:00:00+00:00 [running]> on host fbd3e38838e9
[2026-02-16T15:19:04.347+0000] {warnings.py:109} WARNING - /home/***/.local/lib/python3.9/site-packages/***/settings.py:470: DeprecationWarning: The sql_alchemy_conn option in [core] has been moved to the sql_alchemy_conn option in [database] - the old setting has been used, but please update your config.
  if conf.get("database", "sql_alchemy_conn") == "none://":

[2026-02-16T15:19:04.396+0000] {taskinstance.py:3134} INFO - Exporting env vars: AIRFLOW_CTX_DAG_OWNER='a.sorokin' AIRFLOW_CTX_DAG_ID='parse_iot' AIRFLOW_CTX_TASK_ID='sort_in_out' AIRFLOW_CTX_EXECUTION_DATE='2026-02-03T10:00:00+00:00' AIRFLOW_CTX_TRY_NUMBER='1' AIRFLOW_CTX_DAG_RUN_ID='scheduled__2026-02-03T10:00:00+00:00'
[2026-02-16T15:19:04.396+0000] {taskinstance.py:732} INFO - ::endgroup::
[2026-02-16T15:19:04.404+0000] {parse_iot.py:102} INFO - text
[2026-02-16T15:19:04.404+0000] {python.py:240} INFO - Done. Returned value was: None
[2026-02-16T15:19:04.411+0000] {taskinstance.py:341} INFO - ::group::Post task execution logs
[2026-02-16T15:19:04.411+0000] {taskinstance.py:353} INFO - Marking task as SUCCESS. dag_id=parse_iot, task_id=sort_in_out, run_id=scheduled__2026-02-03T10:00:00+00:00, execution_date=20260203T100000, start_date=20260216T151904, end_date=20260216T151904
[2026-02-16T15:19:04.446+0000] {local_task_job_runner.py:266} INFO - Task exited with return code 0
[2026-02-16T15:19:04.465+0000] {taskinstance.py:3901} INFO - 0 downstream tasks scheduled from follow-on schedule check
[2026-02-16T15:19:04.466+0000] {local_task_job_runner.py:245} INFO - ::endgroup::
[2026-02-16T15:46:13.983+0000] {local_task_job_runner.py:123} INFO - ::group::Pre task execution logs
[2026-02-16T15:46:14.001+0000] {taskinstance.py:2614} INFO - Dependencies all met for dep_context=non-requeueable deps ti=<TaskInstance: parse_iot.sort_in_out scheduled__2026-02-03T10:00:00+00:00 [queued]>
[2026-02-16T15:46:14.007+0000] {taskinstance.py:2614} INFO - Dependencies all met for dep_context=requeueable deps ti=<TaskInstance: parse_iot.sort_in_out scheduled__2026-02-03T10:00:00+00:00 [queued]>
[2026-02-16T15:46:14.007+0000] {taskinstance.py:2867} INFO - Starting attempt 1 of 4
[2026-02-16T15:46:14.015+0000] {taskinstance.py:2890} INFO - Executing <Task(PythonOperator): sort_in_out> on 2026-02-03 10:00:00+00:00
[2026-02-16T15:46:14.020+0000] {standard_task_runner.py:72} INFO - Started process 595 to run task
[2026-02-16T15:46:14.022+0000] {standard_task_runner.py:104} INFO - Running: ['***', 'tasks', 'run', 'parse_iot', 'sort_in_out', 'scheduled__2026-02-03T10:00:00+00:00', '--job-id', '132', '--raw', '--subdir', 'DAGS_FOLDER/parse_iot.py', '--cfg-path', '/tmp/tmpqb2bjmes']
[2026-02-16T15:46:14.023+0000] {standard_task_runner.py:105} INFO - Job 132: Subtask sort_in_out
[2026-02-16T15:46:14.032+0000] {warnings.py:109} WARNING - /home/***/.local/lib/python3.9/site-packages/***/settings.py:209: DeprecationWarning: The sql_alchemy_conn option in [core] has been moved to the sql_alchemy_conn option in [database] - the old setting has been used, but please update your config.
  SQL_ALCHEMY_CONN = conf.get("database", "SQL_ALCHEMY_CONN")

[2026-02-16T15:46:14.055+0000] {task_command.py:467} INFO - Running <TaskInstance: parse_iot.sort_in_out scheduled__2026-02-03T10:00:00+00:00 [running]> on host 6ef9a94e694d
[2026-02-16T15:46:14.055+0000] {warnings.py:109} WARNING - /home/***/.local/lib/python3.9/site-packages/***/settings.py:470: DeprecationWarning: The sql_alchemy_conn option in [core] has been moved to the sql_alchemy_conn option in [database] - the old setting has been used, but please update your config.
  if conf.get("database", "sql_alchemy_conn") == "none://":

[2026-02-16T15:46:14.105+0000] {taskinstance.py:3134} INFO - Exporting env vars: AIRFLOW_CTX_DAG_OWNER='a.sorokin' AIRFLOW_CTX_DAG_ID='parse_iot' AIRFLOW_CTX_TASK_ID='sort_in_out' AIRFLOW_CTX_EXECUTION_DATE='2026-02-03T10:00:00+00:00' AIRFLOW_CTX_TRY_NUMBER='1' AIRFLOW_CTX_DAG_RUN_ID='scheduled__2026-02-03T10:00:00+00:00'
[2026-02-16T15:46:14.105+0000] {taskinstance.py:732} INFO - ::endgroup::
[2026-02-16T15:46:14.113+0000] {parse_iot.py:102} INFO - text
[2026-02-16T15:46:14.114+0000] {python.py:240} INFO - Done. Returned value was: None
[2026-02-16T15:46:14.120+0000] {taskinstance.py:341} INFO - ::group::Post task execution logs
[2026-02-16T15:46:14.120+0000] {taskinstance.py:353} INFO - Marking task as SUCCESS. dag_id=parse_iot, task_id=sort_in_out, run_id=scheduled__2026-02-03T10:00:00+00:00, execution_date=20260203T100000, start_date=20260216T154614, end_date=20260216T154614
[2026-02-16T15:46:14.153+0000] {local_task_job_runner.py:266} INFO - Task exited with return code 0
[2026-02-16T15:46:14.177+0000] {taskinstance.py:3901} INFO - 0 downstream tasks scheduled from follow-on schedule check
[2026-02-16T15:46:14.178+0000] {local_task_job_runner.py:245} INFO - ::endgroup::
