[2026-02-14T16:34:28.104+0000] {local_task_job_runner.py:123} INFO - ::group::Pre task execution logs
[2026-02-14T16:34:28.120+0000] {taskinstance.py:2614} INFO - Dependencies all met for dep_context=non-requeueable deps ti=<TaskInstance: parse_iot.sort_in_out scheduled__2026-02-04T10:00:00+00:00 [queued]>
[2026-02-14T16:34:28.126+0000] {taskinstance.py:2614} INFO - Dependencies all met for dep_context=requeueable deps ti=<TaskInstance: parse_iot.sort_in_out scheduled__2026-02-04T10:00:00+00:00 [queued]>
[2026-02-14T16:34:28.127+0000] {taskinstance.py:2867} INFO - Starting attempt 1 of 4
[2026-02-14T16:34:28.133+0000] {taskinstance.py:2890} INFO - Executing <Task(PythonOperator): sort_in_out> on 2026-02-04 10:00:00+00:00
[2026-02-14T16:34:28.137+0000] {standard_task_runner.py:72} INFO - Started process 615 to run task
[2026-02-14T16:34:28.139+0000] {standard_task_runner.py:104} INFO - Running: ['***', 'tasks', 'run', 'parse_iot', 'sort_in_out', 'scheduled__2026-02-04T10:00:00+00:00', '--job-id', '137', '--raw', '--subdir', 'DAGS_FOLDER/parse_iot.py', '--cfg-path', '/tmp/tmpghcxc1tq']
[2026-02-14T16:34:28.141+0000] {standard_task_runner.py:105} INFO - Job 137: Subtask sort_in_out
[2026-02-14T16:34:28.149+0000] {warnings.py:109} WARNING - /home/***/.local/lib/python3.9/site-packages/***/settings.py:209: DeprecationWarning: The sql_alchemy_conn option in [core] has been moved to the sql_alchemy_conn option in [database] - the old setting has been used, but please update your config.
  SQL_ALCHEMY_CONN = conf.get("database", "SQL_ALCHEMY_CONN")

[2026-02-14T16:34:28.169+0000] {task_command.py:467} INFO - Running <TaskInstance: parse_iot.sort_in_out scheduled__2026-02-04T10:00:00+00:00 [running]> on host a5c4ed865bb5
[2026-02-14T16:34:28.169+0000] {warnings.py:109} WARNING - /home/***/.local/lib/python3.9/site-packages/***/settings.py:470: DeprecationWarning: The sql_alchemy_conn option in [core] has been moved to the sql_alchemy_conn option in [database] - the old setting has been used, but please update your config.
  if conf.get("database", "sql_alchemy_conn") == "none://":

[2026-02-14T16:34:28.214+0000] {taskinstance.py:3134} INFO - Exporting env vars: AIRFLOW_CTX_DAG_OWNER='a.sorokin' AIRFLOW_CTX_DAG_ID='parse_iot' AIRFLOW_CTX_TASK_ID='sort_in_out' AIRFLOW_CTX_EXECUTION_DATE='2026-02-04T10:00:00+00:00' AIRFLOW_CTX_TRY_NUMBER='1' AIRFLOW_CTX_DAG_RUN_ID='scheduled__2026-02-04T10:00:00+00:00'
[2026-02-14T16:34:28.215+0000] {taskinstance.py:732} INFO - ::endgroup::
[2026-02-14T16:34:28.221+0000] {parse_iot.py:102} INFO - text
[2026-02-14T16:34:28.221+0000] {python.py:240} INFO - Done. Returned value was: None
[2026-02-14T16:34:28.228+0000] {taskinstance.py:341} INFO - ::group::Post task execution logs
[2026-02-14T16:34:28.228+0000] {taskinstance.py:353} INFO - Marking task as SUCCESS. dag_id=parse_iot, task_id=sort_in_out, run_id=scheduled__2026-02-04T10:00:00+00:00, execution_date=20260204T100000, start_date=20260214T163428, end_date=20260214T163428
[2026-02-14T16:34:28.271+0000] {local_task_job_runner.py:266} INFO - Task exited with return code 0
[2026-02-14T16:34:28.287+0000] {taskinstance.py:3901} INFO - 0 downstream tasks scheduled from follow-on schedule check
[2026-02-14T16:34:28.288+0000] {local_task_job_runner.py:245} INFO - ::endgroup::
[2026-02-14T17:51:46.828+0000] {local_task_job_runner.py:123} INFO - ::group::Pre task execution logs
[2026-02-14T17:51:46.847+0000] {taskinstance.py:2614} INFO - Dependencies all met for dep_context=non-requeueable deps ti=<TaskInstance: parse_iot.sort_in_out scheduled__2026-02-04T10:00:00+00:00 [queued]>
[2026-02-14T17:51:46.855+0000] {taskinstance.py:2614} INFO - Dependencies all met for dep_context=requeueable deps ti=<TaskInstance: parse_iot.sort_in_out scheduled__2026-02-04T10:00:00+00:00 [queued]>
[2026-02-14T17:51:46.855+0000] {taskinstance.py:2867} INFO - Starting attempt 1 of 4
[2026-02-14T17:51:46.862+0000] {taskinstance.py:2890} INFO - Executing <Task(PythonOperator): sort_in_out> on 2026-02-04 10:00:00+00:00
[2026-02-14T17:51:46.867+0000] {standard_task_runner.py:72} INFO - Started process 647 to run task
[2026-02-14T17:51:46.869+0000] {standard_task_runner.py:104} INFO - Running: ['***', 'tasks', 'run', 'parse_iot', 'sort_in_out', 'scheduled__2026-02-04T10:00:00+00:00', '--job-id', '145', '--raw', '--subdir', 'DAGS_FOLDER/parse_iot.py', '--cfg-path', '/tmp/tmp_7e1oxs2']
[2026-02-14T17:51:46.871+0000] {standard_task_runner.py:105} INFO - Job 145: Subtask sort_in_out
[2026-02-14T17:51:46.882+0000] {warnings.py:109} WARNING - /home/***/.local/lib/python3.9/site-packages/***/settings.py:209: DeprecationWarning: The sql_alchemy_conn option in [core] has been moved to the sql_alchemy_conn option in [database] - the old setting has been used, but please update your config.
  SQL_ALCHEMY_CONN = conf.get("database", "SQL_ALCHEMY_CONN")

[2026-02-14T17:51:46.906+0000] {task_command.py:467} INFO - Running <TaskInstance: parse_iot.sort_in_out scheduled__2026-02-04T10:00:00+00:00 [running]> on host 9052c134cdec
[2026-02-14T17:51:46.906+0000] {warnings.py:109} WARNING - /home/***/.local/lib/python3.9/site-packages/***/settings.py:470: DeprecationWarning: The sql_alchemy_conn option in [core] has been moved to the sql_alchemy_conn option in [database] - the old setting has been used, but please update your config.
  if conf.get("database", "sql_alchemy_conn") == "none://":

[2026-02-14T17:51:46.954+0000] {taskinstance.py:3134} INFO - Exporting env vars: AIRFLOW_CTX_DAG_OWNER='a.sorokin' AIRFLOW_CTX_DAG_ID='parse_iot' AIRFLOW_CTX_TASK_ID='sort_in_out' AIRFLOW_CTX_EXECUTION_DATE='2026-02-04T10:00:00+00:00' AIRFLOW_CTX_TRY_NUMBER='1' AIRFLOW_CTX_DAG_RUN_ID='scheduled__2026-02-04T10:00:00+00:00'
[2026-02-14T17:51:46.955+0000] {taskinstance.py:732} INFO - ::endgroup::
[2026-02-14T17:51:46.962+0000] {parse_iot.py:102} INFO - text
[2026-02-14T17:51:46.963+0000] {python.py:240} INFO - Done. Returned value was: None
[2026-02-14T17:51:46.969+0000] {taskinstance.py:341} INFO - ::group::Post task execution logs
[2026-02-14T17:51:46.969+0000] {taskinstance.py:353} INFO - Marking task as SUCCESS. dag_id=parse_iot, task_id=sort_in_out, run_id=scheduled__2026-02-04T10:00:00+00:00, execution_date=20260204T100000, start_date=20260214T175146, end_date=20260214T175146
[2026-02-14T17:51:47.001+0000] {local_task_job_runner.py:266} INFO - Task exited with return code 0
[2026-02-14T17:51:47.020+0000] {taskinstance.py:3901} INFO - 0 downstream tasks scheduled from follow-on schedule check
[2026-02-14T17:51:47.021+0000] {local_task_job_runner.py:245} INFO - ::endgroup::
[2026-02-14T18:16:42.624+0000] {local_task_job_runner.py:123} INFO - ::group::Pre task execution logs
[2026-02-14T18:16:42.641+0000] {taskinstance.py:2614} INFO - Dependencies all met for dep_context=non-requeueable deps ti=<TaskInstance: parse_iot.sort_in_out scheduled__2026-02-04T10:00:00+00:00 [queued]>
[2026-02-14T18:16:42.648+0000] {taskinstance.py:2614} INFO - Dependencies all met for dep_context=requeueable deps ti=<TaskInstance: parse_iot.sort_in_out scheduled__2026-02-04T10:00:00+00:00 [queued]>
[2026-02-14T18:16:42.648+0000] {taskinstance.py:2867} INFO - Starting attempt 1 of 4
[2026-02-14T18:16:42.654+0000] {taskinstance.py:2890} INFO - Executing <Task(PythonOperator): sort_in_out> on 2026-02-04 10:00:00+00:00
[2026-02-14T18:16:42.659+0000] {standard_task_runner.py:72} INFO - Started process 495 to run task
[2026-02-14T18:16:42.661+0000] {standard_task_runner.py:104} INFO - Running: ['***', 'tasks', 'run', 'parse_iot', 'sort_in_out', 'scheduled__2026-02-04T10:00:00+00:00', '--job-id', '107', '--raw', '--subdir', 'DAGS_FOLDER/parse_iot.py', '--cfg-path', '/tmp/tmpub_pk4t7']
[2026-02-14T18:16:42.663+0000] {standard_task_runner.py:105} INFO - Job 107: Subtask sort_in_out
[2026-02-14T18:16:42.671+0000] {warnings.py:109} WARNING - /home/***/.local/lib/python3.9/site-packages/***/settings.py:209: DeprecationWarning: The sql_alchemy_conn option in [core] has been moved to the sql_alchemy_conn option in [database] - the old setting has been used, but please update your config.
  SQL_ALCHEMY_CONN = conf.get("database", "SQL_ALCHEMY_CONN")

[2026-02-14T18:16:42.692+0000] {task_command.py:467} INFO - Running <TaskInstance: parse_iot.sort_in_out scheduled__2026-02-04T10:00:00+00:00 [running]> on host bb762b62a2c2
[2026-02-14T18:16:42.693+0000] {warnings.py:109} WARNING - /home/***/.local/lib/python3.9/site-packages/***/settings.py:470: DeprecationWarning: The sql_alchemy_conn option in [core] has been moved to the sql_alchemy_conn option in [database] - the old setting has been used, but please update your config.
  if conf.get("database", "sql_alchemy_conn") == "none://":

[2026-02-14T18:16:42.741+0000] {taskinstance.py:3134} INFO - Exporting env vars: AIRFLOW_CTX_DAG_OWNER='a.sorokin' AIRFLOW_CTX_DAG_ID='parse_iot' AIRFLOW_CTX_TASK_ID='sort_in_out' AIRFLOW_CTX_EXECUTION_DATE='2026-02-04T10:00:00+00:00' AIRFLOW_CTX_TRY_NUMBER='1' AIRFLOW_CTX_DAG_RUN_ID='scheduled__2026-02-04T10:00:00+00:00'
[2026-02-14T18:16:42.741+0000] {taskinstance.py:732} INFO - ::endgroup::
[2026-02-14T18:16:42.749+0000] {parse_iot.py:102} INFO - text
[2026-02-14T18:16:42.749+0000] {python.py:240} INFO - Done. Returned value was: None
[2026-02-14T18:16:42.755+0000] {taskinstance.py:341} INFO - ::group::Post task execution logs
[2026-02-14T18:16:42.755+0000] {taskinstance.py:353} INFO - Marking task as SUCCESS. dag_id=parse_iot, task_id=sort_in_out, run_id=scheduled__2026-02-04T10:00:00+00:00, execution_date=20260204T100000, start_date=20260214T181642, end_date=20260214T181642
[2026-02-14T18:16:42.793+0000] {local_task_job_runner.py:266} INFO - Task exited with return code 0
[2026-02-14T18:16:42.811+0000] {taskinstance.py:3901} INFO - 0 downstream tasks scheduled from follow-on schedule check
[2026-02-14T18:16:42.812+0000] {local_task_job_runner.py:245} INFO - ::endgroup::
[2026-02-16T14:49:07.034+0000] {local_task_job_runner.py:123} INFO - ::group::Pre task execution logs
[2026-02-16T14:49:07.052+0000] {taskinstance.py:2614} INFO - Dependencies all met for dep_context=non-requeueable deps ti=<TaskInstance: parse_iot.sort_in_out scheduled__2026-02-04T10:00:00+00:00 [queued]>
[2026-02-16T14:49:07.059+0000] {taskinstance.py:2614} INFO - Dependencies all met for dep_context=requeueable deps ti=<TaskInstance: parse_iot.sort_in_out scheduled__2026-02-04T10:00:00+00:00 [queued]>
[2026-02-16T14:49:07.059+0000] {taskinstance.py:2867} INFO - Starting attempt 1 of 4
[2026-02-16T14:49:07.065+0000] {taskinstance.py:2890} INFO - Executing <Task(PythonOperator): sort_in_out> on 2026-02-04 10:00:00+00:00
[2026-02-16T14:49:07.071+0000] {standard_task_runner.py:72} INFO - Started process 702 to run task
[2026-02-16T14:49:07.073+0000] {standard_task_runner.py:104} INFO - Running: ['***', 'tasks', 'run', 'parse_iot', 'sort_in_out', 'scheduled__2026-02-04T10:00:00+00:00', '--job-id', '153', '--raw', '--subdir', 'DAGS_FOLDER/parse_iot.py', '--cfg-path', '/tmp/tmp1df3iocw']
[2026-02-16T14:49:07.074+0000] {standard_task_runner.py:105} INFO - Job 153: Subtask sort_in_out
[2026-02-16T14:49:07.082+0000] {warnings.py:109} WARNING - /home/***/.local/lib/python3.9/site-packages/***/settings.py:209: DeprecationWarning: The sql_alchemy_conn option in [core] has been moved to the sql_alchemy_conn option in [database] - the old setting has been used, but please update your config.
  SQL_ALCHEMY_CONN = conf.get("database", "SQL_ALCHEMY_CONN")

[2026-02-16T14:49:07.104+0000] {task_command.py:467} INFO - Running <TaskInstance: parse_iot.sort_in_out scheduled__2026-02-04T10:00:00+00:00 [running]> on host cd96c4fa192f
[2026-02-16T14:49:07.105+0000] {warnings.py:109} WARNING - /home/***/.local/lib/python3.9/site-packages/***/settings.py:470: DeprecationWarning: The sql_alchemy_conn option in [core] has been moved to the sql_alchemy_conn option in [database] - the old setting has been used, but please update your config.
  if conf.get("database", "sql_alchemy_conn") == "none://":

[2026-02-16T14:49:07.148+0000] {taskinstance.py:3134} INFO - Exporting env vars: AIRFLOW_CTX_DAG_OWNER='a.sorokin' AIRFLOW_CTX_DAG_ID='parse_iot' AIRFLOW_CTX_TASK_ID='sort_in_out' AIRFLOW_CTX_EXECUTION_DATE='2026-02-04T10:00:00+00:00' AIRFLOW_CTX_TRY_NUMBER='1' AIRFLOW_CTX_DAG_RUN_ID='scheduled__2026-02-04T10:00:00+00:00'
[2026-02-16T14:49:07.149+0000] {taskinstance.py:732} INFO - ::endgroup::
[2026-02-16T14:49:07.156+0000] {parse_iot.py:102} INFO - text
[2026-02-16T14:49:07.156+0000] {python.py:240} INFO - Done. Returned value was: None
[2026-02-16T14:49:07.163+0000] {taskinstance.py:341} INFO - ::group::Post task execution logs
[2026-02-16T14:49:07.163+0000] {taskinstance.py:353} INFO - Marking task as SUCCESS. dag_id=parse_iot, task_id=sort_in_out, run_id=scheduled__2026-02-04T10:00:00+00:00, execution_date=20260204T100000, start_date=20260216T144907, end_date=20260216T144907
[2026-02-16T14:49:07.204+0000] {local_task_job_runner.py:266} INFO - Task exited with return code 0
[2026-02-16T14:49:07.222+0000] {taskinstance.py:3901} INFO - 0 downstream tasks scheduled from follow-on schedule check
[2026-02-16T14:49:07.223+0000] {local_task_job_runner.py:245} INFO - ::endgroup::
[2026-02-16T15:19:05.716+0000] {local_task_job_runner.py:123} INFO - ::group::Pre task execution logs
[2026-02-16T15:19:05.735+0000] {taskinstance.py:2614} INFO - Dependencies all met for dep_context=non-requeueable deps ti=<TaskInstance: parse_iot.sort_in_out scheduled__2026-02-04T10:00:00+00:00 [queued]>
[2026-02-16T15:19:05.743+0000] {taskinstance.py:2614} INFO - Dependencies all met for dep_context=requeueable deps ti=<TaskInstance: parse_iot.sort_in_out scheduled__2026-02-04T10:00:00+00:00 [queued]>
[2026-02-16T15:19:05.743+0000] {taskinstance.py:2867} INFO - Starting attempt 1 of 4
[2026-02-16T15:19:05.751+0000] {taskinstance.py:2890} INFO - Executing <Task(PythonOperator): sort_in_out> on 2026-02-04 10:00:00+00:00
[2026-02-16T15:19:05.756+0000] {standard_task_runner.py:72} INFO - Started process 679 to run task
[2026-02-16T15:19:05.758+0000] {standard_task_runner.py:104} INFO - Running: ['***', 'tasks', 'run', 'parse_iot', 'sort_in_out', 'scheduled__2026-02-04T10:00:00+00:00', '--job-id', '153', '--raw', '--subdir', 'DAGS_FOLDER/parse_iot.py', '--cfg-path', '/tmp/tmp513bhpzt']
[2026-02-16T15:19:05.760+0000] {standard_task_runner.py:105} INFO - Job 153: Subtask sort_in_out
[2026-02-16T15:19:05.768+0000] {warnings.py:109} WARNING - /home/***/.local/lib/python3.9/site-packages/***/settings.py:209: DeprecationWarning: The sql_alchemy_conn option in [core] has been moved to the sql_alchemy_conn option in [database] - the old setting has been used, but please update your config.
  SQL_ALCHEMY_CONN = conf.get("database", "SQL_ALCHEMY_CONN")

[2026-02-16T15:19:05.791+0000] {task_command.py:467} INFO - Running <TaskInstance: parse_iot.sort_in_out scheduled__2026-02-04T10:00:00+00:00 [running]> on host fbd3e38838e9
[2026-02-16T15:19:05.792+0000] {warnings.py:109} WARNING - /home/***/.local/lib/python3.9/site-packages/***/settings.py:470: DeprecationWarning: The sql_alchemy_conn option in [core] has been moved to the sql_alchemy_conn option in [database] - the old setting has been used, but please update your config.
  if conf.get("database", "sql_alchemy_conn") == "none://":

[2026-02-16T15:19:05.843+0000] {taskinstance.py:3134} INFO - Exporting env vars: AIRFLOW_CTX_DAG_OWNER='a.sorokin' AIRFLOW_CTX_DAG_ID='parse_iot' AIRFLOW_CTX_TASK_ID='sort_in_out' AIRFLOW_CTX_EXECUTION_DATE='2026-02-04T10:00:00+00:00' AIRFLOW_CTX_TRY_NUMBER='1' AIRFLOW_CTX_DAG_RUN_ID='scheduled__2026-02-04T10:00:00+00:00'
[2026-02-16T15:19:05.843+0000] {taskinstance.py:732} INFO - ::endgroup::
[2026-02-16T15:19:05.852+0000] {parse_iot.py:102} INFO - text
[2026-02-16T15:19:05.852+0000] {python.py:240} INFO - Done. Returned value was: None
[2026-02-16T15:19:05.860+0000] {taskinstance.py:341} INFO - ::group::Post task execution logs
[2026-02-16T15:19:05.860+0000] {taskinstance.py:353} INFO - Marking task as SUCCESS. dag_id=parse_iot, task_id=sort_in_out, run_id=scheduled__2026-02-04T10:00:00+00:00, execution_date=20260204T100000, start_date=20260216T151905, end_date=20260216T151905
[2026-02-16T15:19:05.890+0000] {local_task_job_runner.py:266} INFO - Task exited with return code 0
[2026-02-16T15:19:05.910+0000] {taskinstance.py:3901} INFO - 0 downstream tasks scheduled from follow-on schedule check
[2026-02-16T15:19:05.911+0000] {local_task_job_runner.py:245} INFO - ::endgroup::
[2026-02-16T15:46:34.820+0000] {local_task_job_runner.py:123} INFO - ::group::Pre task execution logs
[2026-02-16T15:46:34.839+0000] {taskinstance.py:2614} INFO - Dependencies all met for dep_context=non-requeueable deps ti=<TaskInstance: parse_iot.sort_in_out scheduled__2026-02-04T10:00:00+00:00 [queued]>
[2026-02-16T15:46:34.846+0000] {taskinstance.py:2614} INFO - Dependencies all met for dep_context=requeueable deps ti=<TaskInstance: parse_iot.sort_in_out scheduled__2026-02-04T10:00:00+00:00 [queued]>
[2026-02-16T15:46:34.846+0000] {taskinstance.py:2867} INFO - Starting attempt 1 of 4
[2026-02-16T15:46:34.853+0000] {taskinstance.py:2890} INFO - Executing <Task(PythonOperator): sort_in_out> on 2026-02-04 10:00:00+00:00
[2026-02-16T15:46:34.858+0000] {standard_task_runner.py:72} INFO - Started process 627 to run task
[2026-02-16T15:46:34.860+0000] {standard_task_runner.py:104} INFO - Running: ['***', 'tasks', 'run', 'parse_iot', 'sort_in_out', 'scheduled__2026-02-04T10:00:00+00:00', '--job-id', '140', '--raw', '--subdir', 'DAGS_FOLDER/parse_iot.py', '--cfg-path', '/tmp/tmpzg1q279s']
[2026-02-16T15:46:34.862+0000] {standard_task_runner.py:105} INFO - Job 140: Subtask sort_in_out
[2026-02-16T15:46:34.871+0000] {warnings.py:109} WARNING - /home/***/.local/lib/python3.9/site-packages/***/settings.py:209: DeprecationWarning: The sql_alchemy_conn option in [core] has been moved to the sql_alchemy_conn option in [database] - the old setting has been used, but please update your config.
  SQL_ALCHEMY_CONN = conf.get("database", "SQL_ALCHEMY_CONN")

[2026-02-16T15:46:34.896+0000] {task_command.py:467} INFO - Running <TaskInstance: parse_iot.sort_in_out scheduled__2026-02-04T10:00:00+00:00 [running]> on host 6ef9a94e694d
[2026-02-16T15:46:34.896+0000] {warnings.py:109} WARNING - /home/***/.local/lib/python3.9/site-packages/***/settings.py:470: DeprecationWarning: The sql_alchemy_conn option in [core] has been moved to the sql_alchemy_conn option in [database] - the old setting has been used, but please update your config.
  if conf.get("database", "sql_alchemy_conn") == "none://":

[2026-02-16T15:46:34.953+0000] {taskinstance.py:3134} INFO - Exporting env vars: AIRFLOW_CTX_DAG_OWNER='a.sorokin' AIRFLOW_CTX_DAG_ID='parse_iot' AIRFLOW_CTX_TASK_ID='sort_in_out' AIRFLOW_CTX_EXECUTION_DATE='2026-02-04T10:00:00+00:00' AIRFLOW_CTX_TRY_NUMBER='1' AIRFLOW_CTX_DAG_RUN_ID='scheduled__2026-02-04T10:00:00+00:00'
[2026-02-16T15:46:34.954+0000] {taskinstance.py:732} INFO - ::endgroup::
[2026-02-16T15:46:34.962+0000] {parse_iot.py:102} INFO - text
[2026-02-16T15:46:34.962+0000] {python.py:240} INFO - Done. Returned value was: None
[2026-02-16T15:46:34.970+0000] {taskinstance.py:341} INFO - ::group::Post task execution logs
[2026-02-16T15:46:34.970+0000] {taskinstance.py:353} INFO - Marking task as SUCCESS. dag_id=parse_iot, task_id=sort_in_out, run_id=scheduled__2026-02-04T10:00:00+00:00, execution_date=20260204T100000, start_date=20260216T154634, end_date=20260216T154634
[2026-02-16T15:46:35.032+0000] {local_task_job_runner.py:266} INFO - Task exited with return code 0
[2026-02-16T15:46:35.055+0000] {taskinstance.py:3901} INFO - 0 downstream tasks scheduled from follow-on schedule check
[2026-02-16T15:46:35.056+0000] {local_task_job_runner.py:245} INFO - ::endgroup::
