[2026-02-16T16:57:12.988+0000] {local_task_job_runner.py:123} INFO - ::group::Pre task execution logs
[2026-02-16T16:57:12.998+0000] {taskinstance.py:2614} INFO - Dependencies all met for dep_context=non-requeueable deps ti=<TaskInstance: date_load_postgres.check_connect_to_DB scheduled__2026-02-12T10:00:00+00:00 [queued]>
[2026-02-16T16:57:13.003+0000] {taskinstance.py:2614} INFO - Dependencies all met for dep_context=requeueable deps ti=<TaskInstance: date_load_postgres.check_connect_to_DB scheduled__2026-02-12T10:00:00+00:00 [queued]>
[2026-02-16T16:57:13.004+0000] {taskinstance.py:2867} INFO - Starting attempt 1 of 4
[2026-02-16T16:57:13.010+0000] {taskinstance.py:2890} INFO - Executing <Task(PythonSensor): check_connect_to_DB> on 2026-02-12 10:00:00+00:00
[2026-02-16T16:57:13.016+0000] {standard_task_runner.py:72} INFO - Started process 1232 to run task
[2026-02-16T16:57:13.018+0000] {standard_task_runner.py:104} INFO - Running: ['***', 'tasks', 'run', 'date_load_postgres', 'check_connect_to_DB', 'scheduled__2026-02-12T10:00:00+00:00', '--job-id', '293', '--raw', '--subdir', 'DAGS_FOLDER/date_load_postrges.py', '--cfg-path', '/tmp/tmpqiuyfobo']
[2026-02-16T16:57:13.019+0000] {standard_task_runner.py:105} INFO - Job 293: Subtask check_connect_to_DB
[2026-02-16T16:57:13.027+0000] {warnings.py:109} WARNING - /home/***/.local/lib/python3.9/site-packages/***/settings.py:209: DeprecationWarning: The sql_alchemy_conn option in [core] has been moved to the sql_alchemy_conn option in [database] - the old setting has been used, but please update your config.
  SQL_ALCHEMY_CONN = conf.get("database", "SQL_ALCHEMY_CONN")

[2026-02-16T16:57:13.049+0000] {task_command.py:467} INFO - Running <TaskInstance: date_load_postgres.check_connect_to_DB scheduled__2026-02-12T10:00:00+00:00 [running]> on host 6ef9a94e694d
[2026-02-16T16:57:13.050+0000] {warnings.py:109} WARNING - /home/***/.local/lib/python3.9/site-packages/***/settings.py:470: DeprecationWarning: The sql_alchemy_conn option in [core] has been moved to the sql_alchemy_conn option in [database] - the old setting has been used, but please update your config.
  if conf.get("database", "sql_alchemy_conn") == "none://":

[2026-02-16T16:57:13.096+0000] {taskinstance.py:3134} INFO - Exporting env vars: AIRFLOW_CTX_DAG_OWNER='a.sorokin' AIRFLOW_CTX_DAG_ID='date_load_postgres' AIRFLOW_CTX_TASK_ID='check_connect_to_DB' AIRFLOW_CTX_EXECUTION_DATE='2026-02-12T10:00:00+00:00' AIRFLOW_CTX_TRY_NUMBER='1' AIRFLOW_CTX_DAG_RUN_ID='scheduled__2026-02-12T10:00:00+00:00'
[2026-02-16T16:57:13.096+0000] {taskinstance.py:732} INFO - ::endgroup::
[2026-02-16T16:57:13.104+0000] {python.py:75} INFO - Poking callable: <function check_connect_to_DB at 0x7507ea9ea310>
[2026-02-16T16:57:13.113+0000] {base.py:84} INFO - Retrieving connection '***-db'
[2026-02-16T16:57:13.117+0000] {sql.py:511} INFO - Running statement: select 1, parameters: None
[2026-02-16T16:57:13.117+0000] {sql.py:520} INFO - Rows affected: 1
[2026-02-16T16:57:13.118+0000] {warnings.py:109} WARNING - /home/***/.local/lib/python3.9/site-packages/***/providers/common/sql/hooks/sql.py:470: DeprecationWarning: Import of fetch_one_handler from the '***.providers.common.sql.hooks' module is deprecated and will
be removed in the future. Please import it from '***.providers.common.sql.hooks.handlers'.
  result = self._make_common_data_structure(handler(cur))

[2026-02-16T16:57:13.118+0000] {warnings.py:109} WARNING - /home/***/.local/lib/python3.9/site-packages/***/providers/common/sql/hooks/sql.py:471: DeprecationWarning: Import of return_single_query_results from the '***.providers.common.sql.hooks' module is deprecated and will
be removed in the future. Please import it from '***.providers.common.sql.hooks.handlers'.
  if return_single_query_results(sql, return_last, split_statements):

[2026-02-16T16:57:13.118+0000] {warnings.py:109} WARNING - /home/***/.local/lib/python3.9/site-packages/***/providers/common/sql/hooks/sql.py:486: DeprecationWarning: Import of return_single_query_results from the '***.providers.common.sql.hooks' module is deprecated and will
be removed in the future. Please import it from '***.providers.common.sql.hooks.handlers'.
  if return_single_query_results(sql, return_last, split_statements):

[2026-02-16T16:57:13.119+0000] {logging_mixin.py:190} INFO - Подключение удалось Connection successfully tested
[2026-02-16T16:57:13.119+0000] {base.py:339} INFO - Success criteria met. Exiting.
[2026-02-16T16:57:13.125+0000] {taskinstance.py:341} INFO - ::group::Post task execution logs
[2026-02-16T16:57:13.125+0000] {taskinstance.py:353} INFO - Marking task as SUCCESS. dag_id=date_load_***, task_id=check_connect_to_DB, run_id=scheduled__2026-02-12T10:00:00+00:00, execution_date=20260212T100000, start_date=20260216T165712, end_date=20260216T165713
[2026-02-16T16:57:13.149+0000] {local_task_job_runner.py:266} INFO - Task exited with return code 0
[2026-02-16T16:57:13.167+0000] {taskinstance.py:3901} INFO - 0 downstream tasks scheduled from follow-on schedule check
[2026-02-16T16:57:13.168+0000] {local_task_job_runner.py:245} INFO - ::endgroup::
[2026-02-16T18:15:13.071+0000] {local_task_job_runner.py:123} INFO - ::group::Pre task execution logs
[2026-02-16T18:15:13.084+0000] {taskinstance.py:2614} INFO - Dependencies all met for dep_context=non-requeueable deps ti=<TaskInstance: date_load_postgres.check_connect_to_DB scheduled__2026-02-12T10:00:00+00:00 [queued]>
[2026-02-16T18:15:13.089+0000] {taskinstance.py:2614} INFO - Dependencies all met for dep_context=requeueable deps ti=<TaskInstance: date_load_postgres.check_connect_to_DB scheduled__2026-02-12T10:00:00+00:00 [queued]>
[2026-02-16T18:15:13.090+0000] {taskinstance.py:2867} INFO - Starting attempt 1 of 4
[2026-02-16T18:15:13.096+0000] {taskinstance.py:2890} INFO - Executing <Task(PythonSensor): check_connect_to_DB> on 2026-02-12 10:00:00+00:00
[2026-02-16T18:15:13.101+0000] {standard_task_runner.py:72} INFO - Started process 621 to run task
[2026-02-16T18:15:13.103+0000] {standard_task_runner.py:104} INFO - Running: ['***', 'tasks', 'run', 'date_load_postgres', 'check_connect_to_DB', 'scheduled__2026-02-12T10:00:00+00:00', '--job-id', '126', '--raw', '--subdir', 'DAGS_FOLDER/date_load_postrges.py', '--cfg-path', '/tmp/tmpb9tudm56']
[2026-02-16T18:15:13.105+0000] {standard_task_runner.py:105} INFO - Job 126: Subtask check_connect_to_DB
[2026-02-16T18:15:13.114+0000] {warnings.py:109} WARNING - /home/***/.local/lib/python3.9/site-packages/***/settings.py:209: DeprecationWarning: The sql_alchemy_conn option in [core] has been moved to the sql_alchemy_conn option in [database] - the old setting has been used, but please update your config.
  SQL_ALCHEMY_CONN = conf.get("database", "SQL_ALCHEMY_CONN")

[2026-02-16T18:15:13.135+0000] {task_command.py:467} INFO - Running <TaskInstance: date_load_postgres.check_connect_to_DB scheduled__2026-02-12T10:00:00+00:00 [running]> on host 80c391c4cc85
[2026-02-16T18:15:13.135+0000] {warnings.py:109} WARNING - /home/***/.local/lib/python3.9/site-packages/***/settings.py:470: DeprecationWarning: The sql_alchemy_conn option in [core] has been moved to the sql_alchemy_conn option in [database] - the old setting has been used, but please update your config.
  if conf.get("database", "sql_alchemy_conn") == "none://":

[2026-02-16T18:15:13.181+0000] {taskinstance.py:3134} INFO - Exporting env vars: AIRFLOW_CTX_DAG_OWNER='a.sorokin' AIRFLOW_CTX_DAG_ID='date_load_postgres' AIRFLOW_CTX_TASK_ID='check_connect_to_DB' AIRFLOW_CTX_EXECUTION_DATE='2026-02-12T10:00:00+00:00' AIRFLOW_CTX_TRY_NUMBER='1' AIRFLOW_CTX_DAG_RUN_ID='scheduled__2026-02-12T10:00:00+00:00'
[2026-02-16T18:15:13.181+0000] {taskinstance.py:732} INFO - ::endgroup::
[2026-02-16T18:15:13.188+0000] {python.py:75} INFO - Poking callable: <function check_connect_to_DB at 0x7ae693dfbe50>
[2026-02-16T18:15:13.198+0000] {base.py:84} INFO - Retrieving connection '***-db'
[2026-02-16T18:15:13.202+0000] {sql.py:511} INFO - Running statement: select 1, parameters: None
[2026-02-16T18:15:13.202+0000] {sql.py:520} INFO - Rows affected: 1
[2026-02-16T18:15:13.203+0000] {warnings.py:109} WARNING - /home/***/.local/lib/python3.9/site-packages/***/providers/common/sql/hooks/sql.py:470: DeprecationWarning: Import of fetch_one_handler from the '***.providers.common.sql.hooks' module is deprecated and will
be removed in the future. Please import it from '***.providers.common.sql.hooks.handlers'.
  result = self._make_common_data_structure(handler(cur))

[2026-02-16T18:15:13.203+0000] {warnings.py:109} WARNING - /home/***/.local/lib/python3.9/site-packages/***/providers/common/sql/hooks/sql.py:471: DeprecationWarning: Import of return_single_query_results from the '***.providers.common.sql.hooks' module is deprecated and will
be removed in the future. Please import it from '***.providers.common.sql.hooks.handlers'.
  if return_single_query_results(sql, return_last, split_statements):

[2026-02-16T18:15:13.203+0000] {warnings.py:109} WARNING - /home/***/.local/lib/python3.9/site-packages/***/providers/common/sql/hooks/sql.py:486: DeprecationWarning: Import of return_single_query_results from the '***.providers.common.sql.hooks' module is deprecated and will
be removed in the future. Please import it from '***.providers.common.sql.hooks.handlers'.
  if return_single_query_results(sql, return_last, split_statements):

[2026-02-16T18:15:13.203+0000] {logging_mixin.py:190} INFO - Подключение удалось Connection successfully tested
[2026-02-16T18:15:13.203+0000] {base.py:339} INFO - Success criteria met. Exiting.
[2026-02-16T18:15:13.209+0000] {taskinstance.py:341} INFO - ::group::Post task execution logs
[2026-02-16T18:15:13.210+0000] {taskinstance.py:353} INFO - Marking task as SUCCESS. dag_id=date_load_***, task_id=check_connect_to_DB, run_id=scheduled__2026-02-12T10:00:00+00:00, execution_date=20260212T100000, start_date=20260216T181513, end_date=20260216T181513
[2026-02-16T18:15:13.235+0000] {local_task_job_runner.py:266} INFO - Task exited with return code 0
[2026-02-16T18:15:13.251+0000] {taskinstance.py:3901} INFO - 0 downstream tasks scheduled from follow-on schedule check
[2026-02-16T18:15:13.252+0000] {local_task_job_runner.py:245} INFO - ::endgroup::
