[2026-02-14T16:34:43.598+0000] {local_task_job_runner.py:123} INFO - ::group::Pre task execution logs
[2026-02-14T16:34:43.614+0000] {taskinstance.py:2614} INFO - Dependencies all met for dep_context=non-requeueable deps ti=<TaskInstance: parse_iot.sort_in_out scheduled__2026-02-13T10:00:00+00:00 [queued]>
[2026-02-14T16:34:43.620+0000] {taskinstance.py:2614} INFO - Dependencies all met for dep_context=requeueable deps ti=<TaskInstance: parse_iot.sort_in_out scheduled__2026-02-13T10:00:00+00:00 [queued]>
[2026-02-14T16:34:43.620+0000] {taskinstance.py:2867} INFO - Starting attempt 1 of 4
[2026-02-14T16:34:43.626+0000] {taskinstance.py:2890} INFO - Executing <Task(PythonOperator): sort_in_out> on 2026-02-13 10:00:00+00:00
[2026-02-14T16:34:43.631+0000] {standard_task_runner.py:72} INFO - Started process 695 to run task
[2026-02-14T16:34:43.633+0000] {standard_task_runner.py:104} INFO - Running: ['***', 'tasks', 'run', 'parse_iot', 'sort_in_out', 'scheduled__2026-02-13T10:00:00+00:00', '--job-id', '157', '--raw', '--subdir', 'DAGS_FOLDER/parse_iot.py', '--cfg-path', '/tmp/tmp13daxb_s']
[2026-02-14T16:34:43.634+0000] {standard_task_runner.py:105} INFO - Job 157: Subtask sort_in_out
[2026-02-14T16:34:43.642+0000] {warnings.py:109} WARNING - /home/***/.local/lib/python3.9/site-packages/***/settings.py:209: DeprecationWarning: The sql_alchemy_conn option in [core] has been moved to the sql_alchemy_conn option in [database] - the old setting has been used, but please update your config.
  SQL_ALCHEMY_CONN = conf.get("database", "SQL_ALCHEMY_CONN")

[2026-02-14T16:34:43.663+0000] {task_command.py:467} INFO - Running <TaskInstance: parse_iot.sort_in_out scheduled__2026-02-13T10:00:00+00:00 [running]> on host a5c4ed865bb5
[2026-02-14T16:34:43.663+0000] {warnings.py:109} WARNING - /home/***/.local/lib/python3.9/site-packages/***/settings.py:470: DeprecationWarning: The sql_alchemy_conn option in [core] has been moved to the sql_alchemy_conn option in [database] - the old setting has been used, but please update your config.
  if conf.get("database", "sql_alchemy_conn") == "none://":

[2026-02-14T16:34:43.708+0000] {taskinstance.py:3134} INFO - Exporting env vars: AIRFLOW_CTX_DAG_OWNER='a.sorokin' AIRFLOW_CTX_DAG_ID='parse_iot' AIRFLOW_CTX_TASK_ID='sort_in_out' AIRFLOW_CTX_EXECUTION_DATE='2026-02-13T10:00:00+00:00' AIRFLOW_CTX_TRY_NUMBER='1' AIRFLOW_CTX_DAG_RUN_ID='scheduled__2026-02-13T10:00:00+00:00'
[2026-02-14T16:34:43.709+0000] {taskinstance.py:732} INFO - ::endgroup::
[2026-02-14T16:34:43.715+0000] {parse_iot.py:102} INFO - text
[2026-02-14T16:34:43.716+0000] {python.py:240} INFO - Done. Returned value was: None
[2026-02-14T16:34:43.722+0000] {taskinstance.py:341} INFO - ::group::Post task execution logs
[2026-02-14T16:34:43.722+0000] {taskinstance.py:353} INFO - Marking task as SUCCESS. dag_id=parse_iot, task_id=sort_in_out, run_id=scheduled__2026-02-13T10:00:00+00:00, execution_date=20260213T100000, start_date=20260214T163443, end_date=20260214T163443
[2026-02-14T16:34:43.765+0000] {local_task_job_runner.py:266} INFO - Task exited with return code 0
[2026-02-14T16:34:43.781+0000] {taskinstance.py:3901} INFO - 0 downstream tasks scheduled from follow-on schedule check
[2026-02-14T16:34:43.782+0000] {local_task_job_runner.py:245} INFO - ::endgroup::
[2026-02-14T17:52:10.647+0000] {local_task_job_runner.py:123} INFO - ::group::Pre task execution logs
[2026-02-14T17:52:10.662+0000] {taskinstance.py:2614} INFO - Dependencies all met for dep_context=non-requeueable deps ti=<TaskInstance: parse_iot.sort_in_out scheduled__2026-02-13T10:00:00+00:00 [queued]>
[2026-02-14T17:52:10.669+0000] {taskinstance.py:2614} INFO - Dependencies all met for dep_context=requeueable deps ti=<TaskInstance: parse_iot.sort_in_out scheduled__2026-02-13T10:00:00+00:00 [queued]>
[2026-02-14T17:52:10.669+0000] {taskinstance.py:2867} INFO - Starting attempt 1 of 4
[2026-02-14T17:52:10.675+0000] {taskinstance.py:2890} INFO - Executing <Task(PythonOperator): sort_in_out> on 2026-02-13 10:00:00+00:00
[2026-02-14T17:52:10.680+0000] {standard_task_runner.py:72} INFO - Started process 691 to run task
[2026-02-14T17:52:10.682+0000] {standard_task_runner.py:104} INFO - Running: ['***', 'tasks', 'run', 'parse_iot', 'sort_in_out', 'scheduled__2026-02-13T10:00:00+00:00', '--job-id', '156', '--raw', '--subdir', 'DAGS_FOLDER/parse_iot.py', '--cfg-path', '/tmp/tmpbv66nmeq']
[2026-02-14T17:52:10.683+0000] {standard_task_runner.py:105} INFO - Job 156: Subtask sort_in_out
[2026-02-14T17:52:10.691+0000] {warnings.py:109} WARNING - /home/***/.local/lib/python3.9/site-packages/***/settings.py:209: DeprecationWarning: The sql_alchemy_conn option in [core] has been moved to the sql_alchemy_conn option in [database] - the old setting has been used, but please update your config.
  SQL_ALCHEMY_CONN = conf.get("database", "SQL_ALCHEMY_CONN")

[2026-02-14T17:52:10.711+0000] {task_command.py:467} INFO - Running <TaskInstance: parse_iot.sort_in_out scheduled__2026-02-13T10:00:00+00:00 [running]> on host 9052c134cdec
[2026-02-14T17:52:10.711+0000] {warnings.py:109} WARNING - /home/***/.local/lib/python3.9/site-packages/***/settings.py:470: DeprecationWarning: The sql_alchemy_conn option in [core] has been moved to the sql_alchemy_conn option in [database] - the old setting has been used, but please update your config.
  if conf.get("database", "sql_alchemy_conn") == "none://":

[2026-02-14T17:52:10.755+0000] {taskinstance.py:3134} INFO - Exporting env vars: AIRFLOW_CTX_DAG_OWNER='a.sorokin' AIRFLOW_CTX_DAG_ID='parse_iot' AIRFLOW_CTX_TASK_ID='sort_in_out' AIRFLOW_CTX_EXECUTION_DATE='2026-02-13T10:00:00+00:00' AIRFLOW_CTX_TRY_NUMBER='1' AIRFLOW_CTX_DAG_RUN_ID='scheduled__2026-02-13T10:00:00+00:00'
[2026-02-14T17:52:10.756+0000] {taskinstance.py:732} INFO - ::endgroup::
[2026-02-14T17:52:10.762+0000] {parse_iot.py:102} INFO - text
[2026-02-14T17:52:10.762+0000] {python.py:240} INFO - Done. Returned value was: None
[2026-02-14T17:52:10.768+0000] {taskinstance.py:341} INFO - ::group::Post task execution logs
[2026-02-14T17:52:10.769+0000] {taskinstance.py:353} INFO - Marking task as SUCCESS. dag_id=parse_iot, task_id=sort_in_out, run_id=scheduled__2026-02-13T10:00:00+00:00, execution_date=20260213T100000, start_date=20260214T175210, end_date=20260214T175210
[2026-02-14T17:52:10.814+0000] {local_task_job_runner.py:266} INFO - Task exited with return code 0
[2026-02-14T17:52:10.831+0000] {taskinstance.py:3901} INFO - 0 downstream tasks scheduled from follow-on schedule check
[2026-02-14T17:52:10.832+0000] {local_task_job_runner.py:245} INFO - ::endgroup::
[2026-02-14T18:16:58.936+0000] {local_task_job_runner.py:123} INFO - ::group::Pre task execution logs
[2026-02-14T18:16:58.955+0000] {taskinstance.py:2614} INFO - Dependencies all met for dep_context=non-requeueable deps ti=<TaskInstance: parse_iot.sort_in_out scheduled__2026-02-13T10:00:00+00:00 [queued]>
[2026-02-14T18:16:58.962+0000] {taskinstance.py:2614} INFO - Dependencies all met for dep_context=requeueable deps ti=<TaskInstance: parse_iot.sort_in_out scheduled__2026-02-13T10:00:00+00:00 [queued]>
[2026-02-14T18:16:58.962+0000] {taskinstance.py:2867} INFO - Starting attempt 1 of 4
[2026-02-14T18:16:58.970+0000] {taskinstance.py:2890} INFO - Executing <Task(PythonOperator): sort_in_out> on 2026-02-13 10:00:00+00:00
[2026-02-14T18:16:58.975+0000] {standard_task_runner.py:72} INFO - Started process 575 to run task
[2026-02-14T18:16:58.977+0000] {standard_task_runner.py:104} INFO - Running: ['***', 'tasks', 'run', 'parse_iot', 'sort_in_out', 'scheduled__2026-02-13T10:00:00+00:00', '--job-id', '127', '--raw', '--subdir', 'DAGS_FOLDER/parse_iot.py', '--cfg-path', '/tmp/tmp3y2fhs4t']
[2026-02-14T18:16:58.978+0000] {standard_task_runner.py:105} INFO - Job 127: Subtask sort_in_out
[2026-02-14T18:16:58.987+0000] {warnings.py:109} WARNING - /home/***/.local/lib/python3.9/site-packages/***/settings.py:209: DeprecationWarning: The sql_alchemy_conn option in [core] has been moved to the sql_alchemy_conn option in [database] - the old setting has been used, but please update your config.
  SQL_ALCHEMY_CONN = conf.get("database", "SQL_ALCHEMY_CONN")

[2026-02-14T18:16:59.009+0000] {task_command.py:467} INFO - Running <TaskInstance: parse_iot.sort_in_out scheduled__2026-02-13T10:00:00+00:00 [running]> on host bb762b62a2c2
[2026-02-14T18:16:59.010+0000] {warnings.py:109} WARNING - /home/***/.local/lib/python3.9/site-packages/***/settings.py:470: DeprecationWarning: The sql_alchemy_conn option in [core] has been moved to the sql_alchemy_conn option in [database] - the old setting has been used, but please update your config.
  if conf.get("database", "sql_alchemy_conn") == "none://":

[2026-02-14T18:16:59.060+0000] {taskinstance.py:3134} INFO - Exporting env vars: AIRFLOW_CTX_DAG_OWNER='a.sorokin' AIRFLOW_CTX_DAG_ID='parse_iot' AIRFLOW_CTX_TASK_ID='sort_in_out' AIRFLOW_CTX_EXECUTION_DATE='2026-02-13T10:00:00+00:00' AIRFLOW_CTX_TRY_NUMBER='1' AIRFLOW_CTX_DAG_RUN_ID='scheduled__2026-02-13T10:00:00+00:00'
[2026-02-14T18:16:59.061+0000] {taskinstance.py:732} INFO - ::endgroup::
[2026-02-14T18:16:59.069+0000] {parse_iot.py:102} INFO - text
[2026-02-14T18:16:59.069+0000] {python.py:240} INFO - Done. Returned value was: None
[2026-02-14T18:16:59.075+0000] {taskinstance.py:341} INFO - ::group::Post task execution logs
[2026-02-14T18:16:59.076+0000] {taskinstance.py:353} INFO - Marking task as SUCCESS. dag_id=parse_iot, task_id=sort_in_out, run_id=scheduled__2026-02-13T10:00:00+00:00, execution_date=20260213T100000, start_date=20260214T181658, end_date=20260214T181659
[2026-02-14T18:16:59.108+0000] {local_task_job_runner.py:266} INFO - Task exited with return code 0
[2026-02-14T18:16:59.116+0000] {local_task_job_runner.py:245} INFO - ::endgroup::
[2026-02-16T14:49:23.757+0000] {local_task_job_runner.py:123} INFO - ::group::Pre task execution logs
[2026-02-16T14:49:23.772+0000] {taskinstance.py:2614} INFO - Dependencies all met for dep_context=non-requeueable deps ti=<TaskInstance: parse_iot.sort_in_out scheduled__2026-02-13T10:00:00+00:00 [queued]>
[2026-02-16T14:49:23.778+0000] {taskinstance.py:2614} INFO - Dependencies all met for dep_context=requeueable deps ti=<TaskInstance: parse_iot.sort_in_out scheduled__2026-02-13T10:00:00+00:00 [queued]>
[2026-02-16T14:49:23.779+0000] {taskinstance.py:2867} INFO - Starting attempt 1 of 4
[2026-02-16T14:49:23.785+0000] {taskinstance.py:2890} INFO - Executing <Task(PythonOperator): sort_in_out> on 2026-02-13 10:00:00+00:00
[2026-02-16T14:49:23.790+0000] {standard_task_runner.py:72} INFO - Started process 754 to run task
[2026-02-16T14:49:23.792+0000] {standard_task_runner.py:104} INFO - Running: ['***', 'tasks', 'run', 'parse_iot', 'sort_in_out', 'scheduled__2026-02-13T10:00:00+00:00', '--job-id', '166', '--raw', '--subdir', 'DAGS_FOLDER/parse_iot.py', '--cfg-path', '/tmp/tmpacm09uce']
[2026-02-16T14:49:23.793+0000] {standard_task_runner.py:105} INFO - Job 166: Subtask sort_in_out
[2026-02-16T14:49:23.801+0000] {warnings.py:109} WARNING - /home/***/.local/lib/python3.9/site-packages/***/settings.py:209: DeprecationWarning: The sql_alchemy_conn option in [core] has been moved to the sql_alchemy_conn option in [database] - the old setting has been used, but please update your config.
  SQL_ALCHEMY_CONN = conf.get("database", "SQL_ALCHEMY_CONN")

[2026-02-16T14:49:23.821+0000] {task_command.py:467} INFO - Running <TaskInstance: parse_iot.sort_in_out scheduled__2026-02-13T10:00:00+00:00 [running]> on host cd96c4fa192f
[2026-02-16T14:49:23.821+0000] {warnings.py:109} WARNING - /home/***/.local/lib/python3.9/site-packages/***/settings.py:470: DeprecationWarning: The sql_alchemy_conn option in [core] has been moved to the sql_alchemy_conn option in [database] - the old setting has been used, but please update your config.
  if conf.get("database", "sql_alchemy_conn") == "none://":

[2026-02-16T14:49:23.868+0000] {taskinstance.py:3134} INFO - Exporting env vars: AIRFLOW_CTX_DAG_OWNER='a.sorokin' AIRFLOW_CTX_DAG_ID='parse_iot' AIRFLOW_CTX_TASK_ID='sort_in_out' AIRFLOW_CTX_EXECUTION_DATE='2026-02-13T10:00:00+00:00' AIRFLOW_CTX_TRY_NUMBER='1' AIRFLOW_CTX_DAG_RUN_ID='scheduled__2026-02-13T10:00:00+00:00'
[2026-02-16T14:49:23.868+0000] {taskinstance.py:732} INFO - ::endgroup::
[2026-02-16T14:49:23.875+0000] {parse_iot.py:102} INFO - text
[2026-02-16T14:49:23.875+0000] {python.py:240} INFO - Done. Returned value was: None
[2026-02-16T14:49:23.882+0000] {taskinstance.py:341} INFO - ::group::Post task execution logs
[2026-02-16T14:49:23.882+0000] {taskinstance.py:353} INFO - Marking task as SUCCESS. dag_id=parse_iot, task_id=sort_in_out, run_id=scheduled__2026-02-13T10:00:00+00:00, execution_date=20260213T100000, start_date=20260216T144923, end_date=20260216T144923
[2026-02-16T14:49:23.924+0000] {local_task_job_runner.py:266} INFO - Task exited with return code 0
[2026-02-16T14:49:23.941+0000] {taskinstance.py:3901} INFO - 0 downstream tasks scheduled from follow-on schedule check
[2026-02-16T14:49:23.942+0000] {local_task_job_runner.py:245} INFO - ::endgroup::
[2026-02-16T15:19:35.596+0000] {local_task_job_runner.py:123} INFO - ::group::Pre task execution logs
[2026-02-16T15:19:35.615+0000] {taskinstance.py:2614} INFO - Dependencies all met for dep_context=non-requeueable deps ti=<TaskInstance: parse_iot.sort_in_out scheduled__2026-02-13T10:00:00+00:00 [queued]>
[2026-02-16T15:19:35.623+0000] {taskinstance.py:2614} INFO - Dependencies all met for dep_context=requeueable deps ti=<TaskInstance: parse_iot.sort_in_out scheduled__2026-02-13T10:00:00+00:00 [queued]>
[2026-02-16T15:19:35.624+0000] {taskinstance.py:2867} INFO - Starting attempt 1 of 4
[2026-02-16T15:19:35.634+0000] {taskinstance.py:2890} INFO - Executing <Task(PythonOperator): sort_in_out> on 2026-02-13 10:00:00+00:00
[2026-02-16T15:19:35.641+0000] {standard_task_runner.py:72} INFO - Started process 747 to run task
[2026-02-16T15:19:35.643+0000] {standard_task_runner.py:104} INFO - Running: ['***', 'tasks', 'run', 'parse_iot', 'sort_in_out', 'scheduled__2026-02-13T10:00:00+00:00', '--job-id', '170', '--raw', '--subdir', 'DAGS_FOLDER/parse_iot.py', '--cfg-path', '/tmp/tmp5ml6k4ua']
[2026-02-16T15:19:35.645+0000] {standard_task_runner.py:105} INFO - Job 170: Subtask sort_in_out
[2026-02-16T15:19:35.653+0000] {warnings.py:109} WARNING - /home/***/.local/lib/python3.9/site-packages/***/settings.py:209: DeprecationWarning: The sql_alchemy_conn option in [core] has been moved to the sql_alchemy_conn option in [database] - the old setting has been used, but please update your config.
  SQL_ALCHEMY_CONN = conf.get("database", "SQL_ALCHEMY_CONN")

[2026-02-16T15:19:35.679+0000] {task_command.py:467} INFO - Running <TaskInstance: parse_iot.sort_in_out scheduled__2026-02-13T10:00:00+00:00 [running]> on host fbd3e38838e9
[2026-02-16T15:19:35.680+0000] {warnings.py:109} WARNING - /home/***/.local/lib/python3.9/site-packages/***/settings.py:470: DeprecationWarning: The sql_alchemy_conn option in [core] has been moved to the sql_alchemy_conn option in [database] - the old setting has been used, but please update your config.
  if conf.get("database", "sql_alchemy_conn") == "none://":

[2026-02-16T15:19:35.736+0000] {taskinstance.py:3134} INFO - Exporting env vars: AIRFLOW_CTX_DAG_OWNER='a.sorokin' AIRFLOW_CTX_DAG_ID='parse_iot' AIRFLOW_CTX_TASK_ID='sort_in_out' AIRFLOW_CTX_EXECUTION_DATE='2026-02-13T10:00:00+00:00' AIRFLOW_CTX_TRY_NUMBER='1' AIRFLOW_CTX_DAG_RUN_ID='scheduled__2026-02-13T10:00:00+00:00'
[2026-02-16T15:19:35.736+0000] {taskinstance.py:732} INFO - ::endgroup::
[2026-02-16T15:19:35.745+0000] {parse_iot.py:102} INFO - text
[2026-02-16T15:19:35.745+0000] {python.py:240} INFO - Done. Returned value was: None
[2026-02-16T15:19:35.753+0000] {taskinstance.py:341} INFO - ::group::Post task execution logs
[2026-02-16T15:19:35.754+0000] {taskinstance.py:353} INFO - Marking task as SUCCESS. dag_id=parse_iot, task_id=sort_in_out, run_id=scheduled__2026-02-13T10:00:00+00:00, execution_date=20260213T100000, start_date=20260216T151935, end_date=20260216T151935
[2026-02-16T15:19:35.816+0000] {local_task_job_runner.py:266} INFO - Task exited with return code 0
[2026-02-16T15:19:35.834+0000] {taskinstance.py:3901} INFO - 0 downstream tasks scheduled from follow-on schedule check
[2026-02-16T15:19:35.840+0000] {local_task_job_runner.py:245} INFO - ::endgroup::
[2026-02-16T15:47:24.238+0000] {local_task_job_runner.py:123} INFO - ::group::Pre task execution logs
[2026-02-16T15:47:24.255+0000] {taskinstance.py:2614} INFO - Dependencies all met for dep_context=non-requeueable deps ti=<TaskInstance: parse_iot.sort_in_out scheduled__2026-02-13T10:00:00+00:00 [queued]>
[2026-02-16T15:47:24.262+0000] {taskinstance.py:2614} INFO - Dependencies all met for dep_context=requeueable deps ti=<TaskInstance: parse_iot.sort_in_out scheduled__2026-02-13T10:00:00+00:00 [queued]>
[2026-02-16T15:47:24.262+0000] {taskinstance.py:2867} INFO - Starting attempt 1 of 4
[2026-02-16T15:47:24.270+0000] {taskinstance.py:2890} INFO - Executing <Task(PythonOperator): sort_in_out> on 2026-02-13 10:00:00+00:00
[2026-02-16T15:47:24.275+0000] {standard_task_runner.py:72} INFO - Started process 743 to run task
[2026-02-16T15:47:24.277+0000] {standard_task_runner.py:104} INFO - Running: ['***', 'tasks', 'run', 'parse_iot', 'sort_in_out', 'scheduled__2026-02-13T10:00:00+00:00', '--job-id', '169', '--raw', '--subdir', 'DAGS_FOLDER/parse_iot.py', '--cfg-path', '/tmp/tmp8fo661xh']
[2026-02-16T15:47:24.278+0000] {standard_task_runner.py:105} INFO - Job 169: Subtask sort_in_out
[2026-02-16T15:47:24.286+0000] {warnings.py:109} WARNING - /home/***/.local/lib/python3.9/site-packages/***/settings.py:209: DeprecationWarning: The sql_alchemy_conn option in [core] has been moved to the sql_alchemy_conn option in [database] - the old setting has been used, but please update your config.
  SQL_ALCHEMY_CONN = conf.get("database", "SQL_ALCHEMY_CONN")

[2026-02-16T15:47:24.307+0000] {task_command.py:467} INFO - Running <TaskInstance: parse_iot.sort_in_out scheduled__2026-02-13T10:00:00+00:00 [running]> on host 6ef9a94e694d
[2026-02-16T15:47:24.307+0000] {warnings.py:109} WARNING - /home/***/.local/lib/python3.9/site-packages/***/settings.py:470: DeprecationWarning: The sql_alchemy_conn option in [core] has been moved to the sql_alchemy_conn option in [database] - the old setting has been used, but please update your config.
  if conf.get("database", "sql_alchemy_conn") == "none://":

[2026-02-16T15:47:24.355+0000] {taskinstance.py:3134} INFO - Exporting env vars: AIRFLOW_CTX_DAG_OWNER='a.sorokin' AIRFLOW_CTX_DAG_ID='parse_iot' AIRFLOW_CTX_TASK_ID='sort_in_out' AIRFLOW_CTX_EXECUTION_DATE='2026-02-13T10:00:00+00:00' AIRFLOW_CTX_TRY_NUMBER='1' AIRFLOW_CTX_DAG_RUN_ID='scheduled__2026-02-13T10:00:00+00:00'
[2026-02-16T15:47:24.356+0000] {taskinstance.py:732} INFO - ::endgroup::
[2026-02-16T15:47:24.363+0000] {parse_iot.py:102} INFO - text
[2026-02-16T15:47:24.363+0000] {python.py:240} INFO - Done. Returned value was: None
[2026-02-16T15:47:24.370+0000] {taskinstance.py:341} INFO - ::group::Post task execution logs
[2026-02-16T15:47:24.370+0000] {taskinstance.py:353} INFO - Marking task as SUCCESS. dag_id=parse_iot, task_id=sort_in_out, run_id=scheduled__2026-02-13T10:00:00+00:00, execution_date=20260213T100000, start_date=20260216T154724, end_date=20260216T154724
[2026-02-16T15:47:24.409+0000] {local_task_job_runner.py:266} INFO - Task exited with return code 0
[2026-02-16T15:47:24.426+0000] {taskinstance.py:3901} INFO - 0 downstream tasks scheduled from follow-on schedule check
[2026-02-16T15:47:24.428+0000] {local_task_job_runner.py:245} INFO - ::endgroup::
