[2026-02-13T23:58:27.012+0000] {local_task_job_runner.py:123} INFO - ::group::Pre task execution logs
[2026-02-13T23:58:27.025+0000] {taskinstance.py:2614} INFO - Dependencies all met for dep_context=non-requeueable deps ti=<TaskInstance: download_iot.download_data scheduled__2026-02-12T10:00:00+00:00 [queued]>
[2026-02-13T23:58:27.030+0000] {taskinstance.py:2614} INFO - Dependencies all met for dep_context=requeueable deps ti=<TaskInstance: download_iot.download_data scheduled__2026-02-12T10:00:00+00:00 [queued]>
[2026-02-13T23:58:27.030+0000] {taskinstance.py:2867} INFO - Starting attempt 1 of 4
[2026-02-13T23:58:27.038+0000] {taskinstance.py:2890} INFO - Executing <Task(PythonOperator): download_data> on 2026-02-12 10:00:00+00:00
[2026-02-13T23:58:27.041+0000] {standard_task_runner.py:72} INFO - Started process 126 to run task
[2026-02-13T23:58:27.043+0000] {standard_task_runner.py:104} INFO - Running: ['***', 'tasks', 'run', 'download_iot', 'download_data', 'scheduled__2026-02-12T10:00:00+00:00', '--job-id', '15', '--raw', '--subdir', 'DAGS_FOLDER/download_iot.py', '--cfg-path', '/tmp/tmp2uq6akdb']
[2026-02-13T23:58:27.045+0000] {standard_task_runner.py:105} INFO - Job 15: Subtask download_data
[2026-02-13T23:58:27.053+0000] {warnings.py:109} WARNING - /home/***/.local/lib/python3.9/site-packages/***/settings.py:209: DeprecationWarning: The sql_alchemy_conn option in [core] has been moved to the sql_alchemy_conn option in [database] - the old setting has been used, but please update your config.
  SQL_ALCHEMY_CONN = conf.get("database", "SQL_ALCHEMY_CONN")

[2026-02-13T23:58:27.073+0000] {task_command.py:467} INFO - Running <TaskInstance: download_iot.download_data scheduled__2026-02-12T10:00:00+00:00 [running]> on host 2ca27e65cbff
[2026-02-13T23:58:27.074+0000] {warnings.py:109} WARNING - /home/***/.local/lib/python3.9/site-packages/***/settings.py:470: DeprecationWarning: The sql_alchemy_conn option in [core] has been moved to the sql_alchemy_conn option in [database] - the old setting has been used, but please update your config.
  if conf.get("database", "sql_alchemy_conn") == "none://":

[2026-02-13T23:58:27.122+0000] {taskinstance.py:3134} INFO - Exporting env vars: AIRFLOW_CTX_DAG_OWNER='a.sorokin' AIRFLOW_CTX_DAG_ID='download_iot' AIRFLOW_CTX_TASK_ID='download_data' AIRFLOW_CTX_EXECUTION_DATE='2026-02-12T10:00:00+00:00' AIRFLOW_CTX_TRY_NUMBER='1' AIRFLOW_CTX_DAG_RUN_ID='scheduled__2026-02-12T10:00:00+00:00'
[2026-02-13T23:58:27.123+0000] {taskinstance.py:732} INFO - ::endgroup::
[2026-02-13T23:58:27.131+0000] {logging_mixin.py:190} INFO - Dataset URL: https://www.kaggle.com/datasets/atulanandjha/temperature-readings-iot-devices
[2026-02-13T23:58:28.346+0000] {download_iot.py:66} INFO - Данные успешно загружены с Kaggle!
[2026-02-13T23:58:28.347+0000] {python.py:240} INFO - Done. Returned value was: None
[2026-02-13T23:58:28.354+0000] {taskinstance.py:341} INFO - ::group::Post task execution logs
[2026-02-13T23:58:28.354+0000] {taskinstance.py:353} INFO - Marking task as SUCCESS. dag_id=download_iot, task_id=download_data, run_id=scheduled__2026-02-12T10:00:00+00:00, execution_date=20260212T100000, start_date=20260213T235827, end_date=20260213T235828
[2026-02-13T23:58:28.417+0000] {local_task_job_runner.py:266} INFO - Task exited with return code 0
[2026-02-13T23:58:28.429+0000] {taskinstance.py:3901} INFO - 0 downstream tasks scheduled from follow-on schedule check
[2026-02-13T23:58:28.430+0000] {local_task_job_runner.py:245} INFO - ::endgroup::
[2026-02-14T00:26:03.040+0000] {local_task_job_runner.py:123} INFO - ::group::Pre task execution logs
[2026-02-14T00:26:03.055+0000] {taskinstance.py:2614} INFO - Dependencies all met for dep_context=non-requeueable deps ti=<TaskInstance: download_iot.download_data scheduled__2026-02-12T10:00:00+00:00 [queued]>
[2026-02-14T00:26:03.060+0000] {taskinstance.py:2614} INFO - Dependencies all met for dep_context=requeueable deps ti=<TaskInstance: download_iot.download_data scheduled__2026-02-12T10:00:00+00:00 [queued]>
[2026-02-14T00:26:03.060+0000] {taskinstance.py:2867} INFO - Starting attempt 1 of 4
[2026-02-14T00:26:03.068+0000] {taskinstance.py:2890} INFO - Executing <Task(PythonOperator): download_data> on 2026-02-12 10:00:00+00:00
[2026-02-14T00:26:03.072+0000] {standard_task_runner.py:72} INFO - Started process 127 to run task
[2026-02-14T00:26:03.074+0000] {standard_task_runner.py:104} INFO - Running: ['***', 'tasks', 'run', 'download_iot', 'download_data', 'scheduled__2026-02-12T10:00:00+00:00', '--job-id', '15', '--raw', '--subdir', 'DAGS_FOLDER/download_iot.py', '--cfg-path', '/tmp/tmpdo95tw9h']
[2026-02-14T00:26:03.076+0000] {standard_task_runner.py:105} INFO - Job 15: Subtask download_data
[2026-02-14T00:26:03.085+0000] {warnings.py:109} WARNING - /home/***/.local/lib/python3.9/site-packages/***/settings.py:209: DeprecationWarning: The sql_alchemy_conn option in [core] has been moved to the sql_alchemy_conn option in [database] - the old setting has been used, but please update your config.
  SQL_ALCHEMY_CONN = conf.get("database", "SQL_ALCHEMY_CONN")

[2026-02-14T00:26:03.107+0000] {task_command.py:467} INFO - Running <TaskInstance: download_iot.download_data scheduled__2026-02-12T10:00:00+00:00 [running]> on host b58edd37553d
[2026-02-14T00:26:03.108+0000] {warnings.py:109} WARNING - /home/***/.local/lib/python3.9/site-packages/***/settings.py:470: DeprecationWarning: The sql_alchemy_conn option in [core] has been moved to the sql_alchemy_conn option in [database] - the old setting has been used, but please update your config.
  if conf.get("database", "sql_alchemy_conn") == "none://":

[2026-02-14T00:26:03.159+0000] {taskinstance.py:3134} INFO - Exporting env vars: AIRFLOW_CTX_DAG_OWNER='a.sorokin' AIRFLOW_CTX_DAG_ID='download_iot' AIRFLOW_CTX_TASK_ID='download_data' AIRFLOW_CTX_EXECUTION_DATE='2026-02-12T10:00:00+00:00' AIRFLOW_CTX_TRY_NUMBER='1' AIRFLOW_CTX_DAG_RUN_ID='scheduled__2026-02-12T10:00:00+00:00'
[2026-02-14T00:26:03.159+0000] {taskinstance.py:732} INFO - ::endgroup::
[2026-02-14T00:26:03.169+0000] {logging_mixin.py:190} INFO - Dataset URL: https://www.kaggle.com/datasets/atulanandjha/temperature-readings-iot-devices
[2026-02-14T00:26:04.371+0000] {download_iot.py:66} INFO - Данные успешно загружены с Kaggle!
[2026-02-14T00:26:04.372+0000] {python.py:240} INFO - Done. Returned value was: None
[2026-02-14T00:26:04.378+0000] {taskinstance.py:341} INFO - ::group::Post task execution logs
[2026-02-14T00:26:04.379+0000] {taskinstance.py:353} INFO - Marking task as SUCCESS. dag_id=download_iot, task_id=download_data, run_id=scheduled__2026-02-12T10:00:00+00:00, execution_date=20260212T100000, start_date=20260214T002603, end_date=20260214T002604
[2026-02-14T00:26:04.449+0000] {local_task_job_runner.py:266} INFO - Task exited with return code 0
[2026-02-14T00:26:04.462+0000] {taskinstance.py:3901} INFO - 0 downstream tasks scheduled from follow-on schedule check
[2026-02-14T00:26:04.463+0000] {local_task_job_runner.py:245} INFO - ::endgroup::
[2026-02-14T16:30:38.593+0000] {local_task_job_runner.py:123} INFO - ::group::Pre task execution logs
[2026-02-14T16:30:38.606+0000] {taskinstance.py:2614} INFO - Dependencies all met for dep_context=non-requeueable deps ti=<TaskInstance: download_iot.download_data scheduled__2026-02-12T10:00:00+00:00 [queued]>
[2026-02-14T16:30:38.611+0000] {taskinstance.py:2614} INFO - Dependencies all met for dep_context=requeueable deps ti=<TaskInstance: download_iot.download_data scheduled__2026-02-12T10:00:00+00:00 [queued]>
[2026-02-14T16:30:38.611+0000] {taskinstance.py:2867} INFO - Starting attempt 1 of 4
[2026-02-14T16:30:38.618+0000] {taskinstance.py:2890} INFO - Executing <Task(PythonOperator): download_data> on 2026-02-12 10:00:00+00:00
[2026-02-14T16:30:38.621+0000] {standard_task_runner.py:72} INFO - Started process 190 to run task
[2026-02-14T16:30:38.623+0000] {standard_task_runner.py:104} INFO - Running: ['***', 'tasks', 'run', 'download_iot', 'download_data', 'scheduled__2026-02-12T10:00:00+00:00', '--job-id', '31', '--raw', '--subdir', 'DAGS_FOLDER/download_iot.py', '--cfg-path', '/tmp/tmplj35t_yq']
[2026-02-14T16:30:38.625+0000] {standard_task_runner.py:105} INFO - Job 31: Subtask download_data
[2026-02-14T16:30:38.633+0000] {warnings.py:109} WARNING - /home/***/.local/lib/python3.9/site-packages/***/settings.py:209: DeprecationWarning: The sql_alchemy_conn option in [core] has been moved to the sql_alchemy_conn option in [database] - the old setting has been used, but please update your config.
  SQL_ALCHEMY_CONN = conf.get("database", "SQL_ALCHEMY_CONN")

[2026-02-14T16:30:38.652+0000] {task_command.py:467} INFO - Running <TaskInstance: download_iot.download_data scheduled__2026-02-12T10:00:00+00:00 [running]> on host a5c4ed865bb5
[2026-02-14T16:30:38.653+0000] {warnings.py:109} WARNING - /home/***/.local/lib/python3.9/site-packages/***/settings.py:470: DeprecationWarning: The sql_alchemy_conn option in [core] has been moved to the sql_alchemy_conn option in [database] - the old setting has been used, but please update your config.
  if conf.get("database", "sql_alchemy_conn") == "none://":

[2026-02-14T16:30:38.699+0000] {taskinstance.py:3134} INFO - Exporting env vars: AIRFLOW_CTX_DAG_OWNER='a.sorokin' AIRFLOW_CTX_DAG_ID='download_iot' AIRFLOW_CTX_TASK_ID='download_data' AIRFLOW_CTX_EXECUTION_DATE='2026-02-12T10:00:00+00:00' AIRFLOW_CTX_TRY_NUMBER='1' AIRFLOW_CTX_DAG_RUN_ID='scheduled__2026-02-12T10:00:00+00:00'
[2026-02-14T16:30:38.700+0000] {taskinstance.py:732} INFO - ::endgroup::
[2026-02-14T16:30:38.708+0000] {logging_mixin.py:190} INFO - Dataset URL: https://www.kaggle.com/datasets/atulanandjha/temperature-readings-iot-devices
[2026-02-14T16:30:39.615+0000] {download_iot.py:66} INFO - Данные успешно загружены с Kaggle!
[2026-02-14T16:30:39.615+0000] {python.py:240} INFO - Done. Returned value was: None
[2026-02-14T16:30:39.621+0000] {taskinstance.py:341} INFO - ::group::Post task execution logs
[2026-02-14T16:30:39.622+0000] {taskinstance.py:353} INFO - Marking task as SUCCESS. dag_id=download_iot, task_id=download_data, run_id=scheduled__2026-02-12T10:00:00+00:00, execution_date=20260212T100000, start_date=20260214T163038, end_date=20260214T163039
[2026-02-14T16:30:39.678+0000] {local_task_job_runner.py:266} INFO - Task exited with return code 0
[2026-02-14T16:30:39.689+0000] {taskinstance.py:3901} INFO - 0 downstream tasks scheduled from follow-on schedule check
[2026-02-14T16:30:39.690+0000] {local_task_job_runner.py:245} INFO - ::endgroup::
