[2026-02-16T18:01:30.330+0000] {local_task_job_runner.py:123} INFO - ::group::Pre task execution logs
[2026-02-16T18:01:30.344+0000] {taskinstance.py:2614} INFO - Dependencies all met for dep_context=non-requeueable deps ti=<TaskInstance: date_load_postgres.check_parse_data scheduled__2026-02-09T10:00:00+00:00 [queued]>
[2026-02-16T18:01:30.352+0000] {taskinstance.py:2614} INFO - Dependencies all met for dep_context=requeueable deps ti=<TaskInstance: date_load_postgres.check_parse_data scheduled__2026-02-09T10:00:00+00:00 [queued]>
[2026-02-16T18:01:30.352+0000] {taskinstance.py:2867} INFO - Starting attempt 1 of 4
[2026-02-16T18:01:30.360+0000] {taskinstance.py:2890} INFO - Executing <Task(PythonSensor): check_parse_data> on 2026-02-09 10:00:00+00:00
[2026-02-16T18:01:30.365+0000] {standard_task_runner.py:72} INFO - Started process 377 to run task
[2026-02-16T18:01:30.368+0000] {standard_task_runner.py:104} INFO - Running: ['***', 'tasks', 'run', 'date_load_postgres', 'check_parse_data', 'scheduled__2026-02-09T10:00:00+00:00', '--job-id', '72', '--raw', '--subdir', 'DAGS_FOLDER/date_load_postrges.py', '--cfg-path', '/tmp/tmpxoc_j2_4']
[2026-02-16T18:01:30.369+0000] {standard_task_runner.py:105} INFO - Job 72: Subtask check_parse_data
[2026-02-16T18:01:30.377+0000] {warnings.py:109} WARNING - /home/***/.local/lib/python3.9/site-packages/***/settings.py:209: DeprecationWarning: The sql_alchemy_conn option in [core] has been moved to the sql_alchemy_conn option in [database] - the old setting has been used, but please update your config.
  SQL_ALCHEMY_CONN = conf.get("database", "SQL_ALCHEMY_CONN")

[2026-02-16T18:01:30.400+0000] {task_command.py:467} INFO - Running <TaskInstance: date_load_postgres.check_parse_data scheduled__2026-02-09T10:00:00+00:00 [running]> on host 80c391c4cc85
[2026-02-16T18:01:30.400+0000] {warnings.py:109} WARNING - /home/***/.local/lib/python3.9/site-packages/***/settings.py:470: DeprecationWarning: The sql_alchemy_conn option in [core] has been moved to the sql_alchemy_conn option in [database] - the old setting has been used, but please update your config.
  if conf.get("database", "sql_alchemy_conn") == "none://":

[2026-02-16T18:01:30.448+0000] {taskinstance.py:3134} INFO - Exporting env vars: AIRFLOW_CTX_DAG_OWNER='a.sorokin' AIRFLOW_CTX_DAG_ID='date_load_postgres' AIRFLOW_CTX_TASK_ID='check_parse_data' AIRFLOW_CTX_EXECUTION_DATE='2026-02-09T10:00:00+00:00' AIRFLOW_CTX_TRY_NUMBER='1' AIRFLOW_CTX_DAG_RUN_ID='scheduled__2026-02-09T10:00:00+00:00'
[2026-02-16T18:01:30.448+0000] {taskinstance.py:732} INFO - ::endgroup::
[2026-02-16T18:01:30.456+0000] {python.py:75} INFO - Poking callable: <function check_parse_data at 0x7ae6745da040>
[2026-02-16T18:01:30.456+0000] {taskinstance.py:3313} ERROR - Task failed with exception
Traceback (most recent call last):
  File "/home/airflow/.local/lib/python3.9/site-packages/airflow/models/taskinstance.py", line 768, in _execute_task
    result = _execute_callable(context=context, **execute_callable_kwargs)
  File "/home/airflow/.local/lib/python3.9/site-packages/airflow/models/taskinstance.py", line 734, in _execute_callable
    return ExecutionCallableRunner(
  File "/home/airflow/.local/lib/python3.9/site-packages/airflow/utils/operator_helpers.py", line 252, in run
    return self.func(*args, **kwargs)
  File "/home/airflow/.local/lib/python3.9/site-packages/airflow/models/baseoperator.py", line 424, in wrapper
    return func(self, *args, **kwargs)
  File "/home/airflow/.local/lib/python3.9/site-packages/airflow/sensors/base.py", line 309, in execute
    raise e
  File "/home/airflow/.local/lib/python3.9/site-packages/airflow/sensors/base.py", line 289, in execute
    poke_return = self.poke(context)
  File "/home/airflow/.local/lib/python3.9/site-packages/airflow/sensors/python.py", line 76, in poke
    return_value = self.python_callable(*self.op_args, **self.op_kwargs)
  File "/opt/airflow/dags/date_load_postrges.py", line 125, in check_parse_data
    out_put_path = context["output_path"]
KeyError: 'output_path'
[2026-02-16T18:01:30.464+0000] {taskinstance.py:1226} INFO - Marking task as UP_FOR_RETRY. dag_id=date_load_postgres, task_id=check_parse_data, run_id=scheduled__2026-02-09T10:00:00+00:00, execution_date=20260209T100000, start_date=20260216T180130, end_date=20260216T180130
[2026-02-16T18:01:30.483+0000] {taskinstance.py:341} INFO - ::group::Post task execution logs
[2026-02-16T18:01:30.483+0000] {standard_task_runner.py:124} ERROR - Failed to execute job 72 for task check_parse_data ('output_path'; 377)
Traceback (most recent call last):
  File "/home/airflow/.local/lib/python3.9/site-packages/airflow/task/task_runner/standard_task_runner.py", line 117, in _start_by_fork
    ret = args.func(args, dag=self.dag)
  File "/home/airflow/.local/lib/python3.9/site-packages/airflow/cli/cli_config.py", line 49, in command
    return func(*args, **kwargs)
  File "/home/airflow/.local/lib/python3.9/site-packages/airflow/utils/cli.py", line 116, in wrapper
    return f(*args, **kwargs)
  File "/home/airflow/.local/lib/python3.9/site-packages/airflow/cli/commands/task_command.py", line 483, in task_run
    task_return_code = _run_task_by_selected_method(args, _dag, ti)
  File "/home/airflow/.local/lib/python3.9/site-packages/airflow/cli/commands/task_command.py", line 256, in _run_task_by_selected_method
    return _run_raw_task(args, ti)
  File "/home/airflow/.local/lib/python3.9/site-packages/airflow/cli/commands/task_command.py", line 341, in _run_raw_task
    return ti._run_raw_task(
  File "/home/airflow/.local/lib/python3.9/site-packages/airflow/utils/session.py", line 97, in wrapper
    return func(*args, session=session, **kwargs)
  File "/home/airflow/.local/lib/python3.9/site-packages/airflow/models/taskinstance.py", line 3006, in _run_raw_task
    return _run_raw_task(
  File "/home/airflow/.local/lib/python3.9/site-packages/airflow/models/taskinstance.py", line 274, in _run_raw_task
    TaskInstance._execute_task_with_callbacks(
  File "/home/airflow/.local/lib/python3.9/site-packages/airflow/models/taskinstance.py", line 3161, in _execute_task_with_callbacks
    result = self._execute_task(context, task_orig)
  File "/home/airflow/.local/lib/python3.9/site-packages/airflow/models/taskinstance.py", line 3185, in _execute_task
    return _execute_task(self, context, task_orig)
  File "/home/airflow/.local/lib/python3.9/site-packages/airflow/models/taskinstance.py", line 768, in _execute_task
    result = _execute_callable(context=context, **execute_callable_kwargs)
  File "/home/airflow/.local/lib/python3.9/site-packages/airflow/models/taskinstance.py", line 734, in _execute_callable
    return ExecutionCallableRunner(
  File "/home/airflow/.local/lib/python3.9/site-packages/airflow/utils/operator_helpers.py", line 252, in run
    return self.func(*args, **kwargs)
  File "/home/airflow/.local/lib/python3.9/site-packages/airflow/models/baseoperator.py", line 424, in wrapper
    return func(self, *args, **kwargs)
  File "/home/airflow/.local/lib/python3.9/site-packages/airflow/sensors/base.py", line 309, in execute
    raise e
  File "/home/airflow/.local/lib/python3.9/site-packages/airflow/sensors/base.py", line 289, in execute
    poke_return = self.poke(context)
  File "/home/airflow/.local/lib/python3.9/site-packages/airflow/sensors/python.py", line 76, in poke
    return_value = self.python_callable(*self.op_args, **self.op_kwargs)
  File "/opt/airflow/dags/date_load_postrges.py", line 125, in check_parse_data
    out_put_path = context["output_path"]
KeyError: 'output_path'
[2026-02-16T18:01:30.499+0000] {local_task_job_runner.py:266} INFO - Task exited with return code 1
[2026-02-16T18:01:30.514+0000] {taskinstance.py:3901} INFO - 0 downstream tasks scheduled from follow-on schedule check
[2026-02-16T18:01:30.515+0000] {local_task_job_runner.py:245} INFO - ::endgroup::
