[2026-02-16T18:11:42.460+0000] {local_task_job_runner.py:123} INFO - ::group::Pre task execution logs
[2026-02-16T18:11:42.472+0000] {taskinstance.py:2614} INFO - Dependencies all met for dep_context=non-requeueable deps ti=<TaskInstance: date_load_postgres.check_parse_data scheduled__2026-02-09T10:00:00+00:00 [queued]>
[2026-02-16T18:11:42.477+0000] {taskinstance.py:2614} INFO - Dependencies all met for dep_context=requeueable deps ti=<TaskInstance: date_load_postgres.check_parse_data scheduled__2026-02-09T10:00:00+00:00 [queued]>
[2026-02-16T18:11:42.478+0000] {taskinstance.py:2867} INFO - Starting attempt 3 of 4
[2026-02-16T18:11:42.485+0000] {taskinstance.py:2890} INFO - Executing <Task(PythonSensor): check_parse_data> on 2026-02-09 10:00:00+00:00
[2026-02-16T18:11:42.490+0000] {standard_task_runner.py:72} INFO - Started process 521 to run task
[2026-02-16T18:11:42.492+0000] {standard_task_runner.py:104} INFO - Running: ['***', 'tasks', 'run', 'date_load_postgres', 'check_parse_data', 'scheduled__2026-02-09T10:00:00+00:00', '--job-id', '101', '--raw', '--subdir', 'DAGS_FOLDER/date_load_postrges.py', '--cfg-path', '/tmp/tmp0tubi3og']
[2026-02-16T18:11:42.493+0000] {standard_task_runner.py:105} INFO - Job 101: Subtask check_parse_data
[2026-02-16T18:11:42.502+0000] {warnings.py:109} WARNING - /home/***/.local/lib/python3.9/site-packages/***/settings.py:209: DeprecationWarning: The sql_alchemy_conn option in [core] has been moved to the sql_alchemy_conn option in [database] - the old setting has been used, but please update your config.
  SQL_ALCHEMY_CONN = conf.get("database", "SQL_ALCHEMY_CONN")

[2026-02-16T18:11:42.522+0000] {task_command.py:467} INFO - Running <TaskInstance: date_load_postgres.check_parse_data scheduled__2026-02-09T10:00:00+00:00 [running]> on host 80c391c4cc85
[2026-02-16T18:11:42.523+0000] {warnings.py:109} WARNING - /home/***/.local/lib/python3.9/site-packages/***/settings.py:470: DeprecationWarning: The sql_alchemy_conn option in [core] has been moved to the sql_alchemy_conn option in [database] - the old setting has been used, but please update your config.
  if conf.get("database", "sql_alchemy_conn") == "none://":

[2026-02-16T18:11:42.570+0000] {taskinstance.py:3134} INFO - Exporting env vars: AIRFLOW_CTX_DAG_OWNER='a.sorokin' AIRFLOW_CTX_DAG_ID='date_load_postgres' AIRFLOW_CTX_TASK_ID='check_parse_data' AIRFLOW_CTX_EXECUTION_DATE='2026-02-09T10:00:00+00:00' AIRFLOW_CTX_TRY_NUMBER='3' AIRFLOW_CTX_DAG_RUN_ID='scheduled__2026-02-09T10:00:00+00:00'
[2026-02-16T18:11:42.570+0000] {taskinstance.py:732} INFO - ::endgroup::
[2026-02-16T18:11:42.578+0000] {python.py:75} INFO - Poking callable: <function check_parse_data at 0x7ae674574ca0>
[2026-02-16T18:11:42.578+0000] {base.py:339} INFO - Success criteria met. Exiting.
[2026-02-16T18:11:42.586+0000] {taskinstance.py:341} INFO - ::group::Post task execution logs
[2026-02-16T18:11:42.586+0000] {taskinstance.py:353} INFO - Marking task as SUCCESS. dag_id=date_load_postgres, task_id=check_parse_data, run_id=scheduled__2026-02-09T10:00:00+00:00, execution_date=20260209T100000, start_date=20260216T181142, end_date=20260216T181142
[2026-02-16T18:11:42.623+0000] {local_task_job_runner.py:266} INFO - Task exited with return code 0
[2026-02-16T18:11:42.640+0000] {taskinstance.py:3901} INFO - 1 downstream tasks scheduled from follow-on schedule check
[2026-02-16T18:11:42.641+0000] {local_task_job_runner.py:245} INFO - ::endgroup::
