[2026-02-14T00:09:11.925+0000] {local_task_job_runner.py:123} INFO - ::group::Pre task execution logs
[2026-02-14T00:09:11.937+0000] {taskinstance.py:2614} INFO - Dependencies all met for dep_context=non-requeueable deps ti=<TaskInstance: load_postgres.check_parse scheduled__2026-02-03T10:00:00+00:00 [queued]>
[2026-02-14T00:09:11.943+0000] {taskinstance.py:2614} INFO - Dependencies all met for dep_context=requeueable deps ti=<TaskInstance: load_postgres.check_parse scheduled__2026-02-03T10:00:00+00:00 [queued]>
[2026-02-14T00:09:11.944+0000] {taskinstance.py:2867} INFO - Starting attempt 1 of 4
[2026-02-14T00:09:11.950+0000] {taskinstance.py:2890} INFO - Executing <Task(ExternalTaskSensor): check_parse> on 2026-02-03 10:00:00+00:00
[2026-02-14T00:09:11.956+0000] {standard_task_runner.py:72} INFO - Started process 91 to run task
[2026-02-14T00:09:11.958+0000] {standard_task_runner.py:104} INFO - Running: ['***', 'tasks', 'run', 'load_postgres', 'check_parse', 'scheduled__2026-02-03T10:00:00+00:00', '--job-id', '6', '--raw', '--subdir', 'DAGS_FOLDER/load_postrges.py', '--cfg-path', '/tmp/tmp2pm3xzom']
[2026-02-14T00:09:11.959+0000] {standard_task_runner.py:105} INFO - Job 6: Subtask check_parse
[2026-02-14T00:09:11.967+0000] {warnings.py:109} WARNING - /home/***/.local/lib/python3.9/site-packages/***/settings.py:209: DeprecationWarning: The sql_alchemy_conn option in [core] has been moved to the sql_alchemy_conn option in [database] - the old setting has been used, but please update your config.
  SQL_ALCHEMY_CONN = conf.get("database", "SQL_ALCHEMY_CONN")

[2026-02-14T00:09:11.989+0000] {task_command.py:467} INFO - Running <TaskInstance: load_postgres.check_parse scheduled__2026-02-03T10:00:00+00:00 [running]> on host 13185f5c75e0
[2026-02-14T00:09:11.990+0000] {warnings.py:109} WARNING - /home/***/.local/lib/python3.9/site-packages/***/settings.py:470: DeprecationWarning: The sql_alchemy_conn option in [core] has been moved to the sql_alchemy_conn option in [database] - the old setting has been used, but please update your config.
  if conf.get("database", "sql_alchemy_conn") == "none://":

[2026-02-14T00:09:12.036+0000] {taskinstance.py:3134} INFO - Exporting env vars: AIRFLOW_CTX_DAG_OWNER='a.sorokin' AIRFLOW_CTX_DAG_ID='load_postgres' AIRFLOW_CTX_TASK_ID='check_parse' AIRFLOW_CTX_EXECUTION_DATE='2026-02-03T10:00:00+00:00' AIRFLOW_CTX_TRY_NUMBER='1' AIRFLOW_CTX_DAG_RUN_ID='scheduled__2026-02-03T10:00:00+00:00'
[2026-02-14T00:09:12.036+0000] {taskinstance.py:732} INFO - ::endgroup::
[2026-02-14T00:09:12.043+0000] {baseoperator.py:423} WARNING - ExternalTaskSensor.execute cannot be called outside TaskInstance!
[2026-02-14T00:09:12.049+0000] {external_task.py:274} INFO - Poking for DAG 'parse_iot' on 2026-02-03T10:00:00+00:00 ... 
[2026-02-14T00:09:12.050+0000] {warnings.py:109} WARNING - /home/***/.local/lib/python3.9/site-packages/***/utils/session.py:97: DeprecationWarning: This method is deprecated and will be removed in future.
  return func(*args, session=session, **kwargs)

[2026-02-14T00:09:12.066+0000] {taskinstance.py:310} INFO - Rescheduling task, marking task as UP_FOR_RESCHEDULE
[2026-02-14T00:09:12.066+0000] {taskinstance.py:341} INFO - ::group::Post task execution logs
[2026-02-14T00:09:12.090+0000] {local_task_job_runner.py:266} INFO - Task exited with return code 0
[2026-02-14T00:09:12.106+0000] {taskinstance.py:3901} INFO - 0 downstream tasks scheduled from follow-on schedule check
[2026-02-14T00:09:12.107+0000] {local_task_job_runner.py:245} INFO - ::endgroup::
[2026-02-14T16:30:17.795+0000] {local_task_job_runner.py:123} INFO - ::group::Pre task execution logs
[2026-02-14T16:30:17.809+0000] {taskinstance.py:2614} INFO - Dependencies all met for dep_context=non-requeueable deps ti=<TaskInstance: load_postgres.check_parse scheduled__2026-02-03T10:00:00+00:00 [queued]>
[2026-02-14T16:30:17.815+0000] {taskinstance.py:2614} INFO - Dependencies all met for dep_context=requeueable deps ti=<TaskInstance: load_postgres.check_parse scheduled__2026-02-03T10:00:00+00:00 [queued]>
[2026-02-14T16:30:17.816+0000] {taskinstance.py:2867} INFO - Starting attempt 1 of 4
[2026-02-14T16:30:17.823+0000] {taskinstance.py:2890} INFO - Executing <Task(ExternalTaskSensor): check_parse> on 2026-02-03 10:00:00+00:00
[2026-02-14T16:30:17.827+0000] {standard_task_runner.py:72} INFO - Started process 107 to run task
[2026-02-14T16:30:17.830+0000] {standard_task_runner.py:104} INFO - Running: ['***', 'tasks', 'run', 'load_postgres', 'check_parse', 'scheduled__2026-02-03T10:00:00+00:00', '--job-id', '10', '--raw', '--subdir', 'DAGS_FOLDER/load_postrges.py', '--cfg-path', '/tmp/tmplkckq128']
[2026-02-14T16:30:17.832+0000] {standard_task_runner.py:105} INFO - Job 10: Subtask check_parse
[2026-02-14T16:30:17.840+0000] {warnings.py:109} WARNING - /home/***/.local/lib/python3.9/site-packages/***/settings.py:209: DeprecationWarning: The sql_alchemy_conn option in [core] has been moved to the sql_alchemy_conn option in [database] - the old setting has been used, but please update your config.
  SQL_ALCHEMY_CONN = conf.get("database", "SQL_ALCHEMY_CONN")

[2026-02-14T16:30:17.862+0000] {task_command.py:467} INFO - Running <TaskInstance: load_postgres.check_parse scheduled__2026-02-03T10:00:00+00:00 [running]> on host a5c4ed865bb5
[2026-02-14T16:30:17.862+0000] {warnings.py:109} WARNING - /home/***/.local/lib/python3.9/site-packages/***/settings.py:470: DeprecationWarning: The sql_alchemy_conn option in [core] has been moved to the sql_alchemy_conn option in [database] - the old setting has been used, but please update your config.
  if conf.get("database", "sql_alchemy_conn") == "none://":

[2026-02-14T16:30:17.907+0000] {taskinstance.py:3134} INFO - Exporting env vars: AIRFLOW_CTX_DAG_OWNER='a.sorokin' AIRFLOW_CTX_DAG_ID='load_postgres' AIRFLOW_CTX_TASK_ID='check_parse' AIRFLOW_CTX_EXECUTION_DATE='2026-02-03T10:00:00+00:00' AIRFLOW_CTX_TRY_NUMBER='1' AIRFLOW_CTX_DAG_RUN_ID='scheduled__2026-02-03T10:00:00+00:00'
[2026-02-14T16:30:17.908+0000] {taskinstance.py:732} INFO - ::endgroup::
[2026-02-14T16:30:17.915+0000] {baseoperator.py:423} WARNING - ExternalTaskSensor.execute cannot be called outside TaskInstance!
[2026-02-14T16:30:17.921+0000] {external_task.py:274} INFO - Poking for DAG 'parse_iot' on 2026-02-03T10:00:00+00:00 ... 
[2026-02-14T16:30:17.921+0000] {warnings.py:109} WARNING - /home/***/.local/lib/python3.9/site-packages/***/utils/session.py:97: DeprecationWarning: This method is deprecated and will be removed in future.
  return func(*args, session=session, **kwargs)

[2026-02-14T16:30:17.937+0000] {taskinstance.py:310} INFO - Rescheduling task, marking task as UP_FOR_RESCHEDULE
[2026-02-14T16:30:17.938+0000] {taskinstance.py:341} INFO - ::group::Post task execution logs
[2026-02-14T16:30:17.961+0000] {local_task_job_runner.py:266} INFO - Task exited with return code 0
[2026-02-14T16:30:17.977+0000] {taskinstance.py:3901} INFO - 0 downstream tasks scheduled from follow-on schedule check
[2026-02-14T16:30:17.978+0000] {local_task_job_runner.py:245} INFO - ::endgroup::
[2026-02-14T16:31:19.418+0000] {local_task_job_runner.py:123} INFO - ::group::Pre task execution logs
[2026-02-14T16:31:19.433+0000] {taskinstance.py:2614} INFO - Dependencies all met for dep_context=non-requeueable deps ti=<TaskInstance: load_postgres.check_parse scheduled__2026-02-03T10:00:00+00:00 [queued]>
[2026-02-14T16:31:19.439+0000] {taskinstance.py:2614} INFO - Dependencies all met for dep_context=requeueable deps ti=<TaskInstance: load_postgres.check_parse scheduled__2026-02-03T10:00:00+00:00 [queued]>
[2026-02-14T16:31:19.440+0000] {taskinstance.py:2867} INFO - Starting attempt 1 of 4
[2026-02-14T16:31:19.447+0000] {taskinstance.py:2890} INFO - Executing <Task(ExternalTaskSensor): check_parse> on 2026-02-03 10:00:00+00:00
[2026-02-14T16:31:19.452+0000] {standard_task_runner.py:72} INFO - Started process 229 to run task
[2026-02-14T16:31:19.454+0000] {standard_task_runner.py:104} INFO - Running: ['***', 'tasks', 'run', 'load_postgres', 'check_parse', 'scheduled__2026-02-03T10:00:00+00:00', '--job-id', '40', '--raw', '--subdir', 'DAGS_FOLDER/load_postrges.py', '--cfg-path', '/tmp/tmp6jr8303w']
[2026-02-14T16:31:19.456+0000] {standard_task_runner.py:105} INFO - Job 40: Subtask check_parse
[2026-02-14T16:31:19.465+0000] {warnings.py:109} WARNING - /home/***/.local/lib/python3.9/site-packages/***/settings.py:209: DeprecationWarning: The sql_alchemy_conn option in [core] has been moved to the sql_alchemy_conn option in [database] - the old setting has been used, but please update your config.
  SQL_ALCHEMY_CONN = conf.get("database", "SQL_ALCHEMY_CONN")

[2026-02-14T16:31:19.488+0000] {task_command.py:467} INFO - Running <TaskInstance: load_postgres.check_parse scheduled__2026-02-03T10:00:00+00:00 [running]> on host a5c4ed865bb5
[2026-02-14T16:31:19.488+0000] {warnings.py:109} WARNING - /home/***/.local/lib/python3.9/site-packages/***/settings.py:470: DeprecationWarning: The sql_alchemy_conn option in [core] has been moved to the sql_alchemy_conn option in [database] - the old setting has been used, but please update your config.
  if conf.get("database", "sql_alchemy_conn") == "none://":

[2026-02-14T16:31:19.536+0000] {taskinstance.py:3134} INFO - Exporting env vars: AIRFLOW_CTX_DAG_OWNER='a.sorokin' AIRFLOW_CTX_DAG_ID='load_postgres' AIRFLOW_CTX_TASK_ID='check_parse' AIRFLOW_CTX_EXECUTION_DATE='2026-02-03T10:00:00+00:00' AIRFLOW_CTX_TRY_NUMBER='1' AIRFLOW_CTX_DAG_RUN_ID='scheduled__2026-02-03T10:00:00+00:00'
[2026-02-14T16:31:19.536+0000] {taskinstance.py:732} INFO - ::endgroup::
[2026-02-14T16:31:19.543+0000] {baseoperator.py:423} WARNING - ExternalTaskSensor.execute cannot be called outside TaskInstance!
[2026-02-14T16:31:19.550+0000] {external_task.py:274} INFO - Poking for DAG 'parse_iot' on 2026-02-03T10:00:00+00:00 ... 
[2026-02-14T16:31:19.550+0000] {warnings.py:109} WARNING - /home/***/.local/lib/python3.9/site-packages/***/utils/session.py:97: DeprecationWarning: This method is deprecated and will be removed in future.
  return func(*args, session=session, **kwargs)

[2026-02-14T16:31:19.567+0000] {taskinstance.py:310} INFO - Rescheduling task, marking task as UP_FOR_RESCHEDULE
[2026-02-14T16:31:19.567+0000] {taskinstance.py:341} INFO - ::group::Post task execution logs
[2026-02-14T16:31:19.586+0000] {local_task_job_runner.py:266} INFO - Task exited with return code 0
[2026-02-14T16:31:19.604+0000] {taskinstance.py:3901} INFO - 0 downstream tasks scheduled from follow-on schedule check
[2026-02-14T16:31:19.605+0000] {local_task_job_runner.py:245} INFO - ::endgroup::
[2026-02-14T16:32:20.949+0000] {local_task_job_runner.py:123} INFO - ::group::Pre task execution logs
[2026-02-14T16:32:20.963+0000] {taskinstance.py:2614} INFO - Dependencies all met for dep_context=non-requeueable deps ti=<TaskInstance: load_postgres.check_parse scheduled__2026-02-03T10:00:00+00:00 [queued]>
[2026-02-14T16:32:20.969+0000] {taskinstance.py:2614} INFO - Dependencies all met for dep_context=requeueable deps ti=<TaskInstance: load_postgres.check_parse scheduled__2026-02-03T10:00:00+00:00 [queued]>
[2026-02-14T16:32:20.969+0000] {taskinstance.py:2867} INFO - Starting attempt 1 of 4
[2026-02-14T16:32:20.976+0000] {taskinstance.py:2890} INFO - Executing <Task(ExternalTaskSensor): check_parse> on 2026-02-03 10:00:00+00:00
[2026-02-14T16:32:20.981+0000] {standard_task_runner.py:72} INFO - Started process 401 to run task
[2026-02-14T16:32:20.983+0000] {standard_task_runner.py:104} INFO - Running: ['***', 'tasks', 'run', 'load_postgres', 'check_parse', 'scheduled__2026-02-03T10:00:00+00:00', '--job-id', '83', '--raw', '--subdir', 'DAGS_FOLDER/load_postrges.py', '--cfg-path', '/tmp/tmpcx01ner4']
[2026-02-14T16:32:20.984+0000] {standard_task_runner.py:105} INFO - Job 83: Subtask check_parse
[2026-02-14T16:32:20.992+0000] {warnings.py:109} WARNING - /home/***/.local/lib/python3.9/site-packages/***/settings.py:209: DeprecationWarning: The sql_alchemy_conn option in [core] has been moved to the sql_alchemy_conn option in [database] - the old setting has been used, but please update your config.
  SQL_ALCHEMY_CONN = conf.get("database", "SQL_ALCHEMY_CONN")

[2026-02-14T16:32:21.016+0000] {task_command.py:467} INFO - Running <TaskInstance: load_postgres.check_parse scheduled__2026-02-03T10:00:00+00:00 [running]> on host a5c4ed865bb5
[2026-02-14T16:32:21.017+0000] {warnings.py:109} WARNING - /home/***/.local/lib/python3.9/site-packages/***/settings.py:470: DeprecationWarning: The sql_alchemy_conn option in [core] has been moved to the sql_alchemy_conn option in [database] - the old setting has been used, but please update your config.
  if conf.get("database", "sql_alchemy_conn") == "none://":

[2026-02-14T16:32:21.070+0000] {taskinstance.py:3134} INFO - Exporting env vars: AIRFLOW_CTX_DAG_OWNER='a.sorokin' AIRFLOW_CTX_DAG_ID='load_postgres' AIRFLOW_CTX_TASK_ID='check_parse' AIRFLOW_CTX_EXECUTION_DATE='2026-02-03T10:00:00+00:00' AIRFLOW_CTX_TRY_NUMBER='1' AIRFLOW_CTX_DAG_RUN_ID='scheduled__2026-02-03T10:00:00+00:00'
[2026-02-14T16:32:21.071+0000] {taskinstance.py:732} INFO - ::endgroup::
[2026-02-14T16:32:21.081+0000] {baseoperator.py:423} WARNING - ExternalTaskSensor.execute cannot be called outside TaskInstance!
[2026-02-14T16:32:21.088+0000] {external_task.py:274} INFO - Poking for DAG 'parse_iot' on 2026-02-03T10:00:00+00:00 ... 
[2026-02-14T16:32:21.088+0000] {warnings.py:109} WARNING - /home/***/.local/lib/python3.9/site-packages/***/utils/session.py:97: DeprecationWarning: This method is deprecated and will be removed in future.
  return func(*args, session=session, **kwargs)

[2026-02-14T16:32:21.107+0000] {taskinstance.py:310} INFO - Rescheduling task, marking task as UP_FOR_RESCHEDULE
[2026-02-14T16:32:21.107+0000] {taskinstance.py:341} INFO - ::group::Post task execution logs
[2026-02-14T16:32:21.115+0000] {local_task_job_runner.py:266} INFO - Task exited with return code 0
[2026-02-14T16:32:21.131+0000] {taskinstance.py:3901} INFO - 0 downstream tasks scheduled from follow-on schedule check
[2026-02-14T16:32:21.132+0000] {local_task_job_runner.py:245} INFO - ::endgroup::
[2026-02-14T16:33:21.812+0000] {local_task_job_runner.py:123} INFO - ::group::Pre task execution logs
[2026-02-14T16:33:21.824+0000] {taskinstance.py:2614} INFO - Dependencies all met for dep_context=non-requeueable deps ti=<TaskInstance: load_postgres.check_parse scheduled__2026-02-03T10:00:00+00:00 [queued]>
[2026-02-14T16:33:21.831+0000] {taskinstance.py:2614} INFO - Dependencies all met for dep_context=requeueable deps ti=<TaskInstance: load_postgres.check_parse scheduled__2026-02-03T10:00:00+00:00 [queued]>
[2026-02-14T16:33:21.831+0000] {taskinstance.py:2867} INFO - Starting attempt 1 of 4
[2026-02-14T16:33:21.841+0000] {taskinstance.py:2890} INFO - Executing <Task(ExternalTaskSensor): check_parse> on 2026-02-03 10:00:00+00:00
[2026-02-14T16:33:21.848+0000] {standard_task_runner.py:72} INFO - Started process 503 to run task
[2026-02-14T16:33:21.850+0000] {standard_task_runner.py:104} INFO - Running: ['***', 'tasks', 'run', 'load_postgres', 'check_parse', 'scheduled__2026-02-03T10:00:00+00:00', '--job-id', '109', '--raw', '--subdir', 'DAGS_FOLDER/load_postrges.py', '--cfg-path', '/tmp/tmpzdji4uk6']
[2026-02-14T16:33:21.852+0000] {standard_task_runner.py:105} INFO - Job 109: Subtask check_parse
[2026-02-14T16:33:21.860+0000] {warnings.py:109} WARNING - /home/***/.local/lib/python3.9/site-packages/***/settings.py:209: DeprecationWarning: The sql_alchemy_conn option in [core] has been moved to the sql_alchemy_conn option in [database] - the old setting has been used, but please update your config.
  SQL_ALCHEMY_CONN = conf.get("database", "SQL_ALCHEMY_CONN")

[2026-02-14T16:33:21.886+0000] {task_command.py:467} INFO - Running <TaskInstance: load_postgres.check_parse scheduled__2026-02-03T10:00:00+00:00 [running]> on host a5c4ed865bb5
[2026-02-14T16:33:21.886+0000] {warnings.py:109} WARNING - /home/***/.local/lib/python3.9/site-packages/***/settings.py:470: DeprecationWarning: The sql_alchemy_conn option in [core] has been moved to the sql_alchemy_conn option in [database] - the old setting has been used, but please update your config.
  if conf.get("database", "sql_alchemy_conn") == "none://":

[2026-02-14T16:33:21.938+0000] {taskinstance.py:3134} INFO - Exporting env vars: AIRFLOW_CTX_DAG_OWNER='a.sorokin' AIRFLOW_CTX_DAG_ID='load_postgres' AIRFLOW_CTX_TASK_ID='check_parse' AIRFLOW_CTX_EXECUTION_DATE='2026-02-03T10:00:00+00:00' AIRFLOW_CTX_TRY_NUMBER='1' AIRFLOW_CTX_DAG_RUN_ID='scheduled__2026-02-03T10:00:00+00:00'
[2026-02-14T16:33:21.938+0000] {taskinstance.py:732} INFO - ::endgroup::
[2026-02-14T16:33:21.945+0000] {baseoperator.py:423} WARNING - ExternalTaskSensor.execute cannot be called outside TaskInstance!
[2026-02-14T16:33:21.951+0000] {external_task.py:274} INFO - Poking for DAG 'parse_iot' on 2026-02-03T10:00:00+00:00 ... 
[2026-02-14T16:33:21.952+0000] {warnings.py:109} WARNING - /home/***/.local/lib/python3.9/site-packages/***/utils/session.py:97: DeprecationWarning: This method is deprecated and will be removed in future.
  return func(*args, session=session, **kwargs)

[2026-02-14T16:33:21.968+0000] {taskinstance.py:310} INFO - Rescheduling task, marking task as UP_FOR_RESCHEDULE
[2026-02-14T16:33:21.968+0000] {taskinstance.py:341} INFO - ::group::Post task execution logs
[2026-02-14T16:33:21.982+0000] {local_task_job_runner.py:266} INFO - Task exited with return code 0
[2026-02-14T16:33:21.999+0000] {taskinstance.py:3901} INFO - 0 downstream tasks scheduled from follow-on schedule check
[2026-02-14T16:33:22.000+0000] {local_task_job_runner.py:245} INFO - ::endgroup::
[2026-02-14T16:34:23.842+0000] {local_task_job_runner.py:123} INFO - ::group::Pre task execution logs
[2026-02-14T16:34:23.856+0000] {taskinstance.py:2614} INFO - Dependencies all met for dep_context=non-requeueable deps ti=<TaskInstance: load_postgres.check_parse scheduled__2026-02-03T10:00:00+00:00 [queued]>
[2026-02-14T16:34:23.862+0000] {taskinstance.py:2614} INFO - Dependencies all met for dep_context=requeueable deps ti=<TaskInstance: load_postgres.check_parse scheduled__2026-02-03T10:00:00+00:00 [queued]>
[2026-02-14T16:34:23.862+0000] {taskinstance.py:2867} INFO - Starting attempt 1 of 4
[2026-02-14T16:34:23.869+0000] {taskinstance.py:2890} INFO - Executing <Task(ExternalTaskSensor): check_parse> on 2026-02-03 10:00:00+00:00
[2026-02-14T16:34:23.874+0000] {standard_task_runner.py:72} INFO - Started process 593 to run task
[2026-02-14T16:34:23.876+0000] {standard_task_runner.py:104} INFO - Running: ['***', 'tasks', 'run', 'load_postgres', 'check_parse', 'scheduled__2026-02-03T10:00:00+00:00', '--job-id', '131', '--raw', '--subdir', 'DAGS_FOLDER/load_postrges.py', '--cfg-path', '/tmp/tmp02vbhbob']
[2026-02-14T16:34:23.878+0000] {standard_task_runner.py:105} INFO - Job 131: Subtask check_parse
[2026-02-14T16:34:23.886+0000] {warnings.py:109} WARNING - /home/***/.local/lib/python3.9/site-packages/***/settings.py:209: DeprecationWarning: The sql_alchemy_conn option in [core] has been moved to the sql_alchemy_conn option in [database] - the old setting has been used, but please update your config.
  SQL_ALCHEMY_CONN = conf.get("database", "SQL_ALCHEMY_CONN")

[2026-02-14T16:34:23.908+0000] {task_command.py:467} INFO - Running <TaskInstance: load_postgres.check_parse scheduled__2026-02-03T10:00:00+00:00 [running]> on host a5c4ed865bb5
[2026-02-14T16:34:23.909+0000] {warnings.py:109} WARNING - /home/***/.local/lib/python3.9/site-packages/***/settings.py:470: DeprecationWarning: The sql_alchemy_conn option in [core] has been moved to the sql_alchemy_conn option in [database] - the old setting has been used, but please update your config.
  if conf.get("database", "sql_alchemy_conn") == "none://":

[2026-02-14T16:34:23.955+0000] {taskinstance.py:3134} INFO - Exporting env vars: AIRFLOW_CTX_DAG_OWNER='a.sorokin' AIRFLOW_CTX_DAG_ID='load_postgres' AIRFLOW_CTX_TASK_ID='check_parse' AIRFLOW_CTX_EXECUTION_DATE='2026-02-03T10:00:00+00:00' AIRFLOW_CTX_TRY_NUMBER='1' AIRFLOW_CTX_DAG_RUN_ID='scheduled__2026-02-03T10:00:00+00:00'
[2026-02-14T16:34:23.955+0000] {taskinstance.py:732} INFO - ::endgroup::
[2026-02-14T16:34:23.963+0000] {baseoperator.py:423} WARNING - ExternalTaskSensor.execute cannot be called outside TaskInstance!
[2026-02-14T16:34:23.969+0000] {external_task.py:274} INFO - Poking for DAG 'parse_iot' on 2026-02-03T10:00:00+00:00 ... 
[2026-02-14T16:34:23.969+0000] {warnings.py:109} WARNING - /home/***/.local/lib/python3.9/site-packages/***/utils/session.py:97: DeprecationWarning: This method is deprecated and will be removed in future.
  return func(*args, session=session, **kwargs)

[2026-02-14T16:34:23.986+0000] {taskinstance.py:310} INFO - Rescheduling task, marking task as UP_FOR_RESCHEDULE
[2026-02-14T16:34:23.986+0000] {taskinstance.py:341} INFO - ::group::Post task execution logs
[2026-02-14T16:34:24.008+0000] {local_task_job_runner.py:266} INFO - Task exited with return code 0
[2026-02-14T16:34:24.024+0000] {taskinstance.py:3901} INFO - 0 downstream tasks scheduled from follow-on schedule check
[2026-02-14T16:34:24.025+0000] {local_task_job_runner.py:245} INFO - ::endgroup::
[2026-02-14T17:47:18.126+0000] {local_task_job_runner.py:123} INFO - ::group::Pre task execution logs
[2026-02-14T17:47:18.138+0000] {taskinstance.py:2614} INFO - Dependencies all met for dep_context=non-requeueable deps ti=<TaskInstance: load_postgres.check_parse scheduled__2026-02-03T10:00:00+00:00 [queued]>
[2026-02-14T17:47:18.142+0000] {taskinstance.py:2614} INFO - Dependencies all met for dep_context=requeueable deps ti=<TaskInstance: load_postgres.check_parse scheduled__2026-02-03T10:00:00+00:00 [queued]>
[2026-02-14T17:47:18.142+0000] {taskinstance.py:2867} INFO - Starting attempt 1 of 4
[2026-02-14T17:47:18.148+0000] {taskinstance.py:2890} INFO - Executing <Task(ExternalTaskSensor): check_parse> on 2026-02-03 10:00:00+00:00
[2026-02-14T17:47:18.153+0000] {standard_task_runner.py:72} INFO - Started process 91 to run task
[2026-02-14T17:47:18.154+0000] {standard_task_runner.py:104} INFO - Running: ['***', 'tasks', 'run', 'load_postgres', 'check_parse', 'scheduled__2026-02-03T10:00:00+00:00', '--job-id', '6', '--raw', '--subdir', 'DAGS_FOLDER/load_postrges.py', '--cfg-path', '/tmp/tmp8aeyvgg7']
[2026-02-14T17:47:18.156+0000] {standard_task_runner.py:105} INFO - Job 6: Subtask check_parse
[2026-02-14T17:47:18.163+0000] {warnings.py:109} WARNING - /home/***/.local/lib/python3.9/site-packages/***/settings.py:209: DeprecationWarning: The sql_alchemy_conn option in [core] has been moved to the sql_alchemy_conn option in [database] - the old setting has been used, but please update your config.
  SQL_ALCHEMY_CONN = conf.get("database", "SQL_ALCHEMY_CONN")

[2026-02-14T17:47:18.185+0000] {task_command.py:467} INFO - Running <TaskInstance: load_postgres.check_parse scheduled__2026-02-03T10:00:00+00:00 [running]> on host 9052c134cdec
[2026-02-14T17:47:18.186+0000] {warnings.py:109} WARNING - /home/***/.local/lib/python3.9/site-packages/***/settings.py:470: DeprecationWarning: The sql_alchemy_conn option in [core] has been moved to the sql_alchemy_conn option in [database] - the old setting has been used, but please update your config.
  if conf.get("database", "sql_alchemy_conn") == "none://":

[2026-02-14T17:47:18.229+0000] {taskinstance.py:3134} INFO - Exporting env vars: AIRFLOW_CTX_DAG_OWNER='a.sorokin' AIRFLOW_CTX_DAG_ID='load_postgres' AIRFLOW_CTX_TASK_ID='check_parse' AIRFLOW_CTX_EXECUTION_DATE='2026-02-03T10:00:00+00:00' AIRFLOW_CTX_TRY_NUMBER='1' AIRFLOW_CTX_DAG_RUN_ID='scheduled__2026-02-03T10:00:00+00:00'
[2026-02-14T17:47:18.229+0000] {taskinstance.py:732} INFO - ::endgroup::
[2026-02-14T17:47:18.236+0000] {baseoperator.py:423} WARNING - ExternalTaskSensor.execute cannot be called outside TaskInstance!
[2026-02-14T17:47:18.242+0000] {external_task.py:274} INFO - Poking for DAG 'parse_iot' on 2026-02-03T10:00:00+00:00 ... 
[2026-02-14T17:47:18.242+0000] {warnings.py:109} WARNING - /home/***/.local/lib/python3.9/site-packages/***/utils/session.py:97: DeprecationWarning: This method is deprecated and will be removed in future.
  return func(*args, session=session, **kwargs)

[2026-02-14T17:47:18.260+0000] {taskinstance.py:310} INFO - Rescheduling task, marking task as UP_FOR_RESCHEDULE
[2026-02-14T17:47:18.260+0000] {taskinstance.py:341} INFO - ::group::Post task execution logs
[2026-02-14T17:47:18.286+0000] {local_task_job_runner.py:266} INFO - Task exited with return code 0
[2026-02-14T17:47:18.304+0000] {taskinstance.py:3901} INFO - 0 downstream tasks scheduled from follow-on schedule check
[2026-02-14T17:47:18.305+0000] {local_task_job_runner.py:245} INFO - ::endgroup::
[2026-02-14T17:48:22.246+0000] {local_task_job_runner.py:123} INFO - ::group::Pre task execution logs
[2026-02-14T17:48:22.259+0000] {taskinstance.py:2614} INFO - Dependencies all met for dep_context=non-requeueable deps ti=<TaskInstance: load_postgres.check_parse scheduled__2026-02-03T10:00:00+00:00 [queued]>
[2026-02-14T17:48:22.264+0000] {taskinstance.py:2614} INFO - Dependencies all met for dep_context=requeueable deps ti=<TaskInstance: load_postgres.check_parse scheduled__2026-02-03T10:00:00+00:00 [queued]>
[2026-02-14T17:48:22.264+0000] {taskinstance.py:2867} INFO - Starting attempt 1 of 4
[2026-02-14T17:48:22.271+0000] {taskinstance.py:2890} INFO - Executing <Task(ExternalTaskSensor): check_parse> on 2026-02-03 10:00:00+00:00
[2026-02-14T17:48:22.275+0000] {standard_task_runner.py:72} INFO - Started process 215 to run task
[2026-02-14T17:48:22.277+0000] {standard_task_runner.py:104} INFO - Running: ['***', 'tasks', 'run', 'load_postgres', 'check_parse', 'scheduled__2026-02-03T10:00:00+00:00', '--job-id', '37', '--raw', '--subdir', 'DAGS_FOLDER/load_postrges.py', '--cfg-path', '/tmp/tmpajjnh43z']
[2026-02-14T17:48:22.278+0000] {standard_task_runner.py:105} INFO - Job 37: Subtask check_parse
[2026-02-14T17:48:22.286+0000] {warnings.py:109} WARNING - /home/***/.local/lib/python3.9/site-packages/***/settings.py:209: DeprecationWarning: The sql_alchemy_conn option in [core] has been moved to the sql_alchemy_conn option in [database] - the old setting has been used, but please update your config.
  SQL_ALCHEMY_CONN = conf.get("database", "SQL_ALCHEMY_CONN")

[2026-02-14T17:48:22.308+0000] {task_command.py:467} INFO - Running <TaskInstance: load_postgres.check_parse scheduled__2026-02-03T10:00:00+00:00 [running]> on host 9052c134cdec
[2026-02-14T17:48:22.308+0000] {warnings.py:109} WARNING - /home/***/.local/lib/python3.9/site-packages/***/settings.py:470: DeprecationWarning: The sql_alchemy_conn option in [core] has been moved to the sql_alchemy_conn option in [database] - the old setting has been used, but please update your config.
  if conf.get("database", "sql_alchemy_conn") == "none://":

[2026-02-14T17:48:22.348+0000] {taskinstance.py:3134} INFO - Exporting env vars: AIRFLOW_CTX_DAG_OWNER='a.sorokin' AIRFLOW_CTX_DAG_ID='load_postgres' AIRFLOW_CTX_TASK_ID='check_parse' AIRFLOW_CTX_EXECUTION_DATE='2026-02-03T10:00:00+00:00' AIRFLOW_CTX_TRY_NUMBER='1' AIRFLOW_CTX_DAG_RUN_ID='scheduled__2026-02-03T10:00:00+00:00'
[2026-02-14T17:48:22.348+0000] {taskinstance.py:732} INFO - ::endgroup::
[2026-02-14T17:48:22.355+0000] {baseoperator.py:423} WARNING - ExternalTaskSensor.execute cannot be called outside TaskInstance!
[2026-02-14T17:48:22.361+0000] {external_task.py:274} INFO - Poking for DAG 'parse_iot' on 2026-02-03T10:00:00+00:00 ... 
[2026-02-14T17:48:22.361+0000] {warnings.py:109} WARNING - /home/***/.local/lib/python3.9/site-packages/***/utils/session.py:97: DeprecationWarning: This method is deprecated and will be removed in future.
  return func(*args, session=session, **kwargs)

[2026-02-14T17:48:22.377+0000] {taskinstance.py:310} INFO - Rescheduling task, marking task as UP_FOR_RESCHEDULE
[2026-02-14T17:48:22.377+0000] {taskinstance.py:341} INFO - ::group::Post task execution logs
[2026-02-14T17:48:22.409+0000] {local_task_job_runner.py:266} INFO - Task exited with return code 0
[2026-02-14T17:48:22.427+0000] {taskinstance.py:3901} INFO - 0 downstream tasks scheduled from follow-on schedule check
[2026-02-14T17:48:22.428+0000] {local_task_job_runner.py:245} INFO - ::endgroup::
[2026-02-14T17:49:24.995+0000] {local_task_job_runner.py:123} INFO - ::group::Pre task execution logs
[2026-02-14T17:49:25.009+0000] {taskinstance.py:2614} INFO - Dependencies all met for dep_context=non-requeueable deps ti=<TaskInstance: load_postgres.check_parse scheduled__2026-02-03T10:00:00+00:00 [queued]>
[2026-02-14T17:49:25.015+0000] {taskinstance.py:2614} INFO - Dependencies all met for dep_context=requeueable deps ti=<TaskInstance: load_postgres.check_parse scheduled__2026-02-03T10:00:00+00:00 [queued]>
[2026-02-14T17:49:25.016+0000] {taskinstance.py:2867} INFO - Starting attempt 1 of 4
[2026-02-14T17:49:25.024+0000] {taskinstance.py:2890} INFO - Executing <Task(ExternalTaskSensor): check_parse> on 2026-02-03 10:00:00+00:00
[2026-02-14T17:49:25.029+0000] {standard_task_runner.py:72} INFO - Started process 399 to run task
[2026-02-14T17:49:25.031+0000] {standard_task_runner.py:104} INFO - Running: ['***', 'tasks', 'run', 'load_postgres', 'check_parse', 'scheduled__2026-02-03T10:00:00+00:00', '--job-id', '83', '--raw', '--subdir', 'DAGS_FOLDER/load_postrges.py', '--cfg-path', '/tmp/tmpol5ep2qn']
[2026-02-14T17:49:25.033+0000] {standard_task_runner.py:105} INFO - Job 83: Subtask check_parse
[2026-02-14T17:49:25.042+0000] {warnings.py:109} WARNING - /home/***/.local/lib/python3.9/site-packages/***/settings.py:209: DeprecationWarning: The sql_alchemy_conn option in [core] has been moved to the sql_alchemy_conn option in [database] - the old setting has been used, but please update your config.
  SQL_ALCHEMY_CONN = conf.get("database", "SQL_ALCHEMY_CONN")

[2026-02-14T17:49:25.067+0000] {task_command.py:467} INFO - Running <TaskInstance: load_postgres.check_parse scheduled__2026-02-03T10:00:00+00:00 [running]> on host 9052c134cdec
[2026-02-14T17:49:25.068+0000] {warnings.py:109} WARNING - /home/***/.local/lib/python3.9/site-packages/***/settings.py:470: DeprecationWarning: The sql_alchemy_conn option in [core] has been moved to the sql_alchemy_conn option in [database] - the old setting has been used, but please update your config.
  if conf.get("database", "sql_alchemy_conn") == "none://":

[2026-02-14T17:49:25.121+0000] {taskinstance.py:3134} INFO - Exporting env vars: AIRFLOW_CTX_DAG_OWNER='a.sorokin' AIRFLOW_CTX_DAG_ID='load_postgres' AIRFLOW_CTX_TASK_ID='check_parse' AIRFLOW_CTX_EXECUTION_DATE='2026-02-03T10:00:00+00:00' AIRFLOW_CTX_TRY_NUMBER='1' AIRFLOW_CTX_DAG_RUN_ID='scheduled__2026-02-03T10:00:00+00:00'
[2026-02-14T17:49:25.122+0000] {taskinstance.py:732} INFO - ::endgroup::
[2026-02-14T17:49:25.130+0000] {baseoperator.py:423} WARNING - ExternalTaskSensor.execute cannot be called outside TaskInstance!
[2026-02-14T17:49:25.136+0000] {external_task.py:274} INFO - Poking for DAG 'parse_iot' on 2026-02-03T10:00:00+00:00 ... 
[2026-02-14T17:49:25.137+0000] {warnings.py:109} WARNING - /home/***/.local/lib/python3.9/site-packages/***/utils/session.py:97: DeprecationWarning: This method is deprecated and will be removed in future.
  return func(*args, session=session, **kwargs)

[2026-02-14T17:49:25.164+0000] {taskinstance.py:310} INFO - Rescheduling task, marking task as UP_FOR_RESCHEDULE
[2026-02-14T17:49:25.164+0000] {taskinstance.py:341} INFO - ::group::Post task execution logs
[2026-02-14T17:49:25.203+0000] {local_task_job_runner.py:266} INFO - Task exited with return code 0
[2026-02-14T17:49:25.223+0000] {taskinstance.py:3901} INFO - 0 downstream tasks scheduled from follow-on schedule check
[2026-02-14T17:49:25.229+0000] {local_task_job_runner.py:245} INFO - ::endgroup::
[2026-02-14T17:50:27.153+0000] {local_task_job_runner.py:123} INFO - ::group::Pre task execution logs
[2026-02-14T17:50:27.167+0000] {taskinstance.py:2614} INFO - Dependencies all met for dep_context=non-requeueable deps ti=<TaskInstance: load_postgres.check_parse scheduled__2026-02-03T10:00:00+00:00 [queued]>
[2026-02-14T17:50:27.172+0000] {taskinstance.py:2614} INFO - Dependencies all met for dep_context=requeueable deps ti=<TaskInstance: load_postgres.check_parse scheduled__2026-02-03T10:00:00+00:00 [queued]>
[2026-02-14T17:50:27.173+0000] {taskinstance.py:2867} INFO - Starting attempt 1 of 4
[2026-02-14T17:50:27.180+0000] {taskinstance.py:2890} INFO - Executing <Task(ExternalTaskSensor): check_parse> on 2026-02-03 10:00:00+00:00
[2026-02-14T17:50:27.184+0000] {standard_task_runner.py:72} INFO - Started process 499 to run task
[2026-02-14T17:50:27.186+0000] {standard_task_runner.py:104} INFO - Running: ['***', 'tasks', 'run', 'load_postgres', 'check_parse', 'scheduled__2026-02-03T10:00:00+00:00', '--job-id', '108', '--raw', '--subdir', 'DAGS_FOLDER/load_postrges.py', '--cfg-path', '/tmp/tmpmnu8b60c']
[2026-02-14T17:50:27.188+0000] {standard_task_runner.py:105} INFO - Job 108: Subtask check_parse
[2026-02-14T17:50:27.196+0000] {warnings.py:109} WARNING - /home/***/.local/lib/python3.9/site-packages/***/settings.py:209: DeprecationWarning: The sql_alchemy_conn option in [core] has been moved to the sql_alchemy_conn option in [database] - the old setting has been used, but please update your config.
  SQL_ALCHEMY_CONN = conf.get("database", "SQL_ALCHEMY_CONN")

[2026-02-14T17:50:27.220+0000] {task_command.py:467} INFO - Running <TaskInstance: load_postgres.check_parse scheduled__2026-02-03T10:00:00+00:00 [running]> on host 9052c134cdec
[2026-02-14T17:50:27.220+0000] {warnings.py:109} WARNING - /home/***/.local/lib/python3.9/site-packages/***/settings.py:470: DeprecationWarning: The sql_alchemy_conn option in [core] has been moved to the sql_alchemy_conn option in [database] - the old setting has been used, but please update your config.
  if conf.get("database", "sql_alchemy_conn") == "none://":

[2026-02-14T17:50:27.268+0000] {taskinstance.py:3134} INFO - Exporting env vars: AIRFLOW_CTX_DAG_OWNER='a.sorokin' AIRFLOW_CTX_DAG_ID='load_postgres' AIRFLOW_CTX_TASK_ID='check_parse' AIRFLOW_CTX_EXECUTION_DATE='2026-02-03T10:00:00+00:00' AIRFLOW_CTX_TRY_NUMBER='1' AIRFLOW_CTX_DAG_RUN_ID='scheduled__2026-02-03T10:00:00+00:00'
[2026-02-14T17:50:27.268+0000] {taskinstance.py:732} INFO - ::endgroup::
[2026-02-14T17:50:27.277+0000] {baseoperator.py:423} WARNING - ExternalTaskSensor.execute cannot be called outside TaskInstance!
[2026-02-14T17:50:27.283+0000] {external_task.py:274} INFO - Poking for DAG 'parse_iot' on 2026-02-03T10:00:00+00:00 ... 
[2026-02-14T17:50:27.283+0000] {warnings.py:109} WARNING - /home/***/.local/lib/python3.9/site-packages/***/utils/session.py:97: DeprecationWarning: This method is deprecated and will be removed in future.
  return func(*args, session=session, **kwargs)

[2026-02-14T17:50:27.309+0000] {taskinstance.py:310} INFO - Rescheduling task, marking task as UP_FOR_RESCHEDULE
[2026-02-14T17:50:27.310+0000] {taskinstance.py:341} INFO - ::group::Post task execution logs
[2026-02-14T17:50:27.318+0000] {local_task_job_runner.py:266} INFO - Task exited with return code 0
[2026-02-14T17:50:27.342+0000] {taskinstance.py:3901} INFO - 0 downstream tasks scheduled from follow-on schedule check
[2026-02-14T17:50:27.343+0000] {local_task_job_runner.py:245} INFO - ::endgroup::
[2026-02-14T17:51:28.416+0000] {local_task_job_runner.py:123} INFO - ::group::Pre task execution logs
[2026-02-14T17:51:28.430+0000] {taskinstance.py:2614} INFO - Dependencies all met for dep_context=non-requeueable deps ti=<TaskInstance: load_postgres.check_parse scheduled__2026-02-03T10:00:00+00:00 [queued]>
[2026-02-14T17:51:28.435+0000] {taskinstance.py:2614} INFO - Dependencies all met for dep_context=requeueable deps ti=<TaskInstance: load_postgres.check_parse scheduled__2026-02-03T10:00:00+00:00 [queued]>
[2026-02-14T17:51:28.435+0000] {taskinstance.py:2867} INFO - Starting attempt 1 of 4
[2026-02-14T17:51:28.442+0000] {taskinstance.py:2890} INFO - Executing <Task(ExternalTaskSensor): check_parse> on 2026-02-03 10:00:00+00:00
[2026-02-14T17:51:28.447+0000] {standard_task_runner.py:72} INFO - Started process 595 to run task
[2026-02-14T17:51:28.449+0000] {standard_task_runner.py:104} INFO - Running: ['***', 'tasks', 'run', 'load_postgres', 'check_parse', 'scheduled__2026-02-03T10:00:00+00:00', '--job-id', '132', '--raw', '--subdir', 'DAGS_FOLDER/load_postrges.py', '--cfg-path', '/tmp/tmpxoqpay6o']
[2026-02-14T17:51:28.450+0000] {standard_task_runner.py:105} INFO - Job 132: Subtask check_parse
[2026-02-14T17:51:28.459+0000] {warnings.py:109} WARNING - /home/***/.local/lib/python3.9/site-packages/***/settings.py:209: DeprecationWarning: The sql_alchemy_conn option in [core] has been moved to the sql_alchemy_conn option in [database] - the old setting has been used, but please update your config.
  SQL_ALCHEMY_CONN = conf.get("database", "SQL_ALCHEMY_CONN")

[2026-02-14T17:51:28.483+0000] {task_command.py:467} INFO - Running <TaskInstance: load_postgres.check_parse scheduled__2026-02-03T10:00:00+00:00 [running]> on host 9052c134cdec
[2026-02-14T17:51:28.483+0000] {warnings.py:109} WARNING - /home/***/.local/lib/python3.9/site-packages/***/settings.py:470: DeprecationWarning: The sql_alchemy_conn option in [core] has been moved to the sql_alchemy_conn option in [database] - the old setting has been used, but please update your config.
  if conf.get("database", "sql_alchemy_conn") == "none://":

[2026-02-14T17:51:28.529+0000] {taskinstance.py:3134} INFO - Exporting env vars: AIRFLOW_CTX_DAG_OWNER='a.sorokin' AIRFLOW_CTX_DAG_ID='load_postgres' AIRFLOW_CTX_TASK_ID='check_parse' AIRFLOW_CTX_EXECUTION_DATE='2026-02-03T10:00:00+00:00' AIRFLOW_CTX_TRY_NUMBER='1' AIRFLOW_CTX_DAG_RUN_ID='scheduled__2026-02-03T10:00:00+00:00'
[2026-02-14T17:51:28.529+0000] {taskinstance.py:732} INFO - ::endgroup::
[2026-02-14T17:51:28.536+0000] {baseoperator.py:423} WARNING - ExternalTaskSensor.execute cannot be called outside TaskInstance!
[2026-02-14T17:51:28.542+0000] {external_task.py:274} INFO - Poking for DAG 'parse_iot' on 2026-02-03T10:00:00+00:00 ... 
[2026-02-14T17:51:28.543+0000] {warnings.py:109} WARNING - /home/***/.local/lib/python3.9/site-packages/***/utils/session.py:97: DeprecationWarning: This method is deprecated and will be removed in future.
  return func(*args, session=session, **kwargs)

[2026-02-14T17:51:28.561+0000] {taskinstance.py:310} INFO - Rescheduling task, marking task as UP_FOR_RESCHEDULE
[2026-02-14T17:51:28.561+0000] {taskinstance.py:341} INFO - ::group::Post task execution logs
[2026-02-14T17:51:28.580+0000] {local_task_job_runner.py:266} INFO - Task exited with return code 0
[2026-02-14T17:51:28.598+0000] {taskinstance.py:3901} INFO - 0 downstream tasks scheduled from follow-on schedule check
[2026-02-14T17:51:28.599+0000] {local_task_job_runner.py:245} INFO - ::endgroup::
[2026-02-14T17:52:29.559+0000] {local_task_job_runner.py:123} INFO - ::group::Pre task execution logs
[2026-02-14T17:52:29.574+0000] {taskinstance.py:2614} INFO - Dependencies all met for dep_context=non-requeueable deps ti=<TaskInstance: load_postgres.check_parse scheduled__2026-02-03T10:00:00+00:00 [queued]>
[2026-02-14T17:52:29.581+0000] {taskinstance.py:2614} INFO - Dependencies all met for dep_context=requeueable deps ti=<TaskInstance: load_postgres.check_parse scheduled__2026-02-03T10:00:00+00:00 [queued]>
[2026-02-14T17:52:29.582+0000] {taskinstance.py:2867} INFO - Starting attempt 1 of 4
[2026-02-14T17:52:29.589+0000] {taskinstance.py:2890} INFO - Executing <Task(ExternalTaskSensor): check_parse> on 2026-02-03 10:00:00+00:00
[2026-02-14T17:52:29.594+0000] {standard_task_runner.py:72} INFO - Started process 757 to run task
[2026-02-14T17:52:29.596+0000] {standard_task_runner.py:104} INFO - Running: ['***', 'tasks', 'run', 'load_postgres', 'check_parse', 'scheduled__2026-02-03T10:00:00+00:00', '--job-id', '172', '--raw', '--subdir', 'DAGS_FOLDER/load_postrges.py', '--cfg-path', '/tmp/tmpqzh_5qzf']
[2026-02-14T17:52:29.598+0000] {standard_task_runner.py:105} INFO - Job 172: Subtask check_parse
[2026-02-14T17:52:29.607+0000] {warnings.py:109} WARNING - /home/***/.local/lib/python3.9/site-packages/***/settings.py:209: DeprecationWarning: The sql_alchemy_conn option in [core] has been moved to the sql_alchemy_conn option in [database] - the old setting has been used, but please update your config.
  SQL_ALCHEMY_CONN = conf.get("database", "SQL_ALCHEMY_CONN")

[2026-02-14T17:52:29.634+0000] {task_command.py:467} INFO - Running <TaskInstance: load_postgres.check_parse scheduled__2026-02-03T10:00:00+00:00 [running]> on host 9052c134cdec
[2026-02-14T17:52:29.634+0000] {warnings.py:109} WARNING - /home/***/.local/lib/python3.9/site-packages/***/settings.py:470: DeprecationWarning: The sql_alchemy_conn option in [core] has been moved to the sql_alchemy_conn option in [database] - the old setting has been used, but please update your config.
  if conf.get("database", "sql_alchemy_conn") == "none://":

[2026-02-14T17:52:29.681+0000] {taskinstance.py:3134} INFO - Exporting env vars: AIRFLOW_CTX_DAG_OWNER='a.sorokin' AIRFLOW_CTX_DAG_ID='load_postgres' AIRFLOW_CTX_TASK_ID='check_parse' AIRFLOW_CTX_EXECUTION_DATE='2026-02-03T10:00:00+00:00' AIRFLOW_CTX_TRY_NUMBER='1' AIRFLOW_CTX_DAG_RUN_ID='scheduled__2026-02-03T10:00:00+00:00'
[2026-02-14T17:52:29.682+0000] {taskinstance.py:732} INFO - ::endgroup::
[2026-02-14T17:52:29.689+0000] {baseoperator.py:423} WARNING - ExternalTaskSensor.execute cannot be called outside TaskInstance!
[2026-02-14T17:52:29.695+0000] {external_task.py:274} INFO - Poking for DAG 'parse_iot' on 2026-02-03T10:00:00+00:00 ... 
[2026-02-14T17:52:29.696+0000] {warnings.py:109} WARNING - /home/***/.local/lib/python3.9/site-packages/***/utils/session.py:97: DeprecationWarning: This method is deprecated and will be removed in future.
  return func(*args, session=session, **kwargs)

[2026-02-14T17:52:29.701+0000] {base.py:339} INFO - Success criteria met. Exiting.
[2026-02-14T17:52:29.708+0000] {taskinstance.py:341} INFO - ::group::Post task execution logs
[2026-02-14T17:52:29.708+0000] {taskinstance.py:353} INFO - Marking task as SUCCESS. dag_id=load_postgres, task_id=check_parse, run_id=scheduled__2026-02-03T10:00:00+00:00, execution_date=20260203T100000, start_date=20260214T175229, end_date=20260214T175229
[2026-02-14T17:52:29.768+0000] {local_task_job_runner.py:266} INFO - Task exited with return code 0
[2026-02-14T17:52:29.788+0000] {taskinstance.py:3901} INFO - 1 downstream tasks scheduled from follow-on schedule check
[2026-02-14T17:52:29.789+0000] {local_task_job_runner.py:245} INFO - ::endgroup::
[2026-02-14T18:12:39.696+0000] {local_task_job_runner.py:123} INFO - ::group::Pre task execution logs
[2026-02-14T18:12:39.716+0000] {taskinstance.py:2614} INFO - Dependencies all met for dep_context=non-requeueable deps ti=<TaskInstance: load_postgres.check_parse scheduled__2026-02-03T10:00:00+00:00 [queued]>
[2026-02-14T18:12:39.723+0000] {taskinstance.py:2614} INFO - Dependencies all met for dep_context=requeueable deps ti=<TaskInstance: load_postgres.check_parse scheduled__2026-02-03T10:00:00+00:00 [queued]>
[2026-02-14T18:12:39.724+0000] {taskinstance.py:2867} INFO - Starting attempt 1 of 4
[2026-02-14T18:12:39.732+0000] {taskinstance.py:2890} INFO - Executing <Task(ExternalTaskSensor): check_parse> on 2026-02-03 10:00:00+00:00
[2026-02-14T18:12:39.736+0000] {standard_task_runner.py:72} INFO - Started process 118 to run task
[2026-02-14T18:12:39.738+0000] {standard_task_runner.py:104} INFO - Running: ['***', 'tasks', 'run', 'load_postgres', 'check_parse', 'scheduled__2026-02-03T10:00:00+00:00', '--job-id', '12', '--raw', '--subdir', 'DAGS_FOLDER/load_postrges.py', '--cfg-path', '/tmp/tmpw94e0p0n']
[2026-02-14T18:12:39.739+0000] {standard_task_runner.py:105} INFO - Job 12: Subtask check_parse
[2026-02-14T18:12:39.748+0000] {warnings.py:109} WARNING - /home/***/.local/lib/python3.9/site-packages/***/settings.py:209: DeprecationWarning: The sql_alchemy_conn option in [core] has been moved to the sql_alchemy_conn option in [database] - the old setting has been used, but please update your config.
  SQL_ALCHEMY_CONN = conf.get("database", "SQL_ALCHEMY_CONN")

[2026-02-14T18:12:39.774+0000] {task_command.py:467} INFO - Running <TaskInstance: load_postgres.check_parse scheduled__2026-02-03T10:00:00+00:00 [running]> on host bb762b62a2c2
[2026-02-14T18:12:39.775+0000] {warnings.py:109} WARNING - /home/***/.local/lib/python3.9/site-packages/***/settings.py:470: DeprecationWarning: The sql_alchemy_conn option in [core] has been moved to the sql_alchemy_conn option in [database] - the old setting has been used, but please update your config.
  if conf.get("database", "sql_alchemy_conn") == "none://":

[2026-02-14T18:12:39.825+0000] {taskinstance.py:3134} INFO - Exporting env vars: AIRFLOW_CTX_DAG_OWNER='a.sorokin' AIRFLOW_CTX_DAG_ID='load_postgres' AIRFLOW_CTX_TASK_ID='check_parse' AIRFLOW_CTX_EXECUTION_DATE='2026-02-03T10:00:00+00:00' AIRFLOW_CTX_TRY_NUMBER='1' AIRFLOW_CTX_DAG_RUN_ID='scheduled__2026-02-03T10:00:00+00:00'
[2026-02-14T18:12:39.826+0000] {taskinstance.py:732} INFO - ::endgroup::
[2026-02-14T18:12:39.834+0000] {baseoperator.py:423} WARNING - ExternalTaskSensor.execute cannot be called outside TaskInstance!
[2026-02-14T18:12:39.840+0000] {external_task.py:274} INFO - Poking for DAG 'parse_iot' on 2026-02-03T10:00:00+00:00 ... 
[2026-02-14T18:12:39.841+0000] {warnings.py:109} WARNING - /home/***/.local/lib/python3.9/site-packages/***/utils/session.py:97: DeprecationWarning: This method is deprecated and will be removed in future.
  return func(*args, session=session, **kwargs)

[2026-02-14T18:12:39.860+0000] {taskinstance.py:310} INFO - Rescheduling task, marking task as UP_FOR_RESCHEDULE
[2026-02-14T18:12:39.860+0000] {taskinstance.py:341} INFO - ::group::Post task execution logs
[2026-02-14T18:12:39.870+0000] {local_task_job_runner.py:266} INFO - Task exited with return code 0
[2026-02-14T18:12:39.894+0000] {taskinstance.py:3901} INFO - 0 downstream tasks scheduled from follow-on schedule check
[2026-02-14T18:12:39.896+0000] {local_task_job_runner.py:245} INFO - ::endgroup::
[2026-02-14T18:13:42.338+0000] {local_task_job_runner.py:123} INFO - ::group::Pre task execution logs
[2026-02-14T18:13:42.352+0000] {taskinstance.py:2614} INFO - Dependencies all met for dep_context=non-requeueable deps ti=<TaskInstance: load_postgres.check_parse scheduled__2026-02-03T10:00:00+00:00 [queued]>
[2026-02-14T18:13:42.358+0000] {taskinstance.py:2614} INFO - Dependencies all met for dep_context=requeueable deps ti=<TaskInstance: load_postgres.check_parse scheduled__2026-02-03T10:00:00+00:00 [queued]>
[2026-02-14T18:13:42.358+0000] {taskinstance.py:2867} INFO - Starting attempt 1 of 4
[2026-02-14T18:13:42.366+0000] {taskinstance.py:2890} INFO - Executing <Task(ExternalTaskSensor): check_parse> on 2026-02-03 10:00:00+00:00
[2026-02-14T18:13:42.370+0000] {standard_task_runner.py:72} INFO - Started process 249 to run task
[2026-02-14T18:13:42.372+0000] {standard_task_runner.py:104} INFO - Running: ['***', 'tasks', 'run', 'load_postgres', 'check_parse', 'scheduled__2026-02-03T10:00:00+00:00', '--job-id', '45', '--raw', '--subdir', 'DAGS_FOLDER/load_postrges.py', '--cfg-path', '/tmp/tmp_xnc3j35']
[2026-02-14T18:13:42.374+0000] {standard_task_runner.py:105} INFO - Job 45: Subtask check_parse
[2026-02-14T18:13:42.382+0000] {warnings.py:109} WARNING - /home/***/.local/lib/python3.9/site-packages/***/settings.py:209: DeprecationWarning: The sql_alchemy_conn option in [core] has been moved to the sql_alchemy_conn option in [database] - the old setting has been used, but please update your config.
  SQL_ALCHEMY_CONN = conf.get("database", "SQL_ALCHEMY_CONN")

[2026-02-14T18:13:42.406+0000] {task_command.py:467} INFO - Running <TaskInstance: load_postgres.check_parse scheduled__2026-02-03T10:00:00+00:00 [running]> on host bb762b62a2c2
[2026-02-14T18:13:42.406+0000] {warnings.py:109} WARNING - /home/***/.local/lib/python3.9/site-packages/***/settings.py:470: DeprecationWarning: The sql_alchemy_conn option in [core] has been moved to the sql_alchemy_conn option in [database] - the old setting has been used, but please update your config.
  if conf.get("database", "sql_alchemy_conn") == "none://":

[2026-02-14T18:13:42.452+0000] {taskinstance.py:3134} INFO - Exporting env vars: AIRFLOW_CTX_DAG_OWNER='a.sorokin' AIRFLOW_CTX_DAG_ID='load_postgres' AIRFLOW_CTX_TASK_ID='check_parse' AIRFLOW_CTX_EXECUTION_DATE='2026-02-03T10:00:00+00:00' AIRFLOW_CTX_TRY_NUMBER='1' AIRFLOW_CTX_DAG_RUN_ID='scheduled__2026-02-03T10:00:00+00:00'
[2026-02-14T18:13:42.453+0000] {taskinstance.py:732} INFO - ::endgroup::
[2026-02-14T18:13:42.461+0000] {baseoperator.py:423} WARNING - ExternalTaskSensor.execute cannot be called outside TaskInstance!
[2026-02-14T18:13:42.467+0000] {external_task.py:274} INFO - Poking for DAG 'parse_iot' on 2026-02-03T10:00:00+00:00 ... 
[2026-02-14T18:13:42.467+0000] {warnings.py:109} WARNING - /home/***/.local/lib/python3.9/site-packages/***/utils/session.py:97: DeprecationWarning: This method is deprecated and will be removed in future.
  return func(*args, session=session, **kwargs)

[2026-02-14T18:13:42.485+0000] {taskinstance.py:310} INFO - Rescheduling task, marking task as UP_FOR_RESCHEDULE
[2026-02-14T18:13:42.485+0000] {taskinstance.py:341} INFO - ::group::Post task execution logs
[2026-02-14T18:13:42.504+0000] {local_task_job_runner.py:266} INFO - Task exited with return code 0
[2026-02-14T18:13:42.522+0000] {taskinstance.py:3901} INFO - 0 downstream tasks scheduled from follow-on schedule check
[2026-02-14T18:13:42.523+0000] {local_task_job_runner.py:245} INFO - ::endgroup::
[2026-02-14T18:15:51.866+0000] {local_task_job_runner.py:123} INFO - ::group::Pre task execution logs
[2026-02-14T18:15:51.878+0000] {taskinstance.py:2614} INFO - Dependencies all met for dep_context=non-requeueable deps ti=<TaskInstance: load_postgres.check_parse scheduled__2026-02-03T10:00:00+00:00 [queued]>
[2026-02-14T18:15:51.885+0000] {taskinstance.py:2614} INFO - Dependencies all met for dep_context=requeueable deps ti=<TaskInstance: load_postgres.check_parse scheduled__2026-02-03T10:00:00+00:00 [queued]>
[2026-02-14T18:15:51.885+0000] {taskinstance.py:2867} INFO - Starting attempt 1 of 4
[2026-02-14T18:15:51.891+0000] {taskinstance.py:2890} INFO - Executing <Task(ExternalTaskSensor): check_parse> on 2026-02-03 10:00:00+00:00
[2026-02-14T18:15:51.896+0000] {standard_task_runner.py:72} INFO - Started process 427 to run task
[2026-02-14T18:15:51.898+0000] {standard_task_runner.py:104} INFO - Running: ['***', 'tasks', 'run', 'load_postgres', 'check_parse', 'scheduled__2026-02-03T10:00:00+00:00', '--job-id', '90', '--raw', '--subdir', 'DAGS_FOLDER/load_postrges.py', '--cfg-path', '/tmp/tmpvzpjoas8']
[2026-02-14T18:15:51.900+0000] {standard_task_runner.py:105} INFO - Job 90: Subtask check_parse
[2026-02-14T18:15:51.908+0000] {warnings.py:109} WARNING - /home/***/.local/lib/python3.9/site-packages/***/settings.py:209: DeprecationWarning: The sql_alchemy_conn option in [core] has been moved to the sql_alchemy_conn option in [database] - the old setting has been used, but please update your config.
  SQL_ALCHEMY_CONN = conf.get("database", "SQL_ALCHEMY_CONN")

[2026-02-14T18:15:51.933+0000] {task_command.py:467} INFO - Running <TaskInstance: load_postgres.check_parse scheduled__2026-02-03T10:00:00+00:00 [running]> on host bb762b62a2c2
[2026-02-14T18:15:51.933+0000] {warnings.py:109} WARNING - /home/***/.local/lib/python3.9/site-packages/***/settings.py:470: DeprecationWarning: The sql_alchemy_conn option in [core] has been moved to the sql_alchemy_conn option in [database] - the old setting has been used, but please update your config.
  if conf.get("database", "sql_alchemy_conn") == "none://":

[2026-02-14T18:15:51.976+0000] {taskinstance.py:3134} INFO - Exporting env vars: AIRFLOW_CTX_DAG_OWNER='a.sorokin' AIRFLOW_CTX_DAG_ID='load_postgres' AIRFLOW_CTX_TASK_ID='check_parse' AIRFLOW_CTX_EXECUTION_DATE='2026-02-03T10:00:00+00:00' AIRFLOW_CTX_TRY_NUMBER='1' AIRFLOW_CTX_DAG_RUN_ID='scheduled__2026-02-03T10:00:00+00:00'
[2026-02-14T18:15:51.977+0000] {taskinstance.py:732} INFO - ::endgroup::
[2026-02-14T18:15:51.984+0000] {baseoperator.py:423} WARNING - ExternalTaskSensor.execute cannot be called outside TaskInstance!
[2026-02-14T18:15:51.990+0000] {external_task.py:274} INFO - Poking for DAG 'parse_iot' on 2026-02-03T10:00:00+00:00 ... 
[2026-02-14T18:15:51.990+0000] {warnings.py:109} WARNING - /home/***/.local/lib/python3.9/site-packages/***/utils/session.py:97: DeprecationWarning: This method is deprecated and will be removed in future.
  return func(*args, session=session, **kwargs)

[2026-02-14T18:15:52.008+0000] {taskinstance.py:310} INFO - Rescheduling task, marking task as UP_FOR_RESCHEDULE
[2026-02-14T18:15:52.008+0000] {taskinstance.py:341} INFO - ::group::Post task execution logs
[2026-02-14T18:15:52.030+0000] {local_task_job_runner.py:266} INFO - Task exited with return code 0
[2026-02-14T18:15:52.047+0000] {taskinstance.py:3901} INFO - 0 downstream tasks scheduled from follow-on schedule check
[2026-02-14T18:15:52.048+0000] {local_task_job_runner.py:245} INFO - ::endgroup::
[2026-02-14T18:16:53.304+0000] {local_task_job_runner.py:123} INFO - ::group::Pre task execution logs
[2026-02-14T18:16:53.317+0000] {taskinstance.py:2614} INFO - Dependencies all met for dep_context=non-requeueable deps ti=<TaskInstance: load_postgres.check_parse scheduled__2026-02-03T10:00:00+00:00 [queued]>
[2026-02-14T18:16:53.323+0000] {taskinstance.py:2614} INFO - Dependencies all met for dep_context=requeueable deps ti=<TaskInstance: load_postgres.check_parse scheduled__2026-02-03T10:00:00+00:00 [queued]>
[2026-02-14T18:16:53.324+0000] {taskinstance.py:2867} INFO - Starting attempt 1 of 4
[2026-02-14T18:16:53.331+0000] {taskinstance.py:2890} INFO - Executing <Task(ExternalTaskSensor): check_parse> on 2026-02-03 10:00:00+00:00
[2026-02-14T18:16:53.335+0000] {standard_task_runner.py:72} INFO - Started process 541 to run task
[2026-02-14T18:16:53.337+0000] {standard_task_runner.py:104} INFO - Running: ['***', 'tasks', 'run', 'load_postgres', 'check_parse', 'scheduled__2026-02-03T10:00:00+00:00', '--job-id', '118', '--raw', '--subdir', 'DAGS_FOLDER/load_postrges.py', '--cfg-path', '/tmp/tmpngjkgr7x']
[2026-02-14T18:16:53.341+0000] {standard_task_runner.py:105} INFO - Job 118: Subtask check_parse
[2026-02-14T18:16:53.349+0000] {warnings.py:109} WARNING - /home/***/.local/lib/python3.9/site-packages/***/settings.py:209: DeprecationWarning: The sql_alchemy_conn option in [core] has been moved to the sql_alchemy_conn option in [database] - the old setting has been used, but please update your config.
  SQL_ALCHEMY_CONN = conf.get("database", "SQL_ALCHEMY_CONN")

[2026-02-14T18:16:53.371+0000] {task_command.py:467} INFO - Running <TaskInstance: load_postgres.check_parse scheduled__2026-02-03T10:00:00+00:00 [running]> on host bb762b62a2c2
[2026-02-14T18:16:53.371+0000] {warnings.py:109} WARNING - /home/***/.local/lib/python3.9/site-packages/***/settings.py:470: DeprecationWarning: The sql_alchemy_conn option in [core] has been moved to the sql_alchemy_conn option in [database] - the old setting has been used, but please update your config.
  if conf.get("database", "sql_alchemy_conn") == "none://":

[2026-02-14T18:16:53.420+0000] {taskinstance.py:3134} INFO - Exporting env vars: AIRFLOW_CTX_DAG_OWNER='a.sorokin' AIRFLOW_CTX_DAG_ID='load_postgres' AIRFLOW_CTX_TASK_ID='check_parse' AIRFLOW_CTX_EXECUTION_DATE='2026-02-03T10:00:00+00:00' AIRFLOW_CTX_TRY_NUMBER='1' AIRFLOW_CTX_DAG_RUN_ID='scheduled__2026-02-03T10:00:00+00:00'
[2026-02-14T18:16:53.420+0000] {taskinstance.py:732} INFO - ::endgroup::
[2026-02-14T18:16:53.428+0000] {baseoperator.py:423} WARNING - ExternalTaskSensor.execute cannot be called outside TaskInstance!
[2026-02-14T18:16:53.434+0000] {external_task.py:274} INFO - Poking for DAG 'parse_iot' on 2026-02-03T10:00:00+00:00 ... 
[2026-02-14T18:16:53.434+0000] {warnings.py:109} WARNING - /home/***/.local/lib/python3.9/site-packages/***/utils/session.py:97: DeprecationWarning: This method is deprecated and will be removed in future.
  return func(*args, session=session, **kwargs)

[2026-02-14T18:16:53.452+0000] {taskinstance.py:310} INFO - Rescheduling task, marking task as UP_FOR_RESCHEDULE
[2026-02-14T18:16:53.452+0000] {taskinstance.py:341} INFO - ::group::Post task execution logs
[2026-02-14T18:16:53.469+0000] {local_task_job_runner.py:266} INFO - Task exited with return code 0
[2026-02-14T18:16:53.487+0000] {taskinstance.py:3901} INFO - 0 downstream tasks scheduled from follow-on schedule check
[2026-02-14T18:16:53.488+0000] {local_task_job_runner.py:245} INFO - ::endgroup::
[2026-02-14T18:17:54.588+0000] {local_task_job_runner.py:123} INFO - ::group::Pre task execution logs
[2026-02-14T18:17:54.600+0000] {taskinstance.py:2614} INFO - Dependencies all met for dep_context=non-requeueable deps ti=<TaskInstance: load_postgres.check_parse scheduled__2026-02-03T10:00:00+00:00 [queued]>
[2026-02-14T18:17:54.605+0000] {taskinstance.py:2614} INFO - Dependencies all met for dep_context=requeueable deps ti=<TaskInstance: load_postgres.check_parse scheduled__2026-02-03T10:00:00+00:00 [queued]>
[2026-02-14T18:17:54.605+0000] {taskinstance.py:2867} INFO - Starting attempt 1 of 4
[2026-02-14T18:17:54.611+0000] {taskinstance.py:2890} INFO - Executing <Task(ExternalTaskSensor): check_parse> on 2026-02-03 10:00:00+00:00
[2026-02-14T18:17:54.616+0000] {standard_task_runner.py:72} INFO - Started process 671 to run task
[2026-02-14T18:17:54.618+0000] {standard_task_runner.py:104} INFO - Running: ['***', 'tasks', 'run', 'load_postgres', 'check_parse', 'scheduled__2026-02-03T10:00:00+00:00', '--job-id', '151', '--raw', '--subdir', 'DAGS_FOLDER/load_postrges.py', '--cfg-path', '/tmp/tmpism1gj8v']
[2026-02-14T18:17:54.621+0000] {standard_task_runner.py:105} INFO - Job 151: Subtask check_parse
[2026-02-14T18:17:54.630+0000] {warnings.py:109} WARNING - /home/***/.local/lib/python3.9/site-packages/***/settings.py:209: DeprecationWarning: The sql_alchemy_conn option in [core] has been moved to the sql_alchemy_conn option in [database] - the old setting has been used, but please update your config.
  SQL_ALCHEMY_CONN = conf.get("database", "SQL_ALCHEMY_CONN")

[2026-02-14T18:17:54.650+0000] {task_command.py:467} INFO - Running <TaskInstance: load_postgres.check_parse scheduled__2026-02-03T10:00:00+00:00 [running]> on host bb762b62a2c2
[2026-02-14T18:17:54.651+0000] {warnings.py:109} WARNING - /home/***/.local/lib/python3.9/site-packages/***/settings.py:470: DeprecationWarning: The sql_alchemy_conn option in [core] has been moved to the sql_alchemy_conn option in [database] - the old setting has been used, but please update your config.
  if conf.get("database", "sql_alchemy_conn") == "none://":

[2026-02-14T18:17:54.694+0000] {taskinstance.py:3134} INFO - Exporting env vars: AIRFLOW_CTX_DAG_OWNER='a.sorokin' AIRFLOW_CTX_DAG_ID='load_postgres' AIRFLOW_CTX_TASK_ID='check_parse' AIRFLOW_CTX_EXECUTION_DATE='2026-02-03T10:00:00+00:00' AIRFLOW_CTX_TRY_NUMBER='1' AIRFLOW_CTX_DAG_RUN_ID='scheduled__2026-02-03T10:00:00+00:00'
[2026-02-14T18:17:54.695+0000] {taskinstance.py:732} INFO - ::endgroup::
[2026-02-14T18:17:54.702+0000] {baseoperator.py:423} WARNING - ExternalTaskSensor.execute cannot be called outside TaskInstance!
[2026-02-14T18:17:54.707+0000] {external_task.py:274} INFO - Poking for DAG 'parse_iot' on 2026-02-03T10:00:00+00:00 ... 
[2026-02-14T18:17:54.707+0000] {warnings.py:109} WARNING - /home/***/.local/lib/python3.9/site-packages/***/utils/session.py:97: DeprecationWarning: This method is deprecated and will be removed in future.
  return func(*args, session=session, **kwargs)

[2026-02-14T18:17:54.713+0000] {base.py:339} INFO - Success criteria met. Exiting.
[2026-02-14T18:17:54.719+0000] {taskinstance.py:341} INFO - ::group::Post task execution logs
[2026-02-14T18:17:54.719+0000] {taskinstance.py:353} INFO - Marking task as SUCCESS. dag_id=load_postgres, task_id=check_parse, run_id=scheduled__2026-02-03T10:00:00+00:00, execution_date=20260203T100000, start_date=20260214T181754, end_date=20260214T181754
[2026-02-14T18:17:54.750+0000] {local_task_job_runner.py:266} INFO - Task exited with return code 0
[2026-02-14T18:17:54.766+0000] {taskinstance.py:3901} INFO - 1 downstream tasks scheduled from follow-on schedule check
[2026-02-14T18:17:54.767+0000] {local_task_job_runner.py:245} INFO - ::endgroup::
[2026-02-16T14:44:35.002+0000] {local_task_job_runner.py:123} INFO - ::group::Pre task execution logs
[2026-02-16T14:44:35.016+0000] {taskinstance.py:2614} INFO - Dependencies all met for dep_context=non-requeueable deps ti=<TaskInstance: load_postgres.check_parse scheduled__2026-02-03T10:00:00+00:00 [queued]>
[2026-02-16T14:44:35.021+0000] {taskinstance.py:2614} INFO - Dependencies all met for dep_context=requeueable deps ti=<TaskInstance: load_postgres.check_parse scheduled__2026-02-03T10:00:00+00:00 [queued]>
[2026-02-16T14:44:35.022+0000] {taskinstance.py:2867} INFO - Starting attempt 1 of 4
[2026-02-16T14:44:35.029+0000] {taskinstance.py:2890} INFO - Executing <Task(ExternalTaskSensor): check_parse> on 2026-02-03 10:00:00+00:00
[2026-02-16T14:44:35.033+0000] {standard_task_runner.py:72} INFO - Started process 133 to run task
[2026-02-16T14:44:35.035+0000] {standard_task_runner.py:104} INFO - Running: ['***', 'tasks', 'run', 'load_postgres', 'check_parse', 'scheduled__2026-02-03T10:00:00+00:00', '--job-id', '11', '--raw', '--subdir', 'DAGS_FOLDER/load_postrges.py', '--cfg-path', '/tmp/tmp2hv3l2zs']
[2026-02-16T14:44:35.037+0000] {standard_task_runner.py:105} INFO - Job 11: Subtask check_parse
[2026-02-16T14:44:35.046+0000] {warnings.py:109} WARNING - /home/***/.local/lib/python3.9/site-packages/***/settings.py:209: DeprecationWarning: The sql_alchemy_conn option in [core] has been moved to the sql_alchemy_conn option in [database] - the old setting has been used, but please update your config.
  SQL_ALCHEMY_CONN = conf.get("database", "SQL_ALCHEMY_CONN")

[2026-02-16T14:44:35.068+0000] {task_command.py:467} INFO - Running <TaskInstance: load_postgres.check_parse scheduled__2026-02-03T10:00:00+00:00 [running]> on host cd96c4fa192f
[2026-02-16T14:44:35.068+0000] {warnings.py:109} WARNING - /home/***/.local/lib/python3.9/site-packages/***/settings.py:470: DeprecationWarning: The sql_alchemy_conn option in [core] has been moved to the sql_alchemy_conn option in [database] - the old setting has been used, but please update your config.
  if conf.get("database", "sql_alchemy_conn") == "none://":

[2026-02-16T14:44:35.112+0000] {taskinstance.py:3134} INFO - Exporting env vars: AIRFLOW_CTX_DAG_OWNER='a.sorokin' AIRFLOW_CTX_DAG_ID='load_postgres' AIRFLOW_CTX_TASK_ID='check_parse' AIRFLOW_CTX_EXECUTION_DATE='2026-02-03T10:00:00+00:00' AIRFLOW_CTX_TRY_NUMBER='1' AIRFLOW_CTX_DAG_RUN_ID='scheduled__2026-02-03T10:00:00+00:00'
[2026-02-16T14:44:35.112+0000] {taskinstance.py:732} INFO - ::endgroup::
[2026-02-16T14:44:35.119+0000] {baseoperator.py:423} WARNING - ExternalTaskSensor.execute cannot be called outside TaskInstance!
[2026-02-16T14:44:35.125+0000] {external_task.py:274} INFO - Poking for DAG 'parse_iot' on 2026-02-03T10:00:00+00:00 ... 
[2026-02-16T14:44:35.125+0000] {warnings.py:109} WARNING - /home/***/.local/lib/python3.9/site-packages/***/utils/session.py:97: DeprecationWarning: This method is deprecated and will be removed in future.
  return func(*args, session=session, **kwargs)

[2026-02-16T14:44:35.142+0000] {taskinstance.py:310} INFO - Rescheduling task, marking task as UP_FOR_RESCHEDULE
[2026-02-16T14:44:35.142+0000] {taskinstance.py:341} INFO - ::group::Post task execution logs
[2026-02-16T14:44:35.167+0000] {local_task_job_runner.py:266} INFO - Task exited with return code 0
[2026-02-16T14:44:35.184+0000] {taskinstance.py:3901} INFO - 0 downstream tasks scheduled from follow-on schedule check
[2026-02-16T14:44:35.185+0000] {local_task_job_runner.py:245} INFO - ::endgroup::
[2026-02-16T14:45:37.081+0000] {local_task_job_runner.py:123} INFO - ::group::Pre task execution logs
[2026-02-16T14:45:37.094+0000] {taskinstance.py:2614} INFO - Dependencies all met for dep_context=non-requeueable deps ti=<TaskInstance: load_postgres.check_parse scheduled__2026-02-03T10:00:00+00:00 [queued]>
[2026-02-16T14:45:37.099+0000] {taskinstance.py:2614} INFO - Dependencies all met for dep_context=requeueable deps ti=<TaskInstance: load_postgres.check_parse scheduled__2026-02-03T10:00:00+00:00 [queued]>
[2026-02-16T14:45:37.100+0000] {taskinstance.py:2867} INFO - Starting attempt 1 of 4
[2026-02-16T14:45:37.107+0000] {taskinstance.py:2890} INFO - Executing <Task(ExternalTaskSensor): check_parse> on 2026-02-03 10:00:00+00:00
[2026-02-16T14:45:37.111+0000] {standard_task_runner.py:72} INFO - Started process 268 to run task
[2026-02-16T14:45:37.113+0000] {standard_task_runner.py:104} INFO - Running: ['***', 'tasks', 'run', 'load_postgres', 'check_parse', 'scheduled__2026-02-03T10:00:00+00:00', '--job-id', '44', '--raw', '--subdir', 'DAGS_FOLDER/load_postrges.py', '--cfg-path', '/tmp/tmp7sz4ljwb']
[2026-02-16T14:45:37.115+0000] {standard_task_runner.py:105} INFO - Job 44: Subtask check_parse
[2026-02-16T14:45:37.123+0000] {warnings.py:109} WARNING - /home/***/.local/lib/python3.9/site-packages/***/settings.py:209: DeprecationWarning: The sql_alchemy_conn option in [core] has been moved to the sql_alchemy_conn option in [database] - the old setting has been used, but please update your config.
  SQL_ALCHEMY_CONN = conf.get("database", "SQL_ALCHEMY_CONN")

[2026-02-16T14:45:37.145+0000] {task_command.py:467} INFO - Running <TaskInstance: load_postgres.check_parse scheduled__2026-02-03T10:00:00+00:00 [running]> on host cd96c4fa192f
[2026-02-16T14:45:37.146+0000] {warnings.py:109} WARNING - /home/***/.local/lib/python3.9/site-packages/***/settings.py:470: DeprecationWarning: The sql_alchemy_conn option in [core] has been moved to the sql_alchemy_conn option in [database] - the old setting has been used, but please update your config.
  if conf.get("database", "sql_alchemy_conn") == "none://":

[2026-02-16T14:45:37.190+0000] {taskinstance.py:3134} INFO - Exporting env vars: AIRFLOW_CTX_DAG_OWNER='a.sorokin' AIRFLOW_CTX_DAG_ID='load_postgres' AIRFLOW_CTX_TASK_ID='check_parse' AIRFLOW_CTX_EXECUTION_DATE='2026-02-03T10:00:00+00:00' AIRFLOW_CTX_TRY_NUMBER='1' AIRFLOW_CTX_DAG_RUN_ID='scheduled__2026-02-03T10:00:00+00:00'
[2026-02-16T14:45:37.190+0000] {taskinstance.py:732} INFO - ::endgroup::
[2026-02-16T14:45:37.198+0000] {baseoperator.py:423} WARNING - ExternalTaskSensor.execute cannot be called outside TaskInstance!
[2026-02-16T14:45:37.203+0000] {external_task.py:274} INFO - Poking for DAG 'parse_iot' on 2026-02-03T10:00:00+00:00 ... 
[2026-02-16T14:45:37.204+0000] {warnings.py:109} WARNING - /home/***/.local/lib/python3.9/site-packages/***/utils/session.py:97: DeprecationWarning: This method is deprecated and will be removed in future.
  return func(*args, session=session, **kwargs)

[2026-02-16T14:45:37.221+0000] {taskinstance.py:310} INFO - Rescheduling task, marking task as UP_FOR_RESCHEDULE
[2026-02-16T14:45:37.221+0000] {taskinstance.py:341} INFO - ::group::Post task execution logs
[2026-02-16T14:45:37.245+0000] {local_task_job_runner.py:266} INFO - Task exited with return code 0
[2026-02-16T14:45:37.264+0000] {taskinstance.py:3901} INFO - 0 downstream tasks scheduled from follow-on schedule check
[2026-02-16T14:45:37.265+0000] {local_task_job_runner.py:245} INFO - ::endgroup::
[2026-02-16T14:46:39.451+0000] {local_task_job_runner.py:123} INFO - ::group::Pre task execution logs
[2026-02-16T14:46:39.464+0000] {taskinstance.py:2614} INFO - Dependencies all met for dep_context=non-requeueable deps ti=<TaskInstance: load_postgres.check_parse scheduled__2026-02-03T10:00:00+00:00 [queued]>
[2026-02-16T14:46:39.469+0000] {taskinstance.py:2614} INFO - Dependencies all met for dep_context=requeueable deps ti=<TaskInstance: load_postgres.check_parse scheduled__2026-02-03T10:00:00+00:00 [queued]>
[2026-02-16T14:46:39.470+0000] {taskinstance.py:2867} INFO - Starting attempt 1 of 4
[2026-02-16T14:46:39.476+0000] {taskinstance.py:2890} INFO - Executing <Task(ExternalTaskSensor): check_parse> on 2026-02-03 10:00:00+00:00
[2026-02-16T14:46:39.480+0000] {standard_task_runner.py:72} INFO - Started process 454 to run task
[2026-02-16T14:46:39.482+0000] {standard_task_runner.py:104} INFO - Running: ['***', 'tasks', 'run', 'load_postgres', 'check_parse', 'scheduled__2026-02-03T10:00:00+00:00', '--job-id', '91', '--raw', '--subdir', 'DAGS_FOLDER/load_postrges.py', '--cfg-path', '/tmp/tmpckmi1xxq']
[2026-02-16T14:46:39.483+0000] {standard_task_runner.py:105} INFO - Job 91: Subtask check_parse
[2026-02-16T14:46:39.492+0000] {warnings.py:109} WARNING - /home/***/.local/lib/python3.9/site-packages/***/settings.py:209: DeprecationWarning: The sql_alchemy_conn option in [core] has been moved to the sql_alchemy_conn option in [database] - the old setting has been used, but please update your config.
  SQL_ALCHEMY_CONN = conf.get("database", "SQL_ALCHEMY_CONN")

[2026-02-16T14:46:39.514+0000] {task_command.py:467} INFO - Running <TaskInstance: load_postgres.check_parse scheduled__2026-02-03T10:00:00+00:00 [running]> on host cd96c4fa192f
[2026-02-16T14:46:39.514+0000] {warnings.py:109} WARNING - /home/***/.local/lib/python3.9/site-packages/***/settings.py:470: DeprecationWarning: The sql_alchemy_conn option in [core] has been moved to the sql_alchemy_conn option in [database] - the old setting has been used, but please update your config.
  if conf.get("database", "sql_alchemy_conn") == "none://":

[2026-02-16T14:46:39.555+0000] {taskinstance.py:3134} INFO - Exporting env vars: AIRFLOW_CTX_DAG_OWNER='a.sorokin' AIRFLOW_CTX_DAG_ID='load_postgres' AIRFLOW_CTX_TASK_ID='check_parse' AIRFLOW_CTX_EXECUTION_DATE='2026-02-03T10:00:00+00:00' AIRFLOW_CTX_TRY_NUMBER='1' AIRFLOW_CTX_DAG_RUN_ID='scheduled__2026-02-03T10:00:00+00:00'
[2026-02-16T14:46:39.556+0000] {taskinstance.py:732} INFO - ::endgroup::
[2026-02-16T14:46:39.563+0000] {baseoperator.py:423} WARNING - ExternalTaskSensor.execute cannot be called outside TaskInstance!
[2026-02-16T14:46:39.568+0000] {external_task.py:274} INFO - Poking for DAG 'parse_iot' on 2026-02-03T10:00:00+00:00 ... 
[2026-02-16T14:46:39.569+0000] {warnings.py:109} WARNING - /home/***/.local/lib/python3.9/site-packages/***/utils/session.py:97: DeprecationWarning: This method is deprecated and will be removed in future.
  return func(*args, session=session, **kwargs)

[2026-02-16T14:46:39.585+0000] {taskinstance.py:310} INFO - Rescheduling task, marking task as UP_FOR_RESCHEDULE
[2026-02-16T14:46:39.586+0000] {taskinstance.py:341} INFO - ::group::Post task execution logs
[2026-02-16T14:46:39.614+0000] {local_task_job_runner.py:266} INFO - Task exited with return code 0
[2026-02-16T14:46:39.630+0000] {taskinstance.py:3901} INFO - 0 downstream tasks scheduled from follow-on schedule check
[2026-02-16T14:46:39.631+0000] {local_task_job_runner.py:245} INFO - ::endgroup::
[2026-02-16T14:47:40.267+0000] {local_task_job_runner.py:123} INFO - ::group::Pre task execution logs
[2026-02-16T14:47:40.282+0000] {taskinstance.py:2614} INFO - Dependencies all met for dep_context=non-requeueable deps ti=<TaskInstance: load_postgres.check_parse scheduled__2026-02-03T10:00:00+00:00 [queued]>
[2026-02-16T14:47:40.289+0000] {taskinstance.py:2614} INFO - Dependencies all met for dep_context=requeueable deps ti=<TaskInstance: load_postgres.check_parse scheduled__2026-02-03T10:00:00+00:00 [queued]>
[2026-02-16T14:47:40.289+0000] {taskinstance.py:2867} INFO - Starting attempt 1 of 4
[2026-02-16T14:47:40.296+0000] {taskinstance.py:2890} INFO - Executing <Task(ExternalTaskSensor): check_parse> on 2026-02-03 10:00:00+00:00
[2026-02-16T14:47:40.300+0000] {standard_task_runner.py:72} INFO - Started process 550 to run task
[2026-02-16T14:47:40.303+0000] {standard_task_runner.py:104} INFO - Running: ['***', 'tasks', 'run', 'load_postgres', 'check_parse', 'scheduled__2026-02-03T10:00:00+00:00', '--job-id', '115', '--raw', '--subdir', 'DAGS_FOLDER/load_postrges.py', '--cfg-path', '/tmp/tmpxl45knw3']
[2026-02-16T14:47:40.304+0000] {standard_task_runner.py:105} INFO - Job 115: Subtask check_parse
[2026-02-16T14:47:40.312+0000] {warnings.py:109} WARNING - /home/***/.local/lib/python3.9/site-packages/***/settings.py:209: DeprecationWarning: The sql_alchemy_conn option in [core] has been moved to the sql_alchemy_conn option in [database] - the old setting has been used, but please update your config.
  SQL_ALCHEMY_CONN = conf.get("database", "SQL_ALCHEMY_CONN")

[2026-02-16T14:47:40.337+0000] {task_command.py:467} INFO - Running <TaskInstance: load_postgres.check_parse scheduled__2026-02-03T10:00:00+00:00 [running]> on host cd96c4fa192f
[2026-02-16T14:47:40.338+0000] {warnings.py:109} WARNING - /home/***/.local/lib/python3.9/site-packages/***/settings.py:470: DeprecationWarning: The sql_alchemy_conn option in [core] has been moved to the sql_alchemy_conn option in [database] - the old setting has been used, but please update your config.
  if conf.get("database", "sql_alchemy_conn") == "none://":

[2026-02-16T14:47:40.383+0000] {taskinstance.py:3134} INFO - Exporting env vars: AIRFLOW_CTX_DAG_OWNER='a.sorokin' AIRFLOW_CTX_DAG_ID='load_postgres' AIRFLOW_CTX_TASK_ID='check_parse' AIRFLOW_CTX_EXECUTION_DATE='2026-02-03T10:00:00+00:00' AIRFLOW_CTX_TRY_NUMBER='1' AIRFLOW_CTX_DAG_RUN_ID='scheduled__2026-02-03T10:00:00+00:00'
[2026-02-16T14:47:40.384+0000] {taskinstance.py:732} INFO - ::endgroup::
[2026-02-16T14:47:40.392+0000] {baseoperator.py:423} WARNING - ExternalTaskSensor.execute cannot be called outside TaskInstance!
[2026-02-16T14:47:40.398+0000] {external_task.py:274} INFO - Poking for DAG 'parse_iot' on 2026-02-03T10:00:00+00:00 ... 
[2026-02-16T14:47:40.398+0000] {warnings.py:109} WARNING - /home/***/.local/lib/python3.9/site-packages/***/utils/session.py:97: DeprecationWarning: This method is deprecated and will be removed in future.
  return func(*args, session=session, **kwargs)

[2026-02-16T14:47:40.422+0000] {taskinstance.py:310} INFO - Rescheduling task, marking task as UP_FOR_RESCHEDULE
[2026-02-16T14:47:40.423+0000] {taskinstance.py:341} INFO - ::group::Post task execution logs
[2026-02-16T14:47:40.435+0000] {local_task_job_runner.py:266} INFO - Task exited with return code 0
[2026-02-16T14:47:40.454+0000] {taskinstance.py:3901} INFO - 0 downstream tasks scheduled from follow-on schedule check
[2026-02-16T14:47:40.455+0000] {local_task_job_runner.py:245} INFO - ::endgroup::
[2026-02-16T14:48:42.544+0000] {local_task_job_runner.py:123} INFO - ::group::Pre task execution logs
[2026-02-16T14:48:42.561+0000] {taskinstance.py:2614} INFO - Dependencies all met for dep_context=non-requeueable deps ti=<TaskInstance: load_postgres.check_parse scheduled__2026-02-03T10:00:00+00:00 [queued]>
[2026-02-16T14:48:42.570+0000] {taskinstance.py:2614} INFO - Dependencies all met for dep_context=requeueable deps ti=<TaskInstance: load_postgres.check_parse scheduled__2026-02-03T10:00:00+00:00 [queued]>
[2026-02-16T14:48:42.571+0000] {taskinstance.py:2867} INFO - Starting attempt 1 of 4
[2026-02-16T14:48:42.582+0000] {taskinstance.py:2890} INFO - Executing <Task(ExternalTaskSensor): check_parse> on 2026-02-03 10:00:00+00:00
[2026-02-16T14:48:42.589+0000] {standard_task_runner.py:72} INFO - Started process 642 to run task
[2026-02-16T14:48:42.591+0000] {standard_task_runner.py:104} INFO - Running: ['***', 'tasks', 'run', 'load_postgres', 'check_parse', 'scheduled__2026-02-03T10:00:00+00:00', '--job-id', '138', '--raw', '--subdir', 'DAGS_FOLDER/load_postrges.py', '--cfg-path', '/tmp/tmpxz2krwzr']
[2026-02-16T14:48:42.593+0000] {standard_task_runner.py:105} INFO - Job 138: Subtask check_parse
[2026-02-16T14:48:42.605+0000] {warnings.py:109} WARNING - /home/***/.local/lib/python3.9/site-packages/***/settings.py:209: DeprecationWarning: The sql_alchemy_conn option in [core] has been moved to the sql_alchemy_conn option in [database] - the old setting has been used, but please update your config.
  SQL_ALCHEMY_CONN = conf.get("database", "SQL_ALCHEMY_CONN")

[2026-02-16T14:48:42.635+0000] {task_command.py:467} INFO - Running <TaskInstance: load_postgres.check_parse scheduled__2026-02-03T10:00:00+00:00 [running]> on host cd96c4fa192f
[2026-02-16T14:48:42.635+0000] {warnings.py:109} WARNING - /home/***/.local/lib/python3.9/site-packages/***/settings.py:470: DeprecationWarning: The sql_alchemy_conn option in [core] has been moved to the sql_alchemy_conn option in [database] - the old setting has been used, but please update your config.
  if conf.get("database", "sql_alchemy_conn") == "none://":

[2026-02-16T14:48:42.693+0000] {taskinstance.py:3134} INFO - Exporting env vars: AIRFLOW_CTX_DAG_OWNER='a.sorokin' AIRFLOW_CTX_DAG_ID='load_postgres' AIRFLOW_CTX_TASK_ID='check_parse' AIRFLOW_CTX_EXECUTION_DATE='2026-02-03T10:00:00+00:00' AIRFLOW_CTX_TRY_NUMBER='1' AIRFLOW_CTX_DAG_RUN_ID='scheduled__2026-02-03T10:00:00+00:00'
[2026-02-16T14:48:42.694+0000] {taskinstance.py:732} INFO - ::endgroup::
[2026-02-16T14:48:42.702+0000] {baseoperator.py:423} WARNING - ExternalTaskSensor.execute cannot be called outside TaskInstance!
[2026-02-16T14:48:42.709+0000] {external_task.py:274} INFO - Poking for DAG 'parse_iot' on 2026-02-03T10:00:00+00:00 ... 
[2026-02-16T14:48:42.709+0000] {warnings.py:109} WARNING - /home/***/.local/lib/python3.9/site-packages/***/utils/session.py:97: DeprecationWarning: This method is deprecated and will be removed in future.
  return func(*args, session=session, **kwargs)

[2026-02-16T14:48:42.834+0000] {taskinstance.py:310} INFO - Rescheduling task, marking task as UP_FOR_RESCHEDULE
[2026-02-16T14:48:42.834+0000] {taskinstance.py:341} INFO - ::group::Post task execution logs
[2026-02-16T14:48:42.884+0000] {local_task_job_runner.py:266} INFO - Task exited with return code 0
[2026-02-16T14:48:42.902+0000] {taskinstance.py:3901} INFO - 0 downstream tasks scheduled from follow-on schedule check
[2026-02-16T14:48:42.903+0000] {local_task_job_runner.py:245} INFO - ::endgroup::
