[2026-02-16T15:05:51.255+0000] {local_task_job_runner.py:123} INFO - ::group::Pre task execution logs
[2026-02-16T15:05:51.270+0000] {taskinstance.py:2614} INFO - Dependencies all met for dep_context=non-requeueable deps ti=<TaskInstance: load_postgres.check_parse scheduled__2026-01-30T10:00:00+00:00 [queued]>
[2026-02-16T15:05:51.276+0000] {taskinstance.py:2614} INFO - Dependencies all met for dep_context=requeueable deps ti=<TaskInstance: load_postgres.check_parse scheduled__2026-01-30T10:00:00+00:00 [queued]>
[2026-02-16T15:05:51.276+0000] {taskinstance.py:2867} INFO - Starting attempt 7 of 10
[2026-02-16T15:05:51.284+0000] {taskinstance.py:2890} INFO - Executing <Task(ExternalTaskSensor): check_parse> on 2026-01-30 10:00:00+00:00
[2026-02-16T15:05:51.289+0000] {standard_task_runner.py:72} INFO - Started process 942 to run task
[2026-02-16T15:05:51.291+0000] {standard_task_runner.py:104} INFO - Running: ['***', 'tasks', 'run', 'load_postgres', 'check_parse', 'scheduled__2026-01-30T10:00:00+00:00', '--job-id', '213', '--raw', '--subdir', 'DAGS_FOLDER/load_postrges.py', '--cfg-path', '/tmp/tmp_2nbmhke']
[2026-02-16T15:05:51.293+0000] {standard_task_runner.py:105} INFO - Job 213: Subtask check_parse
[2026-02-16T15:05:51.302+0000] {warnings.py:109} WARNING - /home/***/.local/lib/python3.9/site-packages/***/settings.py:209: DeprecationWarning: The sql_alchemy_conn option in [core] has been moved to the sql_alchemy_conn option in [database] - the old setting has been used, but please update your config.
  SQL_ALCHEMY_CONN = conf.get("database", "SQL_ALCHEMY_CONN")

[2026-02-16T15:05:51.328+0000] {task_command.py:467} INFO - Running <TaskInstance: load_postgres.check_parse scheduled__2026-01-30T10:00:00+00:00 [running]> on host cd96c4fa192f
[2026-02-16T15:05:51.329+0000] {warnings.py:109} WARNING - /home/***/.local/lib/python3.9/site-packages/***/settings.py:470: DeprecationWarning: The sql_alchemy_conn option in [core] has been moved to the sql_alchemy_conn option in [database] - the old setting has been used, but please update your config.
  if conf.get("database", "sql_alchemy_conn") == "none://":

[2026-02-16T15:05:51.375+0000] {taskinstance.py:3134} INFO - Exporting env vars: AIRFLOW_CTX_DAG_OWNER='a.sorokin' AIRFLOW_CTX_DAG_ID='load_postgres' AIRFLOW_CTX_TASK_ID='check_parse' AIRFLOW_CTX_EXECUTION_DATE='2026-01-30T10:00:00+00:00' AIRFLOW_CTX_TRY_NUMBER='7' AIRFLOW_CTX_DAG_RUN_ID='scheduled__2026-01-30T10:00:00+00:00'
[2026-02-16T15:05:51.375+0000] {taskinstance.py:732} INFO - ::endgroup::
[2026-02-16T15:05:51.383+0000] {baseoperator.py:423} WARNING - ExternalTaskSensor.execute cannot be called outside TaskInstance!
[2026-02-16T15:05:51.389+0000] {external_task.py:274} INFO - Poking for DAG 'parse_iot' on 2026-01-30T10:00:00+00:00 ... 
[2026-02-16T15:05:51.389+0000] {warnings.py:109} WARNING - /home/***/.local/lib/python3.9/site-packages/***/utils/session.py:97: DeprecationWarning: This method is deprecated and will be removed in future.
  return func(*args, session=session, **kwargs)

[2026-02-16T15:05:51.394+0000] {base.py:339} INFO - Success criteria met. Exiting.
[2026-02-16T15:05:51.401+0000] {taskinstance.py:341} INFO - ::group::Post task execution logs
[2026-02-16T15:05:51.401+0000] {taskinstance.py:353} INFO - Marking task as SUCCESS. dag_id=load_postgres, task_id=check_parse, run_id=scheduled__2026-01-30T10:00:00+00:00, execution_date=20260130T100000, start_date=20260216T150551, end_date=20260216T150551
[2026-02-16T15:05:51.423+0000] {local_task_job_runner.py:266} INFO - Task exited with return code 0
[2026-02-16T15:05:51.441+0000] {taskinstance.py:3901} INFO - 1 downstream tasks scheduled from follow-on schedule check
[2026-02-16T15:05:51.442+0000] {local_task_job_runner.py:245} INFO - ::endgroup::
