[2026-02-16T18:11:25.668+0000] {local_task_job_runner.py:123} INFO - ::group::Pre task execution logs
[2026-02-16T18:11:25.682+0000] {taskinstance.py:2614} INFO - Dependencies all met for dep_context=non-requeueable deps ti=<TaskInstance: date_load_postgres.get_date scheduled__2026-02-02T10:00:00+00:00 [queued]>
[2026-02-16T18:11:25.687+0000] {taskinstance.py:2614} INFO - Dependencies all met for dep_context=requeueable deps ti=<TaskInstance: date_load_postgres.get_date scheduled__2026-02-02T10:00:00+00:00 [queued]>
[2026-02-16T18:11:25.687+0000] {taskinstance.py:2867} INFO - Starting attempt 1 of 4
[2026-02-16T18:11:25.694+0000] {taskinstance.py:2890} INFO - Executing <Task(PythonOperator): get_date> on 2026-02-02 10:00:00+00:00
[2026-02-16T18:11:25.698+0000] {standard_task_runner.py:72} INFO - Started process 465 to run task
[2026-02-16T18:11:25.700+0000] {standard_task_runner.py:104} INFO - Running: ['***', 'tasks', 'run', 'date_load_postgres', 'get_date', 'scheduled__2026-02-02T10:00:00+00:00', '--job-id', '87', '--raw', '--subdir', 'DAGS_FOLDER/date_load_postrges.py', '--cfg-path', '/tmp/tmpqkk6g9dj']
[2026-02-16T18:11:25.702+0000] {standard_task_runner.py:105} INFO - Job 87: Subtask get_date
[2026-02-16T18:11:25.711+0000] {warnings.py:109} WARNING - /home/***/.local/lib/python3.9/site-packages/***/settings.py:209: DeprecationWarning: The sql_alchemy_conn option in [core] has been moved to the sql_alchemy_conn option in [database] - the old setting has been used, but please update your config.
  SQL_ALCHEMY_CONN = conf.get("database", "SQL_ALCHEMY_CONN")

[2026-02-16T18:11:25.731+0000] {task_command.py:467} INFO - Running <TaskInstance: date_load_postgres.get_date scheduled__2026-02-02T10:00:00+00:00 [running]> on host 80c391c4cc85
[2026-02-16T18:11:25.732+0000] {warnings.py:109} WARNING - /home/***/.local/lib/python3.9/site-packages/***/settings.py:470: DeprecationWarning: The sql_alchemy_conn option in [core] has been moved to the sql_alchemy_conn option in [database] - the old setting has been used, but please update your config.
  if conf.get("database", "sql_alchemy_conn") == "none://":

[2026-02-16T18:11:25.778+0000] {taskinstance.py:3134} INFO - Exporting env vars: AIRFLOW_CTX_DAG_OWNER='a.sorokin' AIRFLOW_CTX_DAG_ID='date_load_postgres' AIRFLOW_CTX_TASK_ID='get_date' AIRFLOW_CTX_EXECUTION_DATE='2026-02-02T10:00:00+00:00' AIRFLOW_CTX_TRY_NUMBER='1' AIRFLOW_CTX_DAG_RUN_ID='scheduled__2026-02-02T10:00:00+00:00'
[2026-02-16T18:11:25.778+0000] {taskinstance.py:732} INFO - ::endgroup::
[2026-02-16T18:11:25.874+0000] {python.py:240} INFO - Done. Returned value was: None
[2026-02-16T18:11:25.881+0000] {taskinstance.py:341} INFO - ::group::Post task execution logs
[2026-02-16T18:11:25.881+0000] {taskinstance.py:353} INFO - Marking task as SUCCESS. dag_id=date_load_postgres, task_id=get_date, run_id=scheduled__2026-02-02T10:00:00+00:00, execution_date=20260202T100000, start_date=20260216T181125, end_date=20260216T181125
[2026-02-16T18:11:25.912+0000] {local_task_job_runner.py:266} INFO - Task exited with return code 0
[2026-02-16T18:11:25.925+0000] {taskinstance.py:3901} INFO - 0 downstream tasks scheduled from follow-on schedule check
[2026-02-16T18:11:25.926+0000] {local_task_job_runner.py:245} INFO - ::endgroup::
