[2026-02-14T16:33:35.301+0000] {local_task_job_runner.py:123} INFO - ::group::Pre task execution logs
[2026-02-14T16:33:35.327+0000] {taskinstance.py:2614} INFO - Dependencies all met for dep_context=non-requeueable deps ti=<TaskInstance: parse_iot.clean_data scheduled__2026-02-09T10:00:00+00:00 [queued]>
[2026-02-14T16:33:35.335+0000] {taskinstance.py:2614} INFO - Dependencies all met for dep_context=requeueable deps ti=<TaskInstance: parse_iot.clean_data scheduled__2026-02-09T10:00:00+00:00 [queued]>
[2026-02-14T16:33:35.335+0000] {taskinstance.py:2867} INFO - Starting attempt 1 of 4
[2026-02-14T16:33:35.342+0000] {taskinstance.py:2890} INFO - Executing <Task(PythonOperator): clean_data> on 2026-02-09 10:00:00+00:00
[2026-02-14T16:33:35.347+0000] {standard_task_runner.py:72} INFO - Started process 543 to run task
[2026-02-14T16:33:35.350+0000] {standard_task_runner.py:104} INFO - Running: ['***', 'tasks', 'run', 'parse_iot', 'clean_data', 'scheduled__2026-02-09T10:00:00+00:00', '--job-id', '119', '--raw', '--subdir', 'DAGS_FOLDER/parse_iot.py', '--cfg-path', '/tmp/tmp_yb6s7nr']
[2026-02-14T16:33:35.352+0000] {standard_task_runner.py:105} INFO - Job 119: Subtask clean_data
[2026-02-14T16:33:35.363+0000] {warnings.py:109} WARNING - /home/***/.local/lib/python3.9/site-packages/***/settings.py:209: DeprecationWarning: The sql_alchemy_conn option in [core] has been moved to the sql_alchemy_conn option in [database] - the old setting has been used, but please update your config.
  SQL_ALCHEMY_CONN = conf.get("database", "SQL_ALCHEMY_CONN")

[2026-02-14T16:33:35.387+0000] {task_command.py:467} INFO - Running <TaskInstance: parse_iot.clean_data scheduled__2026-02-09T10:00:00+00:00 [running]> on host a5c4ed865bb5
[2026-02-14T16:33:35.388+0000] {warnings.py:109} WARNING - /home/***/.local/lib/python3.9/site-packages/***/settings.py:470: DeprecationWarning: The sql_alchemy_conn option in [core] has been moved to the sql_alchemy_conn option in [database] - the old setting has been used, but please update your config.
  if conf.get("database", "sql_alchemy_conn") == "none://":

[2026-02-14T16:33:35.445+0000] {taskinstance.py:3134} INFO - Exporting env vars: AIRFLOW_CTX_DAG_OWNER='a.sorokin' AIRFLOW_CTX_DAG_ID='parse_iot' AIRFLOW_CTX_TASK_ID='clean_data' AIRFLOW_CTX_EXECUTION_DATE='2026-02-09T10:00:00+00:00' AIRFLOW_CTX_TRY_NUMBER='1' AIRFLOW_CTX_DAG_RUN_ID='scheduled__2026-02-09T10:00:00+00:00'
[2026-02-14T16:33:35.445+0000] {taskinstance.py:732} INFO - ::endgroup::
[2026-02-14T16:33:43.814+0000] {python.py:240} INFO - Done. Returned value was: None
[2026-02-14T16:33:43.820+0000] {taskinstance.py:341} INFO - ::group::Post task execution logs
[2026-02-14T16:33:43.821+0000] {taskinstance.py:353} INFO - Marking task as SUCCESS. dag_id=parse_iot, task_id=clean_data, run_id=scheduled__2026-02-09T10:00:00+00:00, execution_date=20260209T100000, start_date=20260214T163335, end_date=20260214T163343
[2026-02-14T16:33:43.850+0000] {local_task_job_runner.py:266} INFO - Task exited with return code 0
[2026-02-14T16:33:43.869+0000] {taskinstance.py:3901} INFO - 0 downstream tasks scheduled from follow-on schedule check
[2026-02-14T16:33:43.870+0000] {local_task_job_runner.py:245} INFO - ::endgroup::
[2026-02-14T17:51:02.569+0000] {local_task_job_runner.py:123} INFO - ::group::Pre task execution logs
[2026-02-14T17:51:02.588+0000] {taskinstance.py:2614} INFO - Dependencies all met for dep_context=non-requeueable deps ti=<TaskInstance: parse_iot.clean_data scheduled__2026-02-09T10:00:00+00:00 [queued]>
[2026-02-14T17:51:02.596+0000] {taskinstance.py:2614} INFO - Dependencies all met for dep_context=requeueable deps ti=<TaskInstance: parse_iot.clean_data scheduled__2026-02-09T10:00:00+00:00 [queued]>
[2026-02-14T17:51:02.597+0000] {taskinstance.py:2867} INFO - Starting attempt 1 of 4
[2026-02-14T17:51:02.604+0000] {taskinstance.py:2890} INFO - Executing <Task(PythonOperator): clean_data> on 2026-02-09 10:00:00+00:00
[2026-02-14T17:51:02.609+0000] {standard_task_runner.py:72} INFO - Started process 563 to run task
[2026-02-14T17:51:02.612+0000] {standard_task_runner.py:104} INFO - Running: ['***', 'tasks', 'run', 'parse_iot', 'clean_data', 'scheduled__2026-02-09T10:00:00+00:00', '--job-id', '124', '--raw', '--subdir', 'DAGS_FOLDER/parse_iot.py', '--cfg-path', '/tmp/tmp62gea00d']
[2026-02-14T17:51:02.613+0000] {standard_task_runner.py:105} INFO - Job 124: Subtask clean_data
[2026-02-14T17:51:02.622+0000] {warnings.py:109} WARNING - /home/***/.local/lib/python3.9/site-packages/***/settings.py:209: DeprecationWarning: The sql_alchemy_conn option in [core] has been moved to the sql_alchemy_conn option in [database] - the old setting has been used, but please update your config.
  SQL_ALCHEMY_CONN = conf.get("database", "SQL_ALCHEMY_CONN")

[2026-02-14T17:51:02.648+0000] {task_command.py:467} INFO - Running <TaskInstance: parse_iot.clean_data scheduled__2026-02-09T10:00:00+00:00 [running]> on host 9052c134cdec
[2026-02-14T17:51:02.648+0000] {warnings.py:109} WARNING - /home/***/.local/lib/python3.9/site-packages/***/settings.py:470: DeprecationWarning: The sql_alchemy_conn option in [core] has been moved to the sql_alchemy_conn option in [database] - the old setting has been used, but please update your config.
  if conf.get("database", "sql_alchemy_conn") == "none://":

[2026-02-14T17:51:02.702+0000] {taskinstance.py:3134} INFO - Exporting env vars: AIRFLOW_CTX_DAG_OWNER='a.sorokin' AIRFLOW_CTX_DAG_ID='parse_iot' AIRFLOW_CTX_TASK_ID='clean_data' AIRFLOW_CTX_EXECUTION_DATE='2026-02-09T10:00:00+00:00' AIRFLOW_CTX_TRY_NUMBER='1' AIRFLOW_CTX_DAG_RUN_ID='scheduled__2026-02-09T10:00:00+00:00'
[2026-02-14T17:51:02.703+0000] {taskinstance.py:732} INFO - ::endgroup::
[2026-02-14T17:51:11.524+0000] {python.py:240} INFO - Done. Returned value was: None
[2026-02-14T17:51:11.531+0000] {taskinstance.py:341} INFO - ::group::Post task execution logs
[2026-02-14T17:51:11.531+0000] {taskinstance.py:353} INFO - Marking task as SUCCESS. dag_id=parse_iot, task_id=clean_data, run_id=scheduled__2026-02-09T10:00:00+00:00, execution_date=20260209T100000, start_date=20260214T175102, end_date=20260214T175111
[2026-02-14T17:51:11.590+0000] {local_task_job_runner.py:266} INFO - Task exited with return code 0
[2026-02-14T17:51:11.609+0000] {taskinstance.py:3901} INFO - 0 downstream tasks scheduled from follow-on schedule check
[2026-02-14T17:51:11.610+0000] {local_task_job_runner.py:245} INFO - ::endgroup::
[2026-02-14T18:15:50.465+0000] {local_task_job_runner.py:123} INFO - ::group::Pre task execution logs
[2026-02-14T18:15:50.484+0000] {taskinstance.py:2614} INFO - Dependencies all met for dep_context=non-requeueable deps ti=<TaskInstance: parse_iot.clean_data scheduled__2026-02-09T10:00:00+00:00 [queued]>
[2026-02-14T18:15:50.491+0000] {taskinstance.py:2614} INFO - Dependencies all met for dep_context=requeueable deps ti=<TaskInstance: parse_iot.clean_data scheduled__2026-02-09T10:00:00+00:00 [queued]>
[2026-02-14T18:15:50.492+0000] {taskinstance.py:2867} INFO - Starting attempt 1 of 4
[2026-02-14T18:15:50.499+0000] {taskinstance.py:2890} INFO - Executing <Task(PythonOperator): clean_data> on 2026-02-09 10:00:00+00:00
[2026-02-14T18:15:50.504+0000] {standard_task_runner.py:72} INFO - Started process 423 to run task
[2026-02-14T18:15:50.507+0000] {standard_task_runner.py:104} INFO - Running: ['***', 'tasks', 'run', 'parse_iot', 'clean_data', 'scheduled__2026-02-09T10:00:00+00:00', '--job-id', '89', '--raw', '--subdir', 'DAGS_FOLDER/parse_iot.py', '--cfg-path', '/tmp/tmp_grms2bt']
[2026-02-14T18:15:50.508+0000] {standard_task_runner.py:105} INFO - Job 89: Subtask clean_data
[2026-02-14T18:15:50.517+0000] {warnings.py:109} WARNING - /home/***/.local/lib/python3.9/site-packages/***/settings.py:209: DeprecationWarning: The sql_alchemy_conn option in [core] has been moved to the sql_alchemy_conn option in [database] - the old setting has been used, but please update your config.
  SQL_ALCHEMY_CONN = conf.get("database", "SQL_ALCHEMY_CONN")

[2026-02-14T18:15:50.539+0000] {task_command.py:467} INFO - Running <TaskInstance: parse_iot.clean_data scheduled__2026-02-09T10:00:00+00:00 [running]> on host bb762b62a2c2
[2026-02-14T18:15:50.540+0000] {warnings.py:109} WARNING - /home/***/.local/lib/python3.9/site-packages/***/settings.py:470: DeprecationWarning: The sql_alchemy_conn option in [core] has been moved to the sql_alchemy_conn option in [database] - the old setting has been used, but please update your config.
  if conf.get("database", "sql_alchemy_conn") == "none://":

[2026-02-14T18:15:50.592+0000] {taskinstance.py:3134} INFO - Exporting env vars: AIRFLOW_CTX_DAG_OWNER='a.sorokin' AIRFLOW_CTX_DAG_ID='parse_iot' AIRFLOW_CTX_TASK_ID='clean_data' AIRFLOW_CTX_EXECUTION_DATE='2026-02-09T10:00:00+00:00' AIRFLOW_CTX_TRY_NUMBER='1' AIRFLOW_CTX_DAG_RUN_ID='scheduled__2026-02-09T10:00:00+00:00'
[2026-02-14T18:15:50.593+0000] {taskinstance.py:732} INFO - ::endgroup::
[2026-02-14T18:15:59.670+0000] {python.py:240} INFO - Done. Returned value was: None
[2026-02-14T18:15:59.677+0000] {taskinstance.py:341} INFO - ::group::Post task execution logs
[2026-02-14T18:15:59.677+0000] {taskinstance.py:353} INFO - Marking task as SUCCESS. dag_id=parse_iot, task_id=clean_data, run_id=scheduled__2026-02-09T10:00:00+00:00, execution_date=20260209T100000, start_date=20260214T181550, end_date=20260214T181559
[2026-02-14T18:15:59.726+0000] {local_task_job_runner.py:266} INFO - Task exited with return code 0
[2026-02-14T18:15:59.747+0000] {taskinstance.py:3901} INFO - 0 downstream tasks scheduled from follow-on schedule check
[2026-02-14T18:15:59.748+0000] {local_task_job_runner.py:245} INFO - ::endgroup::
[2026-02-16T14:48:00.962+0000] {local_task_job_runner.py:123} INFO - ::group::Pre task execution logs
[2026-02-16T14:48:00.979+0000] {taskinstance.py:2614} INFO - Dependencies all met for dep_context=non-requeueable deps ti=<TaskInstance: parse_iot.clean_data scheduled__2026-02-09T10:00:00+00:00 [queued]>
[2026-02-16T14:48:00.985+0000] {taskinstance.py:2614} INFO - Dependencies all met for dep_context=requeueable deps ti=<TaskInstance: parse_iot.clean_data scheduled__2026-02-09T10:00:00+00:00 [queued]>
[2026-02-16T14:48:00.985+0000] {taskinstance.py:2867} INFO - Starting attempt 1 of 4
[2026-02-16T14:48:00.992+0000] {taskinstance.py:2890} INFO - Executing <Task(PythonOperator): clean_data> on 2026-02-09 10:00:00+00:00
[2026-02-16T14:48:00.997+0000] {standard_task_runner.py:72} INFO - Started process 606 to run task
[2026-02-16T14:48:00.998+0000] {standard_task_runner.py:104} INFO - Running: ['***', 'tasks', 'run', 'parse_iot', 'clean_data', 'scheduled__2026-02-09T10:00:00+00:00', '--job-id', '129', '--raw', '--subdir', 'DAGS_FOLDER/parse_iot.py', '--cfg-path', '/tmp/tmpxcmj5swn']
[2026-02-16T14:48:01.000+0000] {standard_task_runner.py:105} INFO - Job 129: Subtask clean_data
[2026-02-16T14:48:01.008+0000] {warnings.py:109} WARNING - /home/***/.local/lib/python3.9/site-packages/***/settings.py:209: DeprecationWarning: The sql_alchemy_conn option in [core] has been moved to the sql_alchemy_conn option in [database] - the old setting has been used, but please update your config.
  SQL_ALCHEMY_CONN = conf.get("database", "SQL_ALCHEMY_CONN")

[2026-02-16T14:48:01.029+0000] {task_command.py:467} INFO - Running <TaskInstance: parse_iot.clean_data scheduled__2026-02-09T10:00:00+00:00 [running]> on host cd96c4fa192f
[2026-02-16T14:48:01.030+0000] {warnings.py:109} WARNING - /home/***/.local/lib/python3.9/site-packages/***/settings.py:470: DeprecationWarning: The sql_alchemy_conn option in [core] has been moved to the sql_alchemy_conn option in [database] - the old setting has been used, but please update your config.
  if conf.get("database", "sql_alchemy_conn") == "none://":

[2026-02-16T14:48:01.074+0000] {taskinstance.py:3134} INFO - Exporting env vars: AIRFLOW_CTX_DAG_OWNER='a.sorokin' AIRFLOW_CTX_DAG_ID='parse_iot' AIRFLOW_CTX_TASK_ID='clean_data' AIRFLOW_CTX_EXECUTION_DATE='2026-02-09T10:00:00+00:00' AIRFLOW_CTX_TRY_NUMBER='1' AIRFLOW_CTX_DAG_RUN_ID='scheduled__2026-02-09T10:00:00+00:00'
[2026-02-16T14:48:01.074+0000] {taskinstance.py:732} INFO - ::endgroup::
[2026-02-16T14:48:09.721+0000] {python.py:240} INFO - Done. Returned value was: None
[2026-02-16T14:48:09.728+0000] {taskinstance.py:341} INFO - ::group::Post task execution logs
[2026-02-16T14:48:09.728+0000] {taskinstance.py:353} INFO - Marking task as SUCCESS. dag_id=parse_iot, task_id=clean_data, run_id=scheduled__2026-02-09T10:00:00+00:00, execution_date=20260209T100000, start_date=20260216T144800, end_date=20260216T144809
[2026-02-16T14:48:09.781+0000] {local_task_job_runner.py:266} INFO - Task exited with return code 0
[2026-02-16T14:48:09.799+0000] {taskinstance.py:3901} INFO - 0 downstream tasks scheduled from follow-on schedule check
[2026-02-16T14:48:09.800+0000] {local_task_job_runner.py:245} INFO - ::endgroup::
[2026-02-16T15:17:59.312+0000] {local_task_job_runner.py:123} INFO - ::group::Pre task execution logs
[2026-02-16T15:17:59.331+0000] {taskinstance.py:2614} INFO - Dependencies all met for dep_context=non-requeueable deps ti=<TaskInstance: parse_iot.clean_data scheduled__2026-02-09T10:00:00+00:00 [queued]>
[2026-02-16T15:17:59.341+0000] {taskinstance.py:2614} INFO - Dependencies all met for dep_context=requeueable deps ti=<TaskInstance: parse_iot.clean_data scheduled__2026-02-09T10:00:00+00:00 [queued]>
[2026-02-16T15:17:59.341+0000] {taskinstance.py:2867} INFO - Starting attempt 1 of 4
[2026-02-16T15:17:59.348+0000] {taskinstance.py:2890} INFO - Executing <Task(PythonOperator): clean_data> on 2026-02-09 10:00:00+00:00
[2026-02-16T15:17:59.354+0000] {standard_task_runner.py:72} INFO - Started process 579 to run task
[2026-02-16T15:17:59.356+0000] {standard_task_runner.py:104} INFO - Running: ['***', 'tasks', 'run', 'parse_iot', 'clean_data', 'scheduled__2026-02-09T10:00:00+00:00', '--job-id', '128', '--raw', '--subdir', 'DAGS_FOLDER/parse_iot.py', '--cfg-path', '/tmp/tmp4onz0ez4']
[2026-02-16T15:17:59.358+0000] {standard_task_runner.py:105} INFO - Job 128: Subtask clean_data
[2026-02-16T15:17:59.367+0000] {warnings.py:109} WARNING - /home/***/.local/lib/python3.9/site-packages/***/settings.py:209: DeprecationWarning: The sql_alchemy_conn option in [core] has been moved to the sql_alchemy_conn option in [database] - the old setting has been used, but please update your config.
  SQL_ALCHEMY_CONN = conf.get("database", "SQL_ALCHEMY_CONN")

[2026-02-16T15:17:59.392+0000] {task_command.py:467} INFO - Running <TaskInstance: parse_iot.clean_data scheduled__2026-02-09T10:00:00+00:00 [running]> on host fbd3e38838e9
[2026-02-16T15:17:59.392+0000] {warnings.py:109} WARNING - /home/***/.local/lib/python3.9/site-packages/***/settings.py:470: DeprecationWarning: The sql_alchemy_conn option in [core] has been moved to the sql_alchemy_conn option in [database] - the old setting has been used, but please update your config.
  if conf.get("database", "sql_alchemy_conn") == "none://":

[2026-02-16T15:17:59.444+0000] {taskinstance.py:3134} INFO - Exporting env vars: AIRFLOW_CTX_DAG_OWNER='a.sorokin' AIRFLOW_CTX_DAG_ID='parse_iot' AIRFLOW_CTX_TASK_ID='clean_data' AIRFLOW_CTX_EXECUTION_DATE='2026-02-09T10:00:00+00:00' AIRFLOW_CTX_TRY_NUMBER='1' AIRFLOW_CTX_DAG_RUN_ID='scheduled__2026-02-09T10:00:00+00:00'
[2026-02-16T15:17:59.445+0000] {taskinstance.py:732} INFO - ::endgroup::
[2026-02-16T15:18:08.467+0000] {python.py:240} INFO - Done. Returned value was: None
[2026-02-16T15:18:08.475+0000] {taskinstance.py:341} INFO - ::group::Post task execution logs
[2026-02-16T15:18:08.475+0000] {taskinstance.py:353} INFO - Marking task as SUCCESS. dag_id=parse_iot, task_id=clean_data, run_id=scheduled__2026-02-09T10:00:00+00:00, execution_date=20260209T100000, start_date=20260216T151759, end_date=20260216T151808
[2026-02-16T15:18:08.540+0000] {local_task_job_runner.py:266} INFO - Task exited with return code 0
[2026-02-16T15:18:08.560+0000] {taskinstance.py:3901} INFO - 0 downstream tasks scheduled from follow-on schedule check
[2026-02-16T15:18:08.566+0000] {local_task_job_runner.py:245} INFO - ::endgroup::
[2026-02-16T15:45:53.546+0000] {local_task_job_runner.py:123} INFO - ::group::Pre task execution logs
[2026-02-16T15:45:53.563+0000] {taskinstance.py:2614} INFO - Dependencies all met for dep_context=non-requeueable deps ti=<TaskInstance: parse_iot.clean_data scheduled__2026-02-09T10:00:00+00:00 [queued]>
[2026-02-16T15:45:53.570+0000] {taskinstance.py:2614} INFO - Dependencies all met for dep_context=requeueable deps ti=<TaskInstance: parse_iot.clean_data scheduled__2026-02-09T10:00:00+00:00 [queued]>
[2026-02-16T15:45:53.571+0000] {taskinstance.py:2867} INFO - Starting attempt 1 of 4
[2026-02-16T15:45:53.578+0000] {taskinstance.py:2890} INFO - Executing <Task(PythonOperator): clean_data> on 2026-02-09 10:00:00+00:00
[2026-02-16T15:45:53.583+0000] {standard_task_runner.py:72} INFO - Started process 581 to run task
[2026-02-16T15:45:53.585+0000] {standard_task_runner.py:104} INFO - Running: ['***', 'tasks', 'run', 'parse_iot', 'clean_data', 'scheduled__2026-02-09T10:00:00+00:00', '--job-id', '128', '--raw', '--subdir', 'DAGS_FOLDER/parse_iot.py', '--cfg-path', '/tmp/tmpiz_5h82n']
[2026-02-16T15:45:53.587+0000] {standard_task_runner.py:105} INFO - Job 128: Subtask clean_data
[2026-02-16T15:45:53.596+0000] {warnings.py:109} WARNING - /home/***/.local/lib/python3.9/site-packages/***/settings.py:209: DeprecationWarning: The sql_alchemy_conn option in [core] has been moved to the sql_alchemy_conn option in [database] - the old setting has been used, but please update your config.
  SQL_ALCHEMY_CONN = conf.get("database", "SQL_ALCHEMY_CONN")

[2026-02-16T15:45:53.621+0000] {task_command.py:467} INFO - Running <TaskInstance: parse_iot.clean_data scheduled__2026-02-09T10:00:00+00:00 [running]> on host 6ef9a94e694d
[2026-02-16T15:45:53.621+0000] {warnings.py:109} WARNING - /home/***/.local/lib/python3.9/site-packages/***/settings.py:470: DeprecationWarning: The sql_alchemy_conn option in [core] has been moved to the sql_alchemy_conn option in [database] - the old setting has been used, but please update your config.
  if conf.get("database", "sql_alchemy_conn") == "none://":

[2026-02-16T15:45:53.675+0000] {taskinstance.py:3134} INFO - Exporting env vars: AIRFLOW_CTX_DAG_OWNER='a.sorokin' AIRFLOW_CTX_DAG_ID='parse_iot' AIRFLOW_CTX_TASK_ID='clean_data' AIRFLOW_CTX_EXECUTION_DATE='2026-02-09T10:00:00+00:00' AIRFLOW_CTX_TRY_NUMBER='1' AIRFLOW_CTX_DAG_RUN_ID='scheduled__2026-02-09T10:00:00+00:00'
[2026-02-16T15:45:53.676+0000] {taskinstance.py:732} INFO - ::endgroup::
[2026-02-16T15:46:02.449+0000] {python.py:240} INFO - Done. Returned value was: None
[2026-02-16T15:46:02.456+0000] {taskinstance.py:341} INFO - ::group::Post task execution logs
[2026-02-16T15:46:02.457+0000] {taskinstance.py:353} INFO - Marking task as SUCCESS. dag_id=parse_iot, task_id=clean_data, run_id=scheduled__2026-02-09T10:00:00+00:00, execution_date=20260209T100000, start_date=20260216T154553, end_date=20260216T154602
[2026-02-16T15:46:02.608+0000] {local_task_job_runner.py:266} INFO - Task exited with return code 0
[2026-02-16T15:46:02.628+0000] {taskinstance.py:3901} INFO - 0 downstream tasks scheduled from follow-on schedule check
[2026-02-16T15:46:02.629+0000] {local_task_job_runner.py:245} INFO - ::endgroup::
