[2026-02-14T17:57:31.893+0000] {local_task_job_runner.py:123} INFO - ::group::Pre task execution logs
[2026-02-14T17:57:31.907+0000] {taskinstance.py:2614} INFO - Dependencies all met for dep_context=non-requeueable deps ti=<TaskInstance: load_postgres.check_connect_to_DB scheduled__2026-02-06T10:00:00+00:00 [queued]>
[2026-02-14T17:57:31.913+0000] {taskinstance.py:2614} INFO - Dependencies all met for dep_context=requeueable deps ti=<TaskInstance: load_postgres.check_connect_to_DB scheduled__2026-02-06T10:00:00+00:00 [queued]>
[2026-02-14T17:57:31.913+0000] {taskinstance.py:2867} INFO - Starting attempt 1 of 4
[2026-02-14T17:57:31.921+0000] {taskinstance.py:2890} INFO - Executing <Task(PythonSensor): check_connect_to_DB> on 2026-02-06 10:00:00+00:00
[2026-02-14T17:57:31.926+0000] {standard_task_runner.py:72} INFO - Started process 867 to run task
[2026-02-14T17:57:31.928+0000] {standard_task_runner.py:104} INFO - Running: ['***', 'tasks', 'run', 'load_postgres', 'check_connect_to_DB', 'scheduled__2026-02-06T10:00:00+00:00', '--job-id', '200', '--raw', '--subdir', 'DAGS_FOLDER/load_postrges.py', '--cfg-path', '/tmp/tmpktr5sk97']
[2026-02-14T17:57:31.929+0000] {standard_task_runner.py:105} INFO - Job 200: Subtask check_connect_to_DB
[2026-02-14T17:57:31.939+0000] {warnings.py:109} WARNING - /home/***/.local/lib/python3.9/site-packages/***/settings.py:209: DeprecationWarning: The sql_alchemy_conn option in [core] has been moved to the sql_alchemy_conn option in [database] - the old setting has been used, but please update your config.
  SQL_ALCHEMY_CONN = conf.get("database", "SQL_ALCHEMY_CONN")

[2026-02-14T17:57:31.969+0000] {task_command.py:467} INFO - Running <TaskInstance: load_postgres.check_connect_to_DB scheduled__2026-02-06T10:00:00+00:00 [running]> on host 9052c134cdec
[2026-02-14T17:57:31.969+0000] {warnings.py:109} WARNING - /home/***/.local/lib/python3.9/site-packages/***/settings.py:470: DeprecationWarning: The sql_alchemy_conn option in [core] has been moved to the sql_alchemy_conn option in [database] - the old setting has been used, but please update your config.
  if conf.get("database", "sql_alchemy_conn") == "none://":

[2026-02-14T17:57:32.016+0000] {taskinstance.py:3134} INFO - Exporting env vars: AIRFLOW_CTX_DAG_OWNER='a.sorokin' AIRFLOW_CTX_DAG_ID='load_postgres' AIRFLOW_CTX_TASK_ID='check_connect_to_DB' AIRFLOW_CTX_EXECUTION_DATE='2026-02-06T10:00:00+00:00' AIRFLOW_CTX_TRY_NUMBER='1' AIRFLOW_CTX_DAG_RUN_ID='scheduled__2026-02-06T10:00:00+00:00'
[2026-02-14T17:57:32.017+0000] {taskinstance.py:732} INFO - ::endgroup::
[2026-02-14T17:57:32.024+0000] {python.py:75} INFO - Poking callable: <function check_connect_to_DB at 0x7eef381ed0d0>
[2026-02-14T17:57:32.030+0000] {taskinstance.py:3313} ERROR - Task failed with exception
Traceback (most recent call last):
  File "/home/airflow/.local/lib/python3.9/site-packages/airflow/models/taskinstance.py", line 768, in _execute_task
    result = _execute_callable(context=context, **execute_callable_kwargs)
  File "/home/airflow/.local/lib/python3.9/site-packages/airflow/models/taskinstance.py", line 734, in _execute_callable
    return ExecutionCallableRunner(
  File "/home/airflow/.local/lib/python3.9/site-packages/airflow/utils/operator_helpers.py", line 252, in run
    return self.func(*args, **kwargs)
  File "/home/airflow/.local/lib/python3.9/site-packages/airflow/models/baseoperator.py", line 424, in wrapper
    return func(self, *args, **kwargs)
  File "/home/airflow/.local/lib/python3.9/site-packages/airflow/sensors/base.py", line 309, in execute
    raise e
  File "/home/airflow/.local/lib/python3.9/site-packages/airflow/sensors/base.py", line 289, in execute
    poke_return = self.poke(context)
  File "/home/airflow/.local/lib/python3.9/site-packages/airflow/sensors/python.py", line 76, in poke
    return_value = self.python_callable(*self.op_args, **self.op_kwargs)
  File "/opt/airflow/dags/load_postrges.py", line 44, in check_connect_to_DB
    raise Exceprion(f"Подключение не удалось {msg}")
NameError: name 'Exceprion' is not defined
[2026-02-14T17:57:32.038+0000] {taskinstance.py:1226} INFO - Marking task as UP_FOR_RETRY. dag_id=load_postgres, task_id=check_connect_to_DB, run_id=scheduled__2026-02-06T10:00:00+00:00, execution_date=20260206T100000, start_date=20260214T175731, end_date=20260214T175732
[2026-02-14T17:57:32.057+0000] {taskinstance.py:341} INFO - ::group::Post task execution logs
[2026-02-14T17:57:32.058+0000] {standard_task_runner.py:124} ERROR - Failed to execute job 200 for task check_connect_to_DB (name 'Exceprion' is not defined; 867)
Traceback (most recent call last):
  File "/home/airflow/.local/lib/python3.9/site-packages/airflow/task/task_runner/standard_task_runner.py", line 117, in _start_by_fork
    ret = args.func(args, dag=self.dag)
  File "/home/airflow/.local/lib/python3.9/site-packages/airflow/cli/cli_config.py", line 49, in command
    return func(*args, **kwargs)
  File "/home/airflow/.local/lib/python3.9/site-packages/airflow/utils/cli.py", line 116, in wrapper
    return f(*args, **kwargs)
  File "/home/airflow/.local/lib/python3.9/site-packages/airflow/cli/commands/task_command.py", line 483, in task_run
    task_return_code = _run_task_by_selected_method(args, _dag, ti)
  File "/home/airflow/.local/lib/python3.9/site-packages/airflow/cli/commands/task_command.py", line 256, in _run_task_by_selected_method
    return _run_raw_task(args, ti)
  File "/home/airflow/.local/lib/python3.9/site-packages/airflow/cli/commands/task_command.py", line 341, in _run_raw_task
    return ti._run_raw_task(
  File "/home/airflow/.local/lib/python3.9/site-packages/airflow/utils/session.py", line 97, in wrapper
    return func(*args, session=session, **kwargs)
  File "/home/airflow/.local/lib/python3.9/site-packages/airflow/models/taskinstance.py", line 3006, in _run_raw_task
    return _run_raw_task(
  File "/home/airflow/.local/lib/python3.9/site-packages/airflow/models/taskinstance.py", line 274, in _run_raw_task
    TaskInstance._execute_task_with_callbacks(
  File "/home/airflow/.local/lib/python3.9/site-packages/airflow/models/taskinstance.py", line 3161, in _execute_task_with_callbacks
    result = self._execute_task(context, task_orig)
  File "/home/airflow/.local/lib/python3.9/site-packages/airflow/models/taskinstance.py", line 3185, in _execute_task
    return _execute_task(self, context, task_orig)
  File "/home/airflow/.local/lib/python3.9/site-packages/airflow/models/taskinstance.py", line 768, in _execute_task
    result = _execute_callable(context=context, **execute_callable_kwargs)
  File "/home/airflow/.local/lib/python3.9/site-packages/airflow/models/taskinstance.py", line 734, in _execute_callable
    return ExecutionCallableRunner(
  File "/home/airflow/.local/lib/python3.9/site-packages/airflow/utils/operator_helpers.py", line 252, in run
    return self.func(*args, **kwargs)
  File "/home/airflow/.local/lib/python3.9/site-packages/airflow/models/baseoperator.py", line 424, in wrapper
    return func(self, *args, **kwargs)
  File "/home/airflow/.local/lib/python3.9/site-packages/airflow/sensors/base.py", line 309, in execute
    raise e
  File "/home/airflow/.local/lib/python3.9/site-packages/airflow/sensors/base.py", line 289, in execute
    poke_return = self.poke(context)
  File "/home/airflow/.local/lib/python3.9/site-packages/airflow/sensors/python.py", line 76, in poke
    return_value = self.python_callable(*self.op_args, **self.op_kwargs)
  File "/opt/airflow/dags/load_postrges.py", line 44, in check_connect_to_DB
    raise Exceprion(f"Подключение не удалось {msg}")
NameError: name 'Exceprion' is not defined
[2026-02-14T17:57:32.099+0000] {local_task_job_runner.py:266} INFO - Task exited with return code 1
[2026-02-14T17:57:32.114+0000] {taskinstance.py:3901} INFO - 0 downstream tasks scheduled from follow-on schedule check
[2026-02-14T17:57:32.115+0000] {local_task_job_runner.py:245} INFO - ::endgroup::
[2026-02-14T18:18:10.988+0000] {local_task_job_runner.py:123} INFO - ::group::Pre task execution logs
[2026-02-14T18:18:11.002+0000] {taskinstance.py:2614} INFO - Dependencies all met for dep_context=non-requeueable deps ti=<TaskInstance: load_postgres.check_connect_to_DB scheduled__2026-02-06T10:00:00+00:00 [queued]>
[2026-02-14T18:18:11.010+0000] {taskinstance.py:2614} INFO - Dependencies all met for dep_context=requeueable deps ti=<TaskInstance: load_postgres.check_connect_to_DB scheduled__2026-02-06T10:00:00+00:00 [queued]>
[2026-02-14T18:18:11.010+0000] {taskinstance.py:2867} INFO - Starting attempt 1 of 4
[2026-02-14T18:18:11.018+0000] {taskinstance.py:2890} INFO - Executing <Task(PythonSensor): check_connect_to_DB> on 2026-02-06 10:00:00+00:00
[2026-02-14T18:18:11.024+0000] {standard_task_runner.py:72} INFO - Started process 727 to run task
[2026-02-14T18:18:11.026+0000] {standard_task_runner.py:104} INFO - Running: ['***', 'tasks', 'run', 'load_postgres', 'check_connect_to_DB', 'scheduled__2026-02-06T10:00:00+00:00', '--job-id', '165', '--raw', '--subdir', 'DAGS_FOLDER/load_postrges.py', '--cfg-path', '/tmp/tmpirjzmyvz']
[2026-02-14T18:18:11.029+0000] {standard_task_runner.py:105} INFO - Job 165: Subtask check_connect_to_DB
[2026-02-14T18:18:11.038+0000] {warnings.py:109} WARNING - /home/***/.local/lib/python3.9/site-packages/***/settings.py:209: DeprecationWarning: The sql_alchemy_conn option in [core] has been moved to the sql_alchemy_conn option in [database] - the old setting has been used, but please update your config.
  SQL_ALCHEMY_CONN = conf.get("database", "SQL_ALCHEMY_CONN")

[2026-02-14T18:18:11.062+0000] {task_command.py:467} INFO - Running <TaskInstance: load_postgres.check_connect_to_DB scheduled__2026-02-06T10:00:00+00:00 [running]> on host bb762b62a2c2
[2026-02-14T18:18:11.062+0000] {warnings.py:109} WARNING - /home/***/.local/lib/python3.9/site-packages/***/settings.py:470: DeprecationWarning: The sql_alchemy_conn option in [core] has been moved to the sql_alchemy_conn option in [database] - the old setting has been used, but please update your config.
  if conf.get("database", "sql_alchemy_conn") == "none://":

[2026-02-14T18:18:11.114+0000] {taskinstance.py:3134} INFO - Exporting env vars: AIRFLOW_CTX_DAG_OWNER='a.sorokin' AIRFLOW_CTX_DAG_ID='load_postgres' AIRFLOW_CTX_TASK_ID='check_connect_to_DB' AIRFLOW_CTX_EXECUTION_DATE='2026-02-06T10:00:00+00:00' AIRFLOW_CTX_TRY_NUMBER='1' AIRFLOW_CTX_DAG_RUN_ID='scheduled__2026-02-06T10:00:00+00:00'
[2026-02-14T18:18:11.114+0000] {taskinstance.py:732} INFO - ::endgroup::
[2026-02-14T18:18:11.122+0000] {python.py:75} INFO - Poking callable: <function check_connect_to_DB at 0x70c1dade3160>
[2026-02-14T18:18:11.132+0000] {base.py:84} INFO - Retrieving connection '***-db'
[2026-02-14T18:18:11.136+0000] {sql.py:511} INFO - Running statement: select 1, parameters: None
[2026-02-14T18:18:11.137+0000] {sql.py:520} INFO - Rows affected: 1
[2026-02-14T18:18:11.137+0000] {warnings.py:109} WARNING - /home/***/.local/lib/python3.9/site-packages/***/providers/common/sql/hooks/sql.py:470: DeprecationWarning: Import of fetch_one_handler from the '***.providers.common.sql.hooks' module is deprecated and will
be removed in the future. Please import it from '***.providers.common.sql.hooks.handlers'.
  result = self._make_common_data_structure(handler(cur))

[2026-02-14T18:18:11.137+0000] {warnings.py:109} WARNING - /home/***/.local/lib/python3.9/site-packages/***/providers/common/sql/hooks/sql.py:471: DeprecationWarning: Import of return_single_query_results from the '***.providers.common.sql.hooks' module is deprecated and will
be removed in the future. Please import it from '***.providers.common.sql.hooks.handlers'.
  if return_single_query_results(sql, return_last, split_statements):

[2026-02-14T18:18:11.138+0000] {warnings.py:109} WARNING - /home/***/.local/lib/python3.9/site-packages/***/providers/common/sql/hooks/sql.py:486: DeprecationWarning: Import of return_single_query_results from the '***.providers.common.sql.hooks' module is deprecated and will
be removed in the future. Please import it from '***.providers.common.sql.hooks.handlers'.
  if return_single_query_results(sql, return_last, split_statements):

[2026-02-14T18:18:11.138+0000] {logging_mixin.py:190} INFO - Подключение удалось Connection successfully tested
[2026-02-14T18:18:11.138+0000] {base.py:339} INFO - Success criteria met. Exiting.
[2026-02-14T18:18:11.145+0000] {taskinstance.py:341} INFO - ::group::Post task execution logs
[2026-02-14T18:18:11.145+0000] {taskinstance.py:353} INFO - Marking task as SUCCESS. dag_id=load_***, task_id=check_connect_to_DB, run_id=scheduled__2026-02-06T10:00:00+00:00, execution_date=20260206T100000, start_date=20260214T181811, end_date=20260214T181811
[2026-02-14T18:18:11.198+0000] {local_task_job_runner.py:266} INFO - Task exited with return code 0
[2026-02-14T18:18:11.217+0000] {taskinstance.py:3901} INFO - 1 downstream tasks scheduled from follow-on schedule check
[2026-02-14T18:18:11.218+0000] {local_task_job_runner.py:245} INFO - ::endgroup::
