[2026-02-02T14:31:59.505+0000] {local_task_job_runner.py:123} INFO - ::group::Pre task execution logs
[2026-02-02T14:31:59.525+0000] {taskinstance.py:2614} INFO - Dependencies all met for dep_context=non-requeueable deps ti=<TaskInstance: download_iot.download_data scheduled__2026-02-01T10:00:00+00:00 [queued]>
[2026-02-02T14:31:59.534+0000] {taskinstance.py:2614} INFO - Dependencies all met for dep_context=requeueable deps ti=<TaskInstance: download_iot.download_data scheduled__2026-02-01T10:00:00+00:00 [queued]>
[2026-02-02T14:31:59.534+0000] {taskinstance.py:2867} INFO - Starting attempt 1 of 4
[2026-02-02T14:31:59.541+0000] {taskinstance.py:2890} INFO - Executing <Task(PythonOperator): download_data> on 2026-02-01 10:00:00+00:00
[2026-02-02T14:31:59.546+0000] {standard_task_runner.py:72} INFO - Started process 88 to run task
[2026-02-02T14:31:59.548+0000] {standard_task_runner.py:104} INFO - Running: ['***', 'tasks', 'run', 'download_iot', 'download_data', 'scheduled__2026-02-01T10:00:00+00:00', '--job-id', '30', '--raw', '--subdir', 'DAGS_FOLDER/download_iot.py', '--cfg-path', '/tmp/tmp0ebtrtna']
[2026-02-02T14:31:59.549+0000] {standard_task_runner.py:105} INFO - Job 30: Subtask download_data
[2026-02-02T14:31:59.558+0000] {warnings.py:109} WARNING - /home/***/.local/lib/python3.9/site-packages/***/settings.py:209: DeprecationWarning: The sql_alchemy_conn option in [core] has been moved to the sql_alchemy_conn option in [database] - the old setting has been used, but please update your config.
  SQL_ALCHEMY_CONN = conf.get("database", "SQL_ALCHEMY_CONN")

[2026-02-02T14:31:59.582+0000] {task_command.py:467} INFO - Running <TaskInstance: download_iot.download_data scheduled__2026-02-01T10:00:00+00:00 [running]> on host 62d0328142ca
[2026-02-02T14:31:59.583+0000] {warnings.py:109} WARNING - /home/***/.local/lib/python3.9/site-packages/***/settings.py:470: DeprecationWarning: The sql_alchemy_conn option in [core] has been moved to the sql_alchemy_conn option in [database] - the old setting has been used, but please update your config.
  if conf.get("database", "sql_alchemy_conn") == "none://":

[2026-02-02T14:31:59.635+0000] {taskinstance.py:3134} INFO - Exporting env vars: AIRFLOW_CTX_DAG_OWNER='a.sorokin' AIRFLOW_CTX_DAG_ID='download_iot' AIRFLOW_CTX_TASK_ID='download_data' AIRFLOW_CTX_EXECUTION_DATE='2026-02-01T10:00:00+00:00' AIRFLOW_CTX_TRY_NUMBER='1' AIRFLOW_CTX_DAG_RUN_ID='scheduled__2026-02-01T10:00:00+00:00'
[2026-02-02T14:31:59.635+0000] {taskinstance.py:732} INFO - ::endgroup::
[2026-02-02T14:31:59.643+0000] {logging_mixin.py:190} INFO - Dataset URL: https://www.kaggle.com/datasets/atulanandjha/temperature-readings-iot-devices
[2026-02-02T14:32:01.109+0000] {download_iot.py:67} INFO - Данные успешно загружены с Kaggle!
[2026-02-02T14:32:01.110+0000] {python.py:240} INFO - Done. Returned value was: None
[2026-02-02T14:32:01.118+0000] {taskinstance.py:341} INFO - ::group::Post task execution logs
[2026-02-02T14:32:01.118+0000] {taskinstance.py:353} INFO - Marking task as SUCCESS. dag_id=download_iot, task_id=download_data, run_id=scheduled__2026-02-01T10:00:00+00:00, execution_date=20260201T100000, start_date=20260202T143159, end_date=20260202T143201
[2026-02-02T14:32:01.203+0000] {local_task_job_runner.py:266} INFO - Task exited with return code 0
[2026-02-02T14:32:01.217+0000] {taskinstance.py:3901} INFO - 0 downstream tasks scheduled from follow-on schedule check
[2026-02-02T14:32:01.218+0000] {local_task_job_runner.py:245} INFO - ::endgroup::
[2026-02-13T23:58:04.536+0000] {local_task_job_runner.py:123} INFO - ::group::Pre task execution logs
[2026-02-13T23:58:04.550+0000] {taskinstance.py:2614} INFO - Dependencies all met for dep_context=non-requeueable deps ti=<TaskInstance: download_iot.download_data scheduled__2026-02-01T10:00:00+00:00 [queued]>
[2026-02-13T23:58:04.555+0000] {taskinstance.py:2614} INFO - Dependencies all met for dep_context=requeueable deps ti=<TaskInstance: download_iot.download_data scheduled__2026-02-01T10:00:00+00:00 [queued]>
[2026-02-13T23:58:04.555+0000] {taskinstance.py:2867} INFO - Starting attempt 1 of 4
[2026-02-13T23:58:04.562+0000] {taskinstance.py:2890} INFO - Executing <Task(PythonOperator): download_data> on 2026-02-01 10:00:00+00:00
[2026-02-13T23:58:04.566+0000] {standard_task_runner.py:72} INFO - Started process 82 to run task
[2026-02-13T23:58:04.568+0000] {standard_task_runner.py:104} INFO - Running: ['***', 'tasks', 'run', 'download_iot', 'download_data', 'scheduled__2026-02-01T10:00:00+00:00', '--job-id', '4', '--raw', '--subdir', 'DAGS_FOLDER/download_iot.py', '--cfg-path', '/tmp/tmpc7rjfke3']
[2026-02-13T23:58:04.570+0000] {standard_task_runner.py:105} INFO - Job 4: Subtask download_data
[2026-02-13T23:58:04.578+0000] {warnings.py:109} WARNING - /home/***/.local/lib/python3.9/site-packages/***/settings.py:209: DeprecationWarning: The sql_alchemy_conn option in [core] has been moved to the sql_alchemy_conn option in [database] - the old setting has been used, but please update your config.
  SQL_ALCHEMY_CONN = conf.get("database", "SQL_ALCHEMY_CONN")

[2026-02-13T23:58:04.600+0000] {task_command.py:467} INFO - Running <TaskInstance: download_iot.download_data scheduled__2026-02-01T10:00:00+00:00 [running]> on host 2ca27e65cbff
[2026-02-13T23:58:04.600+0000] {warnings.py:109} WARNING - /home/***/.local/lib/python3.9/site-packages/***/settings.py:470: DeprecationWarning: The sql_alchemy_conn option in [core] has been moved to the sql_alchemy_conn option in [database] - the old setting has been used, but please update your config.
  if conf.get("database", "sql_alchemy_conn") == "none://":

[2026-02-13T23:58:04.651+0000] {taskinstance.py:3134} INFO - Exporting env vars: AIRFLOW_CTX_DAG_OWNER='a.sorokin' AIRFLOW_CTX_DAG_ID='download_iot' AIRFLOW_CTX_TASK_ID='download_data' AIRFLOW_CTX_EXECUTION_DATE='2026-02-01T10:00:00+00:00' AIRFLOW_CTX_TRY_NUMBER='1' AIRFLOW_CTX_DAG_RUN_ID='scheduled__2026-02-01T10:00:00+00:00'
[2026-02-13T23:58:04.651+0000] {taskinstance.py:732} INFO - ::endgroup::
[2026-02-13T23:58:04.659+0000] {logging_mixin.py:190} INFO - Dataset URL: https://www.kaggle.com/datasets/atulanandjha/temperature-readings-iot-devices
[2026-02-13T23:58:05.841+0000] {download_iot.py:66} INFO - Данные успешно загружены с Kaggle!
[2026-02-13T23:58:05.841+0000] {python.py:240} INFO - Done. Returned value was: None
[2026-02-13T23:58:05.849+0000] {taskinstance.py:341} INFO - ::group::Post task execution logs
[2026-02-13T23:58:05.849+0000] {taskinstance.py:353} INFO - Marking task as SUCCESS. dag_id=download_iot, task_id=download_data, run_id=scheduled__2026-02-01T10:00:00+00:00, execution_date=20260201T100000, start_date=20260213T235804, end_date=20260213T235805
[2026-02-13T23:58:05.902+0000] {local_task_job_runner.py:266} INFO - Task exited with return code 0
[2026-02-13T23:58:05.914+0000] {taskinstance.py:3901} INFO - 0 downstream tasks scheduled from follow-on schedule check
[2026-02-13T23:58:05.916+0000] {local_task_job_runner.py:245} INFO - ::endgroup::
[2026-02-14T00:25:39.939+0000] {local_task_job_runner.py:123} INFO - ::group::Pre task execution logs
[2026-02-14T00:25:39.954+0000] {taskinstance.py:2614} INFO - Dependencies all met for dep_context=non-requeueable deps ti=<TaskInstance: download_iot.download_data scheduled__2026-02-01T10:00:00+00:00 [queued]>
[2026-02-14T00:25:39.959+0000] {taskinstance.py:2614} INFO - Dependencies all met for dep_context=requeueable deps ti=<TaskInstance: download_iot.download_data scheduled__2026-02-01T10:00:00+00:00 [queued]>
[2026-02-14T00:25:39.960+0000] {taskinstance.py:2867} INFO - Starting attempt 1 of 4
[2026-02-14T00:25:39.967+0000] {taskinstance.py:2890} INFO - Executing <Task(PythonOperator): download_data> on 2026-02-01 10:00:00+00:00
[2026-02-14T00:25:39.971+0000] {standard_task_runner.py:72} INFO - Started process 83 to run task
[2026-02-14T00:25:39.973+0000] {standard_task_runner.py:104} INFO - Running: ['***', 'tasks', 'run', 'download_iot', 'download_data', 'scheduled__2026-02-01T10:00:00+00:00', '--job-id', '4', '--raw', '--subdir', 'DAGS_FOLDER/download_iot.py', '--cfg-path', '/tmp/tmp0h7jwij_']
[2026-02-14T00:25:39.974+0000] {standard_task_runner.py:105} INFO - Job 4: Subtask download_data
[2026-02-14T00:25:39.983+0000] {warnings.py:109} WARNING - /home/***/.local/lib/python3.9/site-packages/***/settings.py:209: DeprecationWarning: The sql_alchemy_conn option in [core] has been moved to the sql_alchemy_conn option in [database] - the old setting has been used, but please update your config.
  SQL_ALCHEMY_CONN = conf.get("database", "SQL_ALCHEMY_CONN")

[2026-02-14T00:25:40.005+0000] {task_command.py:467} INFO - Running <TaskInstance: download_iot.download_data scheduled__2026-02-01T10:00:00+00:00 [running]> on host b58edd37553d
[2026-02-14T00:25:40.006+0000] {warnings.py:109} WARNING - /home/***/.local/lib/python3.9/site-packages/***/settings.py:470: DeprecationWarning: The sql_alchemy_conn option in [core] has been moved to the sql_alchemy_conn option in [database] - the old setting has been used, but please update your config.
  if conf.get("database", "sql_alchemy_conn") == "none://":

[2026-02-14T00:25:40.060+0000] {taskinstance.py:3134} INFO - Exporting env vars: AIRFLOW_CTX_DAG_OWNER='a.sorokin' AIRFLOW_CTX_DAG_ID='download_iot' AIRFLOW_CTX_TASK_ID='download_data' AIRFLOW_CTX_EXECUTION_DATE='2026-02-01T10:00:00+00:00' AIRFLOW_CTX_TRY_NUMBER='1' AIRFLOW_CTX_DAG_RUN_ID='scheduled__2026-02-01T10:00:00+00:00'
[2026-02-14T00:25:40.060+0000] {taskinstance.py:732} INFO - ::endgroup::
[2026-02-14T00:25:40.069+0000] {logging_mixin.py:190} INFO - Dataset URL: https://www.kaggle.com/datasets/atulanandjha/temperature-readings-iot-devices
[2026-02-14T00:25:41.580+0000] {download_iot.py:66} INFO - Данные успешно загружены с Kaggle!
[2026-02-14T00:25:41.581+0000] {python.py:240} INFO - Done. Returned value was: None
[2026-02-14T00:25:41.588+0000] {taskinstance.py:341} INFO - ::group::Post task execution logs
[2026-02-14T00:25:41.588+0000] {taskinstance.py:353} INFO - Marking task as SUCCESS. dag_id=download_iot, task_id=download_data, run_id=scheduled__2026-02-01T10:00:00+00:00, execution_date=20260201T100000, start_date=20260214T002539, end_date=20260214T002541
[2026-02-14T00:25:41.628+0000] {local_task_job_runner.py:266} INFO - Task exited with return code 0
[2026-02-14T00:25:41.640+0000] {taskinstance.py:3901} INFO - 0 downstream tasks scheduled from follow-on schedule check
[2026-02-14T00:25:41.641+0000] {local_task_job_runner.py:245} INFO - ::endgroup::
[2026-02-14T16:30:16.207+0000] {local_task_job_runner.py:123} INFO - ::group::Pre task execution logs
[2026-02-14T16:30:16.221+0000] {taskinstance.py:2614} INFO - Dependencies all met for dep_context=non-requeueable deps ti=<TaskInstance: download_iot.download_data scheduled__2026-02-01T10:00:00+00:00 [queued]>
[2026-02-14T16:30:16.227+0000] {taskinstance.py:2614} INFO - Dependencies all met for dep_context=requeueable deps ti=<TaskInstance: download_iot.download_data scheduled__2026-02-01T10:00:00+00:00 [queued]>
[2026-02-14T16:30:16.227+0000] {taskinstance.py:2867} INFO - Starting attempt 1 of 4
[2026-02-14T16:30:16.235+0000] {taskinstance.py:2890} INFO - Executing <Task(PythonOperator): download_data> on 2026-02-01 10:00:00+00:00
[2026-02-14T16:30:16.239+0000] {standard_task_runner.py:72} INFO - Started process 102 to run task
[2026-02-14T16:30:16.241+0000] {standard_task_runner.py:104} INFO - Running: ['***', 'tasks', 'run', 'download_iot', 'download_data', 'scheduled__2026-02-01T10:00:00+00:00', '--job-id', '9', '--raw', '--subdir', 'DAGS_FOLDER/download_iot.py', '--cfg-path', '/tmp/tmpcwcwj4vc']
[2026-02-14T16:30:16.243+0000] {standard_task_runner.py:105} INFO - Job 9: Subtask download_data
[2026-02-14T16:30:16.252+0000] {warnings.py:109} WARNING - /home/***/.local/lib/python3.9/site-packages/***/settings.py:209: DeprecationWarning: The sql_alchemy_conn option in [core] has been moved to the sql_alchemy_conn option in [database] - the old setting has been used, but please update your config.
  SQL_ALCHEMY_CONN = conf.get("database", "SQL_ALCHEMY_CONN")

[2026-02-14T16:30:16.273+0000] {task_command.py:467} INFO - Running <TaskInstance: download_iot.download_data scheduled__2026-02-01T10:00:00+00:00 [running]> on host a5c4ed865bb5
[2026-02-14T16:30:16.273+0000] {warnings.py:109} WARNING - /home/***/.local/lib/python3.9/site-packages/***/settings.py:470: DeprecationWarning: The sql_alchemy_conn option in [core] has been moved to the sql_alchemy_conn option in [database] - the old setting has been used, but please update your config.
  if conf.get("database", "sql_alchemy_conn") == "none://":

[2026-02-14T16:30:16.323+0000] {taskinstance.py:3134} INFO - Exporting env vars: AIRFLOW_CTX_DAG_OWNER='a.sorokin' AIRFLOW_CTX_DAG_ID='download_iot' AIRFLOW_CTX_TASK_ID='download_data' AIRFLOW_CTX_EXECUTION_DATE='2026-02-01T10:00:00+00:00' AIRFLOW_CTX_TRY_NUMBER='1' AIRFLOW_CTX_DAG_RUN_ID='scheduled__2026-02-01T10:00:00+00:00'
[2026-02-14T16:30:16.323+0000] {taskinstance.py:732} INFO - ::endgroup::
[2026-02-14T16:30:16.333+0000] {logging_mixin.py:190} INFO - Dataset URL: https://www.kaggle.com/datasets/atulanandjha/temperature-readings-iot-devices
[2026-02-14T16:30:17.531+0000] {download_iot.py:66} INFO - Данные успешно загружены с Kaggle!
[2026-02-14T16:30:17.531+0000] {python.py:240} INFO - Done. Returned value was: None
[2026-02-14T16:30:17.538+0000] {taskinstance.py:341} INFO - ::group::Post task execution logs
[2026-02-14T16:30:17.538+0000] {taskinstance.py:353} INFO - Marking task as SUCCESS. dag_id=download_iot, task_id=download_data, run_id=scheduled__2026-02-01T10:00:00+00:00, execution_date=20260201T100000, start_date=20260214T163016, end_date=20260214T163017
[2026-02-14T16:30:17.576+0000] {local_task_job_runner.py:266} INFO - Task exited with return code 0
[2026-02-14T16:30:17.588+0000] {taskinstance.py:3901} INFO - 0 downstream tasks scheduled from follow-on schedule check
[2026-02-14T16:30:17.589+0000] {local_task_job_runner.py:245} INFO - ::endgroup::
[2026-02-14T17:47:35.113+0000] {local_task_job_runner.py:123} INFO - ::group::Pre task execution logs
[2026-02-14T17:47:35.126+0000] {taskinstance.py:2614} INFO - Dependencies all met for dep_context=non-requeueable deps ti=<TaskInstance: download_iot.download_data scheduled__2026-02-01T10:00:00+00:00 [queued]>
[2026-02-14T17:47:35.131+0000] {taskinstance.py:2614} INFO - Dependencies all met for dep_context=requeueable deps ti=<TaskInstance: download_iot.download_data scheduled__2026-02-01T10:00:00+00:00 [queued]>
[2026-02-14T17:47:35.132+0000] {taskinstance.py:2867} INFO - Starting attempt 1 of 4
[2026-02-14T17:47:35.139+0000] {taskinstance.py:2890} INFO - Executing <Task(PythonOperator): download_data> on 2026-02-01 10:00:00+00:00
[2026-02-14T17:47:35.142+0000] {standard_task_runner.py:72} INFO - Started process 146 to run task
[2026-02-14T17:47:35.144+0000] {standard_task_runner.py:104} INFO - Running: ['***', 'tasks', 'run', 'download_iot', 'download_data', 'scheduled__2026-02-01T10:00:00+00:00', '--job-id', '20', '--raw', '--subdir', 'DAGS_FOLDER/download_iot.py', '--cfg-path', '/tmp/tmpguqj0zh5']
[2026-02-14T17:47:35.146+0000] {standard_task_runner.py:105} INFO - Job 20: Subtask download_data
[2026-02-14T17:47:35.154+0000] {warnings.py:109} WARNING - /home/***/.local/lib/python3.9/site-packages/***/settings.py:209: DeprecationWarning: The sql_alchemy_conn option in [core] has been moved to the sql_alchemy_conn option in [database] - the old setting has been used, but please update your config.
  SQL_ALCHEMY_CONN = conf.get("database", "SQL_ALCHEMY_CONN")

[2026-02-14T17:47:35.174+0000] {task_command.py:467} INFO - Running <TaskInstance: download_iot.download_data scheduled__2026-02-01T10:00:00+00:00 [running]> on host 9052c134cdec
[2026-02-14T17:47:35.175+0000] {warnings.py:109} WARNING - /home/***/.local/lib/python3.9/site-packages/***/settings.py:470: DeprecationWarning: The sql_alchemy_conn option in [core] has been moved to the sql_alchemy_conn option in [database] - the old setting has been used, but please update your config.
  if conf.get("database", "sql_alchemy_conn") == "none://":

[2026-02-14T17:47:35.223+0000] {taskinstance.py:3134} INFO - Exporting env vars: AIRFLOW_CTX_DAG_OWNER='a.sorokin' AIRFLOW_CTX_DAG_ID='download_iot' AIRFLOW_CTX_TASK_ID='download_data' AIRFLOW_CTX_EXECUTION_DATE='2026-02-01T10:00:00+00:00' AIRFLOW_CTX_TRY_NUMBER='1' AIRFLOW_CTX_DAG_RUN_ID='scheduled__2026-02-01T10:00:00+00:00'
[2026-02-14T17:47:35.224+0000] {taskinstance.py:732} INFO - ::endgroup::
[2026-02-14T17:47:35.233+0000] {logging_mixin.py:190} INFO - Dataset URL: https://www.kaggle.com/datasets/atulanandjha/temperature-readings-iot-devices
[2026-02-14T17:47:36.128+0000] {download_iot.py:66} INFO - Данные успешно загружены с Kaggle!
[2026-02-14T17:47:36.129+0000] {python.py:240} INFO - Done. Returned value was: None
[2026-02-14T17:47:36.135+0000] {taskinstance.py:341} INFO - ::group::Post task execution logs
[2026-02-14T17:47:36.135+0000] {taskinstance.py:353} INFO - Marking task as SUCCESS. dag_id=download_iot, task_id=download_data, run_id=scheduled__2026-02-01T10:00:00+00:00, execution_date=20260201T100000, start_date=20260214T174735, end_date=20260214T174736
[2026-02-14T17:47:36.198+0000] {local_task_job_runner.py:266} INFO - Task exited with return code 0
[2026-02-14T17:47:36.209+0000] {taskinstance.py:3901} INFO - 0 downstream tasks scheduled from follow-on schedule check
[2026-02-14T17:47:36.210+0000] {local_task_job_runner.py:245} INFO - ::endgroup::
[2026-02-14T18:12:37.902+0000] {local_task_job_runner.py:123} INFO - ::group::Pre task execution logs
[2026-02-14T18:12:37.916+0000] {taskinstance.py:2614} INFO - Dependencies all met for dep_context=non-requeueable deps ti=<TaskInstance: download_iot.download_data scheduled__2026-02-01T10:00:00+00:00 [queued]>
[2026-02-14T18:12:37.923+0000] {taskinstance.py:2614} INFO - Dependencies all met for dep_context=requeueable deps ti=<TaskInstance: download_iot.download_data scheduled__2026-02-01T10:00:00+00:00 [queued]>
[2026-02-14T18:12:37.924+0000] {taskinstance.py:2867} INFO - Starting attempt 1 of 4
[2026-02-14T18:12:37.931+0000] {taskinstance.py:2890} INFO - Executing <Task(PythonOperator): download_data> on 2026-02-01 10:00:00+00:00
[2026-02-14T18:12:37.935+0000] {standard_task_runner.py:72} INFO - Started process 106 to run task
[2026-02-14T18:12:37.937+0000] {standard_task_runner.py:104} INFO - Running: ['***', 'tasks', 'run', 'download_iot', 'download_data', 'scheduled__2026-02-01T10:00:00+00:00', '--job-id', '9', '--raw', '--subdir', 'DAGS_FOLDER/download_iot.py', '--cfg-path', '/tmp/tmpl243mkq1']
[2026-02-14T18:12:37.938+0000] {standard_task_runner.py:105} INFO - Job 9: Subtask download_data
[2026-02-14T18:12:37.947+0000] {warnings.py:109} WARNING - /home/***/.local/lib/python3.9/site-packages/***/settings.py:209: DeprecationWarning: The sql_alchemy_conn option in [core] has been moved to the sql_alchemy_conn option in [database] - the old setting has been used, but please update your config.
  SQL_ALCHEMY_CONN = conf.get("database", "SQL_ALCHEMY_CONN")

[2026-02-14T18:12:37.971+0000] {task_command.py:467} INFO - Running <TaskInstance: download_iot.download_data scheduled__2026-02-01T10:00:00+00:00 [running]> on host bb762b62a2c2
[2026-02-14T18:12:37.972+0000] {warnings.py:109} WARNING - /home/***/.local/lib/python3.9/site-packages/***/settings.py:470: DeprecationWarning: The sql_alchemy_conn option in [core] has been moved to the sql_alchemy_conn option in [database] - the old setting has been used, but please update your config.
  if conf.get("database", "sql_alchemy_conn") == "none://":

[2026-02-14T18:12:38.031+0000] {taskinstance.py:3134} INFO - Exporting env vars: AIRFLOW_CTX_DAG_OWNER='a.sorokin' AIRFLOW_CTX_DAG_ID='download_iot' AIRFLOW_CTX_TASK_ID='download_data' AIRFLOW_CTX_EXECUTION_DATE='2026-02-01T10:00:00+00:00' AIRFLOW_CTX_TRY_NUMBER='1' AIRFLOW_CTX_DAG_RUN_ID='scheduled__2026-02-01T10:00:00+00:00'
[2026-02-14T18:12:38.032+0000] {taskinstance.py:732} INFO - ::endgroup::
[2026-02-14T18:12:38.042+0000] {logging_mixin.py:190} INFO - Dataset URL: https://www.kaggle.com/datasets/atulanandjha/temperature-readings-iot-devices
[2026-02-14T18:12:39.196+0000] {download_iot.py:66} INFO - Данные успешно загружены с Kaggle!
[2026-02-14T18:12:39.197+0000] {python.py:240} INFO - Done. Returned value was: None
[2026-02-14T18:12:39.205+0000] {taskinstance.py:341} INFO - ::group::Post task execution logs
[2026-02-14T18:12:39.205+0000] {taskinstance.py:353} INFO - Marking task as SUCCESS. dag_id=download_iot, task_id=download_data, run_id=scheduled__2026-02-01T10:00:00+00:00, execution_date=20260201T100000, start_date=20260214T181237, end_date=20260214T181239
[2026-02-14T18:12:39.431+0000] {local_task_job_runner.py:266} INFO - Task exited with return code 0
[2026-02-14T18:12:39.450+0000] {taskinstance.py:3901} INFO - 0 downstream tasks scheduled from follow-on schedule check
[2026-02-14T18:12:39.451+0000] {local_task_job_runner.py:245} INFO - ::endgroup::
[2026-02-16T14:44:32.581+0000] {local_task_job_runner.py:123} INFO - ::group::Pre task execution logs
[2026-02-16T14:44:32.594+0000] {taskinstance.py:2614} INFO - Dependencies all met for dep_context=non-requeueable deps ti=<TaskInstance: download_iot.download_data scheduled__2026-02-01T10:00:00+00:00 [queued]>
[2026-02-16T14:44:32.600+0000] {taskinstance.py:2614} INFO - Dependencies all met for dep_context=requeueable deps ti=<TaskInstance: download_iot.download_data scheduled__2026-02-01T10:00:00+00:00 [queued]>
[2026-02-16T14:44:32.600+0000] {taskinstance.py:2867} INFO - Starting attempt 1 of 4
[2026-02-16T14:44:32.607+0000] {taskinstance.py:2890} INFO - Executing <Task(PythonOperator): download_data> on 2026-02-01 10:00:00+00:00
[2026-02-16T14:44:32.611+0000] {standard_task_runner.py:72} INFO - Started process 121 to run task
[2026-02-16T14:44:32.613+0000] {standard_task_runner.py:104} INFO - Running: ['***', 'tasks', 'run', 'download_iot', 'download_data', 'scheduled__2026-02-01T10:00:00+00:00', '--job-id', '8', '--raw', '--subdir', 'DAGS_FOLDER/download_iot.py', '--cfg-path', '/tmp/tmpucme65td']
[2026-02-16T14:44:32.615+0000] {standard_task_runner.py:105} INFO - Job 8: Subtask download_data
[2026-02-16T14:44:32.623+0000] {warnings.py:109} WARNING - /home/***/.local/lib/python3.9/site-packages/***/settings.py:209: DeprecationWarning: The sql_alchemy_conn option in [core] has been moved to the sql_alchemy_conn option in [database] - the old setting has been used, but please update your config.
  SQL_ALCHEMY_CONN = conf.get("database", "SQL_ALCHEMY_CONN")

[2026-02-16T14:44:32.645+0000] {task_command.py:467} INFO - Running <TaskInstance: download_iot.download_data scheduled__2026-02-01T10:00:00+00:00 [running]> on host cd96c4fa192f
[2026-02-16T14:44:32.645+0000] {warnings.py:109} WARNING - /home/***/.local/lib/python3.9/site-packages/***/settings.py:470: DeprecationWarning: The sql_alchemy_conn option in [core] has been moved to the sql_alchemy_conn option in [database] - the old setting has been used, but please update your config.
  if conf.get("database", "sql_alchemy_conn") == "none://":

[2026-02-16T14:44:32.696+0000] {taskinstance.py:3134} INFO - Exporting env vars: AIRFLOW_CTX_DAG_OWNER='a.sorokin' AIRFLOW_CTX_DAG_ID='download_iot' AIRFLOW_CTX_TASK_ID='download_data' AIRFLOW_CTX_EXECUTION_DATE='2026-02-01T10:00:00+00:00' AIRFLOW_CTX_TRY_NUMBER='1' AIRFLOW_CTX_DAG_RUN_ID='scheduled__2026-02-01T10:00:00+00:00'
[2026-02-16T14:44:32.696+0000] {taskinstance.py:732} INFO - ::endgroup::
[2026-02-16T14:44:32.705+0000] {logging_mixin.py:190} INFO - Dataset URL: https://www.kaggle.com/datasets/atulanandjha/temperature-readings-iot-devices
[2026-02-16T14:44:33.890+0000] {download_iot.py:66} INFO - Данные успешно загружены с Kaggle!
[2026-02-16T14:44:33.890+0000] {python.py:240} INFO - Done. Returned value was: None
[2026-02-16T14:44:33.897+0000] {taskinstance.py:341} INFO - ::group::Post task execution logs
[2026-02-16T14:44:33.897+0000] {taskinstance.py:353} INFO - Marking task as SUCCESS. dag_id=download_iot, task_id=download_data, run_id=scheduled__2026-02-01T10:00:00+00:00, execution_date=20260201T100000, start_date=20260216T144432, end_date=20260216T144433
[2026-02-16T14:44:33.948+0000] {local_task_job_runner.py:266} INFO - Task exited with return code 0
[2026-02-16T14:44:33.959+0000] {taskinstance.py:3901} INFO - 0 downstream tasks scheduled from follow-on schedule check
[2026-02-16T14:44:33.960+0000] {local_task_job_runner.py:245} INFO - ::endgroup::
[2026-02-16T15:14:23.596+0000] {local_task_job_runner.py:123} INFO - ::group::Pre task execution logs
[2026-02-16T15:14:23.610+0000] {taskinstance.py:2614} INFO - Dependencies all met for dep_context=non-requeueable deps ti=<TaskInstance: download_iot.download_data scheduled__2026-02-01T10:00:00+00:00 [queued]>
[2026-02-16T15:14:23.617+0000] {taskinstance.py:2614} INFO - Dependencies all met for dep_context=requeueable deps ti=<TaskInstance: download_iot.download_data scheduled__2026-02-01T10:00:00+00:00 [queued]>
[2026-02-16T15:14:23.618+0000] {taskinstance.py:2867} INFO - Starting attempt 1 of 4
[2026-02-16T15:14:23.625+0000] {taskinstance.py:2890} INFO - Executing <Task(PythonOperator): download_data> on 2026-02-01 10:00:00+00:00
[2026-02-16T15:14:23.629+0000] {standard_task_runner.py:72} INFO - Started process 98 to run task
[2026-02-16T15:14:23.631+0000] {standard_task_runner.py:104} INFO - Running: ['***', 'tasks', 'run', 'download_iot', 'download_data', 'scheduled__2026-02-01T10:00:00+00:00', '--job-id', '8', '--raw', '--subdir', 'DAGS_FOLDER/download_iot.py', '--cfg-path', '/tmp/tmphjml3x7h']
[2026-02-16T15:14:23.633+0000] {standard_task_runner.py:105} INFO - Job 8: Subtask download_data
[2026-02-16T15:14:23.641+0000] {warnings.py:109} WARNING - /home/***/.local/lib/python3.9/site-packages/***/settings.py:209: DeprecationWarning: The sql_alchemy_conn option in [core] has been moved to the sql_alchemy_conn option in [database] - the old setting has been used, but please update your config.
  SQL_ALCHEMY_CONN = conf.get("database", "SQL_ALCHEMY_CONN")

[2026-02-16T15:14:23.666+0000] {task_command.py:467} INFO - Running <TaskInstance: download_iot.download_data scheduled__2026-02-01T10:00:00+00:00 [running]> on host fbd3e38838e9
[2026-02-16T15:14:23.667+0000] {warnings.py:109} WARNING - /home/***/.local/lib/python3.9/site-packages/***/settings.py:470: DeprecationWarning: The sql_alchemy_conn option in [core] has been moved to the sql_alchemy_conn option in [database] - the old setting has been used, but please update your config.
  if conf.get("database", "sql_alchemy_conn") == "none://":

[2026-02-16T15:14:23.728+0000] {taskinstance.py:3134} INFO - Exporting env vars: AIRFLOW_CTX_DAG_OWNER='a.sorokin' AIRFLOW_CTX_DAG_ID='download_iot' AIRFLOW_CTX_TASK_ID='download_data' AIRFLOW_CTX_EXECUTION_DATE='2026-02-01T10:00:00+00:00' AIRFLOW_CTX_TRY_NUMBER='1' AIRFLOW_CTX_DAG_RUN_ID='scheduled__2026-02-01T10:00:00+00:00'
[2026-02-16T15:14:23.729+0000] {taskinstance.py:732} INFO - ::endgroup::
[2026-02-16T15:14:23.740+0000] {logging_mixin.py:190} INFO - Dataset URL: https://www.kaggle.com/datasets/atulanandjha/temperature-readings-iot-devices
[2026-02-16T15:14:24.955+0000] {download_iot.py:66} INFO - Данные успешно загружены с Kaggle!
[2026-02-16T15:14:24.956+0000] {python.py:240} INFO - Done. Returned value was: None
[2026-02-16T15:14:24.962+0000] {taskinstance.py:341} INFO - ::group::Post task execution logs
[2026-02-16T15:14:24.963+0000] {taskinstance.py:353} INFO - Marking task as SUCCESS. dag_id=download_iot, task_id=download_data, run_id=scheduled__2026-02-01T10:00:00+00:00, execution_date=20260201T100000, start_date=20260216T151423, end_date=20260216T151424
[2026-02-16T15:14:25.086+0000] {local_task_job_runner.py:266} INFO - Task exited with return code 0
[2026-02-16T15:14:25.101+0000] {taskinstance.py:3901} INFO - 0 downstream tasks scheduled from follow-on schedule check
[2026-02-16T15:14:25.102+0000] {local_task_job_runner.py:245} INFO - ::endgroup::
[2026-02-16T15:42:23.147+0000] {local_task_job_runner.py:123} INFO - ::group::Pre task execution logs
[2026-02-16T15:42:23.160+0000] {taskinstance.py:2614} INFO - Dependencies all met for dep_context=non-requeueable deps ti=<TaskInstance: download_iot.download_data scheduled__2026-02-01T10:00:00+00:00 [queued]>
[2026-02-16T15:42:23.166+0000] {taskinstance.py:2614} INFO - Dependencies all met for dep_context=requeueable deps ti=<TaskInstance: download_iot.download_data scheduled__2026-02-01T10:00:00+00:00 [queued]>
[2026-02-16T15:42:23.166+0000] {taskinstance.py:2867} INFO - Starting attempt 1 of 4
[2026-02-16T15:42:23.173+0000] {taskinstance.py:2890} INFO - Executing <Task(PythonOperator): download_data> on 2026-02-01 10:00:00+00:00
[2026-02-16T15:42:23.177+0000] {standard_task_runner.py:72} INFO - Started process 94 to run task
[2026-02-16T15:42:23.179+0000] {standard_task_runner.py:104} INFO - Running: ['***', 'tasks', 'run', 'download_iot', 'download_data', 'scheduled__2026-02-01T10:00:00+00:00', '--job-id', '7', '--raw', '--subdir', 'DAGS_FOLDER/download_iot.py', '--cfg-path', '/tmp/tmp_uw7f3_3']
[2026-02-16T15:42:23.181+0000] {standard_task_runner.py:105} INFO - Job 7: Subtask download_data
[2026-02-16T15:42:23.189+0000] {warnings.py:109} WARNING - /home/***/.local/lib/python3.9/site-packages/***/settings.py:209: DeprecationWarning: The sql_alchemy_conn option in [core] has been moved to the sql_alchemy_conn option in [database] - the old setting has been used, but please update your config.
  SQL_ALCHEMY_CONN = conf.get("database", "SQL_ALCHEMY_CONN")

[2026-02-16T15:42:23.211+0000] {task_command.py:467} INFO - Running <TaskInstance: download_iot.download_data scheduled__2026-02-01T10:00:00+00:00 [running]> on host 6ef9a94e694d
[2026-02-16T15:42:23.211+0000] {warnings.py:109} WARNING - /home/***/.local/lib/python3.9/site-packages/***/settings.py:470: DeprecationWarning: The sql_alchemy_conn option in [core] has been moved to the sql_alchemy_conn option in [database] - the old setting has been used, but please update your config.
  if conf.get("database", "sql_alchemy_conn") == "none://":

[2026-02-16T15:42:23.261+0000] {taskinstance.py:3134} INFO - Exporting env vars: AIRFLOW_CTX_DAG_OWNER='a.sorokin' AIRFLOW_CTX_DAG_ID='download_iot' AIRFLOW_CTX_TASK_ID='download_data' AIRFLOW_CTX_EXECUTION_DATE='2026-02-01T10:00:00+00:00' AIRFLOW_CTX_TRY_NUMBER='1' AIRFLOW_CTX_DAG_RUN_ID='scheduled__2026-02-01T10:00:00+00:00'
[2026-02-16T15:42:23.262+0000] {taskinstance.py:732} INFO - ::endgroup::
[2026-02-16T15:42:23.271+0000] {logging_mixin.py:190} INFO - Dataset URL: https://www.kaggle.com/datasets/atulanandjha/temperature-readings-iot-devices
[2026-02-16T15:42:24.407+0000] {download_iot.py:66} INFO - Данные успешно загружены с Kaggle!
[2026-02-16T15:42:24.408+0000] {python.py:240} INFO - Done. Returned value was: None
[2026-02-16T15:42:24.415+0000] {taskinstance.py:341} INFO - ::group::Post task execution logs
[2026-02-16T15:42:24.415+0000] {taskinstance.py:353} INFO - Marking task as SUCCESS. dag_id=download_iot, task_id=download_data, run_id=scheduled__2026-02-01T10:00:00+00:00, execution_date=20260201T100000, start_date=20260216T154223, end_date=20260216T154224
[2026-02-16T15:42:24.594+0000] {local_task_job_runner.py:266} INFO - Task exited with return code 0
[2026-02-16T15:42:24.607+0000] {taskinstance.py:3901} INFO - 0 downstream tasks scheduled from follow-on schedule check
[2026-02-16T15:42:24.608+0000] {local_task_job_runner.py:245} INFO - ::endgroup::
