[2026-02-14T16:30:42.047+0000] {local_task_job_runner.py:123} INFO - ::group::Pre task execution logs
[2026-02-14T16:30:42.059+0000] {taskinstance.py:2614} INFO - Dependencies all met for dep_context=non-requeueable deps ti=<TaskInstance: download_iot.download_data scheduled__2026-02-13T10:00:00+00:00 [queued]>
[2026-02-14T16:30:42.064+0000] {taskinstance.py:2614} INFO - Dependencies all met for dep_context=requeueable deps ti=<TaskInstance: download_iot.download_data scheduled__2026-02-13T10:00:00+00:00 [queued]>
[2026-02-14T16:30:42.064+0000] {taskinstance.py:2867} INFO - Starting attempt 1 of 4
[2026-02-14T16:30:42.071+0000] {taskinstance.py:2890} INFO - Executing <Task(PythonOperator): download_data> on 2026-02-13 10:00:00+00:00
[2026-02-14T16:30:42.075+0000] {standard_task_runner.py:72} INFO - Started process 194 to run task
[2026-02-14T16:30:42.076+0000] {standard_task_runner.py:104} INFO - Running: ['***', 'tasks', 'run', 'download_iot', 'download_data', 'scheduled__2026-02-13T10:00:00+00:00', '--job-id', '32', '--raw', '--subdir', 'DAGS_FOLDER/download_iot.py', '--cfg-path', '/tmp/tmpwmjxljub']
[2026-02-14T16:30:42.078+0000] {standard_task_runner.py:105} INFO - Job 32: Subtask download_data
[2026-02-14T16:30:42.086+0000] {warnings.py:109} WARNING - /home/***/.local/lib/python3.9/site-packages/***/settings.py:209: DeprecationWarning: The sql_alchemy_conn option in [core] has been moved to the sql_alchemy_conn option in [database] - the old setting has been used, but please update your config.
  SQL_ALCHEMY_CONN = conf.get("database", "SQL_ALCHEMY_CONN")

[2026-02-14T16:30:42.106+0000] {task_command.py:467} INFO - Running <TaskInstance: download_iot.download_data scheduled__2026-02-13T10:00:00+00:00 [running]> on host a5c4ed865bb5
[2026-02-14T16:30:42.106+0000] {warnings.py:109} WARNING - /home/***/.local/lib/python3.9/site-packages/***/settings.py:470: DeprecationWarning: The sql_alchemy_conn option in [core] has been moved to the sql_alchemy_conn option in [database] - the old setting has been used, but please update your config.
  if conf.get("database", "sql_alchemy_conn") == "none://":

[2026-02-14T16:30:42.150+0000] {taskinstance.py:3134} INFO - Exporting env vars: AIRFLOW_CTX_DAG_OWNER='a.sorokin' AIRFLOW_CTX_DAG_ID='download_iot' AIRFLOW_CTX_TASK_ID='download_data' AIRFLOW_CTX_EXECUTION_DATE='2026-02-13T10:00:00+00:00' AIRFLOW_CTX_TRY_NUMBER='1' AIRFLOW_CTX_DAG_RUN_ID='scheduled__2026-02-13T10:00:00+00:00'
[2026-02-14T16:30:42.151+0000] {taskinstance.py:732} INFO - ::endgroup::
[2026-02-14T16:30:42.159+0000] {logging_mixin.py:190} INFO - Dataset URL: https://www.kaggle.com/datasets/atulanandjha/temperature-readings-iot-devices
[2026-02-14T16:30:43.299+0000] {download_iot.py:66} INFO - Данные успешно загружены с Kaggle!
[2026-02-14T16:30:43.300+0000] {python.py:240} INFO - Done. Returned value was: None
[2026-02-14T16:30:43.306+0000] {taskinstance.py:341} INFO - ::group::Post task execution logs
[2026-02-14T16:30:43.307+0000] {taskinstance.py:353} INFO - Marking task as SUCCESS. dag_id=download_iot, task_id=download_data, run_id=scheduled__2026-02-13T10:00:00+00:00, execution_date=20260213T100000, start_date=20260214T163042, end_date=20260214T163043
[2026-02-14T16:30:43.372+0000] {local_task_job_runner.py:266} INFO - Task exited with return code 0
[2026-02-14T16:30:43.383+0000] {taskinstance.py:3901} INFO - 0 downstream tasks scheduled from follow-on schedule check
[2026-02-14T16:30:43.384+0000] {local_task_job_runner.py:245} INFO - ::endgroup::
[2026-02-14T17:48:03.246+0000] {local_task_job_runner.py:123} INFO - ::group::Pre task execution logs
[2026-02-14T17:48:03.259+0000] {taskinstance.py:2614} INFO - Dependencies all met for dep_context=non-requeueable deps ti=<TaskInstance: download_iot.download_data scheduled__2026-02-13T10:00:00+00:00 [queued]>
[2026-02-14T17:48:03.264+0000] {taskinstance.py:2614} INFO - Dependencies all met for dep_context=requeueable deps ti=<TaskInstance: download_iot.download_data scheduled__2026-02-13T10:00:00+00:00 [queued]>
[2026-02-14T17:48:03.264+0000] {taskinstance.py:2867} INFO - Starting attempt 1 of 4
[2026-02-14T17:48:03.271+0000] {taskinstance.py:2890} INFO - Executing <Task(PythonOperator): download_data> on 2026-02-13 10:00:00+00:00
[2026-02-14T17:48:03.274+0000] {standard_task_runner.py:72} INFO - Started process 194 to run task
[2026-02-14T17:48:03.276+0000] {standard_task_runner.py:104} INFO - Running: ['***', 'tasks', 'run', 'download_iot', 'download_data', 'scheduled__2026-02-13T10:00:00+00:00', '--job-id', '32', '--raw', '--subdir', 'DAGS_FOLDER/download_iot.py', '--cfg-path', '/tmp/tmptx1gak0l']
[2026-02-14T17:48:03.278+0000] {standard_task_runner.py:105} INFO - Job 32: Subtask download_data
[2026-02-14T17:48:03.286+0000] {warnings.py:109} WARNING - /home/***/.local/lib/python3.9/site-packages/***/settings.py:209: DeprecationWarning: The sql_alchemy_conn option in [core] has been moved to the sql_alchemy_conn option in [database] - the old setting has been used, but please update your config.
  SQL_ALCHEMY_CONN = conf.get("database", "SQL_ALCHEMY_CONN")

[2026-02-14T17:48:03.305+0000] {task_command.py:467} INFO - Running <TaskInstance: download_iot.download_data scheduled__2026-02-13T10:00:00+00:00 [running]> on host 9052c134cdec
[2026-02-14T17:48:03.306+0000] {warnings.py:109} WARNING - /home/***/.local/lib/python3.9/site-packages/***/settings.py:470: DeprecationWarning: The sql_alchemy_conn option in [core] has been moved to the sql_alchemy_conn option in [database] - the old setting has been used, but please update your config.
  if conf.get("database", "sql_alchemy_conn") == "none://":

[2026-02-14T17:48:03.351+0000] {taskinstance.py:3134} INFO - Exporting env vars: AIRFLOW_CTX_DAG_OWNER='a.sorokin' AIRFLOW_CTX_DAG_ID='download_iot' AIRFLOW_CTX_TASK_ID='download_data' AIRFLOW_CTX_EXECUTION_DATE='2026-02-13T10:00:00+00:00' AIRFLOW_CTX_TRY_NUMBER='1' AIRFLOW_CTX_DAG_RUN_ID='scheduled__2026-02-13T10:00:00+00:00'
[2026-02-14T17:48:03.352+0000] {taskinstance.py:732} INFO - ::endgroup::
[2026-02-14T17:48:03.360+0000] {logging_mixin.py:190} INFO - Dataset URL: https://www.kaggle.com/datasets/atulanandjha/temperature-readings-iot-devices
[2026-02-14T17:48:04.543+0000] {download_iot.py:66} INFO - Данные успешно загружены с Kaggle!
[2026-02-14T17:48:04.544+0000] {python.py:240} INFO - Done. Returned value was: None
[2026-02-14T17:48:04.551+0000] {taskinstance.py:341} INFO - ::group::Post task execution logs
[2026-02-14T17:48:04.551+0000] {taskinstance.py:353} INFO - Marking task as SUCCESS. dag_id=download_iot, task_id=download_data, run_id=scheduled__2026-02-13T10:00:00+00:00, execution_date=20260213T100000, start_date=20260214T174803, end_date=20260214T174804
[2026-02-14T17:48:04.611+0000] {local_task_job_runner.py:266} INFO - Task exited with return code 0
[2026-02-14T17:48:04.623+0000] {taskinstance.py:3901} INFO - 0 downstream tasks scheduled from follow-on schedule check
[2026-02-14T17:48:04.624+0000] {local_task_job_runner.py:245} INFO - ::endgroup::
[2026-02-14T18:13:02.425+0000] {local_task_job_runner.py:123} INFO - ::group::Pre task execution logs
[2026-02-14T18:13:02.438+0000] {taskinstance.py:2614} INFO - Dependencies all met for dep_context=non-requeueable deps ti=<TaskInstance: download_iot.download_data scheduled__2026-02-13T10:00:00+00:00 [queued]>
[2026-02-14T18:13:02.443+0000] {taskinstance.py:2614} INFO - Dependencies all met for dep_context=requeueable deps ti=<TaskInstance: download_iot.download_data scheduled__2026-02-13T10:00:00+00:00 [queued]>
[2026-02-14T18:13:02.444+0000] {taskinstance.py:2867} INFO - Starting attempt 1 of 4
[2026-02-14T18:13:02.450+0000] {taskinstance.py:2890} INFO - Executing <Task(PythonOperator): download_data> on 2026-02-13 10:00:00+00:00
[2026-02-14T18:13:02.453+0000] {standard_task_runner.py:72} INFO - Started process 214 to run task
[2026-02-14T18:13:02.456+0000] {standard_task_runner.py:104} INFO - Running: ['***', 'tasks', 'run', 'download_iot', 'download_data', 'scheduled__2026-02-13T10:00:00+00:00', '--job-id', '37', '--raw', '--subdir', 'DAGS_FOLDER/download_iot.py', '--cfg-path', '/tmp/tmpgh4hi676']
[2026-02-14T18:13:02.458+0000] {standard_task_runner.py:105} INFO - Job 37: Subtask download_data
[2026-02-14T18:13:02.466+0000] {warnings.py:109} WARNING - /home/***/.local/lib/python3.9/site-packages/***/settings.py:209: DeprecationWarning: The sql_alchemy_conn option in [core] has been moved to the sql_alchemy_conn option in [database] - the old setting has been used, but please update your config.
  SQL_ALCHEMY_CONN = conf.get("database", "SQL_ALCHEMY_CONN")

[2026-02-14T18:13:02.486+0000] {task_command.py:467} INFO - Running <TaskInstance: download_iot.download_data scheduled__2026-02-13T10:00:00+00:00 [running]> on host bb762b62a2c2
[2026-02-14T18:13:02.486+0000] {warnings.py:109} WARNING - /home/***/.local/lib/python3.9/site-packages/***/settings.py:470: DeprecationWarning: The sql_alchemy_conn option in [core] has been moved to the sql_alchemy_conn option in [database] - the old setting has been used, but please update your config.
  if conf.get("database", "sql_alchemy_conn") == "none://":

[2026-02-14T18:13:02.533+0000] {taskinstance.py:3134} INFO - Exporting env vars: AIRFLOW_CTX_DAG_OWNER='a.sorokin' AIRFLOW_CTX_DAG_ID='download_iot' AIRFLOW_CTX_TASK_ID='download_data' AIRFLOW_CTX_EXECUTION_DATE='2026-02-13T10:00:00+00:00' AIRFLOW_CTX_TRY_NUMBER='1' AIRFLOW_CTX_DAG_RUN_ID='scheduled__2026-02-13T10:00:00+00:00'
[2026-02-14T18:13:02.533+0000] {taskinstance.py:732} INFO - ::endgroup::
[2026-02-14T18:13:02.542+0000] {logging_mixin.py:190} INFO - Dataset URL: https://www.kaggle.com/datasets/atulanandjha/temperature-readings-iot-devices
[2026-02-14T18:13:03.748+0000] {download_iot.py:66} INFO - Данные успешно загружены с Kaggle!
[2026-02-14T18:13:03.749+0000] {python.py:240} INFO - Done. Returned value was: None
[2026-02-14T18:13:03.755+0000] {taskinstance.py:341} INFO - ::group::Post task execution logs
[2026-02-14T18:13:03.756+0000] {taskinstance.py:353} INFO - Marking task as SUCCESS. dag_id=download_iot, task_id=download_data, run_id=scheduled__2026-02-13T10:00:00+00:00, execution_date=20260213T100000, start_date=20260214T181302, end_date=20260214T181303
[2026-02-14T18:13:03.791+0000] {local_task_job_runner.py:266} INFO - Task exited with return code 0
[2026-02-14T18:13:03.802+0000] {taskinstance.py:3901} INFO - 0 downstream tasks scheduled from follow-on schedule check
[2026-02-14T18:13:03.803+0000] {local_task_job_runner.py:245} INFO - ::endgroup::
[2026-02-16T14:44:59.203+0000] {local_task_job_runner.py:123} INFO - ::group::Pre task execution logs
[2026-02-16T14:44:59.217+0000] {taskinstance.py:2614} INFO - Dependencies all met for dep_context=non-requeueable deps ti=<TaskInstance: download_iot.download_data scheduled__2026-02-13T10:00:00+00:00 [queued]>
[2026-02-16T14:44:59.222+0000] {taskinstance.py:2614} INFO - Dependencies all met for dep_context=requeueable deps ti=<TaskInstance: download_iot.download_data scheduled__2026-02-13T10:00:00+00:00 [queued]>
[2026-02-16T14:44:59.223+0000] {taskinstance.py:2867} INFO - Starting attempt 1 of 4
[2026-02-16T14:44:59.230+0000] {taskinstance.py:2890} INFO - Executing <Task(PythonOperator): download_data> on 2026-02-13 10:00:00+00:00
[2026-02-16T14:44:59.234+0000] {standard_task_runner.py:72} INFO - Started process 221 to run task
[2026-02-16T14:44:59.236+0000] {standard_task_runner.py:104} INFO - Running: ['***', 'tasks', 'run', 'download_iot', 'download_data', 'scheduled__2026-02-13T10:00:00+00:00', '--job-id', '33', '--raw', '--subdir', 'DAGS_FOLDER/download_iot.py', '--cfg-path', '/tmp/tmpqovlkqg9']
[2026-02-16T14:44:59.238+0000] {standard_task_runner.py:105} INFO - Job 33: Subtask download_data
[2026-02-16T14:44:59.247+0000] {warnings.py:109} WARNING - /home/***/.local/lib/python3.9/site-packages/***/settings.py:209: DeprecationWarning: The sql_alchemy_conn option in [core] has been moved to the sql_alchemy_conn option in [database] - the old setting has been used, but please update your config.
  SQL_ALCHEMY_CONN = conf.get("database", "SQL_ALCHEMY_CONN")

[2026-02-16T14:44:59.268+0000] {task_command.py:467} INFO - Running <TaskInstance: download_iot.download_data scheduled__2026-02-13T10:00:00+00:00 [running]> on host cd96c4fa192f
[2026-02-16T14:44:59.269+0000] {warnings.py:109} WARNING - /home/***/.local/lib/python3.9/site-packages/***/settings.py:470: DeprecationWarning: The sql_alchemy_conn option in [core] has been moved to the sql_alchemy_conn option in [database] - the old setting has been used, but please update your config.
  if conf.get("database", "sql_alchemy_conn") == "none://":

[2026-02-16T14:44:59.318+0000] {taskinstance.py:3134} INFO - Exporting env vars: AIRFLOW_CTX_DAG_OWNER='a.sorokin' AIRFLOW_CTX_DAG_ID='download_iot' AIRFLOW_CTX_TASK_ID='download_data' AIRFLOW_CTX_EXECUTION_DATE='2026-02-13T10:00:00+00:00' AIRFLOW_CTX_TRY_NUMBER='1' AIRFLOW_CTX_DAG_RUN_ID='scheduled__2026-02-13T10:00:00+00:00'
[2026-02-16T14:44:59.318+0000] {taskinstance.py:732} INFO - ::endgroup::
[2026-02-16T14:44:59.327+0000] {logging_mixin.py:190} INFO - Dataset URL: https://www.kaggle.com/datasets/atulanandjha/temperature-readings-iot-devices
[2026-02-16T14:45:00.247+0000] {download_iot.py:66} INFO - Данные успешно загружены с Kaggle!
[2026-02-16T14:45:00.248+0000] {python.py:240} INFO - Done. Returned value was: None
[2026-02-16T14:45:00.255+0000] {taskinstance.py:341} INFO - ::group::Post task execution logs
[2026-02-16T14:45:00.255+0000] {taskinstance.py:353} INFO - Marking task as SUCCESS. dag_id=download_iot, task_id=download_data, run_id=scheduled__2026-02-13T10:00:00+00:00, execution_date=20260213T100000, start_date=20260216T144459, end_date=20260216T144500
[2026-02-16T14:45:00.330+0000] {local_task_job_runner.py:266} INFO - Task exited with return code 0
[2026-02-16T14:45:00.336+0000] {local_task_job_runner.py:245} INFO - ::endgroup::
[2026-02-16T15:14:48.888+0000] {local_task_job_runner.py:123} INFO - ::group::Pre task execution logs
[2026-02-16T15:14:48.900+0000] {taskinstance.py:2614} INFO - Dependencies all met for dep_context=non-requeueable deps ti=<TaskInstance: download_iot.download_data scheduled__2026-02-13T10:00:00+00:00 [queued]>
[2026-02-16T15:14:48.906+0000] {taskinstance.py:2614} INFO - Dependencies all met for dep_context=requeueable deps ti=<TaskInstance: download_iot.download_data scheduled__2026-02-13T10:00:00+00:00 [queued]>
[2026-02-16T15:14:48.906+0000] {taskinstance.py:2867} INFO - Starting attempt 1 of 4
[2026-02-16T15:14:48.913+0000] {taskinstance.py:2890} INFO - Executing <Task(PythonOperator): download_data> on 2026-02-13 10:00:00+00:00
[2026-02-16T15:14:48.916+0000] {standard_task_runner.py:72} INFO - Started process 198 to run task
[2026-02-16T15:14:48.918+0000] {standard_task_runner.py:104} INFO - Running: ['***', 'tasks', 'run', 'download_iot', 'download_data', 'scheduled__2026-02-13T10:00:00+00:00', '--job-id', '33', '--raw', '--subdir', 'DAGS_FOLDER/download_iot.py', '--cfg-path', '/tmp/tmpaa2djvi7']
[2026-02-16T15:14:48.920+0000] {standard_task_runner.py:105} INFO - Job 33: Subtask download_data
[2026-02-16T15:14:48.928+0000] {warnings.py:109} WARNING - /home/***/.local/lib/python3.9/site-packages/***/settings.py:209: DeprecationWarning: The sql_alchemy_conn option in [core] has been moved to the sql_alchemy_conn option in [database] - the old setting has been used, but please update your config.
  SQL_ALCHEMY_CONN = conf.get("database", "SQL_ALCHEMY_CONN")

[2026-02-16T15:14:48.949+0000] {task_command.py:467} INFO - Running <TaskInstance: download_iot.download_data scheduled__2026-02-13T10:00:00+00:00 [running]> on host fbd3e38838e9
[2026-02-16T15:14:48.949+0000] {warnings.py:109} WARNING - /home/***/.local/lib/python3.9/site-packages/***/settings.py:470: DeprecationWarning: The sql_alchemy_conn option in [core] has been moved to the sql_alchemy_conn option in [database] - the old setting has been used, but please update your config.
  if conf.get("database", "sql_alchemy_conn") == "none://":

[2026-02-16T15:14:48.996+0000] {taskinstance.py:3134} INFO - Exporting env vars: AIRFLOW_CTX_DAG_OWNER='a.sorokin' AIRFLOW_CTX_DAG_ID='download_iot' AIRFLOW_CTX_TASK_ID='download_data' AIRFLOW_CTX_EXECUTION_DATE='2026-02-13T10:00:00+00:00' AIRFLOW_CTX_TRY_NUMBER='1' AIRFLOW_CTX_DAG_RUN_ID='scheduled__2026-02-13T10:00:00+00:00'
[2026-02-16T15:14:48.996+0000] {taskinstance.py:732} INFO - ::endgroup::
[2026-02-16T15:14:49.005+0000] {logging_mixin.py:190} INFO - Dataset URL: https://www.kaggle.com/datasets/atulanandjha/temperature-readings-iot-devices
[2026-02-16T15:14:49.905+0000] {download_iot.py:66} INFO - Данные успешно загружены с Kaggle!
[2026-02-16T15:14:49.905+0000] {python.py:240} INFO - Done. Returned value was: None
[2026-02-16T15:14:49.912+0000] {taskinstance.py:341} INFO - ::group::Post task execution logs
[2026-02-16T15:14:49.912+0000] {taskinstance.py:353} INFO - Marking task as SUCCESS. dag_id=download_iot, task_id=download_data, run_id=scheduled__2026-02-13T10:00:00+00:00, execution_date=20260213T100000, start_date=20260216T151448, end_date=20260216T151449
[2026-02-16T15:14:49.972+0000] {local_task_job_runner.py:266} INFO - Task exited with return code 0
[2026-02-16T15:14:49.979+0000] {local_task_job_runner.py:245} INFO - ::endgroup::
[2026-02-16T15:42:45.808+0000] {local_task_job_runner.py:123} INFO - ::group::Pre task execution logs
[2026-02-16T15:42:45.821+0000] {taskinstance.py:2614} INFO - Dependencies all met for dep_context=non-requeueable deps ti=<TaskInstance: download_iot.download_data scheduled__2026-02-13T10:00:00+00:00 [queued]>
[2026-02-16T15:42:45.826+0000] {taskinstance.py:2614} INFO - Dependencies all met for dep_context=requeueable deps ti=<TaskInstance: download_iot.download_data scheduled__2026-02-13T10:00:00+00:00 [queued]>
[2026-02-16T15:42:45.826+0000] {taskinstance.py:2867} INFO - Starting attempt 1 of 4
[2026-02-16T15:42:45.834+0000] {taskinstance.py:2890} INFO - Executing <Task(PythonOperator): download_data> on 2026-02-13 10:00:00+00:00
[2026-02-16T15:42:45.838+0000] {standard_task_runner.py:72} INFO - Started process 194 to run task
[2026-02-16T15:42:45.840+0000] {standard_task_runner.py:104} INFO - Running: ['***', 'tasks', 'run', 'download_iot', 'download_data', 'scheduled__2026-02-13T10:00:00+00:00', '--job-id', '32', '--raw', '--subdir', 'DAGS_FOLDER/download_iot.py', '--cfg-path', '/tmp/tmplvpsevh6']
[2026-02-16T15:42:45.842+0000] {standard_task_runner.py:105} INFO - Job 32: Subtask download_data
[2026-02-16T15:42:45.850+0000] {warnings.py:109} WARNING - /home/***/.local/lib/python3.9/site-packages/***/settings.py:209: DeprecationWarning: The sql_alchemy_conn option in [core] has been moved to the sql_alchemy_conn option in [database] - the old setting has been used, but please update your config.
  SQL_ALCHEMY_CONN = conf.get("database", "SQL_ALCHEMY_CONN")

[2026-02-16T15:42:45.870+0000] {task_command.py:467} INFO - Running <TaskInstance: download_iot.download_data scheduled__2026-02-13T10:00:00+00:00 [running]> on host 6ef9a94e694d
[2026-02-16T15:42:45.871+0000] {warnings.py:109} WARNING - /home/***/.local/lib/python3.9/site-packages/***/settings.py:470: DeprecationWarning: The sql_alchemy_conn option in [core] has been moved to the sql_alchemy_conn option in [database] - the old setting has been used, but please update your config.
  if conf.get("database", "sql_alchemy_conn") == "none://":

[2026-02-16T15:42:45.917+0000] {taskinstance.py:3134} INFO - Exporting env vars: AIRFLOW_CTX_DAG_OWNER='a.sorokin' AIRFLOW_CTX_DAG_ID='download_iot' AIRFLOW_CTX_TASK_ID='download_data' AIRFLOW_CTX_EXECUTION_DATE='2026-02-13T10:00:00+00:00' AIRFLOW_CTX_TRY_NUMBER='1' AIRFLOW_CTX_DAG_RUN_ID='scheduled__2026-02-13T10:00:00+00:00'
[2026-02-16T15:42:45.918+0000] {taskinstance.py:732} INFO - ::endgroup::
[2026-02-16T15:42:45.926+0000] {logging_mixin.py:190} INFO - Dataset URL: https://www.kaggle.com/datasets/atulanandjha/temperature-readings-iot-devices
[2026-02-16T15:42:47.145+0000] {download_iot.py:66} INFO - Данные успешно загружены с Kaggle!
[2026-02-16T15:42:47.146+0000] {python.py:240} INFO - Done. Returned value was: None
[2026-02-16T15:42:47.153+0000] {taskinstance.py:341} INFO - ::group::Post task execution logs
[2026-02-16T15:42:47.153+0000] {taskinstance.py:353} INFO - Marking task as SUCCESS. dag_id=download_iot, task_id=download_data, run_id=scheduled__2026-02-13T10:00:00+00:00, execution_date=20260213T100000, start_date=20260216T154245, end_date=20260216T154247
[2026-02-16T15:42:47.215+0000] {local_task_job_runner.py:266} INFO - Task exited with return code 0
[2026-02-16T15:42:47.229+0000] {taskinstance.py:3901} INFO - 0 downstream tasks scheduled from follow-on schedule check
[2026-02-16T15:42:47.230+0000] {local_task_job_runner.py:245} INFO - ::endgroup::
