[2026-02-16T16:54:55.702+0000] {local_task_job_runner.py:123} INFO - ::group::Pre task execution logs
[2026-02-16T16:54:55.712+0000] {taskinstance.py:2614} INFO - Dependencies all met for dep_context=non-requeueable deps ti=<TaskInstance: date_load_postgres.parse_data scheduled__2026-01-31T10:00:00+00:00 [queued]>
[2026-02-16T16:54:55.717+0000] {taskinstance.py:2614} INFO - Dependencies all met for dep_context=requeueable deps ti=<TaskInstance: date_load_postgres.parse_data scheduled__2026-01-31T10:00:00+00:00 [queued]>
[2026-02-16T16:54:55.717+0000] {taskinstance.py:2867} INFO - Starting attempt 1 of 4
[2026-02-16T16:54:55.723+0000] {taskinstance.py:2890} INFO - Executing <Task(PythonOperator): parse_data> on 2026-01-31 10:00:00+00:00
[2026-02-16T16:54:55.728+0000] {standard_task_runner.py:72} INFO - Started process 1091 to run task
[2026-02-16T16:54:55.730+0000] {standard_task_runner.py:104} INFO - Running: ['***', 'tasks', 'run', 'date_load_postgres', 'parse_data', 'scheduled__2026-01-31T10:00:00+00:00', '--job-id', '256', '--raw', '--subdir', 'DAGS_FOLDER/date_load_postrges.py', '--cfg-path', '/tmp/tmpfc89eelq']
[2026-02-16T16:54:55.731+0000] {standard_task_runner.py:105} INFO - Job 256: Subtask parse_data
[2026-02-16T16:54:55.739+0000] {warnings.py:109} WARNING - /home/***/.local/lib/python3.9/site-packages/***/settings.py:209: DeprecationWarning: The sql_alchemy_conn option in [core] has been moved to the sql_alchemy_conn option in [database] - the old setting has been used, but please update your config.
  SQL_ALCHEMY_CONN = conf.get("database", "SQL_ALCHEMY_CONN")

[2026-02-16T16:54:55.767+0000] {task_command.py:467} INFO - Running <TaskInstance: date_load_postgres.parse_data scheduled__2026-01-31T10:00:00+00:00 [running]> on host 6ef9a94e694d
[2026-02-16T16:54:55.767+0000] {warnings.py:109} WARNING - /home/***/.local/lib/python3.9/site-packages/***/settings.py:470: DeprecationWarning: The sql_alchemy_conn option in [core] has been moved to the sql_alchemy_conn option in [database] - the old setting has been used, but please update your config.
  if conf.get("database", "sql_alchemy_conn") == "none://":

[2026-02-16T16:54:55.814+0000] {taskinstance.py:3134} INFO - Exporting env vars: AIRFLOW_CTX_DAG_OWNER='a.sorokin' AIRFLOW_CTX_DAG_ID='date_load_postgres' AIRFLOW_CTX_TASK_ID='parse_data' AIRFLOW_CTX_EXECUTION_DATE='2026-01-31T10:00:00+00:00' AIRFLOW_CTX_TRY_NUMBER='1' AIRFLOW_CTX_DAG_RUN_ID='scheduled__2026-01-31T10:00:00+00:00'
[2026-02-16T16:54:55.815+0000] {taskinstance.py:732} INFO - ::endgroup::
[2026-02-16T16:55:04.479+0000] {python.py:240} INFO - Done. Returned value was: None
[2026-02-16T16:55:04.486+0000] {taskinstance.py:341} INFO - ::group::Post task execution logs
[2026-02-16T16:55:04.486+0000] {taskinstance.py:353} INFO - Marking task as SUCCESS. dag_id=date_load_postgres, task_id=parse_data, run_id=scheduled__2026-01-31T10:00:00+00:00, execution_date=20260131T100000, start_date=20260216T165455, end_date=20260216T165504
[2026-02-16T16:55:04.548+0000] {local_task_job_runner.py:266} INFO - Task exited with return code 0
[2026-02-16T16:55:04.564+0000] {taskinstance.py:3901} INFO - 0 downstream tasks scheduled from follow-on schedule check
[2026-02-16T16:55:04.566+0000] {local_task_job_runner.py:245} INFO - ::endgroup::
[2026-02-16T17:39:38.106+0000] {local_task_job_runner.py:123} INFO - ::group::Pre task execution logs
[2026-02-16T17:39:38.123+0000] {taskinstance.py:2614} INFO - Dependencies all met for dep_context=non-requeueable deps ti=<TaskInstance: date_load_postgres.parse_data scheduled__2026-01-31T10:00:00+00:00 [queued]>
[2026-02-16T17:39:38.130+0000] {taskinstance.py:2614} INFO - Dependencies all met for dep_context=requeueable deps ti=<TaskInstance: date_load_postgres.parse_data scheduled__2026-01-31T10:00:00+00:00 [queued]>
[2026-02-16T17:39:38.131+0000] {taskinstance.py:2867} INFO - Starting attempt 1 of 4
[2026-02-16T17:39:38.139+0000] {taskinstance.py:2890} INFO - Executing <Task(PythonOperator): parse_data> on 2026-01-31 10:00:00+00:00
[2026-02-16T17:39:38.144+0000] {standard_task_runner.py:72} INFO - Started process 228 to run task
[2026-02-16T17:39:38.146+0000] {standard_task_runner.py:104} INFO - Running: ['***', 'tasks', 'run', 'date_load_postgres', 'parse_data', 'scheduled__2026-01-31T10:00:00+00:00', '--job-id', '36', '--raw', '--subdir', 'DAGS_FOLDER/date_load_postrges.py', '--cfg-path', '/tmp/tmpu5i4oh_w']
[2026-02-16T17:39:38.148+0000] {standard_task_runner.py:105} INFO - Job 36: Subtask parse_data
[2026-02-16T17:39:38.156+0000] {warnings.py:109} WARNING - /home/***/.local/lib/python3.9/site-packages/***/settings.py:209: DeprecationWarning: The sql_alchemy_conn option in [core] has been moved to the sql_alchemy_conn option in [database] - the old setting has been used, but please update your config.
  SQL_ALCHEMY_CONN = conf.get("database", "SQL_ALCHEMY_CONN")

[2026-02-16T17:39:38.182+0000] {task_command.py:467} INFO - Running <TaskInstance: date_load_postgres.parse_data scheduled__2026-01-31T10:00:00+00:00 [running]> on host 80c391c4cc85
[2026-02-16T17:39:38.183+0000] {warnings.py:109} WARNING - /home/***/.local/lib/python3.9/site-packages/***/settings.py:470: DeprecationWarning: The sql_alchemy_conn option in [core] has been moved to the sql_alchemy_conn option in [database] - the old setting has been used, but please update your config.
  if conf.get("database", "sql_alchemy_conn") == "none://":

[2026-02-16T17:39:38.239+0000] {taskinstance.py:3134} INFO - Exporting env vars: AIRFLOW_CTX_DAG_OWNER='a.sorokin' AIRFLOW_CTX_DAG_ID='date_load_postgres' AIRFLOW_CTX_TASK_ID='parse_data' AIRFLOW_CTX_EXECUTION_DATE='2026-01-31T10:00:00+00:00' AIRFLOW_CTX_TRY_NUMBER='1' AIRFLOW_CTX_DAG_RUN_ID='scheduled__2026-01-31T10:00:00+00:00'
[2026-02-16T17:39:38.239+0000] {taskinstance.py:732} INFO - ::endgroup::
[2026-02-16T17:39:46.932+0000] {python.py:240} INFO - Done. Returned value was: None
[2026-02-16T17:39:46.939+0000] {taskinstance.py:341} INFO - ::group::Post task execution logs
[2026-02-16T17:39:46.940+0000] {taskinstance.py:353} INFO - Marking task as SUCCESS. dag_id=date_load_postgres, task_id=parse_data, run_id=scheduled__2026-01-31T10:00:00+00:00, execution_date=20260131T100000, start_date=20260216T173938, end_date=20260216T173946
[2026-02-16T17:39:46.967+0000] {local_task_job_runner.py:266} INFO - Task exited with return code 0
[2026-02-16T17:39:46.983+0000] {taskinstance.py:3901} INFO - 1 downstream tasks scheduled from follow-on schedule check
[2026-02-16T17:39:46.984+0000] {local_task_job_runner.py:245} INFO - ::endgroup::
