[2026-02-16T18:12:02.294+0000] {local_task_job_runner.py:123} INFO - ::group::Pre task execution logs
[2026-02-16T18:12:02.307+0000] {taskinstance.py:2614} INFO - Dependencies all met for dep_context=non-requeueable deps ti=<TaskInstance: date_load_postgres.get_date scheduled__2026-02-14T10:00:00+00:00 [queued]>
[2026-02-16T18:12:02.312+0000] {taskinstance.py:2614} INFO - Dependencies all met for dep_context=requeueable deps ti=<TaskInstance: date_load_postgres.get_date scheduled__2026-02-14T10:00:00+00:00 [queued]>
[2026-02-16T18:12:02.312+0000] {taskinstance.py:2867} INFO - Starting attempt 1 of 4
[2026-02-16T18:12:02.320+0000] {taskinstance.py:2890} INFO - Executing <Task(PythonOperator): get_date> on 2026-02-14 10:00:00+00:00
[2026-02-16T18:12:02.325+0000] {standard_task_runner.py:72} INFO - Started process 585 to run task
[2026-02-16T18:12:02.327+0000] {standard_task_runner.py:104} INFO - Running: ['***', 'tasks', 'run', 'date_load_postgres', 'get_date', 'scheduled__2026-02-14T10:00:00+00:00', '--job-id', '117', '--raw', '--subdir', 'DAGS_FOLDER/date_load_postrges.py', '--cfg-path', '/tmp/tmp22d_sixr']
[2026-02-16T18:12:02.329+0000] {standard_task_runner.py:105} INFO - Job 117: Subtask get_date
[2026-02-16T18:12:02.337+0000] {warnings.py:109} WARNING - /home/***/.local/lib/python3.9/site-packages/***/settings.py:209: DeprecationWarning: The sql_alchemy_conn option in [core] has been moved to the sql_alchemy_conn option in [database] - the old setting has been used, but please update your config.
  SQL_ALCHEMY_CONN = conf.get("database", "SQL_ALCHEMY_CONN")

[2026-02-16T18:12:02.358+0000] {task_command.py:467} INFO - Running <TaskInstance: date_load_postgres.get_date scheduled__2026-02-14T10:00:00+00:00 [running]> on host 80c391c4cc85
[2026-02-16T18:12:02.358+0000] {warnings.py:109} WARNING - /home/***/.local/lib/python3.9/site-packages/***/settings.py:470: DeprecationWarning: The sql_alchemy_conn option in [core] has been moved to the sql_alchemy_conn option in [database] - the old setting has been used, but please update your config.
  if conf.get("database", "sql_alchemy_conn") == "none://":

[2026-02-16T18:12:02.404+0000] {taskinstance.py:3134} INFO - Exporting env vars: AIRFLOW_CTX_DAG_OWNER='a.sorokin' AIRFLOW_CTX_DAG_ID='date_load_postgres' AIRFLOW_CTX_TASK_ID='get_date' AIRFLOW_CTX_EXECUTION_DATE='2026-02-14T10:00:00+00:00' AIRFLOW_CTX_TRY_NUMBER='1' AIRFLOW_CTX_DAG_RUN_ID='scheduled__2026-02-14T10:00:00+00:00'
[2026-02-16T18:12:02.404+0000] {taskinstance.py:732} INFO - ::endgroup::
[2026-02-16T18:12:02.496+0000] {python.py:240} INFO - Done. Returned value was: None
[2026-02-16T18:12:02.502+0000] {taskinstance.py:341} INFO - ::group::Post task execution logs
[2026-02-16T18:12:02.502+0000] {taskinstance.py:353} INFO - Marking task as SUCCESS. dag_id=date_load_postgres, task_id=get_date, run_id=scheduled__2026-02-14T10:00:00+00:00, execution_date=20260214T100000, start_date=20260216T181202, end_date=20260216T181202
[2026-02-16T18:12:02.539+0000] {local_task_job_runner.py:266} INFO - Task exited with return code 0
[2026-02-16T18:12:02.555+0000] {taskinstance.py:3901} INFO - 1 downstream tasks scheduled from follow-on schedule check
[2026-02-16T18:12:02.556+0000] {local_task_job_runner.py:245} INFO - ::endgroup::
