[2026-02-13T23:58:20.868+0000] {local_task_job_runner.py:123} INFO - ::group::Pre task execution logs
[2026-02-13T23:58:20.887+0000] {taskinstance.py:2614} INFO - Dependencies all met for dep_context=non-requeueable deps ti=<TaskInstance: download_iot.download_data scheduled__2026-02-09T10:00:00+00:00 [queued]>
[2026-02-13T23:58:20.896+0000] {taskinstance.py:2614} INFO - Dependencies all met for dep_context=requeueable deps ti=<TaskInstance: download_iot.download_data scheduled__2026-02-09T10:00:00+00:00 [queued]>
[2026-02-13T23:58:20.896+0000] {taskinstance.py:2867} INFO - Starting attempt 1 of 4
[2026-02-13T23:58:20.912+0000] {taskinstance.py:2890} INFO - Executing <Task(PythonOperator): download_data> on 2026-02-09 10:00:00+00:00
[2026-02-13T23:58:20.917+0000] {standard_task_runner.py:72} INFO - Started process 114 to run task
[2026-02-13T23:58:20.921+0000] {standard_task_runner.py:104} INFO - Running: ['***', 'tasks', 'run', 'download_iot', 'download_data', 'scheduled__2026-02-09T10:00:00+00:00', '--job-id', '12', '--raw', '--subdir', 'DAGS_FOLDER/download_iot.py', '--cfg-path', '/tmp/tmpibuxf0ky']
[2026-02-13T23:58:20.922+0000] {standard_task_runner.py:105} INFO - Job 12: Subtask download_data
[2026-02-13T23:58:20.931+0000] {warnings.py:109} WARNING - /home/***/.local/lib/python3.9/site-packages/***/settings.py:209: DeprecationWarning: The sql_alchemy_conn option in [core] has been moved to the sql_alchemy_conn option in [database] - the old setting has been used, but please update your config.
  SQL_ALCHEMY_CONN = conf.get("database", "SQL_ALCHEMY_CONN")

[2026-02-13T23:58:20.954+0000] {task_command.py:467} INFO - Running <TaskInstance: download_iot.download_data scheduled__2026-02-09T10:00:00+00:00 [running]> on host 2ca27e65cbff
[2026-02-13T23:58:20.954+0000] {warnings.py:109} WARNING - /home/***/.local/lib/python3.9/site-packages/***/settings.py:470: DeprecationWarning: The sql_alchemy_conn option in [core] has been moved to the sql_alchemy_conn option in [database] - the old setting has been used, but please update your config.
  if conf.get("database", "sql_alchemy_conn") == "none://":

[2026-02-13T23:58:21.002+0000] {taskinstance.py:3134} INFO - Exporting env vars: AIRFLOW_CTX_DAG_OWNER='a.sorokin' AIRFLOW_CTX_DAG_ID='download_iot' AIRFLOW_CTX_TASK_ID='download_data' AIRFLOW_CTX_EXECUTION_DATE='2026-02-09T10:00:00+00:00' AIRFLOW_CTX_TRY_NUMBER='1' AIRFLOW_CTX_DAG_RUN_ID='scheduled__2026-02-09T10:00:00+00:00'
[2026-02-13T23:58:21.002+0000] {taskinstance.py:732} INFO - ::endgroup::
[2026-02-13T23:58:21.011+0000] {logging_mixin.py:190} INFO - Dataset URL: https://www.kaggle.com/datasets/atulanandjha/temperature-readings-iot-devices
[2026-02-13T23:58:22.220+0000] {download_iot.py:66} INFO - Данные успешно загружены с Kaggle!
[2026-02-13T23:58:22.220+0000] {python.py:240} INFO - Done. Returned value was: None
[2026-02-13T23:58:22.226+0000] {taskinstance.py:341} INFO - ::group::Post task execution logs
[2026-02-13T23:58:22.227+0000] {taskinstance.py:353} INFO - Marking task as SUCCESS. dag_id=download_iot, task_id=download_data, run_id=scheduled__2026-02-09T10:00:00+00:00, execution_date=20260209T100000, start_date=20260213T235820, end_date=20260213T235822
[2026-02-13T23:58:22.295+0000] {local_task_job_runner.py:266} INFO - Task exited with return code 0
[2026-02-13T23:58:22.307+0000] {taskinstance.py:3901} INFO - 0 downstream tasks scheduled from follow-on schedule check
[2026-02-13T23:58:22.308+0000] {local_task_job_runner.py:245} INFO - ::endgroup::
[2026-02-14T00:25:56.860+0000] {local_task_job_runner.py:123} INFO - ::group::Pre task execution logs
[2026-02-14T00:25:56.873+0000] {taskinstance.py:2614} INFO - Dependencies all met for dep_context=non-requeueable deps ti=<TaskInstance: download_iot.download_data scheduled__2026-02-09T10:00:00+00:00 [queued]>
[2026-02-14T00:25:56.878+0000] {taskinstance.py:2614} INFO - Dependencies all met for dep_context=requeueable deps ti=<TaskInstance: download_iot.download_data scheduled__2026-02-09T10:00:00+00:00 [queued]>
[2026-02-14T00:25:56.878+0000] {taskinstance.py:2867} INFO - Starting attempt 1 of 4
[2026-02-14T00:25:56.886+0000] {taskinstance.py:2890} INFO - Executing <Task(PythonOperator): download_data> on 2026-02-09 10:00:00+00:00
[2026-02-14T00:25:56.889+0000] {standard_task_runner.py:72} INFO - Started process 115 to run task
[2026-02-14T00:25:56.891+0000] {standard_task_runner.py:104} INFO - Running: ['***', 'tasks', 'run', 'download_iot', 'download_data', 'scheduled__2026-02-09T10:00:00+00:00', '--job-id', '12', '--raw', '--subdir', 'DAGS_FOLDER/download_iot.py', '--cfg-path', '/tmp/tmpwul2vo4g']
[2026-02-14T00:25:56.893+0000] {standard_task_runner.py:105} INFO - Job 12: Subtask download_data
[2026-02-14T00:25:56.901+0000] {warnings.py:109} WARNING - /home/***/.local/lib/python3.9/site-packages/***/settings.py:209: DeprecationWarning: The sql_alchemy_conn option in [core] has been moved to the sql_alchemy_conn option in [database] - the old setting has been used, but please update your config.
  SQL_ALCHEMY_CONN = conf.get("database", "SQL_ALCHEMY_CONN")

[2026-02-14T00:25:56.922+0000] {task_command.py:467} INFO - Running <TaskInstance: download_iot.download_data scheduled__2026-02-09T10:00:00+00:00 [running]> on host b58edd37553d
[2026-02-14T00:25:56.923+0000] {warnings.py:109} WARNING - /home/***/.local/lib/python3.9/site-packages/***/settings.py:470: DeprecationWarning: The sql_alchemy_conn option in [core] has been moved to the sql_alchemy_conn option in [database] - the old setting has been used, but please update your config.
  if conf.get("database", "sql_alchemy_conn") == "none://":

[2026-02-14T00:25:56.972+0000] {taskinstance.py:3134} INFO - Exporting env vars: AIRFLOW_CTX_DAG_OWNER='a.sorokin' AIRFLOW_CTX_DAG_ID='download_iot' AIRFLOW_CTX_TASK_ID='download_data' AIRFLOW_CTX_EXECUTION_DATE='2026-02-09T10:00:00+00:00' AIRFLOW_CTX_TRY_NUMBER='1' AIRFLOW_CTX_DAG_RUN_ID='scheduled__2026-02-09T10:00:00+00:00'
[2026-02-14T00:25:56.973+0000] {taskinstance.py:732} INFO - ::endgroup::
[2026-02-14T00:25:56.981+0000] {logging_mixin.py:190} INFO - Dataset URL: https://www.kaggle.com/datasets/atulanandjha/temperature-readings-iot-devices
[2026-02-14T00:25:57.822+0000] {download_iot.py:66} INFO - Данные успешно загружены с Kaggle!
[2026-02-14T00:25:57.823+0000] {python.py:240} INFO - Done. Returned value was: None
[2026-02-14T00:25:57.830+0000] {taskinstance.py:341} INFO - ::group::Post task execution logs
[2026-02-14T00:25:57.830+0000] {taskinstance.py:353} INFO - Marking task as SUCCESS. dag_id=download_iot, task_id=download_data, run_id=scheduled__2026-02-09T10:00:00+00:00, execution_date=20260209T100000, start_date=20260214T002556, end_date=20260214T002557
[2026-02-14T00:25:57.865+0000] {local_task_job_runner.py:266} INFO - Task exited with return code 0
[2026-02-14T00:25:57.877+0000] {taskinstance.py:3901} INFO - 0 downstream tasks scheduled from follow-on schedule check
[2026-02-14T00:25:57.878+0000] {local_task_job_runner.py:245} INFO - ::endgroup::
[2026-02-14T16:30:32.189+0000] {local_task_job_runner.py:123} INFO - ::group::Pre task execution logs
[2026-02-14T16:30:32.203+0000] {taskinstance.py:2614} INFO - Dependencies all met for dep_context=non-requeueable deps ti=<TaskInstance: download_iot.download_data scheduled__2026-02-09T10:00:00+00:00 [queued]>
[2026-02-14T16:30:32.208+0000] {taskinstance.py:2614} INFO - Dependencies all met for dep_context=requeueable deps ti=<TaskInstance: download_iot.download_data scheduled__2026-02-09T10:00:00+00:00 [queued]>
[2026-02-14T16:30:32.209+0000] {taskinstance.py:2867} INFO - Starting attempt 1 of 4
[2026-02-14T16:30:32.216+0000] {taskinstance.py:2890} INFO - Executing <Task(PythonOperator): download_data> on 2026-02-09 10:00:00+00:00
[2026-02-14T16:30:32.220+0000] {standard_task_runner.py:72} INFO - Started process 178 to run task
[2026-02-14T16:30:32.222+0000] {standard_task_runner.py:104} INFO - Running: ['***', 'tasks', 'run', 'download_iot', 'download_data', 'scheduled__2026-02-09T10:00:00+00:00', '--job-id', '28', '--raw', '--subdir', 'DAGS_FOLDER/download_iot.py', '--cfg-path', '/tmp/tmp8hp_9_5e']
[2026-02-14T16:30:32.223+0000] {standard_task_runner.py:105} INFO - Job 28: Subtask download_data
[2026-02-14T16:30:32.231+0000] {warnings.py:109} WARNING - /home/***/.local/lib/python3.9/site-packages/***/settings.py:209: DeprecationWarning: The sql_alchemy_conn option in [core] has been moved to the sql_alchemy_conn option in [database] - the old setting has been used, but please update your config.
  SQL_ALCHEMY_CONN = conf.get("database", "SQL_ALCHEMY_CONN")

[2026-02-14T16:30:32.252+0000] {task_command.py:467} INFO - Running <TaskInstance: download_iot.download_data scheduled__2026-02-09T10:00:00+00:00 [running]> on host a5c4ed865bb5
[2026-02-14T16:30:32.252+0000] {warnings.py:109} WARNING - /home/***/.local/lib/python3.9/site-packages/***/settings.py:470: DeprecationWarning: The sql_alchemy_conn option in [core] has been moved to the sql_alchemy_conn option in [database] - the old setting has been used, but please update your config.
  if conf.get("database", "sql_alchemy_conn") == "none://":

[2026-02-14T16:30:32.301+0000] {taskinstance.py:3134} INFO - Exporting env vars: AIRFLOW_CTX_DAG_OWNER='a.sorokin' AIRFLOW_CTX_DAG_ID='download_iot' AIRFLOW_CTX_TASK_ID='download_data' AIRFLOW_CTX_EXECUTION_DATE='2026-02-09T10:00:00+00:00' AIRFLOW_CTX_TRY_NUMBER='1' AIRFLOW_CTX_DAG_RUN_ID='scheduled__2026-02-09T10:00:00+00:00'
[2026-02-14T16:30:32.302+0000] {taskinstance.py:732} INFO - ::endgroup::
[2026-02-14T16:30:32.310+0000] {logging_mixin.py:190} INFO - Dataset URL: https://www.kaggle.com/datasets/atulanandjha/temperature-readings-iot-devices
[2026-02-14T16:30:33.498+0000] {download_iot.py:66} INFO - Данные успешно загружены с Kaggle!
[2026-02-14T16:30:33.499+0000] {python.py:240} INFO - Done. Returned value was: None
[2026-02-14T16:30:33.505+0000] {taskinstance.py:341} INFO - ::group::Post task execution logs
[2026-02-14T16:30:33.505+0000] {taskinstance.py:353} INFO - Marking task as SUCCESS. dag_id=download_iot, task_id=download_data, run_id=scheduled__2026-02-09T10:00:00+00:00, execution_date=20260209T100000, start_date=20260214T163032, end_date=20260214T163033
[2026-02-14T16:30:33.556+0000] {local_task_job_runner.py:266} INFO - Task exited with return code 0
[2026-02-14T16:30:33.568+0000] {taskinstance.py:3901} INFO - 0 downstream tasks scheduled from follow-on schedule check
[2026-02-14T16:30:33.569+0000] {local_task_job_runner.py:245} INFO - ::endgroup::
[2026-02-14T17:47:54.224+0000] {local_task_job_runner.py:123} INFO - ::group::Pre task execution logs
[2026-02-14T17:47:54.236+0000] {taskinstance.py:2614} INFO - Dependencies all met for dep_context=non-requeueable deps ti=<TaskInstance: download_iot.download_data scheduled__2026-02-09T10:00:00+00:00 [queued]>
[2026-02-14T17:47:54.241+0000] {taskinstance.py:2614} INFO - Dependencies all met for dep_context=requeueable deps ti=<TaskInstance: download_iot.download_data scheduled__2026-02-09T10:00:00+00:00 [queued]>
[2026-02-14T17:47:54.241+0000] {taskinstance.py:2867} INFO - Starting attempt 1 of 4
[2026-02-14T17:47:54.247+0000] {taskinstance.py:2890} INFO - Executing <Task(PythonOperator): download_data> on 2026-02-09 10:00:00+00:00
[2026-02-14T17:47:54.251+0000] {standard_task_runner.py:72} INFO - Started process 178 to run task
[2026-02-14T17:47:54.253+0000] {standard_task_runner.py:104} INFO - Running: ['***', 'tasks', 'run', 'download_iot', 'download_data', 'scheduled__2026-02-09T10:00:00+00:00', '--job-id', '28', '--raw', '--subdir', 'DAGS_FOLDER/download_iot.py', '--cfg-path', '/tmp/tmpnh5ycpxq']
[2026-02-14T17:47:54.254+0000] {standard_task_runner.py:105} INFO - Job 28: Subtask download_data
[2026-02-14T17:47:54.262+0000] {warnings.py:109} WARNING - /home/***/.local/lib/python3.9/site-packages/***/settings.py:209: DeprecationWarning: The sql_alchemy_conn option in [core] has been moved to the sql_alchemy_conn option in [database] - the old setting has been used, but please update your config.
  SQL_ALCHEMY_CONN = conf.get("database", "SQL_ALCHEMY_CONN")

[2026-02-14T17:47:54.282+0000] {task_command.py:467} INFO - Running <TaskInstance: download_iot.download_data scheduled__2026-02-09T10:00:00+00:00 [running]> on host 9052c134cdec
[2026-02-14T17:47:54.282+0000] {warnings.py:109} WARNING - /home/***/.local/lib/python3.9/site-packages/***/settings.py:470: DeprecationWarning: The sql_alchemy_conn option in [core] has been moved to the sql_alchemy_conn option in [database] - the old setting has been used, but please update your config.
  if conf.get("database", "sql_alchemy_conn") == "none://":

[2026-02-14T17:47:54.338+0000] {taskinstance.py:3134} INFO - Exporting env vars: AIRFLOW_CTX_DAG_OWNER='a.sorokin' AIRFLOW_CTX_DAG_ID='download_iot' AIRFLOW_CTX_TASK_ID='download_data' AIRFLOW_CTX_EXECUTION_DATE='2026-02-09T10:00:00+00:00' AIRFLOW_CTX_TRY_NUMBER='1' AIRFLOW_CTX_DAG_RUN_ID='scheduled__2026-02-09T10:00:00+00:00'
[2026-02-14T17:47:54.338+0000] {taskinstance.py:732} INFO - ::endgroup::
[2026-02-14T17:47:54.346+0000] {logging_mixin.py:190} INFO - Dataset URL: https://www.kaggle.com/datasets/atulanandjha/temperature-readings-iot-devices
[2026-02-14T17:47:55.517+0000] {download_iot.py:66} INFO - Данные успешно загружены с Kaggle!
[2026-02-14T17:47:55.518+0000] {python.py:240} INFO - Done. Returned value was: None
[2026-02-14T17:47:55.525+0000] {taskinstance.py:341} INFO - ::group::Post task execution logs
[2026-02-14T17:47:55.525+0000] {taskinstance.py:353} INFO - Marking task as SUCCESS. dag_id=download_iot, task_id=download_data, run_id=scheduled__2026-02-09T10:00:00+00:00, execution_date=20260209T100000, start_date=20260214T174754, end_date=20260214T174755
[2026-02-14T17:47:55.588+0000] {local_task_job_runner.py:266} INFO - Task exited with return code 0
[2026-02-14T17:47:55.600+0000] {taskinstance.py:3901} INFO - 0 downstream tasks scheduled from follow-on schedule check
[2026-02-14T17:47:55.601+0000] {local_task_job_runner.py:245} INFO - ::endgroup::
[2026-02-14T18:12:53.803+0000] {local_task_job_runner.py:123} INFO - ::group::Pre task execution logs
[2026-02-14T18:12:53.817+0000] {taskinstance.py:2614} INFO - Dependencies all met for dep_context=non-requeueable deps ti=<TaskInstance: download_iot.download_data scheduled__2026-02-09T10:00:00+00:00 [queued]>
[2026-02-14T18:12:53.823+0000] {taskinstance.py:2614} INFO - Dependencies all met for dep_context=requeueable deps ti=<TaskInstance: download_iot.download_data scheduled__2026-02-09T10:00:00+00:00 [queued]>
[2026-02-14T18:12:53.823+0000] {taskinstance.py:2867} INFO - Starting attempt 1 of 4
[2026-02-14T18:12:53.830+0000] {taskinstance.py:2890} INFO - Executing <Task(PythonOperator): download_data> on 2026-02-09 10:00:00+00:00
[2026-02-14T18:12:53.834+0000] {standard_task_runner.py:72} INFO - Started process 190 to run task
[2026-02-14T18:12:53.836+0000] {standard_task_runner.py:104} INFO - Running: ['***', 'tasks', 'run', 'download_iot', 'download_data', 'scheduled__2026-02-09T10:00:00+00:00', '--job-id', '31', '--raw', '--subdir', 'DAGS_FOLDER/download_iot.py', '--cfg-path', '/tmp/tmpl2xc4gsu']
[2026-02-14T18:12:53.837+0000] {standard_task_runner.py:105} INFO - Job 31: Subtask download_data
[2026-02-14T18:12:53.846+0000] {warnings.py:109} WARNING - /home/***/.local/lib/python3.9/site-packages/***/settings.py:209: DeprecationWarning: The sql_alchemy_conn option in [core] has been moved to the sql_alchemy_conn option in [database] - the old setting has been used, but please update your config.
  SQL_ALCHEMY_CONN = conf.get("database", "SQL_ALCHEMY_CONN")

[2026-02-14T18:12:53.868+0000] {task_command.py:467} INFO - Running <TaskInstance: download_iot.download_data scheduled__2026-02-09T10:00:00+00:00 [running]> on host bb762b62a2c2
[2026-02-14T18:12:53.868+0000] {warnings.py:109} WARNING - /home/***/.local/lib/python3.9/site-packages/***/settings.py:470: DeprecationWarning: The sql_alchemy_conn option in [core] has been moved to the sql_alchemy_conn option in [database] - the old setting has been used, but please update your config.
  if conf.get("database", "sql_alchemy_conn") == "none://":

[2026-02-14T18:12:53.917+0000] {taskinstance.py:3134} INFO - Exporting env vars: AIRFLOW_CTX_DAG_OWNER='a.sorokin' AIRFLOW_CTX_DAG_ID='download_iot' AIRFLOW_CTX_TASK_ID='download_data' AIRFLOW_CTX_EXECUTION_DATE='2026-02-09T10:00:00+00:00' AIRFLOW_CTX_TRY_NUMBER='1' AIRFLOW_CTX_DAG_RUN_ID='scheduled__2026-02-09T10:00:00+00:00'
[2026-02-14T18:12:53.918+0000] {taskinstance.py:732} INFO - ::endgroup::
[2026-02-14T18:12:53.927+0000] {logging_mixin.py:190} INFO - Dataset URL: https://www.kaggle.com/datasets/atulanandjha/temperature-readings-iot-devices
[2026-02-14T18:12:55.117+0000] {download_iot.py:66} INFO - Данные успешно загружены с Kaggle!
[2026-02-14T18:12:55.118+0000] {python.py:240} INFO - Done. Returned value was: None
[2026-02-14T18:12:55.125+0000] {taskinstance.py:341} INFO - ::group::Post task execution logs
[2026-02-14T18:12:55.125+0000] {taskinstance.py:353} INFO - Marking task as SUCCESS. dag_id=download_iot, task_id=download_data, run_id=scheduled__2026-02-09T10:00:00+00:00, execution_date=20260209T100000, start_date=20260214T181253, end_date=20260214T181255
[2026-02-14T18:12:55.291+0000] {local_task_job_runner.py:266} INFO - Task exited with return code 0
[2026-02-14T18:12:55.304+0000] {taskinstance.py:3901} INFO - 0 downstream tasks scheduled from follow-on schedule check
[2026-02-14T18:12:55.306+0000] {local_task_job_runner.py:245} INFO - ::endgroup::
