[2026-02-16T17:06:17.782+0000] {local_task_job_runner.py:123} INFO - ::group::Pre task execution logs
[2026-02-16T17:06:17.795+0000] {taskinstance.py:2614} INFO - Dependencies all met for dep_context=non-requeueable deps ti=<TaskInstance: date_load_postgres.download_data scheduled__2026-01-30T10:00:00+00:00 [queued]>
[2026-02-16T17:06:17.801+0000] {taskinstance.py:2614} INFO - Dependencies all met for dep_context=requeueable deps ti=<TaskInstance: date_load_postgres.download_data scheduled__2026-01-30T10:00:00+00:00 [queued]>
[2026-02-16T17:06:17.801+0000] {taskinstance.py:2867} INFO - Starting attempt 4 of 7
[2026-02-16T17:06:17.808+0000] {taskinstance.py:2890} INFO - Executing <Task(PythonOperator): download_data> on 2026-01-30 10:00:00+00:00
[2026-02-16T17:06:17.813+0000] {standard_task_runner.py:72} INFO - Started process 1461 to run task
[2026-02-16T17:06:17.815+0000] {standard_task_runner.py:104} INFO - Running: ['***', 'tasks', 'run', 'date_load_postgres', 'download_data', 'scheduled__2026-01-30T10:00:00+00:00', '--job-id', '347', '--raw', '--subdir', 'DAGS_FOLDER/date_load_postrges.py', '--cfg-path', '/tmp/tmpm8usfx73']
[2026-02-16T17:06:17.817+0000] {standard_task_runner.py:105} INFO - Job 347: Subtask download_data
[2026-02-16T17:06:17.825+0000] {warnings.py:109} WARNING - /home/***/.local/lib/python3.9/site-packages/***/settings.py:209: DeprecationWarning: The sql_alchemy_conn option in [core] has been moved to the sql_alchemy_conn option in [database] - the old setting has been used, but please update your config.
  SQL_ALCHEMY_CONN = conf.get("database", "SQL_ALCHEMY_CONN")

[2026-02-16T17:06:17.848+0000] {task_command.py:467} INFO - Running <TaskInstance: date_load_postgres.download_data scheduled__2026-01-30T10:00:00+00:00 [running]> on host 6ef9a94e694d
[2026-02-16T17:06:17.848+0000] {warnings.py:109} WARNING - /home/***/.local/lib/python3.9/site-packages/***/settings.py:470: DeprecationWarning: The sql_alchemy_conn option in [core] has been moved to the sql_alchemy_conn option in [database] - the old setting has been used, but please update your config.
  if conf.get("database", "sql_alchemy_conn") == "none://":

[2026-02-16T17:06:17.897+0000] {taskinstance.py:3134} INFO - Exporting env vars: AIRFLOW_CTX_DAG_OWNER='a.sorokin' AIRFLOW_CTX_DAG_ID='date_load_postgres' AIRFLOW_CTX_TASK_ID='download_data' AIRFLOW_CTX_EXECUTION_DATE='2026-01-30T10:00:00+00:00' AIRFLOW_CTX_TRY_NUMBER='4' AIRFLOW_CTX_DAG_RUN_ID='scheduled__2026-01-30T10:00:00+00:00'
[2026-02-16T17:06:17.898+0000] {taskinstance.py:732} INFO - ::endgroup::
[2026-02-16T17:06:17.908+0000] {logging_mixin.py:190} INFO - Dataset URL: https://www.kaggle.com/datasets/atulanandjha/temperature-readings-iot-devices
[2026-02-16T17:06:19.157+0000] {date_load_postrges.py:69} INFO - Данные успешно загружены с Kaggle!
[2026-02-16T17:06:19.158+0000] {python.py:240} INFO - Done. Returned value was: None
[2026-02-16T17:06:19.164+0000] {taskinstance.py:341} INFO - ::group::Post task execution logs
[2026-02-16T17:06:19.164+0000] {taskinstance.py:353} INFO - Marking task as SUCCESS. dag_id=date_load_postgres, task_id=download_data, run_id=scheduled__2026-01-30T10:00:00+00:00, execution_date=20260130T100000, start_date=20260216T170617, end_date=20260216T170619
[2026-02-16T17:06:19.230+0000] {local_task_job_runner.py:266} INFO - Task exited with return code 0
[2026-02-16T17:06:19.251+0000] {taskinstance.py:3901} INFO - 1 downstream tasks scheduled from follow-on schedule check
[2026-02-16T17:06:19.252+0000] {local_task_job_runner.py:245} INFO - ::endgroup::
[2026-02-16T18:00:29.980+0000] {local_task_job_runner.py:123} INFO - ::group::Pre task execution logs
[2026-02-16T18:00:29.993+0000] {taskinstance.py:2614} INFO - Dependencies all met for dep_context=non-requeueable deps ti=<TaskInstance: date_load_postgres.download_data scheduled__2026-01-30T10:00:00+00:00 [queued]>
[2026-02-16T18:00:29.998+0000] {taskinstance.py:2614} INFO - Dependencies all met for dep_context=requeueable deps ti=<TaskInstance: date_load_postgres.download_data scheduled__2026-01-30T10:00:00+00:00 [queued]>
[2026-02-16T18:00:29.999+0000] {taskinstance.py:2867} INFO - Starting attempt 4 of 7
[2026-02-16T18:00:30.005+0000] {taskinstance.py:2890} INFO - Executing <Task(PythonOperator): download_data> on 2026-01-30 10:00:00+00:00
[2026-02-16T18:00:30.010+0000] {standard_task_runner.py:72} INFO - Started process 296 to run task
[2026-02-16T18:00:30.012+0000] {standard_task_runner.py:104} INFO - Running: ['***', 'tasks', 'run', 'date_load_postgres', 'download_data', 'scheduled__2026-01-30T10:00:00+00:00', '--job-id', '53', '--raw', '--subdir', 'DAGS_FOLDER/date_load_postrges.py', '--cfg-path', '/tmp/tmp6wofl8he']
[2026-02-16T18:00:30.014+0000] {standard_task_runner.py:105} INFO - Job 53: Subtask download_data
[2026-02-16T18:00:30.022+0000] {warnings.py:109} WARNING - /home/***/.local/lib/python3.9/site-packages/***/settings.py:209: DeprecationWarning: The sql_alchemy_conn option in [core] has been moved to the sql_alchemy_conn option in [database] - the old setting has been used, but please update your config.
  SQL_ALCHEMY_CONN = conf.get("database", "SQL_ALCHEMY_CONN")

[2026-02-16T18:00:30.044+0000] {task_command.py:467} INFO - Running <TaskInstance: date_load_postgres.download_data scheduled__2026-01-30T10:00:00+00:00 [running]> on host 80c391c4cc85
[2026-02-16T18:00:30.044+0000] {warnings.py:109} WARNING - /home/***/.local/lib/python3.9/site-packages/***/settings.py:470: DeprecationWarning: The sql_alchemy_conn option in [core] has been moved to the sql_alchemy_conn option in [database] - the old setting has been used, but please update your config.
  if conf.get("database", "sql_alchemy_conn") == "none://":

[2026-02-16T18:00:30.089+0000] {taskinstance.py:3134} INFO - Exporting env vars: AIRFLOW_CTX_DAG_OWNER='a.sorokin' AIRFLOW_CTX_DAG_ID='date_load_postgres' AIRFLOW_CTX_TASK_ID='download_data' AIRFLOW_CTX_EXECUTION_DATE='2026-01-30T10:00:00+00:00' AIRFLOW_CTX_TRY_NUMBER='4' AIRFLOW_CTX_DAG_RUN_ID='scheduled__2026-01-30T10:00:00+00:00'
[2026-02-16T18:00:30.089+0000] {taskinstance.py:732} INFO - ::endgroup::
[2026-02-16T18:00:30.098+0000] {logging_mixin.py:190} INFO - Dataset URL: https://www.kaggle.com/datasets/atulanandjha/temperature-readings-iot-devices
[2026-02-16T18:00:31.642+0000] {date_load_postrges.py:66} INFO - Данные успешно загружены с Kaggle!
[2026-02-16T18:00:31.643+0000] {python.py:240} INFO - Done. Returned value was: None
[2026-02-16T18:00:31.649+0000] {taskinstance.py:341} INFO - ::group::Post task execution logs
[2026-02-16T18:00:31.649+0000] {taskinstance.py:353} INFO - Marking task as SUCCESS. dag_id=date_load_postgres, task_id=download_data, run_id=scheduled__2026-01-30T10:00:00+00:00, execution_date=20260130T100000, start_date=20260216T180029, end_date=20260216T180031
[2026-02-16T18:00:31.708+0000] {local_task_job_runner.py:266} INFO - Task exited with return code 0
[2026-02-16T18:00:31.715+0000] {local_task_job_runner.py:245} INFO - ::endgroup::
