[2026-02-14T16:34:51.128+0000] {local_task_job_runner.py:123} INFO - ::group::Pre task execution logs
[2026-02-14T16:34:51.146+0000] {taskinstance.py:2614} INFO - Dependencies all met for dep_context=non-requeueable deps ti=<TaskInstance: parse_iot.log_info scheduled__2026-02-09T10:00:00+00:00 [queued]>
[2026-02-14T16:34:51.153+0000] {taskinstance.py:2614} INFO - Dependencies all met for dep_context=requeueable deps ti=<TaskInstance: parse_iot.log_info scheduled__2026-02-09T10:00:00+00:00 [queued]>
[2026-02-14T16:34:51.153+0000] {taskinstance.py:2867} INFO - Starting attempt 1 of 4
[2026-02-14T16:34:51.160+0000] {taskinstance.py:2890} INFO - Executing <Task(PythonOperator): log_info> on 2026-02-09 10:00:00+00:00
[2026-02-14T16:34:51.165+0000] {standard_task_runner.py:72} INFO - Started process 719 to run task
[2026-02-14T16:34:51.167+0000] {standard_task_runner.py:104} INFO - Running: ['***', 'tasks', 'run', 'parse_iot', 'log_info', 'scheduled__2026-02-09T10:00:00+00:00', '--job-id', '163', '--raw', '--subdir', 'DAGS_FOLDER/parse_iot.py', '--cfg-path', '/tmp/tmpmrqugssi']
[2026-02-14T16:34:51.168+0000] {standard_task_runner.py:105} INFO - Job 163: Subtask log_info
[2026-02-14T16:34:51.176+0000] {warnings.py:109} WARNING - /home/***/.local/lib/python3.9/site-packages/***/settings.py:209: DeprecationWarning: The sql_alchemy_conn option in [core] has been moved to the sql_alchemy_conn option in [database] - the old setting has been used, but please update your config.
  SQL_ALCHEMY_CONN = conf.get("database", "SQL_ALCHEMY_CONN")

[2026-02-14T16:34:51.197+0000] {task_command.py:467} INFO - Running <TaskInstance: parse_iot.log_info scheduled__2026-02-09T10:00:00+00:00 [running]> on host a5c4ed865bb5
[2026-02-14T16:34:51.198+0000] {warnings.py:109} WARNING - /home/***/.local/lib/python3.9/site-packages/***/settings.py:470: DeprecationWarning: The sql_alchemy_conn option in [core] has been moved to the sql_alchemy_conn option in [database] - the old setting has been used, but please update your config.
  if conf.get("database", "sql_alchemy_conn") == "none://":

[2026-02-14T16:34:51.258+0000] {taskinstance.py:3134} INFO - Exporting env vars: AIRFLOW_CTX_DAG_OWNER='a.sorokin' AIRFLOW_CTX_DAG_ID='parse_iot' AIRFLOW_CTX_TASK_ID='log_info' AIRFLOW_CTX_EXECUTION_DATE='2026-02-09T10:00:00+00:00' AIRFLOW_CTX_TRY_NUMBER='1' AIRFLOW_CTX_DAG_RUN_ID='scheduled__2026-02-09T10:00:00+00:00'
[2026-02-14T16:34:51.259+0000] {taskinstance.py:732} INFO - ::endgroup::
[2026-02-14T16:34:51.322+0000] {parse_iot.py:93} INFO - 5 САМЫX ТЕПЛЫX ДНЕЙ
[2026-02-14T16:34:51.330+0000] {logging_mixin.py:190} INFO -                    id  room_id/id           noted_date  temp out/in
52556  36405_139a524d  Room Admin  2018-09-30 00:00:00    51    Out
52562  36382_f6ec793e  Room Admin  2018-09-30 00:00:00    51    Out
52690  35883_fd412553  Room Admin  2018-09-30 00:00:00    50    Out
53055  34878_739e9bd2  Room Admin  2018-09-29 00:00:00    50    Out
52743  35689_d0cc0553  Room Admin  2018-09-30 00:00:00    50    Out
[2026-02-14T16:34:51.331+0000] {parse_iot.py:96} INFO - 5 САМЫX ХОЛОДНЫХ ДНЕЙ
[2026-02-14T16:34:51.339+0000] {logging_mixin.py:190} INFO -                    id  room_id/id           noted_date  temp out/in
5759  177074_72ce2c39  Room Admin  2018-12-03 00:00:00    21     In
5758  177075_1afebd80  Room Admin  2018-12-03 00:00:00    21     In
5751  177085_72929c6f  Room Admin  2018-12-03 00:00:00    22     In
5750  177086_0a61c668  Room Admin  2018-12-03 00:00:00    22     In
5757  177077_7002033c  Room Admin  2018-12-03 00:00:00    22     In
[2026-02-14T16:34:51.341+0000] {python.py:240} INFO - Done. Returned value was: None
[2026-02-14T16:34:51.348+0000] {taskinstance.py:341} INFO - ::group::Post task execution logs
[2026-02-14T16:34:51.348+0000] {taskinstance.py:353} INFO - Marking task as SUCCESS. dag_id=parse_iot, task_id=log_info, run_id=scheduled__2026-02-09T10:00:00+00:00, execution_date=20260209T100000, start_date=20260214T163451, end_date=20260214T163451
[2026-02-14T16:34:51.379+0000] {local_task_job_runner.py:266} INFO - Task exited with return code 0
[2026-02-14T16:34:51.389+0000] {taskinstance.py:3901} INFO - 0 downstream tasks scheduled from follow-on schedule check
[2026-02-14T16:34:51.390+0000] {local_task_job_runner.py:245} INFO - ::endgroup::
[2026-02-14T17:52:28.193+0000] {local_task_job_runner.py:123} INFO - ::group::Pre task execution logs
[2026-02-14T17:52:28.211+0000] {taskinstance.py:2614} INFO - Dependencies all met for dep_context=non-requeueable deps ti=<TaskInstance: parse_iot.log_info scheduled__2026-02-09T10:00:00+00:00 [queued]>
[2026-02-14T17:52:28.218+0000] {taskinstance.py:2614} INFO - Dependencies all met for dep_context=requeueable deps ti=<TaskInstance: parse_iot.log_info scheduled__2026-02-09T10:00:00+00:00 [queued]>
[2026-02-14T17:52:28.218+0000] {taskinstance.py:2867} INFO - Starting attempt 1 of 4
[2026-02-14T17:52:28.226+0000] {taskinstance.py:2890} INFO - Executing <Task(PythonOperator): log_info> on 2026-02-09 10:00:00+00:00
[2026-02-14T17:52:28.230+0000] {standard_task_runner.py:72} INFO - Started process 751 to run task
[2026-02-14T17:52:28.232+0000] {standard_task_runner.py:104} INFO - Running: ['***', 'tasks', 'run', 'parse_iot', 'log_info', 'scheduled__2026-02-09T10:00:00+00:00', '--job-id', '171', '--raw', '--subdir', 'DAGS_FOLDER/parse_iot.py', '--cfg-path', '/tmp/tmp63p3ezoj']
[2026-02-14T17:52:28.234+0000] {standard_task_runner.py:105} INFO - Job 171: Subtask log_info
[2026-02-14T17:52:28.242+0000] {warnings.py:109} WARNING - /home/***/.local/lib/python3.9/site-packages/***/settings.py:209: DeprecationWarning: The sql_alchemy_conn option in [core] has been moved to the sql_alchemy_conn option in [database] - the old setting has been used, but please update your config.
  SQL_ALCHEMY_CONN = conf.get("database", "SQL_ALCHEMY_CONN")

[2026-02-14T17:52:28.264+0000] {task_command.py:467} INFO - Running <TaskInstance: parse_iot.log_info scheduled__2026-02-09T10:00:00+00:00 [running]> on host 9052c134cdec
[2026-02-14T17:52:28.265+0000] {warnings.py:109} WARNING - /home/***/.local/lib/python3.9/site-packages/***/settings.py:470: DeprecationWarning: The sql_alchemy_conn option in [core] has been moved to the sql_alchemy_conn option in [database] - the old setting has been used, but please update your config.
  if conf.get("database", "sql_alchemy_conn") == "none://":

[2026-02-14T17:52:28.317+0000] {taskinstance.py:3134} INFO - Exporting env vars: AIRFLOW_CTX_DAG_OWNER='a.sorokin' AIRFLOW_CTX_DAG_ID='parse_iot' AIRFLOW_CTX_TASK_ID='log_info' AIRFLOW_CTX_EXECUTION_DATE='2026-02-09T10:00:00+00:00' AIRFLOW_CTX_TRY_NUMBER='1' AIRFLOW_CTX_DAG_RUN_ID='scheduled__2026-02-09T10:00:00+00:00'
[2026-02-14T17:52:28.317+0000] {taskinstance.py:732} INFO - ::endgroup::
[2026-02-14T17:52:28.382+0000] {parse_iot.py:93} INFO - 5 САМЫX ТЕПЛЫX ДНЕЙ
[2026-02-14T17:52:28.390+0000] {logging_mixin.py:190} INFO -                    id  room_id/id           noted_date  temp out/in
52556  36405_139a524d  Room Admin  2018-09-30 00:00:00    51    Out
52562  36382_f6ec793e  Room Admin  2018-09-30 00:00:00    51    Out
52690  35883_fd412553  Room Admin  2018-09-30 00:00:00    50    Out
53055  34878_739e9bd2  Room Admin  2018-09-29 00:00:00    50    Out
52743  35689_d0cc0553  Room Admin  2018-09-30 00:00:00    50    Out
[2026-02-14T17:52:28.391+0000] {parse_iot.py:96} INFO - 5 САМЫX ХОЛОДНЫХ ДНЕЙ
[2026-02-14T17:52:28.399+0000] {logging_mixin.py:190} INFO -                    id  room_id/id           noted_date  temp out/in
5759  177074_72ce2c39  Room Admin  2018-12-03 00:00:00    21     In
5758  177075_1afebd80  Room Admin  2018-12-03 00:00:00    21     In
5751  177085_72929c6f  Room Admin  2018-12-03 00:00:00    22     In
5750  177086_0a61c668  Room Admin  2018-12-03 00:00:00    22     In
5757  177077_7002033c  Room Admin  2018-12-03 00:00:00    22     In
[2026-02-14T17:52:28.401+0000] {python.py:240} INFO - Done. Returned value was: None
[2026-02-14T17:52:28.408+0000] {taskinstance.py:341} INFO - ::group::Post task execution logs
[2026-02-14T17:52:28.408+0000] {taskinstance.py:353} INFO - Marking task as SUCCESS. dag_id=parse_iot, task_id=log_info, run_id=scheduled__2026-02-09T10:00:00+00:00, execution_date=20260209T100000, start_date=20260214T175228, end_date=20260214T175228
[2026-02-14T17:52:28.444+0000] {local_task_job_runner.py:266} INFO - Task exited with return code 0
[2026-02-14T17:52:28.455+0000] {taskinstance.py:3901} INFO - 0 downstream tasks scheduled from follow-on schedule check
[2026-02-14T17:52:28.456+0000] {local_task_job_runner.py:245} INFO - ::endgroup::
[2026-02-14T18:17:08.716+0000] {local_task_job_runner.py:123} INFO - ::group::Pre task execution logs
[2026-02-14T18:17:08.738+0000] {taskinstance.py:2614} INFO - Dependencies all met for dep_context=non-requeueable deps ti=<TaskInstance: parse_iot.log_info scheduled__2026-02-09T10:00:00+00:00 [queued]>
[2026-02-14T18:17:08.747+0000] {taskinstance.py:2614} INFO - Dependencies all met for dep_context=requeueable deps ti=<TaskInstance: parse_iot.log_info scheduled__2026-02-09T10:00:00+00:00 [queued]>
[2026-02-14T18:17:08.747+0000] {taskinstance.py:2867} INFO - Starting attempt 1 of 4
[2026-02-14T18:17:08.757+0000] {taskinstance.py:2890} INFO - Executing <Task(PythonOperator): log_info> on 2026-02-09 10:00:00+00:00
[2026-02-14T18:17:08.763+0000] {standard_task_runner.py:72} INFO - Started process 631 to run task
[2026-02-14T18:17:08.765+0000] {standard_task_runner.py:104} INFO - Running: ['***', 'tasks', 'run', 'parse_iot', 'log_info', 'scheduled__2026-02-09T10:00:00+00:00', '--job-id', '141', '--raw', '--subdir', 'DAGS_FOLDER/parse_iot.py', '--cfg-path', '/tmp/tmp60eobjm4']
[2026-02-14T18:17:08.767+0000] {standard_task_runner.py:105} INFO - Job 141: Subtask log_info
[2026-02-14T18:17:08.776+0000] {warnings.py:109} WARNING - /home/***/.local/lib/python3.9/site-packages/***/settings.py:209: DeprecationWarning: The sql_alchemy_conn option in [core] has been moved to the sql_alchemy_conn option in [database] - the old setting has been used, but please update your config.
  SQL_ALCHEMY_CONN = conf.get("database", "SQL_ALCHEMY_CONN")

[2026-02-14T18:17:08.798+0000] {task_command.py:467} INFO - Running <TaskInstance: parse_iot.log_info scheduled__2026-02-09T10:00:00+00:00 [running]> on host bb762b62a2c2
[2026-02-14T18:17:08.798+0000] {warnings.py:109} WARNING - /home/***/.local/lib/python3.9/site-packages/***/settings.py:470: DeprecationWarning: The sql_alchemy_conn option in [core] has been moved to the sql_alchemy_conn option in [database] - the old setting has been used, but please update your config.
  if conf.get("database", "sql_alchemy_conn") == "none://":

[2026-02-14T18:17:08.851+0000] {taskinstance.py:3134} INFO - Exporting env vars: AIRFLOW_CTX_DAG_OWNER='a.sorokin' AIRFLOW_CTX_DAG_ID='parse_iot' AIRFLOW_CTX_TASK_ID='log_info' AIRFLOW_CTX_EXECUTION_DATE='2026-02-09T10:00:00+00:00' AIRFLOW_CTX_TRY_NUMBER='1' AIRFLOW_CTX_DAG_RUN_ID='scheduled__2026-02-09T10:00:00+00:00'
[2026-02-14T18:17:08.851+0000] {taskinstance.py:732} INFO - ::endgroup::
[2026-02-14T18:17:08.918+0000] {parse_iot.py:93} INFO - 5 САМЫX ТЕПЛЫX ДНЕЙ
[2026-02-14T18:17:08.928+0000] {logging_mixin.py:190} INFO -                    id  room_id/id           noted_date  temp out/in
52556  36405_139a524d  Room Admin  2018-09-30 00:00:00    51    Out
52562  36382_f6ec793e  Room Admin  2018-09-30 00:00:00    51    Out
52690  35883_fd412553  Room Admin  2018-09-30 00:00:00    50    Out
53055  34878_739e9bd2  Room Admin  2018-09-29 00:00:00    50    Out
52743  35689_d0cc0553  Room Admin  2018-09-30 00:00:00    50    Out
[2026-02-14T18:17:08.929+0000] {parse_iot.py:96} INFO - 5 САМЫX ХОЛОДНЫХ ДНЕЙ
[2026-02-14T18:17:08.936+0000] {logging_mixin.py:190} INFO -                    id  room_id/id           noted_date  temp out/in
5759  177074_72ce2c39  Room Admin  2018-12-03 00:00:00    21     In
5758  177075_1afebd80  Room Admin  2018-12-03 00:00:00    21     In
5751  177085_72929c6f  Room Admin  2018-12-03 00:00:00    22     In
5750  177086_0a61c668  Room Admin  2018-12-03 00:00:00    22     In
5757  177077_7002033c  Room Admin  2018-12-03 00:00:00    22     In
[2026-02-14T18:17:08.938+0000] {python.py:240} INFO - Done. Returned value was: None
[2026-02-14T18:17:08.945+0000] {taskinstance.py:341} INFO - ::group::Post task execution logs
[2026-02-14T18:17:08.945+0000] {taskinstance.py:353} INFO - Marking task as SUCCESS. dag_id=parse_iot, task_id=log_info, run_id=scheduled__2026-02-09T10:00:00+00:00, execution_date=20260209T100000, start_date=20260214T181708, end_date=20260214T181708
[2026-02-14T18:17:08.977+0000] {local_task_job_runner.py:266} INFO - Task exited with return code 0
[2026-02-14T18:17:08.987+0000] {taskinstance.py:3901} INFO - 0 downstream tasks scheduled from follow-on schedule check
[2026-02-14T18:17:08.988+0000] {local_task_job_runner.py:245} INFO - ::endgroup::
