[2026-02-14T16:34:26.722+0000] {local_task_job_runner.py:123} INFO - ::group::Pre task execution logs
[2026-02-14T16:34:26.740+0000] {taskinstance.py:2614} INFO - Dependencies all met for dep_context=non-requeueable deps ti=<TaskInstance: parse_iot.log_info scheduled__2026-01-31T10:00:00+00:00 [queued]>
[2026-02-14T16:34:26.747+0000] {taskinstance.py:2614} INFO - Dependencies all met for dep_context=requeueable deps ti=<TaskInstance: parse_iot.log_info scheduled__2026-01-31T10:00:00+00:00 [queued]>
[2026-02-14T16:34:26.748+0000] {taskinstance.py:2867} INFO - Starting attempt 1 of 4
[2026-02-14T16:34:26.755+0000] {taskinstance.py:2890} INFO - Executing <Task(PythonOperator): log_info> on 2026-01-31 10:00:00+00:00
[2026-02-14T16:34:26.759+0000] {standard_task_runner.py:72} INFO - Started process 611 to run task
[2026-02-14T16:34:26.761+0000] {standard_task_runner.py:104} INFO - Running: ['***', 'tasks', 'run', 'parse_iot', 'log_info', 'scheduled__2026-01-31T10:00:00+00:00', '--job-id', '136', '--raw', '--subdir', 'DAGS_FOLDER/parse_iot.py', '--cfg-path', '/tmp/tmpfqbwaf7r']
[2026-02-14T16:34:26.763+0000] {standard_task_runner.py:105} INFO - Job 136: Subtask log_info
[2026-02-14T16:34:26.771+0000] {warnings.py:109} WARNING - /home/***/.local/lib/python3.9/site-packages/***/settings.py:209: DeprecationWarning: The sql_alchemy_conn option in [core] has been moved to the sql_alchemy_conn option in [database] - the old setting has been used, but please update your config.
  SQL_ALCHEMY_CONN = conf.get("database", "SQL_ALCHEMY_CONN")

[2026-02-14T16:34:26.797+0000] {task_command.py:467} INFO - Running <TaskInstance: parse_iot.log_info scheduled__2026-01-31T10:00:00+00:00 [running]> on host a5c4ed865bb5
[2026-02-14T16:34:26.798+0000] {warnings.py:109} WARNING - /home/***/.local/lib/python3.9/site-packages/***/settings.py:470: DeprecationWarning: The sql_alchemy_conn option in [core] has been moved to the sql_alchemy_conn option in [database] - the old setting has been used, but please update your config.
  if conf.get("database", "sql_alchemy_conn") == "none://":

[2026-02-14T16:34:26.850+0000] {taskinstance.py:3134} INFO - Exporting env vars: AIRFLOW_CTX_DAG_OWNER='a.sorokin' AIRFLOW_CTX_DAG_ID='parse_iot' AIRFLOW_CTX_TASK_ID='log_info' AIRFLOW_CTX_EXECUTION_DATE='2026-01-31T10:00:00+00:00' AIRFLOW_CTX_TRY_NUMBER='1' AIRFLOW_CTX_DAG_RUN_ID='scheduled__2026-01-31T10:00:00+00:00'
[2026-02-14T16:34:26.850+0000] {taskinstance.py:732} INFO - ::endgroup::
[2026-02-14T16:34:26.911+0000] {parse_iot.py:93} INFO - 5 САМЫX ТЕПЛЫX ДНЕЙ
[2026-02-14T16:34:26.920+0000] {logging_mixin.py:190} INFO -                    id  room_id/id           noted_date  temp out/in
52556  36405_139a524d  Room Admin  2018-09-30 00:00:00    51    Out
52562  36382_f6ec793e  Room Admin  2018-09-30 00:00:00    51    Out
52690  35883_fd412553  Room Admin  2018-09-30 00:00:00    50    Out
53055  34878_739e9bd2  Room Admin  2018-09-29 00:00:00    50    Out
52743  35689_d0cc0553  Room Admin  2018-09-30 00:00:00    50    Out
[2026-02-14T16:34:26.921+0000] {parse_iot.py:96} INFO - 5 САМЫX ХОЛОДНЫХ ДНЕЙ
[2026-02-14T16:34:26.927+0000] {logging_mixin.py:190} INFO -                    id  room_id/id           noted_date  temp out/in
5759  177074_72ce2c39  Room Admin  2018-12-03 00:00:00    21     In
5758  177075_1afebd80  Room Admin  2018-12-03 00:00:00    21     In
5751  177085_72929c6f  Room Admin  2018-12-03 00:00:00    22     In
5750  177086_0a61c668  Room Admin  2018-12-03 00:00:00    22     In
5757  177077_7002033c  Room Admin  2018-12-03 00:00:00    22     In
[2026-02-14T16:34:26.929+0000] {python.py:240} INFO - Done. Returned value was: None
[2026-02-14T16:34:26.936+0000] {taskinstance.py:341} INFO - ::group::Post task execution logs
[2026-02-14T16:34:26.936+0000] {taskinstance.py:353} INFO - Marking task as SUCCESS. dag_id=parse_iot, task_id=log_info, run_id=scheduled__2026-01-31T10:00:00+00:00, execution_date=20260131T100000, start_date=20260214T163426, end_date=20260214T163426
[2026-02-14T16:34:26.973+0000] {local_task_job_runner.py:266} INFO - Task exited with return code 0
[2026-02-14T16:34:26.983+0000] {taskinstance.py:3901} INFO - 0 downstream tasks scheduled from follow-on schedule check
[2026-02-14T16:34:26.984+0000] {local_task_job_runner.py:245} INFO - ::endgroup::
[2026-02-14T17:52:11.557+0000] {local_task_job_runner.py:123} INFO - ::group::Pre task execution logs
[2026-02-14T17:52:11.572+0000] {taskinstance.py:2614} INFO - Dependencies all met for dep_context=non-requeueable deps ti=<TaskInstance: parse_iot.log_info scheduled__2026-01-31T10:00:00+00:00 [queued]>
[2026-02-14T17:52:11.578+0000] {taskinstance.py:2614} INFO - Dependencies all met for dep_context=requeueable deps ti=<TaskInstance: parse_iot.log_info scheduled__2026-01-31T10:00:00+00:00 [queued]>
[2026-02-14T17:52:11.578+0000] {taskinstance.py:2867} INFO - Starting attempt 1 of 4
[2026-02-14T17:52:11.585+0000] {taskinstance.py:2890} INFO - Executing <Task(PythonOperator): log_info> on 2026-01-31 10:00:00+00:00
[2026-02-14T17:52:11.589+0000] {standard_task_runner.py:72} INFO - Started process 695 to run task
[2026-02-14T17:52:11.591+0000] {standard_task_runner.py:104} INFO - Running: ['***', 'tasks', 'run', 'parse_iot', 'log_info', 'scheduled__2026-01-31T10:00:00+00:00', '--job-id', '157', '--raw', '--subdir', 'DAGS_FOLDER/parse_iot.py', '--cfg-path', '/tmp/tmpjwb_hhzo']
[2026-02-14T17:52:11.593+0000] {standard_task_runner.py:105} INFO - Job 157: Subtask log_info
[2026-02-14T17:52:11.601+0000] {warnings.py:109} WARNING - /home/***/.local/lib/python3.9/site-packages/***/settings.py:209: DeprecationWarning: The sql_alchemy_conn option in [core] has been moved to the sql_alchemy_conn option in [database] - the old setting has been used, but please update your config.
  SQL_ALCHEMY_CONN = conf.get("database", "SQL_ALCHEMY_CONN")

[2026-02-14T17:52:11.620+0000] {task_command.py:467} INFO - Running <TaskInstance: parse_iot.log_info scheduled__2026-01-31T10:00:00+00:00 [running]> on host 9052c134cdec
[2026-02-14T17:52:11.621+0000] {warnings.py:109} WARNING - /home/***/.local/lib/python3.9/site-packages/***/settings.py:470: DeprecationWarning: The sql_alchemy_conn option in [core] has been moved to the sql_alchemy_conn option in [database] - the old setting has been used, but please update your config.
  if conf.get("database", "sql_alchemy_conn") == "none://":

[2026-02-14T17:52:11.666+0000] {taskinstance.py:3134} INFO - Exporting env vars: AIRFLOW_CTX_DAG_OWNER='a.sorokin' AIRFLOW_CTX_DAG_ID='parse_iot' AIRFLOW_CTX_TASK_ID='log_info' AIRFLOW_CTX_EXECUTION_DATE='2026-01-31T10:00:00+00:00' AIRFLOW_CTX_TRY_NUMBER='1' AIRFLOW_CTX_DAG_RUN_ID='scheduled__2026-01-31T10:00:00+00:00'
[2026-02-14T17:52:11.666+0000] {taskinstance.py:732} INFO - ::endgroup::
[2026-02-14T17:52:11.725+0000] {parse_iot.py:93} INFO - 5 САМЫX ТЕПЛЫX ДНЕЙ
[2026-02-14T17:52:11.734+0000] {logging_mixin.py:190} INFO -                    id  room_id/id           noted_date  temp out/in
52556  36405_139a524d  Room Admin  2018-09-30 00:00:00    51    Out
52562  36382_f6ec793e  Room Admin  2018-09-30 00:00:00    51    Out
52690  35883_fd412553  Room Admin  2018-09-30 00:00:00    50    Out
53055  34878_739e9bd2  Room Admin  2018-09-29 00:00:00    50    Out
52743  35689_d0cc0553  Room Admin  2018-09-30 00:00:00    50    Out
[2026-02-14T17:52:11.735+0000] {parse_iot.py:96} INFO - 5 САМЫX ХОЛОДНЫХ ДНЕЙ
[2026-02-14T17:52:11.741+0000] {logging_mixin.py:190} INFO -                    id  room_id/id           noted_date  temp out/in
5759  177074_72ce2c39  Room Admin  2018-12-03 00:00:00    21     In
5758  177075_1afebd80  Room Admin  2018-12-03 00:00:00    21     In
5751  177085_72929c6f  Room Admin  2018-12-03 00:00:00    22     In
5750  177086_0a61c668  Room Admin  2018-12-03 00:00:00    22     In
5757  177077_7002033c  Room Admin  2018-12-03 00:00:00    22     In
[2026-02-14T17:52:11.744+0000] {python.py:240} INFO - Done. Returned value was: None
[2026-02-14T17:52:11.750+0000] {taskinstance.py:341} INFO - ::group::Post task execution logs
[2026-02-14T17:52:11.750+0000] {taskinstance.py:353} INFO - Marking task as SUCCESS. dag_id=parse_iot, task_id=log_info, run_id=scheduled__2026-01-31T10:00:00+00:00, execution_date=20260131T100000, start_date=20260214T175211, end_date=20260214T175211
[2026-02-14T17:52:11.803+0000] {local_task_job_runner.py:266} INFO - Task exited with return code 0
[2026-02-14T17:52:11.813+0000] {taskinstance.py:3901} INFO - 0 downstream tasks scheduled from follow-on schedule check
[2026-02-14T17:52:11.814+0000] {local_task_job_runner.py:245} INFO - ::endgroup::
[2026-02-14T18:16:44.035+0000] {local_task_job_runner.py:123} INFO - ::group::Pre task execution logs
[2026-02-14T18:16:44.053+0000] {taskinstance.py:2614} INFO - Dependencies all met for dep_context=non-requeueable deps ti=<TaskInstance: parse_iot.log_info scheduled__2026-01-31T10:00:00+00:00 [queued]>
[2026-02-14T18:16:44.060+0000] {taskinstance.py:2614} INFO - Dependencies all met for dep_context=requeueable deps ti=<TaskInstance: parse_iot.log_info scheduled__2026-01-31T10:00:00+00:00 [queued]>
[2026-02-14T18:16:44.061+0000] {taskinstance.py:2867} INFO - Starting attempt 1 of 4
[2026-02-14T18:16:44.068+0000] {taskinstance.py:2890} INFO - Executing <Task(PythonOperator): log_info> on 2026-01-31 10:00:00+00:00
[2026-02-14T18:16:44.073+0000] {standard_task_runner.py:72} INFO - Started process 499 to run task
[2026-02-14T18:16:44.075+0000] {standard_task_runner.py:104} INFO - Running: ['***', 'tasks', 'run', 'parse_iot', 'log_info', 'scheduled__2026-01-31T10:00:00+00:00', '--job-id', '108', '--raw', '--subdir', 'DAGS_FOLDER/parse_iot.py', '--cfg-path', '/tmp/tmpdmkzr_pl']
[2026-02-14T18:16:44.076+0000] {standard_task_runner.py:105} INFO - Job 108: Subtask log_info
[2026-02-14T18:16:44.085+0000] {warnings.py:109} WARNING - /home/***/.local/lib/python3.9/site-packages/***/settings.py:209: DeprecationWarning: The sql_alchemy_conn option in [core] has been moved to the sql_alchemy_conn option in [database] - the old setting has been used, but please update your config.
  SQL_ALCHEMY_CONN = conf.get("database", "SQL_ALCHEMY_CONN")

[2026-02-14T18:16:44.106+0000] {task_command.py:467} INFO - Running <TaskInstance: parse_iot.log_info scheduled__2026-01-31T10:00:00+00:00 [running]> on host bb762b62a2c2
[2026-02-14T18:16:44.107+0000] {warnings.py:109} WARNING - /home/***/.local/lib/python3.9/site-packages/***/settings.py:470: DeprecationWarning: The sql_alchemy_conn option in [core] has been moved to the sql_alchemy_conn option in [database] - the old setting has been used, but please update your config.
  if conf.get("database", "sql_alchemy_conn") == "none://":

[2026-02-14T18:16:44.154+0000] {taskinstance.py:3134} INFO - Exporting env vars: AIRFLOW_CTX_DAG_OWNER='a.sorokin' AIRFLOW_CTX_DAG_ID='parse_iot' AIRFLOW_CTX_TASK_ID='log_info' AIRFLOW_CTX_EXECUTION_DATE='2026-01-31T10:00:00+00:00' AIRFLOW_CTX_TRY_NUMBER='1' AIRFLOW_CTX_DAG_RUN_ID='scheduled__2026-01-31T10:00:00+00:00'
[2026-02-14T18:16:44.155+0000] {taskinstance.py:732} INFO - ::endgroup::
[2026-02-14T18:16:44.217+0000] {parse_iot.py:93} INFO - 5 САМЫX ТЕПЛЫX ДНЕЙ
[2026-02-14T18:16:44.225+0000] {logging_mixin.py:190} INFO -                    id  room_id/id           noted_date  temp out/in
52556  36405_139a524d  Room Admin  2018-09-30 00:00:00    51    Out
52562  36382_f6ec793e  Room Admin  2018-09-30 00:00:00    51    Out
52690  35883_fd412553  Room Admin  2018-09-30 00:00:00    50    Out
53055  34878_739e9bd2  Room Admin  2018-09-29 00:00:00    50    Out
52743  35689_d0cc0553  Room Admin  2018-09-30 00:00:00    50    Out
[2026-02-14T18:16:44.226+0000] {parse_iot.py:96} INFO - 5 САМЫX ХОЛОДНЫХ ДНЕЙ
[2026-02-14T18:16:44.233+0000] {logging_mixin.py:190} INFO -                    id  room_id/id           noted_date  temp out/in
5759  177074_72ce2c39  Room Admin  2018-12-03 00:00:00    21     In
5758  177075_1afebd80  Room Admin  2018-12-03 00:00:00    21     In
5751  177085_72929c6f  Room Admin  2018-12-03 00:00:00    22     In
5750  177086_0a61c668  Room Admin  2018-12-03 00:00:00    22     In
5757  177077_7002033c  Room Admin  2018-12-03 00:00:00    22     In
[2026-02-14T18:16:44.235+0000] {python.py:240} INFO - Done. Returned value was: None
[2026-02-14T18:16:44.241+0000] {taskinstance.py:341} INFO - ::group::Post task execution logs
[2026-02-14T18:16:44.242+0000] {taskinstance.py:353} INFO - Marking task as SUCCESS. dag_id=parse_iot, task_id=log_info, run_id=scheduled__2026-01-31T10:00:00+00:00, execution_date=20260131T100000, start_date=20260214T181644, end_date=20260214T181644
[2026-02-14T18:16:44.287+0000] {local_task_job_runner.py:266} INFO - Task exited with return code 0
[2026-02-14T18:16:44.297+0000] {taskinstance.py:3901} INFO - 0 downstream tasks scheduled from follow-on schedule check
[2026-02-14T18:16:44.298+0000] {local_task_job_runner.py:245} INFO - ::endgroup::
[2026-02-16T14:49:14.960+0000] {local_task_job_runner.py:123} INFO - ::group::Pre task execution logs
[2026-02-16T14:49:14.975+0000] {taskinstance.py:2614} INFO - Dependencies all met for dep_context=non-requeueable deps ti=<TaskInstance: parse_iot.log_info scheduled__2026-01-31T10:00:00+00:00 [queued]>
[2026-02-16T14:49:14.981+0000] {taskinstance.py:2614} INFO - Dependencies all met for dep_context=requeueable deps ti=<TaskInstance: parse_iot.log_info scheduled__2026-01-31T10:00:00+00:00 [queued]>
[2026-02-16T14:49:14.982+0000] {taskinstance.py:2867} INFO - Starting attempt 1 of 4
[2026-02-16T14:49:14.989+0000] {taskinstance.py:2890} INFO - Executing <Task(PythonOperator): log_info> on 2026-01-31 10:00:00+00:00
[2026-02-16T14:49:14.994+0000] {standard_task_runner.py:72} INFO - Started process 726 to run task
[2026-02-16T14:49:14.996+0000] {standard_task_runner.py:104} INFO - Running: ['***', 'tasks', 'run', 'parse_iot', 'log_info', 'scheduled__2026-01-31T10:00:00+00:00', '--job-id', '159', '--raw', '--subdir', 'DAGS_FOLDER/parse_iot.py', '--cfg-path', '/tmp/tmp76z_bkmz']
[2026-02-16T14:49:14.997+0000] {standard_task_runner.py:105} INFO - Job 159: Subtask log_info
[2026-02-16T14:49:15.005+0000] {warnings.py:109} WARNING - /home/***/.local/lib/python3.9/site-packages/***/settings.py:209: DeprecationWarning: The sql_alchemy_conn option in [core] has been moved to the sql_alchemy_conn option in [database] - the old setting has been used, but please update your config.
  SQL_ALCHEMY_CONN = conf.get("database", "SQL_ALCHEMY_CONN")

[2026-02-16T14:49:15.026+0000] {task_command.py:467} INFO - Running <TaskInstance: parse_iot.log_info scheduled__2026-01-31T10:00:00+00:00 [running]> on host cd96c4fa192f
[2026-02-16T14:49:15.027+0000] {warnings.py:109} WARNING - /home/***/.local/lib/python3.9/site-packages/***/settings.py:470: DeprecationWarning: The sql_alchemy_conn option in [core] has been moved to the sql_alchemy_conn option in [database] - the old setting has been used, but please update your config.
  if conf.get("database", "sql_alchemy_conn") == "none://":

[2026-02-16T14:49:15.072+0000] {taskinstance.py:3134} INFO - Exporting env vars: AIRFLOW_CTX_DAG_OWNER='a.sorokin' AIRFLOW_CTX_DAG_ID='parse_iot' AIRFLOW_CTX_TASK_ID='log_info' AIRFLOW_CTX_EXECUTION_DATE='2026-01-31T10:00:00+00:00' AIRFLOW_CTX_TRY_NUMBER='1' AIRFLOW_CTX_DAG_RUN_ID='scheduled__2026-01-31T10:00:00+00:00'
[2026-02-16T14:49:15.072+0000] {taskinstance.py:732} INFO - ::endgroup::
[2026-02-16T14:49:15.131+0000] {parse_iot.py:93} INFO - 5 САМЫX ТЕПЛЫX ДНЕЙ
[2026-02-16T14:49:15.139+0000] {logging_mixin.py:190} INFO -                    id  room_id/id           noted_date  temp out/in
52556  36405_139a524d  Room Admin  2018-09-30 00:00:00    51    Out
52562  36382_f6ec793e  Room Admin  2018-09-30 00:00:00    51    Out
52690  35883_fd412553  Room Admin  2018-09-30 00:00:00    50    Out
53055  34878_739e9bd2  Room Admin  2018-09-29 00:00:00    50    Out
52743  35689_d0cc0553  Room Admin  2018-09-30 00:00:00    50    Out
[2026-02-16T14:49:15.140+0000] {parse_iot.py:96} INFO - 5 САМЫX ХОЛОДНЫХ ДНЕЙ
[2026-02-16T14:49:15.146+0000] {logging_mixin.py:190} INFO -                    id  room_id/id           noted_date  temp out/in
5759  177074_72ce2c39  Room Admin  2018-12-03 00:00:00    21     In
5758  177075_1afebd80  Room Admin  2018-12-03 00:00:00    21     In
5751  177085_72929c6f  Room Admin  2018-12-03 00:00:00    22     In
5750  177086_0a61c668  Room Admin  2018-12-03 00:00:00    22     In
5757  177077_7002033c  Room Admin  2018-12-03 00:00:00    22     In
[2026-02-16T14:49:15.148+0000] {python.py:240} INFO - Done. Returned value was: None
[2026-02-16T14:49:15.154+0000] {taskinstance.py:341} INFO - ::group::Post task execution logs
[2026-02-16T14:49:15.154+0000] {taskinstance.py:353} INFO - Marking task as SUCCESS. dag_id=parse_iot, task_id=log_info, run_id=scheduled__2026-01-31T10:00:00+00:00, execution_date=20260131T100000, start_date=20260216T144914, end_date=20260216T144915
[2026-02-16T14:49:15.208+0000] {local_task_job_runner.py:266} INFO - Task exited with return code 0
[2026-02-16T14:49:15.218+0000] {taskinstance.py:3901} INFO - 0 downstream tasks scheduled from follow-on schedule check
[2026-02-16T14:49:15.219+0000] {local_task_job_runner.py:245} INFO - ::endgroup::
