[2026-02-16T14:46:04.364+0000] {local_task_job_runner.py:123} INFO - ::group::Pre task execution logs
[2026-02-16T14:46:04.379+0000] {taskinstance.py:2614} INFO - Dependencies all met for dep_context=non-requeueable deps ti=<TaskInstance: parse_iot.check_download_complete scheduled__2026-02-14T10:00:00+00:00 [queued]>
[2026-02-16T14:46:04.385+0000] {taskinstance.py:2614} INFO - Dependencies all met for dep_context=requeueable deps ti=<TaskInstance: parse_iot.check_download_complete scheduled__2026-02-14T10:00:00+00:00 [queued]>
[2026-02-16T14:46:04.385+0000] {taskinstance.py:2867} INFO - Starting attempt 1 of 4
[2026-02-16T14:46:04.392+0000] {taskinstance.py:2890} INFO - Executing <Task(ExternalTaskSensor): check_download_complete> on 2026-02-14 10:00:00+00:00
[2026-02-16T14:46:04.396+0000] {standard_task_runner.py:72} INFO - Started process 390 to run task
[2026-02-16T14:46:04.398+0000] {standard_task_runner.py:104} INFO - Running: ['***', 'tasks', 'run', 'parse_iot', 'check_download_complete', 'scheduled__2026-02-14T10:00:00+00:00', '--job-id', '75', '--raw', '--subdir', 'DAGS_FOLDER/parse_iot.py', '--cfg-path', '/tmp/tmp3f5wbaqo']
[2026-02-16T14:46:04.400+0000] {standard_task_runner.py:105} INFO - Job 75: Subtask check_download_complete
[2026-02-16T14:46:04.408+0000] {warnings.py:109} WARNING - /home/***/.local/lib/python3.9/site-packages/***/settings.py:209: DeprecationWarning: The sql_alchemy_conn option in [core] has been moved to the sql_alchemy_conn option in [database] - the old setting has been used, but please update your config.
  SQL_ALCHEMY_CONN = conf.get("database", "SQL_ALCHEMY_CONN")

[2026-02-16T14:46:04.428+0000] {task_command.py:467} INFO - Running <TaskInstance: parse_iot.check_download_complete scheduled__2026-02-14T10:00:00+00:00 [running]> on host cd96c4fa192f
[2026-02-16T14:46:04.428+0000] {warnings.py:109} WARNING - /home/***/.local/lib/python3.9/site-packages/***/settings.py:470: DeprecationWarning: The sql_alchemy_conn option in [core] has been moved to the sql_alchemy_conn option in [database] - the old setting has been used, but please update your config.
  if conf.get("database", "sql_alchemy_conn") == "none://":

[2026-02-16T14:46:04.470+0000] {taskinstance.py:3134} INFO - Exporting env vars: AIRFLOW_CTX_DAG_OWNER='a.sorokin' AIRFLOW_CTX_DAG_ID='parse_iot' AIRFLOW_CTX_TASK_ID='check_download_complete' AIRFLOW_CTX_EXECUTION_DATE='2026-02-14T10:00:00+00:00' AIRFLOW_CTX_TRY_NUMBER='1' AIRFLOW_CTX_DAG_RUN_ID='scheduled__2026-02-14T10:00:00+00:00'
[2026-02-16T14:46:04.471+0000] {taskinstance.py:732} INFO - ::endgroup::
[2026-02-16T14:46:04.477+0000] {baseoperator.py:423} WARNING - ExternalTaskSensor.execute cannot be called outside TaskInstance!
[2026-02-16T14:46:04.483+0000] {external_task.py:274} INFO - Poking for DAG 'download_iot' on 2026-02-14T10:00:00+00:00 ... 
[2026-02-16T14:46:04.483+0000] {warnings.py:109} WARNING - /home/***/.local/lib/python3.9/site-packages/***/utils/session.py:97: DeprecationWarning: This method is deprecated and will be removed in future.
  return func(*args, session=session, **kwargs)

[2026-02-16T14:46:04.488+0000] {base.py:339} INFO - Success criteria met. Exiting.
[2026-02-16T14:46:04.493+0000] {taskinstance.py:341} INFO - ::group::Post task execution logs
[2026-02-16T14:46:04.494+0000] {taskinstance.py:353} INFO - Marking task as SUCCESS. dag_id=parse_iot, task_id=check_download_complete, run_id=scheduled__2026-02-14T10:00:00+00:00, execution_date=20260214T100000, start_date=20260216T144604, end_date=20260216T144604
[2026-02-16T14:46:04.530+0000] {local_task_job_runner.py:266} INFO - Task exited with return code 0
[2026-02-16T14:46:04.550+0000] {taskinstance.py:3901} INFO - 0 downstream tasks scheduled from follow-on schedule check
[2026-02-16T14:46:04.551+0000] {local_task_job_runner.py:245} INFO - ::endgroup::
[2026-02-16T15:15:55.807+0000] {local_task_job_runner.py:123} INFO - ::group::Pre task execution logs
[2026-02-16T15:15:55.823+0000] {taskinstance.py:2614} INFO - Dependencies all met for dep_context=non-requeueable deps ti=<TaskInstance: parse_iot.check_download_complete scheduled__2026-02-14T10:00:00+00:00 [queued]>
[2026-02-16T15:15:55.831+0000] {taskinstance.py:2614} INFO - Dependencies all met for dep_context=requeueable deps ti=<TaskInstance: parse_iot.check_download_complete scheduled__2026-02-14T10:00:00+00:00 [queued]>
[2026-02-16T15:15:55.831+0000] {taskinstance.py:2867} INFO - Starting attempt 1 of 4
[2026-02-16T15:15:55.837+0000] {taskinstance.py:2890} INFO - Executing <Task(ExternalTaskSensor): check_download_complete> on 2026-02-14 10:00:00+00:00
[2026-02-16T15:15:55.843+0000] {standard_task_runner.py:72} INFO - Started process 359 to run task
[2026-02-16T15:15:55.845+0000] {standard_task_runner.py:104} INFO - Running: ['***', 'tasks', 'run', 'parse_iot', 'check_download_complete', 'scheduled__2026-02-14T10:00:00+00:00', '--job-id', '73', '--raw', '--subdir', 'DAGS_FOLDER/parse_iot.py', '--cfg-path', '/tmp/tmp7su6_g1d']
[2026-02-16T15:15:55.847+0000] {standard_task_runner.py:105} INFO - Job 73: Subtask check_download_complete
[2026-02-16T15:15:55.856+0000] {warnings.py:109} WARNING - /home/***/.local/lib/python3.9/site-packages/***/settings.py:209: DeprecationWarning: The sql_alchemy_conn option in [core] has been moved to the sql_alchemy_conn option in [database] - the old setting has been used, but please update your config.
  SQL_ALCHEMY_CONN = conf.get("database", "SQL_ALCHEMY_CONN")

[2026-02-16T15:15:55.879+0000] {task_command.py:467} INFO - Running <TaskInstance: parse_iot.check_download_complete scheduled__2026-02-14T10:00:00+00:00 [running]> on host fbd3e38838e9
[2026-02-16T15:15:55.880+0000] {warnings.py:109} WARNING - /home/***/.local/lib/python3.9/site-packages/***/settings.py:470: DeprecationWarning: The sql_alchemy_conn option in [core] has been moved to the sql_alchemy_conn option in [database] - the old setting has been used, but please update your config.
  if conf.get("database", "sql_alchemy_conn") == "none://":

[2026-02-16T15:15:55.926+0000] {taskinstance.py:3134} INFO - Exporting env vars: AIRFLOW_CTX_DAG_OWNER='a.sorokin' AIRFLOW_CTX_DAG_ID='parse_iot' AIRFLOW_CTX_TASK_ID='check_download_complete' AIRFLOW_CTX_EXECUTION_DATE='2026-02-14T10:00:00+00:00' AIRFLOW_CTX_TRY_NUMBER='1' AIRFLOW_CTX_DAG_RUN_ID='scheduled__2026-02-14T10:00:00+00:00'
[2026-02-16T15:15:55.926+0000] {taskinstance.py:732} INFO - ::endgroup::
[2026-02-16T15:15:55.933+0000] {baseoperator.py:423} WARNING - ExternalTaskSensor.execute cannot be called outside TaskInstance!
[2026-02-16T15:15:55.939+0000] {external_task.py:274} INFO - Poking for DAG 'download_iot' on 2026-02-14T10:00:00+00:00 ... 
[2026-02-16T15:15:55.940+0000] {warnings.py:109} WARNING - /home/***/.local/lib/python3.9/site-packages/***/utils/session.py:97: DeprecationWarning: This method is deprecated and will be removed in future.
  return func(*args, session=session, **kwargs)

[2026-02-16T15:15:55.946+0000] {base.py:339} INFO - Success criteria met. Exiting.
[2026-02-16T15:15:55.952+0000] {taskinstance.py:341} INFO - ::group::Post task execution logs
[2026-02-16T15:15:55.952+0000] {taskinstance.py:353} INFO - Marking task as SUCCESS. dag_id=parse_iot, task_id=check_download_complete, run_id=scheduled__2026-02-14T10:00:00+00:00, execution_date=20260214T100000, start_date=20260216T151555, end_date=20260216T151555
[2026-02-16T15:15:55.977+0000] {local_task_job_runner.py:266} INFO - Task exited with return code 0
[2026-02-16T15:15:55.999+0000] {taskinstance.py:3901} INFO - 0 downstream tasks scheduled from follow-on schedule check
[2026-02-16T15:15:56.000+0000] {local_task_job_runner.py:245} INFO - ::endgroup::
[2026-02-16T15:43:58.090+0000] {local_task_job_runner.py:123} INFO - ::group::Pre task execution logs
[2026-02-16T15:43:58.107+0000] {taskinstance.py:2614} INFO - Dependencies all met for dep_context=non-requeueable deps ti=<TaskInstance: parse_iot.check_download_complete scheduled__2026-02-14T10:00:00+00:00 [queued]>
[2026-02-16T15:43:58.113+0000] {taskinstance.py:2614} INFO - Dependencies all met for dep_context=requeueable deps ti=<TaskInstance: parse_iot.check_download_complete scheduled__2026-02-14T10:00:00+00:00 [queued]>
[2026-02-16T15:43:58.114+0000] {taskinstance.py:2867} INFO - Starting attempt 1 of 4
[2026-02-16T15:43:58.121+0000] {taskinstance.py:2890} INFO - Executing <Task(ExternalTaskSensor): check_download_complete> on 2026-02-14 10:00:00+00:00
[2026-02-16T15:43:58.125+0000] {standard_task_runner.py:72} INFO - Started process 375 to run task
[2026-02-16T15:43:58.127+0000] {standard_task_runner.py:104} INFO - Running: ['***', 'tasks', 'run', 'parse_iot', 'check_download_complete', 'scheduled__2026-02-14T10:00:00+00:00', '--job-id', '77', '--raw', '--subdir', 'DAGS_FOLDER/parse_iot.py', '--cfg-path', '/tmp/tmphpf92l1m']
[2026-02-16T15:43:58.128+0000] {standard_task_runner.py:105} INFO - Job 77: Subtask check_download_complete
[2026-02-16T15:43:58.137+0000] {warnings.py:109} WARNING - /home/***/.local/lib/python3.9/site-packages/***/settings.py:209: DeprecationWarning: The sql_alchemy_conn option in [core] has been moved to the sql_alchemy_conn option in [database] - the old setting has been used, but please update your config.
  SQL_ALCHEMY_CONN = conf.get("database", "SQL_ALCHEMY_CONN")

[2026-02-16T15:43:58.158+0000] {task_command.py:467} INFO - Running <TaskInstance: parse_iot.check_download_complete scheduled__2026-02-14T10:00:00+00:00 [running]> on host 6ef9a94e694d
[2026-02-16T15:43:58.158+0000] {warnings.py:109} WARNING - /home/***/.local/lib/python3.9/site-packages/***/settings.py:470: DeprecationWarning: The sql_alchemy_conn option in [core] has been moved to the sql_alchemy_conn option in [database] - the old setting has been used, but please update your config.
  if conf.get("database", "sql_alchemy_conn") == "none://":

[2026-02-16T15:43:58.203+0000] {taskinstance.py:3134} INFO - Exporting env vars: AIRFLOW_CTX_DAG_OWNER='a.sorokin' AIRFLOW_CTX_DAG_ID='parse_iot' AIRFLOW_CTX_TASK_ID='check_download_complete' AIRFLOW_CTX_EXECUTION_DATE='2026-02-14T10:00:00+00:00' AIRFLOW_CTX_TRY_NUMBER='1' AIRFLOW_CTX_DAG_RUN_ID='scheduled__2026-02-14T10:00:00+00:00'
[2026-02-16T15:43:58.204+0000] {taskinstance.py:732} INFO - ::endgroup::
[2026-02-16T15:43:58.210+0000] {baseoperator.py:423} WARNING - ExternalTaskSensor.execute cannot be called outside TaskInstance!
[2026-02-16T15:43:58.217+0000] {external_task.py:274} INFO - Poking for DAG 'download_iot' on 2026-02-14T10:00:00+00:00 ... 
[2026-02-16T15:43:58.217+0000] {warnings.py:109} WARNING - /home/***/.local/lib/python3.9/site-packages/***/utils/session.py:97: DeprecationWarning: This method is deprecated and will be removed in future.
  return func(*args, session=session, **kwargs)

[2026-02-16T15:43:58.222+0000] {base.py:339} INFO - Success criteria met. Exiting.
[2026-02-16T15:43:58.228+0000] {taskinstance.py:341} INFO - ::group::Post task execution logs
[2026-02-16T15:43:58.228+0000] {taskinstance.py:353} INFO - Marking task as SUCCESS. dag_id=parse_iot, task_id=check_download_complete, run_id=scheduled__2026-02-14T10:00:00+00:00, execution_date=20260214T100000, start_date=20260216T154358, end_date=20260216T154358
[2026-02-16T15:43:58.259+0000] {local_task_job_runner.py:266} INFO - Task exited with return code 0
[2026-02-16T15:43:58.280+0000] {taskinstance.py:3901} INFO - 0 downstream tasks scheduled from follow-on schedule check
[2026-02-16T15:43:58.281+0000] {local_task_job_runner.py:245} INFO - ::endgroup::
