[2026-02-14T16:34:30.549+0000] {local_task_job_runner.py:123} INFO - ::group::Pre task execution logs
[2026-02-14T16:34:30.570+0000] {taskinstance.py:2614} INFO - Dependencies all met for dep_context=non-requeueable deps ti=<TaskInstance: parse_iot.sort_in_out scheduled__2026-02-05T10:00:00+00:00 [queued]>
[2026-02-14T16:34:30.577+0000] {taskinstance.py:2614} INFO - Dependencies all met for dep_context=requeueable deps ti=<TaskInstance: parse_iot.sort_in_out scheduled__2026-02-05T10:00:00+00:00 [queued]>
[2026-02-14T16:34:30.577+0000] {taskinstance.py:2867} INFO - Starting attempt 1 of 4
[2026-02-14T16:34:30.586+0000] {taskinstance.py:2890} INFO - Executing <Task(PythonOperator): sort_in_out> on 2026-02-05 10:00:00+00:00
[2026-02-14T16:34:30.592+0000] {standard_task_runner.py:72} INFO - Started process 631 to run task
[2026-02-14T16:34:30.594+0000] {standard_task_runner.py:104} INFO - Running: ['***', 'tasks', 'run', 'parse_iot', 'sort_in_out', 'scheduled__2026-02-05T10:00:00+00:00', '--job-id', '141', '--raw', '--subdir', 'DAGS_FOLDER/parse_iot.py', '--cfg-path', '/tmp/tmp_tiyaswu']
[2026-02-14T16:34:30.596+0000] {standard_task_runner.py:105} INFO - Job 141: Subtask sort_in_out
[2026-02-14T16:34:30.607+0000] {warnings.py:109} WARNING - /home/***/.local/lib/python3.9/site-packages/***/settings.py:209: DeprecationWarning: The sql_alchemy_conn option in [core] has been moved to the sql_alchemy_conn option in [database] - the old setting has been used, but please update your config.
  SQL_ALCHEMY_CONN = conf.get("database", "SQL_ALCHEMY_CONN")

[2026-02-14T16:34:30.633+0000] {task_command.py:467} INFO - Running <TaskInstance: parse_iot.sort_in_out scheduled__2026-02-05T10:00:00+00:00 [running]> on host a5c4ed865bb5
[2026-02-14T16:34:30.634+0000] {warnings.py:109} WARNING - /home/***/.local/lib/python3.9/site-packages/***/settings.py:470: DeprecationWarning: The sql_alchemy_conn option in [core] has been moved to the sql_alchemy_conn option in [database] - the old setting has been used, but please update your config.
  if conf.get("database", "sql_alchemy_conn") == "none://":

[2026-02-14T16:34:30.684+0000] {taskinstance.py:3134} INFO - Exporting env vars: AIRFLOW_CTX_DAG_OWNER='a.sorokin' AIRFLOW_CTX_DAG_ID='parse_iot' AIRFLOW_CTX_TASK_ID='sort_in_out' AIRFLOW_CTX_EXECUTION_DATE='2026-02-05T10:00:00+00:00' AIRFLOW_CTX_TRY_NUMBER='1' AIRFLOW_CTX_DAG_RUN_ID='scheduled__2026-02-05T10:00:00+00:00'
[2026-02-14T16:34:30.684+0000] {taskinstance.py:732} INFO - ::endgroup::
[2026-02-14T16:34:30.691+0000] {parse_iot.py:102} INFO - text
[2026-02-14T16:34:30.691+0000] {python.py:240} INFO - Done. Returned value was: None
[2026-02-14T16:34:30.697+0000] {taskinstance.py:341} INFO - ::group::Post task execution logs
[2026-02-14T16:34:30.698+0000] {taskinstance.py:353} INFO - Marking task as SUCCESS. dag_id=parse_iot, task_id=sort_in_out, run_id=scheduled__2026-02-05T10:00:00+00:00, execution_date=20260205T100000, start_date=20260214T163430, end_date=20260214T163430
[2026-02-14T16:34:30.726+0000] {local_task_job_runner.py:266} INFO - Task exited with return code 0
[2026-02-14T16:34:30.745+0000] {taskinstance.py:3901} INFO - 0 downstream tasks scheduled from follow-on schedule check
[2026-02-14T16:34:30.746+0000] {local_task_job_runner.py:245} INFO - ::endgroup::
[2026-02-14T17:51:58.926+0000] {local_task_job_runner.py:123} INFO - ::group::Pre task execution logs
[2026-02-14T17:51:58.943+0000] {taskinstance.py:2614} INFO - Dependencies all met for dep_context=non-requeueable deps ti=<TaskInstance: parse_iot.sort_in_out scheduled__2026-02-05T10:00:00+00:00 [queued]>
[2026-02-14T17:51:58.951+0000] {taskinstance.py:2614} INFO - Dependencies all met for dep_context=requeueable deps ti=<TaskInstance: parse_iot.sort_in_out scheduled__2026-02-05T10:00:00+00:00 [queued]>
[2026-02-14T17:51:58.951+0000] {taskinstance.py:2867} INFO - Starting attempt 1 of 4
[2026-02-14T17:51:58.957+0000] {taskinstance.py:2890} INFO - Executing <Task(PythonOperator): sort_in_out> on 2026-02-05 10:00:00+00:00
[2026-02-14T17:51:58.962+0000] {standard_task_runner.py:72} INFO - Started process 655 to run task
[2026-02-14T17:51:58.964+0000] {standard_task_runner.py:104} INFO - Running: ['***', 'tasks', 'run', 'parse_iot', 'sort_in_out', 'scheduled__2026-02-05T10:00:00+00:00', '--job-id', '147', '--raw', '--subdir', 'DAGS_FOLDER/parse_iot.py', '--cfg-path', '/tmp/tmpqn58i56n']
[2026-02-14T17:51:58.966+0000] {standard_task_runner.py:105} INFO - Job 147: Subtask sort_in_out
[2026-02-14T17:51:58.974+0000] {warnings.py:109} WARNING - /home/***/.local/lib/python3.9/site-packages/***/settings.py:209: DeprecationWarning: The sql_alchemy_conn option in [core] has been moved to the sql_alchemy_conn option in [database] - the old setting has been used, but please update your config.
  SQL_ALCHEMY_CONN = conf.get("database", "SQL_ALCHEMY_CONN")

[2026-02-14T17:51:58.996+0000] {task_command.py:467} INFO - Running <TaskInstance: parse_iot.sort_in_out scheduled__2026-02-05T10:00:00+00:00 [running]> on host 9052c134cdec
[2026-02-14T17:51:58.996+0000] {warnings.py:109} WARNING - /home/***/.local/lib/python3.9/site-packages/***/settings.py:470: DeprecationWarning: The sql_alchemy_conn option in [core] has been moved to the sql_alchemy_conn option in [database] - the old setting has been used, but please update your config.
  if conf.get("database", "sql_alchemy_conn") == "none://":

[2026-02-14T17:51:59.041+0000] {taskinstance.py:3134} INFO - Exporting env vars: AIRFLOW_CTX_DAG_OWNER='a.sorokin' AIRFLOW_CTX_DAG_ID='parse_iot' AIRFLOW_CTX_TASK_ID='sort_in_out' AIRFLOW_CTX_EXECUTION_DATE='2026-02-05T10:00:00+00:00' AIRFLOW_CTX_TRY_NUMBER='1' AIRFLOW_CTX_DAG_RUN_ID='scheduled__2026-02-05T10:00:00+00:00'
[2026-02-14T17:51:59.042+0000] {taskinstance.py:732} INFO - ::endgroup::
[2026-02-14T17:51:59.050+0000] {parse_iot.py:102} INFO - text
[2026-02-14T17:51:59.050+0000] {python.py:240} INFO - Done. Returned value was: None
[2026-02-14T17:51:59.057+0000] {taskinstance.py:341} INFO - ::group::Post task execution logs
[2026-02-14T17:51:59.057+0000] {taskinstance.py:353} INFO - Marking task as SUCCESS. dag_id=parse_iot, task_id=sort_in_out, run_id=scheduled__2026-02-05T10:00:00+00:00, execution_date=20260205T100000, start_date=20260214T175158, end_date=20260214T175159
[2026-02-14T17:51:59.096+0000] {local_task_job_runner.py:266} INFO - Task exited with return code 0
[2026-02-14T17:51:59.103+0000] {local_task_job_runner.py:245} INFO - ::endgroup::
[2026-02-14T18:16:45.794+0000] {local_task_job_runner.py:123} INFO - ::group::Pre task execution logs
[2026-02-14T18:16:45.810+0000] {taskinstance.py:2614} INFO - Dependencies all met for dep_context=non-requeueable deps ti=<TaskInstance: parse_iot.sort_in_out scheduled__2026-02-05T10:00:00+00:00 [queued]>
[2026-02-14T18:16:45.816+0000] {taskinstance.py:2614} INFO - Dependencies all met for dep_context=requeueable deps ti=<TaskInstance: parse_iot.sort_in_out scheduled__2026-02-05T10:00:00+00:00 [queued]>
[2026-02-14T18:16:45.816+0000] {taskinstance.py:2867} INFO - Starting attempt 1 of 4
[2026-02-14T18:16:45.824+0000] {taskinstance.py:2890} INFO - Executing <Task(PythonOperator): sort_in_out> on 2026-02-05 10:00:00+00:00
[2026-02-14T18:16:45.831+0000] {standard_task_runner.py:72} INFO - Started process 503 to run task
[2026-02-14T18:16:45.834+0000] {standard_task_runner.py:104} INFO - Running: ['***', 'tasks', 'run', 'parse_iot', 'sort_in_out', 'scheduled__2026-02-05T10:00:00+00:00', '--job-id', '109', '--raw', '--subdir', 'DAGS_FOLDER/parse_iot.py', '--cfg-path', '/tmp/tmp2etntn4a']
[2026-02-14T18:16:45.836+0000] {standard_task_runner.py:105} INFO - Job 109: Subtask sort_in_out
[2026-02-14T18:16:45.845+0000] {warnings.py:109} WARNING - /home/***/.local/lib/python3.9/site-packages/***/settings.py:209: DeprecationWarning: The sql_alchemy_conn option in [core] has been moved to the sql_alchemy_conn option in [database] - the old setting has been used, but please update your config.
  SQL_ALCHEMY_CONN = conf.get("database", "SQL_ALCHEMY_CONN")

[2026-02-14T18:16:45.866+0000] {task_command.py:467} INFO - Running <TaskInstance: parse_iot.sort_in_out scheduled__2026-02-05T10:00:00+00:00 [running]> on host bb762b62a2c2
[2026-02-14T18:16:45.867+0000] {warnings.py:109} WARNING - /home/***/.local/lib/python3.9/site-packages/***/settings.py:470: DeprecationWarning: The sql_alchemy_conn option in [core] has been moved to the sql_alchemy_conn option in [database] - the old setting has been used, but please update your config.
  if conf.get("database", "sql_alchemy_conn") == "none://":

[2026-02-14T18:16:45.914+0000] {taskinstance.py:3134} INFO - Exporting env vars: AIRFLOW_CTX_DAG_OWNER='a.sorokin' AIRFLOW_CTX_DAG_ID='parse_iot' AIRFLOW_CTX_TASK_ID='sort_in_out' AIRFLOW_CTX_EXECUTION_DATE='2026-02-05T10:00:00+00:00' AIRFLOW_CTX_TRY_NUMBER='1' AIRFLOW_CTX_DAG_RUN_ID='scheduled__2026-02-05T10:00:00+00:00'
[2026-02-14T18:16:45.915+0000] {taskinstance.py:732} INFO - ::endgroup::
[2026-02-14T18:16:45.921+0000] {parse_iot.py:102} INFO - text
[2026-02-14T18:16:45.922+0000] {python.py:240} INFO - Done. Returned value was: None
[2026-02-14T18:16:45.929+0000] {taskinstance.py:341} INFO - ::group::Post task execution logs
[2026-02-14T18:16:45.929+0000] {taskinstance.py:353} INFO - Marking task as SUCCESS. dag_id=parse_iot, task_id=sort_in_out, run_id=scheduled__2026-02-05T10:00:00+00:00, execution_date=20260205T100000, start_date=20260214T181645, end_date=20260214T181645
[2026-02-14T18:16:45.966+0000] {local_task_job_runner.py:266} INFO - Task exited with return code 0
[2026-02-14T18:16:45.973+0000] {local_task_job_runner.py:245} INFO - ::endgroup::
