[2026-02-14T17:57:39.606+0000] {local_task_job_runner.py:123} INFO - ::group::Pre task execution logs
[2026-02-14T17:57:39.619+0000] {taskinstance.py:2614} INFO - Dependencies all met for dep_context=non-requeueable deps ti=<TaskInstance: load_postgres.check_connect_to_DB scheduled__2026-02-12T10:00:00+00:00 [queued]>
[2026-02-14T17:57:39.624+0000] {taskinstance.py:2614} INFO - Dependencies all met for dep_context=requeueable deps ti=<TaskInstance: load_postgres.check_connect_to_DB scheduled__2026-02-12T10:00:00+00:00 [queued]>
[2026-02-14T17:57:39.625+0000] {taskinstance.py:2867} INFO - Starting attempt 1 of 4
[2026-02-14T17:57:39.632+0000] {taskinstance.py:2890} INFO - Executing <Task(PythonSensor): check_connect_to_DB> on 2026-02-12 10:00:00+00:00
[2026-02-14T17:57:39.636+0000] {standard_task_runner.py:72} INFO - Started process 891 to run task
[2026-02-14T17:57:39.638+0000] {standard_task_runner.py:104} INFO - Running: ['***', 'tasks', 'run', 'load_postgres', 'check_connect_to_DB', 'scheduled__2026-02-12T10:00:00+00:00', '--job-id', '206', '--raw', '--subdir', 'DAGS_FOLDER/load_postrges.py', '--cfg-path', '/tmp/tmpwpbq4168']
[2026-02-14T17:57:39.640+0000] {standard_task_runner.py:105} INFO - Job 206: Subtask check_connect_to_DB
[2026-02-14T17:57:39.648+0000] {warnings.py:109} WARNING - /home/***/.local/lib/python3.9/site-packages/***/settings.py:209: DeprecationWarning: The sql_alchemy_conn option in [core] has been moved to the sql_alchemy_conn option in [database] - the old setting has been used, but please update your config.
  SQL_ALCHEMY_CONN = conf.get("database", "SQL_ALCHEMY_CONN")

[2026-02-14T17:57:39.670+0000] {task_command.py:467} INFO - Running <TaskInstance: load_postgres.check_connect_to_DB scheduled__2026-02-12T10:00:00+00:00 [running]> on host 9052c134cdec
[2026-02-14T17:57:39.671+0000] {warnings.py:109} WARNING - /home/***/.local/lib/python3.9/site-packages/***/settings.py:470: DeprecationWarning: The sql_alchemy_conn option in [core] has been moved to the sql_alchemy_conn option in [database] - the old setting has been used, but please update your config.
  if conf.get("database", "sql_alchemy_conn") == "none://":

[2026-02-14T17:57:39.714+0000] {taskinstance.py:3134} INFO - Exporting env vars: AIRFLOW_CTX_DAG_OWNER='a.sorokin' AIRFLOW_CTX_DAG_ID='load_postgres' AIRFLOW_CTX_TASK_ID='check_connect_to_DB' AIRFLOW_CTX_EXECUTION_DATE='2026-02-12T10:00:00+00:00' AIRFLOW_CTX_TRY_NUMBER='1' AIRFLOW_CTX_DAG_RUN_ID='scheduled__2026-02-12T10:00:00+00:00'
[2026-02-14T17:57:39.714+0000] {taskinstance.py:732} INFO - ::endgroup::
[2026-02-14T17:57:39.722+0000] {python.py:75} INFO - Poking callable: <function check_connect_to_DB at 0x7eef381ed0d0>
[2026-02-14T17:57:39.727+0000] {taskinstance.py:3313} ERROR - Task failed with exception
Traceback (most recent call last):
  File "/home/airflow/.local/lib/python3.9/site-packages/airflow/models/taskinstance.py", line 768, in _execute_task
    result = _execute_callable(context=context, **execute_callable_kwargs)
  File "/home/airflow/.local/lib/python3.9/site-packages/airflow/models/taskinstance.py", line 734, in _execute_callable
    return ExecutionCallableRunner(
  File "/home/airflow/.local/lib/python3.9/site-packages/airflow/utils/operator_helpers.py", line 252, in run
    return self.func(*args, **kwargs)
  File "/home/airflow/.local/lib/python3.9/site-packages/airflow/models/baseoperator.py", line 424, in wrapper
    return func(self, *args, **kwargs)
  File "/home/airflow/.local/lib/python3.9/site-packages/airflow/sensors/base.py", line 309, in execute
    raise e
  File "/home/airflow/.local/lib/python3.9/site-packages/airflow/sensors/base.py", line 289, in execute
    poke_return = self.poke(context)
  File "/home/airflow/.local/lib/python3.9/site-packages/airflow/sensors/python.py", line 76, in poke
    return_value = self.python_callable(*self.op_args, **self.op_kwargs)
  File "/opt/airflow/dags/load_postrges.py", line 44, in check_connect_to_DB
    raise Exceprion(f"Подключение не удалось {msg}")
NameError: name 'Exceprion' is not defined
[2026-02-14T17:57:39.735+0000] {taskinstance.py:1226} INFO - Marking task as UP_FOR_RETRY. dag_id=load_postgres, task_id=check_connect_to_DB, run_id=scheduled__2026-02-12T10:00:00+00:00, execution_date=20260212T100000, start_date=20260214T175739, end_date=20260214T175739
[2026-02-14T17:57:39.754+0000] {taskinstance.py:341} INFO - ::group::Post task execution logs
[2026-02-14T17:57:39.754+0000] {standard_task_runner.py:124} ERROR - Failed to execute job 206 for task check_connect_to_DB (name 'Exceprion' is not defined; 891)
Traceback (most recent call last):
  File "/home/airflow/.local/lib/python3.9/site-packages/airflow/task/task_runner/standard_task_runner.py", line 117, in _start_by_fork
    ret = args.func(args, dag=self.dag)
  File "/home/airflow/.local/lib/python3.9/site-packages/airflow/cli/cli_config.py", line 49, in command
    return func(*args, **kwargs)
  File "/home/airflow/.local/lib/python3.9/site-packages/airflow/utils/cli.py", line 116, in wrapper
    return f(*args, **kwargs)
  File "/home/airflow/.local/lib/python3.9/site-packages/airflow/cli/commands/task_command.py", line 483, in task_run
    task_return_code = _run_task_by_selected_method(args, _dag, ti)
  File "/home/airflow/.local/lib/python3.9/site-packages/airflow/cli/commands/task_command.py", line 256, in _run_task_by_selected_method
    return _run_raw_task(args, ti)
  File "/home/airflow/.local/lib/python3.9/site-packages/airflow/cli/commands/task_command.py", line 341, in _run_raw_task
    return ti._run_raw_task(
  File "/home/airflow/.local/lib/python3.9/site-packages/airflow/utils/session.py", line 97, in wrapper
    return func(*args, session=session, **kwargs)
  File "/home/airflow/.local/lib/python3.9/site-packages/airflow/models/taskinstance.py", line 3006, in _run_raw_task
    return _run_raw_task(
  File "/home/airflow/.local/lib/python3.9/site-packages/airflow/models/taskinstance.py", line 274, in _run_raw_task
    TaskInstance._execute_task_with_callbacks(
  File "/home/airflow/.local/lib/python3.9/site-packages/airflow/models/taskinstance.py", line 3161, in _execute_task_with_callbacks
    result = self._execute_task(context, task_orig)
  File "/home/airflow/.local/lib/python3.9/site-packages/airflow/models/taskinstance.py", line 3185, in _execute_task
    return _execute_task(self, context, task_orig)
  File "/home/airflow/.local/lib/python3.9/site-packages/airflow/models/taskinstance.py", line 768, in _execute_task
    result = _execute_callable(context=context, **execute_callable_kwargs)
  File "/home/airflow/.local/lib/python3.9/site-packages/airflow/models/taskinstance.py", line 734, in _execute_callable
    return ExecutionCallableRunner(
  File "/home/airflow/.local/lib/python3.9/site-packages/airflow/utils/operator_helpers.py", line 252, in run
    return self.func(*args, **kwargs)
  File "/home/airflow/.local/lib/python3.9/site-packages/airflow/models/baseoperator.py", line 424, in wrapper
    return func(self, *args, **kwargs)
  File "/home/airflow/.local/lib/python3.9/site-packages/airflow/sensors/base.py", line 309, in execute
    raise e
  File "/home/airflow/.local/lib/python3.9/site-packages/airflow/sensors/base.py", line 289, in execute
    poke_return = self.poke(context)
  File "/home/airflow/.local/lib/python3.9/site-packages/airflow/sensors/python.py", line 76, in poke
    return_value = self.python_callable(*self.op_args, **self.op_kwargs)
  File "/opt/airflow/dags/load_postrges.py", line 44, in check_connect_to_DB
    raise Exceprion(f"Подключение не удалось {msg}")
NameError: name 'Exceprion' is not defined
[2026-02-14T17:57:39.770+0000] {local_task_job_runner.py:266} INFO - Task exited with return code 1
[2026-02-14T17:57:39.786+0000] {taskinstance.py:3901} INFO - 0 downstream tasks scheduled from follow-on schedule check
[2026-02-14T17:57:39.787+0000] {local_task_job_runner.py:245} INFO - ::endgroup::
[2026-02-14T18:18:18.764+0000] {local_task_job_runner.py:123} INFO - ::group::Pre task execution logs
[2026-02-14T18:18:18.781+0000] {taskinstance.py:2614} INFO - Dependencies all met for dep_context=non-requeueable deps ti=<TaskInstance: load_postgres.check_connect_to_DB scheduled__2026-02-12T10:00:00+00:00 [queued]>
[2026-02-14T18:18:18.787+0000] {taskinstance.py:2614} INFO - Dependencies all met for dep_context=requeueable deps ti=<TaskInstance: load_postgres.check_connect_to_DB scheduled__2026-02-12T10:00:00+00:00 [queued]>
[2026-02-14T18:18:18.787+0000] {taskinstance.py:2867} INFO - Starting attempt 1 of 4
[2026-02-14T18:18:18.794+0000] {taskinstance.py:2890} INFO - Executing <Task(PythonSensor): check_connect_to_DB> on 2026-02-12 10:00:00+00:00
[2026-02-14T18:18:18.799+0000] {standard_task_runner.py:72} INFO - Started process 751 to run task
[2026-02-14T18:18:18.801+0000] {standard_task_runner.py:104} INFO - Running: ['***', 'tasks', 'run', 'load_postgres', 'check_connect_to_DB', 'scheduled__2026-02-12T10:00:00+00:00', '--job-id', '171', '--raw', '--subdir', 'DAGS_FOLDER/load_postrges.py', '--cfg-path', '/tmp/tmpce06up0b']
[2026-02-14T18:18:18.804+0000] {standard_task_runner.py:105} INFO - Job 171: Subtask check_connect_to_DB
[2026-02-14T18:18:18.812+0000] {warnings.py:109} WARNING - /home/***/.local/lib/python3.9/site-packages/***/settings.py:209: DeprecationWarning: The sql_alchemy_conn option in [core] has been moved to the sql_alchemy_conn option in [database] - the old setting has been used, but please update your config.
  SQL_ALCHEMY_CONN = conf.get("database", "SQL_ALCHEMY_CONN")

[2026-02-14T18:18:18.833+0000] {task_command.py:467} INFO - Running <TaskInstance: load_postgres.check_connect_to_DB scheduled__2026-02-12T10:00:00+00:00 [running]> on host bb762b62a2c2
[2026-02-14T18:18:18.834+0000] {warnings.py:109} WARNING - /home/***/.local/lib/python3.9/site-packages/***/settings.py:470: DeprecationWarning: The sql_alchemy_conn option in [core] has been moved to the sql_alchemy_conn option in [database] - the old setting has been used, but please update your config.
  if conf.get("database", "sql_alchemy_conn") == "none://":

[2026-02-14T18:18:18.883+0000] {taskinstance.py:3134} INFO - Exporting env vars: AIRFLOW_CTX_DAG_OWNER='a.sorokin' AIRFLOW_CTX_DAG_ID='load_postgres' AIRFLOW_CTX_TASK_ID='check_connect_to_DB' AIRFLOW_CTX_EXECUTION_DATE='2026-02-12T10:00:00+00:00' AIRFLOW_CTX_TRY_NUMBER='1' AIRFLOW_CTX_DAG_RUN_ID='scheduled__2026-02-12T10:00:00+00:00'
[2026-02-14T18:18:18.883+0000] {taskinstance.py:732} INFO - ::endgroup::
[2026-02-14T18:18:18.890+0000] {python.py:75} INFO - Poking callable: <function check_connect_to_DB at 0x70c1dade3160>
[2026-02-14T18:18:18.900+0000] {base.py:84} INFO - Retrieving connection '***-db'
[2026-02-14T18:18:18.904+0000] {sql.py:511} INFO - Running statement: select 1, parameters: None
[2026-02-14T18:18:18.904+0000] {sql.py:520} INFO - Rows affected: 1
[2026-02-14T18:18:18.905+0000] {warnings.py:109} WARNING - /home/***/.local/lib/python3.9/site-packages/***/providers/common/sql/hooks/sql.py:470: DeprecationWarning: Import of fetch_one_handler from the '***.providers.common.sql.hooks' module is deprecated and will
be removed in the future. Please import it from '***.providers.common.sql.hooks.handlers'.
  result = self._make_common_data_structure(handler(cur))

[2026-02-14T18:18:18.905+0000] {warnings.py:109} WARNING - /home/***/.local/lib/python3.9/site-packages/***/providers/common/sql/hooks/sql.py:471: DeprecationWarning: Import of return_single_query_results from the '***.providers.common.sql.hooks' module is deprecated and will
be removed in the future. Please import it from '***.providers.common.sql.hooks.handlers'.
  if return_single_query_results(sql, return_last, split_statements):

[2026-02-14T18:18:18.905+0000] {warnings.py:109} WARNING - /home/***/.local/lib/python3.9/site-packages/***/providers/common/sql/hooks/sql.py:486: DeprecationWarning: Import of return_single_query_results from the '***.providers.common.sql.hooks' module is deprecated and will
be removed in the future. Please import it from '***.providers.common.sql.hooks.handlers'.
  if return_single_query_results(sql, return_last, split_statements):

[2026-02-14T18:18:18.905+0000] {logging_mixin.py:190} INFO - Подключение удалось Connection successfully tested
[2026-02-14T18:18:18.906+0000] {base.py:339} INFO - Success criteria met. Exiting.
[2026-02-14T18:18:18.912+0000] {taskinstance.py:341} INFO - ::group::Post task execution logs
[2026-02-14T18:18:18.912+0000] {taskinstance.py:353} INFO - Marking task as SUCCESS. dag_id=load_***, task_id=check_connect_to_DB, run_id=scheduled__2026-02-12T10:00:00+00:00, execution_date=20260212T100000, start_date=20260214T181818, end_date=20260214T181818
[2026-02-14T18:18:18.973+0000] {local_task_job_runner.py:266} INFO - Task exited with return code 0
[2026-02-14T18:18:18.990+0000] {taskinstance.py:3901} INFO - 1 downstream tasks scheduled from follow-on schedule check
[2026-02-14T18:18:18.996+0000] {local_task_job_runner.py:245} INFO - ::endgroup::
[2026-02-16T15:48:07.267+0000] {local_task_job_runner.py:123} INFO - ::group::Pre task execution logs
[2026-02-16T15:48:07.279+0000] {taskinstance.py:2614} INFO - Dependencies all met for dep_context=non-requeueable deps ti=<TaskInstance: load_postgres.check_connect_to_DB scheduled__2026-02-12T10:00:00+00:00 [queued]>
[2026-02-16T15:48:07.283+0000] {taskinstance.py:2614} INFO - Dependencies all met for dep_context=requeueable deps ti=<TaskInstance: load_postgres.check_connect_to_DB scheduled__2026-02-12T10:00:00+00:00 [queued]>
[2026-02-16T15:48:07.283+0000] {taskinstance.py:2867} INFO - Starting attempt 1 of 4
[2026-02-16T15:48:07.290+0000] {taskinstance.py:2890} INFO - Executing <Task(PythonSensor): check_connect_to_DB> on 2026-02-12 10:00:00+00:00
[2026-02-16T15:48:07.294+0000] {standard_task_runner.py:72} INFO - Started process 923 to run task
[2026-02-16T15:48:07.296+0000] {standard_task_runner.py:104} INFO - Running: ['***', 'tasks', 'run', 'load_postgres', 'check_connect_to_DB', 'scheduled__2026-02-12T10:00:00+00:00', '--job-id', '214', '--raw', '--subdir', 'DAGS_FOLDER/load_postrges.py', '--cfg-path', '/tmp/tmpqj1v2do5']
[2026-02-16T15:48:07.297+0000] {standard_task_runner.py:105} INFO - Job 214: Subtask check_connect_to_DB
[2026-02-16T15:48:07.305+0000] {warnings.py:109} WARNING - /home/***/.local/lib/python3.9/site-packages/***/settings.py:209: DeprecationWarning: The sql_alchemy_conn option in [core] has been moved to the sql_alchemy_conn option in [database] - the old setting has been used, but please update your config.
  SQL_ALCHEMY_CONN = conf.get("database", "SQL_ALCHEMY_CONN")

[2026-02-16T15:48:07.327+0000] {task_command.py:467} INFO - Running <TaskInstance: load_postgres.check_connect_to_DB scheduled__2026-02-12T10:00:00+00:00 [running]> on host 6ef9a94e694d
[2026-02-16T15:48:07.328+0000] {warnings.py:109} WARNING - /home/***/.local/lib/python3.9/site-packages/***/settings.py:470: DeprecationWarning: The sql_alchemy_conn option in [core] has been moved to the sql_alchemy_conn option in [database] - the old setting has been used, but please update your config.
  if conf.get("database", "sql_alchemy_conn") == "none://":

[2026-02-16T15:48:07.372+0000] {taskinstance.py:3134} INFO - Exporting env vars: AIRFLOW_CTX_DAG_OWNER='a.sorokin' AIRFLOW_CTX_DAG_ID='load_postgres' AIRFLOW_CTX_TASK_ID='check_connect_to_DB' AIRFLOW_CTX_EXECUTION_DATE='2026-02-12T10:00:00+00:00' AIRFLOW_CTX_TRY_NUMBER='1' AIRFLOW_CTX_DAG_RUN_ID='scheduled__2026-02-12T10:00:00+00:00'
[2026-02-16T15:48:07.372+0000] {taskinstance.py:732} INFO - ::endgroup::
[2026-02-16T15:48:07.379+0000] {python.py:75} INFO - Poking callable: <function check_connect_to_DB at 0x7507ea9ee0d0>
[2026-02-16T15:48:07.389+0000] {base.py:84} INFO - Retrieving connection '***-db'
[2026-02-16T15:48:07.392+0000] {sql.py:511} INFO - Running statement: select 1, parameters: None
[2026-02-16T15:48:07.393+0000] {sql.py:520} INFO - Rows affected: 1
[2026-02-16T15:48:07.393+0000] {warnings.py:109} WARNING - /home/***/.local/lib/python3.9/site-packages/***/providers/common/sql/hooks/sql.py:470: DeprecationWarning: Import of fetch_one_handler from the '***.providers.common.sql.hooks' module is deprecated and will
be removed in the future. Please import it from '***.providers.common.sql.hooks.handlers'.
  result = self._make_common_data_structure(handler(cur))

[2026-02-16T15:48:07.394+0000] {warnings.py:109} WARNING - /home/***/.local/lib/python3.9/site-packages/***/providers/common/sql/hooks/sql.py:471: DeprecationWarning: Import of return_single_query_results from the '***.providers.common.sql.hooks' module is deprecated and will
be removed in the future. Please import it from '***.providers.common.sql.hooks.handlers'.
  if return_single_query_results(sql, return_last, split_statements):

[2026-02-16T15:48:07.394+0000] {warnings.py:109} WARNING - /home/***/.local/lib/python3.9/site-packages/***/providers/common/sql/hooks/sql.py:486: DeprecationWarning: Import of return_single_query_results from the '***.providers.common.sql.hooks' module is deprecated and will
be removed in the future. Please import it from '***.providers.common.sql.hooks.handlers'.
  if return_single_query_results(sql, return_last, split_statements):

[2026-02-16T15:48:07.394+0000] {logging_mixin.py:190} INFO - Подключение удалось Connection successfully tested
[2026-02-16T15:48:07.394+0000] {base.py:339} INFO - Success criteria met. Exiting.
[2026-02-16T15:48:07.401+0000] {taskinstance.py:341} INFO - ::group::Post task execution logs
[2026-02-16T15:48:07.401+0000] {taskinstance.py:353} INFO - Marking task as SUCCESS. dag_id=load_***, task_id=check_connect_to_DB, run_id=scheduled__2026-02-12T10:00:00+00:00, execution_date=20260212T100000, start_date=20260216T154807, end_date=20260216T154807
[2026-02-16T15:48:07.428+0000] {local_task_job_runner.py:266} INFO - Task exited with return code 0
[2026-02-16T15:48:07.447+0000] {taskinstance.py:3901} INFO - 1 downstream tasks scheduled from follow-on schedule check
[2026-02-16T15:48:07.448+0000] {local_task_job_runner.py:245} INFO - ::endgroup::
