[2026-02-14T16:31:40.567+0000] {local_task_job_runner.py:123} INFO - ::group::Pre task execution logs
[2026-02-14T16:31:40.584+0000] {taskinstance.py:2614} INFO - Dependencies all met for dep_context=non-requeueable deps ti=<TaskInstance: parse_iot.check_download_complete scheduled__2026-02-12T10:00:00+00:00 [queued]>
[2026-02-14T16:31:40.591+0000] {taskinstance.py:2614} INFO - Dependencies all met for dep_context=requeueable deps ti=<TaskInstance: parse_iot.check_download_complete scheduled__2026-02-12T10:00:00+00:00 [queued]>
[2026-02-14T16:31:40.591+0000] {taskinstance.py:2867} INFO - Starting attempt 1 of 4
[2026-02-14T16:31:40.597+0000] {taskinstance.py:2890} INFO - Executing <Task(ExternalTaskSensor): check_download_complete> on 2026-02-12 10:00:00+00:00
[2026-02-14T16:31:40.602+0000] {standard_task_runner.py:72} INFO - Started process 335 to run task
[2026-02-14T16:31:40.604+0000] {standard_task_runner.py:104} INFO - Running: ['***', 'tasks', 'run', 'parse_iot', 'check_download_complete', 'scheduled__2026-02-12T10:00:00+00:00', '--job-id', '67', '--raw', '--subdir', 'DAGS_FOLDER/parse_iot.py', '--cfg-path', '/tmp/tmpcb85aqy_']
[2026-02-14T16:31:40.605+0000] {standard_task_runner.py:105} INFO - Job 67: Subtask check_download_complete
[2026-02-14T16:31:40.613+0000] {warnings.py:109} WARNING - /home/***/.local/lib/python3.9/site-packages/***/settings.py:209: DeprecationWarning: The sql_alchemy_conn option in [core] has been moved to the sql_alchemy_conn option in [database] - the old setting has been used, but please update your config.
  SQL_ALCHEMY_CONN = conf.get("database", "SQL_ALCHEMY_CONN")

[2026-02-14T16:31:40.635+0000] {task_command.py:467} INFO - Running <TaskInstance: parse_iot.check_download_complete scheduled__2026-02-12T10:00:00+00:00 [running]> on host a5c4ed865bb5
[2026-02-14T16:31:40.635+0000] {warnings.py:109} WARNING - /home/***/.local/lib/python3.9/site-packages/***/settings.py:470: DeprecationWarning: The sql_alchemy_conn option in [core] has been moved to the sql_alchemy_conn option in [database] - the old setting has been used, but please update your config.
  if conf.get("database", "sql_alchemy_conn") == "none://":

[2026-02-14T16:31:40.684+0000] {taskinstance.py:3134} INFO - Exporting env vars: AIRFLOW_CTX_DAG_OWNER='a.sorokin' AIRFLOW_CTX_DAG_ID='parse_iot' AIRFLOW_CTX_TASK_ID='check_download_complete' AIRFLOW_CTX_EXECUTION_DATE='2026-02-12T10:00:00+00:00' AIRFLOW_CTX_TRY_NUMBER='1' AIRFLOW_CTX_DAG_RUN_ID='scheduled__2026-02-12T10:00:00+00:00'
[2026-02-14T16:31:40.684+0000] {taskinstance.py:732} INFO - ::endgroup::
[2026-02-14T16:31:40.691+0000] {baseoperator.py:423} WARNING - ExternalTaskSensor.execute cannot be called outside TaskInstance!
[2026-02-14T16:31:40.697+0000] {external_task.py:274} INFO - Poking for DAG 'download_iot' on 2026-02-12T10:00:00+00:00 ... 
[2026-02-14T16:31:40.698+0000] {warnings.py:109} WARNING - /home/***/.local/lib/python3.9/site-packages/***/utils/session.py:97: DeprecationWarning: This method is deprecated and will be removed in future.
  return func(*args, session=session, **kwargs)

[2026-02-14T16:31:40.703+0000] {base.py:339} INFO - Success criteria met. Exiting.
[2026-02-14T16:31:40.709+0000] {taskinstance.py:341} INFO - ::group::Post task execution logs
[2026-02-14T16:31:40.709+0000] {taskinstance.py:353} INFO - Marking task as SUCCESS. dag_id=parse_iot, task_id=check_download_complete, run_id=scheduled__2026-02-12T10:00:00+00:00, execution_date=20260212T100000, start_date=20260214T163140, end_date=20260214T163140
[2026-02-14T16:31:40.736+0000] {local_task_job_runner.py:266} INFO - Task exited with return code 0
[2026-02-14T16:31:40.757+0000] {taskinstance.py:3901} INFO - 0 downstream tasks scheduled from follow-on schedule check
[2026-02-14T16:31:40.758+0000] {local_task_job_runner.py:245} INFO - ::endgroup::
[2026-02-14T17:49:01.109+0000] {local_task_job_runner.py:123} INFO - ::group::Pre task execution logs
[2026-02-14T17:49:01.125+0000] {taskinstance.py:2614} INFO - Dependencies all met for dep_context=non-requeueable deps ti=<TaskInstance: parse_iot.check_download_complete scheduled__2026-02-12T10:00:00+00:00 [queued]>
[2026-02-14T17:49:01.130+0000] {taskinstance.py:2614} INFO - Dependencies all met for dep_context=requeueable deps ti=<TaskInstance: parse_iot.check_download_complete scheduled__2026-02-12T10:00:00+00:00 [queued]>
[2026-02-14T17:49:01.131+0000] {taskinstance.py:2867} INFO - Starting attempt 1 of 4
[2026-02-14T17:49:01.136+0000] {taskinstance.py:2890} INFO - Executing <Task(ExternalTaskSensor): check_download_complete> on 2026-02-12 10:00:00+00:00
[2026-02-14T17:49:01.141+0000] {standard_task_runner.py:72} INFO - Started process 343 to run task
[2026-02-14T17:49:01.142+0000] {standard_task_runner.py:104} INFO - Running: ['***', 'tasks', 'run', 'parse_iot', 'check_download_complete', 'scheduled__2026-02-12T10:00:00+00:00', '--job-id', '69', '--raw', '--subdir', 'DAGS_FOLDER/parse_iot.py', '--cfg-path', '/tmp/tmp0_e80ld5']
[2026-02-14T17:49:01.144+0000] {standard_task_runner.py:105} INFO - Job 69: Subtask check_download_complete
[2026-02-14T17:49:01.152+0000] {warnings.py:109} WARNING - /home/***/.local/lib/python3.9/site-packages/***/settings.py:209: DeprecationWarning: The sql_alchemy_conn option in [core] has been moved to the sql_alchemy_conn option in [database] - the old setting has been used, but please update your config.
  SQL_ALCHEMY_CONN = conf.get("database", "SQL_ALCHEMY_CONN")

[2026-02-14T17:49:01.172+0000] {task_command.py:467} INFO - Running <TaskInstance: parse_iot.check_download_complete scheduled__2026-02-12T10:00:00+00:00 [running]> on host 9052c134cdec
[2026-02-14T17:49:01.173+0000] {warnings.py:109} WARNING - /home/***/.local/lib/python3.9/site-packages/***/settings.py:470: DeprecationWarning: The sql_alchemy_conn option in [core] has been moved to the sql_alchemy_conn option in [database] - the old setting has been used, but please update your config.
  if conf.get("database", "sql_alchemy_conn") == "none://":

[2026-02-14T17:49:01.215+0000] {taskinstance.py:3134} INFO - Exporting env vars: AIRFLOW_CTX_DAG_OWNER='a.sorokin' AIRFLOW_CTX_DAG_ID='parse_iot' AIRFLOW_CTX_TASK_ID='check_download_complete' AIRFLOW_CTX_EXECUTION_DATE='2026-02-12T10:00:00+00:00' AIRFLOW_CTX_TRY_NUMBER='1' AIRFLOW_CTX_DAG_RUN_ID='scheduled__2026-02-12T10:00:00+00:00'
[2026-02-14T17:49:01.215+0000] {taskinstance.py:732} INFO - ::endgroup::
[2026-02-14T17:49:01.222+0000] {baseoperator.py:423} WARNING - ExternalTaskSensor.execute cannot be called outside TaskInstance!
[2026-02-14T17:49:01.227+0000] {external_task.py:274} INFO - Poking for DAG 'download_iot' on 2026-02-12T10:00:00+00:00 ... 
[2026-02-14T17:49:01.228+0000] {warnings.py:109} WARNING - /home/***/.local/lib/python3.9/site-packages/***/utils/session.py:97: DeprecationWarning: This method is deprecated and will be removed in future.
  return func(*args, session=session, **kwargs)

[2026-02-14T17:49:01.233+0000] {base.py:339} INFO - Success criteria met. Exiting.
[2026-02-14T17:49:01.238+0000] {taskinstance.py:341} INFO - ::group::Post task execution logs
[2026-02-14T17:49:01.238+0000] {taskinstance.py:353} INFO - Marking task as SUCCESS. dag_id=parse_iot, task_id=check_download_complete, run_id=scheduled__2026-02-12T10:00:00+00:00, execution_date=20260212T100000, start_date=20260214T174901, end_date=20260214T174901
[2026-02-14T17:49:01.274+0000] {local_task_job_runner.py:266} INFO - Task exited with return code 0
[2026-02-14T17:49:01.295+0000] {taskinstance.py:3901} INFO - 0 downstream tasks scheduled from follow-on schedule check
[2026-02-14T17:49:01.296+0000] {local_task_job_runner.py:245} INFO - ::endgroup::
[2026-02-14T18:14:14.042+0000] {local_task_job_runner.py:123} INFO - ::group::Pre task execution logs
[2026-02-14T18:14:14.058+0000] {taskinstance.py:2614} INFO - Dependencies all met for dep_context=non-requeueable deps ti=<TaskInstance: parse_iot.check_download_complete scheduled__2026-02-12T10:00:00+00:00 [queued]>
[2026-02-14T18:14:14.065+0000] {taskinstance.py:2614} INFO - Dependencies all met for dep_context=requeueable deps ti=<TaskInstance: parse_iot.check_download_complete scheduled__2026-02-12T10:00:00+00:00 [queued]>
[2026-02-14T18:14:14.065+0000] {taskinstance.py:2867} INFO - Starting attempt 1 of 4
[2026-02-14T18:14:14.072+0000] {taskinstance.py:2890} INFO - Executing <Task(ExternalTaskSensor): check_download_complete> on 2026-02-12 10:00:00+00:00
[2026-02-14T18:14:14.077+0000] {standard_task_runner.py:72} INFO - Started process 331 to run task
[2026-02-14T18:14:14.079+0000] {standard_task_runner.py:104} INFO - Running: ['***', 'tasks', 'run', 'parse_iot', 'check_download_complete', 'scheduled__2026-02-12T10:00:00+00:00', '--job-id', '66', '--raw', '--subdir', 'DAGS_FOLDER/parse_iot.py', '--cfg-path', '/tmp/tmp95fan79q']
[2026-02-14T18:14:14.080+0000] {standard_task_runner.py:105} INFO - Job 66: Subtask check_download_complete
[2026-02-14T18:14:14.088+0000] {warnings.py:109} WARNING - /home/***/.local/lib/python3.9/site-packages/***/settings.py:209: DeprecationWarning: The sql_alchemy_conn option in [core] has been moved to the sql_alchemy_conn option in [database] - the old setting has been used, but please update your config.
  SQL_ALCHEMY_CONN = conf.get("database", "SQL_ALCHEMY_CONN")

[2026-02-14T18:14:14.109+0000] {task_command.py:467} INFO - Running <TaskInstance: parse_iot.check_download_complete scheduled__2026-02-12T10:00:00+00:00 [running]> on host bb762b62a2c2
[2026-02-14T18:14:14.109+0000] {warnings.py:109} WARNING - /home/***/.local/lib/python3.9/site-packages/***/settings.py:470: DeprecationWarning: The sql_alchemy_conn option in [core] has been moved to the sql_alchemy_conn option in [database] - the old setting has been used, but please update your config.
  if conf.get("database", "sql_alchemy_conn") == "none://":

[2026-02-14T18:14:14.157+0000] {taskinstance.py:3134} INFO - Exporting env vars: AIRFLOW_CTX_DAG_OWNER='a.sorokin' AIRFLOW_CTX_DAG_ID='parse_iot' AIRFLOW_CTX_TASK_ID='check_download_complete' AIRFLOW_CTX_EXECUTION_DATE='2026-02-12T10:00:00+00:00' AIRFLOW_CTX_TRY_NUMBER='1' AIRFLOW_CTX_DAG_RUN_ID='scheduled__2026-02-12T10:00:00+00:00'
[2026-02-14T18:14:14.157+0000] {taskinstance.py:732} INFO - ::endgroup::
[2026-02-14T18:14:14.165+0000] {baseoperator.py:423} WARNING - ExternalTaskSensor.execute cannot be called outside TaskInstance!
[2026-02-14T18:14:14.170+0000] {external_task.py:274} INFO - Poking for DAG 'download_iot' on 2026-02-12T10:00:00+00:00 ... 
[2026-02-14T18:14:14.171+0000] {warnings.py:109} WARNING - /home/***/.local/lib/python3.9/site-packages/***/utils/session.py:97: DeprecationWarning: This method is deprecated and will be removed in future.
  return func(*args, session=session, **kwargs)

[2026-02-14T18:14:14.176+0000] {base.py:339} INFO - Success criteria met. Exiting.
[2026-02-14T18:14:14.182+0000] {taskinstance.py:341} INFO - ::group::Post task execution logs
[2026-02-14T18:14:14.182+0000] {taskinstance.py:353} INFO - Marking task as SUCCESS. dag_id=parse_iot, task_id=check_download_complete, run_id=scheduled__2026-02-12T10:00:00+00:00, execution_date=20260212T100000, start_date=20260214T181414, end_date=20260214T181414
[2026-02-14T18:14:14.211+0000] {local_task_job_runner.py:266} INFO - Task exited with return code 0
[2026-02-14T18:14:14.232+0000] {taskinstance.py:3901} INFO - 0 downstream tasks scheduled from follow-on schedule check
[2026-02-14T18:14:14.233+0000] {local_task_job_runner.py:245} INFO - ::endgroup::
[2026-02-16T14:45:59.434+0000] {local_task_job_runner.py:123} INFO - ::group::Pre task execution logs
[2026-02-16T14:45:59.452+0000] {taskinstance.py:2614} INFO - Dependencies all met for dep_context=non-requeueable deps ti=<TaskInstance: parse_iot.check_download_complete scheduled__2026-02-12T10:00:00+00:00 [queued]>
[2026-02-16T14:45:59.459+0000] {taskinstance.py:2614} INFO - Dependencies all met for dep_context=requeueable deps ti=<TaskInstance: parse_iot.check_download_complete scheduled__2026-02-12T10:00:00+00:00 [queued]>
[2026-02-16T14:45:59.459+0000] {taskinstance.py:2867} INFO - Starting attempt 1 of 4
[2026-02-16T14:45:59.466+0000] {taskinstance.py:2890} INFO - Executing <Task(ExternalTaskSensor): check_download_complete> on 2026-02-12 10:00:00+00:00
[2026-02-16T14:45:59.471+0000] {standard_task_runner.py:72} INFO - Started process 378 to run task
[2026-02-16T14:45:59.473+0000] {standard_task_runner.py:104} INFO - Running: ['***', 'tasks', 'run', 'parse_iot', 'check_download_complete', 'scheduled__2026-02-12T10:00:00+00:00', '--job-id', '72', '--raw', '--subdir', 'DAGS_FOLDER/parse_iot.py', '--cfg-path', '/tmp/tmp_unsl2u5']
[2026-02-16T14:45:59.474+0000] {standard_task_runner.py:105} INFO - Job 72: Subtask check_download_complete
[2026-02-16T14:45:59.482+0000] {warnings.py:109} WARNING - /home/***/.local/lib/python3.9/site-packages/***/settings.py:209: DeprecationWarning: The sql_alchemy_conn option in [core] has been moved to the sql_alchemy_conn option in [database] - the old setting has been used, but please update your config.
  SQL_ALCHEMY_CONN = conf.get("database", "SQL_ALCHEMY_CONN")

[2026-02-16T14:45:59.502+0000] {task_command.py:467} INFO - Running <TaskInstance: parse_iot.check_download_complete scheduled__2026-02-12T10:00:00+00:00 [running]> on host cd96c4fa192f
[2026-02-16T14:45:59.502+0000] {warnings.py:109} WARNING - /home/***/.local/lib/python3.9/site-packages/***/settings.py:470: DeprecationWarning: The sql_alchemy_conn option in [core] has been moved to the sql_alchemy_conn option in [database] - the old setting has been used, but please update your config.
  if conf.get("database", "sql_alchemy_conn") == "none://":

[2026-02-16T14:45:59.545+0000] {taskinstance.py:3134} INFO - Exporting env vars: AIRFLOW_CTX_DAG_OWNER='a.sorokin' AIRFLOW_CTX_DAG_ID='parse_iot' AIRFLOW_CTX_TASK_ID='check_download_complete' AIRFLOW_CTX_EXECUTION_DATE='2026-02-12T10:00:00+00:00' AIRFLOW_CTX_TRY_NUMBER='1' AIRFLOW_CTX_DAG_RUN_ID='scheduled__2026-02-12T10:00:00+00:00'
[2026-02-16T14:45:59.545+0000] {taskinstance.py:732} INFO - ::endgroup::
[2026-02-16T14:45:59.552+0000] {baseoperator.py:423} WARNING - ExternalTaskSensor.execute cannot be called outside TaskInstance!
[2026-02-16T14:45:59.557+0000] {external_task.py:274} INFO - Poking for DAG 'download_iot' on 2026-02-12T10:00:00+00:00 ... 
[2026-02-16T14:45:59.558+0000] {warnings.py:109} WARNING - /home/***/.local/lib/python3.9/site-packages/***/utils/session.py:97: DeprecationWarning: This method is deprecated and will be removed in future.
  return func(*args, session=session, **kwargs)

[2026-02-16T14:45:59.562+0000] {base.py:339} INFO - Success criteria met. Exiting.
[2026-02-16T14:45:59.568+0000] {taskinstance.py:341} INFO - ::group::Post task execution logs
[2026-02-16T14:45:59.568+0000] {taskinstance.py:353} INFO - Marking task as SUCCESS. dag_id=parse_iot, task_id=check_download_complete, run_id=scheduled__2026-02-12T10:00:00+00:00, execution_date=20260212T100000, start_date=20260216T144559, end_date=20260216T144559
[2026-02-16T14:45:59.604+0000] {local_task_job_runner.py:266} INFO - Task exited with return code 0
[2026-02-16T14:45:59.625+0000] {taskinstance.py:3901} INFO - 0 downstream tasks scheduled from follow-on schedule check
[2026-02-16T14:45:59.626+0000] {local_task_job_runner.py:245} INFO - ::endgroup::
[2026-02-16T15:15:51.852+0000] {local_task_job_runner.py:123} INFO - ::group::Pre task execution logs
[2026-02-16T15:15:51.870+0000] {taskinstance.py:2614} INFO - Dependencies all met for dep_context=non-requeueable deps ti=<TaskInstance: parse_iot.check_download_complete scheduled__2026-02-12T10:00:00+00:00 [queued]>
[2026-02-16T15:15:51.877+0000] {taskinstance.py:2614} INFO - Dependencies all met for dep_context=requeueable deps ti=<TaskInstance: parse_iot.check_download_complete scheduled__2026-02-12T10:00:00+00:00 [queued]>
[2026-02-16T15:15:51.877+0000] {taskinstance.py:2867} INFO - Starting attempt 1 of 4
[2026-02-16T15:15:51.884+0000] {taskinstance.py:2890} INFO - Executing <Task(ExternalTaskSensor): check_download_complete> on 2026-02-12 10:00:00+00:00
[2026-02-16T15:15:51.889+0000] {standard_task_runner.py:72} INFO - Started process 347 to run task
[2026-02-16T15:15:51.892+0000] {standard_task_runner.py:104} INFO - Running: ['***', 'tasks', 'run', 'parse_iot', 'check_download_complete', 'scheduled__2026-02-12T10:00:00+00:00', '--job-id', '70', '--raw', '--subdir', 'DAGS_FOLDER/parse_iot.py', '--cfg-path', '/tmp/tmpzfz8gp58']
[2026-02-16T15:15:51.893+0000] {standard_task_runner.py:105} INFO - Job 70: Subtask check_download_complete
[2026-02-16T15:15:51.902+0000] {warnings.py:109} WARNING - /home/***/.local/lib/python3.9/site-packages/***/settings.py:209: DeprecationWarning: The sql_alchemy_conn option in [core] has been moved to the sql_alchemy_conn option in [database] - the old setting has been used, but please update your config.
  SQL_ALCHEMY_CONN = conf.get("database", "SQL_ALCHEMY_CONN")

[2026-02-16T15:15:51.924+0000] {task_command.py:467} INFO - Running <TaskInstance: parse_iot.check_download_complete scheduled__2026-02-12T10:00:00+00:00 [running]> on host fbd3e38838e9
[2026-02-16T15:15:51.924+0000] {warnings.py:109} WARNING - /home/***/.local/lib/python3.9/site-packages/***/settings.py:470: DeprecationWarning: The sql_alchemy_conn option in [core] has been moved to the sql_alchemy_conn option in [database] - the old setting has been used, but please update your config.
  if conf.get("database", "sql_alchemy_conn") == "none://":

[2026-02-16T15:15:51.970+0000] {taskinstance.py:3134} INFO - Exporting env vars: AIRFLOW_CTX_DAG_OWNER='a.sorokin' AIRFLOW_CTX_DAG_ID='parse_iot' AIRFLOW_CTX_TASK_ID='check_download_complete' AIRFLOW_CTX_EXECUTION_DATE='2026-02-12T10:00:00+00:00' AIRFLOW_CTX_TRY_NUMBER='1' AIRFLOW_CTX_DAG_RUN_ID='scheduled__2026-02-12T10:00:00+00:00'
[2026-02-16T15:15:51.971+0000] {taskinstance.py:732} INFO - ::endgroup::
[2026-02-16T15:15:51.979+0000] {baseoperator.py:423} WARNING - ExternalTaskSensor.execute cannot be called outside TaskInstance!
[2026-02-16T15:15:51.985+0000] {external_task.py:274} INFO - Poking for DAG 'download_iot' on 2026-02-12T10:00:00+00:00 ... 
[2026-02-16T15:15:51.985+0000] {warnings.py:109} WARNING - /home/***/.local/lib/python3.9/site-packages/***/utils/session.py:97: DeprecationWarning: This method is deprecated and will be removed in future.
  return func(*args, session=session, **kwargs)

[2026-02-16T15:15:51.990+0000] {base.py:339} INFO - Success criteria met. Exiting.
[2026-02-16T15:15:51.997+0000] {taskinstance.py:341} INFO - ::group::Post task execution logs
[2026-02-16T15:15:51.997+0000] {taskinstance.py:353} INFO - Marking task as SUCCESS. dag_id=parse_iot, task_id=check_download_complete, run_id=scheduled__2026-02-12T10:00:00+00:00, execution_date=20260212T100000, start_date=20260216T151551, end_date=20260216T151551
[2026-02-16T15:15:52.024+0000] {local_task_job_runner.py:266} INFO - Task exited with return code 0
[2026-02-16T15:15:52.048+0000] {taskinstance.py:3901} INFO - 0 downstream tasks scheduled from follow-on schedule check
[2026-02-16T15:15:52.049+0000] {local_task_job_runner.py:245} INFO - ::endgroup::
[2026-02-16T15:43:52.196+0000] {local_task_job_runner.py:123} INFO - ::group::Pre task execution logs
[2026-02-16T15:43:52.213+0000] {taskinstance.py:2614} INFO - Dependencies all met for dep_context=non-requeueable deps ti=<TaskInstance: parse_iot.check_download_complete scheduled__2026-02-12T10:00:00+00:00 [queued]>
[2026-02-16T15:43:52.221+0000] {taskinstance.py:2614} INFO - Dependencies all met for dep_context=requeueable deps ti=<TaskInstance: parse_iot.check_download_complete scheduled__2026-02-12T10:00:00+00:00 [queued]>
[2026-02-16T15:43:52.221+0000] {taskinstance.py:2867} INFO - Starting attempt 1 of 4
[2026-02-16T15:43:52.227+0000] {taskinstance.py:2890} INFO - Executing <Task(ExternalTaskSensor): check_download_complete> on 2026-02-12 10:00:00+00:00
[2026-02-16T15:43:52.232+0000] {standard_task_runner.py:72} INFO - Started process 359 to run task
[2026-02-16T15:43:52.234+0000] {standard_task_runner.py:104} INFO - Running: ['***', 'tasks', 'run', 'parse_iot', 'check_download_complete', 'scheduled__2026-02-12T10:00:00+00:00', '--job-id', '73', '--raw', '--subdir', 'DAGS_FOLDER/parse_iot.py', '--cfg-path', '/tmp/tmp46o7u54h']
[2026-02-16T15:43:52.236+0000] {standard_task_runner.py:105} INFO - Job 73: Subtask check_download_complete
[2026-02-16T15:43:52.244+0000] {warnings.py:109} WARNING - /home/***/.local/lib/python3.9/site-packages/***/settings.py:209: DeprecationWarning: The sql_alchemy_conn option in [core] has been moved to the sql_alchemy_conn option in [database] - the old setting has been used, but please update your config.
  SQL_ALCHEMY_CONN = conf.get("database", "SQL_ALCHEMY_CONN")

[2026-02-16T15:43:52.266+0000] {task_command.py:467} INFO - Running <TaskInstance: parse_iot.check_download_complete scheduled__2026-02-12T10:00:00+00:00 [running]> on host 6ef9a94e694d
[2026-02-16T15:43:52.266+0000] {warnings.py:109} WARNING - /home/***/.local/lib/python3.9/site-packages/***/settings.py:470: DeprecationWarning: The sql_alchemy_conn option in [core] has been moved to the sql_alchemy_conn option in [database] - the old setting has been used, but please update your config.
  if conf.get("database", "sql_alchemy_conn") == "none://":

[2026-02-16T15:43:52.311+0000] {taskinstance.py:3134} INFO - Exporting env vars: AIRFLOW_CTX_DAG_OWNER='a.sorokin' AIRFLOW_CTX_DAG_ID='parse_iot' AIRFLOW_CTX_TASK_ID='check_download_complete' AIRFLOW_CTX_EXECUTION_DATE='2026-02-12T10:00:00+00:00' AIRFLOW_CTX_TRY_NUMBER='1' AIRFLOW_CTX_DAG_RUN_ID='scheduled__2026-02-12T10:00:00+00:00'
[2026-02-16T15:43:52.312+0000] {taskinstance.py:732} INFO - ::endgroup::
[2026-02-16T15:43:52.320+0000] {baseoperator.py:423} WARNING - ExternalTaskSensor.execute cannot be called outside TaskInstance!
[2026-02-16T15:43:52.325+0000] {external_task.py:274} INFO - Poking for DAG 'download_iot' on 2026-02-12T10:00:00+00:00 ... 
[2026-02-16T15:43:52.326+0000] {warnings.py:109} WARNING - /home/***/.local/lib/python3.9/site-packages/***/utils/session.py:97: DeprecationWarning: This method is deprecated and will be removed in future.
  return func(*args, session=session, **kwargs)

[2026-02-16T15:43:52.331+0000] {base.py:339} INFO - Success criteria met. Exiting.
[2026-02-16T15:43:52.337+0000] {taskinstance.py:341} INFO - ::group::Post task execution logs
[2026-02-16T15:43:52.338+0000] {taskinstance.py:353} INFO - Marking task as SUCCESS. dag_id=parse_iot, task_id=check_download_complete, run_id=scheduled__2026-02-12T10:00:00+00:00, execution_date=20260212T100000, start_date=20260216T154352, end_date=20260216T154352
[2026-02-16T15:43:52.366+0000] {local_task_job_runner.py:266} INFO - Task exited with return code 0
[2026-02-16T15:43:52.389+0000] {taskinstance.py:3901} INFO - 0 downstream tasks scheduled from follow-on schedule check
[2026-02-16T15:43:52.390+0000] {local_task_job_runner.py:245} INFO - ::endgroup::
