[2026-02-14T00:09:13.227+0000] {local_task_job_runner.py:123} INFO - ::group::Pre task execution logs
[2026-02-14T00:09:13.241+0000] {taskinstance.py:2614} INFO - Dependencies all met for dep_context=non-requeueable deps ti=<TaskInstance: load_postgres.check_parse scheduled__2026-02-04T10:00:00+00:00 [queued]>
[2026-02-14T00:09:13.246+0000] {taskinstance.py:2614} INFO - Dependencies all met for dep_context=requeueable deps ti=<TaskInstance: load_postgres.check_parse scheduled__2026-02-04T10:00:00+00:00 [queued]>
[2026-02-14T00:09:13.247+0000] {taskinstance.py:2867} INFO - Starting attempt 1 of 4
[2026-02-14T00:09:13.253+0000] {taskinstance.py:2890} INFO - Executing <Task(ExternalTaskSensor): check_parse> on 2026-02-04 10:00:00+00:00
[2026-02-14T00:09:13.258+0000] {standard_task_runner.py:72} INFO - Started process 95 to run task
[2026-02-14T00:09:13.260+0000] {standard_task_runner.py:104} INFO - Running: ['***', 'tasks', 'run', 'load_postgres', 'check_parse', 'scheduled__2026-02-04T10:00:00+00:00', '--job-id', '7', '--raw', '--subdir', 'DAGS_FOLDER/load_postrges.py', '--cfg-path', '/tmp/tmpqdskko64']
[2026-02-14T00:09:13.261+0000] {standard_task_runner.py:105} INFO - Job 7: Subtask check_parse
[2026-02-14T00:09:13.269+0000] {warnings.py:109} WARNING - /home/***/.local/lib/python3.9/site-packages/***/settings.py:209: DeprecationWarning: The sql_alchemy_conn option in [core] has been moved to the sql_alchemy_conn option in [database] - the old setting has been used, but please update your config.
  SQL_ALCHEMY_CONN = conf.get("database", "SQL_ALCHEMY_CONN")

[2026-02-14T00:09:13.291+0000] {task_command.py:467} INFO - Running <TaskInstance: load_postgres.check_parse scheduled__2026-02-04T10:00:00+00:00 [running]> on host 13185f5c75e0
[2026-02-14T00:09:13.292+0000] {warnings.py:109} WARNING - /home/***/.local/lib/python3.9/site-packages/***/settings.py:470: DeprecationWarning: The sql_alchemy_conn option in [core] has been moved to the sql_alchemy_conn option in [database] - the old setting has been used, but please update your config.
  if conf.get("database", "sql_alchemy_conn") == "none://":

[2026-02-14T00:09:13.336+0000] {taskinstance.py:3134} INFO - Exporting env vars: AIRFLOW_CTX_DAG_OWNER='a.sorokin' AIRFLOW_CTX_DAG_ID='load_postgres' AIRFLOW_CTX_TASK_ID='check_parse' AIRFLOW_CTX_EXECUTION_DATE='2026-02-04T10:00:00+00:00' AIRFLOW_CTX_TRY_NUMBER='1' AIRFLOW_CTX_DAG_RUN_ID='scheduled__2026-02-04T10:00:00+00:00'
[2026-02-14T00:09:13.337+0000] {taskinstance.py:732} INFO - ::endgroup::
[2026-02-14T00:09:13.345+0000] {baseoperator.py:423} WARNING - ExternalTaskSensor.execute cannot be called outside TaskInstance!
[2026-02-14T00:09:13.350+0000] {external_task.py:274} INFO - Poking for DAG 'parse_iot' on 2026-02-04T10:00:00+00:00 ... 
[2026-02-14T00:09:13.351+0000] {warnings.py:109} WARNING - /home/***/.local/lib/python3.9/site-packages/***/utils/session.py:97: DeprecationWarning: This method is deprecated and will be removed in future.
  return func(*args, session=session, **kwargs)

[2026-02-14T00:09:13.367+0000] {taskinstance.py:310} INFO - Rescheduling task, marking task as UP_FOR_RESCHEDULE
[2026-02-14T00:09:13.367+0000] {taskinstance.py:341} INFO - ::group::Post task execution logs
[2026-02-14T00:09:13.392+0000] {local_task_job_runner.py:266} INFO - Task exited with return code 0
[2026-02-14T00:09:13.408+0000] {taskinstance.py:3901} INFO - 0 downstream tasks scheduled from follow-on schedule check
[2026-02-14T00:09:13.409+0000] {local_task_job_runner.py:245} INFO - ::endgroup::
[2026-02-14T16:30:18.711+0000] {local_task_job_runner.py:123} INFO - ::group::Pre task execution logs
[2026-02-14T16:30:18.724+0000] {taskinstance.py:2614} INFO - Dependencies all met for dep_context=non-requeueable deps ti=<TaskInstance: load_postgres.check_parse scheduled__2026-02-04T10:00:00+00:00 [queued]>
[2026-02-14T16:30:18.729+0000] {taskinstance.py:2614} INFO - Dependencies all met for dep_context=requeueable deps ti=<TaskInstance: load_postgres.check_parse scheduled__2026-02-04T10:00:00+00:00 [queued]>
[2026-02-14T16:30:18.729+0000] {taskinstance.py:2867} INFO - Starting attempt 1 of 4
[2026-02-14T16:30:18.736+0000] {taskinstance.py:2890} INFO - Executing <Task(ExternalTaskSensor): check_parse> on 2026-02-04 10:00:00+00:00
[2026-02-14T16:30:18.740+0000] {standard_task_runner.py:72} INFO - Started process 114 to run task
[2026-02-14T16:30:18.742+0000] {standard_task_runner.py:104} INFO - Running: ['***', 'tasks', 'run', 'load_postgres', 'check_parse', 'scheduled__2026-02-04T10:00:00+00:00', '--job-id', '12', '--raw', '--subdir', 'DAGS_FOLDER/load_postrges.py', '--cfg-path', '/tmp/tmpr1x_hjnb']
[2026-02-14T16:30:18.744+0000] {standard_task_runner.py:105} INFO - Job 12: Subtask check_parse
[2026-02-14T16:30:18.752+0000] {warnings.py:109} WARNING - /home/***/.local/lib/python3.9/site-packages/***/settings.py:209: DeprecationWarning: The sql_alchemy_conn option in [core] has been moved to the sql_alchemy_conn option in [database] - the old setting has been used, but please update your config.
  SQL_ALCHEMY_CONN = conf.get("database", "SQL_ALCHEMY_CONN")

[2026-02-14T16:30:18.773+0000] {task_command.py:467} INFO - Running <TaskInstance: load_postgres.check_parse scheduled__2026-02-04T10:00:00+00:00 [running]> on host a5c4ed865bb5
[2026-02-14T16:30:18.774+0000] {warnings.py:109} WARNING - /home/***/.local/lib/python3.9/site-packages/***/settings.py:470: DeprecationWarning: The sql_alchemy_conn option in [core] has been moved to the sql_alchemy_conn option in [database] - the old setting has been used, but please update your config.
  if conf.get("database", "sql_alchemy_conn") == "none://":

[2026-02-14T16:30:18.818+0000] {taskinstance.py:3134} INFO - Exporting env vars: AIRFLOW_CTX_DAG_OWNER='a.sorokin' AIRFLOW_CTX_DAG_ID='load_postgres' AIRFLOW_CTX_TASK_ID='check_parse' AIRFLOW_CTX_EXECUTION_DATE='2026-02-04T10:00:00+00:00' AIRFLOW_CTX_TRY_NUMBER='1' AIRFLOW_CTX_DAG_RUN_ID='scheduled__2026-02-04T10:00:00+00:00'
[2026-02-14T16:30:18.818+0000] {taskinstance.py:732} INFO - ::endgroup::
[2026-02-14T16:30:18.825+0000] {baseoperator.py:423} WARNING - ExternalTaskSensor.execute cannot be called outside TaskInstance!
[2026-02-14T16:30:18.831+0000] {external_task.py:274} INFO - Poking for DAG 'parse_iot' on 2026-02-04T10:00:00+00:00 ... 
[2026-02-14T16:30:18.831+0000] {warnings.py:109} WARNING - /home/***/.local/lib/python3.9/site-packages/***/utils/session.py:97: DeprecationWarning: This method is deprecated and will be removed in future.
  return func(*args, session=session, **kwargs)

[2026-02-14T16:30:18.847+0000] {taskinstance.py:310} INFO - Rescheduling task, marking task as UP_FOR_RESCHEDULE
[2026-02-14T16:30:18.847+0000] {taskinstance.py:341} INFO - ::group::Post task execution logs
[2026-02-14T16:30:18.874+0000] {local_task_job_runner.py:266} INFO - Task exited with return code 0
[2026-02-14T16:30:18.890+0000] {taskinstance.py:3901} INFO - 0 downstream tasks scheduled from follow-on schedule check
[2026-02-14T16:30:18.891+0000] {local_task_job_runner.py:245} INFO - ::endgroup::
[2026-02-14T16:31:20.973+0000] {local_task_job_runner.py:123} INFO - ::group::Pre task execution logs
[2026-02-14T16:31:20.987+0000] {taskinstance.py:2614} INFO - Dependencies all met for dep_context=non-requeueable deps ti=<TaskInstance: load_postgres.check_parse scheduled__2026-02-04T10:00:00+00:00 [queued]>
[2026-02-14T16:31:20.993+0000] {taskinstance.py:2614} INFO - Dependencies all met for dep_context=requeueable deps ti=<TaskInstance: load_postgres.check_parse scheduled__2026-02-04T10:00:00+00:00 [queued]>
[2026-02-14T16:31:20.993+0000] {taskinstance.py:2867} INFO - Starting attempt 1 of 4
[2026-02-14T16:31:21.001+0000] {taskinstance.py:2890} INFO - Executing <Task(ExternalTaskSensor): check_parse> on 2026-02-04 10:00:00+00:00
[2026-02-14T16:31:21.006+0000] {standard_task_runner.py:72} INFO - Started process 237 to run task
[2026-02-14T16:31:21.008+0000] {standard_task_runner.py:104} INFO - Running: ['***', 'tasks', 'run', 'load_postgres', 'check_parse', 'scheduled__2026-02-04T10:00:00+00:00', '--job-id', '42', '--raw', '--subdir', 'DAGS_FOLDER/load_postrges.py', '--cfg-path', '/tmp/tmpm90vpdic']
[2026-02-14T16:31:21.010+0000] {standard_task_runner.py:105} INFO - Job 42: Subtask check_parse
[2026-02-14T16:31:21.019+0000] {warnings.py:109} WARNING - /home/***/.local/lib/python3.9/site-packages/***/settings.py:209: DeprecationWarning: The sql_alchemy_conn option in [core] has been moved to the sql_alchemy_conn option in [database] - the old setting has been used, but please update your config.
  SQL_ALCHEMY_CONN = conf.get("database", "SQL_ALCHEMY_CONN")

[2026-02-14T16:31:21.043+0000] {task_command.py:467} INFO - Running <TaskInstance: load_postgres.check_parse scheduled__2026-02-04T10:00:00+00:00 [running]> on host a5c4ed865bb5
[2026-02-14T16:31:21.043+0000] {warnings.py:109} WARNING - /home/***/.local/lib/python3.9/site-packages/***/settings.py:470: DeprecationWarning: The sql_alchemy_conn option in [core] has been moved to the sql_alchemy_conn option in [database] - the old setting has been used, but please update your config.
  if conf.get("database", "sql_alchemy_conn") == "none://":

[2026-02-14T16:31:21.090+0000] {taskinstance.py:3134} INFO - Exporting env vars: AIRFLOW_CTX_DAG_OWNER='a.sorokin' AIRFLOW_CTX_DAG_ID='load_postgres' AIRFLOW_CTX_TASK_ID='check_parse' AIRFLOW_CTX_EXECUTION_DATE='2026-02-04T10:00:00+00:00' AIRFLOW_CTX_TRY_NUMBER='1' AIRFLOW_CTX_DAG_RUN_ID='scheduled__2026-02-04T10:00:00+00:00'
[2026-02-14T16:31:21.091+0000] {taskinstance.py:732} INFO - ::endgroup::
[2026-02-14T16:31:21.098+0000] {baseoperator.py:423} WARNING - ExternalTaskSensor.execute cannot be called outside TaskInstance!
[2026-02-14T16:31:21.104+0000] {external_task.py:274} INFO - Poking for DAG 'parse_iot' on 2026-02-04T10:00:00+00:00 ... 
[2026-02-14T16:31:21.105+0000] {warnings.py:109} WARNING - /home/***/.local/lib/python3.9/site-packages/***/utils/session.py:97: DeprecationWarning: This method is deprecated and will be removed in future.
  return func(*args, session=session, **kwargs)

[2026-02-14T16:31:21.123+0000] {taskinstance.py:310} INFO - Rescheduling task, marking task as UP_FOR_RESCHEDULE
[2026-02-14T16:31:21.123+0000] {taskinstance.py:341} INFO - ::group::Post task execution logs
[2026-02-14T16:31:21.140+0000] {local_task_job_runner.py:266} INFO - Task exited with return code 0
[2026-02-14T16:31:21.148+0000] {local_task_job_runner.py:245} INFO - ::endgroup::
[2026-02-14T16:32:22.398+0000] {local_task_job_runner.py:123} INFO - ::group::Pre task execution logs
[2026-02-14T16:32:22.412+0000] {taskinstance.py:2614} INFO - Dependencies all met for dep_context=non-requeueable deps ti=<TaskInstance: load_postgres.check_parse scheduled__2026-02-04T10:00:00+00:00 [queued]>
[2026-02-14T16:32:22.418+0000] {taskinstance.py:2614} INFO - Dependencies all met for dep_context=requeueable deps ti=<TaskInstance: load_postgres.check_parse scheduled__2026-02-04T10:00:00+00:00 [queued]>
[2026-02-14T16:32:22.418+0000] {taskinstance.py:2867} INFO - Starting attempt 1 of 4
[2026-02-14T16:32:22.426+0000] {taskinstance.py:2890} INFO - Executing <Task(ExternalTaskSensor): check_parse> on 2026-02-04 10:00:00+00:00
[2026-02-14T16:32:22.431+0000] {standard_task_runner.py:72} INFO - Started process 409 to run task
[2026-02-14T16:32:22.433+0000] {standard_task_runner.py:104} INFO - Running: ['***', 'tasks', 'run', 'load_postgres', 'check_parse', 'scheduled__2026-02-04T10:00:00+00:00', '--job-id', '85', '--raw', '--subdir', 'DAGS_FOLDER/load_postrges.py', '--cfg-path', '/tmp/tmpgmdij5ki']
[2026-02-14T16:32:22.434+0000] {standard_task_runner.py:105} INFO - Job 85: Subtask check_parse
[2026-02-14T16:32:22.443+0000] {warnings.py:109} WARNING - /home/***/.local/lib/python3.9/site-packages/***/settings.py:209: DeprecationWarning: The sql_alchemy_conn option in [core] has been moved to the sql_alchemy_conn option in [database] - the old setting has been used, but please update your config.
  SQL_ALCHEMY_CONN = conf.get("database", "SQL_ALCHEMY_CONN")

[2026-02-14T16:32:22.466+0000] {task_command.py:467} INFO - Running <TaskInstance: load_postgres.check_parse scheduled__2026-02-04T10:00:00+00:00 [running]> on host a5c4ed865bb5
[2026-02-14T16:32:22.467+0000] {warnings.py:109} WARNING - /home/***/.local/lib/python3.9/site-packages/***/settings.py:470: DeprecationWarning: The sql_alchemy_conn option in [core] has been moved to the sql_alchemy_conn option in [database] - the old setting has been used, but please update your config.
  if conf.get("database", "sql_alchemy_conn") == "none://":

[2026-02-14T16:32:22.514+0000] {taskinstance.py:3134} INFO - Exporting env vars: AIRFLOW_CTX_DAG_OWNER='a.sorokin' AIRFLOW_CTX_DAG_ID='load_postgres' AIRFLOW_CTX_TASK_ID='check_parse' AIRFLOW_CTX_EXECUTION_DATE='2026-02-04T10:00:00+00:00' AIRFLOW_CTX_TRY_NUMBER='1' AIRFLOW_CTX_DAG_RUN_ID='scheduled__2026-02-04T10:00:00+00:00'
[2026-02-14T16:32:22.515+0000] {taskinstance.py:732} INFO - ::endgroup::
[2026-02-14T16:32:22.522+0000] {baseoperator.py:423} WARNING - ExternalTaskSensor.execute cannot be called outside TaskInstance!
[2026-02-14T16:32:22.528+0000] {external_task.py:274} INFO - Poking for DAG 'parse_iot' on 2026-02-04T10:00:00+00:00 ... 
[2026-02-14T16:32:22.528+0000] {warnings.py:109} WARNING - /home/***/.local/lib/python3.9/site-packages/***/utils/session.py:97: DeprecationWarning: This method is deprecated and will be removed in future.
  return func(*args, session=session, **kwargs)

[2026-02-14T16:32:22.545+0000] {taskinstance.py:310} INFO - Rescheduling task, marking task as UP_FOR_RESCHEDULE
[2026-02-14T16:32:22.545+0000] {taskinstance.py:341} INFO - ::group::Post task execution logs
[2026-02-14T16:32:22.565+0000] {local_task_job_runner.py:266} INFO - Task exited with return code 0
[2026-02-14T16:32:22.582+0000] {taskinstance.py:3901} INFO - 0 downstream tasks scheduled from follow-on schedule check
[2026-02-14T16:32:22.583+0000] {local_task_job_runner.py:245} INFO - ::endgroup::
[2026-02-14T16:33:23.260+0000] {local_task_job_runner.py:123} INFO - ::group::Pre task execution logs
[2026-02-14T16:33:23.273+0000] {taskinstance.py:2614} INFO - Dependencies all met for dep_context=non-requeueable deps ti=<TaskInstance: load_postgres.check_parse scheduled__2026-02-04T10:00:00+00:00 [queued]>
[2026-02-14T16:33:23.279+0000] {taskinstance.py:2614} INFO - Dependencies all met for dep_context=requeueable deps ti=<TaskInstance: load_postgres.check_parse scheduled__2026-02-04T10:00:00+00:00 [queued]>
[2026-02-14T16:33:23.279+0000] {taskinstance.py:2867} INFO - Starting attempt 1 of 4
[2026-02-14T16:33:23.286+0000] {taskinstance.py:2890} INFO - Executing <Task(ExternalTaskSensor): check_parse> on 2026-02-04 10:00:00+00:00
[2026-02-14T16:33:23.291+0000] {standard_task_runner.py:72} INFO - Started process 507 to run task
[2026-02-14T16:33:23.293+0000] {standard_task_runner.py:104} INFO - Running: ['***', 'tasks', 'run', 'load_postgres', 'check_parse', 'scheduled__2026-02-04T10:00:00+00:00', '--job-id', '110', '--raw', '--subdir', 'DAGS_FOLDER/load_postrges.py', '--cfg-path', '/tmp/tmplkvnblq3']
[2026-02-14T16:33:23.294+0000] {standard_task_runner.py:105} INFO - Job 110: Subtask check_parse
[2026-02-14T16:33:23.303+0000] {warnings.py:109} WARNING - /home/***/.local/lib/python3.9/site-packages/***/settings.py:209: DeprecationWarning: The sql_alchemy_conn option in [core] has been moved to the sql_alchemy_conn option in [database] - the old setting has been used, but please update your config.
  SQL_ALCHEMY_CONN = conf.get("database", "SQL_ALCHEMY_CONN")

[2026-02-14T16:33:23.326+0000] {task_command.py:467} INFO - Running <TaskInstance: load_postgres.check_parse scheduled__2026-02-04T10:00:00+00:00 [running]> on host a5c4ed865bb5
[2026-02-14T16:33:23.327+0000] {warnings.py:109} WARNING - /home/***/.local/lib/python3.9/site-packages/***/settings.py:470: DeprecationWarning: The sql_alchemy_conn option in [core] has been moved to the sql_alchemy_conn option in [database] - the old setting has been used, but please update your config.
  if conf.get("database", "sql_alchemy_conn") == "none://":

[2026-02-14T16:33:23.373+0000] {taskinstance.py:3134} INFO - Exporting env vars: AIRFLOW_CTX_DAG_OWNER='a.sorokin' AIRFLOW_CTX_DAG_ID='load_postgres' AIRFLOW_CTX_TASK_ID='check_parse' AIRFLOW_CTX_EXECUTION_DATE='2026-02-04T10:00:00+00:00' AIRFLOW_CTX_TRY_NUMBER='1' AIRFLOW_CTX_DAG_RUN_ID='scheduled__2026-02-04T10:00:00+00:00'
[2026-02-14T16:33:23.373+0000] {taskinstance.py:732} INFO - ::endgroup::
[2026-02-14T16:33:23.381+0000] {baseoperator.py:423} WARNING - ExternalTaskSensor.execute cannot be called outside TaskInstance!
[2026-02-14T16:33:23.387+0000] {external_task.py:274} INFO - Poking for DAG 'parse_iot' on 2026-02-04T10:00:00+00:00 ... 
[2026-02-14T16:33:23.388+0000] {warnings.py:109} WARNING - /home/***/.local/lib/python3.9/site-packages/***/utils/session.py:97: DeprecationWarning: This method is deprecated and will be removed in future.
  return func(*args, session=session, **kwargs)

[2026-02-14T16:33:23.405+0000] {taskinstance.py:310} INFO - Rescheduling task, marking task as UP_FOR_RESCHEDULE
[2026-02-14T16:33:23.405+0000] {taskinstance.py:341} INFO - ::group::Post task execution logs
[2026-02-14T16:33:23.425+0000] {local_task_job_runner.py:266} INFO - Task exited with return code 0
[2026-02-14T16:33:23.451+0000] {taskinstance.py:3901} INFO - 0 downstream tasks scheduled from follow-on schedule check
[2026-02-14T16:33:23.452+0000] {local_task_job_runner.py:245} INFO - ::endgroup::
[2026-02-14T16:34:25.243+0000] {local_task_job_runner.py:123} INFO - ::group::Pre task execution logs
[2026-02-14T16:34:25.257+0000] {taskinstance.py:2614} INFO - Dependencies all met for dep_context=non-requeueable deps ti=<TaskInstance: load_postgres.check_parse scheduled__2026-02-04T10:00:00+00:00 [queued]>
[2026-02-14T16:34:25.263+0000] {taskinstance.py:2614} INFO - Dependencies all met for dep_context=requeueable deps ti=<TaskInstance: load_postgres.check_parse scheduled__2026-02-04T10:00:00+00:00 [queued]>
[2026-02-14T16:34:25.263+0000] {taskinstance.py:2867} INFO - Starting attempt 1 of 4
[2026-02-14T16:34:25.270+0000] {taskinstance.py:2890} INFO - Executing <Task(ExternalTaskSensor): check_parse> on 2026-02-04 10:00:00+00:00
[2026-02-14T16:34:25.274+0000] {standard_task_runner.py:72} INFO - Started process 601 to run task
[2026-02-14T16:34:25.276+0000] {standard_task_runner.py:104} INFO - Running: ['***', 'tasks', 'run', 'load_postgres', 'check_parse', 'scheduled__2026-02-04T10:00:00+00:00', '--job-id', '133', '--raw', '--subdir', 'DAGS_FOLDER/load_postrges.py', '--cfg-path', '/tmp/tmpwg4110ez']
[2026-02-14T16:34:25.278+0000] {standard_task_runner.py:105} INFO - Job 133: Subtask check_parse
[2026-02-14T16:34:25.286+0000] {warnings.py:109} WARNING - /home/***/.local/lib/python3.9/site-packages/***/settings.py:209: DeprecationWarning: The sql_alchemy_conn option in [core] has been moved to the sql_alchemy_conn option in [database] - the old setting has been used, but please update your config.
  SQL_ALCHEMY_CONN = conf.get("database", "SQL_ALCHEMY_CONN")

[2026-02-14T16:34:25.308+0000] {task_command.py:467} INFO - Running <TaskInstance: load_postgres.check_parse scheduled__2026-02-04T10:00:00+00:00 [running]> on host a5c4ed865bb5
[2026-02-14T16:34:25.308+0000] {warnings.py:109} WARNING - /home/***/.local/lib/python3.9/site-packages/***/settings.py:470: DeprecationWarning: The sql_alchemy_conn option in [core] has been moved to the sql_alchemy_conn option in [database] - the old setting has been used, but please update your config.
  if conf.get("database", "sql_alchemy_conn") == "none://":

[2026-02-14T16:34:25.354+0000] {taskinstance.py:3134} INFO - Exporting env vars: AIRFLOW_CTX_DAG_OWNER='a.sorokin' AIRFLOW_CTX_DAG_ID='load_postgres' AIRFLOW_CTX_TASK_ID='check_parse' AIRFLOW_CTX_EXECUTION_DATE='2026-02-04T10:00:00+00:00' AIRFLOW_CTX_TRY_NUMBER='1' AIRFLOW_CTX_DAG_RUN_ID='scheduled__2026-02-04T10:00:00+00:00'
[2026-02-14T16:34:25.354+0000] {taskinstance.py:732} INFO - ::endgroup::
[2026-02-14T16:34:25.362+0000] {baseoperator.py:423} WARNING - ExternalTaskSensor.execute cannot be called outside TaskInstance!
[2026-02-14T16:34:25.368+0000] {external_task.py:274} INFO - Poking for DAG 'parse_iot' on 2026-02-04T10:00:00+00:00 ... 
[2026-02-14T16:34:25.368+0000] {warnings.py:109} WARNING - /home/***/.local/lib/python3.9/site-packages/***/utils/session.py:97: DeprecationWarning: This method is deprecated and will be removed in future.
  return func(*args, session=session, **kwargs)

[2026-02-14T16:34:25.385+0000] {taskinstance.py:310} INFO - Rescheduling task, marking task as UP_FOR_RESCHEDULE
[2026-02-14T16:34:25.385+0000] {taskinstance.py:341} INFO - ::group::Post task execution logs
[2026-02-14T16:34:25.408+0000] {local_task_job_runner.py:266} INFO - Task exited with return code 0
[2026-02-14T16:34:25.426+0000] {taskinstance.py:3901} INFO - 0 downstream tasks scheduled from follow-on schedule check
[2026-02-14T16:34:25.427+0000] {local_task_job_runner.py:245} INFO - ::endgroup::
