[2026-02-14T16:34:35.972+0000] {local_task_job_runner.py:123} INFO - ::group::Pre task execution logs
[2026-02-14T16:34:35.990+0000] {taskinstance.py:2614} INFO - Dependencies all met for dep_context=non-requeueable deps ti=<TaskInstance: parse_iot.sort_in_out scheduled__2026-02-08T10:00:00+00:00 [queued]>
[2026-02-14T16:34:35.997+0000] {taskinstance.py:2614} INFO - Dependencies all met for dep_context=requeueable deps ti=<TaskInstance: parse_iot.sort_in_out scheduled__2026-02-08T10:00:00+00:00 [queued]>
[2026-02-14T16:34:35.997+0000] {taskinstance.py:2867} INFO - Starting attempt 1 of 4
[2026-02-14T16:34:36.004+0000] {taskinstance.py:2890} INFO - Executing <Task(PythonOperator): sort_in_out> on 2026-02-08 10:00:00+00:00
[2026-02-14T16:34:36.009+0000] {standard_task_runner.py:72} INFO - Started process 659 to run task
[2026-02-14T16:34:36.011+0000] {standard_task_runner.py:104} INFO - Running: ['***', 'tasks', 'run', 'parse_iot', 'sort_in_out', 'scheduled__2026-02-08T10:00:00+00:00', '--job-id', '148', '--raw', '--subdir', 'DAGS_FOLDER/parse_iot.py', '--cfg-path', '/tmp/tmpluopiqka']
[2026-02-14T16:34:36.012+0000] {standard_task_runner.py:105} INFO - Job 148: Subtask sort_in_out
[2026-02-14T16:34:36.021+0000] {warnings.py:109} WARNING - /home/***/.local/lib/python3.9/site-packages/***/settings.py:209: DeprecationWarning: The sql_alchemy_conn option in [core] has been moved to the sql_alchemy_conn option in [database] - the old setting has been used, but please update your config.
  SQL_ALCHEMY_CONN = conf.get("database", "SQL_ALCHEMY_CONN")

[2026-02-14T16:34:36.042+0000] {task_command.py:467} INFO - Running <TaskInstance: parse_iot.sort_in_out scheduled__2026-02-08T10:00:00+00:00 [running]> on host a5c4ed865bb5
[2026-02-14T16:34:36.042+0000] {warnings.py:109} WARNING - /home/***/.local/lib/python3.9/site-packages/***/settings.py:470: DeprecationWarning: The sql_alchemy_conn option in [core] has been moved to the sql_alchemy_conn option in [database] - the old setting has been used, but please update your config.
  if conf.get("database", "sql_alchemy_conn") == "none://":

[2026-02-14T16:34:36.092+0000] {taskinstance.py:3134} INFO - Exporting env vars: AIRFLOW_CTX_DAG_OWNER='a.sorokin' AIRFLOW_CTX_DAG_ID='parse_iot' AIRFLOW_CTX_TASK_ID='sort_in_out' AIRFLOW_CTX_EXECUTION_DATE='2026-02-08T10:00:00+00:00' AIRFLOW_CTX_TRY_NUMBER='1' AIRFLOW_CTX_DAG_RUN_ID='scheduled__2026-02-08T10:00:00+00:00'
[2026-02-14T16:34:36.092+0000] {taskinstance.py:732} INFO - ::endgroup::
[2026-02-14T16:34:36.099+0000] {parse_iot.py:102} INFO - text
[2026-02-14T16:34:36.100+0000] {python.py:240} INFO - Done. Returned value was: None
[2026-02-14T16:34:36.106+0000] {taskinstance.py:341} INFO - ::group::Post task execution logs
[2026-02-14T16:34:36.106+0000] {taskinstance.py:353} INFO - Marking task as SUCCESS. dag_id=parse_iot, task_id=sort_in_out, run_id=scheduled__2026-02-08T10:00:00+00:00, execution_date=20260208T100000, start_date=20260214T163435, end_date=20260214T163436
[2026-02-14T16:34:36.143+0000] {local_task_job_runner.py:266} INFO - Task exited with return code 0
[2026-02-14T16:34:36.161+0000] {taskinstance.py:3901} INFO - 0 downstream tasks scheduled from follow-on schedule check
[2026-02-14T16:34:36.162+0000] {local_task_job_runner.py:245} INFO - ::endgroup::
[2026-02-14T17:52:02.540+0000] {local_task_job_runner.py:123} INFO - ::group::Pre task execution logs
[2026-02-14T17:52:02.558+0000] {taskinstance.py:2614} INFO - Dependencies all met for dep_context=non-requeueable deps ti=<TaskInstance: parse_iot.sort_in_out scheduled__2026-02-08T10:00:00+00:00 [queued]>
[2026-02-14T17:52:02.566+0000] {taskinstance.py:2614} INFO - Dependencies all met for dep_context=requeueable deps ti=<TaskInstance: parse_iot.sort_in_out scheduled__2026-02-08T10:00:00+00:00 [queued]>
[2026-02-14T17:52:02.566+0000] {taskinstance.py:2867} INFO - Starting attempt 1 of 4
[2026-02-14T17:52:02.573+0000] {taskinstance.py:2890} INFO - Executing <Task(PythonOperator): sort_in_out> on 2026-02-08 10:00:00+00:00
[2026-02-14T17:52:02.578+0000] {standard_task_runner.py:72} INFO - Started process 667 to run task
[2026-02-14T17:52:02.580+0000] {standard_task_runner.py:104} INFO - Running: ['***', 'tasks', 'run', 'parse_iot', 'sort_in_out', 'scheduled__2026-02-08T10:00:00+00:00', '--job-id', '150', '--raw', '--subdir', 'DAGS_FOLDER/parse_iot.py', '--cfg-path', '/tmp/tmp18fhvdg2']
[2026-02-14T17:52:02.582+0000] {standard_task_runner.py:105} INFO - Job 150: Subtask sort_in_out
[2026-02-14T17:52:02.590+0000] {warnings.py:109} WARNING - /home/***/.local/lib/python3.9/site-packages/***/settings.py:209: DeprecationWarning: The sql_alchemy_conn option in [core] has been moved to the sql_alchemy_conn option in [database] - the old setting has been used, but please update your config.
  SQL_ALCHEMY_CONN = conf.get("database", "SQL_ALCHEMY_CONN")

[2026-02-14T17:52:02.611+0000] {task_command.py:467} INFO - Running <TaskInstance: parse_iot.sort_in_out scheduled__2026-02-08T10:00:00+00:00 [running]> on host 9052c134cdec
[2026-02-14T17:52:02.612+0000] {warnings.py:109} WARNING - /home/***/.local/lib/python3.9/site-packages/***/settings.py:470: DeprecationWarning: The sql_alchemy_conn option in [core] has been moved to the sql_alchemy_conn option in [database] - the old setting has been used, but please update your config.
  if conf.get("database", "sql_alchemy_conn") == "none://":

[2026-02-14T17:52:02.657+0000] {taskinstance.py:3134} INFO - Exporting env vars: AIRFLOW_CTX_DAG_OWNER='a.sorokin' AIRFLOW_CTX_DAG_ID='parse_iot' AIRFLOW_CTX_TASK_ID='sort_in_out' AIRFLOW_CTX_EXECUTION_DATE='2026-02-08T10:00:00+00:00' AIRFLOW_CTX_TRY_NUMBER='1' AIRFLOW_CTX_DAG_RUN_ID='scheduled__2026-02-08T10:00:00+00:00'
[2026-02-14T17:52:02.657+0000] {taskinstance.py:732} INFO - ::endgroup::
[2026-02-14T17:52:02.665+0000] {parse_iot.py:102} INFO - text
[2026-02-14T17:52:02.665+0000] {python.py:240} INFO - Done. Returned value was: None
[2026-02-14T17:52:02.671+0000] {taskinstance.py:341} INFO - ::group::Post task execution logs
[2026-02-14T17:52:02.672+0000] {taskinstance.py:353} INFO - Marking task as SUCCESS. dag_id=parse_iot, task_id=sort_in_out, run_id=scheduled__2026-02-08T10:00:00+00:00, execution_date=20260208T100000, start_date=20260214T175202, end_date=20260214T175202
[2026-02-14T17:52:02.712+0000] {local_task_job_runner.py:266} INFO - Task exited with return code 0
[2026-02-14T17:52:02.730+0000] {taskinstance.py:3901} INFO - 0 downstream tasks scheduled from follow-on schedule check
[2026-02-14T17:52:02.731+0000] {local_task_job_runner.py:245} INFO - ::endgroup::
[2026-02-14T18:16:51.920+0000] {local_task_job_runner.py:123} INFO - ::group::Pre task execution logs
[2026-02-14T18:16:51.941+0000] {taskinstance.py:2614} INFO - Dependencies all met for dep_context=non-requeueable deps ti=<TaskInstance: parse_iot.sort_in_out scheduled__2026-02-08T10:00:00+00:00 [queued]>
[2026-02-14T18:16:51.948+0000] {taskinstance.py:2614} INFO - Dependencies all met for dep_context=requeueable deps ti=<TaskInstance: parse_iot.sort_in_out scheduled__2026-02-08T10:00:00+00:00 [queued]>
[2026-02-14T18:16:51.949+0000] {taskinstance.py:2867} INFO - Starting attempt 1 of 4
[2026-02-14T18:16:51.957+0000] {taskinstance.py:2890} INFO - Executing <Task(PythonOperator): sort_in_out> on 2026-02-08 10:00:00+00:00
[2026-02-14T18:16:51.963+0000] {standard_task_runner.py:72} INFO - Started process 535 to run task
[2026-02-14T18:16:51.966+0000] {standard_task_runner.py:104} INFO - Running: ['***', 'tasks', 'run', 'parse_iot', 'sort_in_out', 'scheduled__2026-02-08T10:00:00+00:00', '--job-id', '117', '--raw', '--subdir', 'DAGS_FOLDER/parse_iot.py', '--cfg-path', '/tmp/tmp2pf49oxn']
[2026-02-14T18:16:51.967+0000] {standard_task_runner.py:105} INFO - Job 117: Subtask sort_in_out
[2026-02-14T18:16:51.976+0000] {warnings.py:109} WARNING - /home/***/.local/lib/python3.9/site-packages/***/settings.py:209: DeprecationWarning: The sql_alchemy_conn option in [core] has been moved to the sql_alchemy_conn option in [database] - the old setting has been used, but please update your config.
  SQL_ALCHEMY_CONN = conf.get("database", "SQL_ALCHEMY_CONN")

[2026-02-14T18:16:51.997+0000] {task_command.py:467} INFO - Running <TaskInstance: parse_iot.sort_in_out scheduled__2026-02-08T10:00:00+00:00 [running]> on host bb762b62a2c2
[2026-02-14T18:16:51.997+0000] {warnings.py:109} WARNING - /home/***/.local/lib/python3.9/site-packages/***/settings.py:470: DeprecationWarning: The sql_alchemy_conn option in [core] has been moved to the sql_alchemy_conn option in [database] - the old setting has been used, but please update your config.
  if conf.get("database", "sql_alchemy_conn") == "none://":

[2026-02-14T18:16:52.047+0000] {taskinstance.py:3134} INFO - Exporting env vars: AIRFLOW_CTX_DAG_OWNER='a.sorokin' AIRFLOW_CTX_DAG_ID='parse_iot' AIRFLOW_CTX_TASK_ID='sort_in_out' AIRFLOW_CTX_EXECUTION_DATE='2026-02-08T10:00:00+00:00' AIRFLOW_CTX_TRY_NUMBER='1' AIRFLOW_CTX_DAG_RUN_ID='scheduled__2026-02-08T10:00:00+00:00'
[2026-02-14T18:16:52.047+0000] {taskinstance.py:732} INFO - ::endgroup::
[2026-02-14T18:16:52.054+0000] {parse_iot.py:102} INFO - text
[2026-02-14T18:16:52.054+0000] {python.py:240} INFO - Done. Returned value was: None
[2026-02-14T18:16:52.061+0000] {taskinstance.py:341} INFO - ::group::Post task execution logs
[2026-02-14T18:16:52.061+0000] {taskinstance.py:353} INFO - Marking task as SUCCESS. dag_id=parse_iot, task_id=sort_in_out, run_id=scheduled__2026-02-08T10:00:00+00:00, execution_date=20260208T100000, start_date=20260214T181651, end_date=20260214T181652
[2026-02-14T18:16:52.098+0000] {local_task_job_runner.py:266} INFO - Task exited with return code 0
[2026-02-14T18:16:52.117+0000] {taskinstance.py:3901} INFO - 0 downstream tasks scheduled from follow-on schedule check
[2026-02-14T18:16:52.119+0000] {local_task_job_runner.py:245} INFO - ::endgroup::
[2026-02-16T14:49:13.567+0000] {local_task_job_runner.py:123} INFO - ::group::Pre task execution logs
[2026-02-16T14:49:13.583+0000] {taskinstance.py:2614} INFO - Dependencies all met for dep_context=non-requeueable deps ti=<TaskInstance: parse_iot.sort_in_out scheduled__2026-02-08T10:00:00+00:00 [queued]>
[2026-02-16T14:49:13.590+0000] {taskinstance.py:2614} INFO - Dependencies all met for dep_context=requeueable deps ti=<TaskInstance: parse_iot.sort_in_out scheduled__2026-02-08T10:00:00+00:00 [queued]>
[2026-02-16T14:49:13.590+0000] {taskinstance.py:2867} INFO - Starting attempt 1 of 4
[2026-02-16T14:49:13.597+0000] {taskinstance.py:2890} INFO - Executing <Task(PythonOperator): sort_in_out> on 2026-02-08 10:00:00+00:00
[2026-02-16T14:49:13.601+0000] {standard_task_runner.py:72} INFO - Started process 722 to run task
[2026-02-16T14:49:13.603+0000] {standard_task_runner.py:104} INFO - Running: ['***', 'tasks', 'run', 'parse_iot', 'sort_in_out', 'scheduled__2026-02-08T10:00:00+00:00', '--job-id', '158', '--raw', '--subdir', 'DAGS_FOLDER/parse_iot.py', '--cfg-path', '/tmp/tmpm3yb2urf']
[2026-02-16T14:49:13.605+0000] {standard_task_runner.py:105} INFO - Job 158: Subtask sort_in_out
[2026-02-16T14:49:13.613+0000] {warnings.py:109} WARNING - /home/***/.local/lib/python3.9/site-packages/***/settings.py:209: DeprecationWarning: The sql_alchemy_conn option in [core] has been moved to the sql_alchemy_conn option in [database] - the old setting has been used, but please update your config.
  SQL_ALCHEMY_CONN = conf.get("database", "SQL_ALCHEMY_CONN")

[2026-02-16T14:49:13.633+0000] {task_command.py:467} INFO - Running <TaskInstance: parse_iot.sort_in_out scheduled__2026-02-08T10:00:00+00:00 [running]> on host cd96c4fa192f
[2026-02-16T14:49:13.634+0000] {warnings.py:109} WARNING - /home/***/.local/lib/python3.9/site-packages/***/settings.py:470: DeprecationWarning: The sql_alchemy_conn option in [core] has been moved to the sql_alchemy_conn option in [database] - the old setting has been used, but please update your config.
  if conf.get("database", "sql_alchemy_conn") == "none://":

[2026-02-16T14:49:13.680+0000] {taskinstance.py:3134} INFO - Exporting env vars: AIRFLOW_CTX_DAG_OWNER='a.sorokin' AIRFLOW_CTX_DAG_ID='parse_iot' AIRFLOW_CTX_TASK_ID='sort_in_out' AIRFLOW_CTX_EXECUTION_DATE='2026-02-08T10:00:00+00:00' AIRFLOW_CTX_TRY_NUMBER='1' AIRFLOW_CTX_DAG_RUN_ID='scheduled__2026-02-08T10:00:00+00:00'
[2026-02-16T14:49:13.680+0000] {taskinstance.py:732} INFO - ::endgroup::
[2026-02-16T14:49:13.687+0000] {parse_iot.py:102} INFO - text
[2026-02-16T14:49:13.687+0000] {python.py:240} INFO - Done. Returned value was: None
[2026-02-16T14:49:13.693+0000] {taskinstance.py:341} INFO - ::group::Post task execution logs
[2026-02-16T14:49:13.694+0000] {taskinstance.py:353} INFO - Marking task as SUCCESS. dag_id=parse_iot, task_id=sort_in_out, run_id=scheduled__2026-02-08T10:00:00+00:00, execution_date=20260208T100000, start_date=20260216T144913, end_date=20260216T144913
[2026-02-16T14:49:13.735+0000] {local_task_job_runner.py:266} INFO - Task exited with return code 0
[2026-02-16T14:49:13.752+0000] {taskinstance.py:3901} INFO - 0 downstream tasks scheduled from follow-on schedule check
[2026-02-16T14:49:13.753+0000] {local_task_job_runner.py:245} INFO - ::endgroup::
[2026-02-16T15:19:13.755+0000] {local_task_job_runner.py:123} INFO - ::group::Pre task execution logs
[2026-02-16T15:19:13.772+0000] {taskinstance.py:2614} INFO - Dependencies all met for dep_context=non-requeueable deps ti=<TaskInstance: parse_iot.sort_in_out scheduled__2026-02-08T10:00:00+00:00 [queued]>
[2026-02-16T15:19:13.780+0000] {taskinstance.py:2614} INFO - Dependencies all met for dep_context=requeueable deps ti=<TaskInstance: parse_iot.sort_in_out scheduled__2026-02-08T10:00:00+00:00 [queued]>
[2026-02-16T15:19:13.780+0000] {taskinstance.py:2867} INFO - Starting attempt 1 of 4
[2026-02-16T15:19:13.787+0000] {taskinstance.py:2890} INFO - Executing <Task(PythonOperator): sort_in_out> on 2026-02-08 10:00:00+00:00
[2026-02-16T15:19:13.792+0000] {standard_task_runner.py:72} INFO - Started process 703 to run task
[2026-02-16T15:19:13.794+0000] {standard_task_runner.py:104} INFO - Running: ['***', 'tasks', 'run', 'parse_iot', 'sort_in_out', 'scheduled__2026-02-08T10:00:00+00:00', '--job-id', '159', '--raw', '--subdir', 'DAGS_FOLDER/parse_iot.py', '--cfg-path', '/tmp/tmp1zqoaoyf']
[2026-02-16T15:19:13.796+0000] {standard_task_runner.py:105} INFO - Job 159: Subtask sort_in_out
[2026-02-16T15:19:13.804+0000] {warnings.py:109} WARNING - /home/***/.local/lib/python3.9/site-packages/***/settings.py:209: DeprecationWarning: The sql_alchemy_conn option in [core] has been moved to the sql_alchemy_conn option in [database] - the old setting has been used, but please update your config.
  SQL_ALCHEMY_CONN = conf.get("database", "SQL_ALCHEMY_CONN")

[2026-02-16T15:19:13.826+0000] {task_command.py:467} INFO - Running <TaskInstance: parse_iot.sort_in_out scheduled__2026-02-08T10:00:00+00:00 [running]> on host fbd3e38838e9
[2026-02-16T15:19:13.827+0000] {warnings.py:109} WARNING - /home/***/.local/lib/python3.9/site-packages/***/settings.py:470: DeprecationWarning: The sql_alchemy_conn option in [core] has been moved to the sql_alchemy_conn option in [database] - the old setting has been used, but please update your config.
  if conf.get("database", "sql_alchemy_conn") == "none://":

[2026-02-16T15:19:13.878+0000] {taskinstance.py:3134} INFO - Exporting env vars: AIRFLOW_CTX_DAG_OWNER='a.sorokin' AIRFLOW_CTX_DAG_ID='parse_iot' AIRFLOW_CTX_TASK_ID='sort_in_out' AIRFLOW_CTX_EXECUTION_DATE='2026-02-08T10:00:00+00:00' AIRFLOW_CTX_TRY_NUMBER='1' AIRFLOW_CTX_DAG_RUN_ID='scheduled__2026-02-08T10:00:00+00:00'
[2026-02-16T15:19:13.879+0000] {taskinstance.py:732} INFO - ::endgroup::
[2026-02-16T15:19:13.886+0000] {parse_iot.py:102} INFO - text
[2026-02-16T15:19:13.886+0000] {python.py:240} INFO - Done. Returned value was: None
[2026-02-16T15:19:13.893+0000] {taskinstance.py:341} INFO - ::group::Post task execution logs
[2026-02-16T15:19:13.893+0000] {taskinstance.py:353} INFO - Marking task as SUCCESS. dag_id=parse_iot, task_id=sort_in_out, run_id=scheduled__2026-02-08T10:00:00+00:00, execution_date=20260208T100000, start_date=20260216T151913, end_date=20260216T151913
[2026-02-16T15:19:13.926+0000] {local_task_job_runner.py:266} INFO - Task exited with return code 0
[2026-02-16T15:19:13.946+0000] {taskinstance.py:3901} INFO - 0 downstream tasks scheduled from follow-on schedule check
[2026-02-16T15:19:13.947+0000] {local_task_job_runner.py:245} INFO - ::endgroup::
[2026-02-16T15:47:01.897+0000] {local_task_job_runner.py:123} INFO - ::group::Pre task execution logs
[2026-02-16T15:47:01.912+0000] {taskinstance.py:2614} INFO - Dependencies all met for dep_context=non-requeueable deps ti=<TaskInstance: parse_iot.sort_in_out scheduled__2026-02-08T10:00:00+00:00 [queued]>
[2026-02-16T15:47:01.918+0000] {taskinstance.py:2614} INFO - Dependencies all met for dep_context=requeueable deps ti=<TaskInstance: parse_iot.sort_in_out scheduled__2026-02-08T10:00:00+00:00 [queued]>
[2026-02-16T15:47:01.918+0000] {taskinstance.py:2867} INFO - Starting attempt 1 of 4
[2026-02-16T15:47:01.925+0000] {taskinstance.py:2890} INFO - Executing <Task(PythonOperator): sort_in_out> on 2026-02-08 10:00:00+00:00
[2026-02-16T15:47:01.930+0000] {standard_task_runner.py:72} INFO - Started process 699 to run task
[2026-02-16T15:47:01.932+0000] {standard_task_runner.py:104} INFO - Running: ['***', 'tasks', 'run', 'parse_iot', 'sort_in_out', 'scheduled__2026-02-08T10:00:00+00:00', '--job-id', '158', '--raw', '--subdir', 'DAGS_FOLDER/parse_iot.py', '--cfg-path', '/tmp/tmpl5gveh0d']
[2026-02-16T15:47:01.933+0000] {standard_task_runner.py:105} INFO - Job 158: Subtask sort_in_out
[2026-02-16T15:47:01.941+0000] {warnings.py:109} WARNING - /home/***/.local/lib/python3.9/site-packages/***/settings.py:209: DeprecationWarning: The sql_alchemy_conn option in [core] has been moved to the sql_alchemy_conn option in [database] - the old setting has been used, but please update your config.
  SQL_ALCHEMY_CONN = conf.get("database", "SQL_ALCHEMY_CONN")

[2026-02-16T15:47:01.961+0000] {task_command.py:467} INFO - Running <TaskInstance: parse_iot.sort_in_out scheduled__2026-02-08T10:00:00+00:00 [running]> on host 6ef9a94e694d
[2026-02-16T15:47:01.961+0000] {warnings.py:109} WARNING - /home/***/.local/lib/python3.9/site-packages/***/settings.py:470: DeprecationWarning: The sql_alchemy_conn option in [core] has been moved to the sql_alchemy_conn option in [database] - the old setting has been used, but please update your config.
  if conf.get("database", "sql_alchemy_conn") == "none://":

[2026-02-16T15:47:02.006+0000] {taskinstance.py:3134} INFO - Exporting env vars: AIRFLOW_CTX_DAG_OWNER='a.sorokin' AIRFLOW_CTX_DAG_ID='parse_iot' AIRFLOW_CTX_TASK_ID='sort_in_out' AIRFLOW_CTX_EXECUTION_DATE='2026-02-08T10:00:00+00:00' AIRFLOW_CTX_TRY_NUMBER='1' AIRFLOW_CTX_DAG_RUN_ID='scheduled__2026-02-08T10:00:00+00:00'
[2026-02-16T15:47:02.006+0000] {taskinstance.py:732} INFO - ::endgroup::
[2026-02-16T15:47:02.013+0000] {parse_iot.py:102} INFO - text
[2026-02-16T15:47:02.013+0000] {python.py:240} INFO - Done. Returned value was: None
[2026-02-16T15:47:02.019+0000] {taskinstance.py:341} INFO - ::group::Post task execution logs
[2026-02-16T15:47:02.020+0000] {taskinstance.py:353} INFO - Marking task as SUCCESS. dag_id=parse_iot, task_id=sort_in_out, run_id=scheduled__2026-02-08T10:00:00+00:00, execution_date=20260208T100000, start_date=20260216T154701, end_date=20260216T154702
[2026-02-16T15:47:02.064+0000] {local_task_job_runner.py:266} INFO - Task exited with return code 0
[2026-02-16T15:47:02.080+0000] {taskinstance.py:3901} INFO - 0 downstream tasks scheduled from follow-on schedule check
[2026-02-16T15:47:02.082+0000] {local_task_job_runner.py:245} INFO - ::endgroup::
