[2026-02-14T16:33:03.486+0000] {local_task_job_runner.py:123} INFO - ::group::Pre task execution logs
[2026-02-14T16:33:03.504+0000] {taskinstance.py:2614} INFO - Dependencies all met for dep_context=non-requeueable deps ti=<TaskInstance: parse_iot.sort_in_out scheduled__2026-01-31T10:00:00+00:00 [queued]>
[2026-02-14T16:33:03.511+0000] {taskinstance.py:2614} INFO - Dependencies all met for dep_context=requeueable deps ti=<TaskInstance: parse_iot.sort_in_out scheduled__2026-01-31T10:00:00+00:00 [queued]>
[2026-02-14T16:33:03.511+0000] {taskinstance.py:2867} INFO - Starting attempt 1 of 4
[2026-02-14T16:33:03.519+0000] {taskinstance.py:2890} INFO - Executing <Task(PythonOperator): sort_in_out> on 2026-01-31 10:00:00+00:00
[2026-02-14T16:33:03.523+0000] {standard_task_runner.py:72} INFO - Started process 471 to run task
[2026-02-14T16:33:03.525+0000] {standard_task_runner.py:104} INFO - Running: ['***', 'tasks', 'run', 'parse_iot', 'sort_in_out', 'scheduled__2026-01-31T10:00:00+00:00', '--job-id', '101', '--raw', '--subdir', 'DAGS_FOLDER/parse_iot.py', '--cfg-path', '/tmp/tmp2mnj85y8']
[2026-02-14T16:33:03.527+0000] {standard_task_runner.py:105} INFO - Job 101: Subtask sort_in_out
[2026-02-14T16:33:03.535+0000] {warnings.py:109} WARNING - /home/***/.local/lib/python3.9/site-packages/***/settings.py:209: DeprecationWarning: The sql_alchemy_conn option in [core] has been moved to the sql_alchemy_conn option in [database] - the old setting has been used, but please update your config.
  SQL_ALCHEMY_CONN = conf.get("database", "SQL_ALCHEMY_CONN")

[2026-02-14T16:33:03.556+0000] {task_command.py:467} INFO - Running <TaskInstance: parse_iot.sort_in_out scheduled__2026-01-31T10:00:00+00:00 [running]> on host a5c4ed865bb5
[2026-02-14T16:33:03.557+0000] {warnings.py:109} WARNING - /home/***/.local/lib/python3.9/site-packages/***/settings.py:470: DeprecationWarning: The sql_alchemy_conn option in [core] has been moved to the sql_alchemy_conn option in [database] - the old setting has been used, but please update your config.
  if conf.get("database", "sql_alchemy_conn") == "none://":

[2026-02-14T16:33:03.600+0000] {taskinstance.py:3134} INFO - Exporting env vars: AIRFLOW_CTX_DAG_OWNER='a.sorokin' AIRFLOW_CTX_DAG_ID='parse_iot' AIRFLOW_CTX_TASK_ID='sort_in_out' AIRFLOW_CTX_EXECUTION_DATE='2026-01-31T10:00:00+00:00' AIRFLOW_CTX_TRY_NUMBER='1' AIRFLOW_CTX_DAG_RUN_ID='scheduled__2026-01-31T10:00:00+00:00'
[2026-02-14T16:33:03.601+0000] {taskinstance.py:732} INFO - ::endgroup::
[2026-02-14T16:33:03.607+0000] {parse_iot.py:102} INFO - text
[2026-02-14T16:33:03.608+0000] {python.py:240} INFO - Done. Returned value was: None
[2026-02-14T16:33:03.614+0000] {taskinstance.py:341} INFO - ::group::Post task execution logs
[2026-02-14T16:33:03.614+0000] {taskinstance.py:353} INFO - Marking task as SUCCESS. dag_id=parse_iot, task_id=sort_in_out, run_id=scheduled__2026-01-31T10:00:00+00:00, execution_date=20260131T100000, start_date=20260214T163303, end_date=20260214T163303
[2026-02-14T16:33:03.657+0000] {local_task_job_runner.py:266} INFO - Task exited with return code 0
[2026-02-14T16:33:03.674+0000] {taskinstance.py:3901} INFO - 0 downstream tasks scheduled from follow-on schedule check
[2026-02-14T16:33:03.675+0000] {local_task_job_runner.py:245} INFO - ::endgroup::
[2026-02-14T17:50:17.525+0000] {local_task_job_runner.py:123} INFO - ::group::Pre task execution logs
[2026-02-14T17:50:17.542+0000] {taskinstance.py:2614} INFO - Dependencies all met for dep_context=non-requeueable deps ti=<TaskInstance: parse_iot.sort_in_out scheduled__2026-01-31T10:00:00+00:00 [queued]>
[2026-02-14T17:50:17.549+0000] {taskinstance.py:2614} INFO - Dependencies all met for dep_context=requeueable deps ti=<TaskInstance: parse_iot.sort_in_out scheduled__2026-01-31T10:00:00+00:00 [queued]>
[2026-02-14T17:50:17.549+0000] {taskinstance.py:2867} INFO - Starting attempt 1 of 4
[2026-02-14T17:50:17.555+0000] {taskinstance.py:2890} INFO - Executing <Task(PythonOperator): sort_in_out> on 2026-01-31 10:00:00+00:00
[2026-02-14T17:50:17.561+0000] {standard_task_runner.py:72} INFO - Started process 475 to run task
[2026-02-14T17:50:17.563+0000] {standard_task_runner.py:104} INFO - Running: ['***', 'tasks', 'run', 'parse_iot', 'sort_in_out', 'scheduled__2026-01-31T10:00:00+00:00', '--job-id', '102', '--raw', '--subdir', 'DAGS_FOLDER/parse_iot.py', '--cfg-path', '/tmp/tmp96u0to2f']
[2026-02-14T17:50:17.564+0000] {standard_task_runner.py:105} INFO - Job 102: Subtask sort_in_out
[2026-02-14T17:50:17.573+0000] {warnings.py:109} WARNING - /home/***/.local/lib/python3.9/site-packages/***/settings.py:209: DeprecationWarning: The sql_alchemy_conn option in [core] has been moved to the sql_alchemy_conn option in [database] - the old setting has been used, but please update your config.
  SQL_ALCHEMY_CONN = conf.get("database", "SQL_ALCHEMY_CONN")

[2026-02-14T17:50:17.595+0000] {task_command.py:467} INFO - Running <TaskInstance: parse_iot.sort_in_out scheduled__2026-01-31T10:00:00+00:00 [running]> on host 9052c134cdec
[2026-02-14T17:50:17.596+0000] {warnings.py:109} WARNING - /home/***/.local/lib/python3.9/site-packages/***/settings.py:470: DeprecationWarning: The sql_alchemy_conn option in [core] has been moved to the sql_alchemy_conn option in [database] - the old setting has been used, but please update your config.
  if conf.get("database", "sql_alchemy_conn") == "none://":

[2026-02-14T17:50:17.642+0000] {taskinstance.py:3134} INFO - Exporting env vars: AIRFLOW_CTX_DAG_OWNER='a.sorokin' AIRFLOW_CTX_DAG_ID='parse_iot' AIRFLOW_CTX_TASK_ID='sort_in_out' AIRFLOW_CTX_EXECUTION_DATE='2026-01-31T10:00:00+00:00' AIRFLOW_CTX_TRY_NUMBER='1' AIRFLOW_CTX_DAG_RUN_ID='scheduled__2026-01-31T10:00:00+00:00'
[2026-02-14T17:50:17.643+0000] {taskinstance.py:732} INFO - ::endgroup::
[2026-02-14T17:50:17.650+0000] {parse_iot.py:102} INFO - text
[2026-02-14T17:50:17.650+0000] {python.py:240} INFO - Done. Returned value was: None
[2026-02-14T17:50:17.656+0000] {taskinstance.py:341} INFO - ::group::Post task execution logs
[2026-02-14T17:50:17.657+0000] {taskinstance.py:353} INFO - Marking task as SUCCESS. dag_id=parse_iot, task_id=sort_in_out, run_id=scheduled__2026-01-31T10:00:00+00:00, execution_date=20260131T100000, start_date=20260214T175017, end_date=20260214T175017
[2026-02-14T17:50:17.695+0000] {local_task_job_runner.py:266} INFO - Task exited with return code 0
[2026-02-14T17:50:17.714+0000] {taskinstance.py:3901} INFO - 0 downstream tasks scheduled from follow-on schedule check
[2026-02-14T17:50:17.714+0000] {local_task_job_runner.py:245} INFO - ::endgroup::
[2026-02-14T18:14:57.045+0000] {local_task_job_runner.py:123} INFO - ::group::Pre task execution logs
[2026-02-14T18:14:57.065+0000] {taskinstance.py:2614} INFO - Dependencies all met for dep_context=non-requeueable deps ti=<TaskInstance: parse_iot.sort_in_out scheduled__2026-01-31T10:00:00+00:00 [queued]>
[2026-02-14T18:14:57.073+0000] {taskinstance.py:2614} INFO - Dependencies all met for dep_context=requeueable deps ti=<TaskInstance: parse_iot.sort_in_out scheduled__2026-01-31T10:00:00+00:00 [queued]>
[2026-02-14T18:14:57.073+0000] {taskinstance.py:2867} INFO - Starting attempt 1 of 4
[2026-02-14T18:14:57.080+0000] {taskinstance.py:2890} INFO - Executing <Task(PythonOperator): sort_in_out> on 2026-01-31 10:00:00+00:00
[2026-02-14T18:14:57.085+0000] {standard_task_runner.py:72} INFO - Started process 379 to run task
[2026-02-14T18:14:57.087+0000] {standard_task_runner.py:104} INFO - Running: ['***', 'tasks', 'run', 'parse_iot', 'sort_in_out', 'scheduled__2026-01-31T10:00:00+00:00', '--job-id', '78', '--raw', '--subdir', 'DAGS_FOLDER/parse_iot.py', '--cfg-path', '/tmp/tmpx1s_38it']
[2026-02-14T18:14:57.089+0000] {standard_task_runner.py:105} INFO - Job 78: Subtask sort_in_out
[2026-02-14T18:14:57.097+0000] {warnings.py:109} WARNING - /home/***/.local/lib/python3.9/site-packages/***/settings.py:209: DeprecationWarning: The sql_alchemy_conn option in [core] has been moved to the sql_alchemy_conn option in [database] - the old setting has been used, but please update your config.
  SQL_ALCHEMY_CONN = conf.get("database", "SQL_ALCHEMY_CONN")

[2026-02-14T18:14:57.117+0000] {task_command.py:467} INFO - Running <TaskInstance: parse_iot.sort_in_out scheduled__2026-01-31T10:00:00+00:00 [running]> on host bb762b62a2c2
[2026-02-14T18:14:57.117+0000] {warnings.py:109} WARNING - /home/***/.local/lib/python3.9/site-packages/***/settings.py:470: DeprecationWarning: The sql_alchemy_conn option in [core] has been moved to the sql_alchemy_conn option in [database] - the old setting has been used, but please update your config.
  if conf.get("database", "sql_alchemy_conn") == "none://":

[2026-02-14T18:14:57.169+0000] {taskinstance.py:3134} INFO - Exporting env vars: AIRFLOW_CTX_DAG_OWNER='a.sorokin' AIRFLOW_CTX_DAG_ID='parse_iot' AIRFLOW_CTX_TASK_ID='sort_in_out' AIRFLOW_CTX_EXECUTION_DATE='2026-01-31T10:00:00+00:00' AIRFLOW_CTX_TRY_NUMBER='1' AIRFLOW_CTX_DAG_RUN_ID='scheduled__2026-01-31T10:00:00+00:00'
[2026-02-14T18:14:57.170+0000] {taskinstance.py:732} INFO - ::endgroup::
[2026-02-14T18:14:57.176+0000] {parse_iot.py:102} INFO - text
[2026-02-14T18:14:57.176+0000] {python.py:240} INFO - Done. Returned value was: None
[2026-02-14T18:14:57.183+0000] {taskinstance.py:341} INFO - ::group::Post task execution logs
[2026-02-14T18:14:57.184+0000] {taskinstance.py:353} INFO - Marking task as SUCCESS. dag_id=parse_iot, task_id=sort_in_out, run_id=scheduled__2026-01-31T10:00:00+00:00, execution_date=20260131T100000, start_date=20260214T181457, end_date=20260214T181457
[2026-02-14T18:14:57.219+0000] {local_task_job_runner.py:266} INFO - Task exited with return code 0
[2026-02-14T18:14:57.233+0000] {taskinstance.py:3901} INFO - 0 downstream tasks scheduled from follow-on schedule check
[2026-02-14T18:14:57.234+0000] {local_task_job_runner.py:245} INFO - ::endgroup::
