[2026-02-14T16:31:16.101+0000] {local_task_job_runner.py:123} INFO - ::group::Pre task execution logs
[2026-02-14T16:31:16.125+0000] {taskinstance.py:2614} INFO - Dependencies all met for dep_context=non-requeueable deps ti=<TaskInstance: parse_iot.check_download_complete scheduled__2026-01-31T10:00:00+00:00 [queued]>
[2026-02-14T16:31:16.132+0000] {taskinstance.py:2614} INFO - Dependencies all met for dep_context=requeueable deps ti=<TaskInstance: parse_iot.check_download_complete scheduled__2026-01-31T10:00:00+00:00 [queued]>
[2026-02-14T16:31:16.133+0000] {taskinstance.py:2867} INFO - Starting attempt 1 of 4
[2026-02-14T16:31:16.141+0000] {taskinstance.py:2890} INFO - Executing <Task(ExternalTaskSensor): check_download_complete> on 2026-01-31 10:00:00+00:00
[2026-02-14T16:31:16.147+0000] {standard_task_runner.py:72} INFO - Started process 213 to run task
[2026-02-14T16:31:16.149+0000] {standard_task_runner.py:104} INFO - Running: ['***', 'tasks', 'run', 'parse_iot', 'check_download_complete', 'scheduled__2026-01-31T10:00:00+00:00', '--job-id', '36', '--raw', '--subdir', 'DAGS_FOLDER/parse_iot.py', '--cfg-path', '/tmp/tmp768x14_k']
[2026-02-14T16:31:16.150+0000] {standard_task_runner.py:105} INFO - Job 36: Subtask check_download_complete
[2026-02-14T16:31:16.159+0000] {warnings.py:109} WARNING - /home/***/.local/lib/python3.9/site-packages/***/settings.py:209: DeprecationWarning: The sql_alchemy_conn option in [core] has been moved to the sql_alchemy_conn option in [database] - the old setting has been used, but please update your config.
  SQL_ALCHEMY_CONN = conf.get("database", "SQL_ALCHEMY_CONN")

[2026-02-14T16:31:16.183+0000] {task_command.py:467} INFO - Running <TaskInstance: parse_iot.check_download_complete scheduled__2026-01-31T10:00:00+00:00 [running]> on host a5c4ed865bb5
[2026-02-14T16:31:16.184+0000] {warnings.py:109} WARNING - /home/***/.local/lib/python3.9/site-packages/***/settings.py:470: DeprecationWarning: The sql_alchemy_conn option in [core] has been moved to the sql_alchemy_conn option in [database] - the old setting has been used, but please update your config.
  if conf.get("database", "sql_alchemy_conn") == "none://":

[2026-02-14T16:31:16.233+0000] {taskinstance.py:3134} INFO - Exporting env vars: AIRFLOW_CTX_DAG_OWNER='a.sorokin' AIRFLOW_CTX_DAG_ID='parse_iot' AIRFLOW_CTX_TASK_ID='check_download_complete' AIRFLOW_CTX_EXECUTION_DATE='2026-01-31T10:00:00+00:00' AIRFLOW_CTX_TRY_NUMBER='1' AIRFLOW_CTX_DAG_RUN_ID='scheduled__2026-01-31T10:00:00+00:00'
[2026-02-14T16:31:16.234+0000] {taskinstance.py:732} INFO - ::endgroup::
[2026-02-14T16:31:16.242+0000] {baseoperator.py:423} WARNING - ExternalTaskSensor.execute cannot be called outside TaskInstance!
[2026-02-14T16:31:16.249+0000] {external_task.py:274} INFO - Poking for DAG 'download_iot' on 2026-01-31T10:00:00+00:00 ... 
[2026-02-14T16:31:16.249+0000] {warnings.py:109} WARNING - /home/***/.local/lib/python3.9/site-packages/***/utils/session.py:97: DeprecationWarning: This method is deprecated and will be removed in future.
  return func(*args, session=session, **kwargs)

[2026-02-14T16:31:16.256+0000] {base.py:339} INFO - Success criteria met. Exiting.
[2026-02-14T16:31:16.264+0000] {taskinstance.py:341} INFO - ::group::Post task execution logs
[2026-02-14T16:31:16.264+0000] {taskinstance.py:353} INFO - Marking task as SUCCESS. dag_id=parse_iot, task_id=check_download_complete, run_id=scheduled__2026-01-31T10:00:00+00:00, execution_date=20260131T100000, start_date=20260214T163116, end_date=20260214T163116
[2026-02-14T16:31:16.321+0000] {local_task_job_runner.py:266} INFO - Task exited with return code 0
[2026-02-14T16:31:16.347+0000] {taskinstance.py:3901} INFO - 0 downstream tasks scheduled from follow-on schedule check
[2026-02-14T16:31:16.348+0000] {local_task_job_runner.py:245} INFO - ::endgroup::
[2026-02-14T17:48:34.273+0000] {local_task_job_runner.py:123} INFO - ::group::Pre task execution logs
[2026-02-14T17:48:34.290+0000] {taskinstance.py:2614} INFO - Dependencies all met for dep_context=non-requeueable deps ti=<TaskInstance: parse_iot.check_download_complete scheduled__2026-01-31T10:00:00+00:00 [queued]>
[2026-02-14T17:48:34.298+0000] {taskinstance.py:2614} INFO - Dependencies all met for dep_context=requeueable deps ti=<TaskInstance: parse_iot.check_download_complete scheduled__2026-01-31T10:00:00+00:00 [queued]>
[2026-02-14T17:48:34.298+0000] {taskinstance.py:2867} INFO - Starting attempt 1 of 4
[2026-02-14T17:48:34.305+0000] {taskinstance.py:2890} INFO - Executing <Task(ExternalTaskSensor): check_download_complete> on 2026-01-31 10:00:00+00:00
[2026-02-14T17:48:34.310+0000] {standard_task_runner.py:72} INFO - Started process 259 to run task
[2026-02-14T17:48:34.312+0000] {standard_task_runner.py:104} INFO - Running: ['***', 'tasks', 'run', 'parse_iot', 'check_download_complete', 'scheduled__2026-01-31T10:00:00+00:00', '--job-id', '48', '--raw', '--subdir', 'DAGS_FOLDER/parse_iot.py', '--cfg-path', '/tmp/tmp2s7brqwv']
[2026-02-14T17:48:34.314+0000] {standard_task_runner.py:105} INFO - Job 48: Subtask check_download_complete
[2026-02-14T17:48:34.325+0000] {warnings.py:109} WARNING - /home/***/.local/lib/python3.9/site-packages/***/settings.py:209: DeprecationWarning: The sql_alchemy_conn option in [core] has been moved to the sql_alchemy_conn option in [database] - the old setting has been used, but please update your config.
  SQL_ALCHEMY_CONN = conf.get("database", "SQL_ALCHEMY_CONN")

[2026-02-14T17:48:34.356+0000] {task_command.py:467} INFO - Running <TaskInstance: parse_iot.check_download_complete scheduled__2026-01-31T10:00:00+00:00 [running]> on host 9052c134cdec
[2026-02-14T17:48:34.356+0000] {warnings.py:109} WARNING - /home/***/.local/lib/python3.9/site-packages/***/settings.py:470: DeprecationWarning: The sql_alchemy_conn option in [core] has been moved to the sql_alchemy_conn option in [database] - the old setting has been used, but please update your config.
  if conf.get("database", "sql_alchemy_conn") == "none://":

[2026-02-14T17:48:34.409+0000] {taskinstance.py:3134} INFO - Exporting env vars: AIRFLOW_CTX_DAG_OWNER='a.sorokin' AIRFLOW_CTX_DAG_ID='parse_iot' AIRFLOW_CTX_TASK_ID='check_download_complete' AIRFLOW_CTX_EXECUTION_DATE='2026-01-31T10:00:00+00:00' AIRFLOW_CTX_TRY_NUMBER='1' AIRFLOW_CTX_DAG_RUN_ID='scheduled__2026-01-31T10:00:00+00:00'
[2026-02-14T17:48:34.409+0000] {taskinstance.py:732} INFO - ::endgroup::
[2026-02-14T17:48:34.416+0000] {baseoperator.py:423} WARNING - ExternalTaskSensor.execute cannot be called outside TaskInstance!
[2026-02-14T17:48:34.423+0000] {external_task.py:274} INFO - Poking for DAG 'download_iot' on 2026-01-31T10:00:00+00:00 ... 
[2026-02-14T17:48:34.423+0000] {warnings.py:109} WARNING - /home/***/.local/lib/python3.9/site-packages/***/utils/session.py:97: DeprecationWarning: This method is deprecated and will be removed in future.
  return func(*args, session=session, **kwargs)

[2026-02-14T17:48:34.428+0000] {base.py:339} INFO - Success criteria met. Exiting.
[2026-02-14T17:48:34.434+0000] {taskinstance.py:341} INFO - ::group::Post task execution logs
[2026-02-14T17:48:34.434+0000] {taskinstance.py:353} INFO - Marking task as SUCCESS. dag_id=parse_iot, task_id=check_download_complete, run_id=scheduled__2026-01-31T10:00:00+00:00, execution_date=20260131T100000, start_date=20260214T174834, end_date=20260214T174834
[2026-02-14T17:48:34.484+0000] {local_task_job_runner.py:266} INFO - Task exited with return code 0
[2026-02-14T17:48:34.515+0000] {taskinstance.py:3901} INFO - 0 downstream tasks scheduled from follow-on schedule check
[2026-02-14T17:48:34.517+0000] {local_task_job_runner.py:245} INFO - ::endgroup::
[2026-02-14T18:12:36.687+0000] {local_task_job_runner.py:123} INFO - ::group::Pre task execution logs
[2026-02-14T18:12:36.707+0000] {taskinstance.py:2614} INFO - Dependencies all met for dep_context=non-requeueable deps ti=<TaskInstance: parse_iot.check_download_complete scheduled__2026-01-31T10:00:00+00:00 [queued]>
[2026-02-14T18:12:36.715+0000] {taskinstance.py:2614} INFO - Dependencies all met for dep_context=requeueable deps ti=<TaskInstance: parse_iot.check_download_complete scheduled__2026-01-31T10:00:00+00:00 [queued]>
[2026-02-14T18:12:36.715+0000] {taskinstance.py:2867} INFO - Starting attempt 1 of 4
[2026-02-14T18:12:36.724+0000] {taskinstance.py:2890} INFO - Executing <Task(ExternalTaskSensor): check_download_complete> on 2026-01-31 10:00:00+00:00
[2026-02-14T18:12:36.728+0000] {standard_task_runner.py:72} INFO - Started process 99 to run task
[2026-02-14T18:12:36.730+0000] {standard_task_runner.py:104} INFO - Running: ['***', 'tasks', 'run', 'parse_iot', 'check_download_complete', 'scheduled__2026-01-31T10:00:00+00:00', '--job-id', '8', '--raw', '--subdir', 'DAGS_FOLDER/parse_iot.py', '--cfg-path', '/tmp/tmpf3v0rv8s']
[2026-02-14T18:12:36.732+0000] {standard_task_runner.py:105} INFO - Job 8: Subtask check_download_complete
[2026-02-14T18:12:36.759+0000] {warnings.py:109} WARNING - /home/***/.local/lib/python3.9/site-packages/***/settings.py:209: DeprecationWarning: The sql_alchemy_conn option in [core] has been moved to the sql_alchemy_conn option in [database] - the old setting has been used, but please update your config.
  SQL_ALCHEMY_CONN = conf.get("database", "SQL_ALCHEMY_CONN")

[2026-02-14T18:12:36.792+0000] {task_command.py:467} INFO - Running <TaskInstance: parse_iot.check_download_complete scheduled__2026-01-31T10:00:00+00:00 [running]> on host bb762b62a2c2
[2026-02-14T18:12:36.793+0000] {warnings.py:109} WARNING - /home/***/.local/lib/python3.9/site-packages/***/settings.py:470: DeprecationWarning: The sql_alchemy_conn option in [core] has been moved to the sql_alchemy_conn option in [database] - the old setting has been used, but please update your config.
  if conf.get("database", "sql_alchemy_conn") == "none://":

[2026-02-14T18:12:36.860+0000] {taskinstance.py:3134} INFO - Exporting env vars: AIRFLOW_CTX_DAG_OWNER='a.sorokin' AIRFLOW_CTX_DAG_ID='parse_iot' AIRFLOW_CTX_TASK_ID='check_download_complete' AIRFLOW_CTX_EXECUTION_DATE='2026-01-31T10:00:00+00:00' AIRFLOW_CTX_TRY_NUMBER='1' AIRFLOW_CTX_DAG_RUN_ID='scheduled__2026-01-31T10:00:00+00:00'
[2026-02-14T18:12:36.860+0000] {taskinstance.py:732} INFO - ::endgroup::
[2026-02-14T18:12:36.869+0000] {baseoperator.py:423} WARNING - ExternalTaskSensor.execute cannot be called outside TaskInstance!
[2026-02-14T18:12:36.875+0000] {external_task.py:274} INFO - Poking for DAG 'download_iot' on 2026-01-31T10:00:00+00:00 ... 
[2026-02-14T18:12:36.876+0000] {warnings.py:109} WARNING - /home/***/.local/lib/python3.9/site-packages/***/utils/session.py:97: DeprecationWarning: This method is deprecated and will be removed in future.
  return func(*args, session=session, **kwargs)

[2026-02-14T18:12:36.899+0000] {taskinstance.py:310} INFO - Rescheduling task, marking task as UP_FOR_RESCHEDULE
[2026-02-14T18:12:36.899+0000] {taskinstance.py:341} INFO - ::group::Post task execution logs
[2026-02-14T18:12:36.942+0000] {local_task_job_runner.py:266} INFO - Task exited with return code 0
[2026-02-14T18:12:36.980+0000] {taskinstance.py:3901} INFO - 0 downstream tasks scheduled from follow-on schedule check
[2026-02-14T18:12:36.986+0000] {local_task_job_runner.py:245} INFO - ::endgroup::
[2026-02-14T18:13:37.901+0000] {local_task_job_runner.py:123} INFO - ::group::Pre task execution logs
[2026-02-14T18:13:37.919+0000] {taskinstance.py:2614} INFO - Dependencies all met for dep_context=non-requeueable deps ti=<TaskInstance: parse_iot.check_download_complete scheduled__2026-01-31T10:00:00+00:00 [queued]>
[2026-02-14T18:13:37.927+0000] {taskinstance.py:2614} INFO - Dependencies all met for dep_context=requeueable deps ti=<TaskInstance: parse_iot.check_download_complete scheduled__2026-01-31T10:00:00+00:00 [queued]>
[2026-02-14T18:13:37.927+0000] {taskinstance.py:2867} INFO - Starting attempt 1 of 4
[2026-02-14T18:13:37.934+0000] {taskinstance.py:2890} INFO - Executing <Task(ExternalTaskSensor): check_download_complete> on 2026-01-31 10:00:00+00:00
[2026-02-14T18:13:37.939+0000] {standard_task_runner.py:72} INFO - Started process 227 to run task
[2026-02-14T18:13:37.941+0000] {standard_task_runner.py:104} INFO - Running: ['***', 'tasks', 'run', 'parse_iot', 'check_download_complete', 'scheduled__2026-01-31T10:00:00+00:00', '--job-id', '40', '--raw', '--subdir', 'DAGS_FOLDER/parse_iot.py', '--cfg-path', '/tmp/tmpv9cqkoot']
[2026-02-14T18:13:37.943+0000] {standard_task_runner.py:105} INFO - Job 40: Subtask check_download_complete
[2026-02-14T18:13:37.951+0000] {warnings.py:109} WARNING - /home/***/.local/lib/python3.9/site-packages/***/settings.py:209: DeprecationWarning: The sql_alchemy_conn option in [core] has been moved to the sql_alchemy_conn option in [database] - the old setting has been used, but please update your config.
  SQL_ALCHEMY_CONN = conf.get("database", "SQL_ALCHEMY_CONN")

[2026-02-14T18:13:37.973+0000] {task_command.py:467} INFO - Running <TaskInstance: parse_iot.check_download_complete scheduled__2026-01-31T10:00:00+00:00 [running]> on host bb762b62a2c2
[2026-02-14T18:13:37.973+0000] {warnings.py:109} WARNING - /home/***/.local/lib/python3.9/site-packages/***/settings.py:470: DeprecationWarning: The sql_alchemy_conn option in [core] has been moved to the sql_alchemy_conn option in [database] - the old setting has been used, but please update your config.
  if conf.get("database", "sql_alchemy_conn") == "none://":

[2026-02-14T18:13:38.023+0000] {taskinstance.py:3134} INFO - Exporting env vars: AIRFLOW_CTX_DAG_OWNER='a.sorokin' AIRFLOW_CTX_DAG_ID='parse_iot' AIRFLOW_CTX_TASK_ID='check_download_complete' AIRFLOW_CTX_EXECUTION_DATE='2026-01-31T10:00:00+00:00' AIRFLOW_CTX_TRY_NUMBER='1' AIRFLOW_CTX_DAG_RUN_ID='scheduled__2026-01-31T10:00:00+00:00'
[2026-02-14T18:13:38.024+0000] {taskinstance.py:732} INFO - ::endgroup::
[2026-02-14T18:13:38.031+0000] {baseoperator.py:423} WARNING - ExternalTaskSensor.execute cannot be called outside TaskInstance!
[2026-02-14T18:13:38.037+0000] {external_task.py:274} INFO - Poking for DAG 'download_iot' on 2026-01-31T10:00:00+00:00 ... 
[2026-02-14T18:13:38.037+0000] {warnings.py:109} WARNING - /home/***/.local/lib/python3.9/site-packages/***/utils/session.py:97: DeprecationWarning: This method is deprecated and will be removed in future.
  return func(*args, session=session, **kwargs)

[2026-02-14T18:13:38.043+0000] {base.py:339} INFO - Success criteria met. Exiting.
[2026-02-14T18:13:38.049+0000] {taskinstance.py:341} INFO - ::group::Post task execution logs
[2026-02-14T18:13:38.049+0000] {taskinstance.py:353} INFO - Marking task as SUCCESS. dag_id=parse_iot, task_id=check_download_complete, run_id=scheduled__2026-01-31T10:00:00+00:00, execution_date=20260131T100000, start_date=20260214T181337, end_date=20260214T181338
[2026-02-14T18:13:38.113+0000] {local_task_job_runner.py:266} INFO - Task exited with return code 0
[2026-02-14T18:13:38.136+0000] {taskinstance.py:3901} INFO - 1 downstream tasks scheduled from follow-on schedule check
[2026-02-14T18:13:38.137+0000] {local_task_job_runner.py:245} INFO - ::endgroup::
[2026-02-16T14:45:32.078+0000] {local_task_job_runner.py:123} INFO - ::group::Pre task execution logs
[2026-02-16T14:45:32.097+0000] {taskinstance.py:2614} INFO - Dependencies all met for dep_context=non-requeueable deps ti=<TaskInstance: parse_iot.check_download_complete scheduled__2026-01-31T10:00:00+00:00 [queued]>
[2026-02-16T14:45:32.104+0000] {taskinstance.py:2614} INFO - Dependencies all met for dep_context=requeueable deps ti=<TaskInstance: parse_iot.check_download_complete scheduled__2026-01-31T10:00:00+00:00 [queued]>
[2026-02-16T14:45:32.104+0000] {taskinstance.py:2867} INFO - Starting attempt 1 of 4
[2026-02-16T14:45:32.111+0000] {taskinstance.py:2890} INFO - Executing <Task(ExternalTaskSensor): check_download_complete> on 2026-01-31 10:00:00+00:00
[2026-02-16T14:45:32.116+0000] {standard_task_runner.py:72} INFO - Started process 244 to run task
[2026-02-16T14:45:32.118+0000] {standard_task_runner.py:104} INFO - Running: ['***', 'tasks', 'run', 'parse_iot', 'check_download_complete', 'scheduled__2026-01-31T10:00:00+00:00', '--job-id', '38', '--raw', '--subdir', 'DAGS_FOLDER/parse_iot.py', '--cfg-path', '/tmp/tmp0iafalrz']
[2026-02-16T14:45:32.119+0000] {standard_task_runner.py:105} INFO - Job 38: Subtask check_download_complete
[2026-02-16T14:45:32.128+0000] {warnings.py:109} WARNING - /home/***/.local/lib/python3.9/site-packages/***/settings.py:209: DeprecationWarning: The sql_alchemy_conn option in [core] has been moved to the sql_alchemy_conn option in [database] - the old setting has been used, but please update your config.
  SQL_ALCHEMY_CONN = conf.get("database", "SQL_ALCHEMY_CONN")

[2026-02-16T14:45:32.149+0000] {task_command.py:467} INFO - Running <TaskInstance: parse_iot.check_download_complete scheduled__2026-01-31T10:00:00+00:00 [running]> on host cd96c4fa192f
[2026-02-16T14:45:32.150+0000] {warnings.py:109} WARNING - /home/***/.local/lib/python3.9/site-packages/***/settings.py:470: DeprecationWarning: The sql_alchemy_conn option in [core] has been moved to the sql_alchemy_conn option in [database] - the old setting has been used, but please update your config.
  if conf.get("database", "sql_alchemy_conn") == "none://":

[2026-02-16T14:45:32.197+0000] {taskinstance.py:3134} INFO - Exporting env vars: AIRFLOW_CTX_DAG_OWNER='a.sorokin' AIRFLOW_CTX_DAG_ID='parse_iot' AIRFLOW_CTX_TASK_ID='check_download_complete' AIRFLOW_CTX_EXECUTION_DATE='2026-01-31T10:00:00+00:00' AIRFLOW_CTX_TRY_NUMBER='1' AIRFLOW_CTX_DAG_RUN_ID='scheduled__2026-01-31T10:00:00+00:00'
[2026-02-16T14:45:32.197+0000] {taskinstance.py:732} INFO - ::endgroup::
[2026-02-16T14:45:32.205+0000] {baseoperator.py:423} WARNING - ExternalTaskSensor.execute cannot be called outside TaskInstance!
[2026-02-16T14:45:32.212+0000] {external_task.py:274} INFO - Poking for DAG 'download_iot' on 2026-01-31T10:00:00+00:00 ... 
[2026-02-16T14:45:32.212+0000] {warnings.py:109} WARNING - /home/***/.local/lib/python3.9/site-packages/***/utils/session.py:97: DeprecationWarning: This method is deprecated and will be removed in future.
  return func(*args, session=session, **kwargs)

[2026-02-16T14:45:32.218+0000] {base.py:339} INFO - Success criteria met. Exiting.
[2026-02-16T14:45:32.225+0000] {taskinstance.py:341} INFO - ::group::Post task execution logs
[2026-02-16T14:45:32.225+0000] {taskinstance.py:353} INFO - Marking task as SUCCESS. dag_id=parse_iot, task_id=check_download_complete, run_id=scheduled__2026-01-31T10:00:00+00:00, execution_date=20260131T100000, start_date=20260216T144532, end_date=20260216T144532
[2026-02-16T14:45:32.250+0000] {local_task_job_runner.py:266} INFO - Task exited with return code 0
[2026-02-16T14:45:32.273+0000] {taskinstance.py:3901} INFO - 0 downstream tasks scheduled from follow-on schedule check
[2026-02-16T14:45:32.274+0000] {local_task_job_runner.py:245} INFO - ::endgroup::
[2026-02-16T15:15:24.621+0000] {local_task_job_runner.py:123} INFO - ::group::Pre task execution logs
[2026-02-16T15:15:24.639+0000] {taskinstance.py:2614} INFO - Dependencies all met for dep_context=non-requeueable deps ti=<TaskInstance: parse_iot.check_download_complete scheduled__2026-01-31T10:00:00+00:00 [queued]>
[2026-02-16T15:15:24.647+0000] {taskinstance.py:2614} INFO - Dependencies all met for dep_context=requeueable deps ti=<TaskInstance: parse_iot.check_download_complete scheduled__2026-01-31T10:00:00+00:00 [queued]>
[2026-02-16T15:15:24.647+0000] {taskinstance.py:2867} INFO - Starting attempt 1 of 4
[2026-02-16T15:15:24.654+0000] {taskinstance.py:2890} INFO - Executing <Task(ExternalTaskSensor): check_download_complete> on 2026-01-31 10:00:00+00:00
[2026-02-16T15:15:24.660+0000] {standard_task_runner.py:72} INFO - Started process 223 to run task
[2026-02-16T15:15:24.662+0000] {standard_task_runner.py:104} INFO - Running: ['***', 'tasks', 'run', 'parse_iot', 'check_download_complete', 'scheduled__2026-01-31T10:00:00+00:00', '--job-id', '39', '--raw', '--subdir', 'DAGS_FOLDER/parse_iot.py', '--cfg-path', '/tmp/tmpjhpli6fv']
[2026-02-16T15:15:24.663+0000] {standard_task_runner.py:105} INFO - Job 39: Subtask check_download_complete
[2026-02-16T15:15:24.672+0000] {warnings.py:109} WARNING - /home/***/.local/lib/python3.9/site-packages/***/settings.py:209: DeprecationWarning: The sql_alchemy_conn option in [core] has been moved to the sql_alchemy_conn option in [database] - the old setting has been used, but please update your config.
  SQL_ALCHEMY_CONN = conf.get("database", "SQL_ALCHEMY_CONN")

[2026-02-16T15:15:24.694+0000] {task_command.py:467} INFO - Running <TaskInstance: parse_iot.check_download_complete scheduled__2026-01-31T10:00:00+00:00 [running]> on host fbd3e38838e9
[2026-02-16T15:15:24.694+0000] {warnings.py:109} WARNING - /home/***/.local/lib/python3.9/site-packages/***/settings.py:470: DeprecationWarning: The sql_alchemy_conn option in [core] has been moved to the sql_alchemy_conn option in [database] - the old setting has been used, but please update your config.
  if conf.get("database", "sql_alchemy_conn") == "none://":

[2026-02-16T15:15:24.742+0000] {taskinstance.py:3134} INFO - Exporting env vars: AIRFLOW_CTX_DAG_OWNER='a.sorokin' AIRFLOW_CTX_DAG_ID='parse_iot' AIRFLOW_CTX_TASK_ID='check_download_complete' AIRFLOW_CTX_EXECUTION_DATE='2026-01-31T10:00:00+00:00' AIRFLOW_CTX_TRY_NUMBER='1' AIRFLOW_CTX_DAG_RUN_ID='scheduled__2026-01-31T10:00:00+00:00'
[2026-02-16T15:15:24.743+0000] {taskinstance.py:732} INFO - ::endgroup::
[2026-02-16T15:15:24.751+0000] {baseoperator.py:423} WARNING - ExternalTaskSensor.execute cannot be called outside TaskInstance!
[2026-02-16T15:15:24.757+0000] {external_task.py:274} INFO - Poking for DAG 'download_iot' on 2026-01-31T10:00:00+00:00 ... 
[2026-02-16T15:15:24.758+0000] {warnings.py:109} WARNING - /home/***/.local/lib/python3.9/site-packages/***/utils/session.py:97: DeprecationWarning: This method is deprecated and will be removed in future.
  return func(*args, session=session, **kwargs)

[2026-02-16T15:15:24.764+0000] {base.py:339} INFO - Success criteria met. Exiting.
[2026-02-16T15:15:24.771+0000] {taskinstance.py:341} INFO - ::group::Post task execution logs
[2026-02-16T15:15:24.771+0000] {taskinstance.py:353} INFO - Marking task as SUCCESS. dag_id=parse_iot, task_id=check_download_complete, run_id=scheduled__2026-01-31T10:00:00+00:00, execution_date=20260131T100000, start_date=20260216T151524, end_date=20260216T151524
[2026-02-16T15:15:24.794+0000] {local_task_job_runner.py:266} INFO - Task exited with return code 0
[2026-02-16T15:15:24.817+0000] {taskinstance.py:3901} INFO - 0 downstream tasks scheduled from follow-on schedule check
[2026-02-16T15:15:24.817+0000] {local_task_job_runner.py:245} INFO - ::endgroup::
[2026-02-16T15:43:23.992+0000] {local_task_job_runner.py:123} INFO - ::group::Pre task execution logs
[2026-02-16T15:43:24.010+0000] {taskinstance.py:2614} INFO - Dependencies all met for dep_context=non-requeueable deps ti=<TaskInstance: parse_iot.check_download_complete scheduled__2026-01-31T10:00:00+00:00 [queued]>
[2026-02-16T15:43:24.017+0000] {taskinstance.py:2614} INFO - Dependencies all met for dep_context=requeueable deps ti=<TaskInstance: parse_iot.check_download_complete scheduled__2026-01-31T10:00:00+00:00 [queued]>
[2026-02-16T15:43:24.017+0000] {taskinstance.py:2867} INFO - Starting attempt 1 of 4
[2026-02-16T15:43:24.025+0000] {taskinstance.py:2890} INFO - Executing <Task(ExternalTaskSensor): check_download_complete> on 2026-01-31 10:00:00+00:00
[2026-02-16T15:43:24.029+0000] {standard_task_runner.py:72} INFO - Started process 227 to run task
[2026-02-16T15:43:24.032+0000] {standard_task_runner.py:104} INFO - Running: ['***', 'tasks', 'run', 'parse_iot', 'check_download_complete', 'scheduled__2026-01-31T10:00:00+00:00', '--job-id', '40', '--raw', '--subdir', 'DAGS_FOLDER/parse_iot.py', '--cfg-path', '/tmp/tmpyjnk7hot']
[2026-02-16T15:43:24.033+0000] {standard_task_runner.py:105} INFO - Job 40: Subtask check_download_complete
[2026-02-16T15:43:24.042+0000] {warnings.py:109} WARNING - /home/***/.local/lib/python3.9/site-packages/***/settings.py:209: DeprecationWarning: The sql_alchemy_conn option in [core] has been moved to the sql_alchemy_conn option in [database] - the old setting has been used, but please update your config.
  SQL_ALCHEMY_CONN = conf.get("database", "SQL_ALCHEMY_CONN")

[2026-02-16T15:43:24.064+0000] {task_command.py:467} INFO - Running <TaskInstance: parse_iot.check_download_complete scheduled__2026-01-31T10:00:00+00:00 [running]> on host 6ef9a94e694d
[2026-02-16T15:43:24.065+0000] {warnings.py:109} WARNING - /home/***/.local/lib/python3.9/site-packages/***/settings.py:470: DeprecationWarning: The sql_alchemy_conn option in [core] has been moved to the sql_alchemy_conn option in [database] - the old setting has been used, but please update your config.
  if conf.get("database", "sql_alchemy_conn") == "none://":

[2026-02-16T15:43:24.112+0000] {taskinstance.py:3134} INFO - Exporting env vars: AIRFLOW_CTX_DAG_OWNER='a.sorokin' AIRFLOW_CTX_DAG_ID='parse_iot' AIRFLOW_CTX_TASK_ID='check_download_complete' AIRFLOW_CTX_EXECUTION_DATE='2026-01-31T10:00:00+00:00' AIRFLOW_CTX_TRY_NUMBER='1' AIRFLOW_CTX_DAG_RUN_ID='scheduled__2026-01-31T10:00:00+00:00'
[2026-02-16T15:43:24.112+0000] {taskinstance.py:732} INFO - ::endgroup::
[2026-02-16T15:43:24.120+0000] {baseoperator.py:423} WARNING - ExternalTaskSensor.execute cannot be called outside TaskInstance!
[2026-02-16T15:43:24.126+0000] {external_task.py:274} INFO - Poking for DAG 'download_iot' on 2026-01-31T10:00:00+00:00 ... 
[2026-02-16T15:43:24.126+0000] {warnings.py:109} WARNING - /home/***/.local/lib/python3.9/site-packages/***/utils/session.py:97: DeprecationWarning: This method is deprecated and will be removed in future.
  return func(*args, session=session, **kwargs)

[2026-02-16T15:43:24.132+0000] {base.py:339} INFO - Success criteria met. Exiting.
[2026-02-16T15:43:24.138+0000] {taskinstance.py:341} INFO - ::group::Post task execution logs
[2026-02-16T15:43:24.138+0000] {taskinstance.py:353} INFO - Marking task as SUCCESS. dag_id=parse_iot, task_id=check_download_complete, run_id=scheduled__2026-01-31T10:00:00+00:00, execution_date=20260131T100000, start_date=20260216T154324, end_date=20260216T154324
[2026-02-16T15:43:24.163+0000] {local_task_job_runner.py:266} INFO - Task exited with return code 0
[2026-02-16T15:43:24.189+0000] {taskinstance.py:3901} INFO - 1 downstream tasks scheduled from follow-on schedule check
[2026-02-16T15:43:24.190+0000] {local_task_job_runner.py:245} INFO - ::endgroup::
