[2026-02-02T14:40:36.676+0000] {local_task_job_runner.py:123} INFO - ::group::Pre task execution logs
[2026-02-02T14:40:36.693+0000] {taskinstance.py:2614} INFO - Dependencies all met for dep_context=non-requeueable deps ti=<TaskInstance: parse_iot.parse_data manual__2026-02-02T14:33:38.636833+00:00 [queued]>
[2026-02-02T14:40:36.700+0000] {taskinstance.py:2614} INFO - Dependencies all met for dep_context=requeueable deps ti=<TaskInstance: parse_iot.parse_data manual__2026-02-02T14:33:38.636833+00:00 [queued]>
[2026-02-02T14:40:36.700+0000] {taskinstance.py:2867} INFO - Starting attempt 3 of 6
[2026-02-02T14:40:36.708+0000] {taskinstance.py:2890} INFO - Executing <Task(ExternalTaskSensor): parse_data> on 2026-02-02 14:33:38.636833+00:00
[2026-02-02T14:40:36.712+0000] {standard_task_runner.py:72} INFO - Started process 164 to run task
[2026-02-02T14:40:36.715+0000] {standard_task_runner.py:104} INFO - Running: ['***', 'tasks', 'run', 'parse_iot', 'parse_data', 'manual__2026-02-02T14:33:38.636833+00:00', '--job-id', '53', '--raw', '--subdir', 'DAGS_FOLDER/parse_iot.py', '--cfg-path', '/tmp/tmpf8ggu3of']
[2026-02-02T14:40:36.716+0000] {standard_task_runner.py:105} INFO - Job 53: Subtask parse_data
[2026-02-02T14:40:36.725+0000] {warnings.py:109} WARNING - /home/***/.local/lib/python3.9/site-packages/***/settings.py:209: DeprecationWarning: The sql_alchemy_conn option in [core] has been moved to the sql_alchemy_conn option in [database] - the old setting has been used, but please update your config.
  SQL_ALCHEMY_CONN = conf.get("database", "SQL_ALCHEMY_CONN")

[2026-02-02T14:40:36.745+0000] {task_command.py:467} INFO - Running <TaskInstance: parse_iot.parse_data manual__2026-02-02T14:33:38.636833+00:00 [running]> on host 62d0328142ca
[2026-02-02T14:40:36.793+0000] {taskinstance.py:3134} INFO - Exporting env vars: AIRFLOW_CTX_DAG_OWNER='a.sorokin' AIRFLOW_CTX_DAG_ID='parse_iot' AIRFLOW_CTX_TASK_ID='parse_data' AIRFLOW_CTX_EXECUTION_DATE='2026-02-02T14:33:38.636833+00:00' AIRFLOW_CTX_TRY_NUMBER='3' AIRFLOW_CTX_DAG_RUN_ID='manual__2026-02-02T14:33:38.636833+00:00'
[2026-02-02T14:40:36.793+0000] {taskinstance.py:732} INFO - ::endgroup::
[2026-02-02T14:40:36.801+0000] {baseoperator.py:423} WARNING - ExternalTaskSensor.execute cannot be called outside TaskInstance!
[2026-02-02T14:40:36.807+0000] {external_task.py:274} INFO - Poking for DAG 'download_iot' on 2026-02-02T14:33:38.636833+00:00 ... 
[2026-02-02T14:40:36.807+0000] {warnings.py:109} WARNING - /home/***/.local/lib/python3.9/site-packages/***/utils/session.py:97: DeprecationWarning: This method is deprecated and will be removed in future.
  return func(*args, session=session, **kwargs)

[2026-02-02T14:40:36.829+0000] {taskinstance.py:310} INFO - Rescheduling task, marking task as UP_FOR_RESCHEDULE
[2026-02-02T14:40:36.829+0000] {taskinstance.py:341} INFO - ::group::Post task execution logs
[2026-02-02T14:40:36.846+0000] {local_task_job_runner.py:266} INFO - Task exited with return code 0
[2026-02-02T14:40:36.866+0000] {taskinstance.py:3901} INFO - 0 downstream tasks scheduled from follow-on schedule check
[2026-02-02T14:40:36.867+0000] {local_task_job_runner.py:245} INFO - ::endgroup::
[2026-02-02T14:41:37.233+0000] {local_task_job_runner.py:123} INFO - ::group::Pre task execution logs
[2026-02-02T14:41:37.249+0000] {taskinstance.py:2614} INFO - Dependencies all met for dep_context=non-requeueable deps ti=<TaskInstance: parse_iot.parse_data manual__2026-02-02T14:33:38.636833+00:00 [queued]>
[2026-02-02T14:41:37.255+0000] {taskinstance.py:2614} INFO - Dependencies all met for dep_context=requeueable deps ti=<TaskInstance: parse_iot.parse_data manual__2026-02-02T14:33:38.636833+00:00 [queued]>
[2026-02-02T14:41:37.256+0000] {taskinstance.py:2867} INFO - Starting attempt 3 of 6
[2026-02-02T14:41:37.262+0000] {taskinstance.py:2890} INFO - Executing <Task(ExternalTaskSensor): parse_data> on 2026-02-02 14:33:38.636833+00:00
[2026-02-02T14:41:37.266+0000] {standard_task_runner.py:72} INFO - Started process 173 to run task
[2026-02-02T14:41:37.268+0000] {standard_task_runner.py:104} INFO - Running: ['***', 'tasks', 'run', 'parse_iot', 'parse_data', 'manual__2026-02-02T14:33:38.636833+00:00', '--job-id', '56', '--raw', '--subdir', 'DAGS_FOLDER/parse_iot.py', '--cfg-path', '/tmp/tmpuwger25k']
[2026-02-02T14:41:37.270+0000] {standard_task_runner.py:105} INFO - Job 56: Subtask parse_data
[2026-02-02T14:41:37.278+0000] {warnings.py:109} WARNING - /home/***/.local/lib/python3.9/site-packages/***/settings.py:209: DeprecationWarning: The sql_alchemy_conn option in [core] has been moved to the sql_alchemy_conn option in [database] - the old setting has been used, but please update your config.
  SQL_ALCHEMY_CONN = conf.get("database", "SQL_ALCHEMY_CONN")

[2026-02-02T14:41:37.299+0000] {task_command.py:467} INFO - Running <TaskInstance: parse_iot.parse_data manual__2026-02-02T14:33:38.636833+00:00 [running]> on host 62d0328142ca
[2026-02-02T14:41:37.349+0000] {taskinstance.py:3134} INFO - Exporting env vars: AIRFLOW_CTX_DAG_OWNER='a.sorokin' AIRFLOW_CTX_DAG_ID='parse_iot' AIRFLOW_CTX_TASK_ID='parse_data' AIRFLOW_CTX_EXECUTION_DATE='2026-02-02T14:33:38.636833+00:00' AIRFLOW_CTX_TRY_NUMBER='3' AIRFLOW_CTX_DAG_RUN_ID='manual__2026-02-02T14:33:38.636833+00:00'
[2026-02-02T14:41:37.349+0000] {taskinstance.py:732} INFO - ::endgroup::
[2026-02-02T14:41:37.357+0000] {baseoperator.py:423} WARNING - ExternalTaskSensor.execute cannot be called outside TaskInstance!
[2026-02-02T14:41:37.363+0000] {external_task.py:274} INFO - Poking for DAG 'download_iot' on 2026-02-02T14:33:38.636833+00:00 ... 
[2026-02-02T14:41:37.363+0000] {warnings.py:109} WARNING - /home/***/.local/lib/python3.9/site-packages/***/utils/session.py:97: DeprecationWarning: This method is deprecated and will be removed in future.
  return func(*args, session=session, **kwargs)

[2026-02-02T14:41:37.385+0000] {taskinstance.py:310} INFO - Rescheduling task, marking task as UP_FOR_RESCHEDULE
[2026-02-02T14:41:37.385+0000] {taskinstance.py:341} INFO - ::group::Post task execution logs
[2026-02-02T14:41:37.400+0000] {local_task_job_runner.py:266} INFO - Task exited with return code 0
[2026-02-02T14:41:37.419+0000] {taskinstance.py:3901} INFO - 0 downstream tasks scheduled from follow-on schedule check
[2026-02-02T14:41:37.420+0000] {local_task_job_runner.py:245} INFO - ::endgroup::
