[2026-02-16T18:17:05.449+0000] {local_task_job_runner.py:123} INFO - ::group::Pre task execution logs
[2026-02-16T18:17:05.462+0000] {taskinstance.py:2614} INFO - Dependencies all met for dep_context=non-requeueable deps ti=<TaskInstance: date_load_postgres.load_date_csv_to_postgres scheduled__2026-02-14T10:00:00+00:00 [queued]>
[2026-02-16T18:17:05.467+0000] {taskinstance.py:2614} INFO - Dependencies all met for dep_context=requeueable deps ti=<TaskInstance: date_load_postgres.load_date_csv_to_postgres scheduled__2026-02-14T10:00:00+00:00 [queued]>
[2026-02-16T18:17:05.467+0000] {taskinstance.py:2867} INFO - Starting attempt 2 of 4
[2026-02-16T18:17:05.474+0000] {taskinstance.py:2890} INFO - Executing <Task(PythonOperator): load_date_csv_to_postgres> on 2026-02-14 10:00:00+00:00
[2026-02-16T18:17:05.479+0000] {standard_task_runner.py:72} INFO - Started process 661 to run task
[2026-02-16T18:17:05.481+0000] {standard_task_runner.py:104} INFO - Running: ['***', 'tasks', 'run', 'date_load_postgres', 'load_date_csv_to_postgres', 'scheduled__2026-02-14T10:00:00+00:00', '--job-id', '136', '--raw', '--subdir', 'DAGS_FOLDER/date_load_postrges.py', '--cfg-path', '/tmp/tmpczy8wkzj']
[2026-02-16T18:17:05.482+0000] {standard_task_runner.py:105} INFO - Job 136: Subtask load_date_csv_to_postgres
[2026-02-16T18:17:05.492+0000] {warnings.py:109} WARNING - /home/***/.local/lib/python3.9/site-packages/***/settings.py:209: DeprecationWarning: The sql_alchemy_conn option in [core] has been moved to the sql_alchemy_conn option in [database] - the old setting has been used, but please update your config.
  SQL_ALCHEMY_CONN = conf.get("database", "SQL_ALCHEMY_CONN")

[2026-02-16T18:17:05.512+0000] {task_command.py:467} INFO - Running <TaskInstance: date_load_postgres.load_date_csv_to_postgres scheduled__2026-02-14T10:00:00+00:00 [running]> on host 80c391c4cc85
[2026-02-16T18:17:05.512+0000] {warnings.py:109} WARNING - /home/***/.local/lib/python3.9/site-packages/***/settings.py:470: DeprecationWarning: The sql_alchemy_conn option in [core] has been moved to the sql_alchemy_conn option in [database] - the old setting has been used, but please update your config.
  if conf.get("database", "sql_alchemy_conn") == "none://":

[2026-02-16T18:17:05.559+0000] {taskinstance.py:3134} INFO - Exporting env vars: AIRFLOW_CTX_DAG_OWNER='a.sorokin' AIRFLOW_CTX_DAG_ID='date_load_postgres' AIRFLOW_CTX_TASK_ID='load_date_csv_to_postgres' AIRFLOW_CTX_EXECUTION_DATE='2026-02-14T10:00:00+00:00' AIRFLOW_CTX_TRY_NUMBER='2' AIRFLOW_CTX_DAG_RUN_ID='scheduled__2026-02-14T10:00:00+00:00'
[2026-02-16T18:17:05.559+0000] {taskinstance.py:732} INFO - ::endgroup::
[2026-02-16T18:17:05.579+0000] {base.py:84} INFO - Retrieving connection '***-db'
[2026-02-16T18:17:05.596+0000] {logging_mixin.py:190} INFO - Данные успешно загружены в таблицу date_raw_data
[2026-02-16T18:17:05.596+0000] {python.py:240} INFO - Done. Returned value was: None
[2026-02-16T18:17:05.602+0000] {taskinstance.py:341} INFO - ::group::Post task execution logs
[2026-02-16T18:17:05.602+0000] {taskinstance.py:353} INFO - Marking task as SUCCESS. dag_id=date_load_***, task_id=load_date_csv_to_***, run_id=scheduled__2026-02-14T10:00:00+00:00, execution_date=20260214T100000, start_date=20260216T181705, end_date=20260216T181705
[2026-02-16T18:17:05.653+0000] {local_task_job_runner.py:266} INFO - Task exited with return code 0
[2026-02-16T18:17:05.665+0000] {taskinstance.py:3901} INFO - 0 downstream tasks scheduled from follow-on schedule check
[2026-02-16T18:17:05.666+0000] {local_task_job_runner.py:245} INFO - ::endgroup::
