[2026-02-14T16:30:13.406+0000] {local_task_job_runner.py:123} INFO - ::group::Pre task execution logs
[2026-02-14T16:30:13.423+0000] {taskinstance.py:2614} INFO - Dependencies all met for dep_context=non-requeueable deps ti=<TaskInstance: parse_iot.check_download_complete scheduled__2026-01-30T10:00:00+00:00 [queued]>
[2026-02-14T16:30:13.430+0000] {taskinstance.py:2614} INFO - Dependencies all met for dep_context=requeueable deps ti=<TaskInstance: parse_iot.check_download_complete scheduled__2026-01-30T10:00:00+00:00 [queued]>
[2026-02-14T16:30:13.430+0000] {taskinstance.py:2867} INFO - Starting attempt 1 of 4
[2026-02-14T16:30:13.437+0000] {taskinstance.py:2890} INFO - Executing <Task(ExternalTaskSensor): check_download_complete> on 2026-01-30 10:00:00+00:00
[2026-02-14T16:30:13.441+0000] {standard_task_runner.py:72} INFO - Started process 87 to run task
[2026-02-14T16:30:13.443+0000] {standard_task_runner.py:104} INFO - Running: ['***', 'tasks', 'run', 'parse_iot', 'check_download_complete', 'scheduled__2026-01-30T10:00:00+00:00', '--job-id', '5', '--raw', '--subdir', 'DAGS_FOLDER/parse_iot.py', '--cfg-path', '/tmp/tmp59tvacho']
[2026-02-14T16:30:13.445+0000] {standard_task_runner.py:105} INFO - Job 5: Subtask check_download_complete
[2026-02-14T16:30:13.454+0000] {warnings.py:109} WARNING - /home/***/.local/lib/python3.9/site-packages/***/settings.py:209: DeprecationWarning: The sql_alchemy_conn option in [core] has been moved to the sql_alchemy_conn option in [database] - the old setting has been used, but please update your config.
  SQL_ALCHEMY_CONN = conf.get("database", "SQL_ALCHEMY_CONN")

[2026-02-14T16:30:13.479+0000] {task_command.py:467} INFO - Running <TaskInstance: parse_iot.check_download_complete scheduled__2026-01-30T10:00:00+00:00 [running]> on host a5c4ed865bb5
[2026-02-14T16:30:13.479+0000] {warnings.py:109} WARNING - /home/***/.local/lib/python3.9/site-packages/***/settings.py:470: DeprecationWarning: The sql_alchemy_conn option in [core] has been moved to the sql_alchemy_conn option in [database] - the old setting has been used, but please update your config.
  if conf.get("database", "sql_alchemy_conn") == "none://":

[2026-02-14T16:30:13.529+0000] {taskinstance.py:3134} INFO - Exporting env vars: AIRFLOW_CTX_DAG_OWNER='a.sorokin' AIRFLOW_CTX_DAG_ID='parse_iot' AIRFLOW_CTX_TASK_ID='check_download_complete' AIRFLOW_CTX_EXECUTION_DATE='2026-01-30T10:00:00+00:00' AIRFLOW_CTX_TRY_NUMBER='1' AIRFLOW_CTX_DAG_RUN_ID='scheduled__2026-01-30T10:00:00+00:00'
[2026-02-14T16:30:13.530+0000] {taskinstance.py:732} INFO - ::endgroup::
[2026-02-14T16:30:13.537+0000] {baseoperator.py:423} WARNING - ExternalTaskSensor.execute cannot be called outside TaskInstance!
[2026-02-14T16:30:13.543+0000] {external_task.py:274} INFO - Poking for DAG 'download_iot' on 2026-01-30T10:00:00+00:00 ... 
[2026-02-14T16:30:13.543+0000] {warnings.py:109} WARNING - /home/***/.local/lib/python3.9/site-packages/***/utils/session.py:97: DeprecationWarning: This method is deprecated and will be removed in future.
  return func(*args, session=session, **kwargs)

[2026-02-14T16:30:13.559+0000] {taskinstance.py:310} INFO - Rescheduling task, marking task as UP_FOR_RESCHEDULE
[2026-02-14T16:30:13.560+0000] {taskinstance.py:341} INFO - ::group::Post task execution logs
[2026-02-14T16:30:13.575+0000] {local_task_job_runner.py:266} INFO - Task exited with return code 0
[2026-02-14T16:30:13.596+0000] {taskinstance.py:3901} INFO - 0 downstream tasks scheduled from follow-on schedule check
[2026-02-14T16:30:13.598+0000] {local_task_job_runner.py:245} INFO - ::endgroup::
[2026-02-14T16:31:14.357+0000] {local_task_job_runner.py:123} INFO - ::group::Pre task execution logs
[2026-02-14T16:31:14.374+0000] {taskinstance.py:2614} INFO - Dependencies all met for dep_context=non-requeueable deps ti=<TaskInstance: parse_iot.check_download_complete scheduled__2026-01-30T10:00:00+00:00 [queued]>
[2026-02-14T16:31:14.381+0000] {taskinstance.py:2614} INFO - Dependencies all met for dep_context=requeueable deps ti=<TaskInstance: parse_iot.check_download_complete scheduled__2026-01-30T10:00:00+00:00 [queued]>
[2026-02-14T16:31:14.381+0000] {taskinstance.py:2867} INFO - Starting attempt 1 of 4
[2026-02-14T16:31:14.389+0000] {taskinstance.py:2890} INFO - Executing <Task(ExternalTaskSensor): check_download_complete> on 2026-01-30 10:00:00+00:00
[2026-02-14T16:31:14.393+0000] {standard_task_runner.py:72} INFO - Started process 207 to run task
[2026-02-14T16:31:14.396+0000] {standard_task_runner.py:104} INFO - Running: ['***', 'tasks', 'run', 'parse_iot', 'check_download_complete', 'scheduled__2026-01-30T10:00:00+00:00', '--job-id', '35', '--raw', '--subdir', 'DAGS_FOLDER/parse_iot.py', '--cfg-path', '/tmp/tmps_ileb2r']
[2026-02-14T16:31:14.397+0000] {standard_task_runner.py:105} INFO - Job 35: Subtask check_download_complete
[2026-02-14T16:31:14.405+0000] {warnings.py:109} WARNING - /home/***/.local/lib/python3.9/site-packages/***/settings.py:209: DeprecationWarning: The sql_alchemy_conn option in [core] has been moved to the sql_alchemy_conn option in [database] - the old setting has been used, but please update your config.
  SQL_ALCHEMY_CONN = conf.get("database", "SQL_ALCHEMY_CONN")

[2026-02-14T16:31:14.428+0000] {task_command.py:467} INFO - Running <TaskInstance: parse_iot.check_download_complete scheduled__2026-01-30T10:00:00+00:00 [running]> on host a5c4ed865bb5
[2026-02-14T16:31:14.428+0000] {warnings.py:109} WARNING - /home/***/.local/lib/python3.9/site-packages/***/settings.py:470: DeprecationWarning: The sql_alchemy_conn option in [core] has been moved to the sql_alchemy_conn option in [database] - the old setting has been used, but please update your config.
  if conf.get("database", "sql_alchemy_conn") == "none://":

[2026-02-14T16:31:14.476+0000] {taskinstance.py:3134} INFO - Exporting env vars: AIRFLOW_CTX_DAG_OWNER='a.sorokin' AIRFLOW_CTX_DAG_ID='parse_iot' AIRFLOW_CTX_TASK_ID='check_download_complete' AIRFLOW_CTX_EXECUTION_DATE='2026-01-30T10:00:00+00:00' AIRFLOW_CTX_TRY_NUMBER='1' AIRFLOW_CTX_DAG_RUN_ID='scheduled__2026-01-30T10:00:00+00:00'
[2026-02-14T16:31:14.476+0000] {taskinstance.py:732} INFO - ::endgroup::
[2026-02-14T16:31:14.484+0000] {baseoperator.py:423} WARNING - ExternalTaskSensor.execute cannot be called outside TaskInstance!
[2026-02-14T16:31:14.490+0000] {external_task.py:274} INFO - Poking for DAG 'download_iot' on 2026-01-30T10:00:00+00:00 ... 
[2026-02-14T16:31:14.490+0000] {warnings.py:109} WARNING - /home/***/.local/lib/python3.9/site-packages/***/utils/session.py:97: DeprecationWarning: This method is deprecated and will be removed in future.
  return func(*args, session=session, **kwargs)

[2026-02-14T16:31:14.496+0000] {base.py:339} INFO - Success criteria met. Exiting.
[2026-02-14T16:31:14.502+0000] {taskinstance.py:341} INFO - ::group::Post task execution logs
[2026-02-14T16:31:14.502+0000] {taskinstance.py:353} INFO - Marking task as SUCCESS. dag_id=parse_iot, task_id=check_download_complete, run_id=scheduled__2026-01-30T10:00:00+00:00, execution_date=20260130T100000, start_date=20260214T163114, end_date=20260214T163114
[2026-02-14T16:31:14.527+0000] {local_task_job_runner.py:266} INFO - Task exited with return code 0
[2026-02-14T16:31:14.546+0000] {taskinstance.py:3901} INFO - 1 downstream tasks scheduled from follow-on schedule check
[2026-02-14T16:31:14.547+0000] {local_task_job_runner.py:245} INFO - ::endgroup::
[2026-02-14T17:47:31.348+0000] {local_task_job_runner.py:123} INFO - ::group::Pre task execution logs
[2026-02-14T17:47:31.362+0000] {taskinstance.py:2614} INFO - Dependencies all met for dep_context=non-requeueable deps ti=<TaskInstance: parse_iot.check_download_complete scheduled__2026-01-30T10:00:00+00:00 [queued]>
[2026-02-14T17:47:31.368+0000] {taskinstance.py:2614} INFO - Dependencies all met for dep_context=requeueable deps ti=<TaskInstance: parse_iot.check_download_complete scheduled__2026-01-30T10:00:00+00:00 [queued]>
[2026-02-14T17:47:31.368+0000] {taskinstance.py:2867} INFO - Starting attempt 1 of 4
[2026-02-14T17:47:31.375+0000] {taskinstance.py:2890} INFO - Executing <Task(ExternalTaskSensor): check_download_complete> on 2026-01-30 10:00:00+00:00
[2026-02-14T17:47:31.379+0000] {standard_task_runner.py:72} INFO - Started process 138 to run task
[2026-02-14T17:47:31.381+0000] {standard_task_runner.py:104} INFO - Running: ['***', 'tasks', 'run', 'parse_iot', 'check_download_complete', 'scheduled__2026-01-30T10:00:00+00:00', '--job-id', '18', '--raw', '--subdir', 'DAGS_FOLDER/parse_iot.py', '--cfg-path', '/tmp/tmpzq09tmae']
[2026-02-14T17:47:31.382+0000] {standard_task_runner.py:105} INFO - Job 18: Subtask check_download_complete
[2026-02-14T17:47:31.390+0000] {warnings.py:109} WARNING - /home/***/.local/lib/python3.9/site-packages/***/settings.py:209: DeprecationWarning: The sql_alchemy_conn option in [core] has been moved to the sql_alchemy_conn option in [database] - the old setting has been used, but please update your config.
  SQL_ALCHEMY_CONN = conf.get("database", "SQL_ALCHEMY_CONN")

[2026-02-14T17:47:31.411+0000] {task_command.py:467} INFO - Running <TaskInstance: parse_iot.check_download_complete scheduled__2026-01-30T10:00:00+00:00 [running]> on host 9052c134cdec
[2026-02-14T17:47:31.411+0000] {warnings.py:109} WARNING - /home/***/.local/lib/python3.9/site-packages/***/settings.py:470: DeprecationWarning: The sql_alchemy_conn option in [core] has been moved to the sql_alchemy_conn option in [database] - the old setting has been used, but please update your config.
  if conf.get("database", "sql_alchemy_conn") == "none://":

[2026-02-14T17:47:31.458+0000] {taskinstance.py:3134} INFO - Exporting env vars: AIRFLOW_CTX_DAG_OWNER='a.sorokin' AIRFLOW_CTX_DAG_ID='parse_iot' AIRFLOW_CTX_TASK_ID='check_download_complete' AIRFLOW_CTX_EXECUTION_DATE='2026-01-30T10:00:00+00:00' AIRFLOW_CTX_TRY_NUMBER='1' AIRFLOW_CTX_DAG_RUN_ID='scheduled__2026-01-30T10:00:00+00:00'
[2026-02-14T17:47:31.458+0000] {taskinstance.py:732} INFO - ::endgroup::
[2026-02-14T17:47:31.466+0000] {baseoperator.py:423} WARNING - ExternalTaskSensor.execute cannot be called outside TaskInstance!
[2026-02-14T17:47:31.472+0000] {external_task.py:274} INFO - Poking for DAG 'download_iot' on 2026-01-30T10:00:00+00:00 ... 
[2026-02-14T17:47:31.473+0000] {warnings.py:109} WARNING - /home/***/.local/lib/python3.9/site-packages/***/utils/session.py:97: DeprecationWarning: This method is deprecated and will be removed in future.
  return func(*args, session=session, **kwargs)

[2026-02-14T17:47:31.488+0000] {taskinstance.py:310} INFO - Rescheduling task, marking task as UP_FOR_RESCHEDULE
[2026-02-14T17:47:31.488+0000] {taskinstance.py:341} INFO - ::group::Post task execution logs
[2026-02-14T17:47:31.513+0000] {local_task_job_runner.py:266} INFO - Task exited with return code 0
[2026-02-14T17:47:31.532+0000] {taskinstance.py:3901} INFO - 0 downstream tasks scheduled from follow-on schedule check
[2026-02-14T17:47:31.533+0000] {local_task_job_runner.py:245} INFO - ::endgroup::
[2026-02-14T17:48:33.193+0000] {local_task_job_runner.py:123} INFO - ::group::Pre task execution logs
[2026-02-14T17:48:33.211+0000] {taskinstance.py:2614} INFO - Dependencies all met for dep_context=non-requeueable deps ti=<TaskInstance: parse_iot.check_download_complete scheduled__2026-01-30T10:00:00+00:00 [queued]>
[2026-02-14T17:48:33.219+0000] {taskinstance.py:2614} INFO - Dependencies all met for dep_context=requeueable deps ti=<TaskInstance: parse_iot.check_download_complete scheduled__2026-01-30T10:00:00+00:00 [queued]>
[2026-02-14T17:48:33.219+0000] {taskinstance.py:2867} INFO - Starting attempt 1 of 4
[2026-02-14T17:48:33.227+0000] {taskinstance.py:2890} INFO - Executing <Task(ExternalTaskSensor): check_download_complete> on 2026-01-30 10:00:00+00:00
[2026-02-14T17:48:33.232+0000] {standard_task_runner.py:72} INFO - Started process 251 to run task
[2026-02-14T17:48:33.234+0000] {standard_task_runner.py:104} INFO - Running: ['***', 'tasks', 'run', 'parse_iot', 'check_download_complete', 'scheduled__2026-01-30T10:00:00+00:00', '--job-id', '46', '--raw', '--subdir', 'DAGS_FOLDER/parse_iot.py', '--cfg-path', '/tmp/tmplqtx91zk']
[2026-02-14T17:48:33.236+0000] {standard_task_runner.py:105} INFO - Job 46: Subtask check_download_complete
[2026-02-14T17:48:33.245+0000] {warnings.py:109} WARNING - /home/***/.local/lib/python3.9/site-packages/***/settings.py:209: DeprecationWarning: The sql_alchemy_conn option in [core] has been moved to the sql_alchemy_conn option in [database] - the old setting has been used, but please update your config.
  SQL_ALCHEMY_CONN = conf.get("database", "SQL_ALCHEMY_CONN")

[2026-02-14T17:48:33.270+0000] {task_command.py:467} INFO - Running <TaskInstance: parse_iot.check_download_complete scheduled__2026-01-30T10:00:00+00:00 [running]> on host 9052c134cdec
[2026-02-14T17:48:33.270+0000] {warnings.py:109} WARNING - /home/***/.local/lib/python3.9/site-packages/***/settings.py:470: DeprecationWarning: The sql_alchemy_conn option in [core] has been moved to the sql_alchemy_conn option in [database] - the old setting has been used, but please update your config.
  if conf.get("database", "sql_alchemy_conn") == "none://":

[2026-02-14T17:48:33.332+0000] {taskinstance.py:3134} INFO - Exporting env vars: AIRFLOW_CTX_DAG_OWNER='a.sorokin' AIRFLOW_CTX_DAG_ID='parse_iot' AIRFLOW_CTX_TASK_ID='check_download_complete' AIRFLOW_CTX_EXECUTION_DATE='2026-01-30T10:00:00+00:00' AIRFLOW_CTX_TRY_NUMBER='1' AIRFLOW_CTX_DAG_RUN_ID='scheduled__2026-01-30T10:00:00+00:00'
[2026-02-14T17:48:33.333+0000] {taskinstance.py:732} INFO - ::endgroup::
[2026-02-14T17:48:33.341+0000] {baseoperator.py:423} WARNING - ExternalTaskSensor.execute cannot be called outside TaskInstance!
[2026-02-14T17:48:33.349+0000] {external_task.py:274} INFO - Poking for DAG 'download_iot' on 2026-01-30T10:00:00+00:00 ... 
[2026-02-14T17:48:33.349+0000] {warnings.py:109} WARNING - /home/***/.local/lib/python3.9/site-packages/***/utils/session.py:97: DeprecationWarning: This method is deprecated and will be removed in future.
  return func(*args, session=session, **kwargs)

[2026-02-14T17:48:33.356+0000] {base.py:339} INFO - Success criteria met. Exiting.
[2026-02-14T17:48:33.363+0000] {taskinstance.py:341} INFO - ::group::Post task execution logs
[2026-02-14T17:48:33.363+0000] {taskinstance.py:353} INFO - Marking task as SUCCESS. dag_id=parse_iot, task_id=check_download_complete, run_id=scheduled__2026-01-30T10:00:00+00:00, execution_date=20260130T100000, start_date=20260214T174833, end_date=20260214T174833
[2026-02-14T17:48:33.406+0000] {local_task_job_runner.py:266} INFO - Task exited with return code 0
[2026-02-14T17:48:33.426+0000] {taskinstance.py:3901} INFO - 1 downstream tasks scheduled from follow-on schedule check
[2026-02-14T17:48:33.427+0000] {local_task_job_runner.py:245} INFO - ::endgroup::
[2026-02-14T18:12:35.354+0000] {local_task_job_runner.py:123} INFO - ::group::Pre task execution logs
[2026-02-14T18:12:35.371+0000] {taskinstance.py:2614} INFO - Dependencies all met for dep_context=non-requeueable deps ti=<TaskInstance: parse_iot.check_download_complete scheduled__2026-01-30T10:00:00+00:00 [queued]>
[2026-02-14T18:12:35.378+0000] {taskinstance.py:2614} INFO - Dependencies all met for dep_context=requeueable deps ti=<TaskInstance: parse_iot.check_download_complete scheduled__2026-01-30T10:00:00+00:00 [queued]>
[2026-02-14T18:12:35.378+0000] {taskinstance.py:2867} INFO - Starting attempt 1 of 4
[2026-02-14T18:12:35.385+0000] {taskinstance.py:2890} INFO - Executing <Task(ExternalTaskSensor): check_download_complete> on 2026-01-30 10:00:00+00:00
[2026-02-14T18:12:35.390+0000] {standard_task_runner.py:72} INFO - Started process 90 to run task
[2026-02-14T18:12:35.392+0000] {standard_task_runner.py:104} INFO - Running: ['***', 'tasks', 'run', 'parse_iot', 'check_download_complete', 'scheduled__2026-01-30T10:00:00+00:00', '--job-id', '6', '--raw', '--subdir', 'DAGS_FOLDER/parse_iot.py', '--cfg-path', '/tmp/tmplf0bx4jc']
[2026-02-14T18:12:35.393+0000] {standard_task_runner.py:105} INFO - Job 6: Subtask check_download_complete
[2026-02-14T18:12:35.401+0000] {warnings.py:109} WARNING - /home/***/.local/lib/python3.9/site-packages/***/settings.py:209: DeprecationWarning: The sql_alchemy_conn option in [core] has been moved to the sql_alchemy_conn option in [database] - the old setting has been used, but please update your config.
  SQL_ALCHEMY_CONN = conf.get("database", "SQL_ALCHEMY_CONN")

[2026-02-14T18:12:35.425+0000] {task_command.py:467} INFO - Running <TaskInstance: parse_iot.check_download_complete scheduled__2026-01-30T10:00:00+00:00 [running]> on host bb762b62a2c2
[2026-02-14T18:12:35.426+0000] {warnings.py:109} WARNING - /home/***/.local/lib/python3.9/site-packages/***/settings.py:470: DeprecationWarning: The sql_alchemy_conn option in [core] has been moved to the sql_alchemy_conn option in [database] - the old setting has been used, but please update your config.
  if conf.get("database", "sql_alchemy_conn") == "none://":

[2026-02-14T18:12:35.475+0000] {taskinstance.py:3134} INFO - Exporting env vars: AIRFLOW_CTX_DAG_OWNER='a.sorokin' AIRFLOW_CTX_DAG_ID='parse_iot' AIRFLOW_CTX_TASK_ID='check_download_complete' AIRFLOW_CTX_EXECUTION_DATE='2026-01-30T10:00:00+00:00' AIRFLOW_CTX_TRY_NUMBER='1' AIRFLOW_CTX_DAG_RUN_ID='scheduled__2026-01-30T10:00:00+00:00'
[2026-02-14T18:12:35.476+0000] {taskinstance.py:732} INFO - ::endgroup::
[2026-02-14T18:12:35.483+0000] {baseoperator.py:423} WARNING - ExternalTaskSensor.execute cannot be called outside TaskInstance!
[2026-02-14T18:12:35.490+0000] {external_task.py:274} INFO - Poking for DAG 'download_iot' on 2026-01-30T10:00:00+00:00 ... 
[2026-02-14T18:12:35.490+0000] {warnings.py:109} WARNING - /home/***/.local/lib/python3.9/site-packages/***/utils/session.py:97: DeprecationWarning: This method is deprecated and will be removed in future.
  return func(*args, session=session, **kwargs)

[2026-02-14T18:12:35.496+0000] {base.py:339} INFO - Success criteria met. Exiting.
[2026-02-14T18:12:35.502+0000] {taskinstance.py:341} INFO - ::group::Post task execution logs
[2026-02-14T18:12:35.503+0000] {taskinstance.py:353} INFO - Marking task as SUCCESS. dag_id=parse_iot, task_id=check_download_complete, run_id=scheduled__2026-01-30T10:00:00+00:00, execution_date=20260130T100000, start_date=20260214T181235, end_date=20260214T181235
[2026-02-14T18:12:35.564+0000] {local_task_job_runner.py:266} INFO - Task exited with return code 0
[2026-02-14T18:12:35.583+0000] {taskinstance.py:3901} INFO - 1 downstream tasks scheduled from follow-on schedule check
[2026-02-14T18:12:35.589+0000] {local_task_job_runner.py:245} INFO - ::endgroup::
[2026-02-16T14:44:28.982+0000] {local_task_job_runner.py:123} INFO - ::group::Pre task execution logs
[2026-02-16T14:44:28.997+0000] {taskinstance.py:2614} INFO - Dependencies all met for dep_context=non-requeueable deps ti=<TaskInstance: parse_iot.check_download_complete scheduled__2026-01-30T10:00:00+00:00 [queued]>
[2026-02-16T14:44:29.003+0000] {taskinstance.py:2614} INFO - Dependencies all met for dep_context=requeueable deps ti=<TaskInstance: parse_iot.check_download_complete scheduled__2026-01-30T10:00:00+00:00 [queued]>
[2026-02-16T14:44:29.004+0000] {taskinstance.py:2867} INFO - Starting attempt 1 of 4
[2026-02-16T14:44:29.012+0000] {taskinstance.py:2890} INFO - Executing <Task(ExternalTaskSensor): check_download_complete> on 2026-01-30 10:00:00+00:00
[2026-02-16T14:44:29.016+0000] {standard_task_runner.py:72} INFO - Started process 103 to run task
[2026-02-16T14:44:29.019+0000] {standard_task_runner.py:104} INFO - Running: ['***', 'tasks', 'run', 'parse_iot', 'check_download_complete', 'scheduled__2026-01-30T10:00:00+00:00', '--job-id', '3', '--raw', '--subdir', 'DAGS_FOLDER/parse_iot.py', '--cfg-path', '/tmp/tmpwu4d_59f']
[2026-02-16T14:44:29.020+0000] {standard_task_runner.py:105} INFO - Job 3: Subtask check_download_complete
[2026-02-16T14:44:29.033+0000] {warnings.py:109} WARNING - /home/***/.local/lib/python3.9/site-packages/***/settings.py:209: DeprecationWarning: The sql_alchemy_conn option in [core] has been moved to the sql_alchemy_conn option in [database] - the old setting has been used, but please update your config.
  SQL_ALCHEMY_CONN = conf.get("database", "SQL_ALCHEMY_CONN")

[2026-02-16T14:44:29.058+0000] {task_command.py:467} INFO - Running <TaskInstance: parse_iot.check_download_complete scheduled__2026-01-30T10:00:00+00:00 [running]> on host cd96c4fa192f
[2026-02-16T14:44:29.059+0000] {warnings.py:109} WARNING - /home/***/.local/lib/python3.9/site-packages/***/settings.py:470: DeprecationWarning: The sql_alchemy_conn option in [core] has been moved to the sql_alchemy_conn option in [database] - the old setting has been used, but please update your config.
  if conf.get("database", "sql_alchemy_conn") == "none://":

[2026-02-16T14:44:29.109+0000] {taskinstance.py:3134} INFO - Exporting env vars: AIRFLOW_CTX_DAG_OWNER='a.sorokin' AIRFLOW_CTX_DAG_ID='parse_iot' AIRFLOW_CTX_TASK_ID='check_download_complete' AIRFLOW_CTX_EXECUTION_DATE='2026-01-30T10:00:00+00:00' AIRFLOW_CTX_TRY_NUMBER='1' AIRFLOW_CTX_DAG_RUN_ID='scheduled__2026-01-30T10:00:00+00:00'
[2026-02-16T14:44:29.109+0000] {taskinstance.py:732} INFO - ::endgroup::
[2026-02-16T14:44:29.117+0000] {baseoperator.py:423} WARNING - ExternalTaskSensor.execute cannot be called outside TaskInstance!
[2026-02-16T14:44:29.123+0000] {external_task.py:274} INFO - Poking for DAG 'download_iot' on 2026-01-30T10:00:00+00:00 ... 
[2026-02-16T14:44:29.123+0000] {warnings.py:109} WARNING - /home/***/.local/lib/python3.9/site-packages/***/utils/session.py:97: DeprecationWarning: This method is deprecated and will be removed in future.
  return func(*args, session=session, **kwargs)

[2026-02-16T14:44:29.312+0000] {taskinstance.py:310} INFO - Rescheduling task, marking task as UP_FOR_RESCHEDULE
[2026-02-16T14:44:29.313+0000] {taskinstance.py:341} INFO - ::group::Post task execution logs
[2026-02-16T14:44:29.351+0000] {local_task_job_runner.py:266} INFO - Task exited with return code 0
[2026-02-16T14:44:29.377+0000] {taskinstance.py:3901} INFO - 0 downstream tasks scheduled from follow-on schedule check
[2026-02-16T14:44:29.378+0000] {local_task_job_runner.py:245} INFO - ::endgroup::
[2026-02-16T14:45:30.556+0000] {local_task_job_runner.py:123} INFO - ::group::Pre task execution logs
[2026-02-16T14:45:30.573+0000] {taskinstance.py:2614} INFO - Dependencies all met for dep_context=non-requeueable deps ti=<TaskInstance: parse_iot.check_download_complete scheduled__2026-01-30T10:00:00+00:00 [queued]>
[2026-02-16T14:45:30.581+0000] {taskinstance.py:2614} INFO - Dependencies all met for dep_context=requeueable deps ti=<TaskInstance: parse_iot.check_download_complete scheduled__2026-01-30T10:00:00+00:00 [queued]>
[2026-02-16T14:45:30.581+0000] {taskinstance.py:2867} INFO - Starting attempt 1 of 4
[2026-02-16T14:45:30.590+0000] {taskinstance.py:2890} INFO - Executing <Task(ExternalTaskSensor): check_download_complete> on 2026-01-30 10:00:00+00:00
[2026-02-16T14:45:30.594+0000] {standard_task_runner.py:72} INFO - Started process 238 to run task
[2026-02-16T14:45:30.597+0000] {standard_task_runner.py:104} INFO - Running: ['***', 'tasks', 'run', 'parse_iot', 'check_download_complete', 'scheduled__2026-01-30T10:00:00+00:00', '--job-id', '37', '--raw', '--subdir', 'DAGS_FOLDER/parse_iot.py', '--cfg-path', '/tmp/tmpjp2tkml3']
[2026-02-16T14:45:30.599+0000] {standard_task_runner.py:105} INFO - Job 37: Subtask check_download_complete
[2026-02-16T14:45:30.608+0000] {warnings.py:109} WARNING - /home/***/.local/lib/python3.9/site-packages/***/settings.py:209: DeprecationWarning: The sql_alchemy_conn option in [core] has been moved to the sql_alchemy_conn option in [database] - the old setting has been used, but please update your config.
  SQL_ALCHEMY_CONN = conf.get("database", "SQL_ALCHEMY_CONN")

[2026-02-16T14:45:30.631+0000] {task_command.py:467} INFO - Running <TaskInstance: parse_iot.check_download_complete scheduled__2026-01-30T10:00:00+00:00 [running]> on host cd96c4fa192f
[2026-02-16T14:45:30.632+0000] {warnings.py:109} WARNING - /home/***/.local/lib/python3.9/site-packages/***/settings.py:470: DeprecationWarning: The sql_alchemy_conn option in [core] has been moved to the sql_alchemy_conn option in [database] - the old setting has been used, but please update your config.
  if conf.get("database", "sql_alchemy_conn") == "none://":

[2026-02-16T14:45:30.681+0000] {taskinstance.py:3134} INFO - Exporting env vars: AIRFLOW_CTX_DAG_OWNER='a.sorokin' AIRFLOW_CTX_DAG_ID='parse_iot' AIRFLOW_CTX_TASK_ID='check_download_complete' AIRFLOW_CTX_EXECUTION_DATE='2026-01-30T10:00:00+00:00' AIRFLOW_CTX_TRY_NUMBER='1' AIRFLOW_CTX_DAG_RUN_ID='scheduled__2026-01-30T10:00:00+00:00'
[2026-02-16T14:45:30.682+0000] {taskinstance.py:732} INFO - ::endgroup::
[2026-02-16T14:45:30.689+0000] {baseoperator.py:423} WARNING - ExternalTaskSensor.execute cannot be called outside TaskInstance!
[2026-02-16T14:45:30.695+0000] {external_task.py:274} INFO - Poking for DAG 'download_iot' on 2026-01-30T10:00:00+00:00 ... 
[2026-02-16T14:45:30.696+0000] {warnings.py:109} WARNING - /home/***/.local/lib/python3.9/site-packages/***/utils/session.py:97: DeprecationWarning: This method is deprecated and will be removed in future.
  return func(*args, session=session, **kwargs)

[2026-02-16T14:45:30.702+0000] {base.py:339} INFO - Success criteria met. Exiting.
[2026-02-16T14:45:30.710+0000] {taskinstance.py:341} INFO - ::group::Post task execution logs
[2026-02-16T14:45:30.710+0000] {taskinstance.py:353} INFO - Marking task as SUCCESS. dag_id=parse_iot, task_id=check_download_complete, run_id=scheduled__2026-01-30T10:00:00+00:00, execution_date=20260130T100000, start_date=20260216T144530, end_date=20260216T144530
[2026-02-16T14:45:30.769+0000] {local_task_job_runner.py:266} INFO - Task exited with return code 0
[2026-02-16T14:45:30.787+0000] {taskinstance.py:3901} INFO - 1 downstream tasks scheduled from follow-on schedule check
[2026-02-16T14:45:30.788+0000] {local_task_job_runner.py:245} INFO - ::endgroup::
