[2026-02-14T16:34:13.040+0000] {local_task_job_runner.py:123} INFO - ::group::Pre task execution logs
[2026-02-14T16:34:13.056+0000] {taskinstance.py:2614} INFO - Dependencies all met for dep_context=non-requeueable deps ti=<TaskInstance: parse_iot.clean_data scheduled__2026-02-13T10:00:00+00:00 [queued]>
[2026-02-14T16:34:13.063+0000] {taskinstance.py:2614} INFO - Dependencies all met for dep_context=requeueable deps ti=<TaskInstance: parse_iot.clean_data scheduled__2026-02-13T10:00:00+00:00 [queued]>
[2026-02-14T16:34:13.063+0000] {taskinstance.py:2867} INFO - Starting attempt 1 of 4
[2026-02-14T16:34:13.069+0000] {taskinstance.py:2890} INFO - Executing <Task(PythonOperator): clean_data> on 2026-02-13 10:00:00+00:00
[2026-02-14T16:34:13.074+0000] {standard_task_runner.py:72} INFO - Started process 567 to run task
[2026-02-14T16:34:13.076+0000] {standard_task_runner.py:104} INFO - Running: ['***', 'tasks', 'run', 'parse_iot', 'clean_data', 'scheduled__2026-02-13T10:00:00+00:00', '--job-id', '125', '--raw', '--subdir', 'DAGS_FOLDER/parse_iot.py', '--cfg-path', '/tmp/tmpfieyre77']
[2026-02-14T16:34:13.077+0000] {standard_task_runner.py:105} INFO - Job 125: Subtask clean_data
[2026-02-14T16:34:13.085+0000] {warnings.py:109} WARNING - /home/***/.local/lib/python3.9/site-packages/***/settings.py:209: DeprecationWarning: The sql_alchemy_conn option in [core] has been moved to the sql_alchemy_conn option in [database] - the old setting has been used, but please update your config.
  SQL_ALCHEMY_CONN = conf.get("database", "SQL_ALCHEMY_CONN")

[2026-02-14T16:34:13.106+0000] {task_command.py:467} INFO - Running <TaskInstance: parse_iot.clean_data scheduled__2026-02-13T10:00:00+00:00 [running]> on host a5c4ed865bb5
[2026-02-14T16:34:13.106+0000] {warnings.py:109} WARNING - /home/***/.local/lib/python3.9/site-packages/***/settings.py:470: DeprecationWarning: The sql_alchemy_conn option in [core] has been moved to the sql_alchemy_conn option in [database] - the old setting has been used, but please update your config.
  if conf.get("database", "sql_alchemy_conn") == "none://":

[2026-02-14T16:34:13.148+0000] {taskinstance.py:3134} INFO - Exporting env vars: AIRFLOW_CTX_DAG_OWNER='a.sorokin' AIRFLOW_CTX_DAG_ID='parse_iot' AIRFLOW_CTX_TASK_ID='clean_data' AIRFLOW_CTX_EXECUTION_DATE='2026-02-13T10:00:00+00:00' AIRFLOW_CTX_TRY_NUMBER='1' AIRFLOW_CTX_DAG_RUN_ID='scheduled__2026-02-13T10:00:00+00:00'
[2026-02-14T16:34:13.148+0000] {taskinstance.py:732} INFO - ::endgroup::
[2026-02-14T16:34:21.575+0000] {python.py:240} INFO - Done. Returned value was: None
[2026-02-14T16:34:21.581+0000] {taskinstance.py:341} INFO - ::group::Post task execution logs
[2026-02-14T16:34:21.582+0000] {taskinstance.py:353} INFO - Marking task as SUCCESS. dag_id=parse_iot, task_id=clean_data, run_id=scheduled__2026-02-13T10:00:00+00:00, execution_date=20260213T100000, start_date=20260214T163413, end_date=20260214T163421
[2026-02-14T16:34:21.614+0000] {local_task_job_runner.py:266} INFO - Task exited with return code 0
[2026-02-14T16:34:21.631+0000] {taskinstance.py:3901} INFO - 0 downstream tasks scheduled from follow-on schedule check
[2026-02-14T16:34:21.632+0000] {local_task_job_runner.py:245} INFO - ::endgroup::
[2026-02-14T17:51:48.636+0000] {local_task_job_runner.py:123} INFO - ::group::Pre task execution logs
[2026-02-14T17:51:48.654+0000] {taskinstance.py:2614} INFO - Dependencies all met for dep_context=non-requeueable deps ti=<TaskInstance: parse_iot.clean_data scheduled__2026-02-13T10:00:00+00:00 [queued]>
[2026-02-14T17:51:48.662+0000] {taskinstance.py:2614} INFO - Dependencies all met for dep_context=requeueable deps ti=<TaskInstance: parse_iot.clean_data scheduled__2026-02-13T10:00:00+00:00 [queued]>
[2026-02-14T17:51:48.662+0000] {taskinstance.py:2867} INFO - Starting attempt 1 of 4
[2026-02-14T17:51:48.670+0000] {taskinstance.py:2890} INFO - Executing <Task(PythonOperator): clean_data> on 2026-02-13 10:00:00+00:00
[2026-02-14T17:51:48.675+0000] {standard_task_runner.py:72} INFO - Started process 651 to run task
[2026-02-14T17:51:48.677+0000] {standard_task_runner.py:104} INFO - Running: ['***', 'tasks', 'run', 'parse_iot', 'clean_data', 'scheduled__2026-02-13T10:00:00+00:00', '--job-id', '146', '--raw', '--subdir', 'DAGS_FOLDER/parse_iot.py', '--cfg-path', '/tmp/tmpzdew7v4n']
[2026-02-14T17:51:48.679+0000] {standard_task_runner.py:105} INFO - Job 146: Subtask clean_data
[2026-02-14T17:51:48.688+0000] {warnings.py:109} WARNING - /home/***/.local/lib/python3.9/site-packages/***/settings.py:209: DeprecationWarning: The sql_alchemy_conn option in [core] has been moved to the sql_alchemy_conn option in [database] - the old setting has been used, but please update your config.
  SQL_ALCHEMY_CONN = conf.get("database", "SQL_ALCHEMY_CONN")

[2026-02-14T17:51:48.713+0000] {task_command.py:467} INFO - Running <TaskInstance: parse_iot.clean_data scheduled__2026-02-13T10:00:00+00:00 [running]> on host 9052c134cdec
[2026-02-14T17:51:48.714+0000] {warnings.py:109} WARNING - /home/***/.local/lib/python3.9/site-packages/***/settings.py:470: DeprecationWarning: The sql_alchemy_conn option in [core] has been moved to the sql_alchemy_conn option in [database] - the old setting has been used, but please update your config.
  if conf.get("database", "sql_alchemy_conn") == "none://":

[2026-02-14T17:51:48.765+0000] {taskinstance.py:3134} INFO - Exporting env vars: AIRFLOW_CTX_DAG_OWNER='a.sorokin' AIRFLOW_CTX_DAG_ID='parse_iot' AIRFLOW_CTX_TASK_ID='clean_data' AIRFLOW_CTX_EXECUTION_DATE='2026-02-13T10:00:00+00:00' AIRFLOW_CTX_TRY_NUMBER='1' AIRFLOW_CTX_DAG_RUN_ID='scheduled__2026-02-13T10:00:00+00:00'
[2026-02-14T17:51:48.766+0000] {taskinstance.py:732} INFO - ::endgroup::
[2026-02-14T17:51:57.737+0000] {python.py:240} INFO - Done. Returned value was: None
[2026-02-14T17:51:57.743+0000] {taskinstance.py:341} INFO - ::group::Post task execution logs
[2026-02-14T17:51:57.744+0000] {taskinstance.py:353} INFO - Marking task as SUCCESS. dag_id=parse_iot, task_id=clean_data, run_id=scheduled__2026-02-13T10:00:00+00:00, execution_date=20260213T100000, start_date=20260214T175148, end_date=20260214T175157
[2026-02-14T17:51:57.823+0000] {local_task_job_runner.py:266} INFO - Task exited with return code 0
[2026-02-14T17:51:57.841+0000] {taskinstance.py:3901} INFO - 0 downstream tasks scheduled from follow-on schedule check
[2026-02-14T17:51:57.847+0000] {local_task_job_runner.py:245} INFO - ::endgroup::
[2026-02-14T18:16:32.514+0000] {local_task_job_runner.py:123} INFO - ::group::Pre task execution logs
[2026-02-14T18:16:32.530+0000] {taskinstance.py:2614} INFO - Dependencies all met for dep_context=non-requeueable deps ti=<TaskInstance: parse_iot.clean_data scheduled__2026-02-13T10:00:00+00:00 [queued]>
[2026-02-14T18:16:32.536+0000] {taskinstance.py:2614} INFO - Dependencies all met for dep_context=requeueable deps ti=<TaskInstance: parse_iot.clean_data scheduled__2026-02-13T10:00:00+00:00 [queued]>
[2026-02-14T18:16:32.536+0000] {taskinstance.py:2867} INFO - Starting attempt 1 of 4
[2026-02-14T18:16:32.543+0000] {taskinstance.py:2890} INFO - Executing <Task(PythonOperator): clean_data> on 2026-02-13 10:00:00+00:00
[2026-02-14T18:16:32.548+0000] {standard_task_runner.py:72} INFO - Started process 491 to run task
[2026-02-14T18:16:32.550+0000] {standard_task_runner.py:104} INFO - Running: ['***', 'tasks', 'run', 'parse_iot', 'clean_data', 'scheduled__2026-02-13T10:00:00+00:00', '--job-id', '106', '--raw', '--subdir', 'DAGS_FOLDER/parse_iot.py', '--cfg-path', '/tmp/tmpah3jhv8k']
[2026-02-14T18:16:32.551+0000] {standard_task_runner.py:105} INFO - Job 106: Subtask clean_data
[2026-02-14T18:16:32.560+0000] {warnings.py:109} WARNING - /home/***/.local/lib/python3.9/site-packages/***/settings.py:209: DeprecationWarning: The sql_alchemy_conn option in [core] has been moved to the sql_alchemy_conn option in [database] - the old setting has been used, but please update your config.
  SQL_ALCHEMY_CONN = conf.get("database", "SQL_ALCHEMY_CONN")

[2026-02-14T18:16:32.581+0000] {task_command.py:467} INFO - Running <TaskInstance: parse_iot.clean_data scheduled__2026-02-13T10:00:00+00:00 [running]> on host bb762b62a2c2
[2026-02-14T18:16:32.581+0000] {warnings.py:109} WARNING - /home/***/.local/lib/python3.9/site-packages/***/settings.py:470: DeprecationWarning: The sql_alchemy_conn option in [core] has been moved to the sql_alchemy_conn option in [database] - the old setting has been used, but please update your config.
  if conf.get("database", "sql_alchemy_conn") == "none://":

[2026-02-14T18:16:32.636+0000] {taskinstance.py:3134} INFO - Exporting env vars: AIRFLOW_CTX_DAG_OWNER='a.sorokin' AIRFLOW_CTX_DAG_ID='parse_iot' AIRFLOW_CTX_TASK_ID='clean_data' AIRFLOW_CTX_EXECUTION_DATE='2026-02-13T10:00:00+00:00' AIRFLOW_CTX_TRY_NUMBER='1' AIRFLOW_CTX_DAG_RUN_ID='scheduled__2026-02-13T10:00:00+00:00'
[2026-02-14T18:16:32.637+0000] {taskinstance.py:732} INFO - ::endgroup::
[2026-02-14T18:16:41.345+0000] {python.py:240} INFO - Done. Returned value was: None
[2026-02-14T18:16:41.352+0000] {taskinstance.py:341} INFO - ::group::Post task execution logs
[2026-02-14T18:16:41.352+0000] {taskinstance.py:353} INFO - Marking task as SUCCESS. dag_id=parse_iot, task_id=clean_data, run_id=scheduled__2026-02-13T10:00:00+00:00, execution_date=20260213T100000, start_date=20260214T181632, end_date=20260214T181641
[2026-02-14T18:16:41.412+0000] {local_task_job_runner.py:266} INFO - Task exited with return code 0
[2026-02-14T18:16:41.430+0000] {taskinstance.py:3901} INFO - 0 downstream tasks scheduled from follow-on schedule check
[2026-02-14T18:16:41.431+0000] {local_task_job_runner.py:245} INFO - ::endgroup::
[2026-02-16T14:48:43.156+0000] {local_task_job_runner.py:123} INFO - ::group::Pre task execution logs
[2026-02-16T14:48:43.174+0000] {taskinstance.py:2614} INFO - Dependencies all met for dep_context=non-requeueable deps ti=<TaskInstance: parse_iot.clean_data scheduled__2026-02-13T10:00:00+00:00 [queued]>
[2026-02-16T14:48:43.181+0000] {taskinstance.py:2614} INFO - Dependencies all met for dep_context=requeueable deps ti=<TaskInstance: parse_iot.clean_data scheduled__2026-02-13T10:00:00+00:00 [queued]>
[2026-02-16T14:48:43.181+0000] {taskinstance.py:2867} INFO - Starting attempt 1 of 4
[2026-02-16T14:48:43.187+0000] {taskinstance.py:2890} INFO - Executing <Task(PythonOperator): clean_data> on 2026-02-13 10:00:00+00:00
[2026-02-16T14:48:43.192+0000] {standard_task_runner.py:72} INFO - Started process 646 to run task
[2026-02-16T14:48:43.194+0000] {standard_task_runner.py:104} INFO - Running: ['***', 'tasks', 'run', 'parse_iot', 'clean_data', 'scheduled__2026-02-13T10:00:00+00:00', '--job-id', '139', '--raw', '--subdir', 'DAGS_FOLDER/parse_iot.py', '--cfg-path', '/tmp/tmpa8zydfyk']
[2026-02-16T14:48:43.196+0000] {standard_task_runner.py:105} INFO - Job 139: Subtask clean_data
[2026-02-16T14:48:43.204+0000] {warnings.py:109} WARNING - /home/***/.local/lib/python3.9/site-packages/***/settings.py:209: DeprecationWarning: The sql_alchemy_conn option in [core] has been moved to the sql_alchemy_conn option in [database] - the old setting has been used, but please update your config.
  SQL_ALCHEMY_CONN = conf.get("database", "SQL_ALCHEMY_CONN")

[2026-02-16T14:48:43.226+0000] {task_command.py:467} INFO - Running <TaskInstance: parse_iot.clean_data scheduled__2026-02-13T10:00:00+00:00 [running]> on host cd96c4fa192f
[2026-02-16T14:48:43.226+0000] {warnings.py:109} WARNING - /home/***/.local/lib/python3.9/site-packages/***/settings.py:470: DeprecationWarning: The sql_alchemy_conn option in [core] has been moved to the sql_alchemy_conn option in [database] - the old setting has been used, but please update your config.
  if conf.get("database", "sql_alchemy_conn") == "none://":

[2026-02-16T14:48:43.293+0000] {taskinstance.py:3134} INFO - Exporting env vars: AIRFLOW_CTX_DAG_OWNER='a.sorokin' AIRFLOW_CTX_DAG_ID='parse_iot' AIRFLOW_CTX_TASK_ID='clean_data' AIRFLOW_CTX_EXECUTION_DATE='2026-02-13T10:00:00+00:00' AIRFLOW_CTX_TRY_NUMBER='1' AIRFLOW_CTX_DAG_RUN_ID='scheduled__2026-02-13T10:00:00+00:00'
[2026-02-16T14:48:43.294+0000] {taskinstance.py:732} INFO - ::endgroup::
[2026-02-16T14:48:52.639+0000] {python.py:240} INFO - Done. Returned value was: None
[2026-02-16T14:48:52.646+0000] {taskinstance.py:341} INFO - ::group::Post task execution logs
[2026-02-16T14:48:52.647+0000] {taskinstance.py:353} INFO - Marking task as SUCCESS. dag_id=parse_iot, task_id=clean_data, run_id=scheduled__2026-02-13T10:00:00+00:00, execution_date=20260213T100000, start_date=20260216T144843, end_date=20260216T144852
[2026-02-16T14:48:52.697+0000] {local_task_job_runner.py:266} INFO - Task exited with return code 0
[2026-02-16T14:48:52.717+0000] {taskinstance.py:3901} INFO - 0 downstream tasks scheduled from follow-on schedule check
[2026-02-16T14:48:52.718+0000] {local_task_job_runner.py:245} INFO - ::endgroup::
[2026-02-16T15:18:42.644+0000] {local_task_job_runner.py:123} INFO - ::group::Pre task execution logs
[2026-02-16T15:18:42.661+0000] {taskinstance.py:2614} INFO - Dependencies all met for dep_context=non-requeueable deps ti=<TaskInstance: parse_iot.clean_data scheduled__2026-02-13T10:00:00+00:00 [queued]>
[2026-02-16T15:18:42.667+0000] {taskinstance.py:2614} INFO - Dependencies all met for dep_context=requeueable deps ti=<TaskInstance: parse_iot.clean_data scheduled__2026-02-13T10:00:00+00:00 [queued]>
[2026-02-16T15:18:42.667+0000] {taskinstance.py:2867} INFO - Starting attempt 1 of 4
[2026-02-16T15:18:42.674+0000] {taskinstance.py:2890} INFO - Executing <Task(PythonOperator): clean_data> on 2026-02-13 10:00:00+00:00
[2026-02-16T15:18:42.679+0000] {standard_task_runner.py:72} INFO - Started process 635 to run task
[2026-02-16T15:18:42.681+0000] {standard_task_runner.py:104} INFO - Running: ['***', 'tasks', 'run', 'parse_iot', 'clean_data', 'scheduled__2026-02-13T10:00:00+00:00', '--job-id', '142', '--raw', '--subdir', 'DAGS_FOLDER/parse_iot.py', '--cfg-path', '/tmp/tmpcaramgej']
[2026-02-16T15:18:42.682+0000] {standard_task_runner.py:105} INFO - Job 142: Subtask clean_data
[2026-02-16T15:18:42.691+0000] {warnings.py:109} WARNING - /home/***/.local/lib/python3.9/site-packages/***/settings.py:209: DeprecationWarning: The sql_alchemy_conn option in [core] has been moved to the sql_alchemy_conn option in [database] - the old setting has been used, but please update your config.
  SQL_ALCHEMY_CONN = conf.get("database", "SQL_ALCHEMY_CONN")

[2026-02-16T15:18:42.712+0000] {task_command.py:467} INFO - Running <TaskInstance: parse_iot.clean_data scheduled__2026-02-13T10:00:00+00:00 [running]> on host fbd3e38838e9
[2026-02-16T15:18:42.713+0000] {warnings.py:109} WARNING - /home/***/.local/lib/python3.9/site-packages/***/settings.py:470: DeprecationWarning: The sql_alchemy_conn option in [core] has been moved to the sql_alchemy_conn option in [database] - the old setting has been used, but please update your config.
  if conf.get("database", "sql_alchemy_conn") == "none://":

[2026-02-16T15:18:42.763+0000] {taskinstance.py:3134} INFO - Exporting env vars: AIRFLOW_CTX_DAG_OWNER='a.sorokin' AIRFLOW_CTX_DAG_ID='parse_iot' AIRFLOW_CTX_TASK_ID='clean_data' AIRFLOW_CTX_EXECUTION_DATE='2026-02-13T10:00:00+00:00' AIRFLOW_CTX_TRY_NUMBER='1' AIRFLOW_CTX_DAG_RUN_ID='scheduled__2026-02-13T10:00:00+00:00'
[2026-02-16T15:18:42.764+0000] {taskinstance.py:732} INFO - ::endgroup::
[2026-02-16T15:18:52.182+0000] {python.py:240} INFO - Done. Returned value was: None
[2026-02-16T15:18:52.190+0000] {taskinstance.py:341} INFO - ::group::Post task execution logs
[2026-02-16T15:18:52.190+0000] {taskinstance.py:353} INFO - Marking task as SUCCESS. dag_id=parse_iot, task_id=clean_data, run_id=scheduled__2026-02-13T10:00:00+00:00, execution_date=20260213T100000, start_date=20260216T151842, end_date=20260216T151852
[2026-02-16T15:18:52.340+0000] {local_task_job_runner.py:266} INFO - Task exited with return code 0
[2026-02-16T15:18:52.365+0000] {taskinstance.py:3901} INFO - 0 downstream tasks scheduled from follow-on schedule check
[2026-02-16T15:18:52.366+0000] {local_task_job_runner.py:245} INFO - ::endgroup::
[2026-02-16T15:46:36.203+0000] {local_task_job_runner.py:123} INFO - ::group::Pre task execution logs
[2026-02-16T15:46:36.218+0000] {taskinstance.py:2614} INFO - Dependencies all met for dep_context=non-requeueable deps ti=<TaskInstance: parse_iot.clean_data scheduled__2026-02-13T10:00:00+00:00 [queued]>
[2026-02-16T15:46:36.225+0000] {taskinstance.py:2614} INFO - Dependencies all met for dep_context=requeueable deps ti=<TaskInstance: parse_iot.clean_data scheduled__2026-02-13T10:00:00+00:00 [queued]>
[2026-02-16T15:46:36.225+0000] {taskinstance.py:2867} INFO - Starting attempt 1 of 4
[2026-02-16T15:46:36.232+0000] {taskinstance.py:2890} INFO - Executing <Task(PythonOperator): clean_data> on 2026-02-13 10:00:00+00:00
[2026-02-16T15:46:36.236+0000] {standard_task_runner.py:72} INFO - Started process 631 to run task
[2026-02-16T15:46:36.238+0000] {standard_task_runner.py:104} INFO - Running: ['***', 'tasks', 'run', 'parse_iot', 'clean_data', 'scheduled__2026-02-13T10:00:00+00:00', '--job-id', '141', '--raw', '--subdir', 'DAGS_FOLDER/parse_iot.py', '--cfg-path', '/tmp/tmpu08k3xbh']
[2026-02-16T15:46:36.239+0000] {standard_task_runner.py:105} INFO - Job 141: Subtask clean_data
[2026-02-16T15:46:36.248+0000] {warnings.py:109} WARNING - /home/***/.local/lib/python3.9/site-packages/***/settings.py:209: DeprecationWarning: The sql_alchemy_conn option in [core] has been moved to the sql_alchemy_conn option in [database] - the old setting has been used, but please update your config.
  SQL_ALCHEMY_CONN = conf.get("database", "SQL_ALCHEMY_CONN")

[2026-02-16T15:46:36.268+0000] {task_command.py:467} INFO - Running <TaskInstance: parse_iot.clean_data scheduled__2026-02-13T10:00:00+00:00 [running]> on host 6ef9a94e694d
[2026-02-16T15:46:36.269+0000] {warnings.py:109} WARNING - /home/***/.local/lib/python3.9/site-packages/***/settings.py:470: DeprecationWarning: The sql_alchemy_conn option in [core] has been moved to the sql_alchemy_conn option in [database] - the old setting has been used, but please update your config.
  if conf.get("database", "sql_alchemy_conn") == "none://":

[2026-02-16T15:46:36.311+0000] {taskinstance.py:3134} INFO - Exporting env vars: AIRFLOW_CTX_DAG_OWNER='a.sorokin' AIRFLOW_CTX_DAG_ID='parse_iot' AIRFLOW_CTX_TASK_ID='clean_data' AIRFLOW_CTX_EXECUTION_DATE='2026-02-13T10:00:00+00:00' AIRFLOW_CTX_TRY_NUMBER='1' AIRFLOW_CTX_DAG_RUN_ID='scheduled__2026-02-13T10:00:00+00:00'
[2026-02-16T15:46:36.311+0000] {taskinstance.py:732} INFO - ::endgroup::
[2026-02-16T15:46:44.908+0000] {python.py:240} INFO - Done. Returned value was: None
[2026-02-16T15:46:44.914+0000] {taskinstance.py:341} INFO - ::group::Post task execution logs
[2026-02-16T15:46:44.915+0000] {taskinstance.py:353} INFO - Marking task as SUCCESS. dag_id=parse_iot, task_id=clean_data, run_id=scheduled__2026-02-13T10:00:00+00:00, execution_date=20260213T100000, start_date=20260216T154636, end_date=20260216T154644
[2026-02-16T15:46:44.980+0000] {local_task_job_runner.py:266} INFO - Task exited with return code 0
[2026-02-16T15:46:44.998+0000] {taskinstance.py:3901} INFO - 0 downstream tasks scheduled from follow-on schedule check
[2026-02-16T15:46:45.004+0000] {local_task_job_runner.py:245} INFO - ::endgroup::
