[2026-02-14T16:31:37.642+0000] {local_task_job_runner.py:123} INFO - ::group::Pre task execution logs
[2026-02-14T16:31:37.658+0000] {taskinstance.py:2614} INFO - Dependencies all met for dep_context=non-requeueable deps ti=<TaskInstance: parse_iot.check_download_complete scheduled__2026-02-11T10:00:00+00:00 [queued]>
[2026-02-14T16:31:37.665+0000] {taskinstance.py:2614} INFO - Dependencies all met for dep_context=requeueable deps ti=<TaskInstance: parse_iot.check_download_complete scheduled__2026-02-11T10:00:00+00:00 [queued]>
[2026-02-14T16:31:37.665+0000] {taskinstance.py:2867} INFO - Starting attempt 1 of 4
[2026-02-14T16:31:37.671+0000] {taskinstance.py:2890} INFO - Executing <Task(ExternalTaskSensor): check_download_complete> on 2026-02-11 10:00:00+00:00
[2026-02-14T16:31:37.676+0000] {standard_task_runner.py:72} INFO - Started process 327 to run task
[2026-02-14T16:31:37.677+0000] {standard_task_runner.py:104} INFO - Running: ['***', 'tasks', 'run', 'parse_iot', 'check_download_complete', 'scheduled__2026-02-11T10:00:00+00:00', '--job-id', '65', '--raw', '--subdir', 'DAGS_FOLDER/parse_iot.py', '--cfg-path', '/tmp/tmpw0du_d6l']
[2026-02-14T16:31:37.679+0000] {standard_task_runner.py:105} INFO - Job 65: Subtask check_download_complete
[2026-02-14T16:31:37.687+0000] {warnings.py:109} WARNING - /home/***/.local/lib/python3.9/site-packages/***/settings.py:209: DeprecationWarning: The sql_alchemy_conn option in [core] has been moved to the sql_alchemy_conn option in [database] - the old setting has been used, but please update your config.
  SQL_ALCHEMY_CONN = conf.get("database", "SQL_ALCHEMY_CONN")

[2026-02-14T16:31:37.709+0000] {task_command.py:467} INFO - Running <TaskInstance: parse_iot.check_download_complete scheduled__2026-02-11T10:00:00+00:00 [running]> on host a5c4ed865bb5
[2026-02-14T16:31:37.709+0000] {warnings.py:109} WARNING - /home/***/.local/lib/python3.9/site-packages/***/settings.py:470: DeprecationWarning: The sql_alchemy_conn option in [core] has been moved to the sql_alchemy_conn option in [database] - the old setting has been used, but please update your config.
  if conf.get("database", "sql_alchemy_conn") == "none://":

[2026-02-14T16:31:37.752+0000] {taskinstance.py:3134} INFO - Exporting env vars: AIRFLOW_CTX_DAG_OWNER='a.sorokin' AIRFLOW_CTX_DAG_ID='parse_iot' AIRFLOW_CTX_TASK_ID='check_download_complete' AIRFLOW_CTX_EXECUTION_DATE='2026-02-11T10:00:00+00:00' AIRFLOW_CTX_TRY_NUMBER='1' AIRFLOW_CTX_DAG_RUN_ID='scheduled__2026-02-11T10:00:00+00:00'
[2026-02-14T16:31:37.752+0000] {taskinstance.py:732} INFO - ::endgroup::
[2026-02-14T16:31:37.759+0000] {baseoperator.py:423} WARNING - ExternalTaskSensor.execute cannot be called outside TaskInstance!
[2026-02-14T16:31:37.765+0000] {external_task.py:274} INFO - Poking for DAG 'download_iot' on 2026-02-11T10:00:00+00:00 ... 
[2026-02-14T16:31:37.765+0000] {warnings.py:109} WARNING - /home/***/.local/lib/python3.9/site-packages/***/utils/session.py:97: DeprecationWarning: This method is deprecated and will be removed in future.
  return func(*args, session=session, **kwargs)

[2026-02-14T16:31:37.770+0000] {base.py:339} INFO - Success criteria met. Exiting.
[2026-02-14T16:31:37.775+0000] {taskinstance.py:341} INFO - ::group::Post task execution logs
[2026-02-14T16:31:37.775+0000] {taskinstance.py:353} INFO - Marking task as SUCCESS. dag_id=parse_iot, task_id=check_download_complete, run_id=scheduled__2026-02-11T10:00:00+00:00, execution_date=20260211T100000, start_date=20260214T163137, end_date=20260214T163137
[2026-02-14T16:31:37.809+0000] {local_task_job_runner.py:266} INFO - Task exited with return code 0
[2026-02-14T16:31:37.829+0000] {taskinstance.py:3901} INFO - 0 downstream tasks scheduled from follow-on schedule check
[2026-02-14T16:31:37.830+0000] {local_task_job_runner.py:245} INFO - ::endgroup::
[2026-02-14T17:48:58.743+0000] {local_task_job_runner.py:123} INFO - ::group::Pre task execution logs
[2026-02-14T17:48:58.759+0000] {taskinstance.py:2614} INFO - Dependencies all met for dep_context=non-requeueable deps ti=<TaskInstance: parse_iot.check_download_complete scheduled__2026-02-11T10:00:00+00:00 [queued]>
[2026-02-14T17:48:58.766+0000] {taskinstance.py:2614} INFO - Dependencies all met for dep_context=requeueable deps ti=<TaskInstance: parse_iot.check_download_complete scheduled__2026-02-11T10:00:00+00:00 [queued]>
[2026-02-14T17:48:58.766+0000] {taskinstance.py:2867} INFO - Starting attempt 1 of 4
[2026-02-14T17:48:58.773+0000] {taskinstance.py:2890} INFO - Executing <Task(ExternalTaskSensor): check_download_complete> on 2026-02-11 10:00:00+00:00
[2026-02-14T17:48:58.777+0000] {standard_task_runner.py:72} INFO - Started process 335 to run task
[2026-02-14T17:48:58.779+0000] {standard_task_runner.py:104} INFO - Running: ['***', 'tasks', 'run', 'parse_iot', 'check_download_complete', 'scheduled__2026-02-11T10:00:00+00:00', '--job-id', '67', '--raw', '--subdir', 'DAGS_FOLDER/parse_iot.py', '--cfg-path', '/tmp/tmp0wni_eg6']
[2026-02-14T17:48:58.780+0000] {standard_task_runner.py:105} INFO - Job 67: Subtask check_download_complete
[2026-02-14T17:48:58.788+0000] {warnings.py:109} WARNING - /home/***/.local/lib/python3.9/site-packages/***/settings.py:209: DeprecationWarning: The sql_alchemy_conn option in [core] has been moved to the sql_alchemy_conn option in [database] - the old setting has been used, but please update your config.
  SQL_ALCHEMY_CONN = conf.get("database", "SQL_ALCHEMY_CONN")

[2026-02-14T17:48:58.809+0000] {task_command.py:467} INFO - Running <TaskInstance: parse_iot.check_download_complete scheduled__2026-02-11T10:00:00+00:00 [running]> on host 9052c134cdec
[2026-02-14T17:48:58.809+0000] {warnings.py:109} WARNING - /home/***/.local/lib/python3.9/site-packages/***/settings.py:470: DeprecationWarning: The sql_alchemy_conn option in [core] has been moved to the sql_alchemy_conn option in [database] - the old setting has been used, but please update your config.
  if conf.get("database", "sql_alchemy_conn") == "none://":

[2026-02-14T17:48:58.859+0000] {taskinstance.py:3134} INFO - Exporting env vars: AIRFLOW_CTX_DAG_OWNER='a.sorokin' AIRFLOW_CTX_DAG_ID='parse_iot' AIRFLOW_CTX_TASK_ID='check_download_complete' AIRFLOW_CTX_EXECUTION_DATE='2026-02-11T10:00:00+00:00' AIRFLOW_CTX_TRY_NUMBER='1' AIRFLOW_CTX_DAG_RUN_ID='scheduled__2026-02-11T10:00:00+00:00'
[2026-02-14T17:48:58.860+0000] {taskinstance.py:732} INFO - ::endgroup::
[2026-02-14T17:48:58.867+0000] {baseoperator.py:423} WARNING - ExternalTaskSensor.execute cannot be called outside TaskInstance!
[2026-02-14T17:48:58.873+0000] {external_task.py:274} INFO - Poking for DAG 'download_iot' on 2026-02-11T10:00:00+00:00 ... 
[2026-02-14T17:48:58.873+0000] {warnings.py:109} WARNING - /home/***/.local/lib/python3.9/site-packages/***/utils/session.py:97: DeprecationWarning: This method is deprecated and will be removed in future.
  return func(*args, session=session, **kwargs)

[2026-02-14T17:48:58.879+0000] {base.py:339} INFO - Success criteria met. Exiting.
[2026-02-14T17:48:58.885+0000] {taskinstance.py:341} INFO - ::group::Post task execution logs
[2026-02-14T17:48:58.885+0000] {taskinstance.py:353} INFO - Marking task as SUCCESS. dag_id=parse_iot, task_id=check_download_complete, run_id=scheduled__2026-02-11T10:00:00+00:00, execution_date=20260211T100000, start_date=20260214T174858, end_date=20260214T174858
[2026-02-14T17:48:58.911+0000] {local_task_job_runner.py:266} INFO - Task exited with return code 0
[2026-02-14T17:48:58.918+0000] {local_task_job_runner.py:245} INFO - ::endgroup::
[2026-02-14T18:14:10.835+0000] {local_task_job_runner.py:123} INFO - ::group::Pre task execution logs
[2026-02-14T18:14:10.852+0000] {taskinstance.py:2614} INFO - Dependencies all met for dep_context=non-requeueable deps ti=<TaskInstance: parse_iot.check_download_complete scheduled__2026-02-11T10:00:00+00:00 [queued]>
[2026-02-14T18:14:10.858+0000] {taskinstance.py:2614} INFO - Dependencies all met for dep_context=requeueable deps ti=<TaskInstance: parse_iot.check_download_complete scheduled__2026-02-11T10:00:00+00:00 [queued]>
[2026-02-14T18:14:10.858+0000] {taskinstance.py:2867} INFO - Starting attempt 1 of 4
[2026-02-14T18:14:10.865+0000] {taskinstance.py:2890} INFO - Executing <Task(ExternalTaskSensor): check_download_complete> on 2026-02-11 10:00:00+00:00
[2026-02-14T18:14:10.870+0000] {standard_task_runner.py:72} INFO - Started process 323 to run task
[2026-02-14T18:14:10.872+0000] {standard_task_runner.py:104} INFO - Running: ['***', 'tasks', 'run', 'parse_iot', 'check_download_complete', 'scheduled__2026-02-11T10:00:00+00:00', '--job-id', '64', '--raw', '--subdir', 'DAGS_FOLDER/parse_iot.py', '--cfg-path', '/tmp/tmp29v_5489']
[2026-02-14T18:14:10.873+0000] {standard_task_runner.py:105} INFO - Job 64: Subtask check_download_complete
[2026-02-14T18:14:10.881+0000] {warnings.py:109} WARNING - /home/***/.local/lib/python3.9/site-packages/***/settings.py:209: DeprecationWarning: The sql_alchemy_conn option in [core] has been moved to the sql_alchemy_conn option in [database] - the old setting has been used, but please update your config.
  SQL_ALCHEMY_CONN = conf.get("database", "SQL_ALCHEMY_CONN")

[2026-02-14T18:14:10.902+0000] {task_command.py:467} INFO - Running <TaskInstance: parse_iot.check_download_complete scheduled__2026-02-11T10:00:00+00:00 [running]> on host bb762b62a2c2
[2026-02-14T18:14:10.903+0000] {warnings.py:109} WARNING - /home/***/.local/lib/python3.9/site-packages/***/settings.py:470: DeprecationWarning: The sql_alchemy_conn option in [core] has been moved to the sql_alchemy_conn option in [database] - the old setting has been used, but please update your config.
  if conf.get("database", "sql_alchemy_conn") == "none://":

[2026-02-14T18:14:10.953+0000] {taskinstance.py:3134} INFO - Exporting env vars: AIRFLOW_CTX_DAG_OWNER='a.sorokin' AIRFLOW_CTX_DAG_ID='parse_iot' AIRFLOW_CTX_TASK_ID='check_download_complete' AIRFLOW_CTX_EXECUTION_DATE='2026-02-11T10:00:00+00:00' AIRFLOW_CTX_TRY_NUMBER='1' AIRFLOW_CTX_DAG_RUN_ID='scheduled__2026-02-11T10:00:00+00:00'
[2026-02-14T18:14:10.953+0000] {taskinstance.py:732} INFO - ::endgroup::
[2026-02-14T18:14:10.960+0000] {baseoperator.py:423} WARNING - ExternalTaskSensor.execute cannot be called outside TaskInstance!
[2026-02-14T18:14:10.966+0000] {external_task.py:274} INFO - Poking for DAG 'download_iot' on 2026-02-11T10:00:00+00:00 ... 
[2026-02-14T18:14:10.966+0000] {warnings.py:109} WARNING - /home/***/.local/lib/python3.9/site-packages/***/utils/session.py:97: DeprecationWarning: This method is deprecated and will be removed in future.
  return func(*args, session=session, **kwargs)

[2026-02-14T18:14:10.971+0000] {base.py:339} INFO - Success criteria met. Exiting.
[2026-02-14T18:14:10.978+0000] {taskinstance.py:341} INFO - ::group::Post task execution logs
[2026-02-14T18:14:10.978+0000] {taskinstance.py:353} INFO - Marking task as SUCCESS. dag_id=parse_iot, task_id=check_download_complete, run_id=scheduled__2026-02-11T10:00:00+00:00, execution_date=20260211T100000, start_date=20260214T181410, end_date=20260214T181410
[2026-02-14T18:14:11.003+0000] {local_task_job_runner.py:266} INFO - Task exited with return code 0
[2026-02-14T18:14:11.026+0000] {taskinstance.py:3901} INFO - 0 downstream tasks scheduled from follow-on schedule check
[2026-02-14T18:14:11.027+0000] {local_task_job_runner.py:245} INFO - ::endgroup::
