[2026-02-16T16:59:20.777+0000] {local_task_job_runner.py:123} INFO - ::group::Pre task execution logs
[2026-02-16T16:59:20.794+0000] {taskinstance.py:2614} INFO - Dependencies all met for dep_context=non-requeueable deps ti=<TaskInstance: date_load_postgres.parse_data scheduled__2026-02-15T10:00:00+00:00 [queued]>
[2026-02-16T16:59:20.800+0000] {taskinstance.py:2614} INFO - Dependencies all met for dep_context=requeueable deps ti=<TaskInstance: date_load_postgres.parse_data scheduled__2026-02-15T10:00:00+00:00 [queued]>
[2026-02-16T16:59:20.800+0000] {taskinstance.py:2867} INFO - Starting attempt 1 of 4
[2026-02-16T16:59:20.808+0000] {taskinstance.py:2890} INFO - Executing <Task(PythonOperator): parse_data> on 2026-02-15 10:00:00+00:00
[2026-02-16T16:59:20.812+0000] {standard_task_runner.py:72} INFO - Started process 1296 to run task
[2026-02-16T16:59:20.814+0000] {standard_task_runner.py:104} INFO - Running: ['***', 'tasks', 'run', 'date_load_postgres', 'parse_data', 'scheduled__2026-02-15T10:00:00+00:00', '--job-id', '310', '--raw', '--subdir', 'DAGS_FOLDER/date_load_postrges.py', '--cfg-path', '/tmp/tmp_f8lccg4']
[2026-02-16T16:59:20.816+0000] {standard_task_runner.py:105} INFO - Job 310: Subtask parse_data
[2026-02-16T16:59:20.824+0000] {warnings.py:109} WARNING - /home/***/.local/lib/python3.9/site-packages/***/settings.py:209: DeprecationWarning: The sql_alchemy_conn option in [core] has been moved to the sql_alchemy_conn option in [database] - the old setting has been used, but please update your config.
  SQL_ALCHEMY_CONN = conf.get("database", "SQL_ALCHEMY_CONN")

[2026-02-16T16:59:20.846+0000] {task_command.py:467} INFO - Running <TaskInstance: date_load_postgres.parse_data scheduled__2026-02-15T10:00:00+00:00 [running]> on host 6ef9a94e694d
[2026-02-16T16:59:20.847+0000] {warnings.py:109} WARNING - /home/***/.local/lib/python3.9/site-packages/***/settings.py:470: DeprecationWarning: The sql_alchemy_conn option in [core] has been moved to the sql_alchemy_conn option in [database] - the old setting has been used, but please update your config.
  if conf.get("database", "sql_alchemy_conn") == "none://":

[2026-02-16T16:59:20.893+0000] {taskinstance.py:3134} INFO - Exporting env vars: AIRFLOW_CTX_DAG_OWNER='a.sorokin' AIRFLOW_CTX_DAG_ID='date_load_postgres' AIRFLOW_CTX_TASK_ID='parse_data' AIRFLOW_CTX_EXECUTION_DATE='2026-02-15T10:00:00+00:00' AIRFLOW_CTX_TRY_NUMBER='1' AIRFLOW_CTX_DAG_RUN_ID='scheduled__2026-02-15T10:00:00+00:00'
[2026-02-16T16:59:20.894+0000] {taskinstance.py:732} INFO - ::endgroup::
[2026-02-16T16:59:29.601+0000] {python.py:240} INFO - Done. Returned value was: None
[2026-02-16T16:59:29.607+0000] {taskinstance.py:341} INFO - ::group::Post task execution logs
[2026-02-16T16:59:29.608+0000] {taskinstance.py:353} INFO - Marking task as SUCCESS. dag_id=date_load_postgres, task_id=parse_data, run_id=scheduled__2026-02-15T10:00:00+00:00, execution_date=20260215T100000, start_date=20260216T165920, end_date=20260216T165929
[2026-02-16T16:59:29.677+0000] {local_task_job_runner.py:266} INFO - Task exited with return code 0
[2026-02-16T16:59:29.687+0000] {taskinstance.py:3901} INFO - 0 downstream tasks scheduled from follow-on schedule check
[2026-02-16T16:59:29.688+0000] {local_task_job_runner.py:245} INFO - ::endgroup::
[2026-02-16T18:01:00.674+0000] {local_task_job_runner.py:123} INFO - ::group::Pre task execution logs
[2026-02-16T18:01:00.687+0000] {taskinstance.py:2614} INFO - Dependencies all met for dep_context=non-requeueable deps ti=<TaskInstance: date_load_postgres.parse_data scheduled__2026-02-15T10:00:00+00:00 [queued]>
[2026-02-16T18:01:00.692+0000] {taskinstance.py:2614} INFO - Dependencies all met for dep_context=requeueable deps ti=<TaskInstance: date_load_postgres.parse_data scheduled__2026-02-15T10:00:00+00:00 [queued]>
[2026-02-16T18:01:00.692+0000] {taskinstance.py:2867} INFO - Starting attempt 1 of 4
[2026-02-16T18:01:00.699+0000] {taskinstance.py:2890} INFO - Executing <Task(PythonOperator): parse_data> on 2026-02-15 10:00:00+00:00
[2026-02-16T18:01:00.704+0000] {standard_task_runner.py:72} INFO - Started process 341 to run task
[2026-02-16T18:01:00.706+0000] {standard_task_runner.py:104} INFO - Running: ['***', 'tasks', 'run', 'date_load_postgres', 'parse_data', 'scheduled__2026-02-15T10:00:00+00:00', '--job-id', '63', '--raw', '--subdir', 'DAGS_FOLDER/date_load_postrges.py', '--cfg-path', '/tmp/tmprtkbhm54']
[2026-02-16T18:01:00.707+0000] {standard_task_runner.py:105} INFO - Job 63: Subtask parse_data
[2026-02-16T18:01:00.716+0000] {warnings.py:109} WARNING - /home/***/.local/lib/python3.9/site-packages/***/settings.py:209: DeprecationWarning: The sql_alchemy_conn option in [core] has been moved to the sql_alchemy_conn option in [database] - the old setting has been used, but please update your config.
  SQL_ALCHEMY_CONN = conf.get("database", "SQL_ALCHEMY_CONN")

[2026-02-16T18:01:00.737+0000] {task_command.py:467} INFO - Running <TaskInstance: date_load_postgres.parse_data scheduled__2026-02-15T10:00:00+00:00 [running]> on host 80c391c4cc85
[2026-02-16T18:01:00.738+0000] {warnings.py:109} WARNING - /home/***/.local/lib/python3.9/site-packages/***/settings.py:470: DeprecationWarning: The sql_alchemy_conn option in [core] has been moved to the sql_alchemy_conn option in [database] - the old setting has been used, but please update your config.
  if conf.get("database", "sql_alchemy_conn") == "none://":

[2026-02-16T18:01:00.784+0000] {taskinstance.py:3134} INFO - Exporting env vars: AIRFLOW_CTX_DAG_OWNER='a.sorokin' AIRFLOW_CTX_DAG_ID='date_load_postgres' AIRFLOW_CTX_TASK_ID='parse_data' AIRFLOW_CTX_EXECUTION_DATE='2026-02-15T10:00:00+00:00' AIRFLOW_CTX_TRY_NUMBER='1' AIRFLOW_CTX_DAG_RUN_ID='scheduled__2026-02-15T10:00:00+00:00'
[2026-02-16T18:01:00.785+0000] {taskinstance.py:732} INFO - ::endgroup::
[2026-02-16T18:01:09.567+0000] {python.py:240} INFO - Done. Returned value was: None
[2026-02-16T18:01:09.573+0000] {taskinstance.py:341} INFO - ::group::Post task execution logs
[2026-02-16T18:01:09.574+0000] {taskinstance.py:353} INFO - Marking task as SUCCESS. dag_id=date_load_postgres, task_id=parse_data, run_id=scheduled__2026-02-15T10:00:00+00:00, execution_date=20260215T100000, start_date=20260216T180100, end_date=20260216T180109
[2026-02-16T18:01:09.608+0000] {local_task_job_runner.py:266} INFO - Task exited with return code 0
[2026-02-16T18:01:09.624+0000] {taskinstance.py:3901} INFO - 1 downstream tasks scheduled from follow-on schedule check
[2026-02-16T18:01:09.625+0000] {local_task_job_runner.py:245} INFO - ::endgroup::
