[2026-02-02T16:33:51.621+0000] {local_task_job_runner.py:123} INFO - ::group::Pre task execution logs
[2026-02-02T16:33:51.636+0000] {taskinstance.py:2614} INFO - Dependencies all met for dep_context=non-requeueable deps ti=<TaskInstance: parse_iot.check_download_complete manual__2026-02-02T16:01:14.843614+00:00 [queued]>
[2026-02-02T16:33:51.642+0000] {taskinstance.py:2614} INFO - Dependencies all met for dep_context=requeueable deps ti=<TaskInstance: parse_iot.check_download_complete manual__2026-02-02T16:01:14.843614+00:00 [queued]>
[2026-02-02T16:33:51.643+0000] {taskinstance.py:2867} INFO - Starting attempt 3 of 4
[2026-02-02T16:33:51.649+0000] {taskinstance.py:2890} INFO - Executing <Task(ExternalTaskSensor): check_download_complete> on 2026-02-02 16:01:14.843614+00:00
[2026-02-02T16:33:51.654+0000] {standard_task_runner.py:72} INFO - Started process 632 to run task
[2026-02-02T16:33:51.655+0000] {standard_task_runner.py:104} INFO - Running: ['***', 'tasks', 'run', 'parse_iot', 'check_download_complete', 'manual__2026-02-02T16:01:14.843614+00:00', '--job-id', '185', '--raw', '--subdir', 'DAGS_FOLDER/parse_iot.py', '--cfg-path', '/tmp/tmpir45uz52']
[2026-02-02T16:33:51.657+0000] {standard_task_runner.py:105} INFO - Job 185: Subtask check_download_complete
[2026-02-02T16:33:51.665+0000] {warnings.py:109} WARNING - /home/***/.local/lib/python3.9/site-packages/***/settings.py:209: DeprecationWarning: The sql_alchemy_conn option in [core] has been moved to the sql_alchemy_conn option in [database] - the old setting has been used, but please update your config.
  SQL_ALCHEMY_CONN = conf.get("database", "SQL_ALCHEMY_CONN")

[2026-02-02T16:33:51.685+0000] {task_command.py:467} INFO - Running <TaskInstance: parse_iot.check_download_complete manual__2026-02-02T16:01:14.843614+00:00 [running]> on host 62d0328142ca
[2026-02-02T16:33:51.730+0000] {taskinstance.py:3134} INFO - Exporting env vars: AIRFLOW_CTX_DAG_OWNER='a.sorokin' AIRFLOW_CTX_DAG_ID='parse_iot' AIRFLOW_CTX_TASK_ID='check_download_complete' AIRFLOW_CTX_EXECUTION_DATE='2026-02-02T16:01:14.843614+00:00' AIRFLOW_CTX_TRY_NUMBER='3' AIRFLOW_CTX_DAG_RUN_ID='manual__2026-02-02T16:01:14.843614+00:00'
[2026-02-02T16:33:51.731+0000] {taskinstance.py:732} INFO - ::endgroup::
[2026-02-02T16:33:51.738+0000] {baseoperator.py:423} WARNING - ExternalTaskSensor.execute cannot be called outside TaskInstance!
[2026-02-02T16:33:51.744+0000] {external_task.py:274} INFO - Poking for DAG 'download_iot' on 2026-02-02T16:01:14.843614+00:00 ... 
[2026-02-02T16:33:51.744+0000] {warnings.py:109} WARNING - /home/***/.local/lib/python3.9/site-packages/***/utils/session.py:97: DeprecationWarning: This method is deprecated and will be removed in future.
  return func(*args, session=session, **kwargs)

[2026-02-02T16:33:51.769+0000] {taskinstance.py:310} INFO - Rescheduling task, marking task as UP_FOR_RESCHEDULE
[2026-02-02T16:33:51.770+0000] {taskinstance.py:341} INFO - ::group::Post task execution logs
[2026-02-02T16:33:51.787+0000] {local_task_job_runner.py:266} INFO - Task exited with return code 0
[2026-02-02T16:33:51.812+0000] {taskinstance.py:3901} INFO - 0 downstream tasks scheduled from follow-on schedule check
[2026-02-02T16:33:51.813+0000] {local_task_job_runner.py:245} INFO - ::endgroup::
[2026-02-02T16:34:52.415+0000] {local_task_job_runner.py:123} INFO - ::group::Pre task execution logs
[2026-02-02T16:34:52.430+0000] {taskinstance.py:2614} INFO - Dependencies all met for dep_context=non-requeueable deps ti=<TaskInstance: parse_iot.check_download_complete manual__2026-02-02T16:01:14.843614+00:00 [queued]>
[2026-02-02T16:34:52.436+0000] {taskinstance.py:2614} INFO - Dependencies all met for dep_context=requeueable deps ti=<TaskInstance: parse_iot.check_download_complete manual__2026-02-02T16:01:14.843614+00:00 [queued]>
[2026-02-02T16:34:52.436+0000] {taskinstance.py:2867} INFO - Starting attempt 3 of 4
[2026-02-02T16:34:52.443+0000] {taskinstance.py:2890} INFO - Executing <Task(ExternalTaskSensor): check_download_complete> on 2026-02-02 16:01:14.843614+00:00
[2026-02-02T16:34:52.448+0000] {standard_task_runner.py:72} INFO - Started process 644 to run task
[2026-02-02T16:34:52.450+0000] {standard_task_runner.py:104} INFO - Running: ['***', 'tasks', 'run', 'parse_iot', 'check_download_complete', 'manual__2026-02-02T16:01:14.843614+00:00', '--job-id', '188', '--raw', '--subdir', 'DAGS_FOLDER/parse_iot.py', '--cfg-path', '/tmp/tmpax7rusnv']
[2026-02-02T16:34:52.451+0000] {standard_task_runner.py:105} INFO - Job 188: Subtask check_download_complete
[2026-02-02T16:34:52.459+0000] {warnings.py:109} WARNING - /home/***/.local/lib/python3.9/site-packages/***/settings.py:209: DeprecationWarning: The sql_alchemy_conn option in [core] has been moved to the sql_alchemy_conn option in [database] - the old setting has been used, but please update your config.
  SQL_ALCHEMY_CONN = conf.get("database", "SQL_ALCHEMY_CONN")

[2026-02-02T16:34:52.483+0000] {task_command.py:467} INFO - Running <TaskInstance: parse_iot.check_download_complete manual__2026-02-02T16:01:14.843614+00:00 [running]> on host 62d0328142ca
[2026-02-02T16:34:52.534+0000] {taskinstance.py:3134} INFO - Exporting env vars: AIRFLOW_CTX_DAG_OWNER='a.sorokin' AIRFLOW_CTX_DAG_ID='parse_iot' AIRFLOW_CTX_TASK_ID='check_download_complete' AIRFLOW_CTX_EXECUTION_DATE='2026-02-02T16:01:14.843614+00:00' AIRFLOW_CTX_TRY_NUMBER='3' AIRFLOW_CTX_DAG_RUN_ID='manual__2026-02-02T16:01:14.843614+00:00'
[2026-02-02T16:34:52.534+0000] {taskinstance.py:732} INFO - ::endgroup::
[2026-02-02T16:34:52.541+0000] {baseoperator.py:423} WARNING - ExternalTaskSensor.execute cannot be called outside TaskInstance!
[2026-02-02T16:34:52.547+0000] {external_task.py:274} INFO - Poking for DAG 'download_iot' on 2026-02-02T16:01:14.843614+00:00 ... 
[2026-02-02T16:34:52.548+0000] {warnings.py:109} WARNING - /home/***/.local/lib/python3.9/site-packages/***/utils/session.py:97: DeprecationWarning: This method is deprecated and will be removed in future.
  return func(*args, session=session, **kwargs)

[2026-02-02T16:34:52.569+0000] {taskinstance.py:310} INFO - Rescheduling task, marking task as UP_FOR_RESCHEDULE
[2026-02-02T16:34:52.569+0000] {taskinstance.py:341} INFO - ::group::Post task execution logs
[2026-02-02T16:34:52.581+0000] {local_task_job_runner.py:266} INFO - Task exited with return code 0
[2026-02-02T16:34:52.606+0000] {taskinstance.py:3901} INFO - 0 downstream tasks scheduled from follow-on schedule check
[2026-02-02T16:34:52.607+0000] {local_task_job_runner.py:245} INFO - ::endgroup::
[2026-02-02T16:35:53.994+0000] {local_task_job_runner.py:123} INFO - ::group::Pre task execution logs
[2026-02-02T16:35:54.009+0000] {taskinstance.py:2614} INFO - Dependencies all met for dep_context=non-requeueable deps ti=<TaskInstance: parse_iot.check_download_complete manual__2026-02-02T16:01:14.843614+00:00 [queued]>
[2026-02-02T16:35:54.016+0000] {taskinstance.py:2614} INFO - Dependencies all met for dep_context=requeueable deps ti=<TaskInstance: parse_iot.check_download_complete manual__2026-02-02T16:01:14.843614+00:00 [queued]>
[2026-02-02T16:35:54.016+0000] {taskinstance.py:2867} INFO - Starting attempt 3 of 4
[2026-02-02T16:35:54.023+0000] {taskinstance.py:2890} INFO - Executing <Task(ExternalTaskSensor): check_download_complete> on 2026-02-02 16:01:14.843614+00:00
[2026-02-02T16:35:54.027+0000] {standard_task_runner.py:72} INFO - Started process 656 to run task
[2026-02-02T16:35:54.029+0000] {standard_task_runner.py:104} INFO - Running: ['***', 'tasks', 'run', 'parse_iot', 'check_download_complete', 'manual__2026-02-02T16:01:14.843614+00:00', '--job-id', '191', '--raw', '--subdir', 'DAGS_FOLDER/parse_iot.py', '--cfg-path', '/tmp/tmpg9gcjnn_']
[2026-02-02T16:35:54.031+0000] {standard_task_runner.py:105} INFO - Job 191: Subtask check_download_complete
[2026-02-02T16:35:54.039+0000] {warnings.py:109} WARNING - /home/***/.local/lib/python3.9/site-packages/***/settings.py:209: DeprecationWarning: The sql_alchemy_conn option in [core] has been moved to the sql_alchemy_conn option in [database] - the old setting has been used, but please update your config.
  SQL_ALCHEMY_CONN = conf.get("database", "SQL_ALCHEMY_CONN")

[2026-02-02T16:35:54.058+0000] {task_command.py:467} INFO - Running <TaskInstance: parse_iot.check_download_complete manual__2026-02-02T16:01:14.843614+00:00 [running]> on host 62d0328142ca
[2026-02-02T16:35:54.104+0000] {taskinstance.py:3134} INFO - Exporting env vars: AIRFLOW_CTX_DAG_OWNER='a.sorokin' AIRFLOW_CTX_DAG_ID='parse_iot' AIRFLOW_CTX_TASK_ID='check_download_complete' AIRFLOW_CTX_EXECUTION_DATE='2026-02-02T16:01:14.843614+00:00' AIRFLOW_CTX_TRY_NUMBER='3' AIRFLOW_CTX_DAG_RUN_ID='manual__2026-02-02T16:01:14.843614+00:00'
[2026-02-02T16:35:54.105+0000] {taskinstance.py:732} INFO - ::endgroup::
[2026-02-02T16:35:54.112+0000] {baseoperator.py:423} WARNING - ExternalTaskSensor.execute cannot be called outside TaskInstance!
[2026-02-02T16:35:54.118+0000] {external_task.py:274} INFO - Poking for DAG 'download_iot' on 2026-02-02T16:01:14.843614+00:00 ... 
[2026-02-02T16:35:54.118+0000] {warnings.py:109} WARNING - /home/***/.local/lib/python3.9/site-packages/***/utils/session.py:97: DeprecationWarning: This method is deprecated and will be removed in future.
  return func(*args, session=session, **kwargs)

[2026-02-02T16:35:54.139+0000] {taskinstance.py:310} INFO - Rescheduling task, marking task as UP_FOR_RESCHEDULE
[2026-02-02T16:35:54.139+0000] {taskinstance.py:341} INFO - ::group::Post task execution logs
[2026-02-02T16:35:54.161+0000] {local_task_job_runner.py:266} INFO - Task exited with return code 0
[2026-02-02T16:35:54.185+0000] {taskinstance.py:3901} INFO - 0 downstream tasks scheduled from follow-on schedule check
[2026-02-02T16:35:54.186+0000] {local_task_job_runner.py:245} INFO - ::endgroup::
[2026-02-02T16:36:55.302+0000] {local_task_job_runner.py:123} INFO - ::group::Pre task execution logs
[2026-02-02T16:36:55.316+0000] {taskinstance.py:2614} INFO - Dependencies all met for dep_context=non-requeueable deps ti=<TaskInstance: parse_iot.check_download_complete manual__2026-02-02T16:01:14.843614+00:00 [queued]>
[2026-02-02T16:36:55.321+0000] {taskinstance.py:2614} INFO - Dependencies all met for dep_context=requeueable deps ti=<TaskInstance: parse_iot.check_download_complete manual__2026-02-02T16:01:14.843614+00:00 [queued]>
[2026-02-02T16:36:55.322+0000] {taskinstance.py:2867} INFO - Starting attempt 3 of 4
[2026-02-02T16:36:55.328+0000] {taskinstance.py:2890} INFO - Executing <Task(ExternalTaskSensor): check_download_complete> on 2026-02-02 16:01:14.843614+00:00
[2026-02-02T16:36:55.332+0000] {standard_task_runner.py:72} INFO - Started process 668 to run task
[2026-02-02T16:36:55.334+0000] {standard_task_runner.py:104} INFO - Running: ['***', 'tasks', 'run', 'parse_iot', 'check_download_complete', 'manual__2026-02-02T16:01:14.843614+00:00', '--job-id', '194', '--raw', '--subdir', 'DAGS_FOLDER/parse_iot.py', '--cfg-path', '/tmp/tmpcnxm7xq4']
[2026-02-02T16:36:55.336+0000] {standard_task_runner.py:105} INFO - Job 194: Subtask check_download_complete
[2026-02-02T16:36:55.344+0000] {warnings.py:109} WARNING - /home/***/.local/lib/python3.9/site-packages/***/settings.py:209: DeprecationWarning: The sql_alchemy_conn option in [core] has been moved to the sql_alchemy_conn option in [database] - the old setting has been used, but please update your config.
  SQL_ALCHEMY_CONN = conf.get("database", "SQL_ALCHEMY_CONN")

[2026-02-02T16:36:55.362+0000] {task_command.py:467} INFO - Running <TaskInstance: parse_iot.check_download_complete manual__2026-02-02T16:01:14.843614+00:00 [running]> on host 62d0328142ca
[2026-02-02T16:36:55.406+0000] {taskinstance.py:3134} INFO - Exporting env vars: AIRFLOW_CTX_DAG_OWNER='a.sorokin' AIRFLOW_CTX_DAG_ID='parse_iot' AIRFLOW_CTX_TASK_ID='check_download_complete' AIRFLOW_CTX_EXECUTION_DATE='2026-02-02T16:01:14.843614+00:00' AIRFLOW_CTX_TRY_NUMBER='3' AIRFLOW_CTX_DAG_RUN_ID='manual__2026-02-02T16:01:14.843614+00:00'
[2026-02-02T16:36:55.406+0000] {taskinstance.py:732} INFO - ::endgroup::
[2026-02-02T16:36:55.414+0000] {baseoperator.py:423} WARNING - ExternalTaskSensor.execute cannot be called outside TaskInstance!
[2026-02-02T16:36:55.422+0000] {external_task.py:274} INFO - Poking for DAG 'download_iot' on 2026-02-02T16:01:14.843614+00:00 ... 
[2026-02-02T16:36:55.422+0000] {warnings.py:109} WARNING - /home/***/.local/lib/python3.9/site-packages/***/utils/session.py:97: DeprecationWarning: This method is deprecated and will be removed in future.
  return func(*args, session=session, **kwargs)

[2026-02-02T16:36:55.444+0000] {taskinstance.py:310} INFO - Rescheduling task, marking task as UP_FOR_RESCHEDULE
[2026-02-02T16:36:55.444+0000] {taskinstance.py:341} INFO - ::group::Post task execution logs
[2026-02-02T16:36:55.466+0000] {local_task_job_runner.py:266} INFO - Task exited with return code 0
[2026-02-02T16:36:55.489+0000] {taskinstance.py:3901} INFO - 0 downstream tasks scheduled from follow-on schedule check
[2026-02-02T16:36:55.490+0000] {local_task_job_runner.py:245} INFO - ::endgroup::
[2026-02-02T16:37:56.641+0000] {local_task_job_runner.py:123} INFO - ::group::Pre task execution logs
[2026-02-02T16:37:56.655+0000] {taskinstance.py:2614} INFO - Dependencies all met for dep_context=non-requeueable deps ti=<TaskInstance: parse_iot.check_download_complete manual__2026-02-02T16:01:14.843614+00:00 [queued]>
[2026-02-02T16:37:56.661+0000] {taskinstance.py:2614} INFO - Dependencies all met for dep_context=requeueable deps ti=<TaskInstance: parse_iot.check_download_complete manual__2026-02-02T16:01:14.843614+00:00 [queued]>
[2026-02-02T16:37:56.661+0000] {taskinstance.py:2867} INFO - Starting attempt 3 of 4
[2026-02-02T16:37:56.667+0000] {taskinstance.py:2890} INFO - Executing <Task(ExternalTaskSensor): check_download_complete> on 2026-02-02 16:01:14.843614+00:00
[2026-02-02T16:37:56.671+0000] {standard_task_runner.py:72} INFO - Started process 680 to run task
[2026-02-02T16:37:56.673+0000] {standard_task_runner.py:104} INFO - Running: ['***', 'tasks', 'run', 'parse_iot', 'check_download_complete', 'manual__2026-02-02T16:01:14.843614+00:00', '--job-id', '197', '--raw', '--subdir', 'DAGS_FOLDER/parse_iot.py', '--cfg-path', '/tmp/tmp9l83psyy']
[2026-02-02T16:37:56.675+0000] {standard_task_runner.py:105} INFO - Job 197: Subtask check_download_complete
[2026-02-02T16:37:56.683+0000] {warnings.py:109} WARNING - /home/***/.local/lib/python3.9/site-packages/***/settings.py:209: DeprecationWarning: The sql_alchemy_conn option in [core] has been moved to the sql_alchemy_conn option in [database] - the old setting has been used, but please update your config.
  SQL_ALCHEMY_CONN = conf.get("database", "SQL_ALCHEMY_CONN")

[2026-02-02T16:37:56.701+0000] {task_command.py:467} INFO - Running <TaskInstance: parse_iot.check_download_complete manual__2026-02-02T16:01:14.843614+00:00 [running]> on host 62d0328142ca
[2026-02-02T16:37:56.744+0000] {taskinstance.py:3134} INFO - Exporting env vars: AIRFLOW_CTX_DAG_OWNER='a.sorokin' AIRFLOW_CTX_DAG_ID='parse_iot' AIRFLOW_CTX_TASK_ID='check_download_complete' AIRFLOW_CTX_EXECUTION_DATE='2026-02-02T16:01:14.843614+00:00' AIRFLOW_CTX_TRY_NUMBER='3' AIRFLOW_CTX_DAG_RUN_ID='manual__2026-02-02T16:01:14.843614+00:00'
[2026-02-02T16:37:56.745+0000] {taskinstance.py:732} INFO - ::endgroup::
[2026-02-02T16:37:56.751+0000] {baseoperator.py:423} WARNING - ExternalTaskSensor.execute cannot be called outside TaskInstance!
[2026-02-02T16:37:56.757+0000] {external_task.py:274} INFO - Poking for DAG 'download_iot' on 2026-02-02T16:01:14.843614+00:00 ... 
[2026-02-02T16:37:56.757+0000] {warnings.py:109} WARNING - /home/***/.local/lib/python3.9/site-packages/***/utils/session.py:97: DeprecationWarning: This method is deprecated and will be removed in future.
  return func(*args, session=session, **kwargs)

[2026-02-02T16:37:56.773+0000] {taskinstance.py:310} INFO - Rescheduling task, marking task as UP_FOR_RESCHEDULE
[2026-02-02T16:37:56.773+0000] {taskinstance.py:341} INFO - ::group::Post task execution logs
[2026-02-02T16:37:56.805+0000] {local_task_job_runner.py:266} INFO - Task exited with return code 0
[2026-02-02T16:37:56.828+0000] {taskinstance.py:3901} INFO - 0 downstream tasks scheduled from follow-on schedule check
[2026-02-02T16:37:56.829+0000] {local_task_job_runner.py:245} INFO - ::endgroup::
[2026-02-02T16:39:06.955+0000] {local_task_job_runner.py:123} INFO - ::group::Pre task execution logs
[2026-02-02T16:39:06.970+0000] {taskinstance.py:2614} INFO - Dependencies all met for dep_context=non-requeueable deps ti=<TaskInstance: parse_iot.check_download_complete manual__2026-02-02T16:01:14.843614+00:00 [queued]>
[2026-02-02T16:39:06.976+0000] {taskinstance.py:2614} INFO - Dependencies all met for dep_context=requeueable deps ti=<TaskInstance: parse_iot.check_download_complete manual__2026-02-02T16:01:14.843614+00:00 [queued]>
[2026-02-02T16:39:06.976+0000] {taskinstance.py:2867} INFO - Starting attempt 3 of 4
[2026-02-02T16:39:06.983+0000] {taskinstance.py:2890} INFO - Executing <Task(ExternalTaskSensor): check_download_complete> on 2026-02-02 16:01:14.843614+00:00
[2026-02-02T16:39:06.987+0000] {standard_task_runner.py:72} INFO - Started process 704 to run task
[2026-02-02T16:39:06.989+0000] {standard_task_runner.py:104} INFO - Running: ['***', 'tasks', 'run', 'parse_iot', 'check_download_complete', 'manual__2026-02-02T16:01:14.843614+00:00', '--job-id', '203', '--raw', '--subdir', 'DAGS_FOLDER/parse_iot.py', '--cfg-path', '/tmp/tmpy2qqne1h']
[2026-02-02T16:39:06.991+0000] {standard_task_runner.py:105} INFO - Job 203: Subtask check_download_complete
[2026-02-02T16:39:06.999+0000] {warnings.py:109} WARNING - /home/***/.local/lib/python3.9/site-packages/***/settings.py:209: DeprecationWarning: The sql_alchemy_conn option in [core] has been moved to the sql_alchemy_conn option in [database] - the old setting has been used, but please update your config.
  SQL_ALCHEMY_CONN = conf.get("database", "SQL_ALCHEMY_CONN")

[2026-02-02T16:39:07.019+0000] {task_command.py:467} INFO - Running <TaskInstance: parse_iot.check_download_complete manual__2026-02-02T16:01:14.843614+00:00 [running]> on host 62d0328142ca
[2026-02-02T16:39:07.064+0000] {taskinstance.py:3134} INFO - Exporting env vars: AIRFLOW_CTX_DAG_OWNER='a.sorokin' AIRFLOW_CTX_DAG_ID='parse_iot' AIRFLOW_CTX_TASK_ID='check_download_complete' AIRFLOW_CTX_EXECUTION_DATE='2026-02-02T16:01:14.843614+00:00' AIRFLOW_CTX_TRY_NUMBER='3' AIRFLOW_CTX_DAG_RUN_ID='manual__2026-02-02T16:01:14.843614+00:00'
[2026-02-02T16:39:07.065+0000] {taskinstance.py:732} INFO - ::endgroup::
[2026-02-02T16:39:07.072+0000] {baseoperator.py:423} WARNING - ExternalTaskSensor.execute cannot be called outside TaskInstance!
[2026-02-02T16:39:07.078+0000] {external_task.py:274} INFO - Poking for DAG 'download_iot' on 2026-02-02T16:01:14.843614+00:00 ... 
[2026-02-02T16:39:07.078+0000] {warnings.py:109} WARNING - /home/***/.local/lib/python3.9/site-packages/***/utils/session.py:97: DeprecationWarning: This method is deprecated and will be removed in future.
  return func(*args, session=session, **kwargs)

[2026-02-02T16:39:07.099+0000] {taskinstance.py:310} INFO - Rescheduling task, marking task as UP_FOR_RESCHEDULE
[2026-02-02T16:39:07.099+0000] {taskinstance.py:341} INFO - ::group::Post task execution logs
[2026-02-02T16:39:07.121+0000] {local_task_job_runner.py:266} INFO - Task exited with return code 0
[2026-02-02T16:39:07.145+0000] {taskinstance.py:3901} INFO - 0 downstream tasks scheduled from follow-on schedule check
[2026-02-02T16:39:07.146+0000] {local_task_job_runner.py:245} INFO - ::endgroup::
[2026-02-02T16:40:07.764+0000] {local_task_job_runner.py:123} INFO - ::group::Pre task execution logs
[2026-02-02T16:40:07.780+0000] {taskinstance.py:2614} INFO - Dependencies all met for dep_context=non-requeueable deps ti=<TaskInstance: parse_iot.check_download_complete manual__2026-02-02T16:01:14.843614+00:00 [queued]>
[2026-02-02T16:40:07.786+0000] {taskinstance.py:2614} INFO - Dependencies all met for dep_context=requeueable deps ti=<TaskInstance: parse_iot.check_download_complete manual__2026-02-02T16:01:14.843614+00:00 [queued]>
[2026-02-02T16:40:07.786+0000] {taskinstance.py:2867} INFO - Starting attempt 3 of 4
[2026-02-02T16:40:07.793+0000] {taskinstance.py:2890} INFO - Executing <Task(ExternalTaskSensor): check_download_complete> on 2026-02-02 16:01:14.843614+00:00
[2026-02-02T16:40:07.798+0000] {standard_task_runner.py:72} INFO - Started process 744 to run task
[2026-02-02T16:40:07.800+0000] {standard_task_runner.py:104} INFO - Running: ['***', 'tasks', 'run', 'parse_iot', 'check_download_complete', 'manual__2026-02-02T16:01:14.843614+00:00', '--job-id', '213', '--raw', '--subdir', 'DAGS_FOLDER/parse_iot.py', '--cfg-path', '/tmp/tmpb3l441j8']
[2026-02-02T16:40:07.801+0000] {standard_task_runner.py:105} INFO - Job 213: Subtask check_download_complete
[2026-02-02T16:40:07.810+0000] {warnings.py:109} WARNING - /home/***/.local/lib/python3.9/site-packages/***/settings.py:209: DeprecationWarning: The sql_alchemy_conn option in [core] has been moved to the sql_alchemy_conn option in [database] - the old setting has been used, but please update your config.
  SQL_ALCHEMY_CONN = conf.get("database", "SQL_ALCHEMY_CONN")

[2026-02-02T16:40:07.830+0000] {task_command.py:467} INFO - Running <TaskInstance: parse_iot.check_download_complete manual__2026-02-02T16:01:14.843614+00:00 [running]> on host 62d0328142ca
[2026-02-02T16:40:07.877+0000] {taskinstance.py:3134} INFO - Exporting env vars: AIRFLOW_CTX_DAG_OWNER='a.sorokin' AIRFLOW_CTX_DAG_ID='parse_iot' AIRFLOW_CTX_TASK_ID='check_download_complete' AIRFLOW_CTX_EXECUTION_DATE='2026-02-02T16:01:14.843614+00:00' AIRFLOW_CTX_TRY_NUMBER='3' AIRFLOW_CTX_DAG_RUN_ID='manual__2026-02-02T16:01:14.843614+00:00'
[2026-02-02T16:40:07.878+0000] {taskinstance.py:732} INFO - ::endgroup::
[2026-02-02T16:40:07.885+0000] {baseoperator.py:423} WARNING - ExternalTaskSensor.execute cannot be called outside TaskInstance!
[2026-02-02T16:40:07.891+0000] {external_task.py:274} INFO - Poking for DAG 'download_iot' on 2026-02-02T16:01:14.843614+00:00 ... 
[2026-02-02T16:40:07.891+0000] {warnings.py:109} WARNING - /home/***/.local/lib/python3.9/site-packages/***/utils/session.py:97: DeprecationWarning: This method is deprecated and will be removed in future.
  return func(*args, session=session, **kwargs)

[2026-02-02T16:40:07.908+0000] {taskinstance.py:310} INFO - Rescheduling task, marking task as UP_FOR_RESCHEDULE
[2026-02-02T16:40:07.908+0000] {taskinstance.py:341} INFO - ::group::Post task execution logs
[2026-02-02T16:40:07.931+0000] {local_task_job_runner.py:266} INFO - Task exited with return code 0
[2026-02-02T16:40:07.955+0000] {taskinstance.py:3901} INFO - 0 downstream tasks scheduled from follow-on schedule check
[2026-02-02T16:40:07.956+0000] {local_task_job_runner.py:245} INFO - ::endgroup::
[2026-02-02T16:41:08.598+0000] {local_task_job_runner.py:123} INFO - ::group::Pre task execution logs
[2026-02-02T16:41:08.614+0000] {taskinstance.py:2614} INFO - Dependencies all met for dep_context=non-requeueable deps ti=<TaskInstance: parse_iot.check_download_complete manual__2026-02-02T16:01:14.843614+00:00 [queued]>
[2026-02-02T16:41:08.620+0000] {taskinstance.py:2614} INFO - Dependencies all met for dep_context=requeueable deps ti=<TaskInstance: parse_iot.check_download_complete manual__2026-02-02T16:01:14.843614+00:00 [queued]>
[2026-02-02T16:41:08.621+0000] {taskinstance.py:2867} INFO - Starting attempt 3 of 4
[2026-02-02T16:41:08.627+0000] {taskinstance.py:2890} INFO - Executing <Task(ExternalTaskSensor): check_download_complete> on 2026-02-02 16:01:14.843614+00:00
[2026-02-02T16:41:08.632+0000] {standard_task_runner.py:72} INFO - Started process 756 to run task
[2026-02-02T16:41:08.634+0000] {standard_task_runner.py:104} INFO - Running: ['***', 'tasks', 'run', 'parse_iot', 'check_download_complete', 'manual__2026-02-02T16:01:14.843614+00:00', '--job-id', '216', '--raw', '--subdir', 'DAGS_FOLDER/parse_iot.py', '--cfg-path', '/tmp/tmph3fpye53']
[2026-02-02T16:41:08.636+0000] {standard_task_runner.py:105} INFO - Job 216: Subtask check_download_complete
[2026-02-02T16:41:08.645+0000] {warnings.py:109} WARNING - /home/***/.local/lib/python3.9/site-packages/***/settings.py:209: DeprecationWarning: The sql_alchemy_conn option in [core] has been moved to the sql_alchemy_conn option in [database] - the old setting has been used, but please update your config.
  SQL_ALCHEMY_CONN = conf.get("database", "SQL_ALCHEMY_CONN")

[2026-02-02T16:41:08.666+0000] {task_command.py:467} INFO - Running <TaskInstance: parse_iot.check_download_complete manual__2026-02-02T16:01:14.843614+00:00 [running]> on host 62d0328142ca
[2026-02-02T16:41:08.713+0000] {taskinstance.py:3134} INFO - Exporting env vars: AIRFLOW_CTX_DAG_OWNER='a.sorokin' AIRFLOW_CTX_DAG_ID='parse_iot' AIRFLOW_CTX_TASK_ID='check_download_complete' AIRFLOW_CTX_EXECUTION_DATE='2026-02-02T16:01:14.843614+00:00' AIRFLOW_CTX_TRY_NUMBER='3' AIRFLOW_CTX_DAG_RUN_ID='manual__2026-02-02T16:01:14.843614+00:00'
[2026-02-02T16:41:08.714+0000] {taskinstance.py:732} INFO - ::endgroup::
[2026-02-02T16:41:08.721+0000] {baseoperator.py:423} WARNING - ExternalTaskSensor.execute cannot be called outside TaskInstance!
[2026-02-02T16:41:08.727+0000] {external_task.py:274} INFO - Poking for DAG 'download_iot' on 2026-02-02T16:01:14.843614+00:00 ... 
[2026-02-02T16:41:08.727+0000] {warnings.py:109} WARNING - /home/***/.local/lib/python3.9/site-packages/***/utils/session.py:97: DeprecationWarning: This method is deprecated and will be removed in future.
  return func(*args, session=session, **kwargs)

[2026-02-02T16:41:08.744+0000] {taskinstance.py:310} INFO - Rescheduling task, marking task as UP_FOR_RESCHEDULE
[2026-02-02T16:41:08.744+0000] {taskinstance.py:341} INFO - ::group::Post task execution logs
[2026-02-02T16:41:08.766+0000] {local_task_job_runner.py:266} INFO - Task exited with return code 0
[2026-02-02T16:41:08.791+0000] {taskinstance.py:3901} INFO - 0 downstream tasks scheduled from follow-on schedule check
[2026-02-02T16:41:08.792+0000] {local_task_job_runner.py:245} INFO - ::endgroup::
[2026-02-02T16:42:09.471+0000] {local_task_job_runner.py:123} INFO - ::group::Pre task execution logs
[2026-02-02T16:42:09.487+0000] {taskinstance.py:2614} INFO - Dependencies all met for dep_context=non-requeueable deps ti=<TaskInstance: parse_iot.check_download_complete manual__2026-02-02T16:01:14.843614+00:00 [queued]>
[2026-02-02T16:42:09.493+0000] {taskinstance.py:2614} INFO - Dependencies all met for dep_context=requeueable deps ti=<TaskInstance: parse_iot.check_download_complete manual__2026-02-02T16:01:14.843614+00:00 [queued]>
[2026-02-02T16:42:09.493+0000] {taskinstance.py:2867} INFO - Starting attempt 3 of 4
[2026-02-02T16:42:09.500+0000] {taskinstance.py:2890} INFO - Executing <Task(ExternalTaskSensor): check_download_complete> on 2026-02-02 16:01:14.843614+00:00
[2026-02-02T16:42:09.504+0000] {standard_task_runner.py:72} INFO - Started process 772 to run task
[2026-02-02T16:42:09.506+0000] {standard_task_runner.py:104} INFO - Running: ['***', 'tasks', 'run', 'parse_iot', 'check_download_complete', 'manual__2026-02-02T16:01:14.843614+00:00', '--job-id', '220', '--raw', '--subdir', 'DAGS_FOLDER/parse_iot.py', '--cfg-path', '/tmp/tmpp0ltyx77']
[2026-02-02T16:42:09.508+0000] {standard_task_runner.py:105} INFO - Job 220: Subtask check_download_complete
[2026-02-02T16:42:09.516+0000] {warnings.py:109} WARNING - /home/***/.local/lib/python3.9/site-packages/***/settings.py:209: DeprecationWarning: The sql_alchemy_conn option in [core] has been moved to the sql_alchemy_conn option in [database] - the old setting has been used, but please update your config.
  SQL_ALCHEMY_CONN = conf.get("database", "SQL_ALCHEMY_CONN")

[2026-02-02T16:42:09.536+0000] {task_command.py:467} INFO - Running <TaskInstance: parse_iot.check_download_complete manual__2026-02-02T16:01:14.843614+00:00 [running]> on host 62d0328142ca
[2026-02-02T16:42:09.582+0000] {taskinstance.py:3134} INFO - Exporting env vars: AIRFLOW_CTX_DAG_OWNER='a.sorokin' AIRFLOW_CTX_DAG_ID='parse_iot' AIRFLOW_CTX_TASK_ID='check_download_complete' AIRFLOW_CTX_EXECUTION_DATE='2026-02-02T16:01:14.843614+00:00' AIRFLOW_CTX_TRY_NUMBER='3' AIRFLOW_CTX_DAG_RUN_ID='manual__2026-02-02T16:01:14.843614+00:00'
[2026-02-02T16:42:09.583+0000] {taskinstance.py:732} INFO - ::endgroup::
[2026-02-02T16:42:09.590+0000] {baseoperator.py:423} WARNING - ExternalTaskSensor.execute cannot be called outside TaskInstance!
[2026-02-02T16:42:09.595+0000] {external_task.py:274} INFO - Poking for DAG 'download_iot' on 2026-02-02T16:01:14.843614+00:00 ... 
[2026-02-02T16:42:09.596+0000] {warnings.py:109} WARNING - /home/***/.local/lib/python3.9/site-packages/***/utils/session.py:97: DeprecationWarning: This method is deprecated and will be removed in future.
  return func(*args, session=session, **kwargs)

[2026-02-02T16:42:09.612+0000] {taskinstance.py:310} INFO - Rescheduling task, marking task as UP_FOR_RESCHEDULE
[2026-02-02T16:42:09.612+0000] {taskinstance.py:341} INFO - ::group::Post task execution logs
[2026-02-02T16:42:09.638+0000] {local_task_job_runner.py:266} INFO - Task exited with return code 0
[2026-02-02T16:42:09.662+0000] {taskinstance.py:3901} INFO - 0 downstream tasks scheduled from follow-on schedule check
[2026-02-02T16:42:09.663+0000] {local_task_job_runner.py:245} INFO - ::endgroup::
[2026-02-02T16:43:10.293+0000] {local_task_job_runner.py:123} INFO - ::group::Pre task execution logs
[2026-02-02T16:43:10.307+0000] {taskinstance.py:2614} INFO - Dependencies all met for dep_context=non-requeueable deps ti=<TaskInstance: parse_iot.check_download_complete manual__2026-02-02T16:01:14.843614+00:00 [queued]>
[2026-02-02T16:43:10.313+0000] {taskinstance.py:2614} INFO - Dependencies all met for dep_context=requeueable deps ti=<TaskInstance: parse_iot.check_download_complete manual__2026-02-02T16:01:14.843614+00:00 [queued]>
[2026-02-02T16:43:10.313+0000] {taskinstance.py:2867} INFO - Starting attempt 3 of 4
[2026-02-02T16:43:10.319+0000] {taskinstance.py:2890} INFO - Executing <Task(ExternalTaskSensor): check_download_complete> on 2026-02-02 16:01:14.843614+00:00
[2026-02-02T16:43:10.323+0000] {standard_task_runner.py:72} INFO - Started process 784 to run task
[2026-02-02T16:43:10.325+0000] {standard_task_runner.py:104} INFO - Running: ['***', 'tasks', 'run', 'parse_iot', 'check_download_complete', 'manual__2026-02-02T16:01:14.843614+00:00', '--job-id', '223', '--raw', '--subdir', 'DAGS_FOLDER/parse_iot.py', '--cfg-path', '/tmp/tmpxdclnzh9']
[2026-02-02T16:43:10.327+0000] {standard_task_runner.py:105} INFO - Job 223: Subtask check_download_complete
[2026-02-02T16:43:10.334+0000] {warnings.py:109} WARNING - /home/***/.local/lib/python3.9/site-packages/***/settings.py:209: DeprecationWarning: The sql_alchemy_conn option in [core] has been moved to the sql_alchemy_conn option in [database] - the old setting has been used, but please update your config.
  SQL_ALCHEMY_CONN = conf.get("database", "SQL_ALCHEMY_CONN")

[2026-02-02T16:43:10.353+0000] {task_command.py:467} INFO - Running <TaskInstance: parse_iot.check_download_complete manual__2026-02-02T16:01:14.843614+00:00 [running]> on host 62d0328142ca
[2026-02-02T16:43:10.399+0000] {taskinstance.py:3134} INFO - Exporting env vars: AIRFLOW_CTX_DAG_OWNER='a.sorokin' AIRFLOW_CTX_DAG_ID='parse_iot' AIRFLOW_CTX_TASK_ID='check_download_complete' AIRFLOW_CTX_EXECUTION_DATE='2026-02-02T16:01:14.843614+00:00' AIRFLOW_CTX_TRY_NUMBER='3' AIRFLOW_CTX_DAG_RUN_ID='manual__2026-02-02T16:01:14.843614+00:00'
[2026-02-02T16:43:10.400+0000] {taskinstance.py:732} INFO - ::endgroup::
[2026-02-02T16:43:10.407+0000] {baseoperator.py:423} WARNING - ExternalTaskSensor.execute cannot be called outside TaskInstance!
[2026-02-02T16:43:10.413+0000] {external_task.py:274} INFO - Poking for DAG 'download_iot' on 2026-02-02T16:01:14.843614+00:00 ... 
[2026-02-02T16:43:10.414+0000] {warnings.py:109} WARNING - /home/***/.local/lib/python3.9/site-packages/***/utils/session.py:97: DeprecationWarning: This method is deprecated and will be removed in future.
  return func(*args, session=session, **kwargs)

[2026-02-02T16:43:10.431+0000] {taskinstance.py:310} INFO - Rescheduling task, marking task as UP_FOR_RESCHEDULE
[2026-02-02T16:43:10.432+0000] {taskinstance.py:341} INFO - ::group::Post task execution logs
[2026-02-02T16:43:10.457+0000] {local_task_job_runner.py:266} INFO - Task exited with return code 0
[2026-02-02T16:43:10.479+0000] {taskinstance.py:3901} INFO - 0 downstream tasks scheduled from follow-on schedule check
[2026-02-02T16:43:10.480+0000] {local_task_job_runner.py:245} INFO - ::endgroup::
[2026-02-02T16:44:11.037+0000] {local_task_job_runner.py:123} INFO - ::group::Pre task execution logs
[2026-02-02T16:44:11.057+0000] {taskinstance.py:2614} INFO - Dependencies all met for dep_context=non-requeueable deps ti=<TaskInstance: parse_iot.check_download_complete manual__2026-02-02T16:01:14.843614+00:00 [queued]>
[2026-02-02T16:44:11.064+0000] {taskinstance.py:2614} INFO - Dependencies all met for dep_context=requeueable deps ti=<TaskInstance: parse_iot.check_download_complete manual__2026-02-02T16:01:14.843614+00:00 [queued]>
[2026-02-02T16:44:11.064+0000] {taskinstance.py:2867} INFO - Starting attempt 3 of 4
[2026-02-02T16:44:11.072+0000] {taskinstance.py:2890} INFO - Executing <Task(ExternalTaskSensor): check_download_complete> on 2026-02-02 16:01:14.843614+00:00
[2026-02-02T16:44:11.077+0000] {standard_task_runner.py:72} INFO - Started process 796 to run task
[2026-02-02T16:44:11.079+0000] {standard_task_runner.py:104} INFO - Running: ['***', 'tasks', 'run', 'parse_iot', 'check_download_complete', 'manual__2026-02-02T16:01:14.843614+00:00', '--job-id', '226', '--raw', '--subdir', 'DAGS_FOLDER/parse_iot.py', '--cfg-path', '/tmp/tmpn98w1u_h']
[2026-02-02T16:44:11.080+0000] {standard_task_runner.py:105} INFO - Job 226: Subtask check_download_complete
[2026-02-02T16:44:11.089+0000] {warnings.py:109} WARNING - /home/***/.local/lib/python3.9/site-packages/***/settings.py:209: DeprecationWarning: The sql_alchemy_conn option in [core] has been moved to the sql_alchemy_conn option in [database] - the old setting has been used, but please update your config.
  SQL_ALCHEMY_CONN = conf.get("database", "SQL_ALCHEMY_CONN")

[2026-02-02T16:44:11.109+0000] {task_command.py:467} INFO - Running <TaskInstance: parse_iot.check_download_complete manual__2026-02-02T16:01:14.843614+00:00 [running]> on host 62d0328142ca
[2026-02-02T16:44:11.153+0000] {taskinstance.py:3134} INFO - Exporting env vars: AIRFLOW_CTX_DAG_OWNER='a.sorokin' AIRFLOW_CTX_DAG_ID='parse_iot' AIRFLOW_CTX_TASK_ID='check_download_complete' AIRFLOW_CTX_EXECUTION_DATE='2026-02-02T16:01:14.843614+00:00' AIRFLOW_CTX_TRY_NUMBER='3' AIRFLOW_CTX_DAG_RUN_ID='manual__2026-02-02T16:01:14.843614+00:00'
[2026-02-02T16:44:11.153+0000] {taskinstance.py:732} INFO - ::endgroup::
[2026-02-02T16:44:11.160+0000] {baseoperator.py:423} WARNING - ExternalTaskSensor.execute cannot be called outside TaskInstance!
[2026-02-02T16:44:11.166+0000] {external_task.py:274} INFO - Poking for DAG 'download_iot' on 2026-02-02T16:01:14.843614+00:00 ... 
[2026-02-02T16:44:11.166+0000] {warnings.py:109} WARNING - /home/***/.local/lib/python3.9/site-packages/***/utils/session.py:97: DeprecationWarning: This method is deprecated and will be removed in future.
  return func(*args, session=session, **kwargs)

[2026-02-02T16:44:11.181+0000] {taskinstance.py:310} INFO - Rescheduling task, marking task as UP_FOR_RESCHEDULE
[2026-02-02T16:44:11.182+0000] {taskinstance.py:341} INFO - ::group::Post task execution logs
[2026-02-02T16:44:11.211+0000] {local_task_job_runner.py:266} INFO - Task exited with return code 0
[2026-02-02T16:44:11.233+0000] {taskinstance.py:3901} INFO - 0 downstream tasks scheduled from follow-on schedule check
[2026-02-02T16:44:11.234+0000] {local_task_job_runner.py:245} INFO - ::endgroup::
