[2026-02-02T16:19:29.167+0000] {local_task_job_runner.py:123} INFO - ::group::Pre task execution logs
[2026-02-02T16:19:29.183+0000] {taskinstance.py:2614} INFO - Dependencies all met for dep_context=non-requeueable deps ti=<TaskInstance: parse_iot.check_download_complete manual__2026-02-02T16:01:14.843614+00:00 [queued]>
[2026-02-02T16:19:29.190+0000] {taskinstance.py:2614} INFO - Dependencies all met for dep_context=requeueable deps ti=<TaskInstance: parse_iot.check_download_complete manual__2026-02-02T16:01:14.843614+00:00 [queued]>
[2026-02-02T16:19:29.191+0000] {taskinstance.py:2867} INFO - Starting attempt 2 of 4
[2026-02-02T16:19:29.198+0000] {taskinstance.py:2890} INFO - Executing <Task(ExternalTaskSensor): check_download_complete> on 2026-02-02 16:01:14.843614+00:00
[2026-02-02T16:19:29.204+0000] {standard_task_runner.py:72} INFO - Started process 506 to run task
[2026-02-02T16:19:29.206+0000] {standard_task_runner.py:104} INFO - Running: ['***', 'tasks', 'run', 'parse_iot', 'check_download_complete', 'manual__2026-02-02T16:01:14.843614+00:00', '--job-id', '155', '--raw', '--subdir', 'DAGS_FOLDER/parse_iot.py', '--cfg-path', '/tmp/tmpdejyk3k6']
[2026-02-02T16:19:29.207+0000] {standard_task_runner.py:105} INFO - Job 155: Subtask check_download_complete
[2026-02-02T16:19:29.216+0000] {warnings.py:109} WARNING - /home/***/.local/lib/python3.9/site-packages/***/settings.py:209: DeprecationWarning: The sql_alchemy_conn option in [core] has been moved to the sql_alchemy_conn option in [database] - the old setting has been used, but please update your config.
  SQL_ALCHEMY_CONN = conf.get("database", "SQL_ALCHEMY_CONN")

[2026-02-02T16:19:29.238+0000] {task_command.py:467} INFO - Running <TaskInstance: parse_iot.check_download_complete manual__2026-02-02T16:01:14.843614+00:00 [running]> on host 62d0328142ca
[2026-02-02T16:19:29.290+0000] {taskinstance.py:3134} INFO - Exporting env vars: AIRFLOW_CTX_DAG_OWNER='a.sorokin' AIRFLOW_CTX_DAG_ID='parse_iot' AIRFLOW_CTX_TASK_ID='check_download_complete' AIRFLOW_CTX_EXECUTION_DATE='2026-02-02T16:01:14.843614+00:00' AIRFLOW_CTX_TRY_NUMBER='2' AIRFLOW_CTX_DAG_RUN_ID='manual__2026-02-02T16:01:14.843614+00:00'
[2026-02-02T16:19:29.291+0000] {taskinstance.py:732} INFO - ::endgroup::
[2026-02-02T16:19:29.303+0000] {baseoperator.py:423} WARNING - ExternalTaskSensor.execute cannot be called outside TaskInstance!
[2026-02-02T16:19:29.310+0000] {external_task.py:274} INFO - Poking for DAG 'download_iot' on 2026-02-02T16:01:14.843614+00:00 ... 
[2026-02-02T16:19:29.310+0000] {warnings.py:109} WARNING - /home/***/.local/lib/python3.9/site-packages/***/utils/session.py:97: DeprecationWarning: This method is deprecated and will be removed in future.
  return func(*args, session=session, **kwargs)

[2026-02-02T16:19:29.328+0000] {taskinstance.py:310} INFO - Rescheduling task, marking task as UP_FOR_RESCHEDULE
[2026-02-02T16:19:29.328+0000] {taskinstance.py:341} INFO - ::group::Post task execution logs
[2026-02-02T16:19:29.338+0000] {local_task_job_runner.py:266} INFO - Task exited with return code 0
[2026-02-02T16:19:29.362+0000] {taskinstance.py:3901} INFO - 0 downstream tasks scheduled from follow-on schedule check
[2026-02-02T16:19:29.362+0000] {local_task_job_runner.py:245} INFO - ::endgroup::
[2026-02-02T16:20:30.702+0000] {local_task_job_runner.py:123} INFO - ::group::Pre task execution logs
[2026-02-02T16:20:30.717+0000] {taskinstance.py:2614} INFO - Dependencies all met for dep_context=non-requeueable deps ti=<TaskInstance: parse_iot.check_download_complete manual__2026-02-02T16:01:14.843614+00:00 [queued]>
[2026-02-02T16:20:30.724+0000] {taskinstance.py:2614} INFO - Dependencies all met for dep_context=requeueable deps ti=<TaskInstance: parse_iot.check_download_complete manual__2026-02-02T16:01:14.843614+00:00 [queued]>
[2026-02-02T16:20:30.724+0000] {taskinstance.py:2867} INFO - Starting attempt 2 of 4
[2026-02-02T16:20:30.730+0000] {taskinstance.py:2890} INFO - Executing <Task(ExternalTaskSensor): check_download_complete> on 2026-02-02 16:01:14.843614+00:00
[2026-02-02T16:20:30.735+0000] {standard_task_runner.py:72} INFO - Started process 518 to run task
[2026-02-02T16:20:30.737+0000] {standard_task_runner.py:104} INFO - Running: ['***', 'tasks', 'run', 'parse_iot', 'check_download_complete', 'manual__2026-02-02T16:01:14.843614+00:00', '--job-id', '158', '--raw', '--subdir', 'DAGS_FOLDER/parse_iot.py', '--cfg-path', '/tmp/tmpojryk7pe']
[2026-02-02T16:20:30.739+0000] {standard_task_runner.py:105} INFO - Job 158: Subtask check_download_complete
[2026-02-02T16:20:30.748+0000] {warnings.py:109} WARNING - /home/***/.local/lib/python3.9/site-packages/***/settings.py:209: DeprecationWarning: The sql_alchemy_conn option in [core] has been moved to the sql_alchemy_conn option in [database] - the old setting has been used, but please update your config.
  SQL_ALCHEMY_CONN = conf.get("database", "SQL_ALCHEMY_CONN")

[2026-02-02T16:20:30.769+0000] {task_command.py:467} INFO - Running <TaskInstance: parse_iot.check_download_complete manual__2026-02-02T16:01:14.843614+00:00 [running]> on host 62d0328142ca
[2026-02-02T16:20:30.816+0000] {taskinstance.py:3134} INFO - Exporting env vars: AIRFLOW_CTX_DAG_OWNER='a.sorokin' AIRFLOW_CTX_DAG_ID='parse_iot' AIRFLOW_CTX_TASK_ID='check_download_complete' AIRFLOW_CTX_EXECUTION_DATE='2026-02-02T16:01:14.843614+00:00' AIRFLOW_CTX_TRY_NUMBER='2' AIRFLOW_CTX_DAG_RUN_ID='manual__2026-02-02T16:01:14.843614+00:00'
[2026-02-02T16:20:30.817+0000] {taskinstance.py:732} INFO - ::endgroup::
[2026-02-02T16:20:30.827+0000] {baseoperator.py:423} WARNING - ExternalTaskSensor.execute cannot be called outside TaskInstance!
[2026-02-02T16:20:30.833+0000] {external_task.py:274} INFO - Poking for DAG 'download_iot' on 2026-02-02T16:01:14.843614+00:00 ... 
[2026-02-02T16:20:30.833+0000] {warnings.py:109} WARNING - /home/***/.local/lib/python3.9/site-packages/***/utils/session.py:97: DeprecationWarning: This method is deprecated and will be removed in future.
  return func(*args, session=session, **kwargs)

[2026-02-02T16:20:30.854+0000] {taskinstance.py:310} INFO - Rescheduling task, marking task as UP_FOR_RESCHEDULE
[2026-02-02T16:20:30.854+0000] {taskinstance.py:341} INFO - ::group::Post task execution logs
[2026-02-02T16:20:30.869+0000] {local_task_job_runner.py:266} INFO - Task exited with return code 0
[2026-02-02T16:20:30.893+0000] {taskinstance.py:3901} INFO - 0 downstream tasks scheduled from follow-on schedule check
[2026-02-02T16:20:30.894+0000] {local_task_job_runner.py:245} INFO - ::endgroup::
[2026-02-02T16:21:33.332+0000] {local_task_job_runner.py:123} INFO - ::group::Pre task execution logs
[2026-02-02T16:21:33.350+0000] {taskinstance.py:2614} INFO - Dependencies all met for dep_context=non-requeueable deps ti=<TaskInstance: parse_iot.check_download_complete manual__2026-02-02T16:01:14.843614+00:00 [queued]>
[2026-02-02T16:21:33.358+0000] {taskinstance.py:2614} INFO - Dependencies all met for dep_context=requeueable deps ti=<TaskInstance: parse_iot.check_download_complete manual__2026-02-02T16:01:14.843614+00:00 [queued]>
[2026-02-02T16:21:33.358+0000] {taskinstance.py:2867} INFO - Starting attempt 2 of 4
[2026-02-02T16:21:33.367+0000] {taskinstance.py:2890} INFO - Executing <Task(ExternalTaskSensor): check_download_complete> on 2026-02-02 16:01:14.843614+00:00
[2026-02-02T16:21:33.372+0000] {standard_task_runner.py:72} INFO - Started process 530 to run task
[2026-02-02T16:21:33.377+0000] {standard_task_runner.py:104} INFO - Running: ['***', 'tasks', 'run', 'parse_iot', 'check_download_complete', 'manual__2026-02-02T16:01:14.843614+00:00', '--job-id', '161', '--raw', '--subdir', 'DAGS_FOLDER/parse_iot.py', '--cfg-path', '/tmp/tmp95ivm9ai']
[2026-02-02T16:21:33.379+0000] {standard_task_runner.py:105} INFO - Job 161: Subtask check_download_complete
[2026-02-02T16:21:33.389+0000] {warnings.py:109} WARNING - /home/***/.local/lib/python3.9/site-packages/***/settings.py:209: DeprecationWarning: The sql_alchemy_conn option in [core] has been moved to the sql_alchemy_conn option in [database] - the old setting has been used, but please update your config.
  SQL_ALCHEMY_CONN = conf.get("database", "SQL_ALCHEMY_CONN")

[2026-02-02T16:21:33.426+0000] {task_command.py:467} INFO - Running <TaskInstance: parse_iot.check_download_complete manual__2026-02-02T16:01:14.843614+00:00 [running]> on host 62d0328142ca
[2026-02-02T16:21:33.514+0000] {taskinstance.py:3134} INFO - Exporting env vars: AIRFLOW_CTX_DAG_OWNER='a.sorokin' AIRFLOW_CTX_DAG_ID='parse_iot' AIRFLOW_CTX_TASK_ID='check_download_complete' AIRFLOW_CTX_EXECUTION_DATE='2026-02-02T16:01:14.843614+00:00' AIRFLOW_CTX_TRY_NUMBER='2' AIRFLOW_CTX_DAG_RUN_ID='manual__2026-02-02T16:01:14.843614+00:00'
[2026-02-02T16:21:33.514+0000] {taskinstance.py:732} INFO - ::endgroup::
[2026-02-02T16:21:33.526+0000] {baseoperator.py:423} WARNING - ExternalTaskSensor.execute cannot be called outside TaskInstance!
[2026-02-02T16:21:33.532+0000] {external_task.py:274} INFO - Poking for DAG 'download_iot' on 2026-02-02T16:01:14.843614+00:00 ... 
[2026-02-02T16:21:33.533+0000] {warnings.py:109} WARNING - /home/***/.local/lib/python3.9/site-packages/***/utils/session.py:97: DeprecationWarning: This method is deprecated and will be removed in future.
  return func(*args, session=session, **kwargs)

[2026-02-02T16:21:33.555+0000] {taskinstance.py:310} INFO - Rescheduling task, marking task as UP_FOR_RESCHEDULE
[2026-02-02T16:21:33.555+0000] {taskinstance.py:341} INFO - ::group::Post task execution logs
[2026-02-02T16:21:33.589+0000] {local_task_job_runner.py:266} INFO - Task exited with return code 0
[2026-02-02T16:21:33.616+0000] {taskinstance.py:3901} INFO - 0 downstream tasks scheduled from follow-on schedule check
[2026-02-02T16:21:33.617+0000] {local_task_job_runner.py:245} INFO - ::endgroup::
[2026-02-02T16:22:35.299+0000] {local_task_job_runner.py:123} INFO - ::group::Pre task execution logs
[2026-02-02T16:22:35.315+0000] {taskinstance.py:2614} INFO - Dependencies all met for dep_context=non-requeueable deps ti=<TaskInstance: parse_iot.check_download_complete manual__2026-02-02T16:01:14.843614+00:00 [queued]>
[2026-02-02T16:22:35.321+0000] {taskinstance.py:2614} INFO - Dependencies all met for dep_context=requeueable deps ti=<TaskInstance: parse_iot.check_download_complete manual__2026-02-02T16:01:14.843614+00:00 [queued]>
[2026-02-02T16:22:35.321+0000] {taskinstance.py:2867} INFO - Starting attempt 2 of 4
[2026-02-02T16:22:35.328+0000] {taskinstance.py:2890} INFO - Executing <Task(ExternalTaskSensor): check_download_complete> on 2026-02-02 16:01:14.843614+00:00
[2026-02-02T16:22:35.332+0000] {standard_task_runner.py:72} INFO - Started process 542 to run task
[2026-02-02T16:22:35.334+0000] {standard_task_runner.py:104} INFO - Running: ['***', 'tasks', 'run', 'parse_iot', 'check_download_complete', 'manual__2026-02-02T16:01:14.843614+00:00', '--job-id', '164', '--raw', '--subdir', 'DAGS_FOLDER/parse_iot.py', '--cfg-path', '/tmp/tmp9vwf65zh']
[2026-02-02T16:22:35.336+0000] {standard_task_runner.py:105} INFO - Job 164: Subtask check_download_complete
[2026-02-02T16:22:35.345+0000] {warnings.py:109} WARNING - /home/***/.local/lib/python3.9/site-packages/***/settings.py:209: DeprecationWarning: The sql_alchemy_conn option in [core] has been moved to the sql_alchemy_conn option in [database] - the old setting has been used, but please update your config.
  SQL_ALCHEMY_CONN = conf.get("database", "SQL_ALCHEMY_CONN")

[2026-02-02T16:22:35.367+0000] {task_command.py:467} INFO - Running <TaskInstance: parse_iot.check_download_complete manual__2026-02-02T16:01:14.843614+00:00 [running]> on host 62d0328142ca
[2026-02-02T16:22:35.411+0000] {taskinstance.py:3134} INFO - Exporting env vars: AIRFLOW_CTX_DAG_OWNER='a.sorokin' AIRFLOW_CTX_DAG_ID='parse_iot' AIRFLOW_CTX_TASK_ID='check_download_complete' AIRFLOW_CTX_EXECUTION_DATE='2026-02-02T16:01:14.843614+00:00' AIRFLOW_CTX_TRY_NUMBER='2' AIRFLOW_CTX_DAG_RUN_ID='manual__2026-02-02T16:01:14.843614+00:00'
[2026-02-02T16:22:35.412+0000] {taskinstance.py:732} INFO - ::endgroup::
[2026-02-02T16:22:35.421+0000] {baseoperator.py:423} WARNING - ExternalTaskSensor.execute cannot be called outside TaskInstance!
[2026-02-02T16:22:35.427+0000] {external_task.py:274} INFO - Poking for DAG 'download_iot' on 2026-02-02T16:01:14.843614+00:00 ... 
[2026-02-02T16:22:35.427+0000] {warnings.py:109} WARNING - /home/***/.local/lib/python3.9/site-packages/***/utils/session.py:97: DeprecationWarning: This method is deprecated and will be removed in future.
  return func(*args, session=session, **kwargs)

[2026-02-02T16:22:35.444+0000] {taskinstance.py:310} INFO - Rescheduling task, marking task as UP_FOR_RESCHEDULE
[2026-02-02T16:22:35.444+0000] {taskinstance.py:341} INFO - ::group::Post task execution logs
[2026-02-02T16:22:35.466+0000] {local_task_job_runner.py:266} INFO - Task exited with return code 0
[2026-02-02T16:22:35.487+0000] {taskinstance.py:3901} INFO - 0 downstream tasks scheduled from follow-on schedule check
[2026-02-02T16:22:35.488+0000] {local_task_job_runner.py:245} INFO - ::endgroup::
[2026-02-02T16:23:43.645+0000] {local_task_job_runner.py:123} INFO - ::group::Pre task execution logs
[2026-02-02T16:23:43.670+0000] {taskinstance.py:2614} INFO - Dependencies all met for dep_context=non-requeueable deps ti=<TaskInstance: parse_iot.check_download_complete manual__2026-02-02T16:01:14.843614+00:00 [queued]>
[2026-02-02T16:23:43.682+0000] {taskinstance.py:2614} INFO - Dependencies all met for dep_context=requeueable deps ti=<TaskInstance: parse_iot.check_download_complete manual__2026-02-02T16:01:14.843614+00:00 [queued]>
[2026-02-02T16:23:43.682+0000] {taskinstance.py:2867} INFO - Starting attempt 2 of 4
[2026-02-02T16:23:43.693+0000] {taskinstance.py:2890} INFO - Executing <Task(ExternalTaskSensor): check_download_complete> on 2026-02-02 16:01:14.843614+00:00
[2026-02-02T16:23:43.701+0000] {standard_task_runner.py:72} INFO - Started process 554 to run task
[2026-02-02T16:23:43.703+0000] {standard_task_runner.py:104} INFO - Running: ['***', 'tasks', 'run', 'parse_iot', 'check_download_complete', 'manual__2026-02-02T16:01:14.843614+00:00', '--job-id', '167', '--raw', '--subdir', 'DAGS_FOLDER/parse_iot.py', '--cfg-path', '/tmp/tmpc31tvb9j']
[2026-02-02T16:23:43.706+0000] {standard_task_runner.py:105} INFO - Job 167: Subtask check_download_complete
[2026-02-02T16:23:43.716+0000] {warnings.py:109} WARNING - /home/***/.local/lib/python3.9/site-packages/***/settings.py:209: DeprecationWarning: The sql_alchemy_conn option in [core] has been moved to the sql_alchemy_conn option in [database] - the old setting has been used, but please update your config.
  SQL_ALCHEMY_CONN = conf.get("database", "SQL_ALCHEMY_CONN")

[2026-02-02T16:23:43.740+0000] {task_command.py:467} INFO - Running <TaskInstance: parse_iot.check_download_complete manual__2026-02-02T16:01:14.843614+00:00 [running]> on host 62d0328142ca
[2026-02-02T16:23:43.800+0000] {taskinstance.py:3134} INFO - Exporting env vars: AIRFLOW_CTX_DAG_OWNER='a.sorokin' AIRFLOW_CTX_DAG_ID='parse_iot' AIRFLOW_CTX_TASK_ID='check_download_complete' AIRFLOW_CTX_EXECUTION_DATE='2026-02-02T16:01:14.843614+00:00' AIRFLOW_CTX_TRY_NUMBER='2' AIRFLOW_CTX_DAG_RUN_ID='manual__2026-02-02T16:01:14.843614+00:00'
[2026-02-02T16:23:43.801+0000] {taskinstance.py:732} INFO - ::endgroup::
[2026-02-02T16:23:43.813+0000] {baseoperator.py:423} WARNING - ExternalTaskSensor.execute cannot be called outside TaskInstance!
[2026-02-02T16:23:43.820+0000] {external_task.py:274} INFO - Poking for DAG 'download_iot' on 2026-02-02T16:01:14.843614+00:00 ... 
[2026-02-02T16:23:43.821+0000] {warnings.py:109} WARNING - /home/***/.local/lib/python3.9/site-packages/***/utils/session.py:97: DeprecationWarning: This method is deprecated and will be removed in future.
  return func(*args, session=session, **kwargs)

[2026-02-02T16:23:43.843+0000] {taskinstance.py:310} INFO - Rescheduling task, marking task as UP_FOR_RESCHEDULE
[2026-02-02T16:23:43.843+0000] {taskinstance.py:341} INFO - ::group::Post task execution logs
[2026-02-02T16:23:43.875+0000] {local_task_job_runner.py:266} INFO - Task exited with return code 0
[2026-02-02T16:23:43.907+0000] {taskinstance.py:3901} INFO - 0 downstream tasks scheduled from follow-on schedule check
[2026-02-02T16:23:43.909+0000] {local_task_job_runner.py:245} INFO - ::endgroup::
[2026-02-02T16:24:44.837+0000] {local_task_job_runner.py:123} INFO - ::group::Pre task execution logs
[2026-02-02T16:24:44.852+0000] {taskinstance.py:2614} INFO - Dependencies all met for dep_context=non-requeueable deps ti=<TaskInstance: parse_iot.check_download_complete manual__2026-02-02T16:01:14.843614+00:00 [queued]>
[2026-02-02T16:24:44.858+0000] {taskinstance.py:2614} INFO - Dependencies all met for dep_context=requeueable deps ti=<TaskInstance: parse_iot.check_download_complete manual__2026-02-02T16:01:14.843614+00:00 [queued]>
[2026-02-02T16:24:44.858+0000] {taskinstance.py:2867} INFO - Starting attempt 2 of 4
[2026-02-02T16:24:44.864+0000] {taskinstance.py:2890} INFO - Executing <Task(ExternalTaskSensor): check_download_complete> on 2026-02-02 16:01:14.843614+00:00
[2026-02-02T16:24:44.869+0000] {standard_task_runner.py:72} INFO - Started process 566 to run task
[2026-02-02T16:24:44.871+0000] {standard_task_runner.py:104} INFO - Running: ['***', 'tasks', 'run', 'parse_iot', 'check_download_complete', 'manual__2026-02-02T16:01:14.843614+00:00', '--job-id', '170', '--raw', '--subdir', 'DAGS_FOLDER/parse_iot.py', '--cfg-path', '/tmp/tmp_dg15jnc']
[2026-02-02T16:24:44.873+0000] {standard_task_runner.py:105} INFO - Job 170: Subtask check_download_complete
[2026-02-02T16:24:44.881+0000] {warnings.py:109} WARNING - /home/***/.local/lib/python3.9/site-packages/***/settings.py:209: DeprecationWarning: The sql_alchemy_conn option in [core] has been moved to the sql_alchemy_conn option in [database] - the old setting has been used, but please update your config.
  SQL_ALCHEMY_CONN = conf.get("database", "SQL_ALCHEMY_CONN")

[2026-02-02T16:24:44.901+0000] {task_command.py:467} INFO - Running <TaskInstance: parse_iot.check_download_complete manual__2026-02-02T16:01:14.843614+00:00 [running]> on host 62d0328142ca
[2026-02-02T16:24:44.958+0000] {taskinstance.py:3134} INFO - Exporting env vars: AIRFLOW_CTX_DAG_OWNER='a.sorokin' AIRFLOW_CTX_DAG_ID='parse_iot' AIRFLOW_CTX_TASK_ID='check_download_complete' AIRFLOW_CTX_EXECUTION_DATE='2026-02-02T16:01:14.843614+00:00' AIRFLOW_CTX_TRY_NUMBER='2' AIRFLOW_CTX_DAG_RUN_ID='manual__2026-02-02T16:01:14.843614+00:00'
[2026-02-02T16:24:44.959+0000] {taskinstance.py:732} INFO - ::endgroup::
[2026-02-02T16:24:44.966+0000] {baseoperator.py:423} WARNING - ExternalTaskSensor.execute cannot be called outside TaskInstance!
[2026-02-02T16:24:44.972+0000] {external_task.py:274} INFO - Poking for DAG 'download_iot' on 2026-02-02T16:01:14.843614+00:00 ... 
[2026-02-02T16:24:44.972+0000] {warnings.py:109} WARNING - /home/***/.local/lib/python3.9/site-packages/***/utils/session.py:97: DeprecationWarning: This method is deprecated and will be removed in future.
  return func(*args, session=session, **kwargs)

[2026-02-02T16:24:44.990+0000] {taskinstance.py:310} INFO - Rescheduling task, marking task as UP_FOR_RESCHEDULE
[2026-02-02T16:24:44.990+0000] {taskinstance.py:341} INFO - ::group::Post task execution logs
[2026-02-02T16:24:45.003+0000] {local_task_job_runner.py:266} INFO - Task exited with return code 0
[2026-02-02T16:24:45.027+0000] {taskinstance.py:3901} INFO - 0 downstream tasks scheduled from follow-on schedule check
[2026-02-02T16:24:45.028+0000] {local_task_job_runner.py:245} INFO - ::endgroup::
[2026-02-02T16:25:45.650+0000] {local_task_job_runner.py:123} INFO - ::group::Pre task execution logs
[2026-02-02T16:25:45.665+0000] {taskinstance.py:2614} INFO - Dependencies all met for dep_context=non-requeueable deps ti=<TaskInstance: parse_iot.check_download_complete manual__2026-02-02T16:01:14.843614+00:00 [queued]>
[2026-02-02T16:25:45.671+0000] {taskinstance.py:2614} INFO - Dependencies all met for dep_context=requeueable deps ti=<TaskInstance: parse_iot.check_download_complete manual__2026-02-02T16:01:14.843614+00:00 [queued]>
[2026-02-02T16:25:45.672+0000] {taskinstance.py:2867} INFO - Starting attempt 2 of 4
[2026-02-02T16:25:45.678+0000] {taskinstance.py:2890} INFO - Executing <Task(ExternalTaskSensor): check_download_complete> on 2026-02-02 16:01:14.843614+00:00
[2026-02-02T16:25:45.683+0000] {standard_task_runner.py:72} INFO - Started process 590 to run task
[2026-02-02T16:25:45.685+0000] {standard_task_runner.py:104} INFO - Running: ['***', 'tasks', 'run', 'parse_iot', 'check_download_complete', 'manual__2026-02-02T16:01:14.843614+00:00', '--job-id', '176', '--raw', '--subdir', 'DAGS_FOLDER/parse_iot.py', '--cfg-path', '/tmp/tmpzwukqz4k']
[2026-02-02T16:25:45.686+0000] {standard_task_runner.py:105} INFO - Job 176: Subtask check_download_complete
[2026-02-02T16:25:45.695+0000] {warnings.py:109} WARNING - /home/***/.local/lib/python3.9/site-packages/***/settings.py:209: DeprecationWarning: The sql_alchemy_conn option in [core] has been moved to the sql_alchemy_conn option in [database] - the old setting has been used, but please update your config.
  SQL_ALCHEMY_CONN = conf.get("database", "SQL_ALCHEMY_CONN")

[2026-02-02T16:25:45.718+0000] {task_command.py:467} INFO - Running <TaskInstance: parse_iot.check_download_complete manual__2026-02-02T16:01:14.843614+00:00 [running]> on host 62d0328142ca
[2026-02-02T16:25:45.769+0000] {taskinstance.py:3134} INFO - Exporting env vars: AIRFLOW_CTX_DAG_OWNER='a.sorokin' AIRFLOW_CTX_DAG_ID='parse_iot' AIRFLOW_CTX_TASK_ID='check_download_complete' AIRFLOW_CTX_EXECUTION_DATE='2026-02-02T16:01:14.843614+00:00' AIRFLOW_CTX_TRY_NUMBER='2' AIRFLOW_CTX_DAG_RUN_ID='manual__2026-02-02T16:01:14.843614+00:00'
[2026-02-02T16:25:45.769+0000] {taskinstance.py:732} INFO - ::endgroup::
[2026-02-02T16:25:45.776+0000] {baseoperator.py:423} WARNING - ExternalTaskSensor.execute cannot be called outside TaskInstance!
[2026-02-02T16:25:45.783+0000] {external_task.py:274} INFO - Poking for DAG 'download_iot' on 2026-02-02T16:01:14.843614+00:00 ... 
[2026-02-02T16:25:45.783+0000] {warnings.py:109} WARNING - /home/***/.local/lib/python3.9/site-packages/***/utils/session.py:97: DeprecationWarning: This method is deprecated and will be removed in future.
  return func(*args, session=session, **kwargs)

[2026-02-02T16:25:45.804+0000] {taskinstance.py:310} INFO - Rescheduling task, marking task as UP_FOR_RESCHEDULE
[2026-02-02T16:25:45.804+0000] {taskinstance.py:341} INFO - ::group::Post task execution logs
[2026-02-02T16:25:45.816+0000] {local_task_job_runner.py:266} INFO - Task exited with return code 0
[2026-02-02T16:25:45.838+0000] {taskinstance.py:3901} INFO - 0 downstream tasks scheduled from follow-on schedule check
[2026-02-02T16:25:45.839+0000] {local_task_job_runner.py:245} INFO - ::endgroup::
[2026-02-02T16:26:46.390+0000] {local_task_job_runner.py:123} INFO - ::group::Pre task execution logs
[2026-02-02T16:26:46.405+0000] {taskinstance.py:2614} INFO - Dependencies all met for dep_context=non-requeueable deps ti=<TaskInstance: parse_iot.check_download_complete manual__2026-02-02T16:01:14.843614+00:00 [queued]>
[2026-02-02T16:26:46.411+0000] {taskinstance.py:2614} INFO - Dependencies all met for dep_context=requeueable deps ti=<TaskInstance: parse_iot.check_download_complete manual__2026-02-02T16:01:14.843614+00:00 [queued]>
[2026-02-02T16:26:46.411+0000] {taskinstance.py:2867} INFO - Starting attempt 2 of 4
[2026-02-02T16:26:46.418+0000] {taskinstance.py:2890} INFO - Executing <Task(ExternalTaskSensor): check_download_complete> on 2026-02-02 16:01:14.843614+00:00
[2026-02-02T16:26:46.422+0000] {standard_task_runner.py:72} INFO - Started process 602 to run task
[2026-02-02T16:26:46.424+0000] {standard_task_runner.py:104} INFO - Running: ['***', 'tasks', 'run', 'parse_iot', 'check_download_complete', 'manual__2026-02-02T16:01:14.843614+00:00', '--job-id', '179', '--raw', '--subdir', 'DAGS_FOLDER/parse_iot.py', '--cfg-path', '/tmp/tmpy7ucsgxh']
[2026-02-02T16:26:46.426+0000] {standard_task_runner.py:105} INFO - Job 179: Subtask check_download_complete
[2026-02-02T16:26:46.434+0000] {warnings.py:109} WARNING - /home/***/.local/lib/python3.9/site-packages/***/settings.py:209: DeprecationWarning: The sql_alchemy_conn option in [core] has been moved to the sql_alchemy_conn option in [database] - the old setting has been used, but please update your config.
  SQL_ALCHEMY_CONN = conf.get("database", "SQL_ALCHEMY_CONN")

[2026-02-02T16:26:46.454+0000] {task_command.py:467} INFO - Running <TaskInstance: parse_iot.check_download_complete manual__2026-02-02T16:01:14.843614+00:00 [running]> on host 62d0328142ca
[2026-02-02T16:26:46.501+0000] {taskinstance.py:3134} INFO - Exporting env vars: AIRFLOW_CTX_DAG_OWNER='a.sorokin' AIRFLOW_CTX_DAG_ID='parse_iot' AIRFLOW_CTX_TASK_ID='check_download_complete' AIRFLOW_CTX_EXECUTION_DATE='2026-02-02T16:01:14.843614+00:00' AIRFLOW_CTX_TRY_NUMBER='2' AIRFLOW_CTX_DAG_RUN_ID='manual__2026-02-02T16:01:14.843614+00:00'
[2026-02-02T16:26:46.501+0000] {taskinstance.py:732} INFO - ::endgroup::
[2026-02-02T16:26:46.508+0000] {baseoperator.py:423} WARNING - ExternalTaskSensor.execute cannot be called outside TaskInstance!
[2026-02-02T16:26:46.514+0000] {external_task.py:274} INFO - Poking for DAG 'download_iot' on 2026-02-02T16:01:14.843614+00:00 ... 
[2026-02-02T16:26:46.514+0000] {warnings.py:109} WARNING - /home/***/.local/lib/python3.9/site-packages/***/utils/session.py:97: DeprecationWarning: This method is deprecated and will be removed in future.
  return func(*args, session=session, **kwargs)

[2026-02-02T16:26:46.530+0000] {taskinstance.py:310} INFO - Rescheduling task, marking task as UP_FOR_RESCHEDULE
[2026-02-02T16:26:46.531+0000] {taskinstance.py:341} INFO - ::group::Post task execution logs
[2026-02-02T16:26:46.556+0000] {local_task_job_runner.py:266} INFO - Task exited with return code 0
[2026-02-02T16:26:46.577+0000] {taskinstance.py:3901} INFO - 0 downstream tasks scheduled from follow-on schedule check
[2026-02-02T16:26:46.578+0000] {local_task_job_runner.py:245} INFO - ::endgroup::
[2026-02-02T16:27:48.215+0000] {local_task_job_runner.py:123} INFO - ::group::Pre task execution logs
[2026-02-02T16:27:48.234+0000] {taskinstance.py:2614} INFO - Dependencies all met for dep_context=non-requeueable deps ti=<TaskInstance: parse_iot.check_download_complete manual__2026-02-02T16:01:14.843614+00:00 [queued]>
[2026-02-02T16:27:48.242+0000] {taskinstance.py:2614} INFO - Dependencies all met for dep_context=requeueable deps ti=<TaskInstance: parse_iot.check_download_complete manual__2026-02-02T16:01:14.843614+00:00 [queued]>
[2026-02-02T16:27:48.242+0000] {taskinstance.py:2867} INFO - Starting attempt 2 of 4
[2026-02-02T16:27:48.250+0000] {taskinstance.py:2890} INFO - Executing <Task(ExternalTaskSensor): check_download_complete> on 2026-02-02 16:01:14.843614+00:00
[2026-02-02T16:27:48.257+0000] {standard_task_runner.py:72} INFO - Started process 614 to run task
[2026-02-02T16:27:48.260+0000] {standard_task_runner.py:104} INFO - Running: ['***', 'tasks', 'run', 'parse_iot', 'check_download_complete', 'manual__2026-02-02T16:01:14.843614+00:00', '--job-id', '182', '--raw', '--subdir', 'DAGS_FOLDER/parse_iot.py', '--cfg-path', '/tmp/tmp4aapjxx1']
[2026-02-02T16:27:48.262+0000] {standard_task_runner.py:105} INFO - Job 182: Subtask check_download_complete
[2026-02-02T16:27:48.273+0000] {warnings.py:109} WARNING - /home/***/.local/lib/python3.9/site-packages/***/settings.py:209: DeprecationWarning: The sql_alchemy_conn option in [core] has been moved to the sql_alchemy_conn option in [database] - the old setting has been used, but please update your config.
  SQL_ALCHEMY_CONN = conf.get("database", "SQL_ALCHEMY_CONN")

[2026-02-02T16:27:48.295+0000] {task_command.py:467} INFO - Running <TaskInstance: parse_iot.check_download_complete manual__2026-02-02T16:01:14.843614+00:00 [running]> on host 62d0328142ca
[2026-02-02T16:27:48.349+0000] {taskinstance.py:3134} INFO - Exporting env vars: AIRFLOW_CTX_DAG_OWNER='a.sorokin' AIRFLOW_CTX_DAG_ID='parse_iot' AIRFLOW_CTX_TASK_ID='check_download_complete' AIRFLOW_CTX_EXECUTION_DATE='2026-02-02T16:01:14.843614+00:00' AIRFLOW_CTX_TRY_NUMBER='2' AIRFLOW_CTX_DAG_RUN_ID='manual__2026-02-02T16:01:14.843614+00:00'
[2026-02-02T16:27:48.350+0000] {taskinstance.py:732} INFO - ::endgroup::
[2026-02-02T16:27:48.357+0000] {baseoperator.py:423} WARNING - ExternalTaskSensor.execute cannot be called outside TaskInstance!
[2026-02-02T16:27:48.365+0000] {external_task.py:274} INFO - Poking for DAG 'download_iot' on 2026-02-02T16:01:14.843614+00:00 ... 
[2026-02-02T16:27:48.365+0000] {warnings.py:109} WARNING - /home/***/.local/lib/python3.9/site-packages/***/utils/session.py:97: DeprecationWarning: This method is deprecated and will be removed in future.
  return func(*args, session=session, **kwargs)

[2026-02-02T16:27:48.391+0000] {taskinstance.py:310} INFO - Rescheduling task, marking task as UP_FOR_RESCHEDULE
[2026-02-02T16:27:48.391+0000] {taskinstance.py:341} INFO - ::group::Post task execution logs
[2026-02-02T16:27:48.432+0000] {local_task_job_runner.py:266} INFO - Task exited with return code 0
[2026-02-02T16:27:48.454+0000] {taskinstance.py:3901} INFO - 0 downstream tasks scheduled from follow-on schedule check
[2026-02-02T16:27:48.455+0000] {local_task_job_runner.py:245} INFO - ::endgroup::
