[2026-02-16T14:44:51.997+0000] {local_task_job_runner.py:123} INFO - ::group::Pre task execution logs
[2026-02-16T14:44:52.011+0000] {taskinstance.py:2614} INFO - Dependencies all met for dep_context=non-requeueable deps ti=<TaskInstance: load_postgres.check_parse scheduled__2026-02-14T10:00:00+00:00 [queued]>
[2026-02-16T14:44:52.017+0000] {taskinstance.py:2614} INFO - Dependencies all met for dep_context=requeueable deps ti=<TaskInstance: load_postgres.check_parse scheduled__2026-02-14T10:00:00+00:00 [queued]>
[2026-02-16T14:44:52.018+0000] {taskinstance.py:2867} INFO - Starting attempt 1 of 4
[2026-02-16T14:44:52.025+0000] {taskinstance.py:2890} INFO - Executing <Task(ExternalTaskSensor): check_parse> on 2026-02-14 10:00:00+00:00
[2026-02-16T14:44:52.030+0000] {standard_task_runner.py:72} INFO - Started process 207 to run task
[2026-02-16T14:44:52.032+0000] {standard_task_runner.py:104} INFO - Running: ['***', 'tasks', 'run', 'load_postgres', 'check_parse', 'scheduled__2026-02-14T10:00:00+00:00', '--job-id', '29', '--raw', '--subdir', 'DAGS_FOLDER/load_postrges.py', '--cfg-path', '/tmp/tmpti4mjq9c']
[2026-02-16T14:44:52.034+0000] {standard_task_runner.py:105} INFO - Job 29: Subtask check_parse
[2026-02-16T14:44:52.042+0000] {warnings.py:109} WARNING - /home/***/.local/lib/python3.9/site-packages/***/settings.py:209: DeprecationWarning: The sql_alchemy_conn option in [core] has been moved to the sql_alchemy_conn option in [database] - the old setting has been used, but please update your config.
  SQL_ALCHEMY_CONN = conf.get("database", "SQL_ALCHEMY_CONN")

[2026-02-16T14:44:52.066+0000] {task_command.py:467} INFO - Running <TaskInstance: load_postgres.check_parse scheduled__2026-02-14T10:00:00+00:00 [running]> on host cd96c4fa192f
[2026-02-16T14:44:52.066+0000] {warnings.py:109} WARNING - /home/***/.local/lib/python3.9/site-packages/***/settings.py:470: DeprecationWarning: The sql_alchemy_conn option in [core] has been moved to the sql_alchemy_conn option in [database] - the old setting has been used, but please update your config.
  if conf.get("database", "sql_alchemy_conn") == "none://":

[2026-02-16T14:44:52.111+0000] {taskinstance.py:3134} INFO - Exporting env vars: AIRFLOW_CTX_DAG_OWNER='a.sorokin' AIRFLOW_CTX_DAG_ID='load_postgres' AIRFLOW_CTX_TASK_ID='check_parse' AIRFLOW_CTX_EXECUTION_DATE='2026-02-14T10:00:00+00:00' AIRFLOW_CTX_TRY_NUMBER='1' AIRFLOW_CTX_DAG_RUN_ID='scheduled__2026-02-14T10:00:00+00:00'
[2026-02-16T14:44:52.112+0000] {taskinstance.py:732} INFO - ::endgroup::
[2026-02-16T14:44:52.119+0000] {baseoperator.py:423} WARNING - ExternalTaskSensor.execute cannot be called outside TaskInstance!
[2026-02-16T14:44:52.125+0000] {external_task.py:274} INFO - Poking for DAG 'parse_iot' on 2026-02-14T10:00:00+00:00 ... 
[2026-02-16T14:44:52.125+0000] {warnings.py:109} WARNING - /home/***/.local/lib/python3.9/site-packages/***/utils/session.py:97: DeprecationWarning: This method is deprecated and will be removed in future.
  return func(*args, session=session, **kwargs)

[2026-02-16T14:44:52.142+0000] {taskinstance.py:310} INFO - Rescheduling task, marking task as UP_FOR_RESCHEDULE
[2026-02-16T14:44:52.143+0000] {taskinstance.py:341} INFO - ::group::Post task execution logs
[2026-02-16T14:44:52.164+0000] {local_task_job_runner.py:266} INFO - Task exited with return code 0
[2026-02-16T14:44:52.182+0000] {taskinstance.py:3901} INFO - 0 downstream tasks scheduled from follow-on schedule check
[2026-02-16T14:44:52.183+0000] {local_task_job_runner.py:245} INFO - ::endgroup::
[2026-02-16T14:45:54.209+0000] {local_task_job_runner.py:123} INFO - ::group::Pre task execution logs
[2026-02-16T14:45:54.223+0000] {taskinstance.py:2614} INFO - Dependencies all met for dep_context=non-requeueable deps ti=<TaskInstance: load_postgres.check_parse scheduled__2026-02-14T10:00:00+00:00 [queued]>
[2026-02-16T14:45:54.228+0000] {taskinstance.py:2614} INFO - Dependencies all met for dep_context=requeueable deps ti=<TaskInstance: load_postgres.check_parse scheduled__2026-02-14T10:00:00+00:00 [queued]>
[2026-02-16T14:45:54.229+0000] {taskinstance.py:2867} INFO - Starting attempt 1 of 4
[2026-02-16T14:45:54.236+0000] {taskinstance.py:2890} INFO - Executing <Task(ExternalTaskSensor): check_parse> on 2026-02-14 10:00:00+00:00
[2026-02-16T14:45:54.241+0000] {standard_task_runner.py:72} INFO - Started process 360 to run task
[2026-02-16T14:45:54.242+0000] {standard_task_runner.py:104} INFO - Running: ['***', 'tasks', 'run', 'load_postgres', 'check_parse', 'scheduled__2026-02-14T10:00:00+00:00', '--job-id', '67', '--raw', '--subdir', 'DAGS_FOLDER/load_postrges.py', '--cfg-path', '/tmp/tmpb_0hr9q2']
[2026-02-16T14:45:54.244+0000] {standard_task_runner.py:105} INFO - Job 67: Subtask check_parse
[2026-02-16T14:45:54.252+0000] {warnings.py:109} WARNING - /home/***/.local/lib/python3.9/site-packages/***/settings.py:209: DeprecationWarning: The sql_alchemy_conn option in [core] has been moved to the sql_alchemy_conn option in [database] - the old setting has been used, but please update your config.
  SQL_ALCHEMY_CONN = conf.get("database", "SQL_ALCHEMY_CONN")

[2026-02-16T14:45:54.276+0000] {task_command.py:467} INFO - Running <TaskInstance: load_postgres.check_parse scheduled__2026-02-14T10:00:00+00:00 [running]> on host cd96c4fa192f
[2026-02-16T14:45:54.276+0000] {warnings.py:109} WARNING - /home/***/.local/lib/python3.9/site-packages/***/settings.py:470: DeprecationWarning: The sql_alchemy_conn option in [core] has been moved to the sql_alchemy_conn option in [database] - the old setting has been used, but please update your config.
  if conf.get("database", "sql_alchemy_conn") == "none://":

[2026-02-16T14:45:54.321+0000] {taskinstance.py:3134} INFO - Exporting env vars: AIRFLOW_CTX_DAG_OWNER='a.sorokin' AIRFLOW_CTX_DAG_ID='load_postgres' AIRFLOW_CTX_TASK_ID='check_parse' AIRFLOW_CTX_EXECUTION_DATE='2026-02-14T10:00:00+00:00' AIRFLOW_CTX_TRY_NUMBER='1' AIRFLOW_CTX_DAG_RUN_ID='scheduled__2026-02-14T10:00:00+00:00'
[2026-02-16T14:45:54.321+0000] {taskinstance.py:732} INFO - ::endgroup::
[2026-02-16T14:45:54.329+0000] {baseoperator.py:423} WARNING - ExternalTaskSensor.execute cannot be called outside TaskInstance!
[2026-02-16T14:45:54.335+0000] {external_task.py:274} INFO - Poking for DAG 'parse_iot' on 2026-02-14T10:00:00+00:00 ... 
[2026-02-16T14:45:54.335+0000] {warnings.py:109} WARNING - /home/***/.local/lib/python3.9/site-packages/***/utils/session.py:97: DeprecationWarning: This method is deprecated and will be removed in future.
  return func(*args, session=session, **kwargs)

[2026-02-16T14:45:54.353+0000] {taskinstance.py:310} INFO - Rescheduling task, marking task as UP_FOR_RESCHEDULE
[2026-02-16T14:45:54.353+0000] {taskinstance.py:341} INFO - ::group::Post task execution logs
[2026-02-16T14:45:54.374+0000] {local_task_job_runner.py:266} INFO - Task exited with return code 0
[2026-02-16T14:45:54.393+0000] {taskinstance.py:3901} INFO - 0 downstream tasks scheduled from follow-on schedule check
[2026-02-16T14:45:54.394+0000] {local_task_job_runner.py:245} INFO - ::endgroup::
[2026-02-16T14:46:56.362+0000] {local_task_job_runner.py:123} INFO - ::group::Pre task execution logs
[2026-02-16T14:46:56.375+0000] {taskinstance.py:2614} INFO - Dependencies all met for dep_context=non-requeueable deps ti=<TaskInstance: load_postgres.check_parse scheduled__2026-02-14T10:00:00+00:00 [queued]>
[2026-02-16T14:46:56.381+0000] {taskinstance.py:2614} INFO - Dependencies all met for dep_context=requeueable deps ti=<TaskInstance: load_postgres.check_parse scheduled__2026-02-14T10:00:00+00:00 [queued]>
[2026-02-16T14:46:56.381+0000] {taskinstance.py:2867} INFO - Starting attempt 1 of 4
[2026-02-16T14:46:56.389+0000] {taskinstance.py:2890} INFO - Executing <Task(ExternalTaskSensor): check_parse> on 2026-02-14 10:00:00+00:00
[2026-02-16T14:46:56.394+0000] {standard_task_runner.py:72} INFO - Started process 508 to run task
[2026-02-16T14:46:56.396+0000] {standard_task_runner.py:104} INFO - Running: ['***', 'tasks', 'run', 'load_postgres', 'check_parse', 'scheduled__2026-02-14T10:00:00+00:00', '--job-id', '104', '--raw', '--subdir', 'DAGS_FOLDER/load_postrges.py', '--cfg-path', '/tmp/tmpu4pmyjrw']
[2026-02-16T14:46:56.397+0000] {standard_task_runner.py:105} INFO - Job 104: Subtask check_parse
[2026-02-16T14:46:56.406+0000] {warnings.py:109} WARNING - /home/***/.local/lib/python3.9/site-packages/***/settings.py:209: DeprecationWarning: The sql_alchemy_conn option in [core] has been moved to the sql_alchemy_conn option in [database] - the old setting has been used, but please update your config.
  SQL_ALCHEMY_CONN = conf.get("database", "SQL_ALCHEMY_CONN")

[2026-02-16T14:46:56.429+0000] {task_command.py:467} INFO - Running <TaskInstance: load_postgres.check_parse scheduled__2026-02-14T10:00:00+00:00 [running]> on host cd96c4fa192f
[2026-02-16T14:46:56.430+0000] {warnings.py:109} WARNING - /home/***/.local/lib/python3.9/site-packages/***/settings.py:470: DeprecationWarning: The sql_alchemy_conn option in [core] has been moved to the sql_alchemy_conn option in [database] - the old setting has been used, but please update your config.
  if conf.get("database", "sql_alchemy_conn") == "none://":

[2026-02-16T14:46:56.476+0000] {taskinstance.py:3134} INFO - Exporting env vars: AIRFLOW_CTX_DAG_OWNER='a.sorokin' AIRFLOW_CTX_DAG_ID='load_postgres' AIRFLOW_CTX_TASK_ID='check_parse' AIRFLOW_CTX_EXECUTION_DATE='2026-02-14T10:00:00+00:00' AIRFLOW_CTX_TRY_NUMBER='1' AIRFLOW_CTX_DAG_RUN_ID='scheduled__2026-02-14T10:00:00+00:00'
[2026-02-16T14:46:56.477+0000] {taskinstance.py:732} INFO - ::endgroup::
[2026-02-16T14:46:56.485+0000] {baseoperator.py:423} WARNING - ExternalTaskSensor.execute cannot be called outside TaskInstance!
[2026-02-16T14:46:56.490+0000] {external_task.py:274} INFO - Poking for DAG 'parse_iot' on 2026-02-14T10:00:00+00:00 ... 
[2026-02-16T14:46:56.491+0000] {warnings.py:109} WARNING - /home/***/.local/lib/python3.9/site-packages/***/utils/session.py:97: DeprecationWarning: This method is deprecated and will be removed in future.
  return func(*args, session=session, **kwargs)

[2026-02-16T14:46:56.509+0000] {taskinstance.py:310} INFO - Rescheduling task, marking task as UP_FOR_RESCHEDULE
[2026-02-16T14:46:56.509+0000] {taskinstance.py:341} INFO - ::group::Post task execution logs
[2026-02-16T14:46:56.528+0000] {local_task_job_runner.py:266} INFO - Task exited with return code 0
[2026-02-16T14:46:56.546+0000] {taskinstance.py:3901} INFO - 0 downstream tasks scheduled from follow-on schedule check
[2026-02-16T14:46:56.547+0000] {local_task_job_runner.py:245} INFO - ::endgroup::
[2026-02-16T14:47:58.363+0000] {local_task_job_runner.py:123} INFO - ::group::Pre task execution logs
[2026-02-16T14:47:58.377+0000] {taskinstance.py:2614} INFO - Dependencies all met for dep_context=non-requeueable deps ti=<TaskInstance: load_postgres.check_parse scheduled__2026-02-14T10:00:00+00:00 [queued]>
[2026-02-16T14:47:58.383+0000] {taskinstance.py:2614} INFO - Dependencies all met for dep_context=requeueable deps ti=<TaskInstance: load_postgres.check_parse scheduled__2026-02-14T10:00:00+00:00 [queued]>
[2026-02-16T14:47:58.384+0000] {taskinstance.py:2867} INFO - Starting attempt 1 of 4
[2026-02-16T14:47:58.392+0000] {taskinstance.py:2890} INFO - Executing <Task(ExternalTaskSensor): check_parse> on 2026-02-14 10:00:00+00:00
[2026-02-16T14:47:58.397+0000] {standard_task_runner.py:72} INFO - Started process 598 to run task
[2026-02-16T14:47:58.399+0000] {standard_task_runner.py:104} INFO - Running: ['***', 'tasks', 'run', 'load_postgres', 'check_parse', 'scheduled__2026-02-14T10:00:00+00:00', '--job-id', '127', '--raw', '--subdir', 'DAGS_FOLDER/load_postrges.py', '--cfg-path', '/tmp/tmphjnn_4zr']
[2026-02-16T14:47:58.400+0000] {standard_task_runner.py:105} INFO - Job 127: Subtask check_parse
[2026-02-16T14:47:58.409+0000] {warnings.py:109} WARNING - /home/***/.local/lib/python3.9/site-packages/***/settings.py:209: DeprecationWarning: The sql_alchemy_conn option in [core] has been moved to the sql_alchemy_conn option in [database] - the old setting has been used, but please update your config.
  SQL_ALCHEMY_CONN = conf.get("database", "SQL_ALCHEMY_CONN")

[2026-02-16T14:47:58.432+0000] {task_command.py:467} INFO - Running <TaskInstance: load_postgres.check_parse scheduled__2026-02-14T10:00:00+00:00 [running]> on host cd96c4fa192f
[2026-02-16T14:47:58.432+0000] {warnings.py:109} WARNING - /home/***/.local/lib/python3.9/site-packages/***/settings.py:470: DeprecationWarning: The sql_alchemy_conn option in [core] has been moved to the sql_alchemy_conn option in [database] - the old setting has been used, but please update your config.
  if conf.get("database", "sql_alchemy_conn") == "none://":

[2026-02-16T14:47:58.477+0000] {taskinstance.py:3134} INFO - Exporting env vars: AIRFLOW_CTX_DAG_OWNER='a.sorokin' AIRFLOW_CTX_DAG_ID='load_postgres' AIRFLOW_CTX_TASK_ID='check_parse' AIRFLOW_CTX_EXECUTION_DATE='2026-02-14T10:00:00+00:00' AIRFLOW_CTX_TRY_NUMBER='1' AIRFLOW_CTX_DAG_RUN_ID='scheduled__2026-02-14T10:00:00+00:00'
[2026-02-16T14:47:58.477+0000] {taskinstance.py:732} INFO - ::endgroup::
[2026-02-16T14:47:58.484+0000] {baseoperator.py:423} WARNING - ExternalTaskSensor.execute cannot be called outside TaskInstance!
[2026-02-16T14:47:58.490+0000] {external_task.py:274} INFO - Poking for DAG 'parse_iot' on 2026-02-14T10:00:00+00:00 ... 
[2026-02-16T14:47:58.491+0000] {warnings.py:109} WARNING - /home/***/.local/lib/python3.9/site-packages/***/utils/session.py:97: DeprecationWarning: This method is deprecated and will be removed in future.
  return func(*args, session=session, **kwargs)

[2026-02-16T14:47:58.514+0000] {taskinstance.py:310} INFO - Rescheduling task, marking task as UP_FOR_RESCHEDULE
[2026-02-16T14:47:58.514+0000] {taskinstance.py:341} INFO - ::group::Post task execution logs
[2026-02-16T14:47:58.530+0000] {local_task_job_runner.py:266} INFO - Task exited with return code 0
[2026-02-16T14:47:58.547+0000] {taskinstance.py:3901} INFO - 0 downstream tasks scheduled from follow-on schedule check
[2026-02-16T14:47:58.548+0000] {local_task_job_runner.py:245} INFO - ::endgroup::
[2026-02-16T14:48:59.155+0000] {local_task_job_runner.py:123} INFO - ::group::Pre task execution logs
[2026-02-16T14:48:59.175+0000] {taskinstance.py:2614} INFO - Dependencies all met for dep_context=non-requeueable deps ti=<TaskInstance: load_postgres.check_parse scheduled__2026-02-14T10:00:00+00:00 [queued]>
[2026-02-16T14:48:59.180+0000] {taskinstance.py:2614} INFO - Dependencies all met for dep_context=requeueable deps ti=<TaskInstance: load_postgres.check_parse scheduled__2026-02-14T10:00:00+00:00 [queued]>
[2026-02-16T14:48:59.180+0000] {taskinstance.py:2867} INFO - Starting attempt 1 of 4
[2026-02-16T14:48:59.186+0000] {taskinstance.py:2890} INFO - Executing <Task(ExternalTaskSensor): check_parse> on 2026-02-14 10:00:00+00:00
[2026-02-16T14:48:59.192+0000] {standard_task_runner.py:72} INFO - Started process 698 to run task
[2026-02-16T14:48:59.193+0000] {standard_task_runner.py:104} INFO - Running: ['***', 'tasks', 'run', 'load_postgres', 'check_parse', 'scheduled__2026-02-14T10:00:00+00:00', '--job-id', '152', '--raw', '--subdir', 'DAGS_FOLDER/load_postrges.py', '--cfg-path', '/tmp/tmppl_wxu4_']
[2026-02-16T14:48:59.195+0000] {standard_task_runner.py:105} INFO - Job 152: Subtask check_parse
[2026-02-16T14:48:59.203+0000] {warnings.py:109} WARNING - /home/***/.local/lib/python3.9/site-packages/***/settings.py:209: DeprecationWarning: The sql_alchemy_conn option in [core] has been moved to the sql_alchemy_conn option in [database] - the old setting has been used, but please update your config.
  SQL_ALCHEMY_CONN = conf.get("database", "SQL_ALCHEMY_CONN")

[2026-02-16T14:48:59.227+0000] {task_command.py:467} INFO - Running <TaskInstance: load_postgres.check_parse scheduled__2026-02-14T10:00:00+00:00 [running]> on host cd96c4fa192f
[2026-02-16T14:48:59.228+0000] {warnings.py:109} WARNING - /home/***/.local/lib/python3.9/site-packages/***/settings.py:470: DeprecationWarning: The sql_alchemy_conn option in [core] has been moved to the sql_alchemy_conn option in [database] - the old setting has been used, but please update your config.
  if conf.get("database", "sql_alchemy_conn") == "none://":

[2026-02-16T14:48:59.273+0000] {taskinstance.py:3134} INFO - Exporting env vars: AIRFLOW_CTX_DAG_OWNER='a.sorokin' AIRFLOW_CTX_DAG_ID='load_postgres' AIRFLOW_CTX_TASK_ID='check_parse' AIRFLOW_CTX_EXECUTION_DATE='2026-02-14T10:00:00+00:00' AIRFLOW_CTX_TRY_NUMBER='1' AIRFLOW_CTX_DAG_RUN_ID='scheduled__2026-02-14T10:00:00+00:00'
[2026-02-16T14:48:59.273+0000] {taskinstance.py:732} INFO - ::endgroup::
[2026-02-16T14:48:59.281+0000] {baseoperator.py:423} WARNING - ExternalTaskSensor.execute cannot be called outside TaskInstance!
[2026-02-16T14:48:59.287+0000] {external_task.py:274} INFO - Poking for DAG 'parse_iot' on 2026-02-14T10:00:00+00:00 ... 
[2026-02-16T14:48:59.287+0000] {warnings.py:109} WARNING - /home/***/.local/lib/python3.9/site-packages/***/utils/session.py:97: DeprecationWarning: This method is deprecated and will be removed in future.
  return func(*args, session=session, **kwargs)

[2026-02-16T14:48:59.310+0000] {taskinstance.py:310} INFO - Rescheduling task, marking task as UP_FOR_RESCHEDULE
[2026-02-16T14:48:59.310+0000] {taskinstance.py:341} INFO - ::group::Post task execution logs
[2026-02-16T14:48:59.325+0000] {local_task_job_runner.py:266} INFO - Task exited with return code 0
[2026-02-16T14:48:59.343+0000] {taskinstance.py:3901} INFO - 0 downstream tasks scheduled from follow-on schedule check
[2026-02-16T14:48:59.344+0000] {local_task_job_runner.py:245} INFO - ::endgroup::
[2026-02-16T14:57:33.874+0000] {local_task_job_runner.py:123} INFO - ::group::Pre task execution logs
[2026-02-16T14:57:33.888+0000] {taskinstance.py:2614} INFO - Dependencies all met for dep_context=non-requeueable deps ti=<TaskInstance: load_postgres.check_parse scheduled__2026-02-14T10:00:00+00:00 [queued]>
[2026-02-16T14:57:33.894+0000] {taskinstance.py:2614} INFO - Dependencies all met for dep_context=requeueable deps ti=<TaskInstance: load_postgres.check_parse scheduled__2026-02-14T10:00:00+00:00 [queued]>
[2026-02-16T14:57:33.894+0000] {taskinstance.py:2867} INFO - Starting attempt 1 of 4
[2026-02-16T14:57:33.902+0000] {taskinstance.py:2890} INFO - Executing <Task(ExternalTaskSensor): check_parse> on 2026-02-14 10:00:00+00:00
[2026-02-16T14:57:33.906+0000] {standard_task_runner.py:72} INFO - Started process 898 to run task
[2026-02-16T14:57:33.908+0000] {standard_task_runner.py:104} INFO - Running: ['***', 'tasks', 'run', 'load_postgres', 'check_parse', 'scheduled__2026-02-14T10:00:00+00:00', '--job-id', '202', '--raw', '--subdir', 'DAGS_FOLDER/load_postrges.py', '--cfg-path', '/tmp/tmptb418ufo']
[2026-02-16T14:57:33.910+0000] {standard_task_runner.py:105} INFO - Job 202: Subtask check_parse
[2026-02-16T14:57:33.918+0000] {warnings.py:109} WARNING - /home/***/.local/lib/python3.9/site-packages/***/settings.py:209: DeprecationWarning: The sql_alchemy_conn option in [core] has been moved to the sql_alchemy_conn option in [database] - the old setting has been used, but please update your config.
  SQL_ALCHEMY_CONN = conf.get("database", "SQL_ALCHEMY_CONN")

[2026-02-16T14:57:33.941+0000] {task_command.py:467} INFO - Running <TaskInstance: load_postgres.check_parse scheduled__2026-02-14T10:00:00+00:00 [running]> on host cd96c4fa192f
[2026-02-16T14:57:33.942+0000] {warnings.py:109} WARNING - /home/***/.local/lib/python3.9/site-packages/***/settings.py:470: DeprecationWarning: The sql_alchemy_conn option in [core] has been moved to the sql_alchemy_conn option in [database] - the old setting has been used, but please update your config.
  if conf.get("database", "sql_alchemy_conn") == "none://":

[2026-02-16T14:57:33.992+0000] {taskinstance.py:3134} INFO - Exporting env vars: AIRFLOW_CTX_DAG_OWNER='a.sorokin' AIRFLOW_CTX_DAG_ID='load_postgres' AIRFLOW_CTX_TASK_ID='check_parse' AIRFLOW_CTX_EXECUTION_DATE='2026-02-14T10:00:00+00:00' AIRFLOW_CTX_TRY_NUMBER='1' AIRFLOW_CTX_DAG_RUN_ID='scheduled__2026-02-14T10:00:00+00:00'
[2026-02-16T14:57:33.993+0000] {taskinstance.py:732} INFO - ::endgroup::
[2026-02-16T14:57:34.000+0000] {baseoperator.py:423} WARNING - ExternalTaskSensor.execute cannot be called outside TaskInstance!
[2026-02-16T14:57:34.006+0000] {external_task.py:274} INFO - Poking for DAG 'parse_iot' on 2026-02-14T10:00:00+00:00 ... 
[2026-02-16T14:57:34.006+0000] {warnings.py:109} WARNING - /home/***/.local/lib/python3.9/site-packages/***/utils/session.py:97: DeprecationWarning: This method is deprecated and will be removed in future.
  return func(*args, session=session, **kwargs)

[2026-02-16T14:57:34.013+0000] {base.py:339} INFO - Success criteria met. Exiting.
[2026-02-16T14:57:34.021+0000] {taskinstance.py:341} INFO - ::group::Post task execution logs
[2026-02-16T14:57:34.021+0000] {taskinstance.py:353} INFO - Marking task as SUCCESS. dag_id=load_postgres, task_id=check_parse, run_id=scheduled__2026-02-14T10:00:00+00:00, execution_date=20260214T100000, start_date=20260216T145733, end_date=20260216T145734
[2026-02-16T14:57:34.080+0000] {local_task_job_runner.py:266} INFO - Task exited with return code 0
[2026-02-16T14:57:34.100+0000] {taskinstance.py:3901} INFO - 1 downstream tasks scheduled from follow-on schedule check
[2026-02-16T14:57:34.101+0000] {local_task_job_runner.py:245} INFO - ::endgroup::
[2026-02-16T15:14:45.986+0000] {local_task_job_runner.py:123} INFO - ::group::Pre task execution logs
[2026-02-16T15:14:46.000+0000] {taskinstance.py:2614} INFO - Dependencies all met for dep_context=non-requeueable deps ti=<TaskInstance: load_postgres.check_parse scheduled__2026-02-14T10:00:00+00:00 [queued]>
[2026-02-16T15:14:46.007+0000] {taskinstance.py:2614} INFO - Dependencies all met for dep_context=requeueable deps ti=<TaskInstance: load_postgres.check_parse scheduled__2026-02-14T10:00:00+00:00 [queued]>
[2026-02-16T15:14:46.007+0000] {taskinstance.py:2867} INFO - Starting attempt 1 of 4
[2026-02-16T15:14:46.015+0000] {taskinstance.py:2890} INFO - Executing <Task(ExternalTaskSensor): check_parse> on 2026-02-14 10:00:00+00:00
[2026-02-16T15:14:46.020+0000] {standard_task_runner.py:72} INFO - Started process 192 to run task
[2026-02-16T15:14:46.022+0000] {standard_task_runner.py:104} INFO - Running: ['***', 'tasks', 'run', 'load_postgres', 'check_parse', 'scheduled__2026-02-14T10:00:00+00:00', '--job-id', '31', '--raw', '--subdir', 'DAGS_FOLDER/load_postrges.py', '--cfg-path', '/tmp/tmp7fa8dcor']
[2026-02-16T15:14:46.024+0000] {standard_task_runner.py:105} INFO - Job 31: Subtask check_parse
[2026-02-16T15:14:46.033+0000] {warnings.py:109} WARNING - /home/***/.local/lib/python3.9/site-packages/***/settings.py:209: DeprecationWarning: The sql_alchemy_conn option in [core] has been moved to the sql_alchemy_conn option in [database] - the old setting has been used, but please update your config.
  SQL_ALCHEMY_CONN = conf.get("database", "SQL_ALCHEMY_CONN")

[2026-02-16T15:14:46.062+0000] {task_command.py:467} INFO - Running <TaskInstance: load_postgres.check_parse scheduled__2026-02-14T10:00:00+00:00 [running]> on host fbd3e38838e9
[2026-02-16T15:14:46.063+0000] {warnings.py:109} WARNING - /home/***/.local/lib/python3.9/site-packages/***/settings.py:470: DeprecationWarning: The sql_alchemy_conn option in [core] has been moved to the sql_alchemy_conn option in [database] - the old setting has been used, but please update your config.
  if conf.get("database", "sql_alchemy_conn") == "none://":

[2026-02-16T15:14:46.112+0000] {taskinstance.py:3134} INFO - Exporting env vars: AIRFLOW_CTX_DAG_OWNER='a.sorokin' AIRFLOW_CTX_DAG_ID='load_postgres' AIRFLOW_CTX_TASK_ID='check_parse' AIRFLOW_CTX_EXECUTION_DATE='2026-02-14T10:00:00+00:00' AIRFLOW_CTX_TRY_NUMBER='1' AIRFLOW_CTX_DAG_RUN_ID='scheduled__2026-02-14T10:00:00+00:00'
[2026-02-16T15:14:46.112+0000] {taskinstance.py:732} INFO - ::endgroup::
[2026-02-16T15:14:46.120+0000] {baseoperator.py:423} WARNING - ExternalTaskSensor.execute cannot be called outside TaskInstance!
[2026-02-16T15:14:46.126+0000] {external_task.py:274} INFO - Poking for DAG 'parse_iot' on 2026-02-14T10:00:00+00:00 ... 
[2026-02-16T15:14:46.127+0000] {warnings.py:109} WARNING - /home/***/.local/lib/python3.9/site-packages/***/utils/session.py:97: DeprecationWarning: This method is deprecated and will be removed in future.
  return func(*args, session=session, **kwargs)

[2026-02-16T15:14:46.147+0000] {taskinstance.py:310} INFO - Rescheduling task, marking task as UP_FOR_RESCHEDULE
[2026-02-16T15:14:46.147+0000] {taskinstance.py:341} INFO - ::group::Post task execution logs
[2026-02-16T15:14:46.154+0000] {local_task_job_runner.py:266} INFO - Task exited with return code 0
[2026-02-16T15:14:46.173+0000] {taskinstance.py:3901} INFO - 0 downstream tasks scheduled from follow-on schedule check
[2026-02-16T15:14:46.174+0000] {local_task_job_runner.py:245} INFO - ::endgroup::
[2026-02-16T15:15:47.279+0000] {local_task_job_runner.py:123} INFO - ::group::Pre task execution logs
[2026-02-16T15:15:47.293+0000] {taskinstance.py:2614} INFO - Dependencies all met for dep_context=non-requeueable deps ti=<TaskInstance: load_postgres.check_parse scheduled__2026-02-14T10:00:00+00:00 [queued]>
[2026-02-16T15:15:47.300+0000] {taskinstance.py:2614} INFO - Dependencies all met for dep_context=requeueable deps ti=<TaskInstance: load_postgres.check_parse scheduled__2026-02-14T10:00:00+00:00 [queued]>
[2026-02-16T15:15:47.300+0000] {taskinstance.py:2867} INFO - Starting attempt 1 of 4
[2026-02-16T15:15:47.307+0000] {taskinstance.py:2890} INFO - Executing <Task(ExternalTaskSensor): check_parse> on 2026-02-14 10:00:00+00:00
[2026-02-16T15:15:47.313+0000] {standard_task_runner.py:72} INFO - Started process 335 to run task
[2026-02-16T15:15:47.315+0000] {standard_task_runner.py:104} INFO - Running: ['***', 'tasks', 'run', 'load_postgres', 'check_parse', 'scheduled__2026-02-14T10:00:00+00:00', '--job-id', '67', '--raw', '--subdir', 'DAGS_FOLDER/load_postrges.py', '--cfg-path', '/tmp/tmp18yiks4a']
[2026-02-16T15:15:47.317+0000] {standard_task_runner.py:105} INFO - Job 67: Subtask check_parse
[2026-02-16T15:15:47.326+0000] {warnings.py:109} WARNING - /home/***/.local/lib/python3.9/site-packages/***/settings.py:209: DeprecationWarning: The sql_alchemy_conn option in [core] has been moved to the sql_alchemy_conn option in [database] - the old setting has been used, but please update your config.
  SQL_ALCHEMY_CONN = conf.get("database", "SQL_ALCHEMY_CONN")

[2026-02-16T15:15:47.352+0000] {task_command.py:467} INFO - Running <TaskInstance: load_postgres.check_parse scheduled__2026-02-14T10:00:00+00:00 [running]> on host fbd3e38838e9
[2026-02-16T15:15:47.353+0000] {warnings.py:109} WARNING - /home/***/.local/lib/python3.9/site-packages/***/settings.py:470: DeprecationWarning: The sql_alchemy_conn option in [core] has been moved to the sql_alchemy_conn option in [database] - the old setting has been used, but please update your config.
  if conf.get("database", "sql_alchemy_conn") == "none://":

[2026-02-16T15:15:47.399+0000] {taskinstance.py:3134} INFO - Exporting env vars: AIRFLOW_CTX_DAG_OWNER='a.sorokin' AIRFLOW_CTX_DAG_ID='load_postgres' AIRFLOW_CTX_TASK_ID='check_parse' AIRFLOW_CTX_EXECUTION_DATE='2026-02-14T10:00:00+00:00' AIRFLOW_CTX_TRY_NUMBER='1' AIRFLOW_CTX_DAG_RUN_ID='scheduled__2026-02-14T10:00:00+00:00'
[2026-02-16T15:15:47.399+0000] {taskinstance.py:732} INFO - ::endgroup::
[2026-02-16T15:15:47.407+0000] {baseoperator.py:423} WARNING - ExternalTaskSensor.execute cannot be called outside TaskInstance!
[2026-02-16T15:15:47.414+0000] {external_task.py:274} INFO - Poking for DAG 'parse_iot' on 2026-02-14T10:00:00+00:00 ... 
[2026-02-16T15:15:47.415+0000] {warnings.py:109} WARNING - /home/***/.local/lib/python3.9/site-packages/***/utils/session.py:97: DeprecationWarning: This method is deprecated and will be removed in future.
  return func(*args, session=session, **kwargs)

[2026-02-16T15:15:47.442+0000] {taskinstance.py:310} INFO - Rescheduling task, marking task as UP_FOR_RESCHEDULE
[2026-02-16T15:15:47.443+0000] {taskinstance.py:341} INFO - ::group::Post task execution logs
[2026-02-16T15:15:47.487+0000] {local_task_job_runner.py:266} INFO - Task exited with return code 0
[2026-02-16T15:15:47.506+0000] {taskinstance.py:3901} INFO - 0 downstream tasks scheduled from follow-on schedule check
[2026-02-16T15:15:47.512+0000] {local_task_job_runner.py:245} INFO - ::endgroup::
[2026-02-16T15:16:48.291+0000] {local_task_job_runner.py:123} INFO - ::group::Pre task execution logs
[2026-02-16T15:16:48.305+0000] {taskinstance.py:2614} INFO - Dependencies all met for dep_context=non-requeueable deps ti=<TaskInstance: load_postgres.check_parse scheduled__2026-02-14T10:00:00+00:00 [queued]>
[2026-02-16T15:16:48.311+0000] {taskinstance.py:2614} INFO - Dependencies all met for dep_context=requeueable deps ti=<TaskInstance: load_postgres.check_parse scheduled__2026-02-14T10:00:00+00:00 [queued]>
[2026-02-16T15:16:48.311+0000] {taskinstance.py:2867} INFO - Starting attempt 1 of 4
[2026-02-16T15:16:48.319+0000] {taskinstance.py:2890} INFO - Executing <Task(ExternalTaskSensor): check_parse> on 2026-02-14 10:00:00+00:00
[2026-02-16T15:16:48.324+0000] {standard_task_runner.py:72} INFO - Started process 465 to run task
[2026-02-16T15:16:48.326+0000] {standard_task_runner.py:104} INFO - Running: ['***', 'tasks', 'run', 'load_postgres', 'check_parse', 'scheduled__2026-02-14T10:00:00+00:00', '--job-id', '99', '--raw', '--subdir', 'DAGS_FOLDER/load_postrges.py', '--cfg-path', '/tmp/tmptbir39qf']
[2026-02-16T15:16:48.328+0000] {standard_task_runner.py:105} INFO - Job 99: Subtask check_parse
[2026-02-16T15:16:48.336+0000] {warnings.py:109} WARNING - /home/***/.local/lib/python3.9/site-packages/***/settings.py:209: DeprecationWarning: The sql_alchemy_conn option in [core] has been moved to the sql_alchemy_conn option in [database] - the old setting has been used, but please update your config.
  SQL_ALCHEMY_CONN = conf.get("database", "SQL_ALCHEMY_CONN")

[2026-02-16T15:16:48.361+0000] {task_command.py:467} INFO - Running <TaskInstance: load_postgres.check_parse scheduled__2026-02-14T10:00:00+00:00 [running]> on host fbd3e38838e9
[2026-02-16T15:16:48.362+0000] {warnings.py:109} WARNING - /home/***/.local/lib/python3.9/site-packages/***/settings.py:470: DeprecationWarning: The sql_alchemy_conn option in [core] has been moved to the sql_alchemy_conn option in [database] - the old setting has been used, but please update your config.
  if conf.get("database", "sql_alchemy_conn") == "none://":

[2026-02-16T15:16:48.411+0000] {taskinstance.py:3134} INFO - Exporting env vars: AIRFLOW_CTX_DAG_OWNER='a.sorokin' AIRFLOW_CTX_DAG_ID='load_postgres' AIRFLOW_CTX_TASK_ID='check_parse' AIRFLOW_CTX_EXECUTION_DATE='2026-02-14T10:00:00+00:00' AIRFLOW_CTX_TRY_NUMBER='1' AIRFLOW_CTX_DAG_RUN_ID='scheduled__2026-02-14T10:00:00+00:00'
[2026-02-16T15:16:48.411+0000] {taskinstance.py:732} INFO - ::endgroup::
[2026-02-16T15:16:48.420+0000] {baseoperator.py:423} WARNING - ExternalTaskSensor.execute cannot be called outside TaskInstance!
[2026-02-16T15:16:48.429+0000] {external_task.py:274} INFO - Poking for DAG 'parse_iot' on 2026-02-14T10:00:00+00:00 ... 
[2026-02-16T15:16:48.430+0000] {warnings.py:109} WARNING - /home/***/.local/lib/python3.9/site-packages/***/utils/session.py:97: DeprecationWarning: This method is deprecated and will be removed in future.
  return func(*args, session=session, **kwargs)

[2026-02-16T15:16:48.457+0000] {taskinstance.py:310} INFO - Rescheduling task, marking task as UP_FOR_RESCHEDULE
[2026-02-16T15:16:48.457+0000] {taskinstance.py:341} INFO - ::group::Post task execution logs
[2026-02-16T15:16:48.498+0000] {local_task_job_runner.py:266} INFO - Task exited with return code 0
[2026-02-16T15:16:48.526+0000] {taskinstance.py:3901} INFO - 0 downstream tasks scheduled from follow-on schedule check
[2026-02-16T15:16:48.532+0000] {local_task_job_runner.py:245} INFO - ::endgroup::
[2026-02-16T15:17:50.929+0000] {local_task_job_runner.py:123} INFO - ::group::Pre task execution logs
[2026-02-16T15:17:50.944+0000] {taskinstance.py:2614} INFO - Dependencies all met for dep_context=non-requeueable deps ti=<TaskInstance: load_postgres.check_parse scheduled__2026-02-14T10:00:00+00:00 [queued]>
[2026-02-16T15:17:50.949+0000] {taskinstance.py:2614} INFO - Dependencies all met for dep_context=requeueable deps ti=<TaskInstance: load_postgres.check_parse scheduled__2026-02-14T10:00:00+00:00 [queued]>
[2026-02-16T15:17:50.950+0000] {taskinstance.py:2867} INFO - Starting attempt 1 of 4
[2026-02-16T15:17:50.958+0000] {taskinstance.py:2890} INFO - Executing <Task(ExternalTaskSensor): check_parse> on 2026-02-14 10:00:00+00:00
[2026-02-16T15:17:50.963+0000] {standard_task_runner.py:72} INFO - Started process 575 to run task
[2026-02-16T15:17:50.965+0000] {standard_task_runner.py:104} INFO - Running: ['***', 'tasks', 'run', 'load_postgres', 'check_parse', 'scheduled__2026-02-14T10:00:00+00:00', '--job-id', '127', '--raw', '--subdir', 'DAGS_FOLDER/load_postrges.py', '--cfg-path', '/tmp/tmpqkufzvuv']
[2026-02-16T15:17:50.966+0000] {standard_task_runner.py:105} INFO - Job 127: Subtask check_parse
[2026-02-16T15:17:50.976+0000] {warnings.py:109} WARNING - /home/***/.local/lib/python3.9/site-packages/***/settings.py:209: DeprecationWarning: The sql_alchemy_conn option in [core] has been moved to the sql_alchemy_conn option in [database] - the old setting has been used, but please update your config.
  SQL_ALCHEMY_CONN = conf.get("database", "SQL_ALCHEMY_CONN")

[2026-02-16T15:17:51.000+0000] {task_command.py:467} INFO - Running <TaskInstance: load_postgres.check_parse scheduled__2026-02-14T10:00:00+00:00 [running]> on host fbd3e38838e9
[2026-02-16T15:17:51.001+0000] {warnings.py:109} WARNING - /home/***/.local/lib/python3.9/site-packages/***/settings.py:470: DeprecationWarning: The sql_alchemy_conn option in [core] has been moved to the sql_alchemy_conn option in [database] - the old setting has been used, but please update your config.
  if conf.get("database", "sql_alchemy_conn") == "none://":

[2026-02-16T15:17:51.046+0000] {taskinstance.py:3134} INFO - Exporting env vars: AIRFLOW_CTX_DAG_OWNER='a.sorokin' AIRFLOW_CTX_DAG_ID='load_postgres' AIRFLOW_CTX_TASK_ID='check_parse' AIRFLOW_CTX_EXECUTION_DATE='2026-02-14T10:00:00+00:00' AIRFLOW_CTX_TRY_NUMBER='1' AIRFLOW_CTX_DAG_RUN_ID='scheduled__2026-02-14T10:00:00+00:00'
[2026-02-16T15:17:51.047+0000] {taskinstance.py:732} INFO - ::endgroup::
[2026-02-16T15:17:51.055+0000] {baseoperator.py:423} WARNING - ExternalTaskSensor.execute cannot be called outside TaskInstance!
[2026-02-16T15:17:51.061+0000] {external_task.py:274} INFO - Poking for DAG 'parse_iot' on 2026-02-14T10:00:00+00:00 ... 
[2026-02-16T15:17:51.061+0000] {warnings.py:109} WARNING - /home/***/.local/lib/python3.9/site-packages/***/utils/session.py:97: DeprecationWarning: This method is deprecated and will be removed in future.
  return func(*args, session=session, **kwargs)

[2026-02-16T15:17:51.084+0000] {taskinstance.py:310} INFO - Rescheduling task, marking task as UP_FOR_RESCHEDULE
[2026-02-16T15:17:51.085+0000] {taskinstance.py:341} INFO - ::group::Post task execution logs
[2026-02-16T15:17:51.097+0000] {local_task_job_runner.py:266} INFO - Task exited with return code 0
[2026-02-16T15:17:51.115+0000] {taskinstance.py:3901} INFO - 0 downstream tasks scheduled from follow-on schedule check
[2026-02-16T15:17:51.116+0000] {local_task_job_runner.py:245} INFO - ::endgroup::
[2026-02-16T15:18:54.346+0000] {local_task_job_runner.py:123} INFO - ::group::Pre task execution logs
[2026-02-16T15:18:54.361+0000] {taskinstance.py:2614} INFO - Dependencies all met for dep_context=non-requeueable deps ti=<TaskInstance: load_postgres.check_parse scheduled__2026-02-14T10:00:00+00:00 [queued]>
[2026-02-16T15:18:54.367+0000] {taskinstance.py:2614} INFO - Dependencies all met for dep_context=requeueable deps ti=<TaskInstance: load_postgres.check_parse scheduled__2026-02-14T10:00:00+00:00 [queued]>
[2026-02-16T15:18:54.368+0000] {taskinstance.py:2867} INFO - Starting attempt 1 of 4
[2026-02-16T15:18:54.376+0000] {taskinstance.py:2890} INFO - Executing <Task(ExternalTaskSensor): check_parse> on 2026-02-14 10:00:00+00:00
[2026-02-16T15:18:54.380+0000] {standard_task_runner.py:72} INFO - Started process 669 to run task
[2026-02-16T15:18:54.382+0000] {standard_task_runner.py:104} INFO - Running: ['***', 'tasks', 'run', 'load_postgres', 'check_parse', 'scheduled__2026-02-14T10:00:00+00:00', '--job-id', '150', '--raw', '--subdir', 'DAGS_FOLDER/load_postrges.py', '--cfg-path', '/tmp/tmpukw6pa5q']
[2026-02-16T15:18:54.384+0000] {standard_task_runner.py:105} INFO - Job 150: Subtask check_parse
[2026-02-16T15:18:54.393+0000] {warnings.py:109} WARNING - /home/***/.local/lib/python3.9/site-packages/***/settings.py:209: DeprecationWarning: The sql_alchemy_conn option in [core] has been moved to the sql_alchemy_conn option in [database] - the old setting has been used, but please update your config.
  SQL_ALCHEMY_CONN = conf.get("database", "SQL_ALCHEMY_CONN")

[2026-02-16T15:18:54.417+0000] {task_command.py:467} INFO - Running <TaskInstance: load_postgres.check_parse scheduled__2026-02-14T10:00:00+00:00 [running]> on host fbd3e38838e9
[2026-02-16T15:18:54.418+0000] {warnings.py:109} WARNING - /home/***/.local/lib/python3.9/site-packages/***/settings.py:470: DeprecationWarning: The sql_alchemy_conn option in [core] has been moved to the sql_alchemy_conn option in [database] - the old setting has been used, but please update your config.
  if conf.get("database", "sql_alchemy_conn") == "none://":

[2026-02-16T15:18:54.464+0000] {taskinstance.py:3134} INFO - Exporting env vars: AIRFLOW_CTX_DAG_OWNER='a.sorokin' AIRFLOW_CTX_DAG_ID='load_postgres' AIRFLOW_CTX_TASK_ID='check_parse' AIRFLOW_CTX_EXECUTION_DATE='2026-02-14T10:00:00+00:00' AIRFLOW_CTX_TRY_NUMBER='1' AIRFLOW_CTX_DAG_RUN_ID='scheduled__2026-02-14T10:00:00+00:00'
[2026-02-16T15:18:54.464+0000] {taskinstance.py:732} INFO - ::endgroup::
[2026-02-16T15:18:54.472+0000] {baseoperator.py:423} WARNING - ExternalTaskSensor.execute cannot be called outside TaskInstance!
[2026-02-16T15:18:54.478+0000] {external_task.py:274} INFO - Poking for DAG 'parse_iot' on 2026-02-14T10:00:00+00:00 ... 
[2026-02-16T15:18:54.479+0000] {warnings.py:109} WARNING - /home/***/.local/lib/python3.9/site-packages/***/utils/session.py:97: DeprecationWarning: This method is deprecated and will be removed in future.
  return func(*args, session=session, **kwargs)

[2026-02-16T15:18:54.497+0000] {taskinstance.py:310} INFO - Rescheduling task, marking task as UP_FOR_RESCHEDULE
[2026-02-16T15:18:54.497+0000] {taskinstance.py:341} INFO - ::group::Post task execution logs
[2026-02-16T15:18:54.514+0000] {local_task_job_runner.py:266} INFO - Task exited with return code 0
[2026-02-16T15:18:54.533+0000] {taskinstance.py:3901} INFO - 0 downstream tasks scheduled from follow-on schedule check
[2026-02-16T15:18:54.534+0000] {local_task_job_runner.py:245} INFO - ::endgroup::
[2026-02-16T15:20:30.259+0000] {local_task_job_runner.py:123} INFO - ::group::Pre task execution logs
[2026-02-16T15:20:30.273+0000] {taskinstance.py:2614} INFO - Dependencies all met for dep_context=non-requeueable deps ti=<TaskInstance: load_postgres.check_parse scheduled__2026-02-14T10:00:00+00:00 [queued]>
[2026-02-16T15:20:30.279+0000] {taskinstance.py:2614} INFO - Dependencies all met for dep_context=requeueable deps ti=<TaskInstance: load_postgres.check_parse scheduled__2026-02-14T10:00:00+00:00 [queued]>
[2026-02-16T15:20:30.279+0000] {taskinstance.py:2867} INFO - Starting attempt 1 of 4
[2026-02-16T15:20:30.287+0000] {taskinstance.py:2890} INFO - Executing <Task(ExternalTaskSensor): check_parse> on 2026-02-14 10:00:00+00:00
[2026-02-16T15:20:30.291+0000] {standard_task_runner.py:72} INFO - Started process 871 to run task
[2026-02-16T15:20:30.293+0000] {standard_task_runner.py:104} INFO - Running: ['***', 'tasks', 'run', 'load_postgres', 'check_parse', 'scheduled__2026-02-14T10:00:00+00:00', '--job-id', '201', '--raw', '--subdir', 'DAGS_FOLDER/load_postrges.py', '--cfg-path', '/tmp/tmpxfublkrm']
[2026-02-16T15:20:30.295+0000] {standard_task_runner.py:105} INFO - Job 201: Subtask check_parse
[2026-02-16T15:20:30.303+0000] {warnings.py:109} WARNING - /home/***/.local/lib/python3.9/site-packages/***/settings.py:209: DeprecationWarning: The sql_alchemy_conn option in [core] has been moved to the sql_alchemy_conn option in [database] - the old setting has been used, but please update your config.
  SQL_ALCHEMY_CONN = conf.get("database", "SQL_ALCHEMY_CONN")

[2026-02-16T15:20:30.325+0000] {task_command.py:467} INFO - Running <TaskInstance: load_postgres.check_parse scheduled__2026-02-14T10:00:00+00:00 [running]> on host fbd3e38838e9
[2026-02-16T15:20:30.326+0000] {warnings.py:109} WARNING - /home/***/.local/lib/python3.9/site-packages/***/settings.py:470: DeprecationWarning: The sql_alchemy_conn option in [core] has been moved to the sql_alchemy_conn option in [database] - the old setting has been used, but please update your config.
  if conf.get("database", "sql_alchemy_conn") == "none://":

[2026-02-16T15:20:30.368+0000] {taskinstance.py:3134} INFO - Exporting env vars: AIRFLOW_CTX_DAG_OWNER='a.sorokin' AIRFLOW_CTX_DAG_ID='load_postgres' AIRFLOW_CTX_TASK_ID='check_parse' AIRFLOW_CTX_EXECUTION_DATE='2026-02-14T10:00:00+00:00' AIRFLOW_CTX_TRY_NUMBER='1' AIRFLOW_CTX_DAG_RUN_ID='scheduled__2026-02-14T10:00:00+00:00'
[2026-02-16T15:20:30.369+0000] {taskinstance.py:732} INFO - ::endgroup::
[2026-02-16T15:20:30.376+0000] {baseoperator.py:423} WARNING - ExternalTaskSensor.execute cannot be called outside TaskInstance!
[2026-02-16T15:20:30.382+0000] {external_task.py:274} INFO - Poking for DAG 'parse_iot' on 2026-02-14T10:00:00+00:00 ... 
[2026-02-16T15:20:30.382+0000] {warnings.py:109} WARNING - /home/***/.local/lib/python3.9/site-packages/***/utils/session.py:97: DeprecationWarning: This method is deprecated and will be removed in future.
  return func(*args, session=session, **kwargs)

[2026-02-16T15:20:30.387+0000] {base.py:339} INFO - Success criteria met. Exiting.
[2026-02-16T15:20:30.393+0000] {taskinstance.py:341} INFO - ::group::Post task execution logs
[2026-02-16T15:20:30.393+0000] {taskinstance.py:353} INFO - Marking task as SUCCESS. dag_id=load_postgres, task_id=check_parse, run_id=scheduled__2026-02-14T10:00:00+00:00, execution_date=20260214T100000, start_date=20260216T152030, end_date=20260216T152030
[2026-02-16T15:20:30.425+0000] {local_task_job_runner.py:266} INFO - Task exited with return code 0
[2026-02-16T15:20:30.442+0000] {taskinstance.py:3901} INFO - 1 downstream tasks scheduled from follow-on schedule check
[2026-02-16T15:20:30.443+0000] {local_task_job_runner.py:245} INFO - ::endgroup::
[2026-02-16T15:42:47.480+0000] {local_task_job_runner.py:123} INFO - ::group::Pre task execution logs
[2026-02-16T15:42:47.494+0000] {taskinstance.py:2614} INFO - Dependencies all met for dep_context=non-requeueable deps ti=<TaskInstance: load_postgres.check_parse scheduled__2026-02-14T10:00:00+00:00 [queued]>
[2026-02-16T15:42:47.501+0000] {taskinstance.py:2614} INFO - Dependencies all met for dep_context=requeueable deps ti=<TaskInstance: load_postgres.check_parse scheduled__2026-02-14T10:00:00+00:00 [queued]>
[2026-02-16T15:42:47.502+0000] {taskinstance.py:2867} INFO - Starting attempt 1 of 4
[2026-02-16T15:42:47.510+0000] {taskinstance.py:2890} INFO - Executing <Task(ExternalTaskSensor): check_parse> on 2026-02-14 10:00:00+00:00
[2026-02-16T15:42:47.518+0000] {standard_task_runner.py:72} INFO - Started process 200 to run task
[2026-02-16T15:42:47.520+0000] {standard_task_runner.py:104} INFO - Running: ['***', 'tasks', 'run', 'load_postgres', 'check_parse', 'scheduled__2026-02-14T10:00:00+00:00', '--job-id', '33', '--raw', '--subdir', 'DAGS_FOLDER/load_postrges.py', '--cfg-path', '/tmp/tmp8sz77n5j']
[2026-02-16T15:42:47.522+0000] {standard_task_runner.py:105} INFO - Job 33: Subtask check_parse
[2026-02-16T15:42:47.531+0000] {warnings.py:109} WARNING - /home/***/.local/lib/python3.9/site-packages/***/settings.py:209: DeprecationWarning: The sql_alchemy_conn option in [core] has been moved to the sql_alchemy_conn option in [database] - the old setting has been used, but please update your config.
  SQL_ALCHEMY_CONN = conf.get("database", "SQL_ALCHEMY_CONN")

[2026-02-16T15:42:47.563+0000] {task_command.py:467} INFO - Running <TaskInstance: load_postgres.check_parse scheduled__2026-02-14T10:00:00+00:00 [running]> on host 6ef9a94e694d
[2026-02-16T15:42:47.563+0000] {warnings.py:109} WARNING - /home/***/.local/lib/python3.9/site-packages/***/settings.py:470: DeprecationWarning: The sql_alchemy_conn option in [core] has been moved to the sql_alchemy_conn option in [database] - the old setting has been used, but please update your config.
  if conf.get("database", "sql_alchemy_conn") == "none://":

[2026-02-16T15:42:47.612+0000] {taskinstance.py:3134} INFO - Exporting env vars: AIRFLOW_CTX_DAG_OWNER='a.sorokin' AIRFLOW_CTX_DAG_ID='load_postgres' AIRFLOW_CTX_TASK_ID='check_parse' AIRFLOW_CTX_EXECUTION_DATE='2026-02-14T10:00:00+00:00' AIRFLOW_CTX_TRY_NUMBER='1' AIRFLOW_CTX_DAG_RUN_ID='scheduled__2026-02-14T10:00:00+00:00'
[2026-02-16T15:42:47.612+0000] {taskinstance.py:732} INFO - ::endgroup::
[2026-02-16T15:42:47.620+0000] {baseoperator.py:423} WARNING - ExternalTaskSensor.execute cannot be called outside TaskInstance!
[2026-02-16T15:42:47.626+0000] {external_task.py:274} INFO - Poking for DAG 'parse_iot' on 2026-02-14T10:00:00+00:00 ... 
[2026-02-16T15:42:47.626+0000] {warnings.py:109} WARNING - /home/***/.local/lib/python3.9/site-packages/***/utils/session.py:97: DeprecationWarning: This method is deprecated and will be removed in future.
  return func(*args, session=session, **kwargs)

[2026-02-16T15:42:47.644+0000] {taskinstance.py:310} INFO - Rescheduling task, marking task as UP_FOR_RESCHEDULE
[2026-02-16T15:42:47.644+0000] {taskinstance.py:341} INFO - ::group::Post task execution logs
[2026-02-16T15:42:47.653+0000] {local_task_job_runner.py:266} INFO - Task exited with return code 0
[2026-02-16T15:42:47.670+0000] {taskinstance.py:3901} INFO - 0 downstream tasks scheduled from follow-on schedule check
[2026-02-16T15:42:47.671+0000] {local_task_job_runner.py:245} INFO - ::endgroup::
[2026-02-16T15:43:49.155+0000] {local_task_job_runner.py:123} INFO - ::group::Pre task execution logs
[2026-02-16T15:43:49.168+0000] {taskinstance.py:2614} INFO - Dependencies all met for dep_context=non-requeueable deps ti=<TaskInstance: load_postgres.check_parse scheduled__2026-02-14T10:00:00+00:00 [queued]>
[2026-02-16T15:43:49.174+0000] {taskinstance.py:2614} INFO - Dependencies all met for dep_context=requeueable deps ti=<TaskInstance: load_postgres.check_parse scheduled__2026-02-14T10:00:00+00:00 [queued]>
[2026-02-16T15:43:49.174+0000] {taskinstance.py:2867} INFO - Starting attempt 1 of 4
[2026-02-16T15:43:49.182+0000] {taskinstance.py:2890} INFO - Executing <Task(ExternalTaskSensor): check_parse> on 2026-02-14 10:00:00+00:00
[2026-02-16T15:43:49.186+0000] {standard_task_runner.py:72} INFO - Started process 351 to run task
[2026-02-16T15:43:49.188+0000] {standard_task_runner.py:104} INFO - Running: ['***', 'tasks', 'run', 'load_postgres', 'check_parse', 'scheduled__2026-02-14T10:00:00+00:00', '--job-id', '71', '--raw', '--subdir', 'DAGS_FOLDER/load_postrges.py', '--cfg-path', '/tmp/tmpm3x_xec3']
[2026-02-16T15:43:49.190+0000] {standard_task_runner.py:105} INFO - Job 71: Subtask check_parse
[2026-02-16T15:43:49.199+0000] {warnings.py:109} WARNING - /home/***/.local/lib/python3.9/site-packages/***/settings.py:209: DeprecationWarning: The sql_alchemy_conn option in [core] has been moved to the sql_alchemy_conn option in [database] - the old setting has been used, but please update your config.
  SQL_ALCHEMY_CONN = conf.get("database", "SQL_ALCHEMY_CONN")

[2026-02-16T15:43:49.223+0000] {task_command.py:467} INFO - Running <TaskInstance: load_postgres.check_parse scheduled__2026-02-14T10:00:00+00:00 [running]> on host 6ef9a94e694d
[2026-02-16T15:43:49.224+0000] {warnings.py:109} WARNING - /home/***/.local/lib/python3.9/site-packages/***/settings.py:470: DeprecationWarning: The sql_alchemy_conn option in [core] has been moved to the sql_alchemy_conn option in [database] - the old setting has been used, but please update your config.
  if conf.get("database", "sql_alchemy_conn") == "none://":

[2026-02-16T15:43:49.267+0000] {taskinstance.py:3134} INFO - Exporting env vars: AIRFLOW_CTX_DAG_OWNER='a.sorokin' AIRFLOW_CTX_DAG_ID='load_postgres' AIRFLOW_CTX_TASK_ID='check_parse' AIRFLOW_CTX_EXECUTION_DATE='2026-02-14T10:00:00+00:00' AIRFLOW_CTX_TRY_NUMBER='1' AIRFLOW_CTX_DAG_RUN_ID='scheduled__2026-02-14T10:00:00+00:00'
[2026-02-16T15:43:49.268+0000] {taskinstance.py:732} INFO - ::endgroup::
[2026-02-16T15:43:49.275+0000] {baseoperator.py:423} WARNING - ExternalTaskSensor.execute cannot be called outside TaskInstance!
[2026-02-16T15:43:49.283+0000] {external_task.py:274} INFO - Poking for DAG 'parse_iot' on 2026-02-14T10:00:00+00:00 ... 
[2026-02-16T15:43:49.283+0000] {warnings.py:109} WARNING - /home/***/.local/lib/python3.9/site-packages/***/utils/session.py:97: DeprecationWarning: This method is deprecated and will be removed in future.
  return func(*args, session=session, **kwargs)

[2026-02-16T15:43:49.302+0000] {taskinstance.py:310} INFO - Rescheduling task, marking task as UP_FOR_RESCHEDULE
[2026-02-16T15:43:49.303+0000] {taskinstance.py:341} INFO - ::group::Post task execution logs
[2026-02-16T15:43:49.320+0000] {local_task_job_runner.py:266} INFO - Task exited with return code 0
[2026-02-16T15:43:49.339+0000] {taskinstance.py:3901} INFO - 0 downstream tasks scheduled from follow-on schedule check
[2026-02-16T15:43:49.340+0000] {local_task_job_runner.py:245} INFO - ::endgroup::
[2026-02-16T15:44:52.259+0000] {local_task_job_runner.py:123} INFO - ::group::Pre task execution logs
[2026-02-16T15:44:52.272+0000] {taskinstance.py:2614} INFO - Dependencies all met for dep_context=non-requeueable deps ti=<TaskInstance: load_postgres.check_parse scheduled__2026-02-14T10:00:00+00:00 [queued]>
[2026-02-16T15:44:52.278+0000] {taskinstance.py:2614} INFO - Dependencies all met for dep_context=requeueable deps ti=<TaskInstance: load_postgres.check_parse scheduled__2026-02-14T10:00:00+00:00 [queued]>
[2026-02-16T15:44:52.278+0000] {taskinstance.py:2867} INFO - Starting attempt 1 of 4
[2026-02-16T15:44:52.284+0000] {taskinstance.py:2890} INFO - Executing <Task(ExternalTaskSensor): check_parse> on 2026-02-14 10:00:00+00:00
[2026-02-16T15:44:52.289+0000] {standard_task_runner.py:72} INFO - Started process 483 to run task
[2026-02-16T15:44:52.291+0000] {standard_task_runner.py:104} INFO - Running: ['***', 'tasks', 'run', 'load_postgres', 'check_parse', 'scheduled__2026-02-14T10:00:00+00:00', '--job-id', '104', '--raw', '--subdir', 'DAGS_FOLDER/load_postrges.py', '--cfg-path', '/tmp/tmprxv7_rwk']
[2026-02-16T15:44:52.293+0000] {standard_task_runner.py:105} INFO - Job 104: Subtask check_parse
[2026-02-16T15:44:52.301+0000] {warnings.py:109} WARNING - /home/***/.local/lib/python3.9/site-packages/***/settings.py:209: DeprecationWarning: The sql_alchemy_conn option in [core] has been moved to the sql_alchemy_conn option in [database] - the old setting has been used, but please update your config.
  SQL_ALCHEMY_CONN = conf.get("database", "SQL_ALCHEMY_CONN")

[2026-02-16T15:44:52.327+0000] {task_command.py:467} INFO - Running <TaskInstance: load_postgres.check_parse scheduled__2026-02-14T10:00:00+00:00 [running]> on host 6ef9a94e694d
[2026-02-16T15:44:52.328+0000] {warnings.py:109} WARNING - /home/***/.local/lib/python3.9/site-packages/***/settings.py:470: DeprecationWarning: The sql_alchemy_conn option in [core] has been moved to the sql_alchemy_conn option in [database] - the old setting has been used, but please update your config.
  if conf.get("database", "sql_alchemy_conn") == "none://":

[2026-02-16T15:44:52.381+0000] {taskinstance.py:3134} INFO - Exporting env vars: AIRFLOW_CTX_DAG_OWNER='a.sorokin' AIRFLOW_CTX_DAG_ID='load_postgres' AIRFLOW_CTX_TASK_ID='check_parse' AIRFLOW_CTX_EXECUTION_DATE='2026-02-14T10:00:00+00:00' AIRFLOW_CTX_TRY_NUMBER='1' AIRFLOW_CTX_DAG_RUN_ID='scheduled__2026-02-14T10:00:00+00:00'
[2026-02-16T15:44:52.382+0000] {taskinstance.py:732} INFO - ::endgroup::
[2026-02-16T15:44:52.390+0000] {baseoperator.py:423} WARNING - ExternalTaskSensor.execute cannot be called outside TaskInstance!
[2026-02-16T15:44:52.396+0000] {external_task.py:274} INFO - Poking for DAG 'parse_iot' on 2026-02-14T10:00:00+00:00 ... 
[2026-02-16T15:44:52.396+0000] {warnings.py:109} WARNING - /home/***/.local/lib/python3.9/site-packages/***/utils/session.py:97: DeprecationWarning: This method is deprecated and will be removed in future.
  return func(*args, session=session, **kwargs)

[2026-02-16T15:44:52.422+0000] {taskinstance.py:310} INFO - Rescheduling task, marking task as UP_FOR_RESCHEDULE
[2026-02-16T15:44:52.422+0000] {taskinstance.py:341} INFO - ::group::Post task execution logs
[2026-02-16T15:44:52.463+0000] {local_task_job_runner.py:266} INFO - Task exited with return code 0
[2026-02-16T15:44:52.482+0000] {taskinstance.py:3901} INFO - 0 downstream tasks scheduled from follow-on schedule check
[2026-02-16T15:44:52.488+0000] {local_task_job_runner.py:245} INFO - ::endgroup::
[2026-02-16T15:45:53.722+0000] {local_task_job_runner.py:123} INFO - ::group::Pre task execution logs
[2026-02-16T15:45:53.737+0000] {taskinstance.py:2614} INFO - Dependencies all met for dep_context=non-requeueable deps ti=<TaskInstance: load_postgres.check_parse scheduled__2026-02-14T10:00:00+00:00 [queued]>
[2026-02-16T15:45:53.743+0000] {taskinstance.py:2614} INFO - Dependencies all met for dep_context=requeueable deps ti=<TaskInstance: load_postgres.check_parse scheduled__2026-02-14T10:00:00+00:00 [queued]>
[2026-02-16T15:45:53.744+0000] {taskinstance.py:2867} INFO - Starting attempt 1 of 4
[2026-02-16T15:45:53.751+0000] {taskinstance.py:2890} INFO - Executing <Task(ExternalTaskSensor): check_parse> on 2026-02-14 10:00:00+00:00
[2026-02-16T15:45:53.757+0000] {standard_task_runner.py:72} INFO - Started process 583 to run task
[2026-02-16T15:45:53.759+0000] {standard_task_runner.py:104} INFO - Running: ['***', 'tasks', 'run', 'load_postgres', 'check_parse', 'scheduled__2026-02-14T10:00:00+00:00', '--job-id', '129', '--raw', '--subdir', 'DAGS_FOLDER/load_postrges.py', '--cfg-path', '/tmp/tmphitaiyj9']
[2026-02-16T15:45:53.761+0000] {standard_task_runner.py:105} INFO - Job 129: Subtask check_parse
[2026-02-16T15:45:53.771+0000] {warnings.py:109} WARNING - /home/***/.local/lib/python3.9/site-packages/***/settings.py:209: DeprecationWarning: The sql_alchemy_conn option in [core] has been moved to the sql_alchemy_conn option in [database] - the old setting has been used, but please update your config.
  SQL_ALCHEMY_CONN = conf.get("database", "SQL_ALCHEMY_CONN")

[2026-02-16T15:45:53.799+0000] {task_command.py:467} INFO - Running <TaskInstance: load_postgres.check_parse scheduled__2026-02-14T10:00:00+00:00 [running]> on host 6ef9a94e694d
[2026-02-16T15:45:53.799+0000] {warnings.py:109} WARNING - /home/***/.local/lib/python3.9/site-packages/***/settings.py:470: DeprecationWarning: The sql_alchemy_conn option in [core] has been moved to the sql_alchemy_conn option in [database] - the old setting has been used, but please update your config.
  if conf.get("database", "sql_alchemy_conn") == "none://":

[2026-02-16T15:45:53.846+0000] {taskinstance.py:3134} INFO - Exporting env vars: AIRFLOW_CTX_DAG_OWNER='a.sorokin' AIRFLOW_CTX_DAG_ID='load_postgres' AIRFLOW_CTX_TASK_ID='check_parse' AIRFLOW_CTX_EXECUTION_DATE='2026-02-14T10:00:00+00:00' AIRFLOW_CTX_TRY_NUMBER='1' AIRFLOW_CTX_DAG_RUN_ID='scheduled__2026-02-14T10:00:00+00:00'
[2026-02-16T15:45:53.847+0000] {taskinstance.py:732} INFO - ::endgroup::
[2026-02-16T15:45:53.854+0000] {baseoperator.py:423} WARNING - ExternalTaskSensor.execute cannot be called outside TaskInstance!
[2026-02-16T15:45:53.859+0000] {external_task.py:274} INFO - Poking for DAG 'parse_iot' on 2026-02-14T10:00:00+00:00 ... 
[2026-02-16T15:45:53.860+0000] {warnings.py:109} WARNING - /home/***/.local/lib/python3.9/site-packages/***/utils/session.py:97: DeprecationWarning: This method is deprecated and will be removed in future.
  return func(*args, session=session, **kwargs)

[2026-02-16T15:45:53.877+0000] {taskinstance.py:310} INFO - Rescheduling task, marking task as UP_FOR_RESCHEDULE
[2026-02-16T15:45:53.877+0000] {taskinstance.py:341} INFO - ::group::Post task execution logs
[2026-02-16T15:45:53.891+0000] {local_task_job_runner.py:266} INFO - Task exited with return code 0
[2026-02-16T15:45:53.909+0000] {taskinstance.py:3901} INFO - 0 downstream tasks scheduled from follow-on schedule check
[2026-02-16T15:45:53.910+0000] {local_task_job_runner.py:245} INFO - ::endgroup::
[2026-02-16T15:46:55.548+0000] {local_task_job_runner.py:123} INFO - ::group::Pre task execution logs
[2026-02-16T15:46:55.560+0000] {taskinstance.py:2614} INFO - Dependencies all met for dep_context=non-requeueable deps ti=<TaskInstance: load_postgres.check_parse scheduled__2026-02-14T10:00:00+00:00 [queued]>
[2026-02-16T15:46:55.565+0000] {taskinstance.py:2614} INFO - Dependencies all met for dep_context=requeueable deps ti=<TaskInstance: load_postgres.check_parse scheduled__2026-02-14T10:00:00+00:00 [queued]>
[2026-02-16T15:46:55.565+0000] {taskinstance.py:2867} INFO - Starting attempt 1 of 4
[2026-02-16T15:46:55.572+0000] {taskinstance.py:2890} INFO - Executing <Task(ExternalTaskSensor): check_parse> on 2026-02-14 10:00:00+00:00
[2026-02-16T15:46:55.576+0000] {standard_task_runner.py:72} INFO - Started process 683 to run task
[2026-02-16T15:46:55.578+0000] {standard_task_runner.py:104} INFO - Running: ['***', 'tasks', 'run', 'load_postgres', 'check_parse', 'scheduled__2026-02-14T10:00:00+00:00', '--job-id', '154', '--raw', '--subdir', 'DAGS_FOLDER/load_postrges.py', '--cfg-path', '/tmp/tmpwc6l9zei']
[2026-02-16T15:46:55.580+0000] {standard_task_runner.py:105} INFO - Job 154: Subtask check_parse
[2026-02-16T15:46:55.588+0000] {warnings.py:109} WARNING - /home/***/.local/lib/python3.9/site-packages/***/settings.py:209: DeprecationWarning: The sql_alchemy_conn option in [core] has been moved to the sql_alchemy_conn option in [database] - the old setting has been used, but please update your config.
  SQL_ALCHEMY_CONN = conf.get("database", "SQL_ALCHEMY_CONN")

[2026-02-16T15:46:55.610+0000] {task_command.py:467} INFO - Running <TaskInstance: load_postgres.check_parse scheduled__2026-02-14T10:00:00+00:00 [running]> on host 6ef9a94e694d
[2026-02-16T15:46:55.610+0000] {warnings.py:109} WARNING - /home/***/.local/lib/python3.9/site-packages/***/settings.py:470: DeprecationWarning: The sql_alchemy_conn option in [core] has been moved to the sql_alchemy_conn option in [database] - the old setting has been used, but please update your config.
  if conf.get("database", "sql_alchemy_conn") == "none://":

[2026-02-16T15:46:55.652+0000] {taskinstance.py:3134} INFO - Exporting env vars: AIRFLOW_CTX_DAG_OWNER='a.sorokin' AIRFLOW_CTX_DAG_ID='load_postgres' AIRFLOW_CTX_TASK_ID='check_parse' AIRFLOW_CTX_EXECUTION_DATE='2026-02-14T10:00:00+00:00' AIRFLOW_CTX_TRY_NUMBER='1' AIRFLOW_CTX_DAG_RUN_ID='scheduled__2026-02-14T10:00:00+00:00'
[2026-02-16T15:46:55.653+0000] {taskinstance.py:732} INFO - ::endgroup::
[2026-02-16T15:46:55.659+0000] {baseoperator.py:423} WARNING - ExternalTaskSensor.execute cannot be called outside TaskInstance!
[2026-02-16T15:46:55.665+0000] {external_task.py:274} INFO - Poking for DAG 'parse_iot' on 2026-02-14T10:00:00+00:00 ... 
[2026-02-16T15:46:55.665+0000] {warnings.py:109} WARNING - /home/***/.local/lib/python3.9/site-packages/***/utils/session.py:97: DeprecationWarning: This method is deprecated and will be removed in future.
  return func(*args, session=session, **kwargs)

[2026-02-16T15:46:55.682+0000] {taskinstance.py:310} INFO - Rescheduling task, marking task as UP_FOR_RESCHEDULE
[2026-02-16T15:46:55.682+0000] {taskinstance.py:341} INFO - ::group::Post task execution logs
[2026-02-16T15:46:55.710+0000] {local_task_job_runner.py:266} INFO - Task exited with return code 0
[2026-02-16T15:46:55.726+0000] {taskinstance.py:3901} INFO - 0 downstream tasks scheduled from follow-on schedule check
[2026-02-16T15:46:55.727+0000] {local_task_job_runner.py:245} INFO - ::endgroup::
[2026-02-16T15:47:57.248+0000] {local_task_job_runner.py:123} INFO - ::group::Pre task execution logs
[2026-02-16T15:47:57.261+0000] {taskinstance.py:2614} INFO - Dependencies all met for dep_context=non-requeueable deps ti=<TaskInstance: load_postgres.check_parse scheduled__2026-02-14T10:00:00+00:00 [queued]>
[2026-02-16T15:47:57.266+0000] {taskinstance.py:2614} INFO - Dependencies all met for dep_context=requeueable deps ti=<TaskInstance: load_postgres.check_parse scheduled__2026-02-14T10:00:00+00:00 [queued]>
[2026-02-16T15:47:57.266+0000] {taskinstance.py:2867} INFO - Starting attempt 1 of 4
[2026-02-16T15:47:57.273+0000] {taskinstance.py:2890} INFO - Executing <Task(ExternalTaskSensor): check_parse> on 2026-02-14 10:00:00+00:00
[2026-02-16T15:47:57.277+0000] {standard_task_runner.py:72} INFO - Started process 895 to run task
[2026-02-16T15:47:57.279+0000] {standard_task_runner.py:104} INFO - Running: ['***', 'tasks', 'run', 'load_postgres', 'check_parse', 'scheduled__2026-02-14T10:00:00+00:00', '--job-id', '207', '--raw', '--subdir', 'DAGS_FOLDER/load_postrges.py', '--cfg-path', '/tmp/tmp2phy_e9s']
[2026-02-16T15:47:57.281+0000] {standard_task_runner.py:105} INFO - Job 207: Subtask check_parse
[2026-02-16T15:47:57.288+0000] {warnings.py:109} WARNING - /home/***/.local/lib/python3.9/site-packages/***/settings.py:209: DeprecationWarning: The sql_alchemy_conn option in [core] has been moved to the sql_alchemy_conn option in [database] - the old setting has been used, but please update your config.
  SQL_ALCHEMY_CONN = conf.get("database", "SQL_ALCHEMY_CONN")

[2026-02-16T15:47:57.311+0000] {task_command.py:467} INFO - Running <TaskInstance: load_postgres.check_parse scheduled__2026-02-14T10:00:00+00:00 [running]> on host 6ef9a94e694d
[2026-02-16T15:47:57.312+0000] {warnings.py:109} WARNING - /home/***/.local/lib/python3.9/site-packages/***/settings.py:470: DeprecationWarning: The sql_alchemy_conn option in [core] has been moved to the sql_alchemy_conn option in [database] - the old setting has been used, but please update your config.
  if conf.get("database", "sql_alchemy_conn") == "none://":

[2026-02-16T15:47:57.354+0000] {taskinstance.py:3134} INFO - Exporting env vars: AIRFLOW_CTX_DAG_OWNER='a.sorokin' AIRFLOW_CTX_DAG_ID='load_postgres' AIRFLOW_CTX_TASK_ID='check_parse' AIRFLOW_CTX_EXECUTION_DATE='2026-02-14T10:00:00+00:00' AIRFLOW_CTX_TRY_NUMBER='1' AIRFLOW_CTX_DAG_RUN_ID='scheduled__2026-02-14T10:00:00+00:00'
[2026-02-16T15:47:57.355+0000] {taskinstance.py:732} INFO - ::endgroup::
[2026-02-16T15:47:57.363+0000] {baseoperator.py:423} WARNING - ExternalTaskSensor.execute cannot be called outside TaskInstance!
[2026-02-16T15:47:57.371+0000] {external_task.py:274} INFO - Poking for DAG 'parse_iot' on 2026-02-14T10:00:00+00:00 ... 
[2026-02-16T15:47:57.372+0000] {warnings.py:109} WARNING - /home/***/.local/lib/python3.9/site-packages/***/utils/session.py:97: DeprecationWarning: This method is deprecated and will be removed in future.
  return func(*args, session=session, **kwargs)

[2026-02-16T15:47:57.379+0000] {base.py:339} INFO - Success criteria met. Exiting.
[2026-02-16T15:47:57.386+0000] {taskinstance.py:341} INFO - ::group::Post task execution logs
[2026-02-16T15:47:57.386+0000] {taskinstance.py:353} INFO - Marking task as SUCCESS. dag_id=load_postgres, task_id=check_parse, run_id=scheduled__2026-02-14T10:00:00+00:00, execution_date=20260214T100000, start_date=20260216T154757, end_date=20260216T154757
[2026-02-16T15:47:57.411+0000] {local_task_job_runner.py:266} INFO - Task exited with return code 0
[2026-02-16T15:47:57.430+0000] {taskinstance.py:3901} INFO - 1 downstream tasks scheduled from follow-on schedule check
[2026-02-16T15:47:57.431+0000] {local_task_job_runner.py:245} INFO - ::endgroup::
