[2026-02-14T16:31:42.078+0000] {local_task_job_runner.py:123} INFO - ::group::Pre task execution logs
[2026-02-14T16:31:42.094+0000] {taskinstance.py:2614} INFO - Dependencies all met for dep_context=non-requeueable deps ti=<TaskInstance: parse_iot.check_download_complete scheduled__2026-02-13T10:00:00+00:00 [queued]>
[2026-02-14T16:31:42.101+0000] {taskinstance.py:2614} INFO - Dependencies all met for dep_context=requeueable deps ti=<TaskInstance: parse_iot.check_download_complete scheduled__2026-02-13T10:00:00+00:00 [queued]>
[2026-02-14T16:31:42.101+0000] {taskinstance.py:2867} INFO - Starting attempt 1 of 4
[2026-02-14T16:31:42.107+0000] {taskinstance.py:2890} INFO - Executing <Task(ExternalTaskSensor): check_download_complete> on 2026-02-13 10:00:00+00:00
[2026-02-14T16:31:42.112+0000] {standard_task_runner.py:72} INFO - Started process 339 to run task
[2026-02-14T16:31:42.114+0000] {standard_task_runner.py:104} INFO - Running: ['***', 'tasks', 'run', 'parse_iot', 'check_download_complete', 'scheduled__2026-02-13T10:00:00+00:00', '--job-id', '68', '--raw', '--subdir', 'DAGS_FOLDER/parse_iot.py', '--cfg-path', '/tmp/tmpwefa_ita']
[2026-02-14T16:31:42.115+0000] {standard_task_runner.py:105} INFO - Job 68: Subtask check_download_complete
[2026-02-14T16:31:42.123+0000] {warnings.py:109} WARNING - /home/***/.local/lib/python3.9/site-packages/***/settings.py:209: DeprecationWarning: The sql_alchemy_conn option in [core] has been moved to the sql_alchemy_conn option in [database] - the old setting has been used, but please update your config.
  SQL_ALCHEMY_CONN = conf.get("database", "SQL_ALCHEMY_CONN")

[2026-02-14T16:31:42.143+0000] {task_command.py:467} INFO - Running <TaskInstance: parse_iot.check_download_complete scheduled__2026-02-13T10:00:00+00:00 [running]> on host a5c4ed865bb5
[2026-02-14T16:31:42.144+0000] {warnings.py:109} WARNING - /home/***/.local/lib/python3.9/site-packages/***/settings.py:470: DeprecationWarning: The sql_alchemy_conn option in [core] has been moved to the sql_alchemy_conn option in [database] - the old setting has been used, but please update your config.
  if conf.get("database", "sql_alchemy_conn") == "none://":

[2026-02-14T16:31:42.188+0000] {taskinstance.py:3134} INFO - Exporting env vars: AIRFLOW_CTX_DAG_OWNER='a.sorokin' AIRFLOW_CTX_DAG_ID='parse_iot' AIRFLOW_CTX_TASK_ID='check_download_complete' AIRFLOW_CTX_EXECUTION_DATE='2026-02-13T10:00:00+00:00' AIRFLOW_CTX_TRY_NUMBER='1' AIRFLOW_CTX_DAG_RUN_ID='scheduled__2026-02-13T10:00:00+00:00'
[2026-02-14T16:31:42.188+0000] {taskinstance.py:732} INFO - ::endgroup::
[2026-02-14T16:31:42.195+0000] {baseoperator.py:423} WARNING - ExternalTaskSensor.execute cannot be called outside TaskInstance!
[2026-02-14T16:31:42.201+0000] {external_task.py:274} INFO - Poking for DAG 'download_iot' on 2026-02-13T10:00:00+00:00 ... 
[2026-02-14T16:31:42.202+0000] {warnings.py:109} WARNING - /home/***/.local/lib/python3.9/site-packages/***/utils/session.py:97: DeprecationWarning: This method is deprecated and will be removed in future.
  return func(*args, session=session, **kwargs)

[2026-02-14T16:31:42.207+0000] {base.py:339} INFO - Success criteria met. Exiting.
[2026-02-14T16:31:42.213+0000] {taskinstance.py:341} INFO - ::group::Post task execution logs
[2026-02-14T16:31:42.214+0000] {taskinstance.py:353} INFO - Marking task as SUCCESS. dag_id=parse_iot, task_id=check_download_complete, run_id=scheduled__2026-02-13T10:00:00+00:00, execution_date=20260213T100000, start_date=20260214T163142, end_date=20260214T163142
[2026-02-14T16:31:42.246+0000] {local_task_job_runner.py:266} INFO - Task exited with return code 0
[2026-02-14T16:31:42.253+0000] {local_task_job_runner.py:245} INFO - ::endgroup::
[2026-02-14T17:49:04.045+0000] {local_task_job_runner.py:123} INFO - ::group::Pre task execution logs
[2026-02-14T17:49:04.061+0000] {taskinstance.py:2614} INFO - Dependencies all met for dep_context=non-requeueable deps ti=<TaskInstance: parse_iot.check_download_complete scheduled__2026-02-13T10:00:00+00:00 [queued]>
[2026-02-14T17:49:04.067+0000] {taskinstance.py:2614} INFO - Dependencies all met for dep_context=requeueable deps ti=<TaskInstance: parse_iot.check_download_complete scheduled__2026-02-13T10:00:00+00:00 [queued]>
[2026-02-14T17:49:04.068+0000] {taskinstance.py:2867} INFO - Starting attempt 1 of 4
[2026-02-14T17:49:04.074+0000] {taskinstance.py:2890} INFO - Executing <Task(ExternalTaskSensor): check_download_complete> on 2026-02-13 10:00:00+00:00
[2026-02-14T17:49:04.079+0000] {standard_task_runner.py:72} INFO - Started process 351 to run task
[2026-02-14T17:49:04.081+0000] {standard_task_runner.py:104} INFO - Running: ['***', 'tasks', 'run', 'parse_iot', 'check_download_complete', 'scheduled__2026-02-13T10:00:00+00:00', '--job-id', '71', '--raw', '--subdir', 'DAGS_FOLDER/parse_iot.py', '--cfg-path', '/tmp/tmp5ak7e1_5']
[2026-02-14T17:49:04.083+0000] {standard_task_runner.py:105} INFO - Job 71: Subtask check_download_complete
[2026-02-14T17:49:04.092+0000] {warnings.py:109} WARNING - /home/***/.local/lib/python3.9/site-packages/***/settings.py:209: DeprecationWarning: The sql_alchemy_conn option in [core] has been moved to the sql_alchemy_conn option in [database] - the old setting has been used, but please update your config.
  SQL_ALCHEMY_CONN = conf.get("database", "SQL_ALCHEMY_CONN")

[2026-02-14T17:49:04.114+0000] {task_command.py:467} INFO - Running <TaskInstance: parse_iot.check_download_complete scheduled__2026-02-13T10:00:00+00:00 [running]> on host 9052c134cdec
[2026-02-14T17:49:04.115+0000] {warnings.py:109} WARNING - /home/***/.local/lib/python3.9/site-packages/***/settings.py:470: DeprecationWarning: The sql_alchemy_conn option in [core] has been moved to the sql_alchemy_conn option in [database] - the old setting has been used, but please update your config.
  if conf.get("database", "sql_alchemy_conn") == "none://":

[2026-02-14T17:49:04.162+0000] {taskinstance.py:3134} INFO - Exporting env vars: AIRFLOW_CTX_DAG_OWNER='a.sorokin' AIRFLOW_CTX_DAG_ID='parse_iot' AIRFLOW_CTX_TASK_ID='check_download_complete' AIRFLOW_CTX_EXECUTION_DATE='2026-02-13T10:00:00+00:00' AIRFLOW_CTX_TRY_NUMBER='1' AIRFLOW_CTX_DAG_RUN_ID='scheduled__2026-02-13T10:00:00+00:00'
[2026-02-14T17:49:04.163+0000] {taskinstance.py:732} INFO - ::endgroup::
[2026-02-14T17:49:04.170+0000] {baseoperator.py:423} WARNING - ExternalTaskSensor.execute cannot be called outside TaskInstance!
[2026-02-14T17:49:04.176+0000] {external_task.py:274} INFO - Poking for DAG 'download_iot' on 2026-02-13T10:00:00+00:00 ... 
[2026-02-14T17:49:04.177+0000] {warnings.py:109} WARNING - /home/***/.local/lib/python3.9/site-packages/***/utils/session.py:97: DeprecationWarning: This method is deprecated and will be removed in future.
  return func(*args, session=session, **kwargs)

[2026-02-14T17:49:04.182+0000] {base.py:339} INFO - Success criteria met. Exiting.
[2026-02-14T17:49:04.189+0000] {taskinstance.py:341} INFO - ::group::Post task execution logs
[2026-02-14T17:49:04.189+0000] {taskinstance.py:353} INFO - Marking task as SUCCESS. dag_id=parse_iot, task_id=check_download_complete, run_id=scheduled__2026-02-13T10:00:00+00:00, execution_date=20260213T100000, start_date=20260214T174904, end_date=20260214T174904
[2026-02-14T17:49:04.213+0000] {local_task_job_runner.py:266} INFO - Task exited with return code 0
[2026-02-14T17:49:04.222+0000] {local_task_job_runner.py:245} INFO - ::endgroup::
[2026-02-14T18:14:15.484+0000] {local_task_job_runner.py:123} INFO - ::group::Pre task execution logs
[2026-02-14T18:14:15.503+0000] {taskinstance.py:2614} INFO - Dependencies all met for dep_context=non-requeueable deps ti=<TaskInstance: parse_iot.check_download_complete scheduled__2026-02-13T10:00:00+00:00 [queued]>
[2026-02-14T18:14:15.510+0000] {taskinstance.py:2614} INFO - Dependencies all met for dep_context=requeueable deps ti=<TaskInstance: parse_iot.check_download_complete scheduled__2026-02-13T10:00:00+00:00 [queued]>
[2026-02-14T18:14:15.511+0000] {taskinstance.py:2867} INFO - Starting attempt 1 of 4
[2026-02-14T18:14:15.517+0000] {taskinstance.py:2890} INFO - Executing <Task(ExternalTaskSensor): check_download_complete> on 2026-02-13 10:00:00+00:00
[2026-02-14T18:14:15.522+0000] {standard_task_runner.py:72} INFO - Started process 335 to run task
[2026-02-14T18:14:15.524+0000] {standard_task_runner.py:104} INFO - Running: ['***', 'tasks', 'run', 'parse_iot', 'check_download_complete', 'scheduled__2026-02-13T10:00:00+00:00', '--job-id', '67', '--raw', '--subdir', 'DAGS_FOLDER/parse_iot.py', '--cfg-path', '/tmp/tmp2jky89n5']
[2026-02-14T18:14:15.526+0000] {standard_task_runner.py:105} INFO - Job 67: Subtask check_download_complete
[2026-02-14T18:14:15.535+0000] {warnings.py:109} WARNING - /home/***/.local/lib/python3.9/site-packages/***/settings.py:209: DeprecationWarning: The sql_alchemy_conn option in [core] has been moved to the sql_alchemy_conn option in [database] - the old setting has been used, but please update your config.
  SQL_ALCHEMY_CONN = conf.get("database", "SQL_ALCHEMY_CONN")

[2026-02-14T18:14:15.557+0000] {task_command.py:467} INFO - Running <TaskInstance: parse_iot.check_download_complete scheduled__2026-02-13T10:00:00+00:00 [running]> on host bb762b62a2c2
[2026-02-14T18:14:15.557+0000] {warnings.py:109} WARNING - /home/***/.local/lib/python3.9/site-packages/***/settings.py:470: DeprecationWarning: The sql_alchemy_conn option in [core] has been moved to the sql_alchemy_conn option in [database] - the old setting has been used, but please update your config.
  if conf.get("database", "sql_alchemy_conn") == "none://":

[2026-02-14T18:14:15.606+0000] {taskinstance.py:3134} INFO - Exporting env vars: AIRFLOW_CTX_DAG_OWNER='a.sorokin' AIRFLOW_CTX_DAG_ID='parse_iot' AIRFLOW_CTX_TASK_ID='check_download_complete' AIRFLOW_CTX_EXECUTION_DATE='2026-02-13T10:00:00+00:00' AIRFLOW_CTX_TRY_NUMBER='1' AIRFLOW_CTX_DAG_RUN_ID='scheduled__2026-02-13T10:00:00+00:00'
[2026-02-14T18:14:15.607+0000] {taskinstance.py:732} INFO - ::endgroup::
[2026-02-14T18:14:15.614+0000] {baseoperator.py:423} WARNING - ExternalTaskSensor.execute cannot be called outside TaskInstance!
[2026-02-14T18:14:15.620+0000] {external_task.py:274} INFO - Poking for DAG 'download_iot' on 2026-02-13T10:00:00+00:00 ... 
[2026-02-14T18:14:15.620+0000] {warnings.py:109} WARNING - /home/***/.local/lib/python3.9/site-packages/***/utils/session.py:97: DeprecationWarning: This method is deprecated and will be removed in future.
  return func(*args, session=session, **kwargs)

[2026-02-14T18:14:15.625+0000] {base.py:339} INFO - Success criteria met. Exiting.
[2026-02-14T18:14:15.631+0000] {taskinstance.py:341} INFO - ::group::Post task execution logs
[2026-02-14T18:14:15.631+0000] {taskinstance.py:353} INFO - Marking task as SUCCESS. dag_id=parse_iot, task_id=check_download_complete, run_id=scheduled__2026-02-13T10:00:00+00:00, execution_date=20260213T100000, start_date=20260214T181415, end_date=20260214T181415
[2026-02-14T18:14:15.656+0000] {local_task_job_runner.py:266} INFO - Task exited with return code 0
[2026-02-14T18:14:15.679+0000] {taskinstance.py:3901} INFO - 0 downstream tasks scheduled from follow-on schedule check
[2026-02-14T18:14:15.680+0000] {local_task_job_runner.py:245} INFO - ::endgroup::
[2026-02-16T14:46:02.967+0000] {local_task_job_runner.py:123} INFO - ::group::Pre task execution logs
[2026-02-16T14:46:02.983+0000] {taskinstance.py:2614} INFO - Dependencies all met for dep_context=non-requeueable deps ti=<TaskInstance: parse_iot.check_download_complete scheduled__2026-02-13T10:00:00+00:00 [queued]>
[2026-02-16T14:46:02.989+0000] {taskinstance.py:2614} INFO - Dependencies all met for dep_context=requeueable deps ti=<TaskInstance: parse_iot.check_download_complete scheduled__2026-02-13T10:00:00+00:00 [queued]>
[2026-02-16T14:46:02.989+0000] {taskinstance.py:2867} INFO - Starting attempt 1 of 4
[2026-02-16T14:46:02.996+0000] {taskinstance.py:2890} INFO - Executing <Task(ExternalTaskSensor): check_download_complete> on 2026-02-13 10:00:00+00:00
[2026-02-16T14:46:03.001+0000] {standard_task_runner.py:72} INFO - Started process 386 to run task
[2026-02-16T14:46:03.003+0000] {standard_task_runner.py:104} INFO - Running: ['***', 'tasks', 'run', 'parse_iot', 'check_download_complete', 'scheduled__2026-02-13T10:00:00+00:00', '--job-id', '74', '--raw', '--subdir', 'DAGS_FOLDER/parse_iot.py', '--cfg-path', '/tmp/tmp6ldbx30l']
[2026-02-16T14:46:03.004+0000] {standard_task_runner.py:105} INFO - Job 74: Subtask check_download_complete
[2026-02-16T14:46:03.012+0000] {warnings.py:109} WARNING - /home/***/.local/lib/python3.9/site-packages/***/settings.py:209: DeprecationWarning: The sql_alchemy_conn option in [core] has been moved to the sql_alchemy_conn option in [database] - the old setting has been used, but please update your config.
  SQL_ALCHEMY_CONN = conf.get("database", "SQL_ALCHEMY_CONN")

[2026-02-16T14:46:03.034+0000] {task_command.py:467} INFO - Running <TaskInstance: parse_iot.check_download_complete scheduled__2026-02-13T10:00:00+00:00 [running]> on host cd96c4fa192f
[2026-02-16T14:46:03.034+0000] {warnings.py:109} WARNING - /home/***/.local/lib/python3.9/site-packages/***/settings.py:470: DeprecationWarning: The sql_alchemy_conn option in [core] has been moved to the sql_alchemy_conn option in [database] - the old setting has been used, but please update your config.
  if conf.get("database", "sql_alchemy_conn") == "none://":

[2026-02-16T14:46:03.078+0000] {taskinstance.py:3134} INFO - Exporting env vars: AIRFLOW_CTX_DAG_OWNER='a.sorokin' AIRFLOW_CTX_DAG_ID='parse_iot' AIRFLOW_CTX_TASK_ID='check_download_complete' AIRFLOW_CTX_EXECUTION_DATE='2026-02-13T10:00:00+00:00' AIRFLOW_CTX_TRY_NUMBER='1' AIRFLOW_CTX_DAG_RUN_ID='scheduled__2026-02-13T10:00:00+00:00'
[2026-02-16T14:46:03.078+0000] {taskinstance.py:732} INFO - ::endgroup::
[2026-02-16T14:46:03.086+0000] {baseoperator.py:423} WARNING - ExternalTaskSensor.execute cannot be called outside TaskInstance!
[2026-02-16T14:46:03.091+0000] {external_task.py:274} INFO - Poking for DAG 'download_iot' on 2026-02-13T10:00:00+00:00 ... 
[2026-02-16T14:46:03.091+0000] {warnings.py:109} WARNING - /home/***/.local/lib/python3.9/site-packages/***/utils/session.py:97: DeprecationWarning: This method is deprecated and will be removed in future.
  return func(*args, session=session, **kwargs)

[2026-02-16T14:46:03.097+0000] {base.py:339} INFO - Success criteria met. Exiting.
[2026-02-16T14:46:03.103+0000] {taskinstance.py:341} INFO - ::group::Post task execution logs
[2026-02-16T14:46:03.103+0000] {taskinstance.py:353} INFO - Marking task as SUCCESS. dag_id=parse_iot, task_id=check_download_complete, run_id=scheduled__2026-02-13T10:00:00+00:00, execution_date=20260213T100000, start_date=20260216T144602, end_date=20260216T144603
[2026-02-16T14:46:03.135+0000] {local_task_job_runner.py:266} INFO - Task exited with return code 0
[2026-02-16T14:46:03.157+0000] {taskinstance.py:3901} INFO - 0 downstream tasks scheduled from follow-on schedule check
[2026-02-16T14:46:03.158+0000] {local_task_job_runner.py:245} INFO - ::endgroup::
[2026-02-16T15:15:53.348+0000] {local_task_job_runner.py:123} INFO - ::group::Pre task execution logs
[2026-02-16T15:15:53.366+0000] {taskinstance.py:2614} INFO - Dependencies all met for dep_context=non-requeueable deps ti=<TaskInstance: parse_iot.check_download_complete scheduled__2026-02-13T10:00:00+00:00 [queued]>
[2026-02-16T15:15:53.373+0000] {taskinstance.py:2614} INFO - Dependencies all met for dep_context=requeueable deps ti=<TaskInstance: parse_iot.check_download_complete scheduled__2026-02-13T10:00:00+00:00 [queued]>
[2026-02-16T15:15:53.373+0000] {taskinstance.py:2867} INFO - Starting attempt 1 of 4
[2026-02-16T15:15:53.381+0000] {taskinstance.py:2890} INFO - Executing <Task(ExternalTaskSensor): check_download_complete> on 2026-02-13 10:00:00+00:00
[2026-02-16T15:15:53.385+0000] {standard_task_runner.py:72} INFO - Started process 351 to run task
[2026-02-16T15:15:53.387+0000] {standard_task_runner.py:104} INFO - Running: ['***', 'tasks', 'run', 'parse_iot', 'check_download_complete', 'scheduled__2026-02-13T10:00:00+00:00', '--job-id', '71', '--raw', '--subdir', 'DAGS_FOLDER/parse_iot.py', '--cfg-path', '/tmp/tmpdos1zps3']
[2026-02-16T15:15:53.389+0000] {standard_task_runner.py:105} INFO - Job 71: Subtask check_download_complete
[2026-02-16T15:15:53.398+0000] {warnings.py:109} WARNING - /home/***/.local/lib/python3.9/site-packages/***/settings.py:209: DeprecationWarning: The sql_alchemy_conn option in [core] has been moved to the sql_alchemy_conn option in [database] - the old setting has been used, but please update your config.
  SQL_ALCHEMY_CONN = conf.get("database", "SQL_ALCHEMY_CONN")

[2026-02-16T15:15:53.421+0000] {task_command.py:467} INFO - Running <TaskInstance: parse_iot.check_download_complete scheduled__2026-02-13T10:00:00+00:00 [running]> on host fbd3e38838e9
[2026-02-16T15:15:53.421+0000] {warnings.py:109} WARNING - /home/***/.local/lib/python3.9/site-packages/***/settings.py:470: DeprecationWarning: The sql_alchemy_conn option in [core] has been moved to the sql_alchemy_conn option in [database] - the old setting has been used, but please update your config.
  if conf.get("database", "sql_alchemy_conn") == "none://":

[2026-02-16T15:15:53.470+0000] {taskinstance.py:3134} INFO - Exporting env vars: AIRFLOW_CTX_DAG_OWNER='a.sorokin' AIRFLOW_CTX_DAG_ID='parse_iot' AIRFLOW_CTX_TASK_ID='check_download_complete' AIRFLOW_CTX_EXECUTION_DATE='2026-02-13T10:00:00+00:00' AIRFLOW_CTX_TRY_NUMBER='1' AIRFLOW_CTX_DAG_RUN_ID='scheduled__2026-02-13T10:00:00+00:00'
[2026-02-16T15:15:53.470+0000] {taskinstance.py:732} INFO - ::endgroup::
[2026-02-16T15:15:53.478+0000] {baseoperator.py:423} WARNING - ExternalTaskSensor.execute cannot be called outside TaskInstance!
[2026-02-16T15:15:53.484+0000] {external_task.py:274} INFO - Poking for DAG 'download_iot' on 2026-02-13T10:00:00+00:00 ... 
[2026-02-16T15:15:53.485+0000] {warnings.py:109} WARNING - /home/***/.local/lib/python3.9/site-packages/***/utils/session.py:97: DeprecationWarning: This method is deprecated and will be removed in future.
  return func(*args, session=session, **kwargs)

[2026-02-16T15:15:53.490+0000] {base.py:339} INFO - Success criteria met. Exiting.
[2026-02-16T15:15:53.497+0000] {taskinstance.py:341} INFO - ::group::Post task execution logs
[2026-02-16T15:15:53.497+0000] {taskinstance.py:353} INFO - Marking task as SUCCESS. dag_id=parse_iot, task_id=check_download_complete, run_id=scheduled__2026-02-13T10:00:00+00:00, execution_date=20260213T100000, start_date=20260216T151553, end_date=20260216T151553
[2026-02-16T15:15:53.519+0000] {local_task_job_runner.py:266} INFO - Task exited with return code 0
[2026-02-16T15:15:53.543+0000] {taskinstance.py:3901} INFO - 0 downstream tasks scheduled from follow-on schedule check
[2026-02-16T15:15:53.544+0000] {local_task_job_runner.py:245} INFO - ::endgroup::
[2026-02-16T15:43:55.188+0000] {local_task_job_runner.py:123} INFO - ::group::Pre task execution logs
[2026-02-16T15:43:55.204+0000] {taskinstance.py:2614} INFO - Dependencies all met for dep_context=non-requeueable deps ti=<TaskInstance: parse_iot.check_download_complete scheduled__2026-02-13T10:00:00+00:00 [queued]>
[2026-02-16T15:43:55.211+0000] {taskinstance.py:2614} INFO - Dependencies all met for dep_context=requeueable deps ti=<TaskInstance: parse_iot.check_download_complete scheduled__2026-02-13T10:00:00+00:00 [queued]>
[2026-02-16T15:43:55.211+0000] {taskinstance.py:2867} INFO - Starting attempt 1 of 4
[2026-02-16T15:43:55.218+0000] {taskinstance.py:2890} INFO - Executing <Task(ExternalTaskSensor): check_download_complete> on 2026-02-13 10:00:00+00:00
[2026-02-16T15:43:55.222+0000] {standard_task_runner.py:72} INFO - Started process 367 to run task
[2026-02-16T15:43:55.224+0000] {standard_task_runner.py:104} INFO - Running: ['***', 'tasks', 'run', 'parse_iot', 'check_download_complete', 'scheduled__2026-02-13T10:00:00+00:00', '--job-id', '75', '--raw', '--subdir', 'DAGS_FOLDER/parse_iot.py', '--cfg-path', '/tmp/tmpx0x9it5s']
[2026-02-16T15:43:55.226+0000] {standard_task_runner.py:105} INFO - Job 75: Subtask check_download_complete
[2026-02-16T15:43:55.234+0000] {warnings.py:109} WARNING - /home/***/.local/lib/python3.9/site-packages/***/settings.py:209: DeprecationWarning: The sql_alchemy_conn option in [core] has been moved to the sql_alchemy_conn option in [database] - the old setting has been used, but please update your config.
  SQL_ALCHEMY_CONN = conf.get("database", "SQL_ALCHEMY_CONN")

[2026-02-16T15:43:55.255+0000] {task_command.py:467} INFO - Running <TaskInstance: parse_iot.check_download_complete scheduled__2026-02-13T10:00:00+00:00 [running]> on host 6ef9a94e694d
[2026-02-16T15:43:55.256+0000] {warnings.py:109} WARNING - /home/***/.local/lib/python3.9/site-packages/***/settings.py:470: DeprecationWarning: The sql_alchemy_conn option in [core] has been moved to the sql_alchemy_conn option in [database] - the old setting has been used, but please update your config.
  if conf.get("database", "sql_alchemy_conn") == "none://":

[2026-02-16T15:43:55.301+0000] {taskinstance.py:3134} INFO - Exporting env vars: AIRFLOW_CTX_DAG_OWNER='a.sorokin' AIRFLOW_CTX_DAG_ID='parse_iot' AIRFLOW_CTX_TASK_ID='check_download_complete' AIRFLOW_CTX_EXECUTION_DATE='2026-02-13T10:00:00+00:00' AIRFLOW_CTX_TRY_NUMBER='1' AIRFLOW_CTX_DAG_RUN_ID='scheduled__2026-02-13T10:00:00+00:00'
[2026-02-16T15:43:55.302+0000] {taskinstance.py:732} INFO - ::endgroup::
[2026-02-16T15:43:55.309+0000] {baseoperator.py:423} WARNING - ExternalTaskSensor.execute cannot be called outside TaskInstance!
[2026-02-16T15:43:55.314+0000] {external_task.py:274} INFO - Poking for DAG 'download_iot' on 2026-02-13T10:00:00+00:00 ... 
[2026-02-16T15:43:55.315+0000] {warnings.py:109} WARNING - /home/***/.local/lib/python3.9/site-packages/***/utils/session.py:97: DeprecationWarning: This method is deprecated and will be removed in future.
  return func(*args, session=session, **kwargs)

[2026-02-16T15:43:55.320+0000] {base.py:339} INFO - Success criteria met. Exiting.
[2026-02-16T15:43:55.326+0000] {taskinstance.py:341} INFO - ::group::Post task execution logs
[2026-02-16T15:43:55.326+0000] {taskinstance.py:353} INFO - Marking task as SUCCESS. dag_id=parse_iot, task_id=check_download_complete, run_id=scheduled__2026-02-13T10:00:00+00:00, execution_date=20260213T100000, start_date=20260216T154355, end_date=20260216T154355
[2026-02-16T15:43:55.356+0000] {local_task_job_runner.py:266} INFO - Task exited with return code 0
[2026-02-16T15:43:55.378+0000] {taskinstance.py:3901} INFO - 0 downstream tasks scheduled from follow-on schedule check
[2026-02-16T15:43:55.379+0000] {local_task_job_runner.py:245} INFO - ::endgroup::
