[2026-02-16T17:00:00.791+0000] {local_task_job_runner.py:123} INFO - ::group::Pre task execution logs
[2026-02-16T17:00:00.802+0000] {taskinstance.py:2614} INFO - Dependencies all met for dep_context=non-requeueable deps ti=<TaskInstance: date_load_postgres.download_data scheduled__2026-02-13T10:00:00+00:00 [queued]>
[2026-02-16T17:00:00.807+0000] {taskinstance.py:2614} INFO - Dependencies all met for dep_context=requeueable deps ti=<TaskInstance: date_load_postgres.download_data scheduled__2026-02-13T10:00:00+00:00 [queued]>
[2026-02-16T17:00:00.807+0000] {taskinstance.py:2867} INFO - Starting attempt 2 of 4
[2026-02-16T17:00:00.814+0000] {taskinstance.py:2890} INFO - Executing <Task(PythonOperator): download_data> on 2026-02-13 10:00:00+00:00
[2026-02-16T17:00:00.818+0000] {standard_task_runner.py:72} INFO - Started process 1365 to run task
[2026-02-16T17:00:00.820+0000] {standard_task_runner.py:104} INFO - Running: ['***', 'tasks', 'run', 'date_load_postgres', 'download_data', 'scheduled__2026-02-13T10:00:00+00:00', '--job-id', '324', '--raw', '--subdir', 'DAGS_FOLDER/date_load_postrges.py', '--cfg-path', '/tmp/tmpx7u6vf6b']
[2026-02-16T17:00:00.822+0000] {standard_task_runner.py:105} INFO - Job 324: Subtask download_data
[2026-02-16T17:00:00.830+0000] {warnings.py:109} WARNING - /home/***/.local/lib/python3.9/site-packages/***/settings.py:209: DeprecationWarning: The sql_alchemy_conn option in [core] has been moved to the sql_alchemy_conn option in [database] - the old setting has been used, but please update your config.
  SQL_ALCHEMY_CONN = conf.get("database", "SQL_ALCHEMY_CONN")

[2026-02-16T17:00:00.850+0000] {task_command.py:467} INFO - Running <TaskInstance: date_load_postgres.download_data scheduled__2026-02-13T10:00:00+00:00 [running]> on host 6ef9a94e694d
[2026-02-16T17:00:00.851+0000] {warnings.py:109} WARNING - /home/***/.local/lib/python3.9/site-packages/***/settings.py:470: DeprecationWarning: The sql_alchemy_conn option in [core] has been moved to the sql_alchemy_conn option in [database] - the old setting has been used, but please update your config.
  if conf.get("database", "sql_alchemy_conn") == "none://":

[2026-02-16T17:00:00.896+0000] {taskinstance.py:3134} INFO - Exporting env vars: AIRFLOW_CTX_DAG_OWNER='a.sorokin' AIRFLOW_CTX_DAG_ID='date_load_postgres' AIRFLOW_CTX_TASK_ID='download_data' AIRFLOW_CTX_EXECUTION_DATE='2026-02-13T10:00:00+00:00' AIRFLOW_CTX_TRY_NUMBER='2' AIRFLOW_CTX_DAG_RUN_ID='scheduled__2026-02-13T10:00:00+00:00'
[2026-02-16T17:00:00.897+0000] {taskinstance.py:732} INFO - ::endgroup::
[2026-02-16T17:00:00.905+0000] {logging_mixin.py:190} INFO - Dataset URL: https://www.kaggle.com/datasets/atulanandjha/temperature-readings-iot-devices
[2026-02-16T17:00:02.103+0000] {date_load_postrges.py:69} INFO - Данные успешно загружены с Kaggle!
[2026-02-16T17:00:02.104+0000] {python.py:240} INFO - Done. Returned value was: None
[2026-02-16T17:00:02.110+0000] {taskinstance.py:341} INFO - ::group::Post task execution logs
[2026-02-16T17:00:02.110+0000] {taskinstance.py:353} INFO - Marking task as SUCCESS. dag_id=date_load_postgres, task_id=download_data, run_id=scheduled__2026-02-13T10:00:00+00:00, execution_date=20260213T100000, start_date=20260216T170000, end_date=20260216T170002
[2026-02-16T17:00:02.156+0000] {local_task_job_runner.py:266} INFO - Task exited with return code 0
[2026-02-16T17:00:02.172+0000] {taskinstance.py:3901} INFO - 1 downstream tasks scheduled from follow-on schedule check
[2026-02-16T17:00:02.173+0000] {local_task_job_runner.py:245} INFO - ::endgroup::
