[2026-02-14T16:31:29.659+0000] {local_task_job_runner.py:123} INFO - ::group::Pre task execution logs
[2026-02-14T16:31:29.678+0000] {taskinstance.py:2614} INFO - Dependencies all met for dep_context=non-requeueable deps ti=<TaskInstance: parse_iot.check_download_complete scheduled__2026-02-06T10:00:00+00:00 [queued]>
[2026-02-14T16:31:29.686+0000] {taskinstance.py:2614} INFO - Dependencies all met for dep_context=requeueable deps ti=<TaskInstance: parse_iot.check_download_complete scheduled__2026-02-06T10:00:00+00:00 [queued]>
[2026-02-14T16:31:29.686+0000] {taskinstance.py:2867} INFO - Starting attempt 1 of 4
[2026-02-14T16:31:29.693+0000] {taskinstance.py:2890} INFO - Executing <Task(ExternalTaskSensor): check_download_complete> on 2026-02-06 10:00:00+00:00
[2026-02-14T16:31:29.698+0000] {standard_task_runner.py:72} INFO - Started process 293 to run task
[2026-02-14T16:31:29.700+0000] {standard_task_runner.py:104} INFO - Running: ['***', 'tasks', 'run', 'parse_iot', 'check_download_complete', 'scheduled__2026-02-06T10:00:00+00:00', '--job-id', '56', '--raw', '--subdir', 'DAGS_FOLDER/parse_iot.py', '--cfg-path', '/tmp/tmpcqqygomd']
[2026-02-14T16:31:29.701+0000] {standard_task_runner.py:105} INFO - Job 56: Subtask check_download_complete
[2026-02-14T16:31:29.709+0000] {warnings.py:109} WARNING - /home/***/.local/lib/python3.9/site-packages/***/settings.py:209: DeprecationWarning: The sql_alchemy_conn option in [core] has been moved to the sql_alchemy_conn option in [database] - the old setting has been used, but please update your config.
  SQL_ALCHEMY_CONN = conf.get("database", "SQL_ALCHEMY_CONN")

[2026-02-14T16:31:29.732+0000] {task_command.py:467} INFO - Running <TaskInstance: parse_iot.check_download_complete scheduled__2026-02-06T10:00:00+00:00 [running]> on host a5c4ed865bb5
[2026-02-14T16:31:29.732+0000] {warnings.py:109} WARNING - /home/***/.local/lib/python3.9/site-packages/***/settings.py:470: DeprecationWarning: The sql_alchemy_conn option in [core] has been moved to the sql_alchemy_conn option in [database] - the old setting has been used, but please update your config.
  if conf.get("database", "sql_alchemy_conn") == "none://":

[2026-02-14T16:31:29.785+0000] {taskinstance.py:3134} INFO - Exporting env vars: AIRFLOW_CTX_DAG_OWNER='a.sorokin' AIRFLOW_CTX_DAG_ID='parse_iot' AIRFLOW_CTX_TASK_ID='check_download_complete' AIRFLOW_CTX_EXECUTION_DATE='2026-02-06T10:00:00+00:00' AIRFLOW_CTX_TRY_NUMBER='1' AIRFLOW_CTX_DAG_RUN_ID='scheduled__2026-02-06T10:00:00+00:00'
[2026-02-14T16:31:29.786+0000] {taskinstance.py:732} INFO - ::endgroup::
[2026-02-14T16:31:29.793+0000] {baseoperator.py:423} WARNING - ExternalTaskSensor.execute cannot be called outside TaskInstance!
[2026-02-14T16:31:29.799+0000] {external_task.py:274} INFO - Poking for DAG 'download_iot' on 2026-02-06T10:00:00+00:00 ... 
[2026-02-14T16:31:29.800+0000] {warnings.py:109} WARNING - /home/***/.local/lib/python3.9/site-packages/***/utils/session.py:97: DeprecationWarning: This method is deprecated and will be removed in future.
  return func(*args, session=session, **kwargs)

[2026-02-14T16:31:29.805+0000] {base.py:339} INFO - Success criteria met. Exiting.
[2026-02-14T16:31:29.813+0000] {taskinstance.py:341} INFO - ::group::Post task execution logs
[2026-02-14T16:31:29.813+0000] {taskinstance.py:353} INFO - Marking task as SUCCESS. dag_id=parse_iot, task_id=check_download_complete, run_id=scheduled__2026-02-06T10:00:00+00:00, execution_date=20260206T100000, start_date=20260214T163129, end_date=20260214T163129
[2026-02-14T16:31:29.872+0000] {local_task_job_runner.py:266} INFO - Task exited with return code 0
[2026-02-14T16:31:29.899+0000] {taskinstance.py:3901} INFO - 0 downstream tasks scheduled from follow-on schedule check
[2026-02-14T16:31:29.900+0000] {local_task_job_runner.py:245} INFO - ::endgroup::
[2026-02-14T17:48:46.048+0000] {local_task_job_runner.py:123} INFO - ::group::Pre task execution logs
[2026-02-14T17:48:46.065+0000] {taskinstance.py:2614} INFO - Dependencies all met for dep_context=non-requeueable deps ti=<TaskInstance: parse_iot.check_download_complete scheduled__2026-02-06T10:00:00+00:00 [queued]>
[2026-02-14T17:48:46.073+0000] {taskinstance.py:2614} INFO - Dependencies all met for dep_context=requeueable deps ti=<TaskInstance: parse_iot.check_download_complete scheduled__2026-02-06T10:00:00+00:00 [queued]>
[2026-02-14T17:48:46.073+0000] {taskinstance.py:2867} INFO - Starting attempt 1 of 4
[2026-02-14T17:48:46.079+0000] {taskinstance.py:2890} INFO - Executing <Task(ExternalTaskSensor): check_download_complete> on 2026-02-06 10:00:00+00:00
[2026-02-14T17:48:46.084+0000] {standard_task_runner.py:72} INFO - Started process 299 to run task
[2026-02-14T17:48:46.086+0000] {standard_task_runner.py:104} INFO - Running: ['***', 'tasks', 'run', 'parse_iot', 'check_download_complete', 'scheduled__2026-02-06T10:00:00+00:00', '--job-id', '58', '--raw', '--subdir', 'DAGS_FOLDER/parse_iot.py', '--cfg-path', '/tmp/tmpsetzbufb']
[2026-02-14T17:48:46.088+0000] {standard_task_runner.py:105} INFO - Job 58: Subtask check_download_complete
[2026-02-14T17:48:46.096+0000] {warnings.py:109} WARNING - /home/***/.local/lib/python3.9/site-packages/***/settings.py:209: DeprecationWarning: The sql_alchemy_conn option in [core] has been moved to the sql_alchemy_conn option in [database] - the old setting has been used, but please update your config.
  SQL_ALCHEMY_CONN = conf.get("database", "SQL_ALCHEMY_CONN")

[2026-02-14T17:48:46.118+0000] {task_command.py:467} INFO - Running <TaskInstance: parse_iot.check_download_complete scheduled__2026-02-06T10:00:00+00:00 [running]> on host 9052c134cdec
[2026-02-14T17:48:46.118+0000] {warnings.py:109} WARNING - /home/***/.local/lib/python3.9/site-packages/***/settings.py:470: DeprecationWarning: The sql_alchemy_conn option in [core] has been moved to the sql_alchemy_conn option in [database] - the old setting has been used, but please update your config.
  if conf.get("database", "sql_alchemy_conn") == "none://":

[2026-02-14T17:48:46.163+0000] {taskinstance.py:3134} INFO - Exporting env vars: AIRFLOW_CTX_DAG_OWNER='a.sorokin' AIRFLOW_CTX_DAG_ID='parse_iot' AIRFLOW_CTX_TASK_ID='check_download_complete' AIRFLOW_CTX_EXECUTION_DATE='2026-02-06T10:00:00+00:00' AIRFLOW_CTX_TRY_NUMBER='1' AIRFLOW_CTX_DAG_RUN_ID='scheduled__2026-02-06T10:00:00+00:00'
[2026-02-14T17:48:46.163+0000] {taskinstance.py:732} INFO - ::endgroup::
[2026-02-14T17:48:46.171+0000] {baseoperator.py:423} WARNING - ExternalTaskSensor.execute cannot be called outside TaskInstance!
[2026-02-14T17:48:46.176+0000] {external_task.py:274} INFO - Poking for DAG 'download_iot' on 2026-02-06T10:00:00+00:00 ... 
[2026-02-14T17:48:46.177+0000] {warnings.py:109} WARNING - /home/***/.local/lib/python3.9/site-packages/***/utils/session.py:97: DeprecationWarning: This method is deprecated and will be removed in future.
  return func(*args, session=session, **kwargs)

[2026-02-14T17:48:46.182+0000] {base.py:339} INFO - Success criteria met. Exiting.
[2026-02-14T17:48:46.188+0000] {taskinstance.py:341} INFO - ::group::Post task execution logs
[2026-02-14T17:48:46.189+0000] {taskinstance.py:353} INFO - Marking task as SUCCESS. dag_id=parse_iot, task_id=check_download_complete, run_id=scheduled__2026-02-06T10:00:00+00:00, execution_date=20260206T100000, start_date=20260214T174846, end_date=20260214T174846
[2026-02-14T17:48:46.218+0000] {local_task_job_runner.py:266} INFO - Task exited with return code 0
[2026-02-14T17:48:46.241+0000] {taskinstance.py:3901} INFO - 0 downstream tasks scheduled from follow-on schedule check
[2026-02-14T17:48:46.241+0000] {local_task_job_runner.py:245} INFO - ::endgroup::
[2026-02-14T18:14:01.638+0000] {local_task_job_runner.py:123} INFO - ::group::Pre task execution logs
[2026-02-14T18:14:01.654+0000] {taskinstance.py:2614} INFO - Dependencies all met for dep_context=non-requeueable deps ti=<TaskInstance: parse_iot.check_download_complete scheduled__2026-02-06T10:00:00+00:00 [queued]>
[2026-02-14T18:14:01.660+0000] {taskinstance.py:2614} INFO - Dependencies all met for dep_context=requeueable deps ti=<TaskInstance: parse_iot.check_download_complete scheduled__2026-02-06T10:00:00+00:00 [queued]>
[2026-02-14T18:14:01.661+0000] {taskinstance.py:2867} INFO - Starting attempt 1 of 4
[2026-02-14T18:14:01.667+0000] {taskinstance.py:2890} INFO - Executing <Task(ExternalTaskSensor): check_download_complete> on 2026-02-06 10:00:00+00:00
[2026-02-14T18:14:01.671+0000] {standard_task_runner.py:72} INFO - Started process 295 to run task
[2026-02-14T18:14:01.673+0000] {standard_task_runner.py:104} INFO - Running: ['***', 'tasks', 'run', 'parse_iot', 'check_download_complete', 'scheduled__2026-02-06T10:00:00+00:00', '--job-id', '57', '--raw', '--subdir', 'DAGS_FOLDER/parse_iot.py', '--cfg-path', '/tmp/tmpd1bbe76g']
[2026-02-14T18:14:01.675+0000] {standard_task_runner.py:105} INFO - Job 57: Subtask check_download_complete
[2026-02-14T18:14:01.683+0000] {warnings.py:109} WARNING - /home/***/.local/lib/python3.9/site-packages/***/settings.py:209: DeprecationWarning: The sql_alchemy_conn option in [core] has been moved to the sql_alchemy_conn option in [database] - the old setting has been used, but please update your config.
  SQL_ALCHEMY_CONN = conf.get("database", "SQL_ALCHEMY_CONN")

[2026-02-14T18:14:01.703+0000] {task_command.py:467} INFO - Running <TaskInstance: parse_iot.check_download_complete scheduled__2026-02-06T10:00:00+00:00 [running]> on host bb762b62a2c2
[2026-02-14T18:14:01.703+0000] {warnings.py:109} WARNING - /home/***/.local/lib/python3.9/site-packages/***/settings.py:470: DeprecationWarning: The sql_alchemy_conn option in [core] has been moved to the sql_alchemy_conn option in [database] - the old setting has been used, but please update your config.
  if conf.get("database", "sql_alchemy_conn") == "none://":

[2026-02-14T18:14:01.750+0000] {taskinstance.py:3134} INFO - Exporting env vars: AIRFLOW_CTX_DAG_OWNER='a.sorokin' AIRFLOW_CTX_DAG_ID='parse_iot' AIRFLOW_CTX_TASK_ID='check_download_complete' AIRFLOW_CTX_EXECUTION_DATE='2026-02-06T10:00:00+00:00' AIRFLOW_CTX_TRY_NUMBER='1' AIRFLOW_CTX_DAG_RUN_ID='scheduled__2026-02-06T10:00:00+00:00'
[2026-02-14T18:14:01.750+0000] {taskinstance.py:732} INFO - ::endgroup::
[2026-02-14T18:14:01.757+0000] {baseoperator.py:423} WARNING - ExternalTaskSensor.execute cannot be called outside TaskInstance!
[2026-02-14T18:14:01.763+0000] {external_task.py:274} INFO - Poking for DAG 'download_iot' on 2026-02-06T10:00:00+00:00 ... 
[2026-02-14T18:14:01.763+0000] {warnings.py:109} WARNING - /home/***/.local/lib/python3.9/site-packages/***/utils/session.py:97: DeprecationWarning: This method is deprecated and will be removed in future.
  return func(*args, session=session, **kwargs)

[2026-02-14T18:14:01.768+0000] {base.py:339} INFO - Success criteria met. Exiting.
[2026-02-14T18:14:01.774+0000] {taskinstance.py:341} INFO - ::group::Post task execution logs
[2026-02-14T18:14:01.774+0000] {taskinstance.py:353} INFO - Marking task as SUCCESS. dag_id=parse_iot, task_id=check_download_complete, run_id=scheduled__2026-02-06T10:00:00+00:00, execution_date=20260206T100000, start_date=20260214T181401, end_date=20260214T181401
[2026-02-14T18:14:01.805+0000] {local_task_job_runner.py:266} INFO - Task exited with return code 0
[2026-02-14T18:14:01.827+0000] {taskinstance.py:3901} INFO - 0 downstream tasks scheduled from follow-on schedule check
[2026-02-14T18:14:01.828+0000] {local_task_job_runner.py:245} INFO - ::endgroup::
[2026-02-16T14:45:45.522+0000] {local_task_job_runner.py:123} INFO - ::group::Pre task execution logs
[2026-02-16T14:45:45.541+0000] {taskinstance.py:2614} INFO - Dependencies all met for dep_context=non-requeueable deps ti=<TaskInstance: parse_iot.check_download_complete scheduled__2026-02-06T10:00:00+00:00 [queued]>
[2026-02-16T14:45:45.549+0000] {taskinstance.py:2614} INFO - Dependencies all met for dep_context=requeueable deps ti=<TaskInstance: parse_iot.check_download_complete scheduled__2026-02-06T10:00:00+00:00 [queued]>
[2026-02-16T14:45:45.549+0000] {taskinstance.py:2867} INFO - Starting attempt 1 of 4
[2026-02-16T14:45:45.557+0000] {taskinstance.py:2890} INFO - Executing <Task(ExternalTaskSensor): check_download_complete> on 2026-02-06 10:00:00+00:00
[2026-02-16T14:45:45.562+0000] {standard_task_runner.py:72} INFO - Started process 314 to run task
[2026-02-16T14:45:45.565+0000] {standard_task_runner.py:104} INFO - Running: ['***', 'tasks', 'run', 'parse_iot', 'check_download_complete', 'scheduled__2026-02-06T10:00:00+00:00', '--job-id', '56', '--raw', '--subdir', 'DAGS_FOLDER/parse_iot.py', '--cfg-path', '/tmp/tmpkzj79_ta']
[2026-02-16T14:45:45.567+0000] {standard_task_runner.py:105} INFO - Job 56: Subtask check_download_complete
[2026-02-16T14:45:45.577+0000] {warnings.py:109} WARNING - /home/***/.local/lib/python3.9/site-packages/***/settings.py:209: DeprecationWarning: The sql_alchemy_conn option in [core] has been moved to the sql_alchemy_conn option in [database] - the old setting has been used, but please update your config.
  SQL_ALCHEMY_CONN = conf.get("database", "SQL_ALCHEMY_CONN")

[2026-02-16T14:45:45.600+0000] {task_command.py:467} INFO - Running <TaskInstance: parse_iot.check_download_complete scheduled__2026-02-06T10:00:00+00:00 [running]> on host cd96c4fa192f
[2026-02-16T14:45:45.601+0000] {warnings.py:109} WARNING - /home/***/.local/lib/python3.9/site-packages/***/settings.py:470: DeprecationWarning: The sql_alchemy_conn option in [core] has been moved to the sql_alchemy_conn option in [database] - the old setting has been used, but please update your config.
  if conf.get("database", "sql_alchemy_conn") == "none://":

[2026-02-16T14:45:45.655+0000] {taskinstance.py:3134} INFO - Exporting env vars: AIRFLOW_CTX_DAG_OWNER='a.sorokin' AIRFLOW_CTX_DAG_ID='parse_iot' AIRFLOW_CTX_TASK_ID='check_download_complete' AIRFLOW_CTX_EXECUTION_DATE='2026-02-06T10:00:00+00:00' AIRFLOW_CTX_TRY_NUMBER='1' AIRFLOW_CTX_DAG_RUN_ID='scheduled__2026-02-06T10:00:00+00:00'
[2026-02-16T14:45:45.656+0000] {taskinstance.py:732} INFO - ::endgroup::
[2026-02-16T14:45:45.664+0000] {baseoperator.py:423} WARNING - ExternalTaskSensor.execute cannot be called outside TaskInstance!
[2026-02-16T14:45:45.670+0000] {external_task.py:274} INFO - Poking for DAG 'download_iot' on 2026-02-06T10:00:00+00:00 ... 
[2026-02-16T14:45:45.670+0000] {warnings.py:109} WARNING - /home/***/.local/lib/python3.9/site-packages/***/utils/session.py:97: DeprecationWarning: This method is deprecated and will be removed in future.
  return func(*args, session=session, **kwargs)

[2026-02-16T14:45:45.675+0000] {base.py:339} INFO - Success criteria met. Exiting.
[2026-02-16T14:45:45.682+0000] {taskinstance.py:341} INFO - ::group::Post task execution logs
[2026-02-16T14:45:45.682+0000] {taskinstance.py:353} INFO - Marking task as SUCCESS. dag_id=parse_iot, task_id=check_download_complete, run_id=scheduled__2026-02-06T10:00:00+00:00, execution_date=20260206T100000, start_date=20260216T144545, end_date=20260216T144545
[2026-02-16T14:45:45.937+0000] {local_task_job_runner.py:266} INFO - Task exited with return code 0
[2026-02-16T14:45:45.961+0000] {taskinstance.py:3901} INFO - 0 downstream tasks scheduled from follow-on schedule check
[2026-02-16T14:45:45.961+0000] {local_task_job_runner.py:245} INFO - ::endgroup::
