[2026-02-14T16:32:53.049+0000] {local_task_job_runner.py:123} INFO - ::group::Pre task execution logs
[2026-02-14T16:32:53.064+0000] {taskinstance.py:2614} INFO - Dependencies all met for dep_context=non-requeueable deps ti=<TaskInstance: parse_iot.sort_in_out scheduled__2026-01-30T10:00:00+00:00 [queued]>
[2026-02-14T16:32:53.070+0000] {taskinstance.py:2614} INFO - Dependencies all met for dep_context=requeueable deps ti=<TaskInstance: parse_iot.sort_in_out scheduled__2026-01-30T10:00:00+00:00 [queued]>
[2026-02-14T16:32:53.070+0000] {taskinstance.py:2867} INFO - Starting attempt 1 of 4
[2026-02-14T16:32:53.076+0000] {taskinstance.py:2890} INFO - Executing <Task(PythonOperator): sort_in_out> on 2026-01-30 10:00:00+00:00
[2026-02-14T16:32:53.081+0000] {standard_task_runner.py:72} INFO - Started process 463 to run task
[2026-02-14T16:32:53.083+0000] {standard_task_runner.py:104} INFO - Running: ['***', 'tasks', 'run', 'parse_iot', 'sort_in_out', 'scheduled__2026-01-30T10:00:00+00:00', '--job-id', '99', '--raw', '--subdir', 'DAGS_FOLDER/parse_iot.py', '--cfg-path', '/tmp/tmpq2gea_6e']
[2026-02-14T16:32:53.084+0000] {standard_task_runner.py:105} INFO - Job 99: Subtask sort_in_out
[2026-02-14T16:32:53.092+0000] {warnings.py:109} WARNING - /home/***/.local/lib/python3.9/site-packages/***/settings.py:209: DeprecationWarning: The sql_alchemy_conn option in [core] has been moved to the sql_alchemy_conn option in [database] - the old setting has been used, but please update your config.
  SQL_ALCHEMY_CONN = conf.get("database", "SQL_ALCHEMY_CONN")

[2026-02-14T16:32:53.112+0000] {task_command.py:467} INFO - Running <TaskInstance: parse_iot.sort_in_out scheduled__2026-01-30T10:00:00+00:00 [running]> on host a5c4ed865bb5
[2026-02-14T16:32:53.112+0000] {warnings.py:109} WARNING - /home/***/.local/lib/python3.9/site-packages/***/settings.py:470: DeprecationWarning: The sql_alchemy_conn option in [core] has been moved to the sql_alchemy_conn option in [database] - the old setting has been used, but please update your config.
  if conf.get("database", "sql_alchemy_conn") == "none://":

[2026-02-14T16:32:53.154+0000] {taskinstance.py:3134} INFO - Exporting env vars: AIRFLOW_CTX_DAG_OWNER='a.sorokin' AIRFLOW_CTX_DAG_ID='parse_iot' AIRFLOW_CTX_TASK_ID='sort_in_out' AIRFLOW_CTX_EXECUTION_DATE='2026-01-30T10:00:00+00:00' AIRFLOW_CTX_TRY_NUMBER='1' AIRFLOW_CTX_DAG_RUN_ID='scheduled__2026-01-30T10:00:00+00:00'
[2026-02-14T16:32:53.155+0000] {taskinstance.py:732} INFO - ::endgroup::
[2026-02-14T16:32:53.162+0000] {parse_iot.py:102} INFO - text
[2026-02-14T16:32:53.162+0000] {python.py:240} INFO - Done. Returned value was: None
[2026-02-14T16:32:53.168+0000] {taskinstance.py:341} INFO - ::group::Post task execution logs
[2026-02-14T16:32:53.168+0000] {taskinstance.py:353} INFO - Marking task as SUCCESS. dag_id=parse_iot, task_id=sort_in_out, run_id=scheduled__2026-01-30T10:00:00+00:00, execution_date=20260130T100000, start_date=20260214T163253, end_date=20260214T163253
[2026-02-14T16:32:53.214+0000] {local_task_job_runner.py:266} INFO - Task exited with return code 0
[2026-02-14T16:32:53.226+0000] {taskinstance.py:3901} INFO - 0 downstream tasks scheduled from follow-on schedule check
[2026-02-14T16:32:53.227+0000] {local_task_job_runner.py:245} INFO - ::endgroup::
[2026-02-14T17:49:55.451+0000] {local_task_job_runner.py:123} INFO - ::group::Pre task execution logs
[2026-02-14T17:49:55.467+0000] {taskinstance.py:2614} INFO - Dependencies all met for dep_context=non-requeueable deps ti=<TaskInstance: parse_iot.sort_in_out scheduled__2026-01-30T10:00:00+00:00 [queued]>
[2026-02-14T17:49:55.474+0000] {taskinstance.py:2614} INFO - Dependencies all met for dep_context=requeueable deps ti=<TaskInstance: parse_iot.sort_in_out scheduled__2026-01-30T10:00:00+00:00 [queued]>
[2026-02-14T17:49:55.474+0000] {taskinstance.py:2867} INFO - Starting attempt 1 of 4
[2026-02-14T17:49:55.481+0000] {taskinstance.py:2890} INFO - Executing <Task(PythonOperator): sort_in_out> on 2026-01-30 10:00:00+00:00
[2026-02-14T17:49:55.486+0000] {standard_task_runner.py:72} INFO - Started process 459 to run task
[2026-02-14T17:49:55.488+0000] {standard_task_runner.py:104} INFO - Running: ['***', 'tasks', 'run', 'parse_iot', 'sort_in_out', 'scheduled__2026-01-30T10:00:00+00:00', '--job-id', '98', '--raw', '--subdir', 'DAGS_FOLDER/parse_iot.py', '--cfg-path', '/tmp/tmpb5khnt2l']
[2026-02-14T17:49:55.490+0000] {standard_task_runner.py:105} INFO - Job 98: Subtask sort_in_out
[2026-02-14T17:49:55.498+0000] {warnings.py:109} WARNING - /home/***/.local/lib/python3.9/site-packages/***/settings.py:209: DeprecationWarning: The sql_alchemy_conn option in [core] has been moved to the sql_alchemy_conn option in [database] - the old setting has been used, but please update your config.
  SQL_ALCHEMY_CONN = conf.get("database", "SQL_ALCHEMY_CONN")

[2026-02-14T17:49:55.521+0000] {task_command.py:467} INFO - Running <TaskInstance: parse_iot.sort_in_out scheduled__2026-01-30T10:00:00+00:00 [running]> on host 9052c134cdec
[2026-02-14T17:49:55.522+0000] {warnings.py:109} WARNING - /home/***/.local/lib/python3.9/site-packages/***/settings.py:470: DeprecationWarning: The sql_alchemy_conn option in [core] has been moved to the sql_alchemy_conn option in [database] - the old setting has been used, but please update your config.
  if conf.get("database", "sql_alchemy_conn") == "none://":

[2026-02-14T17:49:55.568+0000] {taskinstance.py:3134} INFO - Exporting env vars: AIRFLOW_CTX_DAG_OWNER='a.sorokin' AIRFLOW_CTX_DAG_ID='parse_iot' AIRFLOW_CTX_TASK_ID='sort_in_out' AIRFLOW_CTX_EXECUTION_DATE='2026-01-30T10:00:00+00:00' AIRFLOW_CTX_TRY_NUMBER='1' AIRFLOW_CTX_DAG_RUN_ID='scheduled__2026-01-30T10:00:00+00:00'
[2026-02-14T17:49:55.568+0000] {taskinstance.py:732} INFO - ::endgroup::
[2026-02-14T17:49:55.576+0000] {parse_iot.py:102} INFO - text
[2026-02-14T17:49:55.576+0000] {python.py:240} INFO - Done. Returned value was: None
[2026-02-14T17:49:55.583+0000] {taskinstance.py:341} INFO - ::group::Post task execution logs
[2026-02-14T17:49:55.583+0000] {taskinstance.py:353} INFO - Marking task as SUCCESS. dag_id=parse_iot, task_id=sort_in_out, run_id=scheduled__2026-01-30T10:00:00+00:00, execution_date=20260130T100000, start_date=20260214T174955, end_date=20260214T174955
[2026-02-14T17:49:55.620+0000] {local_task_job_runner.py:266} INFO - Task exited with return code 0
[2026-02-14T17:49:55.634+0000] {taskinstance.py:3901} INFO - 0 downstream tasks scheduled from follow-on schedule check
[2026-02-14T17:49:55.635+0000] {local_task_job_runner.py:245} INFO - ::endgroup::
[2026-02-14T18:12:50.034+0000] {local_task_job_runner.py:123} INFO - ::group::Pre task execution logs
[2026-02-14T18:12:50.057+0000] {taskinstance.py:2614} INFO - Dependencies all met for dep_context=non-requeueable deps ti=<TaskInstance: parse_iot.sort_in_out scheduled__2026-01-30T10:00:00+00:00 [queued]>
[2026-02-14T18:12:50.064+0000] {taskinstance.py:2614} INFO - Dependencies all met for dep_context=requeueable deps ti=<TaskInstance: parse_iot.sort_in_out scheduled__2026-01-30T10:00:00+00:00 [queued]>
[2026-02-14T18:12:50.064+0000] {taskinstance.py:2867} INFO - Starting attempt 1 of 4
[2026-02-14T18:12:50.074+0000] {taskinstance.py:2890} INFO - Executing <Task(PythonOperator): sort_in_out> on 2026-01-30 10:00:00+00:00
[2026-02-14T18:12:50.078+0000] {standard_task_runner.py:72} INFO - Started process 168 to run task
[2026-02-14T18:12:50.080+0000] {standard_task_runner.py:104} INFO - Running: ['***', 'tasks', 'run', 'parse_iot', 'sort_in_out', 'scheduled__2026-01-30T10:00:00+00:00', '--job-id', '25', '--raw', '--subdir', 'DAGS_FOLDER/parse_iot.py', '--cfg-path', '/tmp/tmpam8oknx4']
[2026-02-14T18:12:50.082+0000] {standard_task_runner.py:105} INFO - Job 25: Subtask sort_in_out
[2026-02-14T18:12:50.092+0000] {warnings.py:109} WARNING - /home/***/.local/lib/python3.9/site-packages/***/settings.py:209: DeprecationWarning: The sql_alchemy_conn option in [core] has been moved to the sql_alchemy_conn option in [database] - the old setting has been used, but please update your config.
  SQL_ALCHEMY_CONN = conf.get("database", "SQL_ALCHEMY_CONN")

[2026-02-14T18:12:50.116+0000] {task_command.py:467} INFO - Running <TaskInstance: parse_iot.sort_in_out scheduled__2026-01-30T10:00:00+00:00 [running]> on host bb762b62a2c2
[2026-02-14T18:12:50.117+0000] {warnings.py:109} WARNING - /home/***/.local/lib/python3.9/site-packages/***/settings.py:470: DeprecationWarning: The sql_alchemy_conn option in [core] has been moved to the sql_alchemy_conn option in [database] - the old setting has been used, but please update your config.
  if conf.get("database", "sql_alchemy_conn") == "none://":

[2026-02-14T18:12:50.169+0000] {taskinstance.py:3134} INFO - Exporting env vars: AIRFLOW_CTX_DAG_OWNER='a.sorokin' AIRFLOW_CTX_DAG_ID='parse_iot' AIRFLOW_CTX_TASK_ID='sort_in_out' AIRFLOW_CTX_EXECUTION_DATE='2026-01-30T10:00:00+00:00' AIRFLOW_CTX_TRY_NUMBER='1' AIRFLOW_CTX_DAG_RUN_ID='scheduled__2026-01-30T10:00:00+00:00'
[2026-02-14T18:12:50.170+0000] {taskinstance.py:732} INFO - ::endgroup::
[2026-02-14T18:12:50.179+0000] {parse_iot.py:102} INFO - text
[2026-02-14T18:12:50.179+0000] {python.py:240} INFO - Done. Returned value was: None
[2026-02-14T18:12:50.186+0000] {taskinstance.py:341} INFO - ::group::Post task execution logs
[2026-02-14T18:12:50.186+0000] {taskinstance.py:353} INFO - Marking task as SUCCESS. dag_id=parse_iot, task_id=sort_in_out, run_id=scheduled__2026-01-30T10:00:00+00:00, execution_date=20260130T100000, start_date=20260214T181250, end_date=20260214T181250
[2026-02-14T18:12:50.252+0000] {local_task_job_runner.py:266} INFO - Task exited with return code 0
[2026-02-14T18:12:50.265+0000] {taskinstance.py:3901} INFO - 0 downstream tasks scheduled from follow-on schedule check
[2026-02-14T18:12:50.266+0000] {local_task_job_runner.py:245} INFO - ::endgroup::
[2026-02-16T14:46:44.741+0000] {local_task_job_runner.py:123} INFO - ::group::Pre task execution logs
[2026-02-16T14:46:44.756+0000] {taskinstance.py:2614} INFO - Dependencies all met for dep_context=non-requeueable deps ti=<TaskInstance: parse_iot.sort_in_out scheduled__2026-01-30T10:00:00+00:00 [queued]>
[2026-02-16T14:46:44.763+0000] {taskinstance.py:2614} INFO - Dependencies all met for dep_context=requeueable deps ti=<TaskInstance: parse_iot.sort_in_out scheduled__2026-01-30T10:00:00+00:00 [queued]>
[2026-02-16T14:46:44.763+0000] {taskinstance.py:2867} INFO - Starting attempt 1 of 4
[2026-02-16T14:46:44.770+0000] {taskinstance.py:2890} INFO - Executing <Task(PythonOperator): sort_in_out> on 2026-01-30 10:00:00+00:00
[2026-02-16T14:46:44.775+0000] {standard_task_runner.py:72} INFO - Started process 472 to run task
[2026-02-16T14:46:44.777+0000] {standard_task_runner.py:104} INFO - Running: ['***', 'tasks', 'run', 'parse_iot', 'sort_in_out', 'scheduled__2026-01-30T10:00:00+00:00', '--job-id', '95', '--raw', '--subdir', 'DAGS_FOLDER/parse_iot.py', '--cfg-path', '/tmp/tmpjojmo7x7']
[2026-02-16T14:46:44.779+0000] {standard_task_runner.py:105} INFO - Job 95: Subtask sort_in_out
[2026-02-16T14:46:44.787+0000] {warnings.py:109} WARNING - /home/***/.local/lib/python3.9/site-packages/***/settings.py:209: DeprecationWarning: The sql_alchemy_conn option in [core] has been moved to the sql_alchemy_conn option in [database] - the old setting has been used, but please update your config.
  SQL_ALCHEMY_CONN = conf.get("database", "SQL_ALCHEMY_CONN")

[2026-02-16T14:46:44.810+0000] {task_command.py:467} INFO - Running <TaskInstance: parse_iot.sort_in_out scheduled__2026-01-30T10:00:00+00:00 [running]> on host cd96c4fa192f
[2026-02-16T14:46:44.810+0000] {warnings.py:109} WARNING - /home/***/.local/lib/python3.9/site-packages/***/settings.py:470: DeprecationWarning: The sql_alchemy_conn option in [core] has been moved to the sql_alchemy_conn option in [database] - the old setting has been used, but please update your config.
  if conf.get("database", "sql_alchemy_conn") == "none://":

[2026-02-16T14:46:44.859+0000] {taskinstance.py:3134} INFO - Exporting env vars: AIRFLOW_CTX_DAG_OWNER='a.sorokin' AIRFLOW_CTX_DAG_ID='parse_iot' AIRFLOW_CTX_TASK_ID='sort_in_out' AIRFLOW_CTX_EXECUTION_DATE='2026-01-30T10:00:00+00:00' AIRFLOW_CTX_TRY_NUMBER='1' AIRFLOW_CTX_DAG_RUN_ID='scheduled__2026-01-30T10:00:00+00:00'
[2026-02-16T14:46:44.859+0000] {taskinstance.py:732} INFO - ::endgroup::
[2026-02-16T14:46:44.867+0000] {parse_iot.py:102} INFO - text
[2026-02-16T14:46:44.867+0000] {python.py:240} INFO - Done. Returned value was: None
[2026-02-16T14:46:44.874+0000] {taskinstance.py:341} INFO - ::group::Post task execution logs
[2026-02-16T14:46:44.874+0000] {taskinstance.py:353} INFO - Marking task as SUCCESS. dag_id=parse_iot, task_id=sort_in_out, run_id=scheduled__2026-01-30T10:00:00+00:00, execution_date=20260130T100000, start_date=20260216T144644, end_date=20260216T144644
[2026-02-16T14:46:44.909+0000] {local_task_job_runner.py:266} INFO - Task exited with return code 0
[2026-02-16T14:46:44.922+0000] {taskinstance.py:3901} INFO - 0 downstream tasks scheduled from follow-on schedule check
[2026-02-16T14:46:44.923+0000] {local_task_job_runner.py:245} INFO - ::endgroup::
