[2026-02-16T14:45:03.541+0000] {local_task_job_runner.py:123} INFO - ::group::Pre task execution logs
[2026-02-16T14:45:03.553+0000] {taskinstance.py:2614} INFO - Dependencies all met for dep_context=non-requeueable deps ti=<TaskInstance: download_iot.download_data scheduled__2026-02-15T10:00:00+00:00 [queued]>
[2026-02-16T14:45:03.558+0000] {taskinstance.py:2614} INFO - Dependencies all met for dep_context=requeueable deps ti=<TaskInstance: download_iot.download_data scheduled__2026-02-15T10:00:00+00:00 [queued]>
[2026-02-16T14:45:03.559+0000] {taskinstance.py:2867} INFO - Starting attempt 1 of 4
[2026-02-16T14:45:03.565+0000] {taskinstance.py:2890} INFO - Executing <Task(PythonOperator): download_data> on 2026-02-15 10:00:00+00:00
[2026-02-16T14:45:03.569+0000] {standard_task_runner.py:72} INFO - Started process 229 to run task
[2026-02-16T14:45:03.571+0000] {standard_task_runner.py:104} INFO - Running: ['***', 'tasks', 'run', 'download_iot', 'download_data', 'scheduled__2026-02-15T10:00:00+00:00', '--job-id', '35', '--raw', '--subdir', 'DAGS_FOLDER/download_iot.py', '--cfg-path', '/tmp/tmpp4efon4e']
[2026-02-16T14:45:03.572+0000] {standard_task_runner.py:105} INFO - Job 35: Subtask download_data
[2026-02-16T14:45:03.580+0000] {warnings.py:109} WARNING - /home/***/.local/lib/python3.9/site-packages/***/settings.py:209: DeprecationWarning: The sql_alchemy_conn option in [core] has been moved to the sql_alchemy_conn option in [database] - the old setting has been used, but please update your config.
  SQL_ALCHEMY_CONN = conf.get("database", "SQL_ALCHEMY_CONN")

[2026-02-16T14:45:03.599+0000] {task_command.py:467} INFO - Running <TaskInstance: download_iot.download_data scheduled__2026-02-15T10:00:00+00:00 [running]> on host cd96c4fa192f
[2026-02-16T14:45:03.599+0000] {warnings.py:109} WARNING - /home/***/.local/lib/python3.9/site-packages/***/settings.py:470: DeprecationWarning: The sql_alchemy_conn option in [core] has been moved to the sql_alchemy_conn option in [database] - the old setting has been used, but please update your config.
  if conf.get("database", "sql_alchemy_conn") == "none://":

[2026-02-16T14:45:03.643+0000] {taskinstance.py:3134} INFO - Exporting env vars: AIRFLOW_CTX_DAG_OWNER='a.sorokin' AIRFLOW_CTX_DAG_ID='download_iot' AIRFLOW_CTX_TASK_ID='download_data' AIRFLOW_CTX_EXECUTION_DATE='2026-02-15T10:00:00+00:00' AIRFLOW_CTX_TRY_NUMBER='1' AIRFLOW_CTX_DAG_RUN_ID='scheduled__2026-02-15T10:00:00+00:00'
[2026-02-16T14:45:03.644+0000] {taskinstance.py:732} INFO - ::endgroup::
[2026-02-16T14:45:03.652+0000] {logging_mixin.py:190} INFO - Dataset URL: https://www.kaggle.com/datasets/atulanandjha/temperature-readings-iot-devices
[2026-02-16T14:45:04.845+0000] {download_iot.py:66} INFO - Данные успешно загружены с Kaggle!
[2026-02-16T14:45:04.846+0000] {python.py:240} INFO - Done. Returned value was: None
[2026-02-16T14:45:04.852+0000] {taskinstance.py:341} INFO - ::group::Post task execution logs
[2026-02-16T14:45:04.852+0000] {taskinstance.py:353} INFO - Marking task as SUCCESS. dag_id=download_iot, task_id=download_data, run_id=scheduled__2026-02-15T10:00:00+00:00, execution_date=20260215T100000, start_date=20260216T144503, end_date=20260216T144504
[2026-02-16T14:45:04.907+0000] {local_task_job_runner.py:266} INFO - Task exited with return code 0
[2026-02-16T14:45:04.918+0000] {taskinstance.py:3901} INFO - 0 downstream tasks scheduled from follow-on schedule check
[2026-02-16T14:45:04.918+0000] {local_task_job_runner.py:245} INFO - ::endgroup::
[2026-02-16T15:14:52.867+0000] {local_task_job_runner.py:123} INFO - ::group::Pre task execution logs
[2026-02-16T15:14:52.884+0000] {taskinstance.py:2614} INFO - Dependencies all met for dep_context=non-requeueable deps ti=<TaskInstance: download_iot.download_data scheduled__2026-02-15T10:00:00+00:00 [queued]>
[2026-02-16T15:14:52.893+0000] {taskinstance.py:2614} INFO - Dependencies all met for dep_context=requeueable deps ti=<TaskInstance: download_iot.download_data scheduled__2026-02-15T10:00:00+00:00 [queued]>
[2026-02-16T15:14:52.893+0000] {taskinstance.py:2867} INFO - Starting attempt 1 of 4
[2026-02-16T15:14:52.901+0000] {taskinstance.py:2890} INFO - Executing <Task(PythonOperator): download_data> on 2026-02-15 10:00:00+00:00
[2026-02-16T15:14:52.905+0000] {standard_task_runner.py:72} INFO - Started process 206 to run task
[2026-02-16T15:14:52.907+0000] {standard_task_runner.py:104} INFO - Running: ['***', 'tasks', 'run', 'download_iot', 'download_data', 'scheduled__2026-02-15T10:00:00+00:00', '--job-id', '35', '--raw', '--subdir', 'DAGS_FOLDER/download_iot.py', '--cfg-path', '/tmp/tmpmo8qbw4j']
[2026-02-16T15:14:52.908+0000] {standard_task_runner.py:105} INFO - Job 35: Subtask download_data
[2026-02-16T15:14:52.917+0000] {warnings.py:109} WARNING - /home/***/.local/lib/python3.9/site-packages/***/settings.py:209: DeprecationWarning: The sql_alchemy_conn option in [core] has been moved to the sql_alchemy_conn option in [database] - the old setting has been used, but please update your config.
  SQL_ALCHEMY_CONN = conf.get("database", "SQL_ALCHEMY_CONN")

[2026-02-16T15:14:52.944+0000] {task_command.py:467} INFO - Running <TaskInstance: download_iot.download_data scheduled__2026-02-15T10:00:00+00:00 [running]> on host fbd3e38838e9
[2026-02-16T15:14:52.945+0000] {warnings.py:109} WARNING - /home/***/.local/lib/python3.9/site-packages/***/settings.py:470: DeprecationWarning: The sql_alchemy_conn option in [core] has been moved to the sql_alchemy_conn option in [database] - the old setting has been used, but please update your config.
  if conf.get("database", "sql_alchemy_conn") == "none://":

[2026-02-16T15:14:53.005+0000] {taskinstance.py:3134} INFO - Exporting env vars: AIRFLOW_CTX_DAG_OWNER='a.sorokin' AIRFLOW_CTX_DAG_ID='download_iot' AIRFLOW_CTX_TASK_ID='download_data' AIRFLOW_CTX_EXECUTION_DATE='2026-02-15T10:00:00+00:00' AIRFLOW_CTX_TRY_NUMBER='1' AIRFLOW_CTX_DAG_RUN_ID='scheduled__2026-02-15T10:00:00+00:00'
[2026-02-16T15:14:53.005+0000] {taskinstance.py:732} INFO - ::endgroup::
[2026-02-16T15:14:53.015+0000] {logging_mixin.py:190} INFO - Dataset URL: https://www.kaggle.com/datasets/atulanandjha/temperature-readings-iot-devices
[2026-02-16T15:14:54.205+0000] {download_iot.py:66} INFO - Данные успешно загружены с Kaggle!
[2026-02-16T15:14:54.205+0000] {python.py:240} INFO - Done. Returned value was: None
[2026-02-16T15:14:54.212+0000] {taskinstance.py:341} INFO - ::group::Post task execution logs
[2026-02-16T15:14:54.212+0000] {taskinstance.py:353} INFO - Marking task as SUCCESS. dag_id=download_iot, task_id=download_data, run_id=scheduled__2026-02-15T10:00:00+00:00, execution_date=20260215T100000, start_date=20260216T151452, end_date=20260216T151454
[2026-02-16T15:14:54.281+0000] {local_task_job_runner.py:266} INFO - Task exited with return code 0
[2026-02-16T15:14:54.294+0000] {taskinstance.py:3901} INFO - 0 downstream tasks scheduled from follow-on schedule check
[2026-02-16T15:14:54.295+0000] {local_task_job_runner.py:245} INFO - ::endgroup::
[2026-02-16T15:42:50.324+0000] {local_task_job_runner.py:123} INFO - ::group::Pre task execution logs
[2026-02-16T15:42:50.337+0000] {taskinstance.py:2614} INFO - Dependencies all met for dep_context=non-requeueable deps ti=<TaskInstance: download_iot.download_data scheduled__2026-02-15T10:00:00+00:00 [queued]>
[2026-02-16T15:42:50.342+0000] {taskinstance.py:2614} INFO - Dependencies all met for dep_context=requeueable deps ti=<TaskInstance: download_iot.download_data scheduled__2026-02-15T10:00:00+00:00 [queued]>
[2026-02-16T15:42:50.342+0000] {taskinstance.py:2867} INFO - Starting attempt 1 of 4
[2026-02-16T15:42:50.348+0000] {taskinstance.py:2890} INFO - Executing <Task(PythonOperator): download_data> on 2026-02-15 10:00:00+00:00
[2026-02-16T15:42:50.352+0000] {standard_task_runner.py:72} INFO - Started process 206 to run task
[2026-02-16T15:42:50.354+0000] {standard_task_runner.py:104} INFO - Running: ['***', 'tasks', 'run', 'download_iot', 'download_data', 'scheduled__2026-02-15T10:00:00+00:00', '--job-id', '35', '--raw', '--subdir', 'DAGS_FOLDER/download_iot.py', '--cfg-path', '/tmp/tmphne0_u01']
[2026-02-16T15:42:50.355+0000] {standard_task_runner.py:105} INFO - Job 35: Subtask download_data
[2026-02-16T15:42:50.363+0000] {warnings.py:109} WARNING - /home/***/.local/lib/python3.9/site-packages/***/settings.py:209: DeprecationWarning: The sql_alchemy_conn option in [core] has been moved to the sql_alchemy_conn option in [database] - the old setting has been used, but please update your config.
  SQL_ALCHEMY_CONN = conf.get("database", "SQL_ALCHEMY_CONN")

[2026-02-16T15:42:50.383+0000] {task_command.py:467} INFO - Running <TaskInstance: download_iot.download_data scheduled__2026-02-15T10:00:00+00:00 [running]> on host 6ef9a94e694d
[2026-02-16T15:42:50.383+0000] {warnings.py:109} WARNING - /home/***/.local/lib/python3.9/site-packages/***/settings.py:470: DeprecationWarning: The sql_alchemy_conn option in [core] has been moved to the sql_alchemy_conn option in [database] - the old setting has been used, but please update your config.
  if conf.get("database", "sql_alchemy_conn") == "none://":

[2026-02-16T15:42:50.428+0000] {taskinstance.py:3134} INFO - Exporting env vars: AIRFLOW_CTX_DAG_OWNER='a.sorokin' AIRFLOW_CTX_DAG_ID='download_iot' AIRFLOW_CTX_TASK_ID='download_data' AIRFLOW_CTX_EXECUTION_DATE='2026-02-15T10:00:00+00:00' AIRFLOW_CTX_TRY_NUMBER='1' AIRFLOW_CTX_DAG_RUN_ID='scheduled__2026-02-15T10:00:00+00:00'
[2026-02-16T15:42:50.429+0000] {taskinstance.py:732} INFO - ::endgroup::
[2026-02-16T15:42:50.437+0000] {logging_mixin.py:190} INFO - Dataset URL: https://www.kaggle.com/datasets/atulanandjha/temperature-readings-iot-devices
[2026-02-16T15:42:51.562+0000] {download_iot.py:66} INFO - Данные успешно загружены с Kaggle!
[2026-02-16T15:42:51.563+0000] {python.py:240} INFO - Done. Returned value was: None
[2026-02-16T15:42:51.569+0000] {taskinstance.py:341} INFO - ::group::Post task execution logs
[2026-02-16T15:42:51.569+0000] {taskinstance.py:353} INFO - Marking task as SUCCESS. dag_id=download_iot, task_id=download_data, run_id=scheduled__2026-02-15T10:00:00+00:00, execution_date=20260215T100000, start_date=20260216T154250, end_date=20260216T154251
[2026-02-16T15:42:51.608+0000] {local_task_job_runner.py:266} INFO - Task exited with return code 0
[2026-02-16T15:42:51.620+0000] {taskinstance.py:3901} INFO - 0 downstream tasks scheduled from follow-on schedule check
[2026-02-16T15:42:51.620+0000] {local_task_job_runner.py:245} INFO - ::endgroup::
