[2026-02-14T00:09:18.482+0000] {local_task_job_runner.py:123} INFO - ::group::Pre task execution logs
[2026-02-14T00:09:18.495+0000] {taskinstance.py:2614} INFO - Dependencies all met for dep_context=non-requeueable deps ti=<TaskInstance: load_postgres.check_parse scheduled__2026-02-08T10:00:00+00:00 [queued]>
[2026-02-14T00:09:18.501+0000] {taskinstance.py:2614} INFO - Dependencies all met for dep_context=requeueable deps ti=<TaskInstance: load_postgres.check_parse scheduled__2026-02-08T10:00:00+00:00 [queued]>
[2026-02-14T00:09:18.501+0000] {taskinstance.py:2867} INFO - Starting attempt 1 of 4
[2026-02-14T00:09:18.508+0000] {taskinstance.py:2890} INFO - Executing <Task(ExternalTaskSensor): check_parse> on 2026-02-08 10:00:00+00:00
[2026-02-14T00:09:18.512+0000] {standard_task_runner.py:72} INFO - Started process 111 to run task
[2026-02-14T00:09:18.514+0000] {standard_task_runner.py:104} INFO - Running: ['***', 'tasks', 'run', 'load_postgres', 'check_parse', 'scheduled__2026-02-08T10:00:00+00:00', '--job-id', '11', '--raw', '--subdir', 'DAGS_FOLDER/load_postrges.py', '--cfg-path', '/tmp/tmplw3503gl']
[2026-02-14T00:09:18.516+0000] {standard_task_runner.py:105} INFO - Job 11: Subtask check_parse
[2026-02-14T00:09:18.524+0000] {warnings.py:109} WARNING - /home/***/.local/lib/python3.9/site-packages/***/settings.py:209: DeprecationWarning: The sql_alchemy_conn option in [core] has been moved to the sql_alchemy_conn option in [database] - the old setting has been used, but please update your config.
  SQL_ALCHEMY_CONN = conf.get("database", "SQL_ALCHEMY_CONN")

[2026-02-14T00:09:18.546+0000] {task_command.py:467} INFO - Running <TaskInstance: load_postgres.check_parse scheduled__2026-02-08T10:00:00+00:00 [running]> on host 13185f5c75e0
[2026-02-14T00:09:18.547+0000] {warnings.py:109} WARNING - /home/***/.local/lib/python3.9/site-packages/***/settings.py:470: DeprecationWarning: The sql_alchemy_conn option in [core] has been moved to the sql_alchemy_conn option in [database] - the old setting has been used, but please update your config.
  if conf.get("database", "sql_alchemy_conn") == "none://":

[2026-02-14T00:09:18.596+0000] {taskinstance.py:3134} INFO - Exporting env vars: AIRFLOW_CTX_DAG_OWNER='a.sorokin' AIRFLOW_CTX_DAG_ID='load_postgres' AIRFLOW_CTX_TASK_ID='check_parse' AIRFLOW_CTX_EXECUTION_DATE='2026-02-08T10:00:00+00:00' AIRFLOW_CTX_TRY_NUMBER='1' AIRFLOW_CTX_DAG_RUN_ID='scheduled__2026-02-08T10:00:00+00:00'
[2026-02-14T00:09:18.596+0000] {taskinstance.py:732} INFO - ::endgroup::
[2026-02-14T00:09:18.603+0000] {baseoperator.py:423} WARNING - ExternalTaskSensor.execute cannot be called outside TaskInstance!
[2026-02-14T00:09:18.610+0000] {external_task.py:274} INFO - Poking for DAG 'parse_iot' on 2026-02-08T10:00:00+00:00 ... 
[2026-02-14T00:09:18.610+0000] {warnings.py:109} WARNING - /home/***/.local/lib/python3.9/site-packages/***/utils/session.py:97: DeprecationWarning: This method is deprecated and will be removed in future.
  return func(*args, session=session, **kwargs)

[2026-02-14T00:09:18.627+0000] {taskinstance.py:310} INFO - Rescheduling task, marking task as UP_FOR_RESCHEDULE
[2026-02-14T00:09:18.627+0000] {taskinstance.py:341} INFO - ::group::Post task execution logs
[2026-02-14T00:09:18.646+0000] {local_task_job_runner.py:266} INFO - Task exited with return code 0
[2026-02-14T00:09:18.666+0000] {taskinstance.py:3901} INFO - 0 downstream tasks scheduled from follow-on schedule check
[2026-02-14T00:09:18.667+0000] {local_task_job_runner.py:245} INFO - ::endgroup::
[2026-02-14T16:30:24.080+0000] {local_task_job_runner.py:123} INFO - ::group::Pre task execution logs
[2026-02-14T16:30:24.093+0000] {taskinstance.py:2614} INFO - Dependencies all met for dep_context=non-requeueable deps ti=<TaskInstance: load_postgres.check_parse scheduled__2026-02-08T10:00:00+00:00 [queued]>
[2026-02-14T16:30:24.098+0000] {taskinstance.py:2614} INFO - Dependencies all met for dep_context=requeueable deps ti=<TaskInstance: load_postgres.check_parse scheduled__2026-02-08T10:00:00+00:00 [queued]>
[2026-02-14T16:30:24.098+0000] {taskinstance.py:2867} INFO - Starting attempt 1 of 4
[2026-02-14T16:30:24.105+0000] {taskinstance.py:2890} INFO - Executing <Task(ExternalTaskSensor): check_parse> on 2026-02-08 10:00:00+00:00
[2026-02-14T16:30:24.109+0000] {standard_task_runner.py:72} INFO - Started process 138 to run task
[2026-02-14T16:30:24.111+0000] {standard_task_runner.py:104} INFO - Running: ['***', 'tasks', 'run', 'load_postgres', 'check_parse', 'scheduled__2026-02-08T10:00:00+00:00', '--job-id', '18', '--raw', '--subdir', 'DAGS_FOLDER/load_postrges.py', '--cfg-path', '/tmp/tmp1bapws4t']
[2026-02-14T16:30:24.113+0000] {standard_task_runner.py:105} INFO - Job 18: Subtask check_parse
[2026-02-14T16:30:24.121+0000] {warnings.py:109} WARNING - /home/***/.local/lib/python3.9/site-packages/***/settings.py:209: DeprecationWarning: The sql_alchemy_conn option in [core] has been moved to the sql_alchemy_conn option in [database] - the old setting has been used, but please update your config.
  SQL_ALCHEMY_CONN = conf.get("database", "SQL_ALCHEMY_CONN")

[2026-02-14T16:30:24.142+0000] {task_command.py:467} INFO - Running <TaskInstance: load_postgres.check_parse scheduled__2026-02-08T10:00:00+00:00 [running]> on host a5c4ed865bb5
[2026-02-14T16:30:24.143+0000] {warnings.py:109} WARNING - /home/***/.local/lib/python3.9/site-packages/***/settings.py:470: DeprecationWarning: The sql_alchemy_conn option in [core] has been moved to the sql_alchemy_conn option in [database] - the old setting has been used, but please update your config.
  if conf.get("database", "sql_alchemy_conn") == "none://":

[2026-02-14T16:30:24.188+0000] {taskinstance.py:3134} INFO - Exporting env vars: AIRFLOW_CTX_DAG_OWNER='a.sorokin' AIRFLOW_CTX_DAG_ID='load_postgres' AIRFLOW_CTX_TASK_ID='check_parse' AIRFLOW_CTX_EXECUTION_DATE='2026-02-08T10:00:00+00:00' AIRFLOW_CTX_TRY_NUMBER='1' AIRFLOW_CTX_DAG_RUN_ID='scheduled__2026-02-08T10:00:00+00:00'
[2026-02-14T16:30:24.188+0000] {taskinstance.py:732} INFO - ::endgroup::
[2026-02-14T16:30:24.195+0000] {baseoperator.py:423} WARNING - ExternalTaskSensor.execute cannot be called outside TaskInstance!
[2026-02-14T16:30:24.201+0000] {external_task.py:274} INFO - Poking for DAG 'parse_iot' on 2026-02-08T10:00:00+00:00 ... 
[2026-02-14T16:30:24.201+0000] {warnings.py:109} WARNING - /home/***/.local/lib/python3.9/site-packages/***/utils/session.py:97: DeprecationWarning: This method is deprecated and will be removed in future.
  return func(*args, session=session, **kwargs)

[2026-02-14T16:30:24.217+0000] {taskinstance.py:310} INFO - Rescheduling task, marking task as UP_FOR_RESCHEDULE
[2026-02-14T16:30:24.217+0000] {taskinstance.py:341} INFO - ::group::Post task execution logs
[2026-02-14T16:30:24.243+0000] {local_task_job_runner.py:266} INFO - Task exited with return code 0
[2026-02-14T16:30:24.259+0000] {taskinstance.py:3901} INFO - 0 downstream tasks scheduled from follow-on schedule check
[2026-02-14T16:30:24.260+0000] {local_task_job_runner.py:245} INFO - ::endgroup::
[2026-02-14T16:31:26.252+0000] {local_task_job_runner.py:123} INFO - ::group::Pre task execution logs
[2026-02-14T16:31:26.266+0000] {taskinstance.py:2614} INFO - Dependencies all met for dep_context=non-requeueable deps ti=<TaskInstance: load_postgres.check_parse scheduled__2026-02-08T10:00:00+00:00 [queued]>
[2026-02-14T16:31:26.271+0000] {taskinstance.py:2614} INFO - Dependencies all met for dep_context=requeueable deps ti=<TaskInstance: load_postgres.check_parse scheduled__2026-02-08T10:00:00+00:00 [queued]>
[2026-02-14T16:31:26.271+0000] {taskinstance.py:2867} INFO - Starting attempt 1 of 4
[2026-02-14T16:31:26.279+0000] {taskinstance.py:2890} INFO - Executing <Task(ExternalTaskSensor): check_parse> on 2026-02-08 10:00:00+00:00
[2026-02-14T16:31:26.283+0000] {standard_task_runner.py:72} INFO - Started process 269 to run task
[2026-02-14T16:31:26.285+0000] {standard_task_runner.py:104} INFO - Running: ['***', 'tasks', 'run', 'load_postgres', 'check_parse', 'scheduled__2026-02-08T10:00:00+00:00', '--job-id', '50', '--raw', '--subdir', 'DAGS_FOLDER/load_postrges.py', '--cfg-path', '/tmp/tmpy2j6koy2']
[2026-02-14T16:31:26.287+0000] {standard_task_runner.py:105} INFO - Job 50: Subtask check_parse
[2026-02-14T16:31:26.295+0000] {warnings.py:109} WARNING - /home/***/.local/lib/python3.9/site-packages/***/settings.py:209: DeprecationWarning: The sql_alchemy_conn option in [core] has been moved to the sql_alchemy_conn option in [database] - the old setting has been used, but please update your config.
  SQL_ALCHEMY_CONN = conf.get("database", "SQL_ALCHEMY_CONN")

[2026-02-14T16:31:26.322+0000] {task_command.py:467} INFO - Running <TaskInstance: load_postgres.check_parse scheduled__2026-02-08T10:00:00+00:00 [running]> on host a5c4ed865bb5
[2026-02-14T16:31:26.323+0000] {warnings.py:109} WARNING - /home/***/.local/lib/python3.9/site-packages/***/settings.py:470: DeprecationWarning: The sql_alchemy_conn option in [core] has been moved to the sql_alchemy_conn option in [database] - the old setting has been used, but please update your config.
  if conf.get("database", "sql_alchemy_conn") == "none://":

[2026-02-14T16:31:26.383+0000] {taskinstance.py:3134} INFO - Exporting env vars: AIRFLOW_CTX_DAG_OWNER='a.sorokin' AIRFLOW_CTX_DAG_ID='load_postgres' AIRFLOW_CTX_TASK_ID='check_parse' AIRFLOW_CTX_EXECUTION_DATE='2026-02-08T10:00:00+00:00' AIRFLOW_CTX_TRY_NUMBER='1' AIRFLOW_CTX_DAG_RUN_ID='scheduled__2026-02-08T10:00:00+00:00'
[2026-02-14T16:31:26.383+0000] {taskinstance.py:732} INFO - ::endgroup::
[2026-02-14T16:31:26.393+0000] {baseoperator.py:423} WARNING - ExternalTaskSensor.execute cannot be called outside TaskInstance!
[2026-02-14T16:31:26.400+0000] {external_task.py:274} INFO - Poking for DAG 'parse_iot' on 2026-02-08T10:00:00+00:00 ... 
[2026-02-14T16:31:26.400+0000] {warnings.py:109} WARNING - /home/***/.local/lib/python3.9/site-packages/***/utils/session.py:97: DeprecationWarning: This method is deprecated and will be removed in future.
  return func(*args, session=session, **kwargs)

[2026-02-14T16:31:26.417+0000] {taskinstance.py:310} INFO - Rescheduling task, marking task as UP_FOR_RESCHEDULE
[2026-02-14T16:31:26.418+0000] {taskinstance.py:341} INFO - ::group::Post task execution logs
[2026-02-14T16:31:26.457+0000] {local_task_job_runner.py:266} INFO - Task exited with return code 0
[2026-02-14T16:31:26.470+0000] {local_task_job_runner.py:245} INFO - ::endgroup::
[2026-02-14T16:32:28.811+0000] {local_task_job_runner.py:123} INFO - ::group::Pre task execution logs
[2026-02-14T16:32:28.823+0000] {taskinstance.py:2614} INFO - Dependencies all met for dep_context=non-requeueable deps ti=<TaskInstance: load_postgres.check_parse scheduled__2026-02-08T10:00:00+00:00 [queued]>
[2026-02-14T16:32:28.828+0000] {taskinstance.py:2614} INFO - Dependencies all met for dep_context=requeueable deps ti=<TaskInstance: load_postgres.check_parse scheduled__2026-02-08T10:00:00+00:00 [queued]>
[2026-02-14T16:32:28.829+0000] {taskinstance.py:2867} INFO - Starting attempt 1 of 4
[2026-02-14T16:32:28.835+0000] {taskinstance.py:2890} INFO - Executing <Task(ExternalTaskSensor): check_parse> on 2026-02-08 10:00:00+00:00
[2026-02-14T16:32:28.839+0000] {standard_task_runner.py:72} INFO - Started process 431 to run task
[2026-02-14T16:32:28.841+0000] {standard_task_runner.py:104} INFO - Running: ['***', 'tasks', 'run', 'load_postgres', 'check_parse', 'scheduled__2026-02-08T10:00:00+00:00', '--job-id', '91', '--raw', '--subdir', 'DAGS_FOLDER/load_postrges.py', '--cfg-path', '/tmp/tmpv7udb34u']
[2026-02-14T16:32:28.842+0000] {standard_task_runner.py:105} INFO - Job 91: Subtask check_parse
[2026-02-14T16:32:28.850+0000] {warnings.py:109} WARNING - /home/***/.local/lib/python3.9/site-packages/***/settings.py:209: DeprecationWarning: The sql_alchemy_conn option in [core] has been moved to the sql_alchemy_conn option in [database] - the old setting has been used, but please update your config.
  SQL_ALCHEMY_CONN = conf.get("database", "SQL_ALCHEMY_CONN")

[2026-02-14T16:32:28.871+0000] {task_command.py:467} INFO - Running <TaskInstance: load_postgres.check_parse scheduled__2026-02-08T10:00:00+00:00 [running]> on host a5c4ed865bb5
[2026-02-14T16:32:28.872+0000] {warnings.py:109} WARNING - /home/***/.local/lib/python3.9/site-packages/***/settings.py:470: DeprecationWarning: The sql_alchemy_conn option in [core] has been moved to the sql_alchemy_conn option in [database] - the old setting has been used, but please update your config.
  if conf.get("database", "sql_alchemy_conn") == "none://":

[2026-02-14T16:32:28.920+0000] {taskinstance.py:3134} INFO - Exporting env vars: AIRFLOW_CTX_DAG_OWNER='a.sorokin' AIRFLOW_CTX_DAG_ID='load_postgres' AIRFLOW_CTX_TASK_ID='check_parse' AIRFLOW_CTX_EXECUTION_DATE='2026-02-08T10:00:00+00:00' AIRFLOW_CTX_TRY_NUMBER='1' AIRFLOW_CTX_DAG_RUN_ID='scheduled__2026-02-08T10:00:00+00:00'
[2026-02-14T16:32:28.920+0000] {taskinstance.py:732} INFO - ::endgroup::
[2026-02-14T16:32:28.927+0000] {baseoperator.py:423} WARNING - ExternalTaskSensor.execute cannot be called outside TaskInstance!
[2026-02-14T16:32:28.933+0000] {external_task.py:274} INFO - Poking for DAG 'parse_iot' on 2026-02-08T10:00:00+00:00 ... 
[2026-02-14T16:32:28.934+0000] {warnings.py:109} WARNING - /home/***/.local/lib/python3.9/site-packages/***/utils/session.py:97: DeprecationWarning: This method is deprecated and will be removed in future.
  return func(*args, session=session, **kwargs)

[2026-02-14T16:32:28.954+0000] {taskinstance.py:310} INFO - Rescheduling task, marking task as UP_FOR_RESCHEDULE
[2026-02-14T16:32:28.954+0000] {taskinstance.py:341} INFO - ::group::Post task execution logs
[2026-02-14T16:32:28.973+0000] {local_task_job_runner.py:266} INFO - Task exited with return code 0
[2026-02-14T16:32:28.989+0000] {taskinstance.py:3901} INFO - 0 downstream tasks scheduled from follow-on schedule check
[2026-02-14T16:32:28.990+0000] {local_task_job_runner.py:245} INFO - ::endgroup::
[2026-02-14T16:33:31.007+0000] {local_task_job_runner.py:123} INFO - ::group::Pre task execution logs
[2026-02-14T16:33:31.019+0000] {taskinstance.py:2614} INFO - Dependencies all met for dep_context=non-requeueable deps ti=<TaskInstance: load_postgres.check_parse scheduled__2026-02-08T10:00:00+00:00 [queued]>
[2026-02-14T16:33:31.024+0000] {taskinstance.py:2614} INFO - Dependencies all met for dep_context=requeueable deps ti=<TaskInstance: load_postgres.check_parse scheduled__2026-02-08T10:00:00+00:00 [queued]>
[2026-02-14T16:33:31.024+0000] {taskinstance.py:2867} INFO - Starting attempt 1 of 4
[2026-02-14T16:33:31.031+0000] {taskinstance.py:2890} INFO - Executing <Task(ExternalTaskSensor): check_parse> on 2026-02-08 10:00:00+00:00
[2026-02-14T16:33:31.035+0000] {standard_task_runner.py:72} INFO - Started process 527 to run task
[2026-02-14T16:33:31.036+0000] {standard_task_runner.py:104} INFO - Running: ['***', 'tasks', 'run', 'load_postgres', 'check_parse', 'scheduled__2026-02-08T10:00:00+00:00', '--job-id', '115', '--raw', '--subdir', 'DAGS_FOLDER/load_postrges.py', '--cfg-path', '/tmp/tmpowjcp5ht']
[2026-02-14T16:33:31.038+0000] {standard_task_runner.py:105} INFO - Job 115: Subtask check_parse
[2026-02-14T16:33:31.046+0000] {warnings.py:109} WARNING - /home/***/.local/lib/python3.9/site-packages/***/settings.py:209: DeprecationWarning: The sql_alchemy_conn option in [core] has been moved to the sql_alchemy_conn option in [database] - the old setting has been used, but please update your config.
  SQL_ALCHEMY_CONN = conf.get("database", "SQL_ALCHEMY_CONN")

[2026-02-14T16:33:31.067+0000] {task_command.py:467} INFO - Running <TaskInstance: load_postgres.check_parse scheduled__2026-02-08T10:00:00+00:00 [running]> on host a5c4ed865bb5
[2026-02-14T16:33:31.068+0000] {warnings.py:109} WARNING - /home/***/.local/lib/python3.9/site-packages/***/settings.py:470: DeprecationWarning: The sql_alchemy_conn option in [core] has been moved to the sql_alchemy_conn option in [database] - the old setting has been used, but please update your config.
  if conf.get("database", "sql_alchemy_conn") == "none://":

[2026-02-14T16:33:31.111+0000] {taskinstance.py:3134} INFO - Exporting env vars: AIRFLOW_CTX_DAG_OWNER='a.sorokin' AIRFLOW_CTX_DAG_ID='load_postgres' AIRFLOW_CTX_TASK_ID='check_parse' AIRFLOW_CTX_EXECUTION_DATE='2026-02-08T10:00:00+00:00' AIRFLOW_CTX_TRY_NUMBER='1' AIRFLOW_CTX_DAG_RUN_ID='scheduled__2026-02-08T10:00:00+00:00'
[2026-02-14T16:33:31.112+0000] {taskinstance.py:732} INFO - ::endgroup::
[2026-02-14T16:33:31.119+0000] {baseoperator.py:423} WARNING - ExternalTaskSensor.execute cannot be called outside TaskInstance!
[2026-02-14T16:33:31.124+0000] {external_task.py:274} INFO - Poking for DAG 'parse_iot' on 2026-02-08T10:00:00+00:00 ... 
[2026-02-14T16:33:31.125+0000] {warnings.py:109} WARNING - /home/***/.local/lib/python3.9/site-packages/***/utils/session.py:97: DeprecationWarning: This method is deprecated and will be removed in future.
  return func(*args, session=session, **kwargs)

[2026-02-14T16:33:31.141+0000] {taskinstance.py:310} INFO - Rescheduling task, marking task as UP_FOR_RESCHEDULE
[2026-02-14T16:33:31.141+0000] {taskinstance.py:341} INFO - ::group::Post task execution logs
[2026-02-14T16:33:31.168+0000] {local_task_job_runner.py:266} INFO - Task exited with return code 0
[2026-02-14T16:33:31.184+0000] {taskinstance.py:3901} INFO - 0 downstream tasks scheduled from follow-on schedule check
[2026-02-14T16:33:31.185+0000] {local_task_job_runner.py:245} INFO - ::endgroup::
[2026-02-14T16:34:31.933+0000] {local_task_job_runner.py:123} INFO - ::group::Pre task execution logs
[2026-02-14T16:34:31.952+0000] {taskinstance.py:2614} INFO - Dependencies all met for dep_context=non-requeueable deps ti=<TaskInstance: load_postgres.check_parse scheduled__2026-02-08T10:00:00+00:00 [queued]>
[2026-02-14T16:34:31.960+0000] {taskinstance.py:2614} INFO - Dependencies all met for dep_context=requeueable deps ti=<TaskInstance: load_postgres.check_parse scheduled__2026-02-08T10:00:00+00:00 [queued]>
[2026-02-14T16:34:31.960+0000] {taskinstance.py:2867} INFO - Starting attempt 1 of 4
[2026-02-14T16:34:31.968+0000] {taskinstance.py:2890} INFO - Executing <Task(ExternalTaskSensor): check_parse> on 2026-02-08 10:00:00+00:00
[2026-02-14T16:34:31.973+0000] {standard_task_runner.py:72} INFO - Started process 639 to run task
[2026-02-14T16:34:31.975+0000] {standard_task_runner.py:104} INFO - Running: ['***', 'tasks', 'run', 'load_postgres', 'check_parse', 'scheduled__2026-02-08T10:00:00+00:00', '--job-id', '143', '--raw', '--subdir', 'DAGS_FOLDER/load_postrges.py', '--cfg-path', '/tmp/tmprh2aid5s']
[2026-02-14T16:34:31.977+0000] {standard_task_runner.py:105} INFO - Job 143: Subtask check_parse
[2026-02-14T16:34:31.986+0000] {warnings.py:109} WARNING - /home/***/.local/lib/python3.9/site-packages/***/settings.py:209: DeprecationWarning: The sql_alchemy_conn option in [core] has been moved to the sql_alchemy_conn option in [database] - the old setting has been used, but please update your config.
  SQL_ALCHEMY_CONN = conf.get("database", "SQL_ALCHEMY_CONN")

[2026-02-14T16:34:32.009+0000] {task_command.py:467} INFO - Running <TaskInstance: load_postgres.check_parse scheduled__2026-02-08T10:00:00+00:00 [running]> on host a5c4ed865bb5
[2026-02-14T16:34:32.009+0000] {warnings.py:109} WARNING - /home/***/.local/lib/python3.9/site-packages/***/settings.py:470: DeprecationWarning: The sql_alchemy_conn option in [core] has been moved to the sql_alchemy_conn option in [database] - the old setting has been used, but please update your config.
  if conf.get("database", "sql_alchemy_conn") == "none://":

[2026-02-14T16:34:32.054+0000] {taskinstance.py:3134} INFO - Exporting env vars: AIRFLOW_CTX_DAG_OWNER='a.sorokin' AIRFLOW_CTX_DAG_ID='load_postgres' AIRFLOW_CTX_TASK_ID='check_parse' AIRFLOW_CTX_EXECUTION_DATE='2026-02-08T10:00:00+00:00' AIRFLOW_CTX_TRY_NUMBER='1' AIRFLOW_CTX_DAG_RUN_ID='scheduled__2026-02-08T10:00:00+00:00'
[2026-02-14T16:34:32.055+0000] {taskinstance.py:732} INFO - ::endgroup::
[2026-02-14T16:34:32.063+0000] {baseoperator.py:423} WARNING - ExternalTaskSensor.execute cannot be called outside TaskInstance!
[2026-02-14T16:34:32.069+0000] {external_task.py:274} INFO - Poking for DAG 'parse_iot' on 2026-02-08T10:00:00+00:00 ... 
[2026-02-14T16:34:32.069+0000] {warnings.py:109} WARNING - /home/***/.local/lib/python3.9/site-packages/***/utils/session.py:97: DeprecationWarning: This method is deprecated and will be removed in future.
  return func(*args, session=session, **kwargs)

[2026-02-14T16:34:32.086+0000] {taskinstance.py:310} INFO - Rescheduling task, marking task as UP_FOR_RESCHEDULE
[2026-02-14T16:34:32.086+0000] {taskinstance.py:341} INFO - ::group::Post task execution logs
[2026-02-14T16:34:32.107+0000] {local_task_job_runner.py:266} INFO - Task exited with return code 0
[2026-02-14T16:34:32.122+0000] {taskinstance.py:3901} INFO - 0 downstream tasks scheduled from follow-on schedule check
[2026-02-14T16:34:32.123+0000] {local_task_job_runner.py:245} INFO - ::endgroup::
