[2026-02-16T16:54:41.956+0000] {local_task_job_runner.py:123} INFO - ::group::Pre task execution logs
[2026-02-16T16:54:41.966+0000] {taskinstance.py:2614} INFO - Dependencies all met for dep_context=non-requeueable deps ti=<TaskInstance: date_load_postgres.parse_data scheduled__2026-01-30T10:00:00+00:00 [queued]>
[2026-02-16T16:54:41.970+0000] {taskinstance.py:2614} INFO - Dependencies all met for dep_context=requeueable deps ti=<TaskInstance: date_load_postgres.parse_data scheduled__2026-01-30T10:00:00+00:00 [queued]>
[2026-02-16T16:54:41.971+0000] {taskinstance.py:2867} INFO - Starting attempt 1 of 4
[2026-02-16T16:54:41.978+0000] {taskinstance.py:2890} INFO - Executing <Task(PythonOperator): parse_data> on 2026-01-30 10:00:00+00:00
[2026-02-16T16:54:41.982+0000] {standard_task_runner.py:72} INFO - Started process 1079 to run task
[2026-02-16T16:54:41.984+0000] {standard_task_runner.py:104} INFO - Running: ['***', 'tasks', 'run', 'date_load_postgres', 'parse_data', 'scheduled__2026-01-30T10:00:00+00:00', '--job-id', '253', '--raw', '--subdir', 'DAGS_FOLDER/date_load_postrges.py', '--cfg-path', '/tmp/tmpbz47ad8f']
[2026-02-16T16:54:41.986+0000] {standard_task_runner.py:105} INFO - Job 253: Subtask parse_data
[2026-02-16T16:54:41.994+0000] {warnings.py:109} WARNING - /home/***/.local/lib/python3.9/site-packages/***/settings.py:209: DeprecationWarning: The sql_alchemy_conn option in [core] has been moved to the sql_alchemy_conn option in [database] - the old setting has been used, but please update your config.
  SQL_ALCHEMY_CONN = conf.get("database", "SQL_ALCHEMY_CONN")

[2026-02-16T16:54:42.017+0000] {task_command.py:467} INFO - Running <TaskInstance: date_load_postgres.parse_data scheduled__2026-01-30T10:00:00+00:00 [running]> on host 6ef9a94e694d
[2026-02-16T16:54:42.018+0000] {warnings.py:109} WARNING - /home/***/.local/lib/python3.9/site-packages/***/settings.py:470: DeprecationWarning: The sql_alchemy_conn option in [core] has been moved to the sql_alchemy_conn option in [database] - the old setting has been used, but please update your config.
  if conf.get("database", "sql_alchemy_conn") == "none://":

[2026-02-16T16:54:42.063+0000] {taskinstance.py:3134} INFO - Exporting env vars: AIRFLOW_CTX_DAG_OWNER='a.sorokin' AIRFLOW_CTX_DAG_ID='date_load_postgres' AIRFLOW_CTX_TASK_ID='parse_data' AIRFLOW_CTX_EXECUTION_DATE='2026-01-30T10:00:00+00:00' AIRFLOW_CTX_TRY_NUMBER='1' AIRFLOW_CTX_DAG_RUN_ID='scheduled__2026-01-30T10:00:00+00:00'
[2026-02-16T16:54:42.063+0000] {taskinstance.py:732} INFO - ::endgroup::
[2026-02-16T16:54:51.079+0000] {python.py:240} INFO - Done. Returned value was: None
[2026-02-16T16:54:51.085+0000] {taskinstance.py:341} INFO - ::group::Post task execution logs
[2026-02-16T16:54:51.086+0000] {taskinstance.py:353} INFO - Marking task as SUCCESS. dag_id=date_load_postgres, task_id=parse_data, run_id=scheduled__2026-01-30T10:00:00+00:00, execution_date=20260130T100000, start_date=20260216T165441, end_date=20260216T165451
[2026-02-16T16:54:51.125+0000] {local_task_job_runner.py:266} INFO - Task exited with return code 0
[2026-02-16T16:54:51.141+0000] {taskinstance.py:3901} INFO - 0 downstream tasks scheduled from follow-on schedule check
[2026-02-16T16:54:51.142+0000] {local_task_job_runner.py:245} INFO - ::endgroup::
[2026-02-16T17:39:28.336+0000] {local_task_job_runner.py:123} INFO - ::group::Pre task execution logs
[2026-02-16T17:39:28.350+0000] {taskinstance.py:2614} INFO - Dependencies all met for dep_context=non-requeueable deps ti=<TaskInstance: date_load_postgres.parse_data scheduled__2026-01-30T10:00:00+00:00 [queued]>
[2026-02-16T17:39:28.355+0000] {taskinstance.py:2614} INFO - Dependencies all met for dep_context=requeueable deps ti=<TaskInstance: date_load_postgres.parse_data scheduled__2026-01-30T10:00:00+00:00 [queued]>
[2026-02-16T17:39:28.356+0000] {taskinstance.py:2867} INFO - Starting attempt 1 of 4
[2026-02-16T17:39:28.362+0000] {taskinstance.py:2890} INFO - Executing <Task(PythonOperator): parse_data> on 2026-01-30 10:00:00+00:00
[2026-02-16T17:39:28.367+0000] {standard_task_runner.py:72} INFO - Started process 224 to run task
[2026-02-16T17:39:28.369+0000] {standard_task_runner.py:104} INFO - Running: ['***', 'tasks', 'run', 'date_load_postgres', 'parse_data', 'scheduled__2026-01-30T10:00:00+00:00', '--job-id', '35', '--raw', '--subdir', 'DAGS_FOLDER/date_load_postrges.py', '--cfg-path', '/tmp/tmp735bn8gq']
[2026-02-16T17:39:28.370+0000] {standard_task_runner.py:105} INFO - Job 35: Subtask parse_data
[2026-02-16T17:39:28.378+0000] {warnings.py:109} WARNING - /home/***/.local/lib/python3.9/site-packages/***/settings.py:209: DeprecationWarning: The sql_alchemy_conn option in [core] has been moved to the sql_alchemy_conn option in [database] - the old setting has been used, but please update your config.
  SQL_ALCHEMY_CONN = conf.get("database", "SQL_ALCHEMY_CONN")

[2026-02-16T17:39:28.399+0000] {task_command.py:467} INFO - Running <TaskInstance: date_load_postgres.parse_data scheduled__2026-01-30T10:00:00+00:00 [running]> on host 80c391c4cc85
[2026-02-16T17:39:28.400+0000] {warnings.py:109} WARNING - /home/***/.local/lib/python3.9/site-packages/***/settings.py:470: DeprecationWarning: The sql_alchemy_conn option in [core] has been moved to the sql_alchemy_conn option in [database] - the old setting has been used, but please update your config.
  if conf.get("database", "sql_alchemy_conn") == "none://":

[2026-02-16T17:39:28.444+0000] {taskinstance.py:3134} INFO - Exporting env vars: AIRFLOW_CTX_DAG_OWNER='a.sorokin' AIRFLOW_CTX_DAG_ID='date_load_postgres' AIRFLOW_CTX_TASK_ID='parse_data' AIRFLOW_CTX_EXECUTION_DATE='2026-01-30T10:00:00+00:00' AIRFLOW_CTX_TRY_NUMBER='1' AIRFLOW_CTX_DAG_RUN_ID='scheduled__2026-01-30T10:00:00+00:00'
[2026-02-16T17:39:28.445+0000] {taskinstance.py:732} INFO - ::endgroup::
[2026-02-16T17:39:37.234+0000] {python.py:240} INFO - Done. Returned value was: None
[2026-02-16T17:39:37.240+0000] {taskinstance.py:341} INFO - ::group::Post task execution logs
[2026-02-16T17:39:37.240+0000] {taskinstance.py:353} INFO - Marking task as SUCCESS. dag_id=date_load_postgres, task_id=parse_data, run_id=scheduled__2026-01-30T10:00:00+00:00, execution_date=20260130T100000, start_date=20260216T173928, end_date=20260216T173937
[2026-02-16T17:39:37.271+0000] {local_task_job_runner.py:266} INFO - Task exited with return code 0
[2026-02-16T17:39:37.288+0000] {taskinstance.py:3901} INFO - 1 downstream tasks scheduled from follow-on schedule check
[2026-02-16T17:39:37.288+0000] {local_task_job_runner.py:245} INFO - ::endgroup::
