[2026-02-13T23:58:06.767+0000] {local_task_job_runner.py:123} INFO - ::group::Pre task execution logs
[2026-02-13T23:58:06.783+0000] {taskinstance.py:2614} INFO - Dependencies all met for dep_context=non-requeueable deps ti=<TaskInstance: download_iot.download_data scheduled__2026-02-02T10:00:00+00:00 [queued]>
[2026-02-13T23:58:06.791+0000] {taskinstance.py:2614} INFO - Dependencies all met for dep_context=requeueable deps ti=<TaskInstance: download_iot.download_data scheduled__2026-02-02T10:00:00+00:00 [queued]>
[2026-02-13T23:58:06.791+0000] {taskinstance.py:2867} INFO - Starting attempt 1 of 4
[2026-02-13T23:58:06.800+0000] {taskinstance.py:2890} INFO - Executing <Task(PythonOperator): download_data> on 2026-02-02 10:00:00+00:00
[2026-02-13T23:58:06.804+0000] {standard_task_runner.py:72} INFO - Started process 86 to run task
[2026-02-13T23:58:06.806+0000] {standard_task_runner.py:104} INFO - Running: ['***', 'tasks', 'run', 'download_iot', 'download_data', 'scheduled__2026-02-02T10:00:00+00:00', '--job-id', '5', '--raw', '--subdir', 'DAGS_FOLDER/download_iot.py', '--cfg-path', '/tmp/tmpxnhox_zo']
[2026-02-13T23:58:06.808+0000] {standard_task_runner.py:105} INFO - Job 5: Subtask download_data
[2026-02-13T23:58:06.818+0000] {warnings.py:109} WARNING - /home/***/.local/lib/python3.9/site-packages/***/settings.py:209: DeprecationWarning: The sql_alchemy_conn option in [core] has been moved to the sql_alchemy_conn option in [database] - the old setting has been used, but please update your config.
  SQL_ALCHEMY_CONN = conf.get("database", "SQL_ALCHEMY_CONN")

[2026-02-13T23:58:06.839+0000] {task_command.py:467} INFO - Running <TaskInstance: download_iot.download_data scheduled__2026-02-02T10:00:00+00:00 [running]> on host 2ca27e65cbff
[2026-02-13T23:58:06.840+0000] {warnings.py:109} WARNING - /home/***/.local/lib/python3.9/site-packages/***/settings.py:470: DeprecationWarning: The sql_alchemy_conn option in [core] has been moved to the sql_alchemy_conn option in [database] - the old setting has been used, but please update your config.
  if conf.get("database", "sql_alchemy_conn") == "none://":

[2026-02-13T23:58:06.889+0000] {taskinstance.py:3134} INFO - Exporting env vars: AIRFLOW_CTX_DAG_OWNER='a.sorokin' AIRFLOW_CTX_DAG_ID='download_iot' AIRFLOW_CTX_TASK_ID='download_data' AIRFLOW_CTX_EXECUTION_DATE='2026-02-02T10:00:00+00:00' AIRFLOW_CTX_TRY_NUMBER='1' AIRFLOW_CTX_DAG_RUN_ID='scheduled__2026-02-02T10:00:00+00:00'
[2026-02-13T23:58:06.890+0000] {taskinstance.py:732} INFO - ::endgroup::
[2026-02-13T23:58:06.898+0000] {logging_mixin.py:190} INFO - Dataset URL: https://www.kaggle.com/datasets/atulanandjha/temperature-readings-iot-devices
[2026-02-13T23:58:08.101+0000] {download_iot.py:66} INFO - Данные успешно загружены с Kaggle!
[2026-02-13T23:58:08.102+0000] {python.py:240} INFO - Done. Returned value was: None
[2026-02-13T23:58:08.110+0000] {taskinstance.py:341} INFO - ::group::Post task execution logs
[2026-02-13T23:58:08.110+0000] {taskinstance.py:353} INFO - Marking task as SUCCESS. dag_id=download_iot, task_id=download_data, run_id=scheduled__2026-02-02T10:00:00+00:00, execution_date=20260202T100000, start_date=20260213T235806, end_date=20260213T235808
[2026-02-13T23:58:08.181+0000] {local_task_job_runner.py:266} INFO - Task exited with return code 0
[2026-02-13T23:58:08.194+0000] {taskinstance.py:3901} INFO - 0 downstream tasks scheduled from follow-on schedule check
[2026-02-13T23:58:08.195+0000] {local_task_job_runner.py:245} INFO - ::endgroup::
[2026-02-14T00:25:42.823+0000] {local_task_job_runner.py:123} INFO - ::group::Pre task execution logs
[2026-02-14T00:25:42.837+0000] {taskinstance.py:2614} INFO - Dependencies all met for dep_context=non-requeueable deps ti=<TaskInstance: download_iot.download_data scheduled__2026-02-02T10:00:00+00:00 [queued]>
[2026-02-14T00:25:42.842+0000] {taskinstance.py:2614} INFO - Dependencies all met for dep_context=requeueable deps ti=<TaskInstance: download_iot.download_data scheduled__2026-02-02T10:00:00+00:00 [queued]>
[2026-02-14T00:25:42.842+0000] {taskinstance.py:2867} INFO - Starting attempt 1 of 4
[2026-02-14T00:25:42.850+0000] {taskinstance.py:2890} INFO - Executing <Task(PythonOperator): download_data> on 2026-02-02 10:00:00+00:00
[2026-02-14T00:25:42.853+0000] {standard_task_runner.py:72} INFO - Started process 87 to run task
[2026-02-14T00:25:42.856+0000] {standard_task_runner.py:104} INFO - Running: ['***', 'tasks', 'run', 'download_iot', 'download_data', 'scheduled__2026-02-02T10:00:00+00:00', '--job-id', '5', '--raw', '--subdir', 'DAGS_FOLDER/download_iot.py', '--cfg-path', '/tmp/tmpbp8j42z8']
[2026-02-14T00:25:42.857+0000] {standard_task_runner.py:105} INFO - Job 5: Subtask download_data
[2026-02-14T00:25:42.866+0000] {warnings.py:109} WARNING - /home/***/.local/lib/python3.9/site-packages/***/settings.py:209: DeprecationWarning: The sql_alchemy_conn option in [core] has been moved to the sql_alchemy_conn option in [database] - the old setting has been used, but please update your config.
  SQL_ALCHEMY_CONN = conf.get("database", "SQL_ALCHEMY_CONN")

[2026-02-14T00:25:42.888+0000] {task_command.py:467} INFO - Running <TaskInstance: download_iot.download_data scheduled__2026-02-02T10:00:00+00:00 [running]> on host b58edd37553d
[2026-02-14T00:25:42.888+0000] {warnings.py:109} WARNING - /home/***/.local/lib/python3.9/site-packages/***/settings.py:470: DeprecationWarning: The sql_alchemy_conn option in [core] has been moved to the sql_alchemy_conn option in [database] - the old setting has been used, but please update your config.
  if conf.get("database", "sql_alchemy_conn") == "none://":

[2026-02-14T00:25:42.937+0000] {taskinstance.py:3134} INFO - Exporting env vars: AIRFLOW_CTX_DAG_OWNER='a.sorokin' AIRFLOW_CTX_DAG_ID='download_iot' AIRFLOW_CTX_TASK_ID='download_data' AIRFLOW_CTX_EXECUTION_DATE='2026-02-02T10:00:00+00:00' AIRFLOW_CTX_TRY_NUMBER='1' AIRFLOW_CTX_DAG_RUN_ID='scheduled__2026-02-02T10:00:00+00:00'
[2026-02-14T00:25:42.938+0000] {taskinstance.py:732} INFO - ::endgroup::
[2026-02-14T00:25:42.946+0000] {logging_mixin.py:190} INFO - Dataset URL: https://www.kaggle.com/datasets/atulanandjha/temperature-readings-iot-devices
[2026-02-14T00:25:44.145+0000] {download_iot.py:66} INFO - Данные успешно загружены с Kaggle!
[2026-02-14T00:25:44.145+0000] {python.py:240} INFO - Done. Returned value was: None
[2026-02-14T00:25:44.152+0000] {taskinstance.py:341} INFO - ::group::Post task execution logs
[2026-02-14T00:25:44.153+0000] {taskinstance.py:353} INFO - Marking task as SUCCESS. dag_id=download_iot, task_id=download_data, run_id=scheduled__2026-02-02T10:00:00+00:00, execution_date=20260202T100000, start_date=20260214T002542, end_date=20260214T002544
[2026-02-14T00:25:44.230+0000] {local_task_job_runner.py:266} INFO - Task exited with return code 0
[2026-02-14T00:25:44.243+0000] {taskinstance.py:3901} INFO - 0 downstream tasks scheduled from follow-on schedule check
[2026-02-14T00:25:44.244+0000] {local_task_job_runner.py:245} INFO - ::endgroup::
[2026-02-14T16:30:18.527+0000] {local_task_job_runner.py:123} INFO - ::group::Pre task execution logs
[2026-02-14T16:30:18.540+0000] {taskinstance.py:2614} INFO - Dependencies all met for dep_context=non-requeueable deps ti=<TaskInstance: download_iot.download_data scheduled__2026-02-02T10:00:00+00:00 [queued]>
[2026-02-14T16:30:18.545+0000] {taskinstance.py:2614} INFO - Dependencies all met for dep_context=requeueable deps ti=<TaskInstance: download_iot.download_data scheduled__2026-02-02T10:00:00+00:00 [queued]>
[2026-02-14T16:30:18.545+0000] {taskinstance.py:2867} INFO - Starting attempt 1 of 4
[2026-02-14T16:30:18.553+0000] {taskinstance.py:2890} INFO - Executing <Task(PythonOperator): download_data> on 2026-02-02 10:00:00+00:00
[2026-02-14T16:30:18.557+0000] {standard_task_runner.py:72} INFO - Started process 112 to run task
[2026-02-14T16:30:18.559+0000] {standard_task_runner.py:104} INFO - Running: ['***', 'tasks', 'run', 'download_iot', 'download_data', 'scheduled__2026-02-02T10:00:00+00:00', '--job-id', '11', '--raw', '--subdir', 'DAGS_FOLDER/download_iot.py', '--cfg-path', '/tmp/tmp5eru17ox']
[2026-02-14T16:30:18.560+0000] {standard_task_runner.py:105} INFO - Job 11: Subtask download_data
[2026-02-14T16:30:18.570+0000] {warnings.py:109} WARNING - /home/***/.local/lib/python3.9/site-packages/***/settings.py:209: DeprecationWarning: The sql_alchemy_conn option in [core] has been moved to the sql_alchemy_conn option in [database] - the old setting has been used, but please update your config.
  SQL_ALCHEMY_CONN = conf.get("database", "SQL_ALCHEMY_CONN")

[2026-02-14T16:30:18.591+0000] {task_command.py:467} INFO - Running <TaskInstance: download_iot.download_data scheduled__2026-02-02T10:00:00+00:00 [running]> on host a5c4ed865bb5
[2026-02-14T16:30:18.591+0000] {warnings.py:109} WARNING - /home/***/.local/lib/python3.9/site-packages/***/settings.py:470: DeprecationWarning: The sql_alchemy_conn option in [core] has been moved to the sql_alchemy_conn option in [database] - the old setting has been used, but please update your config.
  if conf.get("database", "sql_alchemy_conn") == "none://":

[2026-02-14T16:30:18.641+0000] {taskinstance.py:3134} INFO - Exporting env vars: AIRFLOW_CTX_DAG_OWNER='a.sorokin' AIRFLOW_CTX_DAG_ID='download_iot' AIRFLOW_CTX_TASK_ID='download_data' AIRFLOW_CTX_EXECUTION_DATE='2026-02-02T10:00:00+00:00' AIRFLOW_CTX_TRY_NUMBER='1' AIRFLOW_CTX_DAG_RUN_ID='scheduled__2026-02-02T10:00:00+00:00'
[2026-02-14T16:30:18.642+0000] {taskinstance.py:732} INFO - ::endgroup::
[2026-02-14T16:30:18.651+0000] {logging_mixin.py:190} INFO - Dataset URL: https://www.kaggle.com/datasets/atulanandjha/temperature-readings-iot-devices
[2026-02-14T16:30:19.896+0000] {download_iot.py:66} INFO - Данные успешно загружены с Kaggle!
[2026-02-14T16:30:19.897+0000] {python.py:240} INFO - Done. Returned value was: None
[2026-02-14T16:30:19.904+0000] {taskinstance.py:341} INFO - ::group::Post task execution logs
[2026-02-14T16:30:19.904+0000] {taskinstance.py:353} INFO - Marking task as SUCCESS. dag_id=download_iot, task_id=download_data, run_id=scheduled__2026-02-02T10:00:00+00:00, execution_date=20260202T100000, start_date=20260214T163018, end_date=20260214T163019
[2026-02-14T16:30:19.973+0000] {local_task_job_runner.py:266} INFO - Task exited with return code 0
[2026-02-14T16:30:19.986+0000] {taskinstance.py:3901} INFO - 0 downstream tasks scheduled from follow-on schedule check
[2026-02-14T16:30:19.986+0000] {local_task_job_runner.py:245} INFO - ::endgroup::
[2026-02-14T17:47:37.328+0000] {local_task_job_runner.py:123} INFO - ::group::Pre task execution logs
[2026-02-14T17:47:37.342+0000] {taskinstance.py:2614} INFO - Dependencies all met for dep_context=non-requeueable deps ti=<TaskInstance: download_iot.download_data scheduled__2026-02-02T10:00:00+00:00 [queued]>
[2026-02-14T17:47:37.347+0000] {taskinstance.py:2614} INFO - Dependencies all met for dep_context=requeueable deps ti=<TaskInstance: download_iot.download_data scheduled__2026-02-02T10:00:00+00:00 [queued]>
[2026-02-14T17:47:37.347+0000] {taskinstance.py:2867} INFO - Starting attempt 1 of 4
[2026-02-14T17:47:37.354+0000] {taskinstance.py:2890} INFO - Executing <Task(PythonOperator): download_data> on 2026-02-02 10:00:00+00:00
[2026-02-14T17:47:37.357+0000] {standard_task_runner.py:72} INFO - Started process 150 to run task
[2026-02-14T17:47:37.359+0000] {standard_task_runner.py:104} INFO - Running: ['***', 'tasks', 'run', 'download_iot', 'download_data', 'scheduled__2026-02-02T10:00:00+00:00', '--job-id', '21', '--raw', '--subdir', 'DAGS_FOLDER/download_iot.py', '--cfg-path', '/tmp/tmps_fy1cl3']
[2026-02-14T17:47:37.361+0000] {standard_task_runner.py:105} INFO - Job 21: Subtask download_data
[2026-02-14T17:47:37.369+0000] {warnings.py:109} WARNING - /home/***/.local/lib/python3.9/site-packages/***/settings.py:209: DeprecationWarning: The sql_alchemy_conn option in [core] has been moved to the sql_alchemy_conn option in [database] - the old setting has been used, but please update your config.
  SQL_ALCHEMY_CONN = conf.get("database", "SQL_ALCHEMY_CONN")

[2026-02-14T17:47:37.390+0000] {task_command.py:467} INFO - Running <TaskInstance: download_iot.download_data scheduled__2026-02-02T10:00:00+00:00 [running]> on host 9052c134cdec
[2026-02-14T17:47:37.391+0000] {warnings.py:109} WARNING - /home/***/.local/lib/python3.9/site-packages/***/settings.py:470: DeprecationWarning: The sql_alchemy_conn option in [core] has been moved to the sql_alchemy_conn option in [database] - the old setting has been used, but please update your config.
  if conf.get("database", "sql_alchemy_conn") == "none://":

[2026-02-14T17:47:37.440+0000] {taskinstance.py:3134} INFO - Exporting env vars: AIRFLOW_CTX_DAG_OWNER='a.sorokin' AIRFLOW_CTX_DAG_ID='download_iot' AIRFLOW_CTX_TASK_ID='download_data' AIRFLOW_CTX_EXECUTION_DATE='2026-02-02T10:00:00+00:00' AIRFLOW_CTX_TRY_NUMBER='1' AIRFLOW_CTX_DAG_RUN_ID='scheduled__2026-02-02T10:00:00+00:00'
[2026-02-14T17:47:37.440+0000] {taskinstance.py:732} INFO - ::endgroup::
[2026-02-14T17:47:37.449+0000] {logging_mixin.py:190} INFO - Dataset URL: https://www.kaggle.com/datasets/atulanandjha/temperature-readings-iot-devices
[2026-02-14T17:47:38.626+0000] {download_iot.py:66} INFO - Данные успешно загружены с Kaggle!
[2026-02-14T17:47:38.627+0000] {python.py:240} INFO - Done. Returned value was: None
[2026-02-14T17:47:38.633+0000] {taskinstance.py:341} INFO - ::group::Post task execution logs
[2026-02-14T17:47:38.634+0000] {taskinstance.py:353} INFO - Marking task as SUCCESS. dag_id=download_iot, task_id=download_data, run_id=scheduled__2026-02-02T10:00:00+00:00, execution_date=20260202T100000, start_date=20260214T174737, end_date=20260214T174738
[2026-02-14T17:47:38.694+0000] {local_task_job_runner.py:266} INFO - Task exited with return code 0
[2026-02-14T17:47:38.706+0000] {taskinstance.py:3901} INFO - 0 downstream tasks scheduled from follow-on schedule check
[2026-02-14T17:47:38.707+0000] {local_task_job_runner.py:245} INFO - ::endgroup::
[2026-02-14T18:12:39.801+0000] {local_task_job_runner.py:123} INFO - ::group::Pre task execution logs
[2026-02-14T18:12:39.816+0000] {taskinstance.py:2614} INFO - Dependencies all met for dep_context=non-requeueable deps ti=<TaskInstance: download_iot.download_data scheduled__2026-02-02T10:00:00+00:00 [queued]>
[2026-02-14T18:12:39.823+0000] {taskinstance.py:2614} INFO - Dependencies all met for dep_context=requeueable deps ti=<TaskInstance: download_iot.download_data scheduled__2026-02-02T10:00:00+00:00 [queued]>
[2026-02-14T18:12:39.823+0000] {taskinstance.py:2867} INFO - Starting attempt 1 of 4
[2026-02-14T18:12:39.832+0000] {taskinstance.py:2890} INFO - Executing <Task(PythonOperator): download_data> on 2026-02-02 10:00:00+00:00
[2026-02-14T18:12:39.835+0000] {standard_task_runner.py:72} INFO - Started process 122 to run task
[2026-02-14T18:12:39.837+0000] {standard_task_runner.py:104} INFO - Running: ['***', 'tasks', 'run', 'download_iot', 'download_data', 'scheduled__2026-02-02T10:00:00+00:00', '--job-id', '14', '--raw', '--subdir', 'DAGS_FOLDER/download_iot.py', '--cfg-path', '/tmp/tmpv5xqc7tz']
[2026-02-14T18:12:39.839+0000] {standard_task_runner.py:105} INFO - Job 14: Subtask download_data
[2026-02-14T18:12:39.848+0000] {warnings.py:109} WARNING - /home/***/.local/lib/python3.9/site-packages/***/settings.py:209: DeprecationWarning: The sql_alchemy_conn option in [core] has been moved to the sql_alchemy_conn option in [database] - the old setting has been used, but please update your config.
  SQL_ALCHEMY_CONN = conf.get("database", "SQL_ALCHEMY_CONN")

[2026-02-14T18:12:39.872+0000] {task_command.py:467} INFO - Running <TaskInstance: download_iot.download_data scheduled__2026-02-02T10:00:00+00:00 [running]> on host bb762b62a2c2
[2026-02-14T18:12:39.873+0000] {warnings.py:109} WARNING - /home/***/.local/lib/python3.9/site-packages/***/settings.py:470: DeprecationWarning: The sql_alchemy_conn option in [core] has been moved to the sql_alchemy_conn option in [database] - the old setting has been used, but please update your config.
  if conf.get("database", "sql_alchemy_conn") == "none://":

[2026-02-14T18:12:39.935+0000] {taskinstance.py:3134} INFO - Exporting env vars: AIRFLOW_CTX_DAG_OWNER='a.sorokin' AIRFLOW_CTX_DAG_ID='download_iot' AIRFLOW_CTX_TASK_ID='download_data' AIRFLOW_CTX_EXECUTION_DATE='2026-02-02T10:00:00+00:00' AIRFLOW_CTX_TRY_NUMBER='1' AIRFLOW_CTX_DAG_RUN_ID='scheduled__2026-02-02T10:00:00+00:00'
[2026-02-14T18:12:39.935+0000] {taskinstance.py:732} INFO - ::endgroup::
[2026-02-14T18:12:39.945+0000] {logging_mixin.py:190} INFO - Dataset URL: https://www.kaggle.com/datasets/atulanandjha/temperature-readings-iot-devices
[2026-02-14T18:12:41.051+0000] {download_iot.py:66} INFO - Данные успешно загружены с Kaggle!
[2026-02-14T18:12:41.052+0000] {python.py:240} INFO - Done. Returned value was: None
[2026-02-14T18:12:41.059+0000] {taskinstance.py:341} INFO - ::group::Post task execution logs
[2026-02-14T18:12:41.059+0000] {taskinstance.py:353} INFO - Marking task as SUCCESS. dag_id=download_iot, task_id=download_data, run_id=scheduled__2026-02-02T10:00:00+00:00, execution_date=20260202T100000, start_date=20260214T181239, end_date=20260214T181241
[2026-02-14T18:12:41.092+0000] {local_task_job_runner.py:266} INFO - Task exited with return code 0
[2026-02-14T18:12:41.099+0000] {local_task_job_runner.py:245} INFO - ::endgroup::
[2026-02-16T14:44:34.785+0000] {local_task_job_runner.py:123} INFO - ::group::Pre task execution logs
[2026-02-16T14:44:34.799+0000] {taskinstance.py:2614} INFO - Dependencies all met for dep_context=non-requeueable deps ti=<TaskInstance: download_iot.download_data scheduled__2026-02-02T10:00:00+00:00 [queued]>
[2026-02-16T14:44:34.805+0000] {taskinstance.py:2614} INFO - Dependencies all met for dep_context=requeueable deps ti=<TaskInstance: download_iot.download_data scheduled__2026-02-02T10:00:00+00:00 [queued]>
[2026-02-16T14:44:34.805+0000] {taskinstance.py:2867} INFO - Starting attempt 1 of 4
[2026-02-16T14:44:34.812+0000] {taskinstance.py:2890} INFO - Executing <Task(PythonOperator): download_data> on 2026-02-02 10:00:00+00:00
[2026-02-16T14:44:34.816+0000] {standard_task_runner.py:72} INFO - Started process 131 to run task
[2026-02-16T14:44:34.818+0000] {standard_task_runner.py:104} INFO - Running: ['***', 'tasks', 'run', 'download_iot', 'download_data', 'scheduled__2026-02-02T10:00:00+00:00', '--job-id', '10', '--raw', '--subdir', 'DAGS_FOLDER/download_iot.py', '--cfg-path', '/tmp/tmpbfrvsahi']
[2026-02-16T14:44:34.819+0000] {standard_task_runner.py:105} INFO - Job 10: Subtask download_data
[2026-02-16T14:44:34.828+0000] {warnings.py:109} WARNING - /home/***/.local/lib/python3.9/site-packages/***/settings.py:209: DeprecationWarning: The sql_alchemy_conn option in [core] has been moved to the sql_alchemy_conn option in [database] - the old setting has been used, but please update your config.
  SQL_ALCHEMY_CONN = conf.get("database", "SQL_ALCHEMY_CONN")

[2026-02-16T14:44:34.849+0000] {task_command.py:467} INFO - Running <TaskInstance: download_iot.download_data scheduled__2026-02-02T10:00:00+00:00 [running]> on host cd96c4fa192f
[2026-02-16T14:44:34.849+0000] {warnings.py:109} WARNING - /home/***/.local/lib/python3.9/site-packages/***/settings.py:470: DeprecationWarning: The sql_alchemy_conn option in [core] has been moved to the sql_alchemy_conn option in [database] - the old setting has been used, but please update your config.
  if conf.get("database", "sql_alchemy_conn") == "none://":

[2026-02-16T14:44:34.899+0000] {taskinstance.py:3134} INFO - Exporting env vars: AIRFLOW_CTX_DAG_OWNER='a.sorokin' AIRFLOW_CTX_DAG_ID='download_iot' AIRFLOW_CTX_TASK_ID='download_data' AIRFLOW_CTX_EXECUTION_DATE='2026-02-02T10:00:00+00:00' AIRFLOW_CTX_TRY_NUMBER='1' AIRFLOW_CTX_DAG_RUN_ID='scheduled__2026-02-02T10:00:00+00:00'
[2026-02-16T14:44:34.900+0000] {taskinstance.py:732} INFO - ::endgroup::
[2026-02-16T14:44:34.909+0000] {logging_mixin.py:190} INFO - Dataset URL: https://www.kaggle.com/datasets/atulanandjha/temperature-readings-iot-devices
[2026-02-16T14:44:36.111+0000] {download_iot.py:66} INFO - Данные успешно загружены с Kaggle!
[2026-02-16T14:44:36.112+0000] {python.py:240} INFO - Done. Returned value was: None
[2026-02-16T14:44:36.120+0000] {taskinstance.py:341} INFO - ::group::Post task execution logs
[2026-02-16T14:44:36.120+0000] {taskinstance.py:353} INFO - Marking task as SUCCESS. dag_id=download_iot, task_id=download_data, run_id=scheduled__2026-02-02T10:00:00+00:00, execution_date=20260202T100000, start_date=20260216T144434, end_date=20260216T144436
[2026-02-16T14:44:36.152+0000] {local_task_job_runner.py:266} INFO - Task exited with return code 0
[2026-02-16T14:44:36.166+0000] {taskinstance.py:3901} INFO - 0 downstream tasks scheduled from follow-on schedule check
[2026-02-16T14:44:36.167+0000] {local_task_job_runner.py:245} INFO - ::endgroup::
