[2026-02-16T15:07:55.106+0000] {local_task_job_runner.py:123} INFO - ::group::Pre task execution logs
[2026-02-16T15:07:55.124+0000] {taskinstance.py:2614} INFO - Dependencies all met for dep_context=non-requeueable deps ti=<TaskInstance: parse_iot.clean_data scheduled__2026-02-02T10:00:00+00:00 [queued]>
[2026-02-16T15:07:55.131+0000] {taskinstance.py:2614} INFO - Dependencies all met for dep_context=requeueable deps ti=<TaskInstance: parse_iot.clean_data scheduled__2026-02-02T10:00:00+00:00 [queued]>
[2026-02-16T15:07:55.131+0000] {taskinstance.py:2867} INFO - Starting attempt 2 of 5
[2026-02-16T15:07:55.139+0000] {taskinstance.py:2890} INFO - Executing <Task(PythonOperator): clean_data> on 2026-02-02 10:00:00+00:00
[2026-02-16T15:07:55.144+0000] {standard_task_runner.py:72} INFO - Started process 1022 to run task
[2026-02-16T15:07:55.146+0000] {standard_task_runner.py:104} INFO - Running: ['***', 'tasks', 'run', 'parse_iot', 'clean_data', 'scheduled__2026-02-02T10:00:00+00:00', '--job-id', '233', '--raw', '--subdir', 'DAGS_FOLDER/parse_iot.py', '--cfg-path', '/tmp/tmp235ftkpy']
[2026-02-16T15:07:55.147+0000] {standard_task_runner.py:105} INFO - Job 233: Subtask clean_data
[2026-02-16T15:07:55.156+0000] {warnings.py:109} WARNING - /home/***/.local/lib/python3.9/site-packages/***/settings.py:209: DeprecationWarning: The sql_alchemy_conn option in [core] has been moved to the sql_alchemy_conn option in [database] - the old setting has been used, but please update your config.
  SQL_ALCHEMY_CONN = conf.get("database", "SQL_ALCHEMY_CONN")

[2026-02-16T15:07:55.178+0000] {task_command.py:467} INFO - Running <TaskInstance: parse_iot.clean_data scheduled__2026-02-02T10:00:00+00:00 [running]> on host cd96c4fa192f
[2026-02-16T15:07:55.179+0000] {warnings.py:109} WARNING - /home/***/.local/lib/python3.9/site-packages/***/settings.py:470: DeprecationWarning: The sql_alchemy_conn option in [core] has been moved to the sql_alchemy_conn option in [database] - the old setting has been used, but please update your config.
  if conf.get("database", "sql_alchemy_conn") == "none://":

[2026-02-16T15:07:55.225+0000] {taskinstance.py:3134} INFO - Exporting env vars: AIRFLOW_CTX_DAG_OWNER='a.sorokin' AIRFLOW_CTX_DAG_ID='parse_iot' AIRFLOW_CTX_TASK_ID='clean_data' AIRFLOW_CTX_EXECUTION_DATE='2026-02-02T10:00:00+00:00' AIRFLOW_CTX_TRY_NUMBER='2' AIRFLOW_CTX_DAG_RUN_ID='scheduled__2026-02-02T10:00:00+00:00'
[2026-02-16T15:07:55.225+0000] {taskinstance.py:732} INFO - ::endgroup::
[2026-02-16T15:08:04.074+0000] {python.py:240} INFO - Done. Returned value was: None
[2026-02-16T15:08:04.085+0000] {taskinstance.py:341} INFO - ::group::Post task execution logs
[2026-02-16T15:08:04.085+0000] {taskinstance.py:353} INFO - Marking task as SUCCESS. dag_id=parse_iot, task_id=clean_data, run_id=scheduled__2026-02-02T10:00:00+00:00, execution_date=20260202T100000, start_date=20260216T150755, end_date=20260216T150804
[2026-02-16T15:08:04.289+0000] {local_task_job_runner.py:266} INFO - Task exited with return code 0
[2026-02-16T15:08:04.297+0000] {local_task_job_runner.py:245} INFO - ::endgroup::
