[2026-02-14T16:32:23.896+0000] {local_task_job_runner.py:123} INFO - ::group::Pre task execution logs
[2026-02-14T16:32:23.915+0000] {taskinstance.py:2614} INFO - Dependencies all met for dep_context=non-requeueable deps ti=<TaskInstance: parse_iot.clean_data scheduled__2026-02-02T10:00:00+00:00 [queued]>
[2026-02-14T16:32:23.922+0000] {taskinstance.py:2614} INFO - Dependencies all met for dep_context=requeueable deps ti=<TaskInstance: parse_iot.clean_data scheduled__2026-02-02T10:00:00+00:00 [queued]>
[2026-02-14T16:32:23.922+0000] {taskinstance.py:2867} INFO - Starting attempt 1 of 4
[2026-02-14T16:32:23.929+0000] {taskinstance.py:2890} INFO - Executing <Task(PythonOperator): clean_data> on 2026-02-02 10:00:00+00:00
[2026-02-14T16:32:23.934+0000] {standard_task_runner.py:72} INFO - Started process 419 to run task
[2026-02-14T16:32:23.936+0000] {standard_task_runner.py:104} INFO - Running: ['***', 'tasks', 'run', 'parse_iot', 'clean_data', 'scheduled__2026-02-02T10:00:00+00:00', '--job-id', '88', '--raw', '--subdir', 'DAGS_FOLDER/parse_iot.py', '--cfg-path', '/tmp/tmp_2hk2kmg']
[2026-02-14T16:32:23.938+0000] {standard_task_runner.py:105} INFO - Job 88: Subtask clean_data
[2026-02-14T16:32:23.946+0000] {warnings.py:109} WARNING - /home/***/.local/lib/python3.9/site-packages/***/settings.py:209: DeprecationWarning: The sql_alchemy_conn option in [core] has been moved to the sql_alchemy_conn option in [database] - the old setting has been used, but please update your config.
  SQL_ALCHEMY_CONN = conf.get("database", "SQL_ALCHEMY_CONN")

[2026-02-14T16:32:23.968+0000] {task_command.py:467} INFO - Running <TaskInstance: parse_iot.clean_data scheduled__2026-02-02T10:00:00+00:00 [running]> on host a5c4ed865bb5
[2026-02-14T16:32:23.969+0000] {warnings.py:109} WARNING - /home/***/.local/lib/python3.9/site-packages/***/settings.py:470: DeprecationWarning: The sql_alchemy_conn option in [core] has been moved to the sql_alchemy_conn option in [database] - the old setting has been used, but please update your config.
  if conf.get("database", "sql_alchemy_conn") == "none://":

[2026-02-14T16:32:24.017+0000] {taskinstance.py:3134} INFO - Exporting env vars: AIRFLOW_CTX_DAG_OWNER='a.sorokin' AIRFLOW_CTX_DAG_ID='parse_iot' AIRFLOW_CTX_TASK_ID='clean_data' AIRFLOW_CTX_EXECUTION_DATE='2026-02-02T10:00:00+00:00' AIRFLOW_CTX_TRY_NUMBER='1' AIRFLOW_CTX_DAG_RUN_ID='scheduled__2026-02-02T10:00:00+00:00'
[2026-02-14T16:32:24.017+0000] {taskinstance.py:732} INFO - ::endgroup::
[2026-02-14T16:32:32.814+0000] {python.py:240} INFO - Done. Returned value was: None
[2026-02-14T16:32:32.823+0000] {taskinstance.py:341} INFO - ::group::Post task execution logs
[2026-02-14T16:32:32.824+0000] {taskinstance.py:353} INFO - Marking task as SUCCESS. dag_id=parse_iot, task_id=clean_data, run_id=scheduled__2026-02-02T10:00:00+00:00, execution_date=20260202T100000, start_date=20260214T163223, end_date=20260214T163232
[2026-02-14T16:32:32.875+0000] {local_task_job_runner.py:266} INFO - Task exited with return code 0
[2026-02-14T16:32:32.894+0000] {taskinstance.py:3901} INFO - 0 downstream tasks scheduled from follow-on schedule check
[2026-02-14T16:32:32.896+0000] {local_task_job_runner.py:245} INFO - ::endgroup::
[2026-02-14T17:49:45.453+0000] {local_task_job_runner.py:123} INFO - ::group::Pre task execution logs
[2026-02-14T17:49:45.470+0000] {taskinstance.py:2614} INFO - Dependencies all met for dep_context=non-requeueable deps ti=<TaskInstance: parse_iot.clean_data scheduled__2026-02-02T10:00:00+00:00 [queued]>
[2026-02-14T17:49:45.477+0000] {taskinstance.py:2614} INFO - Dependencies all met for dep_context=requeueable deps ti=<TaskInstance: parse_iot.clean_data scheduled__2026-02-02T10:00:00+00:00 [queued]>
[2026-02-14T17:49:45.477+0000] {taskinstance.py:2867} INFO - Starting attempt 1 of 4
[2026-02-14T17:49:45.484+0000] {taskinstance.py:2890} INFO - Executing <Task(PythonOperator): clean_data> on 2026-02-02 10:00:00+00:00
[2026-02-14T17:49:45.488+0000] {standard_task_runner.py:72} INFO - Started process 455 to run task
[2026-02-14T17:49:45.490+0000] {standard_task_runner.py:104} INFO - Running: ['***', 'tasks', 'run', 'parse_iot', 'clean_data', 'scheduled__2026-02-02T10:00:00+00:00', '--job-id', '97', '--raw', '--subdir', 'DAGS_FOLDER/parse_iot.py', '--cfg-path', '/tmp/tmpq17vdtph']
[2026-02-14T17:49:45.492+0000] {standard_task_runner.py:105} INFO - Job 97: Subtask clean_data
[2026-02-14T17:49:45.500+0000] {warnings.py:109} WARNING - /home/***/.local/lib/python3.9/site-packages/***/settings.py:209: DeprecationWarning: The sql_alchemy_conn option in [core] has been moved to the sql_alchemy_conn option in [database] - the old setting has been used, but please update your config.
  SQL_ALCHEMY_CONN = conf.get("database", "SQL_ALCHEMY_CONN")

[2026-02-14T17:49:45.523+0000] {task_command.py:467} INFO - Running <TaskInstance: parse_iot.clean_data scheduled__2026-02-02T10:00:00+00:00 [running]> on host 9052c134cdec
[2026-02-14T17:49:45.523+0000] {warnings.py:109} WARNING - /home/***/.local/lib/python3.9/site-packages/***/settings.py:470: DeprecationWarning: The sql_alchemy_conn option in [core] has been moved to the sql_alchemy_conn option in [database] - the old setting has been used, but please update your config.
  if conf.get("database", "sql_alchemy_conn") == "none://":

[2026-02-14T17:49:45.569+0000] {taskinstance.py:3134} INFO - Exporting env vars: AIRFLOW_CTX_DAG_OWNER='a.sorokin' AIRFLOW_CTX_DAG_ID='parse_iot' AIRFLOW_CTX_TASK_ID='clean_data' AIRFLOW_CTX_EXECUTION_DATE='2026-02-02T10:00:00+00:00' AIRFLOW_CTX_TRY_NUMBER='1' AIRFLOW_CTX_DAG_RUN_ID='scheduled__2026-02-02T10:00:00+00:00'
[2026-02-14T17:49:45.569+0000] {taskinstance.py:732} INFO - ::endgroup::
[2026-02-14T17:49:54.038+0000] {python.py:240} INFO - Done. Returned value was: None
[2026-02-14T17:49:54.044+0000] {taskinstance.py:341} INFO - ::group::Post task execution logs
[2026-02-14T17:49:54.045+0000] {taskinstance.py:353} INFO - Marking task as SUCCESS. dag_id=parse_iot, task_id=clean_data, run_id=scheduled__2026-02-02T10:00:00+00:00, execution_date=20260202T100000, start_date=20260214T174945, end_date=20260214T174954
[2026-02-14T17:49:54.112+0000] {local_task_job_runner.py:266} INFO - Task exited with return code 0
[2026-02-14T17:49:54.130+0000] {taskinstance.py:3901} INFO - 0 downstream tasks scheduled from follow-on schedule check
[2026-02-14T17:49:54.131+0000] {local_task_job_runner.py:245} INFO - ::endgroup::
[2026-02-14T18:14:32.965+0000] {local_task_job_runner.py:123} INFO - ::group::Pre task execution logs
[2026-02-14T18:14:32.981+0000] {taskinstance.py:2614} INFO - Dependencies all met for dep_context=non-requeueable deps ti=<TaskInstance: parse_iot.clean_data scheduled__2026-02-02T10:00:00+00:00 [queued]>
[2026-02-14T18:14:32.987+0000] {taskinstance.py:2614} INFO - Dependencies all met for dep_context=requeueable deps ti=<TaskInstance: parse_iot.clean_data scheduled__2026-02-02T10:00:00+00:00 [queued]>
[2026-02-14T18:14:32.987+0000] {taskinstance.py:2867} INFO - Starting attempt 1 of 4
[2026-02-14T18:14:32.993+0000] {taskinstance.py:2890} INFO - Executing <Task(PythonOperator): clean_data> on 2026-02-02 10:00:00+00:00
[2026-02-14T18:14:32.998+0000] {standard_task_runner.py:72} INFO - Started process 359 to run task
[2026-02-14T18:14:33.000+0000] {standard_task_runner.py:104} INFO - Running: ['***', 'tasks', 'run', 'parse_iot', 'clean_data', 'scheduled__2026-02-02T10:00:00+00:00', '--job-id', '73', '--raw', '--subdir', 'DAGS_FOLDER/parse_iot.py', '--cfg-path', '/tmp/tmpcuy83amq']
[2026-02-14T18:14:33.002+0000] {standard_task_runner.py:105} INFO - Job 73: Subtask clean_data
[2026-02-14T18:14:33.010+0000] {warnings.py:109} WARNING - /home/***/.local/lib/python3.9/site-packages/***/settings.py:209: DeprecationWarning: The sql_alchemy_conn option in [core] has been moved to the sql_alchemy_conn option in [database] - the old setting has been used, but please update your config.
  SQL_ALCHEMY_CONN = conf.get("database", "SQL_ALCHEMY_CONN")

[2026-02-14T18:14:33.031+0000] {task_command.py:467} INFO - Running <TaskInstance: parse_iot.clean_data scheduled__2026-02-02T10:00:00+00:00 [running]> on host bb762b62a2c2
[2026-02-14T18:14:33.031+0000] {warnings.py:109} WARNING - /home/***/.local/lib/python3.9/site-packages/***/settings.py:470: DeprecationWarning: The sql_alchemy_conn option in [core] has been moved to the sql_alchemy_conn option in [database] - the old setting has been used, but please update your config.
  if conf.get("database", "sql_alchemy_conn") == "none://":

[2026-02-14T18:14:33.079+0000] {taskinstance.py:3134} INFO - Exporting env vars: AIRFLOW_CTX_DAG_OWNER='a.sorokin' AIRFLOW_CTX_DAG_ID='parse_iot' AIRFLOW_CTX_TASK_ID='clean_data' AIRFLOW_CTX_EXECUTION_DATE='2026-02-02T10:00:00+00:00' AIRFLOW_CTX_TRY_NUMBER='1' AIRFLOW_CTX_DAG_RUN_ID='scheduled__2026-02-02T10:00:00+00:00'
[2026-02-14T18:14:33.079+0000] {taskinstance.py:732} INFO - ::endgroup::
[2026-02-14T18:14:41.629+0000] {python.py:240} INFO - Done. Returned value was: None
[2026-02-14T18:14:41.636+0000] {taskinstance.py:341} INFO - ::group::Post task execution logs
[2026-02-14T18:14:41.636+0000] {taskinstance.py:353} INFO - Marking task as SUCCESS. dag_id=parse_iot, task_id=clean_data, run_id=scheduled__2026-02-02T10:00:00+00:00, execution_date=20260202T100000, start_date=20260214T181432, end_date=20260214T181441
[2026-02-14T18:14:41.701+0000] {local_task_job_runner.py:266} INFO - Task exited with return code 0
[2026-02-14T18:14:41.722+0000] {taskinstance.py:3901} INFO - 0 downstream tasks scheduled from follow-on schedule check
[2026-02-14T18:14:41.723+0000] {local_task_job_runner.py:245} INFO - ::endgroup::
[2026-02-16T14:46:46.372+0000] {local_task_job_runner.py:123} INFO - ::group::Pre task execution logs
[2026-02-16T14:46:46.391+0000] {taskinstance.py:2614} INFO - Dependencies all met for dep_context=non-requeueable deps ti=<TaskInstance: parse_iot.clean_data scheduled__2026-02-02T10:00:00+00:00 [queued]>
[2026-02-16T14:46:46.398+0000] {taskinstance.py:2614} INFO - Dependencies all met for dep_context=requeueable deps ti=<TaskInstance: parse_iot.clean_data scheduled__2026-02-02T10:00:00+00:00 [queued]>
[2026-02-16T14:46:46.398+0000] {taskinstance.py:2867} INFO - Starting attempt 1 of 4
[2026-02-16T14:46:46.405+0000] {taskinstance.py:2890} INFO - Executing <Task(PythonOperator): clean_data> on 2026-02-02 10:00:00+00:00
[2026-02-16T14:46:46.410+0000] {standard_task_runner.py:72} INFO - Started process 482 to run task
[2026-02-16T14:46:46.412+0000] {standard_task_runner.py:104} INFO - Running: ['***', 'tasks', 'run', 'parse_iot', 'clean_data', 'scheduled__2026-02-02T10:00:00+00:00', '--job-id', '98', '--raw', '--subdir', 'DAGS_FOLDER/parse_iot.py', '--cfg-path', '/tmp/tmpytb74snn']
[2026-02-16T14:46:46.413+0000] {standard_task_runner.py:105} INFO - Job 98: Subtask clean_data
[2026-02-16T14:46:46.422+0000] {warnings.py:109} WARNING - /home/***/.local/lib/python3.9/site-packages/***/settings.py:209: DeprecationWarning: The sql_alchemy_conn option in [core] has been moved to the sql_alchemy_conn option in [database] - the old setting has been used, but please update your config.
  SQL_ALCHEMY_CONN = conf.get("database", "SQL_ALCHEMY_CONN")

[2026-02-16T14:46:46.444+0000] {task_command.py:467} INFO - Running <TaskInstance: parse_iot.clean_data scheduled__2026-02-02T10:00:00+00:00 [running]> on host cd96c4fa192f
[2026-02-16T14:46:46.445+0000] {warnings.py:109} WARNING - /home/***/.local/lib/python3.9/site-packages/***/settings.py:470: DeprecationWarning: The sql_alchemy_conn option in [core] has been moved to the sql_alchemy_conn option in [database] - the old setting has been used, but please update your config.
  if conf.get("database", "sql_alchemy_conn") == "none://":

[2026-02-16T14:46:46.491+0000] {taskinstance.py:3134} INFO - Exporting env vars: AIRFLOW_CTX_DAG_OWNER='a.sorokin' AIRFLOW_CTX_DAG_ID='parse_iot' AIRFLOW_CTX_TASK_ID='clean_data' AIRFLOW_CTX_EXECUTION_DATE='2026-02-02T10:00:00+00:00' AIRFLOW_CTX_TRY_NUMBER='1' AIRFLOW_CTX_DAG_RUN_ID='scheduled__2026-02-02T10:00:00+00:00'
[2026-02-16T14:46:46.491+0000] {taskinstance.py:732} INFO - ::endgroup::
[2026-02-16T14:46:55.029+0000] {python.py:240} INFO - Done. Returned value was: None
[2026-02-16T14:46:55.036+0000] {taskinstance.py:341} INFO - ::group::Post task execution logs
[2026-02-16T14:46:55.036+0000] {taskinstance.py:353} INFO - Marking task as SUCCESS. dag_id=parse_iot, task_id=clean_data, run_id=scheduled__2026-02-02T10:00:00+00:00, execution_date=20260202T100000, start_date=20260216T144646, end_date=20260216T144655
[2026-02-16T14:46:55.074+0000] {local_task_job_runner.py:266} INFO - Task exited with return code 0
[2026-02-16T14:46:55.094+0000] {taskinstance.py:3901} INFO - 0 downstream tasks scheduled from follow-on schedule check
[2026-02-16T14:46:55.095+0000] {local_task_job_runner.py:245} INFO - ::endgroup::
[2026-02-16T15:16:35.617+0000] {local_task_job_runner.py:123} INFO - ::group::Pre task execution logs
[2026-02-16T15:16:35.640+0000] {taskinstance.py:2614} INFO - Dependencies all met for dep_context=non-requeueable deps ti=<TaskInstance: parse_iot.clean_data scheduled__2026-02-02T10:00:00+00:00 [queued]>
[2026-02-16T15:16:35.649+0000] {taskinstance.py:2614} INFO - Dependencies all met for dep_context=requeueable deps ti=<TaskInstance: parse_iot.clean_data scheduled__2026-02-02T10:00:00+00:00 [queued]>
[2026-02-16T15:16:35.650+0000] {taskinstance.py:2867} INFO - Starting attempt 1 of 4
[2026-02-16T15:16:35.658+0000] {taskinstance.py:2890} INFO - Executing <Task(PythonOperator): clean_data> on 2026-02-02 10:00:00+00:00
[2026-02-16T15:16:35.663+0000] {standard_task_runner.py:72} INFO - Started process 423 to run task
[2026-02-16T15:16:35.665+0000] {standard_task_runner.py:104} INFO - Running: ['***', 'tasks', 'run', 'parse_iot', 'clean_data', 'scheduled__2026-02-02T10:00:00+00:00', '--job-id', '89', '--raw', '--subdir', 'DAGS_FOLDER/parse_iot.py', '--cfg-path', '/tmp/tmp_sucmwnx']
[2026-02-16T15:16:35.667+0000] {standard_task_runner.py:105} INFO - Job 89: Subtask clean_data
[2026-02-16T15:16:35.675+0000] {warnings.py:109} WARNING - /home/***/.local/lib/python3.9/site-packages/***/settings.py:209: DeprecationWarning: The sql_alchemy_conn option in [core] has been moved to the sql_alchemy_conn option in [database] - the old setting has been used, but please update your config.
  SQL_ALCHEMY_CONN = conf.get("database", "SQL_ALCHEMY_CONN")

[2026-02-16T15:16:35.698+0000] {task_command.py:467} INFO - Running <TaskInstance: parse_iot.clean_data scheduled__2026-02-02T10:00:00+00:00 [running]> on host fbd3e38838e9
[2026-02-16T15:16:35.698+0000] {warnings.py:109} WARNING - /home/***/.local/lib/python3.9/site-packages/***/settings.py:470: DeprecationWarning: The sql_alchemy_conn option in [core] has been moved to the sql_alchemy_conn option in [database] - the old setting has been used, but please update your config.
  if conf.get("database", "sql_alchemy_conn") == "none://":

[2026-02-16T15:16:35.745+0000] {taskinstance.py:3134} INFO - Exporting env vars: AIRFLOW_CTX_DAG_OWNER='a.sorokin' AIRFLOW_CTX_DAG_ID='parse_iot' AIRFLOW_CTX_TASK_ID='clean_data' AIRFLOW_CTX_EXECUTION_DATE='2026-02-02T10:00:00+00:00' AIRFLOW_CTX_TRY_NUMBER='1' AIRFLOW_CTX_DAG_RUN_ID='scheduled__2026-02-02T10:00:00+00:00'
[2026-02-16T15:16:35.746+0000] {taskinstance.py:732} INFO - ::endgroup::
[2026-02-16T15:16:45.502+0000] {python.py:240} INFO - Done. Returned value was: None
[2026-02-16T15:16:45.511+0000] {taskinstance.py:341} INFO - ::group::Post task execution logs
[2026-02-16T15:16:45.511+0000] {taskinstance.py:353} INFO - Marking task as SUCCESS. dag_id=parse_iot, task_id=clean_data, run_id=scheduled__2026-02-02T10:00:00+00:00, execution_date=20260202T100000, start_date=20260216T151635, end_date=20260216T151645
[2026-02-16T15:16:45.571+0000] {local_task_job_runner.py:266} INFO - Task exited with return code 0
[2026-02-16T15:16:45.600+0000] {taskinstance.py:3901} INFO - 0 downstream tasks scheduled from follow-on schedule check
[2026-02-16T15:16:45.602+0000] {local_task_job_runner.py:245} INFO - ::endgroup::
[2026-02-16T15:44:37.212+0000] {local_task_job_runner.py:123} INFO - ::group::Pre task execution logs
[2026-02-16T15:44:37.232+0000] {taskinstance.py:2614} INFO - Dependencies all met for dep_context=non-requeueable deps ti=<TaskInstance: parse_iot.clean_data scheduled__2026-02-02T10:00:00+00:00 [queued]>
[2026-02-16T15:44:37.241+0000] {taskinstance.py:2614} INFO - Dependencies all met for dep_context=requeueable deps ti=<TaskInstance: parse_iot.clean_data scheduled__2026-02-02T10:00:00+00:00 [queued]>
[2026-02-16T15:44:37.242+0000] {taskinstance.py:2867} INFO - Starting attempt 1 of 4
[2026-02-16T15:44:37.251+0000] {taskinstance.py:2890} INFO - Executing <Task(PythonOperator): clean_data> on 2026-02-02 10:00:00+00:00
[2026-02-16T15:44:37.258+0000] {standard_task_runner.py:72} INFO - Started process 447 to run task
[2026-02-16T15:44:37.260+0000] {standard_task_runner.py:104} INFO - Running: ['***', 'tasks', 'run', 'parse_iot', 'clean_data', 'scheduled__2026-02-02T10:00:00+00:00', '--job-id', '95', '--raw', '--subdir', 'DAGS_FOLDER/parse_iot.py', '--cfg-path', '/tmp/tmpb6aknil0']
[2026-02-16T15:44:37.262+0000] {standard_task_runner.py:105} INFO - Job 95: Subtask clean_data
[2026-02-16T15:44:37.271+0000] {warnings.py:109} WARNING - /home/***/.local/lib/python3.9/site-packages/***/settings.py:209: DeprecationWarning: The sql_alchemy_conn option in [core] has been moved to the sql_alchemy_conn option in [database] - the old setting has been used, but please update your config.
  SQL_ALCHEMY_CONN = conf.get("database", "SQL_ALCHEMY_CONN")

[2026-02-16T15:44:37.293+0000] {task_command.py:467} INFO - Running <TaskInstance: parse_iot.clean_data scheduled__2026-02-02T10:00:00+00:00 [running]> on host 6ef9a94e694d
[2026-02-16T15:44:37.294+0000] {warnings.py:109} WARNING - /home/***/.local/lib/python3.9/site-packages/***/settings.py:470: DeprecationWarning: The sql_alchemy_conn option in [core] has been moved to the sql_alchemy_conn option in [database] - the old setting has been used, but please update your config.
  if conf.get("database", "sql_alchemy_conn") == "none://":

[2026-02-16T15:44:37.351+0000] {taskinstance.py:3134} INFO - Exporting env vars: AIRFLOW_CTX_DAG_OWNER='a.sorokin' AIRFLOW_CTX_DAG_ID='parse_iot' AIRFLOW_CTX_TASK_ID='clean_data' AIRFLOW_CTX_EXECUTION_DATE='2026-02-02T10:00:00+00:00' AIRFLOW_CTX_TRY_NUMBER='1' AIRFLOW_CTX_DAG_RUN_ID='scheduled__2026-02-02T10:00:00+00:00'
[2026-02-16T15:44:37.352+0000] {taskinstance.py:732} INFO - ::endgroup::
[2026-02-16T15:44:46.322+0000] {python.py:240} INFO - Done. Returned value was: None
[2026-02-16T15:44:46.329+0000] {taskinstance.py:341} INFO - ::group::Post task execution logs
[2026-02-16T15:44:46.329+0000] {taskinstance.py:353} INFO - Marking task as SUCCESS. dag_id=parse_iot, task_id=clean_data, run_id=scheduled__2026-02-02T10:00:00+00:00, execution_date=20260202T100000, start_date=20260216T154437, end_date=20260216T154446
[2026-02-16T15:44:46.362+0000] {local_task_job_runner.py:266} INFO - Task exited with return code 0
[2026-02-16T15:44:46.382+0000] {taskinstance.py:3901} INFO - 0 downstream tasks scheduled from follow-on schedule check
[2026-02-16T15:44:46.383+0000] {local_task_job_runner.py:245} INFO - ::endgroup::
