[2026-02-16T16:55:53.420+0000] {local_task_job_runner.py:123} INFO - ::group::Pre task execution logs
[2026-02-16T16:55:53.433+0000] {taskinstance.py:2614} INFO - Dependencies all met for dep_context=non-requeueable deps ti=<TaskInstance: date_load_postgres.parse_data scheduled__2026-02-04T10:00:00+00:00 [queued]>
[2026-02-16T16:55:53.439+0000] {taskinstance.py:2614} INFO - Dependencies all met for dep_context=requeueable deps ti=<TaskInstance: date_load_postgres.parse_data scheduled__2026-02-04T10:00:00+00:00 [queued]>
[2026-02-16T16:55:53.439+0000] {taskinstance.py:2867} INFO - Starting attempt 1 of 4
[2026-02-16T16:55:53.448+0000] {taskinstance.py:2890} INFO - Executing <Task(PythonOperator): parse_data> on 2026-02-04 10:00:00+00:00
[2026-02-16T16:55:53.453+0000] {standard_task_runner.py:72} INFO - Started process 1144 to run task
[2026-02-16T16:55:53.456+0000] {standard_task_runner.py:104} INFO - Running: ['***', 'tasks', 'run', 'date_load_postgres', 'parse_data', 'scheduled__2026-02-04T10:00:00+00:00', '--job-id', '269', '--raw', '--subdir', 'DAGS_FOLDER/date_load_postrges.py', '--cfg-path', '/tmp/tmp3i8so2tz']
[2026-02-16T16:55:53.458+0000] {standard_task_runner.py:105} INFO - Job 269: Subtask parse_data
[2026-02-16T16:55:53.468+0000] {warnings.py:109} WARNING - /home/***/.local/lib/python3.9/site-packages/***/settings.py:209: DeprecationWarning: The sql_alchemy_conn option in [core] has been moved to the sql_alchemy_conn option in [database] - the old setting has been used, but please update your config.
  SQL_ALCHEMY_CONN = conf.get("database", "SQL_ALCHEMY_CONN")

[2026-02-16T16:55:53.494+0000] {task_command.py:467} INFO - Running <TaskInstance: date_load_postgres.parse_data scheduled__2026-02-04T10:00:00+00:00 [running]> on host 6ef9a94e694d
[2026-02-16T16:55:53.494+0000] {warnings.py:109} WARNING - /home/***/.local/lib/python3.9/site-packages/***/settings.py:470: DeprecationWarning: The sql_alchemy_conn option in [core] has been moved to the sql_alchemy_conn option in [database] - the old setting has been used, but please update your config.
  if conf.get("database", "sql_alchemy_conn") == "none://":

[2026-02-16T16:55:53.566+0000] {taskinstance.py:3134} INFO - Exporting env vars: AIRFLOW_CTX_DAG_OWNER='a.sorokin' AIRFLOW_CTX_DAG_ID='date_load_postgres' AIRFLOW_CTX_TASK_ID='parse_data' AIRFLOW_CTX_EXECUTION_DATE='2026-02-04T10:00:00+00:00' AIRFLOW_CTX_TRY_NUMBER='1' AIRFLOW_CTX_DAG_RUN_ID='scheduled__2026-02-04T10:00:00+00:00'
[2026-02-16T16:55:53.566+0000] {taskinstance.py:732} INFO - ::endgroup::
[2026-02-16T16:56:02.261+0000] {python.py:240} INFO - Done. Returned value was: None
[2026-02-16T16:56:02.268+0000] {taskinstance.py:341} INFO - ::group::Post task execution logs
[2026-02-16T16:56:02.268+0000] {taskinstance.py:353} INFO - Marking task as SUCCESS. dag_id=date_load_postgres, task_id=parse_data, run_id=scheduled__2026-02-04T10:00:00+00:00, execution_date=20260204T100000, start_date=20260216T165553, end_date=20260216T165602
[2026-02-16T16:56:02.323+0000] {local_task_job_runner.py:266} INFO - Task exited with return code 0
[2026-02-16T16:56:02.339+0000] {taskinstance.py:3901} INFO - 0 downstream tasks scheduled from follow-on schedule check
[2026-02-16T16:56:02.340+0000] {local_task_job_runner.py:245} INFO - ::endgroup::
[2026-02-16T17:40:19.067+0000] {local_task_job_runner.py:123} INFO - ::group::Pre task execution logs
[2026-02-16T17:40:19.080+0000] {taskinstance.py:2614} INFO - Dependencies all met for dep_context=non-requeueable deps ti=<TaskInstance: date_load_postgres.parse_data scheduled__2026-02-04T10:00:00+00:00 [queued]>
[2026-02-16T17:40:19.085+0000] {taskinstance.py:2614} INFO - Dependencies all met for dep_context=requeueable deps ti=<TaskInstance: date_load_postgres.parse_data scheduled__2026-02-04T10:00:00+00:00 [queued]>
[2026-02-16T17:40:19.085+0000] {taskinstance.py:2867} INFO - Starting attempt 1 of 4
[2026-02-16T17:40:19.092+0000] {taskinstance.py:2890} INFO - Executing <Task(PythonOperator): parse_data> on 2026-02-04 10:00:00+00:00
[2026-02-16T17:40:19.097+0000] {standard_task_runner.py:72} INFO - Started process 244 to run task
[2026-02-16T17:40:19.099+0000] {standard_task_runner.py:104} INFO - Running: ['***', 'tasks', 'run', 'date_load_postgres', 'parse_data', 'scheduled__2026-02-04T10:00:00+00:00', '--job-id', '40', '--raw', '--subdir', 'DAGS_FOLDER/date_load_postrges.py', '--cfg-path', '/tmp/tmpp4khx5u8']
[2026-02-16T17:40:19.100+0000] {standard_task_runner.py:105} INFO - Job 40: Subtask parse_data
[2026-02-16T17:40:19.109+0000] {warnings.py:109} WARNING - /home/***/.local/lib/python3.9/site-packages/***/settings.py:209: DeprecationWarning: The sql_alchemy_conn option in [core] has been moved to the sql_alchemy_conn option in [database] - the old setting has been used, but please update your config.
  SQL_ALCHEMY_CONN = conf.get("database", "SQL_ALCHEMY_CONN")

[2026-02-16T17:40:19.130+0000] {task_command.py:467} INFO - Running <TaskInstance: date_load_postgres.parse_data scheduled__2026-02-04T10:00:00+00:00 [running]> on host 80c391c4cc85
[2026-02-16T17:40:19.130+0000] {warnings.py:109} WARNING - /home/***/.local/lib/python3.9/site-packages/***/settings.py:470: DeprecationWarning: The sql_alchemy_conn option in [core] has been moved to the sql_alchemy_conn option in [database] - the old setting has been used, but please update your config.
  if conf.get("database", "sql_alchemy_conn") == "none://":

[2026-02-16T17:40:19.174+0000] {taskinstance.py:3134} INFO - Exporting env vars: AIRFLOW_CTX_DAG_OWNER='a.sorokin' AIRFLOW_CTX_DAG_ID='date_load_postgres' AIRFLOW_CTX_TASK_ID='parse_data' AIRFLOW_CTX_EXECUTION_DATE='2026-02-04T10:00:00+00:00' AIRFLOW_CTX_TRY_NUMBER='1' AIRFLOW_CTX_DAG_RUN_ID='scheduled__2026-02-04T10:00:00+00:00'
[2026-02-16T17:40:19.175+0000] {taskinstance.py:732} INFO - ::endgroup::
[2026-02-16T17:40:28.767+0000] {python.py:240} INFO - Done. Returned value was: None
[2026-02-16T17:40:28.775+0000] {taskinstance.py:341} INFO - ::group::Post task execution logs
[2026-02-16T17:40:28.775+0000] {taskinstance.py:353} INFO - Marking task as SUCCESS. dag_id=date_load_postgres, task_id=parse_data, run_id=scheduled__2026-02-04T10:00:00+00:00, execution_date=20260204T100000, start_date=20260216T174019, end_date=20260216T174028
[2026-02-16T17:40:28.852+0000] {local_task_job_runner.py:266} INFO - Task exited with return code 0
[2026-02-16T17:40:28.873+0000] {taskinstance.py:3901} INFO - 1 downstream tasks scheduled from follow-on schedule check
[2026-02-16T17:40:28.874+0000] {local_task_job_runner.py:245} INFO - ::endgroup::
