[2026-02-02T16:46:58.080+0000] {local_task_job_runner.py:123} INFO - ::group::Pre task execution logs
[2026-02-02T16:46:58.096+0000] {taskinstance.py:2614} INFO - Dependencies all met for dep_context=non-requeueable deps ti=<TaskInstance: parse_iot.log_info scheduled__2026-02-01T10:00:00+00:00 [queued]>
[2026-02-02T16:46:58.104+0000] {taskinstance.py:2614} INFO - Dependencies all met for dep_context=requeueable deps ti=<TaskInstance: parse_iot.log_info scheduled__2026-02-01T10:00:00+00:00 [queued]>
[2026-02-02T16:46:58.104+0000] {taskinstance.py:2867} INFO - Starting attempt 7 of 10
[2026-02-02T16:46:58.110+0000] {taskinstance.py:2890} INFO - Executing <Task(PythonOperator): log_info> on 2026-02-01 10:00:00+00:00
[2026-02-02T16:46:58.115+0000] {standard_task_runner.py:72} INFO - Started process 809 to run task
[2026-02-02T16:46:58.117+0000] {standard_task_runner.py:104} INFO - Running: ['***', 'tasks', 'run', 'parse_iot', 'log_info', 'scheduled__2026-02-01T10:00:00+00:00', '--job-id', '228', '--raw', '--subdir', 'DAGS_FOLDER/parse_iot.py', '--cfg-path', '/tmp/tmprnwx7p9q']
[2026-02-02T16:46:58.119+0000] {standard_task_runner.py:105} INFO - Job 228: Subtask log_info
[2026-02-02T16:46:58.127+0000] {warnings.py:109} WARNING - /home/***/.local/lib/python3.9/site-packages/***/settings.py:209: DeprecationWarning: The sql_alchemy_conn option in [core] has been moved to the sql_alchemy_conn option in [database] - the old setting has been used, but please update your config.
  SQL_ALCHEMY_CONN = conf.get("database", "SQL_ALCHEMY_CONN")

[2026-02-02T16:46:58.148+0000] {task_command.py:467} INFO - Running <TaskInstance: parse_iot.log_info scheduled__2026-02-01T10:00:00+00:00 [running]> on host 62d0328142ca
[2026-02-02T16:46:58.149+0000] {warnings.py:109} WARNING - /home/***/.local/lib/python3.9/site-packages/***/settings.py:470: DeprecationWarning: The sql_alchemy_conn option in [core] has been moved to the sql_alchemy_conn option in [database] - the old setting has been used, but please update your config.
  if conf.get("database", "sql_alchemy_conn") == "none://":

[2026-02-02T16:46:58.196+0000] {taskinstance.py:3134} INFO - Exporting env vars: AIRFLOW_CTX_DAG_OWNER='a.sorokin' AIRFLOW_CTX_DAG_ID='parse_iot' AIRFLOW_CTX_TASK_ID='log_info' AIRFLOW_CTX_EXECUTION_DATE='2026-02-01T10:00:00+00:00' AIRFLOW_CTX_TRY_NUMBER='7' AIRFLOW_CTX_DAG_RUN_ID='scheduled__2026-02-01T10:00:00+00:00'
[2026-02-02T16:46:58.197+0000] {taskinstance.py:732} INFO - ::endgroup::
[2026-02-02T16:46:58.268+0000] {logging_mixin.py:190} INFO -                    id  room_id/id           noted_date  temp out/in
52556  36405_139a524d  Room Admin  2018-09-30 00:00:00    51    Out
52562  36382_f6ec793e  Room Admin  2018-09-30 00:00:00    51    Out
52690  35883_fd412553  Room Admin  2018-09-30 00:00:00    50    Out
53055  34878_739e9bd2  Room Admin  2018-09-29 00:00:00    50    Out
52743  35689_d0cc0553  Room Admin  2018-09-30 00:00:00    50    Out
[2026-02-02T16:46:58.269+0000] {parse_iot.py:107} INFO - ==========================================
          5 САМЫХ ЖАРКИХ ДНЕЙ
==========================================
Дата            Температура
------------------------------------------
==========================================
[2026-02-02T16:46:58.271+0000] {python.py:240} INFO - Done. Returned value was: None
[2026-02-02T16:46:58.277+0000] {taskinstance.py:341} INFO - ::group::Post task execution logs
[2026-02-02T16:46:58.278+0000] {taskinstance.py:353} INFO - Marking task as SUCCESS. dag_id=parse_iot, task_id=log_info, run_id=scheduled__2026-02-01T10:00:00+00:00, execution_date=20260201T100000, start_date=20260202T164658, end_date=20260202T164658
[2026-02-02T16:46:58.329+0000] {local_task_job_runner.py:266} INFO - Task exited with return code 0
[2026-02-02T16:46:58.340+0000] {taskinstance.py:3901} INFO - 0 downstream tasks scheduled from follow-on schedule check
[2026-02-02T16:46:58.341+0000] {local_task_job_runner.py:245} INFO - ::endgroup::
