[2026-02-02T16:39:47.597+0000] {local_task_job_runner.py:123} INFO - ::group::Pre task execution logs
[2026-02-02T16:39:47.613+0000] {taskinstance.py:2614} INFO - Dependencies all met for dep_context=non-requeueable deps ti=<TaskInstance: parse_iot.log_info scheduled__2026-02-01T10:00:00+00:00 [queued]>
[2026-02-02T16:39:47.620+0000] {taskinstance.py:2614} INFO - Dependencies all met for dep_context=requeueable deps ti=<TaskInstance: parse_iot.log_info scheduled__2026-02-01T10:00:00+00:00 [queued]>
[2026-02-02T16:39:47.620+0000] {taskinstance.py:2867} INFO - Starting attempt 2 of 5
[2026-02-02T16:39:47.626+0000] {taskinstance.py:2890} INFO - Executing <Task(PythonOperator): log_info> on 2026-02-01 10:00:00+00:00
[2026-02-02T16:39:47.631+0000] {standard_task_runner.py:72} INFO - Started process 736 to run task
[2026-02-02T16:39:47.633+0000] {standard_task_runner.py:104} INFO - Running: ['***', 'tasks', 'run', 'parse_iot', 'log_info', 'scheduled__2026-02-01T10:00:00+00:00', '--job-id', '211', '--raw', '--subdir', 'DAGS_FOLDER/parse_iot.py', '--cfg-path', '/tmp/tmp4yhrqqj1']
[2026-02-02T16:39:47.634+0000] {standard_task_runner.py:105} INFO - Job 211: Subtask log_info
[2026-02-02T16:39:47.643+0000] {warnings.py:109} WARNING - /home/***/.local/lib/python3.9/site-packages/***/settings.py:209: DeprecationWarning: The sql_alchemy_conn option in [core] has been moved to the sql_alchemy_conn option in [database] - the old setting has been used, but please update your config.
  SQL_ALCHEMY_CONN = conf.get("database", "SQL_ALCHEMY_CONN")

[2026-02-02T16:39:47.664+0000] {task_command.py:467} INFO - Running <TaskInstance: parse_iot.log_info scheduled__2026-02-01T10:00:00+00:00 [running]> on host 62d0328142ca
[2026-02-02T16:39:47.665+0000] {warnings.py:109} WARNING - /home/***/.local/lib/python3.9/site-packages/***/settings.py:470: DeprecationWarning: The sql_alchemy_conn option in [core] has been moved to the sql_alchemy_conn option in [database] - the old setting has been used, but please update your config.
  if conf.get("database", "sql_alchemy_conn") == "none://":

[2026-02-02T16:39:47.713+0000] {taskinstance.py:3134} INFO - Exporting env vars: AIRFLOW_CTX_DAG_OWNER='a.sorokin' AIRFLOW_CTX_DAG_ID='parse_iot' AIRFLOW_CTX_TASK_ID='log_info' AIRFLOW_CTX_EXECUTION_DATE='2026-02-01T10:00:00+00:00' AIRFLOW_CTX_TRY_NUMBER='2' AIRFLOW_CTX_DAG_RUN_ID='scheduled__2026-02-01T10:00:00+00:00'
[2026-02-02T16:39:47.714+0000] {taskinstance.py:732} INFO - ::endgroup::
[2026-02-02T16:39:47.721+0000] {parse_iot.py:91} INFO - ==========================================
[2026-02-02T16:39:47.721+0000] {parse_iot.py:92} INFO - 5 САМЫХ ЖАРКИХ ДНЕЙ
[2026-02-02T16:39:47.789+0000] {logging_mixin.py:190} INFO -                    id  room_id/id           noted_date  temp out/in
5759  177074_72ce2c39  Room Admin  2018-12-03 00:00:00    21     In
5758  177075_1afebd80  Room Admin  2018-12-03 00:00:00    21     In
5751  177085_72929c6f  Room Admin  2018-12-03 00:00:00    22     In
5750  177086_0a61c668  Room Admin  2018-12-03 00:00:00    22     In
5757  177077_7002033c  Room Admin  2018-12-03 00:00:00    22     In
[2026-02-02T16:39:47.791+0000] {python.py:240} INFO - Done. Returned value was: None
[2026-02-02T16:39:47.798+0000] {taskinstance.py:341} INFO - ::group::Post task execution logs
[2026-02-02T16:39:47.798+0000] {taskinstance.py:353} INFO - Marking task as SUCCESS. dag_id=parse_iot, task_id=log_info, run_id=scheduled__2026-02-01T10:00:00+00:00, execution_date=20260201T100000, start_date=20260202T163947, end_date=20260202T163947
[2026-02-02T16:39:47.845+0000] {local_task_job_runner.py:266} INFO - Task exited with return code 0
[2026-02-02T16:39:47.855+0000] {taskinstance.py:3901} INFO - 0 downstream tasks scheduled from follow-on schedule check
[2026-02-02T16:39:47.856+0000] {local_task_job_runner.py:245} INFO - ::endgroup::
