[2026-02-02T16:39:09.300+0000] {local_task_job_runner.py:123} INFO - ::group::Pre task execution logs
[2026-02-02T16:39:09.321+0000] {taskinstance.py:2614} INFO - Dependencies all met for dep_context=non-requeueable deps ti=<TaskInstance: parse_iot.log_info scheduled__2026-02-01T10:00:00+00:00 [queued]>
[2026-02-02T16:39:09.330+0000] {taskinstance.py:2614} INFO - Dependencies all met for dep_context=requeueable deps ti=<TaskInstance: parse_iot.log_info scheduled__2026-02-01T10:00:00+00:00 [queued]>
[2026-02-02T16:39:09.330+0000] {taskinstance.py:2867} INFO - Starting attempt 1 of 4
[2026-02-02T16:39:09.336+0000] {taskinstance.py:2890} INFO - Executing <Task(PythonOperator): log_info> on 2026-02-01 10:00:00+00:00
[2026-02-02T16:39:09.343+0000] {standard_task_runner.py:72} INFO - Started process 712 to run task
[2026-02-02T16:39:09.345+0000] {standard_task_runner.py:104} INFO - Running: ['***', 'tasks', 'run', 'parse_iot', 'log_info', 'scheduled__2026-02-01T10:00:00+00:00', '--job-id', '205', '--raw', '--subdir', 'DAGS_FOLDER/parse_iot.py', '--cfg-path', '/tmp/tmpwqmv6juq']
[2026-02-02T16:39:09.347+0000] {standard_task_runner.py:105} INFO - Job 205: Subtask log_info
[2026-02-02T16:39:09.355+0000] {warnings.py:109} WARNING - /home/***/.local/lib/python3.9/site-packages/***/settings.py:209: DeprecationWarning: The sql_alchemy_conn option in [core] has been moved to the sql_alchemy_conn option in [database] - the old setting has been used, but please update your config.
  SQL_ALCHEMY_CONN = conf.get("database", "SQL_ALCHEMY_CONN")

[2026-02-02T16:39:09.376+0000] {task_command.py:467} INFO - Running <TaskInstance: parse_iot.log_info scheduled__2026-02-01T10:00:00+00:00 [running]> on host 62d0328142ca
[2026-02-02T16:39:09.376+0000] {warnings.py:109} WARNING - /home/***/.local/lib/python3.9/site-packages/***/settings.py:470: DeprecationWarning: The sql_alchemy_conn option in [core] has been moved to the sql_alchemy_conn option in [database] - the old setting has been used, but please update your config.
  if conf.get("database", "sql_alchemy_conn") == "none://":

[2026-02-02T16:39:09.422+0000] {taskinstance.py:3134} INFO - Exporting env vars: AIRFLOW_CTX_DAG_OWNER='a.sorokin' AIRFLOW_CTX_DAG_ID='parse_iot' AIRFLOW_CTX_TASK_ID='log_info' AIRFLOW_CTX_EXECUTION_DATE='2026-02-01T10:00:00+00:00' AIRFLOW_CTX_TRY_NUMBER='1' AIRFLOW_CTX_DAG_RUN_ID='scheduled__2026-02-01T10:00:00+00:00'
[2026-02-02T16:39:09.422+0000] {taskinstance.py:732} INFO - ::endgroup::
[2026-02-02T16:39:09.429+0000] {parse_iot.py:91} INFO - ==========================================
[2026-02-02T16:39:09.430+0000] {parse_iot.py:92} INFO - 5 САМЫХ ЖАРКИХ ДНЕЙ
[2026-02-02T16:39:09.431+0000] {taskinstance.py:3313} ERROR - Task failed with exception
Traceback (most recent call last):
  File "/home/airflow/.local/lib/python3.9/site-packages/airflow/models/taskinstance.py", line 768, in _execute_task
    result = _execute_callable(context=context, **execute_callable_kwargs)
  File "/home/airflow/.local/lib/python3.9/site-packages/airflow/models/taskinstance.py", line 734, in _execute_callable
    return ExecutionCallableRunner(
  File "/home/airflow/.local/lib/python3.9/site-packages/airflow/utils/operator_helpers.py", line 252, in run
    return self.func(*args, **kwargs)
  File "/home/airflow/.local/lib/python3.9/site-packages/airflow/models/baseoperator.py", line 424, in wrapper
    return func(self, *args, **kwargs)
  File "/home/airflow/.local/lib/python3.9/site-packages/airflow/operators/python.py", line 238, in execute
    return_value = self.execute_callable()
  File "/home/airflow/.local/lib/python3.9/site-packages/airflow/operators/python.py", line 256, in execute_callable
    return runner.run(*self.op_args, **self.op_kwargs)
  File "/home/airflow/.local/lib/python3.9/site-packages/airflow/utils/operator_helpers.py", line 252, in run
    return self.func(*args, **kwargs)
  File "/opt/airflow/dags/parse_iot.py", line 93, in log_info
    df = pd.read_csv('/opt/airflow/dataIOT-temp_clean.csv')
  File "/home/airflow/.local/lib/python3.9/site-packages/pandas/io/parsers/readers.py", line 948, in read_csv
    return _read(filepath_or_buffer, kwds)
  File "/home/airflow/.local/lib/python3.9/site-packages/pandas/io/parsers/readers.py", line 611, in _read
    parser = TextFileReader(filepath_or_buffer, **kwds)
  File "/home/airflow/.local/lib/python3.9/site-packages/pandas/io/parsers/readers.py", line 1448, in __init__
    self._engine = self._make_engine(f, self.engine)
  File "/home/airflow/.local/lib/python3.9/site-packages/pandas/io/parsers/readers.py", line 1705, in _make_engine
    self.handles = get_handle(
  File "/home/airflow/.local/lib/python3.9/site-packages/pandas/io/common.py", line 863, in get_handle
    handle = open(
FileNotFoundError: [Errno 2] No such file or directory: '/opt/airflow/dataIOT-temp_clean.csv'
[2026-02-02T16:39:09.440+0000] {taskinstance.py:1226} INFO - Marking task as UP_FOR_RETRY. dag_id=parse_iot, task_id=log_info, run_id=scheduled__2026-02-01T10:00:00+00:00, execution_date=20260201T100000, start_date=20260202T163909, end_date=20260202T163909
[2026-02-02T16:39:09.457+0000] {taskinstance.py:341} INFO - ::group::Post task execution logs
[2026-02-02T16:39:09.458+0000] {standard_task_runner.py:124} ERROR - Failed to execute job 205 for task log_info ([Errno 2] No such file or directory: '/opt/airflow/dataIOT-temp_clean.csv'; 712)
Traceback (most recent call last):
  File "/home/airflow/.local/lib/python3.9/site-packages/airflow/task/task_runner/standard_task_runner.py", line 117, in _start_by_fork
    ret = args.func(args, dag=self.dag)
  File "/home/airflow/.local/lib/python3.9/site-packages/airflow/cli/cli_config.py", line 49, in command
    return func(*args, **kwargs)
  File "/home/airflow/.local/lib/python3.9/site-packages/airflow/utils/cli.py", line 116, in wrapper
    return f(*args, **kwargs)
  File "/home/airflow/.local/lib/python3.9/site-packages/airflow/cli/commands/task_command.py", line 483, in task_run
    task_return_code = _run_task_by_selected_method(args, _dag, ti)
  File "/home/airflow/.local/lib/python3.9/site-packages/airflow/cli/commands/task_command.py", line 256, in _run_task_by_selected_method
    return _run_raw_task(args, ti)
  File "/home/airflow/.local/lib/python3.9/site-packages/airflow/cli/commands/task_command.py", line 341, in _run_raw_task
    return ti._run_raw_task(
  File "/home/airflow/.local/lib/python3.9/site-packages/airflow/utils/session.py", line 97, in wrapper
    return func(*args, session=session, **kwargs)
  File "/home/airflow/.local/lib/python3.9/site-packages/airflow/models/taskinstance.py", line 3006, in _run_raw_task
    return _run_raw_task(
  File "/home/airflow/.local/lib/python3.9/site-packages/airflow/models/taskinstance.py", line 274, in _run_raw_task
    TaskInstance._execute_task_with_callbacks(
  File "/home/airflow/.local/lib/python3.9/site-packages/airflow/models/taskinstance.py", line 3161, in _execute_task_with_callbacks
    result = self._execute_task(context, task_orig)
  File "/home/airflow/.local/lib/python3.9/site-packages/airflow/models/taskinstance.py", line 3185, in _execute_task
    return _execute_task(self, context, task_orig)
  File "/home/airflow/.local/lib/python3.9/site-packages/airflow/models/taskinstance.py", line 768, in _execute_task
    result = _execute_callable(context=context, **execute_callable_kwargs)
  File "/home/airflow/.local/lib/python3.9/site-packages/airflow/models/taskinstance.py", line 734, in _execute_callable
    return ExecutionCallableRunner(
  File "/home/airflow/.local/lib/python3.9/site-packages/airflow/utils/operator_helpers.py", line 252, in run
    return self.func(*args, **kwargs)
  File "/home/airflow/.local/lib/python3.9/site-packages/airflow/models/baseoperator.py", line 424, in wrapper
    return func(self, *args, **kwargs)
  File "/home/airflow/.local/lib/python3.9/site-packages/airflow/operators/python.py", line 238, in execute
    return_value = self.execute_callable()
  File "/home/airflow/.local/lib/python3.9/site-packages/airflow/operators/python.py", line 256, in execute_callable
    return runner.run(*self.op_args, **self.op_kwargs)
  File "/home/airflow/.local/lib/python3.9/site-packages/airflow/utils/operator_helpers.py", line 252, in run
    return self.func(*args, **kwargs)
  File "/opt/airflow/dags/parse_iot.py", line 93, in log_info
    df = pd.read_csv('/opt/airflow/dataIOT-temp_clean.csv')
  File "/home/airflow/.local/lib/python3.9/site-packages/pandas/io/parsers/readers.py", line 948, in read_csv
    return _read(filepath_or_buffer, kwds)
  File "/home/airflow/.local/lib/python3.9/site-packages/pandas/io/parsers/readers.py", line 611, in _read
    parser = TextFileReader(filepath_or_buffer, **kwds)
  File "/home/airflow/.local/lib/python3.9/site-packages/pandas/io/parsers/readers.py", line 1448, in __init__
    self._engine = self._make_engine(f, self.engine)
  File "/home/airflow/.local/lib/python3.9/site-packages/pandas/io/parsers/readers.py", line 1705, in _make_engine
    self.handles = get_handle(
  File "/home/airflow/.local/lib/python3.9/site-packages/pandas/io/common.py", line 863, in get_handle
    handle = open(
FileNotFoundError: [Errno 2] No such file or directory: '/opt/airflow/dataIOT-temp_clean.csv'
[2026-02-02T16:39:09.477+0000] {local_task_job_runner.py:266} INFO - Task exited with return code 1
[2026-02-02T16:39:09.493+0000] {taskinstance.py:3901} INFO - 0 downstream tasks scheduled from follow-on schedule check
[2026-02-02T16:39:09.494+0000] {local_task_job_runner.py:245} INFO - ::endgroup::
[2026-02-14T16:34:29.108+0000] {local_task_job_runner.py:123} INFO - ::group::Pre task execution logs
[2026-02-14T16:34:29.127+0000] {taskinstance.py:2614} INFO - Dependencies all met for dep_context=non-requeueable deps ti=<TaskInstance: parse_iot.log_info scheduled__2026-02-01T10:00:00+00:00 [queued]>
[2026-02-14T16:34:29.134+0000] {taskinstance.py:2614} INFO - Dependencies all met for dep_context=requeueable deps ti=<TaskInstance: parse_iot.log_info scheduled__2026-02-01T10:00:00+00:00 [queued]>
[2026-02-14T16:34:29.135+0000] {taskinstance.py:2867} INFO - Starting attempt 1 of 4
[2026-02-14T16:34:29.141+0000] {taskinstance.py:2890} INFO - Executing <Task(PythonOperator): log_info> on 2026-02-01 10:00:00+00:00
[2026-02-14T16:34:29.146+0000] {standard_task_runner.py:72} INFO - Started process 623 to run task
[2026-02-14T16:34:29.148+0000] {standard_task_runner.py:104} INFO - Running: ['***', 'tasks', 'run', 'parse_iot', 'log_info', 'scheduled__2026-02-01T10:00:00+00:00', '--job-id', '139', '--raw', '--subdir', 'DAGS_FOLDER/parse_iot.py', '--cfg-path', '/tmp/tmp51xxjwmk']
[2026-02-14T16:34:29.150+0000] {standard_task_runner.py:105} INFO - Job 139: Subtask log_info
[2026-02-14T16:34:29.158+0000] {warnings.py:109} WARNING - /home/***/.local/lib/python3.9/site-packages/***/settings.py:209: DeprecationWarning: The sql_alchemy_conn option in [core] has been moved to the sql_alchemy_conn option in [database] - the old setting has been used, but please update your config.
  SQL_ALCHEMY_CONN = conf.get("database", "SQL_ALCHEMY_CONN")

[2026-02-14T16:34:29.180+0000] {task_command.py:467} INFO - Running <TaskInstance: parse_iot.log_info scheduled__2026-02-01T10:00:00+00:00 [running]> on host a5c4ed865bb5
[2026-02-14T16:34:29.180+0000] {warnings.py:109} WARNING - /home/***/.local/lib/python3.9/site-packages/***/settings.py:470: DeprecationWarning: The sql_alchemy_conn option in [core] has been moved to the sql_alchemy_conn option in [database] - the old setting has been used, but please update your config.
  if conf.get("database", "sql_alchemy_conn") == "none://":

[2026-02-14T16:34:29.228+0000] {taskinstance.py:3134} INFO - Exporting env vars: AIRFLOW_CTX_DAG_OWNER='a.sorokin' AIRFLOW_CTX_DAG_ID='parse_iot' AIRFLOW_CTX_TASK_ID='log_info' AIRFLOW_CTX_EXECUTION_DATE='2026-02-01T10:00:00+00:00' AIRFLOW_CTX_TRY_NUMBER='1' AIRFLOW_CTX_DAG_RUN_ID='scheduled__2026-02-01T10:00:00+00:00'
[2026-02-14T16:34:29.229+0000] {taskinstance.py:732} INFO - ::endgroup::
[2026-02-14T16:34:29.291+0000] {parse_iot.py:93} INFO - 5 САМЫX ТЕПЛЫX ДНЕЙ
[2026-02-14T16:34:29.300+0000] {logging_mixin.py:190} INFO -                    id  room_id/id           noted_date  temp out/in
52556  36405_139a524d  Room Admin  2018-09-30 00:00:00    51    Out
52562  36382_f6ec793e  Room Admin  2018-09-30 00:00:00    51    Out
52690  35883_fd412553  Room Admin  2018-09-30 00:00:00    50    Out
53055  34878_739e9bd2  Room Admin  2018-09-29 00:00:00    50    Out
52743  35689_d0cc0553  Room Admin  2018-09-30 00:00:00    50    Out
[2026-02-14T16:34:29.301+0000] {parse_iot.py:96} INFO - 5 САМЫX ХОЛОДНЫХ ДНЕЙ
[2026-02-14T16:34:29.308+0000] {logging_mixin.py:190} INFO -                    id  room_id/id           noted_date  temp out/in
5759  177074_72ce2c39  Room Admin  2018-12-03 00:00:00    21     In
5758  177075_1afebd80  Room Admin  2018-12-03 00:00:00    21     In
5751  177085_72929c6f  Room Admin  2018-12-03 00:00:00    22     In
5750  177086_0a61c668  Room Admin  2018-12-03 00:00:00    22     In
5757  177077_7002033c  Room Admin  2018-12-03 00:00:00    22     In
[2026-02-14T16:34:29.310+0000] {python.py:240} INFO - Done. Returned value was: None
[2026-02-14T16:34:29.316+0000] {taskinstance.py:341} INFO - ::group::Post task execution logs
[2026-02-14T16:34:29.316+0000] {taskinstance.py:353} INFO - Marking task as SUCCESS. dag_id=parse_iot, task_id=log_info, run_id=scheduled__2026-02-01T10:00:00+00:00, execution_date=20260201T100000, start_date=20260214T163429, end_date=20260214T163429
[2026-02-14T16:34:29.360+0000] {local_task_job_runner.py:266} INFO - Task exited with return code 0
[2026-02-14T16:34:29.370+0000] {taskinstance.py:3901} INFO - 0 downstream tasks scheduled from follow-on schedule check
[2026-02-14T16:34:29.371+0000] {local_task_job_runner.py:245} INFO - ::endgroup::
[2026-02-14T17:52:12.975+0000] {local_task_job_runner.py:123} INFO - ::group::Pre task execution logs
[2026-02-14T17:52:12.993+0000] {taskinstance.py:2614} INFO - Dependencies all met for dep_context=non-requeueable deps ti=<TaskInstance: parse_iot.log_info scheduled__2026-02-01T10:00:00+00:00 [queued]>
[2026-02-14T17:52:13.000+0000] {taskinstance.py:2614} INFO - Dependencies all met for dep_context=requeueable deps ti=<TaskInstance: parse_iot.log_info scheduled__2026-02-01T10:00:00+00:00 [queued]>
[2026-02-14T17:52:13.000+0000] {taskinstance.py:2867} INFO - Starting attempt 1 of 4
[2026-02-14T17:52:13.007+0000] {taskinstance.py:2890} INFO - Executing <Task(PythonOperator): log_info> on 2026-02-01 10:00:00+00:00
[2026-02-14T17:52:13.012+0000] {standard_task_runner.py:72} INFO - Started process 699 to run task
[2026-02-14T17:52:13.014+0000] {standard_task_runner.py:104} INFO - Running: ['***', 'tasks', 'run', 'parse_iot', 'log_info', 'scheduled__2026-02-01T10:00:00+00:00', '--job-id', '158', '--raw', '--subdir', 'DAGS_FOLDER/parse_iot.py', '--cfg-path', '/tmp/tmp_y6sl272']
[2026-02-14T17:52:13.016+0000] {standard_task_runner.py:105} INFO - Job 158: Subtask log_info
[2026-02-14T17:52:13.024+0000] {warnings.py:109} WARNING - /home/***/.local/lib/python3.9/site-packages/***/settings.py:209: DeprecationWarning: The sql_alchemy_conn option in [core] has been moved to the sql_alchemy_conn option in [database] - the old setting has been used, but please update your config.
  SQL_ALCHEMY_CONN = conf.get("database", "SQL_ALCHEMY_CONN")

[2026-02-14T17:52:13.046+0000] {task_command.py:467} INFO - Running <TaskInstance: parse_iot.log_info scheduled__2026-02-01T10:00:00+00:00 [running]> on host 9052c134cdec
[2026-02-14T17:52:13.046+0000] {warnings.py:109} WARNING - /home/***/.local/lib/python3.9/site-packages/***/settings.py:470: DeprecationWarning: The sql_alchemy_conn option in [core] has been moved to the sql_alchemy_conn option in [database] - the old setting has been used, but please update your config.
  if conf.get("database", "sql_alchemy_conn") == "none://":

[2026-02-14T17:52:13.095+0000] {taskinstance.py:3134} INFO - Exporting env vars: AIRFLOW_CTX_DAG_OWNER='a.sorokin' AIRFLOW_CTX_DAG_ID='parse_iot' AIRFLOW_CTX_TASK_ID='log_info' AIRFLOW_CTX_EXECUTION_DATE='2026-02-01T10:00:00+00:00' AIRFLOW_CTX_TRY_NUMBER='1' AIRFLOW_CTX_DAG_RUN_ID='scheduled__2026-02-01T10:00:00+00:00'
[2026-02-14T17:52:13.095+0000] {taskinstance.py:732} INFO - ::endgroup::
[2026-02-14T17:52:13.157+0000] {parse_iot.py:93} INFO - 5 САМЫX ТЕПЛЫX ДНЕЙ
[2026-02-14T17:52:13.166+0000] {logging_mixin.py:190} INFO -                    id  room_id/id           noted_date  temp out/in
52556  36405_139a524d  Room Admin  2018-09-30 00:00:00    51    Out
52562  36382_f6ec793e  Room Admin  2018-09-30 00:00:00    51    Out
52690  35883_fd412553  Room Admin  2018-09-30 00:00:00    50    Out
53055  34878_739e9bd2  Room Admin  2018-09-29 00:00:00    50    Out
52743  35689_d0cc0553  Room Admin  2018-09-30 00:00:00    50    Out
[2026-02-14T17:52:13.167+0000] {parse_iot.py:96} INFO - 5 САМЫX ХОЛОДНЫХ ДНЕЙ
[2026-02-14T17:52:13.173+0000] {logging_mixin.py:190} INFO -                    id  room_id/id           noted_date  temp out/in
5759  177074_72ce2c39  Room Admin  2018-12-03 00:00:00    21     In
5758  177075_1afebd80  Room Admin  2018-12-03 00:00:00    21     In
5751  177085_72929c6f  Room Admin  2018-12-03 00:00:00    22     In
5750  177086_0a61c668  Room Admin  2018-12-03 00:00:00    22     In
5757  177077_7002033c  Room Admin  2018-12-03 00:00:00    22     In
[2026-02-14T17:52:13.176+0000] {python.py:240} INFO - Done. Returned value was: None
[2026-02-14T17:52:13.183+0000] {taskinstance.py:341} INFO - ::group::Post task execution logs
[2026-02-14T17:52:13.183+0000] {taskinstance.py:353} INFO - Marking task as SUCCESS. dag_id=parse_iot, task_id=log_info, run_id=scheduled__2026-02-01T10:00:00+00:00, execution_date=20260201T100000, start_date=20260214T175212, end_date=20260214T175213
[2026-02-14T17:52:13.226+0000] {local_task_job_runner.py:266} INFO - Task exited with return code 0
[2026-02-14T17:52:13.237+0000] {taskinstance.py:3901} INFO - 0 downstream tasks scheduled from follow-on schedule check
[2026-02-14T17:52:13.238+0000] {local_task_job_runner.py:245} INFO - ::endgroup::
[2026-02-14T18:16:46.629+0000] {local_task_job_runner.py:123} INFO - ::group::Pre task execution logs
[2026-02-14T18:16:46.646+0000] {taskinstance.py:2614} INFO - Dependencies all met for dep_context=non-requeueable deps ti=<TaskInstance: parse_iot.log_info scheduled__2026-02-01T10:00:00+00:00 [queued]>
[2026-02-14T18:16:46.653+0000] {taskinstance.py:2614} INFO - Dependencies all met for dep_context=requeueable deps ti=<TaskInstance: parse_iot.log_info scheduled__2026-02-01T10:00:00+00:00 [queued]>
[2026-02-14T18:16:46.653+0000] {taskinstance.py:2867} INFO - Starting attempt 1 of 4
[2026-02-14T18:16:46.660+0000] {taskinstance.py:2890} INFO - Executing <Task(PythonOperator): log_info> on 2026-02-01 10:00:00+00:00
[2026-02-14T18:16:46.665+0000] {standard_task_runner.py:72} INFO - Started process 507 to run task
[2026-02-14T18:16:46.667+0000] {standard_task_runner.py:104} INFO - Running: ['***', 'tasks', 'run', 'parse_iot', 'log_info', 'scheduled__2026-02-01T10:00:00+00:00', '--job-id', '110', '--raw', '--subdir', 'DAGS_FOLDER/parse_iot.py', '--cfg-path', '/tmp/tmpwalzsssa']
[2026-02-14T18:16:46.668+0000] {standard_task_runner.py:105} INFO - Job 110: Subtask log_info
[2026-02-14T18:16:46.677+0000] {warnings.py:109} WARNING - /home/***/.local/lib/python3.9/site-packages/***/settings.py:209: DeprecationWarning: The sql_alchemy_conn option in [core] has been moved to the sql_alchemy_conn option in [database] - the old setting has been used, but please update your config.
  SQL_ALCHEMY_CONN = conf.get("database", "SQL_ALCHEMY_CONN")

[2026-02-14T18:16:46.698+0000] {task_command.py:467} INFO - Running <TaskInstance: parse_iot.log_info scheduled__2026-02-01T10:00:00+00:00 [running]> on host bb762b62a2c2
[2026-02-14T18:16:46.698+0000] {warnings.py:109} WARNING - /home/***/.local/lib/python3.9/site-packages/***/settings.py:470: DeprecationWarning: The sql_alchemy_conn option in [core] has been moved to the sql_alchemy_conn option in [database] - the old setting has been used, but please update your config.
  if conf.get("database", "sql_alchemy_conn") == "none://":

[2026-02-14T18:16:46.752+0000] {taskinstance.py:3134} INFO - Exporting env vars: AIRFLOW_CTX_DAG_OWNER='a.sorokin' AIRFLOW_CTX_DAG_ID='parse_iot' AIRFLOW_CTX_TASK_ID='log_info' AIRFLOW_CTX_EXECUTION_DATE='2026-02-01T10:00:00+00:00' AIRFLOW_CTX_TRY_NUMBER='1' AIRFLOW_CTX_DAG_RUN_ID='scheduled__2026-02-01T10:00:00+00:00'
[2026-02-14T18:16:46.753+0000] {taskinstance.py:732} INFO - ::endgroup::
[2026-02-14T18:16:46.816+0000] {parse_iot.py:93} INFO - 5 САМЫX ТЕПЛЫX ДНЕЙ
[2026-02-14T18:16:46.826+0000] {logging_mixin.py:190} INFO -                    id  room_id/id           noted_date  temp out/in
52556  36405_139a524d  Room Admin  2018-09-30 00:00:00    51    Out
52562  36382_f6ec793e  Room Admin  2018-09-30 00:00:00    51    Out
52690  35883_fd412553  Room Admin  2018-09-30 00:00:00    50    Out
53055  34878_739e9bd2  Room Admin  2018-09-29 00:00:00    50    Out
52743  35689_d0cc0553  Room Admin  2018-09-30 00:00:00    50    Out
[2026-02-14T18:16:46.827+0000] {parse_iot.py:96} INFO - 5 САМЫX ХОЛОДНЫХ ДНЕЙ
[2026-02-14T18:16:46.833+0000] {logging_mixin.py:190} INFO -                    id  room_id/id           noted_date  temp out/in
5759  177074_72ce2c39  Room Admin  2018-12-03 00:00:00    21     In
5758  177075_1afebd80  Room Admin  2018-12-03 00:00:00    21     In
5751  177085_72929c6f  Room Admin  2018-12-03 00:00:00    22     In
5750  177086_0a61c668  Room Admin  2018-12-03 00:00:00    22     In
5757  177077_7002033c  Room Admin  2018-12-03 00:00:00    22     In
[2026-02-14T18:16:46.836+0000] {python.py:240} INFO - Done. Returned value was: None
[2026-02-14T18:16:46.843+0000] {taskinstance.py:341} INFO - ::group::Post task execution logs
[2026-02-14T18:16:46.843+0000] {taskinstance.py:353} INFO - Marking task as SUCCESS. dag_id=parse_iot, task_id=log_info, run_id=scheduled__2026-02-01T10:00:00+00:00, execution_date=20260201T100000, start_date=20260214T181646, end_date=20260214T181646
[2026-02-14T18:16:46.879+0000] {local_task_job_runner.py:266} INFO - Task exited with return code 0
[2026-02-14T18:16:46.889+0000] {taskinstance.py:3901} INFO - 0 downstream tasks scheduled from follow-on schedule check
[2026-02-14T18:16:46.890+0000] {local_task_job_runner.py:245} INFO - ::endgroup::
[2026-02-16T14:49:18.738+0000] {local_task_job_runner.py:123} INFO - ::group::Pre task execution logs
[2026-02-16T14:49:18.753+0000] {taskinstance.py:2614} INFO - Dependencies all met for dep_context=non-requeueable deps ti=<TaskInstance: parse_iot.log_info scheduled__2026-02-01T10:00:00+00:00 [queued]>
[2026-02-16T14:49:18.759+0000] {taskinstance.py:2614} INFO - Dependencies all met for dep_context=requeueable deps ti=<TaskInstance: parse_iot.log_info scheduled__2026-02-01T10:00:00+00:00 [queued]>
[2026-02-16T14:49:18.759+0000] {taskinstance.py:2867} INFO - Starting attempt 1 of 4
[2026-02-16T14:49:18.766+0000] {taskinstance.py:2890} INFO - Executing <Task(PythonOperator): log_info> on 2026-02-01 10:00:00+00:00
[2026-02-16T14:49:18.771+0000] {standard_task_runner.py:72} INFO - Started process 738 to run task
[2026-02-16T14:49:18.773+0000] {standard_task_runner.py:104} INFO - Running: ['***', 'tasks', 'run', 'parse_iot', 'log_info', 'scheduled__2026-02-01T10:00:00+00:00', '--job-id', '162', '--raw', '--subdir', 'DAGS_FOLDER/parse_iot.py', '--cfg-path', '/tmp/tmpeeoma6cd']
[2026-02-16T14:49:18.774+0000] {standard_task_runner.py:105} INFO - Job 162: Subtask log_info
[2026-02-16T14:49:18.782+0000] {warnings.py:109} WARNING - /home/***/.local/lib/python3.9/site-packages/***/settings.py:209: DeprecationWarning: The sql_alchemy_conn option in [core] has been moved to the sql_alchemy_conn option in [database] - the old setting has been used, but please update your config.
  SQL_ALCHEMY_CONN = conf.get("database", "SQL_ALCHEMY_CONN")

[2026-02-16T14:49:18.802+0000] {task_command.py:467} INFO - Running <TaskInstance: parse_iot.log_info scheduled__2026-02-01T10:00:00+00:00 [running]> on host cd96c4fa192f
[2026-02-16T14:49:18.802+0000] {warnings.py:109} WARNING - /home/***/.local/lib/python3.9/site-packages/***/settings.py:470: DeprecationWarning: The sql_alchemy_conn option in [core] has been moved to the sql_alchemy_conn option in [database] - the old setting has been used, but please update your config.
  if conf.get("database", "sql_alchemy_conn") == "none://":

[2026-02-16T14:49:18.847+0000] {taskinstance.py:3134} INFO - Exporting env vars: AIRFLOW_CTX_DAG_OWNER='a.sorokin' AIRFLOW_CTX_DAG_ID='parse_iot' AIRFLOW_CTX_TASK_ID='log_info' AIRFLOW_CTX_EXECUTION_DATE='2026-02-01T10:00:00+00:00' AIRFLOW_CTX_TRY_NUMBER='1' AIRFLOW_CTX_DAG_RUN_ID='scheduled__2026-02-01T10:00:00+00:00'
[2026-02-16T14:49:18.847+0000] {taskinstance.py:732} INFO - ::endgroup::
[2026-02-16T14:49:18.904+0000] {parse_iot.py:93} INFO - 5 САМЫX ТЕПЛЫX ДНЕЙ
[2026-02-16T14:49:18.913+0000] {logging_mixin.py:190} INFO -                    id  room_id/id           noted_date  temp out/in
52556  36405_139a524d  Room Admin  2018-09-30 00:00:00    51    Out
52562  36382_f6ec793e  Room Admin  2018-09-30 00:00:00    51    Out
52690  35883_fd412553  Room Admin  2018-09-30 00:00:00    50    Out
53055  34878_739e9bd2  Room Admin  2018-09-29 00:00:00    50    Out
52743  35689_d0cc0553  Room Admin  2018-09-30 00:00:00    50    Out
[2026-02-16T14:49:18.914+0000] {parse_iot.py:96} INFO - 5 САМЫX ХОЛОДНЫХ ДНЕЙ
[2026-02-16T14:49:18.921+0000] {logging_mixin.py:190} INFO -                    id  room_id/id           noted_date  temp out/in
5759  177074_72ce2c39  Room Admin  2018-12-03 00:00:00    21     In
5758  177075_1afebd80  Room Admin  2018-12-03 00:00:00    21     In
5751  177085_72929c6f  Room Admin  2018-12-03 00:00:00    22     In
5750  177086_0a61c668  Room Admin  2018-12-03 00:00:00    22     In
5757  177077_7002033c  Room Admin  2018-12-03 00:00:00    22     In
[2026-02-16T14:49:18.923+0000] {python.py:240} INFO - Done. Returned value was: None
[2026-02-16T14:49:18.929+0000] {taskinstance.py:341} INFO - ::group::Post task execution logs
[2026-02-16T14:49:18.930+0000] {taskinstance.py:353} INFO - Marking task as SUCCESS. dag_id=parse_iot, task_id=log_info, run_id=scheduled__2026-02-01T10:00:00+00:00, execution_date=20260201T100000, start_date=20260216T144918, end_date=20260216T144918
[2026-02-16T14:49:18.985+0000] {local_task_job_runner.py:266} INFO - Task exited with return code 0
[2026-02-16T14:49:18.995+0000] {taskinstance.py:3901} INFO - 0 downstream tasks scheduled from follow-on schedule check
[2026-02-16T14:49:18.996+0000] {local_task_job_runner.py:245} INFO - ::endgroup::
[2026-02-16T15:19:30.725+0000] {local_task_job_runner.py:123} INFO - ::group::Pre task execution logs
[2026-02-16T15:19:30.744+0000] {taskinstance.py:2614} INFO - Dependencies all met for dep_context=non-requeueable deps ti=<TaskInstance: parse_iot.log_info scheduled__2026-02-01T10:00:00+00:00 [queued]>
[2026-02-16T15:19:30.751+0000] {taskinstance.py:2614} INFO - Dependencies all met for dep_context=requeueable deps ti=<TaskInstance: parse_iot.log_info scheduled__2026-02-01T10:00:00+00:00 [queued]>
[2026-02-16T15:19:30.752+0000] {taskinstance.py:2867} INFO - Starting attempt 1 of 4
[2026-02-16T15:19:30.759+0000] {taskinstance.py:2890} INFO - Executing <Task(PythonOperator): log_info> on 2026-02-01 10:00:00+00:00
[2026-02-16T15:19:30.764+0000] {standard_task_runner.py:72} INFO - Started process 735 to run task
[2026-02-16T15:19:30.766+0000] {standard_task_runner.py:104} INFO - Running: ['***', 'tasks', 'run', 'parse_iot', 'log_info', 'scheduled__2026-02-01T10:00:00+00:00', '--job-id', '167', '--raw', '--subdir', 'DAGS_FOLDER/parse_iot.py', '--cfg-path', '/tmp/tmpfebejh3w']
[2026-02-16T15:19:30.768+0000] {standard_task_runner.py:105} INFO - Job 167: Subtask log_info
[2026-02-16T15:19:30.776+0000] {warnings.py:109} WARNING - /home/***/.local/lib/python3.9/site-packages/***/settings.py:209: DeprecationWarning: The sql_alchemy_conn option in [core] has been moved to the sql_alchemy_conn option in [database] - the old setting has been used, but please update your config.
  SQL_ALCHEMY_CONN = conf.get("database", "SQL_ALCHEMY_CONN")

[2026-02-16T15:19:30.798+0000] {task_command.py:467} INFO - Running <TaskInstance: parse_iot.log_info scheduled__2026-02-01T10:00:00+00:00 [running]> on host fbd3e38838e9
[2026-02-16T15:19:30.798+0000] {warnings.py:109} WARNING - /home/***/.local/lib/python3.9/site-packages/***/settings.py:470: DeprecationWarning: The sql_alchemy_conn option in [core] has been moved to the sql_alchemy_conn option in [database] - the old setting has been used, but please update your config.
  if conf.get("database", "sql_alchemy_conn") == "none://":

[2026-02-16T15:19:30.857+0000] {taskinstance.py:3134} INFO - Exporting env vars: AIRFLOW_CTX_DAG_OWNER='a.sorokin' AIRFLOW_CTX_DAG_ID='parse_iot' AIRFLOW_CTX_TASK_ID='log_info' AIRFLOW_CTX_EXECUTION_DATE='2026-02-01T10:00:00+00:00' AIRFLOW_CTX_TRY_NUMBER='1' AIRFLOW_CTX_DAG_RUN_ID='scheduled__2026-02-01T10:00:00+00:00'
[2026-02-16T15:19:30.858+0000] {taskinstance.py:732} INFO - ::endgroup::
[2026-02-16T15:19:30.930+0000] {parse_iot.py:93} INFO - 5 САМЫX ТЕПЛЫX ДНЕЙ
[2026-02-16T15:19:30.940+0000] {logging_mixin.py:190} INFO -                    id  room_id/id           noted_date  temp out/in
52556  36405_139a524d  Room Admin  2018-09-30 00:00:00    51    Out
52562  36382_f6ec793e  Room Admin  2018-09-30 00:00:00    51    Out
52690  35883_fd412553  Room Admin  2018-09-30 00:00:00    50    Out
53055  34878_739e9bd2  Room Admin  2018-09-29 00:00:00    50    Out
52743  35689_d0cc0553  Room Admin  2018-09-30 00:00:00    50    Out
[2026-02-16T15:19:30.941+0000] {parse_iot.py:96} INFO - 5 САМЫX ХОЛОДНЫХ ДНЕЙ
[2026-02-16T15:19:30.949+0000] {logging_mixin.py:190} INFO -                    id  room_id/id           noted_date  temp out/in
5759  177074_72ce2c39  Room Admin  2018-12-03 00:00:00    21     In
5758  177075_1afebd80  Room Admin  2018-12-03 00:00:00    21     In
5751  177085_72929c6f  Room Admin  2018-12-03 00:00:00    22     In
5750  177086_0a61c668  Room Admin  2018-12-03 00:00:00    22     In
5757  177077_7002033c  Room Admin  2018-12-03 00:00:00    22     In
[2026-02-16T15:19:30.952+0000] {python.py:240} INFO - Done. Returned value was: None
[2026-02-16T15:19:30.959+0000] {taskinstance.py:341} INFO - ::group::Post task execution logs
[2026-02-16T15:19:30.959+0000] {taskinstance.py:353} INFO - Marking task as SUCCESS. dag_id=parse_iot, task_id=log_info, run_id=scheduled__2026-02-01T10:00:00+00:00, execution_date=20260201T100000, start_date=20260216T151930, end_date=20260216T151930
[2026-02-16T15:19:31.018+0000] {local_task_job_runner.py:266} INFO - Task exited with return code 0
[2026-02-16T15:19:31.029+0000] {taskinstance.py:3901} INFO - 0 downstream tasks scheduled from follow-on schedule check
[2026-02-16T15:19:31.030+0000] {local_task_job_runner.py:245} INFO - ::endgroup::
[2026-02-16T15:47:05.970+0000] {local_task_job_runner.py:123} INFO - ::group::Pre task execution logs
[2026-02-16T15:47:05.987+0000] {taskinstance.py:2614} INFO - Dependencies all met for dep_context=non-requeueable deps ti=<TaskInstance: parse_iot.log_info scheduled__2026-02-01T10:00:00+00:00 [queued]>
[2026-02-16T15:47:05.994+0000] {taskinstance.py:2614} INFO - Dependencies all met for dep_context=requeueable deps ti=<TaskInstance: parse_iot.log_info scheduled__2026-02-01T10:00:00+00:00 [queued]>
[2026-02-16T15:47:05.994+0000] {taskinstance.py:2867} INFO - Starting attempt 1 of 4
[2026-02-16T15:47:06.002+0000] {taskinstance.py:2890} INFO - Executing <Task(PythonOperator): log_info> on 2026-02-01 10:00:00+00:00
[2026-02-16T15:47:06.007+0000] {standard_task_runner.py:72} INFO - Started process 711 to run task
[2026-02-16T15:47:06.009+0000] {standard_task_runner.py:104} INFO - Running: ['***', 'tasks', 'run', 'parse_iot', 'log_info', 'scheduled__2026-02-01T10:00:00+00:00', '--job-id', '161', '--raw', '--subdir', 'DAGS_FOLDER/parse_iot.py', '--cfg-path', '/tmp/tmpgqhr3w9y']
[2026-02-16T15:47:06.010+0000] {standard_task_runner.py:105} INFO - Job 161: Subtask log_info
[2026-02-16T15:47:06.019+0000] {warnings.py:109} WARNING - /home/***/.local/lib/python3.9/site-packages/***/settings.py:209: DeprecationWarning: The sql_alchemy_conn option in [core] has been moved to the sql_alchemy_conn option in [database] - the old setting has been used, but please update your config.
  SQL_ALCHEMY_CONN = conf.get("database", "SQL_ALCHEMY_CONN")

[2026-02-16T15:47:06.039+0000] {task_command.py:467} INFO - Running <TaskInstance: parse_iot.log_info scheduled__2026-02-01T10:00:00+00:00 [running]> on host 6ef9a94e694d
[2026-02-16T15:47:06.040+0000] {warnings.py:109} WARNING - /home/***/.local/lib/python3.9/site-packages/***/settings.py:470: DeprecationWarning: The sql_alchemy_conn option in [core] has been moved to the sql_alchemy_conn option in [database] - the old setting has been used, but please update your config.
  if conf.get("database", "sql_alchemy_conn") == "none://":

[2026-02-16T15:47:06.084+0000] {taskinstance.py:3134} INFO - Exporting env vars: AIRFLOW_CTX_DAG_OWNER='a.sorokin' AIRFLOW_CTX_DAG_ID='parse_iot' AIRFLOW_CTX_TASK_ID='log_info' AIRFLOW_CTX_EXECUTION_DATE='2026-02-01T10:00:00+00:00' AIRFLOW_CTX_TRY_NUMBER='1' AIRFLOW_CTX_DAG_RUN_ID='scheduled__2026-02-01T10:00:00+00:00'
[2026-02-16T15:47:06.085+0000] {taskinstance.py:732} INFO - ::endgroup::
[2026-02-16T15:47:06.144+0000] {parse_iot.py:93} INFO - 5 САМЫX ТЕПЛЫX ДНЕЙ
[2026-02-16T15:47:06.153+0000] {logging_mixin.py:190} INFO -                    id  room_id/id           noted_date  temp out/in
52556  36405_139a524d  Room Admin  2018-09-30 00:00:00    51    Out
52562  36382_f6ec793e  Room Admin  2018-09-30 00:00:00    51    Out
52690  35883_fd412553  Room Admin  2018-09-30 00:00:00    50    Out
53055  34878_739e9bd2  Room Admin  2018-09-29 00:00:00    50    Out
52743  35689_d0cc0553  Room Admin  2018-09-30 00:00:00    50    Out
[2026-02-16T15:47:06.153+0000] {parse_iot.py:96} INFO - 5 САМЫX ХОЛОДНЫХ ДНЕЙ
[2026-02-16T15:47:06.160+0000] {logging_mixin.py:190} INFO -                    id  room_id/id           noted_date  temp out/in
5759  177074_72ce2c39  Room Admin  2018-12-03 00:00:00    21     In
5758  177075_1afebd80  Room Admin  2018-12-03 00:00:00    21     In
5751  177085_72929c6f  Room Admin  2018-12-03 00:00:00    22     In
5750  177086_0a61c668  Room Admin  2018-12-03 00:00:00    22     In
5757  177077_7002033c  Room Admin  2018-12-03 00:00:00    22     In
[2026-02-16T15:47:06.163+0000] {python.py:240} INFO - Done. Returned value was: None
[2026-02-16T15:47:06.169+0000] {taskinstance.py:341} INFO - ::group::Post task execution logs
[2026-02-16T15:47:06.169+0000] {taskinstance.py:353} INFO - Marking task as SUCCESS. dag_id=parse_iot, task_id=log_info, run_id=scheduled__2026-02-01T10:00:00+00:00, execution_date=20260201T100000, start_date=20260216T154705, end_date=20260216T154706
[2026-02-16T15:47:06.221+0000] {local_task_job_runner.py:266} INFO - Task exited with return code 0
[2026-02-16T15:47:06.230+0000] {taskinstance.py:3901} INFO - 0 downstream tasks scheduled from follow-on schedule check
[2026-02-16T15:47:06.231+0000] {local_task_job_runner.py:245} INFO - ::endgroup::
